1;M3_cued_target;Stopped;3420;-7000;7000;0;0
1;M3_cued_target;Stopped;6653;-7000;7000;0;0
1;M3_cued_target;Stopped;16154;-7000;7000;0;0
1;M3_cued_target;Stopped;40070;-7000;7000;0;0
1;M3_cued_target;Stopped;93070;-4449;-5417;12830;12677
1;M3_cued_target;End;105536;-4449;-5417;12830;12677
2;L1_hidden_target;Begin;105536;7000;7000;0;0
2;L1_hidden_target;Stopped;305461;-3808;-5423;29834;16466
2;L1_hidden_target;End;321895;-3808;-5423;29834;16466
3;M1_cued_target;Begin;321895;7000;6999;0;0
3;M1_cued_target;Stopped;465172;-3693;-5508;20801;16456
3;M1_cued_target;Stopped;465454;-3693;-5508;20801;16456
3;M1_cued_target;End;475907;-3693;-5508;20801;16456
4;L2_hidden_target;Begin;475907;7000;-7000;0;0
4;L2_hidden_target;Stopped;637631;-4963;-5494;25294;12057
4;L2_hidden_target;End;654846;-4963;-5494;25294;12057
5;M2_cued_target;Begin;654846;7000;-7000;0;0
5;M2_cued_target;Stopped;722059;-3680;-6148;10276;10714
5;M2_cued_target;End;731996;-3680;-6148;10276;10714
6;L3_hidden_target;Begin;731996;-7000;7000;0;0
6;L3_hidden_target;Stopped;937634;-3689;-5448;31733;12880
6;L3_hidden_target;End;952999;-3689;-5448;31733;12880
7;M1_cued_target;Begin;952999;7000;7000;0;0
7;M1_cued_target;Stopped;1078993;-3685;-5661;18294;16568
7;M1_cued_target;Stopped;1079210;-3685;-5661;18294;16568
7;M1_cued_target;End;1093010;-3685;-5661;18294;16568
8;L2_hidden_target;Begin;1093010;7000;-7000;0;0
8;L2_hidden_target;Stopped;1314251;-3687;-6319;31464;10708
8;L2_hidden_target;Stopped;1314401;-3687;-6319;31464;10708
8;L2_hidden_target;End;1338939;-3687;-6319;31464;10708
9;M3_cued_target;Begin;1338939;-7000;7000;0;0
9;M3_cued_target;Stopped;1438527;-4624;-5419;14604;12644
9;M3_cued_target;End;1453310;-4624;-5419;14604;12644
10;L1_hidden_target;Begin;1453310;6999;7000;0;0
10;L1_hidden_target;Stopped;1635803;-3688;-5617;31239;16536
10;L1_hidden_target;End;1654907;-3688;-5617;31239;16536
11;M2_cued_target;Begin;1654907;6999;-7000;0;0
11;M2_cued_target;Stopped;1731514;-3682;-6143;10595;10716
11;M2_cued_target;End;1745130;-3682;-6143;10595;10716
12;L3_hidden_target;Begin;1745130;-7000;7000;0;0
12;L3_hidden_target;Stopped;1922590;-3688;-5668;27778;13094
12;L3_hidden_target;End;1940442;-3688;-5668;27778;13094
13;M3_cued_target;Begin;1940442;-7000;7000;0;0
13;M3_cued_target;Stopped;2112381;-4317;-5419;18073;12705
13;M3_cued_target;End;2123382;-4317;-5419;18073;12705
14;L2_hidden_target;Begin;2123382;7000;-7000;0;0
14;L2_hidden_target;Stopped;2211944;-3684;-5857;13975;10744
14;L2_hidden_target;End;2233126;-3684;-5857;13975;10744
15;M1_cued_target;Begin;2233126;7000;7000;0;0
15;M1_cued_target;Stopped;2362920;-3682;-6331;21843;17083
15;M1_cued_target;End;2376573;-3682;-6331;21843;17083
16;L3_hidden_target;Begin;2376573;-7000;7000;0;0
16;L3_hidden_target;Stopped;2528598;-3685;-5644;20569;13071
16;L3_hidden_target;End;2544535;-3685;-5644;20569;13071
16;L3_hidden_target;Begin;2544535;-3685;-5644;20569;13071
