1;M3_cued_target;Stopped;123720;-4386;-5419;16334;12691
1;M3_cued_target;Stopped;123734;-4386;-5419;16334;12691
1;M3_cued_target;Stopped;123747;-4386;-5419;16334;12691
1;M3_cued_target;Stopped;123761;-4386;-5419;16334;12691
1;M3_cued_target;Stopped;123774;-4386;-5419;16334;12691
1;M3_cued_target;Stopped;123787;-4386;-5419;16334;12691
1;M3_cued_target;Stopped;123801;-4386;-5419;16334;12691
1;M3_cued_target;Stopped;123818;-4386;-5419;16334;12691
1;M3_cued_target;Stopped;123831;-4386;-5419;16334;12691
1;M3_cued_target;Stopped;123841;-4386;-5419;16334;12691
1;M3_cued_target;Stopped;123855;-4386;-5419;16334;12691
1;M3_cued_target;Stopped;123867;-4386;-5419;16334;12691
1;M3_cued_target;Stopped;123881;-4386;-5419;16334;12691
1;M3_cued_target;Stopped;123894;-4386;-5419;16334;12691
1;M3_cued_target;Stopped;123907;-4386;-5419;16334;12691
1;M3_cued_target;End;138741;-4386;-5419;16334;12691
2;L1_hidden_target;Begin;138741;7000;6999;0;0
2;L1_hidden_target;Stopped;249661;-3682;-5877;19164;16731
2;L1_hidden_target;Stopped;249674;-3682;-5877;19164;16731
2;L1_hidden_target;Stopped;249688;-3682;-5877;19164;16731
2;L1_hidden_target;Stopped;249701;-3682;-5877;19164;16731
2;L1_hidden_target;Stopped;249714;-3682;-5877;19164;16731
2;L1_hidden_target;Stopped;249728;-3682;-5877;19164;16731
2;L1_hidden_target;Stopped;249741;-3682;-5877;19164;16731
2;L1_hidden_target;Stopped;249754;-3682;-5877;19164;16731
2;L1_hidden_target;Stopped;249768;-3682;-5877;19164;16731
2;L1_hidden_target;Stopped;249781;-3682;-5877;19164;16731
2;L1_hidden_target;Stopped;249794;-3682;-5877;19164;16731
2;L1_hidden_target;Stopped;249808;-3682;-5877;19164;16731
2;L1_hidden_target;Stopped;249821;-3682;-5877;19164;16731
2;L1_hidden_target;End;264682;-3682;-5877;19164;16731
3;M1_cued_target;Begin;264682;7000;6999;0;0
3;M1_cued_target;Stopped;363738;-3981;-5423;18346;16580
3;M1_cued_target;Stopped;363751;-3981;-5423;18346;16580
3;M1_cued_target;Stopped;363764;-3981;-5423;18346;16580
3;M1_cued_target;Stopped;363778;-3981;-5423;18346;16580
3;M1_cued_target;Stopped;363791;-3981;-5423;18346;16580
3;M1_cued_target;Stopped;363804;-3981;-5423;18346;16580
3;M1_cued_target;Stopped;363818;-3981;-5423;18346;16580
3;M1_cued_target;Stopped;363831;-3981;-5423;18346;16580
3;M1_cued_target;Stopped;363844;-3981;-5423;18346;16580
3;M1_cued_target;Stopped;363858;-3981;-5423;18346;16580
3;M1_cued_target;Stopped;363871;-3981;-5423;18346;16580
3;M1_cued_target;Stopped;363884;-3981;-5423;18346;16580
3;M1_cued_target;End;378759;-3981;-5423;18346;16580
4;L2_hidden_target;Begin;378759;7000;-7000;0;0
4;L2_hidden_target;Stopped;434526;-3682;-5806;10997;10748
4;L2_hidden_target;Stopped;434540;-3682;-5806;10997;10748
4;L2_hidden_target;Stopped;434553;-3682;-5806;10997;10748
4;L2_hidden_target;Stopped;434566;-3682;-5806;10997;10748
4;L2_hidden_target;Stopped;434584;-3682;-5806;10997;10748
4;L2_hidden_target;Stopped;434597;-3682;-5806;10997;10748
4;L2_hidden_target;Stopped;434606;-3682;-5806;10997;10748
4;L2_hidden_target;Stopped;434620;-3682;-5806;10997;10748
4;L2_hidden_target;End;449547;-3682;-5806;10997;10748
5;M2_cued_target;Begin;449547;7000;-7000;0;0
5;M2_cued_target;Stopped;504485;-3681;-6269;10313;10706
5;M2_cued_target;Stopped;504525;-3681;-6269;10313;10706
5;M2_cued_target;Stopped;504539;-3681;-6269;10313;10706
5;M2_cued_target;Stopped;504552;-3681;-6269;10313;10706
5;M2_cued_target;Stopped;504565;-3681;-6269;10313;10706
5;M2_cued_target;Stopped;504579;-3681;-6269;10313;10706
5;M2_cued_target;Stopped;504592;-3681;-6269;10313;10706
5;M2_cued_target;Stopped;504605;-3681;-6269;10313;10706
5;M2_cued_target;Stopped;504619;-3681;-6269;10313;10706
5;M2_cued_target;Stopped;504632;-3681;-6269;10313;10706
5;M2_cued_target;Stopped;504645;-3681;-6269;10313;10706
5;M2_cued_target;Stopped;504659;-3681;-6269;10313;10706
5;M2_cued_target;End;519506;-3681;-6269;10313;10706
6;L3_hidden_target;Begin;519506;-7000;6999;0;0
6;L3_hidden_target;Stopped;611352;-4961;-6672;15218;13823
6;L3_hidden_target;Stopped;611369;-4961;-6672;15218;13823
6;L3_hidden_target;Stopped;611383;-4961;-6672;15218;13823
6;L3_hidden_target;Stopped;611393;-4961;-6672;15218;13823
6;L3_hidden_target;Stopped;611407;-4961;-6672;15218;13823
6;L3_hidden_target;Stopped;611420;-4961;-6672;15218;13823
6;L3_hidden_target;Stopped;611433;-4961;-6672;15218;13823
6;L3_hidden_target;Stopped;611447;-4961;-6672;15218;13823
6;L3_hidden_target;Stopped;611460;-4961;-6672;15218;13823
6;L3_hidden_target;Stopped;611474;-4961;-6672;15218;13823
6;L3_hidden_target;Stopped;611487;-4961;-6672;15218;13823
6;L3_hidden_target;End;626374;-4961;-6672;15218;13823
7;M1_cued_target;Begin;626374;7000;7000;0;0
7;M1_cued_target;Stopped;764895;-3687;-5525;26212;16465
7;M1_cued_target;Stopped;764908;-3687;-5525;26212;16465
7;M1_cued_target;Stopped;764922;-3687;-5525;26212;16465
7;M1_cued_target;Stopped;764935;-3687;-5525;26212;16465
7;M1_cued_target;Stopped;764948;-3687;-5525;26212;16465
7;M1_cued_target;Stopped;764962;-3687;-5525;26212;16465
7;M1_cued_target;Stopped;764975;-3687;-5525;26212;16465
7;M1_cued_target;Stopped;764988;-3687;-5525;26212;16465
7;M1_cued_target;Stopped;765001;-3687;-5525;26212;16465
7;M1_cued_target;Stopped;765018;-3687;-5525;26212;16465
7;M1_cued_target;Stopped;765033;-3687;-5525;26212;16465
7;M1_cued_target;Stopped;765045;-3687;-5525;26212;16465
7;M1_cued_target;Stopped;765055;-3687;-5525;26212;16465
7;M1_cued_target;Stopped;765068;-3687;-5525;26212;16465
7;M1_cued_target;Stopped;765081;-3687;-5525;26212;16465
7;M1_cued_target;Stopped;765095;-3687;-5525;26212;16465
7;M1_cued_target;Stopped;765108;-3687;-5525;26212;16465
7;M1_cued_target;End;779916;-3687;-5525;26212;16465
8;L2_hidden_target;Begin;779916;7000;-7000;0;0
8;L2_hidden_target;Stopped;832004;-3682;-5987;10420;10730
8;L2_hidden_target;Stopped;832017;-3682;-5987;10420;10730
8;L2_hidden_target;Stopped;832031;-3682;-5987;10420;10730
8;L2_hidden_target;Stopped;832044;-3682;-5987;10420;10730
8;L2_hidden_target;Stopped;832057;-3682;-5987;10420;10730
8;L2_hidden_target;Stopped;832071;-3682;-5987;10420;10730
8;L2_hidden_target;Stopped;832084;-3682;-5987;10420;10730
8;L2_hidden_target;Stopped;832097;-3682;-5987;10420;10730
8;L2_hidden_target;Stopped;832111;-3682;-5987;10420;10730
8;L2_hidden_target;Stopped;832124;-3682;-5987;10420;10730
8;L2_hidden_target;Stopped;832137;-3682;-5987;10420;10730
8;L2_hidden_target;Stopped;832151;-3682;-5987;10420;10730
8;L2_hidden_target;End;847030;-3682;-5987;10420;10730
9;M3_cued_target;Begin;847030;-7000;7000;0;0
9;M3_cued_target;Stopped;918184;-4502;-5418;12786;12666
9;M3_cued_target;Stopped;918197;-4502;-5418;12786;12666
9;M3_cued_target;Stopped;918211;-4502;-5418;12786;12666
9;M3_cued_target;Stopped;918224;-4502;-5418;12786;12666
9;M3_cued_target;Stopped;918238;-4502;-5418;12786;12666
9;M3_cued_target;Stopped;918251;-4502;-5418;12786;12666
9;M3_cued_target;Stopped;918264;-4502;-5418;12786;12666
9;M3_cued_target;Stopped;918278;-4502;-5418;12786;12666
9;M3_cued_target;Stopped;918291;-4502;-5418;12786;12666
9;M3_cued_target;Stopped;918304;-4502;-5418;12786;12666
9;M3_cued_target;Stopped;918318;-4502;-5418;12786;12666
9;M3_cued_target;Stopped;918331;-4502;-5418;12786;12666
9;M3_cued_target;Stopped;918344;-4502;-5418;12786;12666
9;M3_cued_target;Stopped;918358;-4502;-5418;12786;12666
9;M3_cued_target;End;933205;-4502;-5418;12786;12666
10;L1_hidden_target;Begin;933205;7000;6999;0;0
10;L1_hidden_target;Stopped;1011005;-3984;-5421;15730;16581
10;L1_hidden_target;Stopped;1011018;-3984;-5421;15730;16581
10;L1_hidden_target;Stopped;1011031;-3984;-5421;15730;16581
10;L1_hidden_target;Stopped;1011045;-3984;-5421;15730;16581
10;L1_hidden_target;Stopped;1011058;-3984;-5421;15730;16581
10;L1_hidden_target;Stopped;1011071;-3984;-5421;15730;16581
10;L1_hidden_target;Stopped;1011085;-3984;-5421;15730;16581
10;L1_hidden_target;Stopped;1011098;-3984;-5421;15730;16581
10;L1_hidden_target;Stopped;1011111;-3984;-5421;15730;16581
10;L1_hidden_target;Stopped;1011125;-3984;-5421;15730;16581
10;L1_hidden_target;Stopped;1011138;-3984;-5421;15730;16581
10;L1_hidden_target;Stopped;1011151;-3984;-5421;15730;16581
10;L1_hidden_target;Stopped;1011165;-3984;-5421;15730;16581
10;L1_hidden_target;Stopped;1011178;-3984;-5421;15730;16581
10;L1_hidden_target;Stopped;1011191;-3984;-5421;15730;16581
10;L1_hidden_target;Stopped;1011205;-3984;-5421;15730;16581
10;L1_hidden_target;End;1026026;-3984;-5421;15730;16581
11;M2_cued_target;Begin;1026026;7000;-7000;0;0
11;M2_cued_target;Stopped;1096224;-3683;-6020;13296;10727
11;M2_cued_target;Stopped;1096238;-3683;-6020;13296;10727
11;M2_cued_target;Stopped;1096251;-3683;-6020;13296;10727
11;M2_cued_target;Stopped;1096265;-3683;-6020;13296;10727
11;M2_cued_target;Stopped;1096278;-3683;-6020;13296;10727
11;M2_cued_target;Stopped;1096291;-3683;-6020;13296;10727
11;M2_cued_target;Stopped;1096305;-3683;-6020;13296;10727
11;M2_cued_target;Stopped;1096318;-3683;-6020;13296;10727
11;M2_cued_target;Stopped;1096331;-3683;-6020;13296;10727
11;M2_cued_target;Stopped;1096344;-3683;-6020;13296;10727
11;M2_cued_target;Stopped;1096358;-3683;-6020;13296;10727
11;M2_cued_target;Stopped;1096371;-3683;-6020;13296;10727
11;M2_cued_target;Stopped;1096384;-3683;-6020;13296;10727
11;M2_cued_target;End;1111246;-3683;-6020;13296;10727
12;L3_hidden_target;Begin;1111246;-7000;7000;0;0
12;L3_hidden_target;Stopped;1195348;-4751;-6699;15131;13882
12;L3_hidden_target;Stopped;1195362;-4751;-6699;15131;13882
12;L3_hidden_target;Stopped;1195375;-4751;-6699;15131;13882
12;L3_hidden_target;Stopped;1195388;-4751;-6699;15131;13882
12;L3_hidden_target;Stopped;1195402;-4751;-6699;15131;13882
12;L3_hidden_target;Stopped;1195415;-4751;-6699;15131;13882
12;L3_hidden_target;Stopped;1195428;-4751;-6699;15131;13882
12;L3_hidden_target;Stopped;1195442;-4751;-6699;15131;13882
12;L3_hidden_target;Stopped;1195455;-4751;-6699;15131;13882
12;L3_hidden_target;End;1210369;-4751;-6699;15131;13882
13;M3_cued_target;Begin;1210369;-7000;7000;0;0
13;M3_cued_target;Stopped;1286238;-4580;-5417;14422;12651
13;M3_cued_target;Stopped;1286251;-4580;-5417;14422;12651
13;M3_cued_target;Stopped;1286261;-4580;-5417;14422;12651
13;M3_cued_target;Stopped;1286274;-4580;-5417;14422;12651
13;M3_cued_target;Stopped;1286287;-4580;-5417;14422;12651
13;M3_cued_target;Stopped;1286301;-4580;-5417;14422;12651
13;M3_cued_target;Stopped;1286314;-4580;-5417;14422;12651
13;M3_cued_target;Stopped;1286327;-4580;-5417;14422;12651
13;M3_cued_target;Stopped;1286341;-4580;-5417;14422;12651
13;M3_cued_target;Stopped;1286354;-4580;-5417;14422;12651
13;M3_cued_target;Stopped;1286367;-4580;-5417;14422;12651
13;M3_cued_target;Stopped;1286381;-4580;-5417;14422;12651
13;M3_cued_target;End;1301255;-4580;-5417;14422;12651
14;L2_hidden_target;Begin;1301255;6999;-7000;0;0
14;L2_hidden_target;Stopped;1355916;-3683;-6219;10468;10711
14;L2_hidden_target;Stopped;1355929;-3683;-6219;10468;10711
14;L2_hidden_target;Stopped;1355942;-3683;-6219;10468;10711
14;L2_hidden_target;Stopped;1355956;-3683;-6219;10468;10711
14;L2_hidden_target;Stopped;1355969;-3683;-6219;10468;10711
14;L2_hidden_target;Stopped;1355982;-3683;-6219;10468;10711
14;L2_hidden_target;Stopped;1355996;-3683;-6219;10468;10711
14;L2_hidden_target;Stopped;1356009;-3683;-6219;10468;10711
14;L2_hidden_target;Stopped;1356022;-3683;-6219;10468;10711
14;L2_hidden_target;Stopped;1356036;-3683;-6219;10468;10711
14;L2_hidden_target;Stopped;1356049;-3683;-6219;10468;10711
14;L2_hidden_target;Stopped;1356062;-3683;-6219;10468;10711
14;L2_hidden_target;Stopped;1356076;-3683;-6219;10468;10711
14;L2_hidden_target;End;1370936;-3683;-6219;10468;10711
15;M1_cued_target;Begin;1370936;7000;7000;0;0
15;M1_cued_target;Stopped;1552868;-4063;-5419;36796;16633
15;M1_cued_target;Stopped;1552881;-4063;-5419;36796;16633
15;M1_cued_target;Stopped;1552895;-4063;-5419;36796;16633
15;M1_cued_target;Stopped;1552908;-4063;-5419;36796;16633
15;M1_cued_target;Stopped;1552921;-4063;-5419;36796;16633
15;M1_cued_target;Stopped;1552935;-4063;-5419;36796;16633
15;M1_cued_target;Stopped;1552948;-4063;-5419;36796;16633
15;M1_cued_target;Stopped;1552961;-4063;-5419;36796;16633
15;M1_cued_target;Stopped;1552975;-4063;-5419;36796;16633
15;M1_cued_target;Stopped;1552988;-4063;-5419;36796;16633
15;M1_cued_target;Stopped;1553001;-4063;-5419;36796;16633
15;M1_cued_target;Stopped;1553015;-4063;-5419;36796;16633
15;M1_cued_target;End;1567889;-4063;-5419;36796;16633
16;L3_hidden_target;Begin;1567889;-7000;7000;0;0
16;L3_hidden_target;Stopped;1659549;-4701;-6700;15982;13891
16;L3_hidden_target;Stopped;1659562;-4701;-6700;15982;13891
16;L3_hidden_target;Stopped;1659576;-4701;-6700;15982;13891
16;L3_hidden_target;Stopped;1659589;-4701;-6700;15982;13891
16;L3_hidden_target;Stopped;1659602;-4701;-6700;15982;13891
16;L3_hidden_target;Stopped;1659616;-4701;-6700;15982;13891
16;L3_hidden_target;Stopped;1659629;-4701;-6700;15982;13891
16;L3_hidden_target;Stopped;1659642;-4701;-6700;15982;13891
16;L3_hidden_target;Stopped;1659656;-4701;-6700;15982;13891
16;L3_hidden_target;Stopped;1659669;-4701;-6700;15982;13891
16;L3_hidden_target;Stopped;1659688;-4701;-6700;15982;13891
16;L3_hidden_target;Stopped;1659701;-4701;-6700;15982;13891
16;L3_hidden_target;Stopped;1659714;-4701;-6700;15982;13891
16;L3_hidden_target;Stopped;1659723;-4701;-6700;15982;13891
16;L3_hidden_target;Stopped;1659736;-4701;-6700;15982;13891
16;L3_hidden_target;Stopped;1659749;-4701;-6700;15982;13891
16;L3_hidden_target;End;1674570;-4701;-6700;15982;13891
16;L3_hidden_target;Begin;1674570;-4701;-6700;15982;13891
