1;M3_cued_target;Stopped;407845;-4430;-5419;61673;12682
1;M3_cued_target;Stopped;407855;-4430;-5419;61673;12682
1;M3_cued_target;Stopped;407868;-4430;-5419;61673;12682
1;M3_cued_target;Stopped;407881;-4430;-5419;61673;12682
1;M3_cued_target;Stopped;407894;-4430;-5419;61673;12682
1;M3_cued_target;Stopped;407908;-4430;-5419;61673;12682
1;M3_cued_target;Stopped;407921;-4430;-5419;61673;12682
1;M3_cued_target;Stopped;407934;-4430;-5419;61673;12682
1;M3_cued_target;Stopped;407948;-4430;-5419;61673;12682
1;M3_cued_target;Stopped;407961;-4430;-5419;61673;12682
1;M3_cued_target;Stopped;407974;-4430;-5419;61673;12682
1;M3_cued_target;Stopped;407988;-4430;-5419;61673;12682
1;M3_cued_target;Stopped;408001;-4430;-5419;61673;12682
1;M3_cued_target;Stopped;408014;-4430;-5419;61673;12682
1;M3_cued_target;Stopped;408028;-4430;-5419;61673;12682
1;M3_cued_target;Stopped;408041;-4430;-5419;61673;12682
1;M3_cued_target;Stopped;408054;-4430;-5419;61673;12682
1;M3_cued_target;Stopped;408068;-4430;-5419;61673;12682
1;M3_cued_target;Stopped;408081;-4430;-5419;61673;12682
1;M3_cued_target;Stopped;408094;-4430;-5419;61673;12682
1;M3_cued_target;Stopped;408108;-4430;-5419;61673;12682
1;M3_cued_target;Stopped;408121;-4430;-5419;61673;12682
1;M3_cued_target;Stopped;408134;-4430;-5419;61673;12682
1;M3_cued_target;Stopped;408148;-4430;-5419;61673;12682
1;M3_cued_target;End;422861;-4430;-5419;61673;12682
2;L1_hidden_target;Begin;422861;7000;7000;0;0
2;L1_hidden_target;Stopped;581938;-3688;-5689;27598;16590
2;L1_hidden_target;Stopped;581951;-3688;-5689;27598;16590
2;L1_hidden_target;Stopped;581964;-3688;-5689;27598;16590
2;L1_hidden_target;Stopped;581978;-3688;-5689;27598;16590
2;L1_hidden_target;Stopped;581991;-3688;-5689;27598;16590
2;L1_hidden_target;Stopped;582004;-3688;-5689;27598;16590
2;L1_hidden_target;Stopped;582018;-3688;-5689;27598;16590
2;L1_hidden_target;Stopped;582031;-3688;-5689;27598;16590
2;L1_hidden_target;Stopped;582044;-3688;-5689;27598;16590
2;L1_hidden_target;Stopped;582058;-3688;-5689;27598;16590
2;L1_hidden_target;Stopped;582071;-3688;-5689;27598;16590
2;L1_hidden_target;Stopped;582084;-3688;-5689;27598;16590
2;L1_hidden_target;Stopped;582098;-3688;-5689;27598;16590
2;L1_hidden_target;Stopped;582111;-3688;-5689;27598;16590
2;L1_hidden_target;Stopped;582124;-3688;-5689;27598;16590
2;L1_hidden_target;Stopped;582138;-3688;-5689;27598;16590
2;L1_hidden_target;Stopped;582151;-3688;-5689;27598;16590
2;L1_hidden_target;Stopped;582164;-3688;-5689;27598;16590
2;L1_hidden_target;Stopped;582178;-3688;-5689;27598;16590
2;L1_hidden_target;Stopped;582191;-3688;-5689;27598;16590
2;L1_hidden_target;Stopped;582206;-3688;-5689;27598;16590
2;L1_hidden_target;Stopped;582217;-3688;-5689;27598;16590
2;L1_hidden_target;End;596962;-3688;-5689;27598;16590
3;M1_cued_target;Begin;596962;6999;6999;0;0
3;M1_cued_target;Stopped;683606;-3681;-5743;18507;16627
3;M1_cued_target;Stopped;683619;-3681;-5743;18507;16627
3;M1_cued_target;Stopped;683633;-3681;-5743;18507;16627
3;M1_cued_target;Stopped;683646;-3681;-5743;18507;16627
3;M1_cued_target;Stopped;683659;-3681;-5743;18507;16627
3;M1_cued_target;Stopped;683673;-3681;-5743;18507;16627
3;M1_cued_target;Stopped;683686;-3681;-5743;18507;16627
3;M1_cued_target;Stopped;683699;-3681;-5743;18507;16627
3;M1_cued_target;Stopped;683713;-3681;-5743;18507;16627
3;M1_cued_target;Stopped;683726;-3681;-5743;18507;16627
3;M1_cued_target;Stopped;683739;-3681;-5743;18507;16627
3;M1_cued_target;Stopped;683753;-3681;-5743;18507;16627
3;M1_cued_target;Stopped;683766;-3681;-5743;18507;16627
3;M1_cued_target;Stopped;683779;-3681;-5743;18507;16627
3;M1_cued_target;Stopped;683793;-3681;-5743;18507;16627
3;M1_cued_target;Stopped;683806;-3681;-5743;18507;16627
3;M1_cued_target;Stopped;683819;-3681;-5743;18507;16627
3;M1_cued_target;Stopped;683833;-3681;-5743;18507;16627
3;M1_cued_target;Stopped;683846;-3681;-5743;18507;16627
3;M1_cued_target;Stopped;683859;-3681;-5743;18507;16627
3;M1_cued_target;Stopped;683873;-3681;-5743;18507;16627
3;M1_cued_target;Stopped;683886;-3681;-5743;18507;16627
3;M1_cued_target;End;698627;-3681;-5743;18507;16627
4;L2_hidden_target;Begin;698627;7000;-7000;0;0
4;L2_hidden_target;Stopped;749036;-3344;-8276;10318;10422
4;L2_hidden_target;Stopped;749049;-3344;-8276;10318;10422
4;L2_hidden_target;Stopped;749063;-3344;-8276;10318;10422
4;L2_hidden_target;Stopped;749076;-3344;-8276;10318;10422
4;L2_hidden_target;Stopped;749090;-3344;-8276;10318;10422
4;L2_hidden_target;Stopped;749108;-3344;-8276;10318;10422
4;L2_hidden_target;Stopped;749121;-3344;-8276;10318;10422
4;L2_hidden_target;Stopped;749130;-3344;-8276;10318;10422
4;L2_hidden_target;Stopped;749143;-3344;-8276;10318;10422
4;L2_hidden_target;Stopped;749156;-3344;-8276;10318;10422
4;L2_hidden_target;Stopped;749169;-3344;-8276;10318;10422
4;L2_hidden_target;Stopped;749183;-3344;-8276;10318;10422
4;L2_hidden_target;Stopped;749196;-3344;-8276;10318;10422
4;L2_hidden_target;Stopped;749209;-3344;-8276;10318;10422
4;L2_hidden_target;Stopped;749223;-3344;-8276;10318;10422
4;L2_hidden_target;Stopped;749236;-3344;-8276;10318;10422
4;L2_hidden_target;Stopped;749249;-3344;-8276;10318;10422
4;L2_hidden_target;Stopped;749263;-3344;-8276;10318;10422
4;L2_hidden_target;Stopped;749276;-3344;-8276;10318;10422
4;L2_hidden_target;Stopped;749289;-3344;-8276;10318;10422
4;L2_hidden_target;End;764056;-3344;-8276;10318;10422
5;M2_cued_target;Begin;764056;7000;-7000;0;0
5;M2_cued_target;Stopped;905004;-3880;-5423;28258;10994
5;M2_cued_target;Stopped;905017;-3880;-5423;28258;10994
5;M2_cued_target;Stopped;905030;-3880;-5423;28258;10994
5;M2_cued_target;Stopped;905044;-3880;-5423;28258;10994
5;M2_cued_target;Stopped;905057;-3880;-5423;28258;10994
5;M2_cued_target;Stopped;905070;-3880;-5423;28258;10994
5;M2_cued_target;Stopped;905084;-3880;-5423;28258;10994
5;M2_cued_target;Stopped;905097;-3880;-5423;28258;10994
5;M2_cued_target;Stopped;905110;-3880;-5423;28258;10994
5;M2_cued_target;Stopped;905124;-3880;-5423;28258;10994
5;M2_cued_target;Stopped;905137;-3880;-5423;28258;10994
5;M2_cued_target;Stopped;905155;-3880;-5423;28258;10994
5;M2_cued_target;Stopped;905168;-3880;-5423;28258;10994
5;M2_cued_target;Stopped;905181;-3880;-5423;28258;10994
5;M2_cued_target;Stopped;905191;-3880;-5423;28258;10994
5;M2_cued_target;Stopped;905204;-3880;-5423;28258;10994
5;M2_cued_target;Stopped;905217;-3880;-5423;28258;10994
5;M2_cued_target;End;920025;-3880;-5423;28258;10994
6;L3_hidden_target;Begin;920025;-7000;7000;0;0
6;L3_hidden_target;Stopped;970930;-6719;-2673;9580;9677
6;L3_hidden_target;Stopped;970943;-6719;-2673;9580;9677
6;L3_hidden_target;Stopped;970957;-6719;-2673;9580;9677
6;L3_hidden_target;Stopped;970973;-6719;-2673;9580;9677
6;L3_hidden_target;Stopped;970984;-6719;-2673;9580;9677
6;L3_hidden_target;Stopped;970997;-6719;-2673;9580;9677
6;L3_hidden_target;Stopped;971010;-6719;-2673;9580;9677
6;L3_hidden_target;Stopped;971023;-6719;-2673;9580;9677
6;L3_hidden_target;Stopped;971036;-6719;-2673;9580;9677
6;L3_hidden_target;Stopped;971050;-6719;-2673;9580;9677
6;L3_hidden_target;Stopped;971063;-6719;-2673;9580;9677
6;L3_hidden_target;Stopped;971077;-6719;-2673;9580;9677
6;L3_hidden_target;Stopped;971090;-6719;-2673;9580;9677
6;L3_hidden_target;Stopped;971103;-6719;-2673;9580;9677
6;L3_hidden_target;Stopped;971116;-6719;-2673;9580;9677
6;L3_hidden_target;Stopped;971130;-6719;-2673;9580;9677
6;L3_hidden_target;Stopped;971143;-6719;-2673;9580;9677
6;L3_hidden_target;Stopped;971157;-6719;-2673;9580;9677
6;L3_hidden_target;Stopped;971170;-6719;-2673;9580;9677
6;L3_hidden_target;Stopped;971183;-6719;-2673;9580;9677
6;L3_hidden_target;Stopped;971196;-6719;-2673;9580;9677
6;L3_hidden_target;End;985948;-6719;-2673;9580;9677
7;M1_cued_target;Begin;985948;6999;7000;0;0
7;M1_cued_target;Stopped;1095881;-4203;-5419;21380;16726
7;M1_cued_target;Stopped;1095894;-4203;-5419;21380;16726
7;M1_cued_target;Stopped;1095908;-4203;-5419;21380;16726
7;M1_cued_target;Stopped;1095921;-4203;-5419;21380;16726
7;M1_cued_target;Stopped;1095935;-4203;-5419;21380;16726
7;M1_cued_target;Stopped;1095948;-4203;-5419;21380;16726
7;M1_cued_target;Stopped;1095961;-4203;-5419;21380;16726
7;M1_cued_target;Stopped;1095974;-4203;-5419;21380;16726
7;M1_cued_target;Stopped;1095988;-4203;-5419;21380;16726
7;M1_cued_target;Stopped;1096001;-4203;-5419;21380;16726
7;M1_cued_target;Stopped;1096015;-4203;-5419;21380;16726
7;M1_cued_target;Stopped;1096028;-4203;-5419;21380;16726
7;M1_cued_target;Stopped;1096041;-4203;-5419;21380;16726
7;M1_cued_target;Stopped;1096054;-4203;-5419;21380;16726
7;M1_cued_target;Stopped;1096068;-4203;-5419;21380;16726
7;M1_cued_target;Stopped;1096081;-4203;-5419;21380;16726
7;M1_cued_target;Stopped;1096095;-4203;-5419;21380;16726
7;M1_cued_target;Stopped;1096108;-4203;-5419;21380;16726
7;M1_cued_target;Stopped;1096121;-4203;-5419;21380;16726
7;M1_cued_target;Stopped;1096134;-4203;-5419;21380;16726
7;M1_cued_target;Stopped;1096148;-4203;-5419;21380;16726
7;M1_cued_target;Stopped;1096161;-4203;-5419;21380;16726
7;M1_cued_target;End;1110902;-4203;-5419;21380;16726
8;L2_hidden_target;Begin;1110902;6999;-7000;0;0
8;L2_hidden_target;Stopped;1153633;-1596;-8949;8496;8814
8;L2_hidden_target;Stopped;1153652;-1596;-8949;8496;8814
8;L2_hidden_target;Stopped;1153665;-1596;-8949;8496;8814
8;L2_hidden_target;Stopped;1153674;-1596;-8949;8496;8814
8;L2_hidden_target;Stopped;1153688;-1596;-8949;8496;8814
8;L2_hidden_target;Stopped;1153700;-1596;-8949;8496;8814
8;L2_hidden_target;Stopped;1153714;-1596;-8949;8496;8814
8;L2_hidden_target;Stopped;1153727;-1596;-8949;8496;8814
8;L2_hidden_target;Stopped;1153740;-1596;-8949;8496;8814
8;L2_hidden_target;Stopped;1153754;-1596;-8949;8496;8814
8;L2_hidden_target;Stopped;1153767;-1596;-8949;8496;8814
8;L2_hidden_target;Stopped;1153780;-1596;-8949;8496;8814
8;L2_hidden_target;Stopped;1153794;-1596;-8949;8496;8814
8;L2_hidden_target;Stopped;1153807;-1596;-8949;8496;8814
8;L2_hidden_target;Stopped;1153820;-1596;-8949;8496;8814
8;L2_hidden_target;Stopped;1153834;-1596;-8949;8496;8814
8;L2_hidden_target;Stopped;1153847;-1596;-8949;8496;8814
8;L2_hidden_target;Stopped;1153860;-1596;-8949;8496;8814
8;L2_hidden_target;End;1168643;-1596;-8949;8496;8814
9;M3_cued_target;Begin;1168643;-7000;7000;0;0
9;M3_cued_target;Stopped;1237429;-4523;-5417;12839;12662
9;M3_cued_target;Stopped;1237443;-4523;-5417;12839;12662
9;M3_cued_target;Stopped;1237460;-4523;-5417;12839;12662
9;M3_cued_target;Stopped;1237473;-4523;-5417;12839;12662
9;M3_cued_target;Stopped;1237509;-4523;-5417;12839;12662
9;M3_cued_target;Stopped;1237523;-4523;-5417;12839;12662
9;M3_cued_target;Stopped;1237536;-4523;-5417;12839;12662
9;M3_cued_target;Stopped;1237549;-4523;-5417;12839;12662
9;M3_cued_target;Stopped;1237563;-4523;-5417;12839;12662
9;M3_cued_target;Stopped;1237576;-4523;-5417;12839;12662
9;M3_cued_target;Stopped;1237589;-4523;-5417;12839;12662
9;M3_cued_target;Stopped;1237603;-4523;-5417;12839;12662
9;M3_cued_target;Stopped;1237616;-4523;-5417;12839;12662
9;M3_cued_target;Stopped;1237629;-4523;-5417;12839;12662
9;M3_cued_target;End;1252450;-4523;-5417;12839;12662
10;L1_hidden_target;Begin;1252450;7000;7000;0;0
10;L1_hidden_target;Stopped;1337992;-3692;-5442;16302;16405
10;L1_hidden_target;Stopped;1338011;-3692;-5442;16302;16405
10;L1_hidden_target;Stopped;1338021;-3692;-5442;16302;16405
10;L1_hidden_target;Stopped;1338034;-3692;-5442;16302;16405
10;L1_hidden_target;Stopped;1338047;-3692;-5442;16302;16405
10;L1_hidden_target;Stopped;1338060;-3692;-5442;16302;16405
10;L1_hidden_target;Stopped;1338073;-3692;-5442;16302;16405
10;L1_hidden_target;Stopped;1338086;-3692;-5442;16302;16405
10;L1_hidden_target;Stopped;1338100;-3692;-5442;16302;16405
10;L1_hidden_target;Stopped;1338113;-3692;-5442;16302;16405
10;L1_hidden_target;Stopped;1338126;-3692;-5442;16302;16405
10;L1_hidden_target;Stopped;1338140;-3692;-5442;16302;16405
10;L1_hidden_target;Stopped;1338152;-3692;-5442;16302;16405
10;L1_hidden_target;Stopped;1338166;-3692;-5442;16302;16405
10;L1_hidden_target;Stopped;1338180;-3692;-5442;16302;16405
10;L1_hidden_target;Stopped;1338193;-3692;-5442;16302;16405
10;L1_hidden_target;Stopped;1338211;-3692;-5442;16302;16405
10;L1_hidden_target;Stopped;1338224;-3692;-5442;16302;16405
10;L1_hidden_target;End;1353017;-3692;-5442;16302;16405
11;M2_cued_target;Begin;1353017;7000;-7000;0;0
11;M2_cued_target;Stopped;1645746;-3637;-5634;60333;10725
11;M2_cued_target;Stopped;1645759;-3637;-5634;60333;10725
11;M2_cued_target;Stopped;1645773;-3637;-5634;60333;10725
11;M2_cued_target;Stopped;1645786;-3637;-5634;60333;10725
11;M2_cued_target;Stopped;1645800;-3637;-5634;60333;10725
11;M2_cued_target;Stopped;1645813;-3637;-5634;60333;10725
11;M2_cued_target;Stopped;1645826;-3637;-5634;60333;10725
11;M2_cued_target;Stopped;1645840;-3637;-5634;60333;10725
11;M2_cued_target;Stopped;1645853;-3637;-5634;60333;10725
11;M2_cued_target;Stopped;1645866;-3637;-5634;60333;10725
11;M2_cued_target;Stopped;1645880;-3637;-5634;60333;10725
11;M2_cued_target;Stopped;1645893;-3637;-5634;60333;10725
11;M2_cued_target;Stopped;1645906;-3637;-5634;60333;10725
11;M2_cued_target;Stopped;1645920;-3637;-5634;60333;10725
11;M2_cued_target;Stopped;1645933;-3637;-5634;60333;10725
11;M2_cued_target;Stopped;1645946;-3637;-5634;60333;10725
11;M2_cued_target;Stopped;1645959;-3637;-5634;60333;10725
11;M2_cued_target;Stopped;1645973;-3637;-5634;60333;10725
11;M2_cued_target;Stopped;1645986;-3637;-5634;60333;10725
11;M2_cued_target;Stopped;1645999;-3637;-5634;60333;10725
11;M2_cued_target;Stopped;1646013;-3637;-5634;60333;10725
11;M2_cued_target;Stopped;1646026;-3637;-5634;60333;10725
11;M2_cued_target;Stopped;1646039;-3637;-5634;60333;10725
11;M2_cued_target;End;1660771;-3637;-5634;60333;10725
12;L3_hidden_target;Begin;1660771;-7000;7000;0;0
12;L3_hidden_target;Stopped;1718668;-7650;-4482;11617;11501
12;L3_hidden_target;Stopped;1718681;-7650;-4482;11617;11501
12;L3_hidden_target;Stopped;1718694;-7650;-4482;11617;11501
12;L3_hidden_target;Stopped;1718708;-7650;-4482;11617;11501
12;L3_hidden_target;Stopped;1718721;-7650;-4482;11617;11501
12;L3_hidden_target;Stopped;1718734;-7650;-4482;11617;11501
12;L3_hidden_target;Stopped;1718748;-7650;-4482;11617;11501
12;L3_hidden_target;Stopped;1718761;-7650;-4482;11617;11501
12;L3_hidden_target;Stopped;1718774;-7650;-4482;11617;11501
12;L3_hidden_target;Stopped;1718788;-7650;-4482;11617;11501
12;L3_hidden_target;Stopped;1718801;-7650;-4482;11617;11501
12;L3_hidden_target;Stopped;1718814;-7650;-4482;11617;11501
12;L3_hidden_target;Stopped;1718828;-7650;-4482;11617;11501
12;L3_hidden_target;Stopped;1718841;-7650;-4482;11617;11501
12;L3_hidden_target;Stopped;1718854;-7650;-4482;11617;11501
12;L3_hidden_target;Stopped;1718868;-7650;-4482;11617;11501
12;L3_hidden_target;Stopped;1718881;-7650;-4482;11617;11501
12;L3_hidden_target;Stopped;1718894;-7650;-4482;11617;11501
12;L3_hidden_target;Stopped;1718908;-7650;-4482;11617;11501
12;L3_hidden_target;End;1733688;-7650;-4482;11617;11501
13;M3_cued_target;Begin;1733688;-7000;7000;0;0
13;M3_cued_target;Stopped;1853669;-3208;-5215;24920;12790
13;M3_cued_target;Stopped;1853683;-3208;-5215;24920;12790
13;M3_cued_target;Stopped;1853696;-3208;-5215;24920;12790
13;M3_cued_target;Stopped;1853709;-3208;-5215;24920;12790
13;M3_cued_target;Stopped;1853723;-3208;-5215;24920;12790
13;M3_cued_target;Stopped;1853736;-3208;-5215;24920;12790
13;M3_cued_target;Stopped;1853749;-3208;-5215;24920;12790
13;M3_cued_target;Stopped;1853763;-3208;-5215;24920;12790
13;M3_cued_target;Stopped;1853776;-3208;-5215;24920;12790
13;M3_cued_target;Stopped;1853789;-3208;-5215;24920;12790
13;M3_cued_target;Stopped;1853803;-3208;-5215;24920;12790
13;M3_cued_target;Stopped;1853816;-3208;-5215;24920;12790
13;M3_cued_target;Stopped;1853829;-3208;-5215;24920;12790
13;M3_cued_target;Stopped;1853843;-3208;-5215;24920;12790
13;M3_cued_target;Stopped;1853856;-3208;-5215;24920;12790
13;M3_cued_target;Stopped;1853869;-3208;-5215;24920;12790
13;M3_cued_target;Stopped;1853883;-3208;-5215;24920;12790
13;M3_cued_target;Stopped;1853896;-3208;-5215;24920;12790
13;M3_cued_target;Stopped;1853913;-3208;-5215;24920;12790
13;M3_cued_target;End;1868690;-3208;-5215;24920;12790
14;L2_hidden_target;Begin;1868690;6999;-7000;0;0
14;L2_hidden_target;Stopped;1938559;-5211;-7711;12616;12232
14;L2_hidden_target;Stopped;1938572;-5211;-7711;12616;12232
14;L2_hidden_target;Stopped;1938586;-5211;-7711;12616;12232
14;L2_hidden_target;Stopped;1938599;-5211;-7711;12616;12232
14;L2_hidden_target;Stopped;1938612;-5211;-7711;12616;12232
14;L2_hidden_target;Stopped;1938626;-5211;-7711;12616;12232
14;L2_hidden_target;Stopped;1938639;-5211;-7711;12616;12232
14;L2_hidden_target;Stopped;1938652;-5211;-7711;12616;12232
14;L2_hidden_target;Stopped;1938666;-5211;-7711;12616;12232
14;L2_hidden_target;Stopped;1938679;-5211;-7711;12616;12232
14;L2_hidden_target;Stopped;1938692;-5211;-7711;12616;12232
14;L2_hidden_target;Stopped;1938706;-5211;-7711;12616;12232
14;L2_hidden_target;Stopped;1938720;-5211;-7711;12616;12232
14;L2_hidden_target;Stopped;1938732;-5211;-7711;12616;12232
14;L2_hidden_target;Stopped;1938746;-5211;-7711;12616;12232
14;L2_hidden_target;Stopped;1938759;-5211;-7711;12616;12232
14;L2_hidden_target;Stopped;1938772;-5211;-7711;12616;12232
14;L2_hidden_target;Stopped;1938785;-5211;-7711;12616;12232
14;L2_hidden_target;Stopped;1938799;-5211;-7711;12616;12232
14;L2_hidden_target;Stopped;1938812;-5211;-7711;12616;12232
14;L2_hidden_target;Stopped;1938825;-5211;-7711;12616;12232
14;L2_hidden_target;Stopped;1938839;-5211;-7711;12616;12232
14;L2_hidden_target;Stopped;1938852;-5211;-7711;12616;12232
14;L2_hidden_target;Stopped;1938865;-5211;-7711;12616;12232
14;L2_hidden_target;Stopped;1938879;-5211;-7711;12616;12232
14;L2_hidden_target;End;1953582;-5211;-7711;12616;12232
15;M1_cued_target;Begin;1953582;7000;6999;0;0
15;M1_cued_target;Stopped;2152760;-3293;-4987;39354;15800
15;M1_cued_target;Stopped;2152773;-3293;-4987;39354;15800
15;M1_cued_target;Stopped;2152787;-3293;-4987;39354;15800
15;M1_cued_target;Stopped;2152800;-3293;-4987;39354;15800
15;M1_cued_target;Stopped;2152814;-3293;-4987;39354;15800
15;M1_cued_target;Stopped;2152827;-3293;-4987;39354;15800
15;M1_cued_target;Stopped;2152840;-3293;-4987;39354;15800
15;M1_cued_target;Stopped;2152854;-3293;-4987;39354;15800
15;M1_cued_target;Stopped;2152867;-3293;-4987;39354;15800
15;M1_cued_target;Stopped;2152880;-3293;-4987;39354;15800
15;M1_cued_target;Stopped;2152894;-3293;-4987;39354;15800
15;M1_cued_target;Stopped;2152907;-3293;-4987;39354;15800
15;M1_cued_target;Stopped;2152920;-3293;-4987;39354;15800
15;M1_cued_target;Stopped;2152934;-3293;-4987;39354;15800
15;M1_cued_target;Stopped;2152947;-3293;-4987;39354;15800
15;M1_cued_target;Stopped;2152960;-3293;-4987;39354;15800
15;M1_cued_target;Stopped;2152973;-3293;-4987;39354;15800
15;M1_cued_target;Stopped;2152987;-3293;-4987;39354;15800
15;M1_cued_target;Stopped;2153000;-3293;-4987;39354;15800
15;M1_cued_target;Stopped;2153013;-3293;-4987;39354;15800
15;M1_cued_target;Stopped;2153027;-3293;-4987;39354;15800
15;M1_cued_target;Stopped;2153040;-3293;-4987;39354;15800
15;M1_cued_target;Stopped;2153053;-3293;-4987;39354;15800
15;M1_cued_target;Stopped;2153067;-3293;-4987;39354;15800
15;M1_cued_target;Stopped;2153080;-3293;-4987;39354;15800
15;M1_cued_target;Stopped;2153093;-3293;-4987;39354;15800
15;M1_cued_target;Stopped;2153107;-3293;-4987;39354;15800
15;M1_cued_target;End;2167781;-3293;-4987;39354;15800
16;L3_hidden_target;Begin;2167781;-7000;7000;0;0
16;L3_hidden_target;Stopped;2237836;-7742;-4725;12916;11748
16;L3_hidden_target;Stopped;2237850;-7742;-4725;12916;11748
16;L3_hidden_target;Stopped;2237863;-7742;-4725;12916;11748
16;L3_hidden_target;Stopped;2237876;-7742;-4725;12916;11748
16;L3_hidden_target;Stopped;2237890;-7742;-4725;12916;11748
16;L3_hidden_target;Stopped;2237903;-7742;-4725;12916;11748
16;L3_hidden_target;Stopped;2237916;-7742;-4725;12916;11748
16;L3_hidden_target;Stopped;2237930;-7742;-4725;12916;11748
16;L3_hidden_target;Stopped;2237943;-7742;-4725;12916;11748
16;L3_hidden_target;Stopped;2237956;-7742;-4725;12916;11748
16;L3_hidden_target;Stopped;2237970;-7742;-4725;12916;11748
16;L3_hidden_target;Stopped;2237982;-7742;-4725;12916;11748
16;L3_hidden_target;Stopped;2237996;-7742;-4725;12916;11748
16;L3_hidden_target;Stopped;2238009;-7742;-4725;12916;11748
16;L3_hidden_target;Stopped;2238022;-7742;-4725;12916;11748
16;L3_hidden_target;Stopped;2238036;-7742;-4725;12916;11748
16;L3_hidden_target;Stopped;2238049;-7742;-4725;12916;11748
16;L3_hidden_target;End;2252859;-7742;-4725;12916;11748
16;L3_hidden_target;Begin;2252859;-7742;-4725;12916;11748
