1;M3_cued_target;Stopped;206698;-4323;-5419;34715;12704
1;M3_cued_target;Stopped;206712;-4323;-5419;34715;12704
1;M3_cued_target;Stopped;206725;-4323;-5419;34715;12704
1;M3_cued_target;Stopped;206739;-4323;-5419;34715;12704
1;M3_cued_target;Stopped;206752;-4323;-5419;34715;12704
1;M3_cued_target;Stopped;206769;-4323;-5419;34715;12704
1;M3_cued_target;Stopped;206781;-4323;-5419;34715;12704
1;M3_cued_target;Stopped;206792;-4323;-5419;34715;12704
1;M3_cued_target;Stopped;206805;-4323;-5419;34715;12704
1;M3_cued_target;Stopped;206818;-4323;-5419;34715;12704
1;M3_cued_target;Stopped;206832;-4323;-5419;34715;12704
1;M3_cued_target;Stopped;206845;-4323;-5419;34715;12704
1;M3_cued_target;Stopped;206858;-4323;-5419;34715;12704
1;M3_cued_target;Stopped;206872;-4323;-5419;34715;12704
1;M3_cued_target;Stopped;206885;-4323;-5419;34715;12704
1;M3_cued_target;Stopped;206898;-4323;-5419;34715;12704
1;M3_cued_target;Stopped;206912;-4323;-5419;34715;12704
1;M3_cued_target;Stopped;206925;-4323;-5419;34715;12704
1;M3_cued_target;Stopped;206938;-4323;-5419;34715;12704
1;M3_cued_target;Stopped;206952;-4323;-5419;34715;12704
1;M3_cued_target;Stopped;206965;-4323;-5419;34715;12704
1;M3_cued_target;Stopped;206978;-4323;-5419;34715;12704
1;M3_cued_target;Stopped;206992;-4323;-5419;34715;12704
1;M3_cued_target;Stopped;207005;-4323;-5419;34715;12704
1;M3_cued_target;End;221719;-4323;-5419;34715;12704
2;L1_hidden_target;Begin;221719;6999;7000;0;0
2;L1_hidden_target;Stopped;377143;-4282;-5419;30361;16779
2;L1_hidden_target;Stopped;377156;-4282;-5419;30361;16779
2;L1_hidden_target;Stopped;377170;-4282;-5419;30361;16779
2;L1_hidden_target;Stopped;377183;-4282;-5419;30361;16779
2;L1_hidden_target;Stopped;377196;-4282;-5419;30361;16779
2;L1_hidden_target;Stopped;377210;-4282;-5419;30361;16779
2;L1_hidden_target;Stopped;377223;-4282;-5419;30361;16779
2;L1_hidden_target;Stopped;377236;-4282;-5419;30361;16779
2;L1_hidden_target;Stopped;377250;-4282;-5419;30361;16779
2;L1_hidden_target;Stopped;377263;-4282;-5419;30361;16779
2;L1_hidden_target;Stopped;377276;-4282;-5419;30361;16779
2;L1_hidden_target;Stopped;377290;-4282;-5419;30361;16779
2;L1_hidden_target;Stopped;377303;-4282;-5419;30361;16779
2;L1_hidden_target;Stopped;377316;-4282;-5419;30361;16779
2;L1_hidden_target;Stopped;377330;-4282;-5419;30361;16779
2;L1_hidden_target;Stopped;377343;-4282;-5419;30361;16779
2;L1_hidden_target;Stopped;377356;-4282;-5419;30361;16779
2;L1_hidden_target;Stopped;377370;-4282;-5419;30361;16779
2;L1_hidden_target;Stopped;377383;-4282;-5419;30361;16779
2;L1_hidden_target;Stopped;377396;-4282;-5419;30361;16779
2;L1_hidden_target;Stopped;377410;-4282;-5419;30361;16779
2;L1_hidden_target;End;392163;-4282;-5419;30361;16779
3;M1_cued_target;Begin;392163;7000;7000;0;0
3;M1_cued_target;Stopped;489674;-3468;-5571;19581;16359
3;M1_cued_target;Stopped;489687;-3468;-5571;19581;16359
3;M1_cued_target;Stopped;489700;-3468;-5571;19581;16359
3;M1_cued_target;Stopped;489714;-3468;-5571;19581;16359
3;M1_cued_target;Stopped;489727;-3468;-5571;19581;16359
3;M1_cued_target;Stopped;489740;-3468;-5571;19581;16359
3;M1_cued_target;Stopped;489754;-3468;-5571;19581;16359
3;M1_cued_target;Stopped;489767;-3468;-5571;19581;16359
3;M1_cued_target;Stopped;489780;-3468;-5571;19581;16359
3;M1_cued_target;Stopped;489794;-3468;-5571;19581;16359
3;M1_cued_target;Stopped;489811;-3468;-5571;19581;16359
3;M1_cued_target;Stopped;489824;-3468;-5571;19581;16359
3;M1_cued_target;Stopped;489835;-3468;-5571;19581;16359
3;M1_cued_target;Stopped;489848;-3468;-5571;19581;16359
3;M1_cued_target;Stopped;489860;-3468;-5571;19581;16359
3;M1_cued_target;Stopped;489873;-3468;-5571;19581;16359
3;M1_cued_target;Stopped;489887;-3468;-5571;19581;16359
3;M1_cued_target;Stopped;489900;-3468;-5571;19581;16359
3;M1_cued_target;End;504695;-3468;-5571;19581;16359
4;L2_hidden_target;Begin;504695;7000;-7000;0;0
4;L2_hidden_target;Stopped;580734;-3684;-6477;12766;10697
4;L2_hidden_target;Stopped;580747;-3684;-6477;12766;10697
4;L2_hidden_target;Stopped;580761;-3684;-6477;12766;10697
4;L2_hidden_target;Stopped;580774;-3684;-6477;12766;10697
4;L2_hidden_target;Stopped;580787;-3684;-6477;12766;10697
4;L2_hidden_target;Stopped;580801;-3684;-6477;12766;10697
4;L2_hidden_target;Stopped;580814;-3684;-6477;12766;10697
4;L2_hidden_target;Stopped;580827;-3684;-6477;12766;10697
4;L2_hidden_target;Stopped;580841;-3684;-6477;12766;10697
4;L2_hidden_target;Stopped;580854;-3684;-6477;12766;10697
4;L2_hidden_target;Stopped;580867;-3684;-6477;12766;10697
4;L2_hidden_target;Stopped;580881;-3684;-6477;12766;10697
4;L2_hidden_target;Stopped;580894;-3684;-6477;12766;10697
4;L2_hidden_target;Stopped;580907;-3684;-6477;12766;10697
4;L2_hidden_target;Stopped;580921;-3684;-6477;12766;10697
4;L2_hidden_target;End;595755;-3684;-6477;12766;10697
5;M2_cued_target;Begin;595755;6999;-7000;0;0
5;M2_cued_target;Stopped;643590;-3242;-6022;9882;10289
5;M2_cued_target;Stopped;643603;-3242;-6022;9882;10289
5;M2_cued_target;Stopped;643616;-3242;-6022;9882;10289
5;M2_cued_target;Stopped;643630;-3242;-6022;9882;10289
5;M2_cued_target;Stopped;643643;-3242;-6022;9882;10289
5;M2_cued_target;Stopped;643657;-3242;-6022;9882;10289
5;M2_cued_target;Stopped;643670;-3242;-6022;9882;10289
5;M2_cued_target;Stopped;643683;-3242;-6022;9882;10289
5;M2_cued_target;Stopped;643696;-3242;-6022;9882;10289
5;M2_cued_target;Stopped;643710;-3242;-6022;9882;10289
5;M2_cued_target;Stopped;643723;-3242;-6022;9882;10289
5;M2_cued_target;Stopped;643737;-3242;-6022;9882;10289
5;M2_cued_target;Stopped;643750;-3242;-6022;9882;10289
5;M2_cued_target;Stopped;643763;-3242;-6022;9882;10289
5;M2_cued_target;Stopped;643776;-3242;-6022;9882;10289
5;M2_cued_target;Stopped;643790;-3242;-6022;9882;10289
5;M2_cued_target;Stopped;643803;-3242;-6022;9882;10289
5;M2_cued_target;Stopped;643816;-3242;-6022;9882;10289
5;M2_cued_target;Stopped;643831;-3242;-6022;9882;10289
5;M2_cued_target;Stopped;643844;-3242;-6022;9882;10289
5;M2_cued_target;Stopped;643857;-3242;-6022;9882;10289
5;M2_cued_target;Stopped;643870;-3242;-6022;9882;10289
5;M2_cued_target;Stopped;643884;-3242;-6022;9882;10289
5;M2_cued_target;Stopped;643897;-3242;-6022;9882;10289
5;M2_cued_target;Stopped;643910;-3242;-6022;9882;10289
5;M2_cued_target;Stopped;643924;-3242;-6022;9882;10289
5;M2_cued_target;Stopped;643937;-3242;-6022;9882;10289
5;M2_cued_target;End;658611;-3242;-6022;9882;10289
6;L3_hidden_target;Begin;658611;-7000;7000;0;0
6;L3_hidden_target;Stopped;940841;-4821;-2292;48154;9544
6;L3_hidden_target;Stopped;940854;-4821;-2292;48154;9544
6;L3_hidden_target;Stopped;940867;-4821;-2292;48154;9544
6;L3_hidden_target;Stopped;940881;-4821;-2292;48154;9544
6;L3_hidden_target;Stopped;940894;-4821;-2292;48154;9544
6;L3_hidden_target;Stopped;940907;-4821;-2292;48154;9544
6;L3_hidden_target;Stopped;940921;-4821;-2292;48154;9544
6;L3_hidden_target;Stopped;940934;-4821;-2292;48154;9544
6;L3_hidden_target;Stopped;940947;-4821;-2292;48154;9544
6;L3_hidden_target;Stopped;940961;-4821;-2292;48154;9544
6;L3_hidden_target;Stopped;940974;-4821;-2292;48154;9544
6;L3_hidden_target;Stopped;940987;-4821;-2292;48154;9544
6;L3_hidden_target;Stopped;941001;-4821;-2292;48154;9544
6;L3_hidden_target;Stopped;941014;-4821;-2292;48154;9544
6;L3_hidden_target;Stopped;941027;-4821;-2292;48154;9544
6;L3_hidden_target;Stopped;941041;-4821;-2292;48154;9544
6;L3_hidden_target;Stopped;941054;-4821;-2292;48154;9544
6;L3_hidden_target;Stopped;941067;-4821;-2292;48154;9544
6;L3_hidden_target;Stopped;941081;-4821;-2292;48154;9544
6;L3_hidden_target;End;955862;-4821;-2292;48154;9544
7;M1_cued_target;Begin;955862;7000;7000;0;0
7;M1_cued_target;Stopped;1023371;195;-1554;11368;10930
7;M1_cued_target;Stopped;1023384;195;-1554;11368;10930
7;M1_cued_target;Stopped;1023399;195;-1554;11368;10930
7;M1_cued_target;Stopped;1023411;195;-1554;11368;10930
7;M1_cued_target;Stopped;1023425;195;-1554;11368;10930
7;M1_cued_target;Stopped;1023439;195;-1554;11368;10930
7;M1_cued_target;Stopped;1023452;195;-1554;11368;10930
7;M1_cued_target;Stopped;1023464;195;-1554;11368;10930
7;M1_cued_target;Stopped;1023477;195;-1554;11368;10930
7;M1_cued_target;Stopped;1023504;195;-1554;11368;10930
7;M1_cued_target;Stopped;1023517;195;-1554;11368;10930
7;M1_cued_target;Stopped;1023531;195;-1554;11368;10930
7;M1_cued_target;Stopped;1023544;195;-1554;11368;10930
7;M1_cued_target;Stopped;1023557;195;-1554;11368;10930
7;M1_cued_target;Stopped;1023571;195;-1554;11368;10930
7;M1_cued_target;Stopped;1023584;195;-1554;11368;10930
7;M1_cued_target;End;1038391;195;-1554;11368;10930
8;L2_hidden_target;Begin;1038391;7000;-7000;0;0
8;L2_hidden_target;Stopped;1100969;-3943;-6867;13342;10944
8;L2_hidden_target;Stopped;1100982;-3943;-6867;13342;10944
8;L2_hidden_target;Stopped;1100996;-3943;-6867;13342;10944
8;L2_hidden_target;Stopped;1101009;-3943;-6867;13342;10944
8;L2_hidden_target;Stopped;1101022;-3943;-6867;13342;10944
8;L2_hidden_target;Stopped;1101036;-3943;-6867;13342;10944
8;L2_hidden_target;Stopped;1101049;-3943;-6867;13342;10944
8;L2_hidden_target;Stopped;1101062;-3943;-6867;13342;10944
8;L2_hidden_target;Stopped;1101076;-3943;-6867;13342;10944
8;L2_hidden_target;Stopped;1101089;-3943;-6867;13342;10944
8;L2_hidden_target;Stopped;1101102;-3943;-6867;13342;10944
8;L2_hidden_target;Stopped;1101116;-3943;-6867;13342;10944
8;L2_hidden_target;Stopped;1101129;-3943;-6867;13342;10944
8;L2_hidden_target;Stopped;1101142;-3943;-6867;13342;10944
8;L2_hidden_target;End;1115989;-3943;-6867;13342;10944
9;M3_cued_target;Begin;1115989;-7000;7000;0;0
9;M3_cued_target;Stopped;1154561;-3553;472;7825;7380
9;M3_cued_target;Stopped;1154574;-3553;472;7825;7380
9;M3_cued_target;Stopped;1154588;-3553;472;7825;7380
9;M3_cued_target;Stopped;1154601;-3553;472;7825;7380
9;M3_cued_target;Stopped;1154615;-3553;472;7825;7380
9;M3_cued_target;Stopped;1154628;-3553;472;7825;7380
9;M3_cued_target;Stopped;1154641;-3553;472;7825;7380
9;M3_cued_target;Stopped;1154654;-3553;472;7825;7380
9;M3_cued_target;Stopped;1154668;-3553;472;7825;7380
9;M3_cued_target;Stopped;1154681;-3553;472;7825;7380
9;M3_cued_target;Stopped;1154695;-3553;472;7825;7380
9;M3_cued_target;Stopped;1154708;-3553;472;7825;7380
9;M3_cued_target;Stopped;1154721;-3553;472;7825;7380
9;M3_cued_target;Stopped;1154734;-3553;472;7825;7380
9;M3_cued_target;Stopped;1154748;-3553;472;7825;7380
9;M3_cued_target;Stopped;1154761;-3553;472;7825;7380
9;M3_cued_target;Stopped;1154774;-3553;472;7825;7380
9;M3_cued_target;Stopped;1154788;-3553;472;7825;7380
9;M3_cued_target;Stopped;1154801;-3553;472;7825;7380
9;M3_cued_target;Stopped;1154814;-3553;472;7825;7380
9;M3_cued_target;Stopped;1154828;-3553;472;7825;7380
9;M3_cued_target;Stopped;1154841;-3553;472;7825;7380
9;M3_cued_target;Stopped;1154854;-3553;472;7825;7380
9;M3_cued_target;End;1169583;-3553;472;7825;7380
10;L1_hidden_target;Begin;1169583;6999;7000;0;0
10;L1_hidden_target;Stopped;1277210;-2549;-6762;21621;16751
10;L1_hidden_target;Stopped;1277223;-2549;-6762;21621;16751
10;L1_hidden_target;Stopped;1277237;-2549;-6762;21621;16751
10;L1_hidden_target;Stopped;1277250;-2549;-6762;21621;16751
10;L1_hidden_target;Stopped;1277263;-2549;-6762;21621;16751
10;L1_hidden_target;Stopped;1277277;-2549;-6762;21621;16751
10;L1_hidden_target;Stopped;1277290;-2549;-6762;21621;16751
10;L1_hidden_target;Stopped;1277303;-2549;-6762;21621;16751
10;L1_hidden_target;Stopped;1277317;-2549;-6762;21621;16751
10;L1_hidden_target;End;1292230;-2549;-6762;21621;16751
11;M2_cued_target;Begin;1292230;7000;-7000;0;0
11;M2_cued_target;Stopped;1319834;1377;-7140;5424;5624
11;M2_cued_target;Stopped;1319847;1377;-7140;5424;5624
11;M2_cued_target;Stopped;1319861;1377;-7140;5424;5624
11;M2_cued_target;Stopped;1319874;1377;-7140;5424;5624
11;M2_cued_target;Stopped;1319888;1377;-7140;5424;5624
11;M2_cued_target;Stopped;1319901;1377;-7140;5424;5624
11;M2_cued_target;Stopped;1319914;1377;-7140;5424;5624
11;M2_cued_target;Stopped;1319928;1377;-7140;5424;5624
11;M2_cued_target;Stopped;1319941;1377;-7140;5424;5624
11;M2_cued_target;Stopped;1319954;1377;-7140;5424;5624
11;M2_cued_target;End;1334855;1377;-7140;5424;5624
12;L3_hidden_target;Begin;1334855;-6999;7000;0;0
12;L3_hidden_target;Stopped;1492025;-1587;-1249;28468;9866
12;L3_hidden_target;Stopped;1492038;-1587;-1249;28468;9866
12;L3_hidden_target;Stopped;1492051;-1587;-1249;28468;9866
12;L3_hidden_target;Stopped;1492065;-1587;-1249;28468;9866
12;L3_hidden_target;Stopped;1492078;-1587;-1249;28468;9866
12;L3_hidden_target;Stopped;1492091;-1587;-1249;28468;9866
12;L3_hidden_target;Stopped;1492105;-1587;-1249;28468;9866
12;L3_hidden_target;Stopped;1492118;-1587;-1249;28468;9866
12;L3_hidden_target;Stopped;1492131;-1587;-1249;28468;9866
12;L3_hidden_target;Stopped;1492145;-1587;-1249;28468;9866
12;L3_hidden_target;Stopped;1492158;-1587;-1249;28468;9866
12;L3_hidden_target;Stopped;1492171;-1587;-1249;28468;9866
12;L3_hidden_target;Stopped;1492185;-1587;-1249;28468;9866
12;L3_hidden_target;Stopped;1492198;-1587;-1249;28468;9866
12;L3_hidden_target;Stopped;1492211;-1587;-1249;28468;9866
12;L3_hidden_target;Stopped;1492225;-1587;-1249;28468;9866
12;L3_hidden_target;Stopped;1492238;-1587;-1249;28468;9866
12;L3_hidden_target;Stopped;1492251;-1587;-1249;28468;9866
12;L3_hidden_target;End;1507045;-1587;-1249;28468;9866
13;M3_cued_target;Begin;1507045;-7000;7000;0;0
13;M3_cued_target;Stopped;1541885;-4054;1040;6968;6647
13;M3_cued_target;Stopped;1541898;-4054;1040;6968;6647
13;M3_cued_target;Stopped;1541912;-4054;1040;6968;6647
13;M3_cued_target;Stopped;1541925;-4054;1040;6968;6647
13;M3_cued_target;Stopped;1541938;-4054;1040;6968;6647
13;M3_cued_target;Stopped;1541951;-4054;1040;6968;6647
13;M3_cued_target;Stopped;1541965;-4054;1040;6968;6647
13;M3_cued_target;Stopped;1541978;-4054;1040;6968;6647
13;M3_cued_target;Stopped;1541991;-4054;1040;6968;6647
13;M3_cued_target;Stopped;1542005;-4054;1040;6968;6647
13;M3_cued_target;Stopped;1542018;-4054;1040;6968;6647
13;M3_cued_target;End;1556907;-4054;1040;6968;6647
14;L2_hidden_target;Begin;1556907;6999;-7000;0;0
14;L2_hidden_target;Stopped;1681715;-1903;-5102;23955;9103
14;L2_hidden_target;Stopped;1681728;-1903;-5102;23955;9103
14;L2_hidden_target;Stopped;1681745;-1903;-5102;23955;9103
14;L2_hidden_target;Stopped;1681760;-1903;-5102;23955;9103
14;L2_hidden_target;Stopped;1681769;-1903;-5102;23955;9103
14;L2_hidden_target;Stopped;1681782;-1903;-5102;23955;9103
14;L2_hidden_target;Stopped;1681795;-1903;-5102;23955;9103
14;L2_hidden_target;Stopped;1681808;-1903;-5102;23955;9103
14;L2_hidden_target;End;1691937;-1903;-5102;23955;9103
15;M1_cued_target;Begin;1691937;7000;7000;0;0
15;M1_cued_target;Stopped;1732282;3898;-802;8308;8396
15;M1_cued_target;Stopped;1732296;3898;-802;8308;8396
15;M1_cued_target;Stopped;1732309;3898;-802;8308;8396
15;M1_cued_target;Stopped;1732322;3898;-802;8308;8396
15;M1_cued_target;Stopped;1732336;3898;-802;8308;8396
15;M1_cued_target;Stopped;1732349;3898;-802;8308;8396
15;M1_cued_target;Stopped;1732362;3898;-802;8308;8396
15;M1_cued_target;Stopped;1732376;3898;-802;8308;8396
15;M1_cued_target;Stopped;1732389;3898;-802;8308;8396
15;M1_cued_target;Stopped;1732407;3898;-802;8308;8396
15;M1_cued_target;Stopped;1732420;3898;-802;8308;8396
15;M1_cued_target;Stopped;1732434;3898;-802;8308;8396
15;M1_cued_target;Stopped;1732443;3898;-802;8308;8396
15;M1_cued_target;Stopped;1732456;3898;-802;8308;8396
15;M1_cued_target;End;1747302;3898;-802;8308;8396
16;L3_hidden_target;Begin;1747302;-7000;7000;0;0
16;L3_hidden_target;Stopped;1876456;-466;-7788;26126;16167
16;L3_hidden_target;Stopped;1876496;-466;-7788;26126;16167
16;L3_hidden_target;Stopped;1876509;-466;-7788;26126;16167
16;L3_hidden_target;Stopped;1876522;-466;-7788;26126;16167
16;L3_hidden_target;Stopped;1876536;-466;-7788;26126;16167
16;L3_hidden_target;Stopped;1876549;-466;-7788;26126;16167
16;L3_hidden_target;Stopped;1876562;-466;-7788;26126;16167
16;L3_hidden_target;Stopped;1876576;-466;-7788;26126;16167
16;L3_hidden_target;Stopped;1876589;-466;-7788;26126;16167
16;L3_hidden_target;Stopped;1876602;-466;-7788;26126;16167
16;L3_hidden_target;Stopped;1876616;-466;-7788;26126;16167
16;L3_hidden_target;End;1882333;-466;-7788;26126;16167
16;L3_hidden_target;Begin;1882333;-466;-7788;26126;16167
