1;M3_cued_target;Stopped;109363;-4131;-5417;17877;12744
1;M3_cued_target;Stopped;109375;-4131;-5417;17877;12744
1;M3_cued_target;Stopped;109389;-4131;-5417;17877;12744
1;M3_cued_target;Stopped;109403;-4131;-5417;17877;12744
1;M3_cued_target;Stopped;109416;-4131;-5417;17877;12744
1;M3_cued_target;Stopped;109429;-4131;-5417;17877;12744
1;M3_cued_target;Stopped;109443;-4131;-5417;17877;12744
1;M3_cued_target;Stopped;109456;-4131;-5417;17877;12744
1;M3_cued_target;Stopped;109469;-4131;-5417;17877;12744
1;M3_cued_target;Stopped;109483;-4131;-5417;17877;12744
1;M3_cued_target;Stopped;109496;-4131;-5417;17877;12744
1;M3_cued_target;Stopped;109536;-4131;-5417;17877;12744
1;M3_cued_target;Stopped;109549;-4131;-5417;17877;12744
1;M3_cued_target;Stopped;109563;-4131;-5417;17877;12744
1;M3_cued_target;Stopped;109576;-4131;-5417;17877;12744
1;M3_cued_target;End;124383;-4131;-5417;17877;12744
2;L1_hidden_target;Begin;124383;7000;7000;0;0
2;L1_hidden_target;Stopped;311689;-4754;-5422;29836;17101
2;L1_hidden_target;Stopped;311703;-4754;-5422;29836;17101
2;L1_hidden_target;Stopped;311716;-4754;-5422;29836;17101
2;L1_hidden_target;Stopped;311730;-4754;-5422;29836;17101
2;L1_hidden_target;Stopped;311743;-4754;-5422;29836;17101
2;L1_hidden_target;Stopped;311756;-4754;-5422;29836;17101
2;L1_hidden_target;Stopped;311769;-4754;-5422;29836;17101
2;L1_hidden_target;Stopped;311787;-4754;-5422;29836;17101
2;L1_hidden_target;Stopped;311801;-4754;-5422;29836;17101
2;L1_hidden_target;Stopped;311812;-4754;-5422;29836;17101
2;L1_hidden_target;Stopped;311824;-4754;-5422;29836;17101
2;L1_hidden_target;Stopped;311837;-4754;-5422;29836;17101
2;L1_hidden_target;Stopped;311851;-4754;-5422;29836;17101
2;L1_hidden_target;Stopped;311864;-4754;-5422;29836;17101
2;L1_hidden_target;Stopped;311877;-4754;-5422;29836;17101
2;L1_hidden_target;Stopped;311891;-4754;-5422;29836;17101
2;L1_hidden_target;Stopped;311904;-4754;-5422;29836;17101
2;L1_hidden_target;Stopped;311917;-4754;-5422;29836;17101
2;L1_hidden_target;Stopped;311931;-4754;-5422;29836;17101
2;L1_hidden_target;Stopped;311944;-4754;-5422;29836;17101
2;L1_hidden_target;End;326711;-4754;-5422;29836;17101
3;M1_cued_target;Begin;326711;7000;6999;0;0
3;M1_cued_target;Stopped;542592;-4099;-5418;33267;16656
3;M1_cued_target;Stopped;542606;-4099;-5418;33267;16656
3;M1_cued_target;Stopped;542619;-4099;-5418;33267;16656
3;M1_cued_target;Stopped;542632;-4099;-5418;33267;16656
3;M1_cued_target;Stopped;542646;-4099;-5418;33267;16656
3;M1_cued_target;Stopped;542659;-4099;-5418;33267;16656
3;M1_cued_target;Stopped;542672;-4099;-5418;33267;16656
3;M1_cued_target;Stopped;542686;-4099;-5418;33267;16656
3;M1_cued_target;Stopped;542699;-4099;-5418;33267;16656
3;M1_cued_target;Stopped;542712;-4099;-5418;33267;16656
3;M1_cued_target;Stopped;542726;-4099;-5418;33267;16656
3;M1_cued_target;Stopped;542739;-4099;-5418;33267;16656
3;M1_cued_target;Stopped;542752;-4099;-5418;33267;16656
3;M1_cued_target;Stopped;542769;-4099;-5418;33267;16656
3;M1_cued_target;Stopped;542781;-4099;-5418;33267;16656
3;M1_cued_target;Stopped;542794;-4099;-5418;33267;16656
3;M1_cued_target;Stopped;542810;-4099;-5418;33267;16656
3;M1_cued_target;Stopped;542823;-4099;-5418;33267;16656
3;M1_cued_target;End;557613;-4099;-5418;33267;16656
4;L2_hidden_target;Begin;557613;7000;-7000;0;0
4;L2_hidden_target;Stopped;725197;-4284;-5421;25088;11394
4;L2_hidden_target;Stopped;725212;-4284;-5421;25088;11394
4;L2_hidden_target;Stopped;725225;-4284;-5421;25088;11394
4;L2_hidden_target;Stopped;725238;-4284;-5421;25088;11394
4;L2_hidden_target;Stopped;725248;-4284;-5421;25088;11394
4;L2_hidden_target;Stopped;725261;-4284;-5421;25088;11394
4;L2_hidden_target;Stopped;725274;-4284;-5421;25088;11394
4;L2_hidden_target;Stopped;725288;-4284;-5421;25088;11394
4;L2_hidden_target;Stopped;725301;-4284;-5421;25088;11394
4;L2_hidden_target;Stopped;725314;-4284;-5421;25088;11394
4;L2_hidden_target;Stopped;725328;-4284;-5421;25088;11394
4;L2_hidden_target;Stopped;725341;-4284;-5421;25088;11394
4;L2_hidden_target;Stopped;725354;-4284;-5421;25088;11394
4;L2_hidden_target;Stopped;725368;-4284;-5421;25088;11394
4;L2_hidden_target;Stopped;725381;-4284;-5421;25088;11394
4;L2_hidden_target;Stopped;725394;-4284;-5421;25088;11394
4;L2_hidden_target;Stopped;725408;-4284;-5421;25088;11394
4;L2_hidden_target;Stopped;725421;-4284;-5421;25088;11394
4;L2_hidden_target;Stopped;725434;-4284;-5421;25088;11394
4;L2_hidden_target;Stopped;725448;-4284;-5421;25088;11394
4;L2_hidden_target;Stopped;725461;-4284;-5421;25088;11394
4;L2_hidden_target;Stopped;725474;-4284;-5421;25088;11394
4;L2_hidden_target;Stopped;725488;-4284;-5421;25088;11394
4;L2_hidden_target;End;740219;-4284;-5421;25088;11394
5;M2_cued_target;Begin;740219;7000;-7000;0;0
5;M2_cued_target;Stopped;805804;-3683;-6104;10618;10721
5;M2_cued_target;Stopped;805818;-3683;-6104;10618;10721
5;M2_cued_target;Stopped;805831;-3683;-6104;10618;10721
5;M2_cued_target;Stopped;805845;-3683;-6104;10618;10721
5;M2_cued_target;Stopped;805858;-3683;-6104;10618;10721
5;M2_cued_target;Stopped;805871;-3683;-6104;10618;10721
5;M2_cued_target;Stopped;805885;-3683;-6104;10618;10721
5;M2_cued_target;Stopped;805898;-3683;-6104;10618;10721
5;M2_cued_target;Stopped;805911;-3683;-6104;10618;10721
5;M2_cued_target;Stopped;805924;-3683;-6104;10618;10721
5;M2_cued_target;Stopped;805938;-3683;-6104;10618;10721
5;M2_cued_target;Stopped;805951;-3683;-6104;10618;10721
5;M2_cued_target;Stopped;805964;-3683;-6104;10618;10721
5;M2_cued_target;Stopped;805978;-3683;-6104;10618;10721
5;M2_cued_target;Stopped;805991;-3683;-6104;10618;10721
5;M2_cued_target;End;820826;-3683;-6104;10618;10721
6;L3_hidden_target;Begin;820826;-7000;7000;0;0
6;L3_hidden_target;Stopped;894440;-4952;-5430;13342;12598
6;L3_hidden_target;Stopped;894453;-4952;-5430;13342;12598
6;L3_hidden_target;Stopped;894467;-4952;-5430;13342;12598
6;L3_hidden_target;Stopped;894480;-4952;-5430;13342;12598
6;L3_hidden_target;Stopped;894493;-4952;-5430;13342;12598
6;L3_hidden_target;Stopped;894520;-4952;-5430;13342;12598
6;L3_hidden_target;Stopped;894533;-4952;-5430;13342;12598
6;L3_hidden_target;Stopped;894547;-4952;-5430;13342;12598
6;L3_hidden_target;Stopped;894560;-4952;-5430;13342;12598
6;L3_hidden_target;Stopped;894573;-4952;-5430;13342;12598
6;L3_hidden_target;Stopped;894587;-4952;-5430;13342;12598
6;L3_hidden_target;Stopped;894600;-4952;-5430;13342;12598
6;L3_hidden_target;Stopped;894613;-4952;-5430;13342;12598
6;L3_hidden_target;Stopped;894627;-4952;-5430;13342;12598
6;L3_hidden_target;Stopped;894640;-4952;-5430;13342;12598
6;L3_hidden_target;End;909461;-4952;-5430;13342;12598
7;M1_cued_target;Begin;909461;7000;7000;0;0
7;M1_cued_target;Stopped;1031669;-3690;-5455;21065;16414
7;M1_cued_target;Stopped;1031687;-3690;-5455;21065;16414
7;M1_cued_target;Stopped;1031699;-3690;-5455;21065;16414
7;M1_cued_target;Stopped;1031713;-3690;-5455;21065;16414
7;M1_cued_target;Stopped;1031723;-3690;-5455;21065;16414
7;M1_cued_target;Stopped;1031736;-3690;-5455;21065;16414
7;M1_cued_target;Stopped;1031749;-3690;-5455;21065;16414
7;M1_cued_target;Stopped;1031762;-3690;-5455;21065;16414
7;M1_cued_target;Stopped;1031776;-3690;-5455;21065;16414
7;M1_cued_target;Stopped;1031789;-3690;-5455;21065;16414
7;M1_cued_target;Stopped;1031806;-3690;-5455;21065;16414
7;M1_cued_target;End;1046692;-3690;-5455;21065;16414
8;L2_hidden_target;Begin;1046692;7000;-7000;0;0
8;L2_hidden_target;Stopped;1122024;-4044;-6723;12797;11047
8;L2_hidden_target;Stopped;1122038;-4044;-6723;12797;11047
8;L2_hidden_target;Stopped;1122053;-4044;-6723;12797;11047
8;L2_hidden_target;Stopped;1122069;-4044;-6723;12797;11047
8;L2_hidden_target;Stopped;1122078;-4044;-6723;12797;11047
8;L2_hidden_target;Stopped;1122092;-4044;-6723;12797;11047
8;L2_hidden_target;Stopped;1122105;-4044;-6723;12797;11047
8;L2_hidden_target;Stopped;1122118;-4044;-6723;12797;11047
8;L2_hidden_target;Stopped;1122131;-4044;-6723;12797;11047
8;L2_hidden_target;Stopped;1122148;-4044;-6723;12797;11047
8;L2_hidden_target;Stopped;1122162;-4044;-6723;12797;11047
8;L2_hidden_target;Stopped;1122171;-4044;-6723;12797;11047
8;L2_hidden_target;Stopped;1122184;-4044;-6723;12797;11047
8;L2_hidden_target;Stopped;1122198;-4044;-6723;12797;11047
8;L2_hidden_target;Stopped;1122213;-4044;-6723;12797;11047
8;L2_hidden_target;Stopped;1122228;-4044;-6723;12797;11047
8;L2_hidden_target;End;1137046;-4044;-6723;12797;11047
9;M3_cued_target;Begin;1137046;-7000;7000;0;0
9;M3_cued_target;Stopped;1201528;-4152;-5417;12678;12740
9;M3_cued_target;Stopped;1201541;-4152;-5417;12678;12740
9;M3_cued_target;Stopped;1201555;-4152;-5417;12678;12740
9;M3_cued_target;Stopped;1201569;-4152;-5417;12678;12740
9;M3_cued_target;Stopped;1201582;-4152;-5417;12678;12740
9;M3_cued_target;Stopped;1201595;-4152;-5417;12678;12740
9;M3_cued_target;Stopped;1201609;-4152;-5417;12678;12740
9;M3_cued_target;Stopped;1201622;-4152;-5417;12678;12740
9;M3_cued_target;Stopped;1201635;-4152;-5417;12678;12740
9;M3_cued_target;Stopped;1201649;-4152;-5417;12678;12740
9;M3_cued_target;Stopped;1201662;-4152;-5417;12678;12740
9;M3_cued_target;Stopped;1201675;-4152;-5417;12678;12740
9;M3_cued_target;Stopped;1201689;-4152;-5417;12678;12740
9;M3_cued_target;Stopped;1201702;-4152;-5417;12678;12740
9;M3_cued_target;Stopped;1201715;-4152;-5417;12678;12740
9;M3_cued_target;End;1216549;-4152;-5417;12678;12740
10;L1_hidden_target;Begin;1216549;7000;7000;0;0
10;L1_hidden_target;Stopped;1326448;-3682;-6323;19095;17077
10;L1_hidden_target;Stopped;1326462;-3682;-6323;19095;17077
10;L1_hidden_target;Stopped;1326471;-3682;-6323;19095;17077
10;L1_hidden_target;Stopped;1326484;-3682;-6323;19095;17077
10;L1_hidden_target;Stopped;1326511;-3682;-6323;19095;17077
10;L1_hidden_target;Stopped;1326524;-3682;-6323;19095;17077
10;L1_hidden_target;Stopped;1326538;-3682;-6323;19095;17077
10;L1_hidden_target;Stopped;1326551;-3682;-6323;19095;17077
10;L1_hidden_target;Stopped;1326564;-3682;-6323;19095;17077
10;L1_hidden_target;Stopped;1326578;-3682;-6323;19095;17077
10;L1_hidden_target;End;1341465;-3682;-6323;19095;17077
11;M2_cued_target;Begin;1341465;7000;-7000;0;0
11;M2_cued_target;Stopped;1393912;-3681;-6210;10287;10710
11;M2_cued_target;Stopped;1393925;-3681;-6210;10287;10710
11;M2_cued_target;Stopped;1393939;-3681;-6210;10287;10710
11;M2_cued_target;Stopped;1393952;-3681;-6210;10287;10710
11;M2_cued_target;Stopped;1393965;-3681;-6210;10287;10710
11;M2_cued_target;Stopped;1393979;-3681;-6210;10287;10710
11;M2_cued_target;Stopped;1393992;-3681;-6210;10287;10710
11;M2_cued_target;Stopped;1394005;-3681;-6210;10287;10710
11;M2_cued_target;Stopped;1394018;-3681;-6210;10287;10710
11;M2_cued_target;Stopped;1394032;-3681;-6210;10287;10710
11;M2_cued_target;Stopped;1394045;-3681;-6210;10287;10710
11;M2_cued_target;Stopped;1394058;-3681;-6210;10287;10710
11;M2_cued_target;Stopped;1394072;-3681;-6210;10287;10710
11;M2_cued_target;Stopped;1394085;-3681;-6210;10287;10710
11;M2_cued_target;Stopped;1394098;-3681;-6210;10287;10710
11;M2_cued_target;Stopped;1394112;-3681;-6210;10287;10710
11;M2_cued_target;End;1408934;-3681;-6210;10287;10710
12;L3_hidden_target;Begin;1408934;-7000;7000;0;0
12;L3_hidden_target;Stopped;1529452;-4969;-5914;18803;13073
12;L3_hidden_target;Stopped;1529465;-4969;-5914;18803;13073
12;L3_hidden_target;Stopped;1529479;-4969;-5914;18803;13073
12;L3_hidden_target;Stopped;1529518;-4969;-5914;18803;13073
12;L3_hidden_target;Stopped;1529532;-4969;-5914;18803;13073
12;L3_hidden_target;Stopped;1529545;-4969;-5914;18803;13073
12;L3_hidden_target;Stopped;1529559;-4969;-5914;18803;13073
12;L3_hidden_target;Stopped;1529572;-4969;-5914;18803;13073
12;L3_hidden_target;Stopped;1529585;-4969;-5914;18803;13073
12;L3_hidden_target;Stopped;1529598;-4969;-5914;18803;13073
12;L3_hidden_target;Stopped;1529612;-4969;-5914;18803;13073
12;L3_hidden_target;Stopped;1529625;-4969;-5914;18803;13073
12;L3_hidden_target;Stopped;1529639;-4969;-5914;18803;13073
12;L3_hidden_target;Stopped;1529652;-4969;-5914;18803;13073
12;L3_hidden_target;Stopped;1529665;-4969;-5914;18803;13073
12;L3_hidden_target;End;1544472;-4969;-5914;18803;13073
13;M3_cued_target;Begin;1544472;-7000;7000;0;0
13;M3_cued_target;Stopped;1622310;-4232;-5418;13068;12723
13;M3_cued_target;Stopped;1622323;-4232;-5418;13068;12723
13;M3_cued_target;Stopped;1622337;-4232;-5418;13068;12723
13;M3_cued_target;Stopped;1622350;-4232;-5418;13068;12723
13;M3_cued_target;Stopped;1622363;-4232;-5418;13068;12723
13;M3_cued_target;Stopped;1622377;-4232;-5418;13068;12723
13;M3_cued_target;Stopped;1622390;-4232;-5418;13068;12723
13;M3_cued_target;Stopped;1622403;-4232;-5418;13068;12723
13;M3_cued_target;Stopped;1622417;-4232;-5418;13068;12723
13;M3_cued_target;Stopped;1622430;-4232;-5418;13068;12723
13;M3_cued_target;Stopped;1622443;-4232;-5418;13068;12723
13;M3_cued_target;End;1637331;-4232;-5418;13068;12723
14;L2_hidden_target;Begin;1637331;7000;-7000;0;0
14;L2_hidden_target;Stopped;1702554;-3685;-6608;12587;10692
14;L2_hidden_target;Stopped;1702567;-3685;-6608;12587;10692
14;L2_hidden_target;Stopped;1702576;-3685;-6608;12587;10692
14;L2_hidden_target;Stopped;1702589;-3685;-6608;12587;10692
14;L2_hidden_target;Stopped;1702602;-3685;-6608;12587;10692
14;L2_hidden_target;Stopped;1702621;-3685;-6608;12587;10692
14;L2_hidden_target;Stopped;1702632;-3685;-6608;12587;10692
14;L2_hidden_target;Stopped;1702643;-3685;-6608;12587;10692
14;L2_hidden_target;Stopped;1702656;-3685;-6608;12587;10692
14;L2_hidden_target;Stopped;1702668;-3685;-6608;12587;10692
14;L2_hidden_target;Stopped;1702682;-3685;-6608;12587;10692
14;L2_hidden_target;Stopped;1702695;-3685;-6608;12587;10692
14;L2_hidden_target;Stopped;1702708;-3685;-6608;12587;10692
14;L2_hidden_target;Stopped;1702722;-3685;-6608;12587;10692
14;L2_hidden_target;Stopped;1702735;-3685;-6608;12587;10692
14;L2_hidden_target;End;1717571;-3685;-6608;12587;10692
15;M1_cued_target;Begin;1717571;7000;7000;0;0
15;M1_cued_target;Stopped;1841604;-4194;-5417;17859;16718
15;M1_cued_target;Stopped;1841617;-4194;-5417;17859;16718
15;M1_cued_target;Stopped;1841631;-4194;-5417;17859;16718
15;M1_cued_target;Stopped;1841644;-4194;-5417;17859;16718
15;M1_cued_target;Stopped;1841658;-4194;-5417;17859;16718
15;M1_cued_target;Stopped;1841671;-4194;-5417;17859;16718
15;M1_cued_target;Stopped;1841684;-4194;-5417;17859;16718
15;M1_cued_target;Stopped;1841698;-4194;-5417;17859;16718
15;M1_cued_target;Stopped;1841711;-4194;-5417;17859;16718
15;M1_cued_target;Stopped;1841724;-4194;-5417;17859;16718
15;M1_cued_target;Stopped;1841738;-4194;-5417;17859;16718
15;M1_cued_target;Stopped;1841751;-4194;-5417;17859;16718
15;M1_cued_target;End;1856625;-4194;-5417;17859;16718
16;L3_hidden_target;Begin;1856625;-7000;7000;0;0
16;L3_hidden_target;Stopped;1949516;-5003;-5873;14525;13027
16;L3_hidden_target;Stopped;1949529;-5003;-5873;14525;13027
16;L3_hidden_target;Stopped;1949539;-5003;-5873;14525;13027
16;L3_hidden_target;Stopped;1949552;-5003;-5873;14525;13027
16;L3_hidden_target;Stopped;1949565;-5003;-5873;14525;13027
16;L3_hidden_target;Stopped;1949578;-5003;-5873;14525;13027
16;L3_hidden_target;Stopped;1949592;-5003;-5873;14525;13027
16;L3_hidden_target;Stopped;1949605;-5003;-5873;14525;13027
16;L3_hidden_target;Stopped;1949618;-5003;-5873;14525;13027
16;L3_hidden_target;Stopped;1949632;-5003;-5873;14525;13027
16;L3_hidden_target;Stopped;1949645;-5003;-5873;14525;13027
16;L3_hidden_target;Stopped;1949658;-5003;-5873;14525;13027
16;L3_hidden_target;Stopped;1949672;-5003;-5873;14525;13027
16;L3_hidden_target;Stopped;1949685;-5003;-5873;14525;13027
16;L3_hidden_target;End;1964534;-5003;-5873;14525;13027
16;L3_hidden_target;Begin;1964534;-5003;-5873;14525;13027
