1;M3_cued_target;Stopped;161921;-3848;-5421;26317;12815
1;M3_cued_target;Stopped;161934;-3848;-5421;26317;12815
1;M3_cued_target;Stopped;161947;-3848;-5421;26317;12815
1;M3_cued_target;Stopped;161961;-3848;-5421;26317;12815
1;M3_cued_target;Stopped;161974;-3848;-5421;26317;12815
1;M3_cued_target;Stopped;161987;-3848;-5421;26317;12815
1;M3_cued_target;Stopped;162001;-3848;-5421;26317;12815
1;M3_cued_target;Stopped;162014;-3848;-5421;26317;12815
1;M3_cued_target;Stopped;162027;-3848;-5421;26317;12815
1;M3_cued_target;Stopped;162041;-3848;-5421;26317;12815
1;M3_cued_target;Stopped;162054;-3848;-5421;26317;12815
1;M3_cued_target;Stopped;162067;-3848;-5421;26317;12815
1;M3_cued_target;Stopped;162081;-3848;-5421;26317;12815
1;M3_cued_target;Stopped;162098;-3848;-5421;26317;12815
1;M3_cued_target;Stopped;162112;-3848;-5421;26317;12815
1;M3_cued_target;Stopped;162125;-3848;-5421;26317;12815
1;M3_cued_target;Stopped;162134;-3848;-5421;26317;12815
1;M3_cued_target;Stopped;162148;-3848;-5421;26317;12815
1;M3_cued_target;Stopped;162161;-3848;-5421;26317;12815
1;M3_cued_target;Stopped;162174;-3848;-5421;26317;12815
1;M3_cued_target;Stopped;162188;-3848;-5421;26317;12815
1;M3_cued_target;Stopped;162201;-3848;-5421;26317;12815
1;M3_cued_target;Stopped;162214;-3848;-5421;26317;12815
1;M3_cued_target;End;176941;-3848;-5421;26317;12815
2;L1_hidden_target;Begin;176941;7000;7000;0;0
2;L1_hidden_target;Stopped;315051;-4475;-5421;27837;16910
2;L1_hidden_target;Stopped;315065;-4475;-5421;27837;16910
2;L1_hidden_target;Stopped;315078;-4475;-5421;27837;16910
2;L1_hidden_target;Stopped;315091;-4475;-5421;27837;16910
2;L1_hidden_target;Stopped;315105;-4475;-5421;27837;16910
2;L1_hidden_target;Stopped;315118;-4475;-5421;27837;16910
2;L1_hidden_target;Stopped;315131;-4475;-5421;27837;16910
2;L1_hidden_target;Stopped;315145;-4475;-5421;27837;16910
2;L1_hidden_target;Stopped;315158;-4475;-5421;27837;16910
2;L1_hidden_target;Stopped;315171;-4475;-5421;27837;16910
2;L1_hidden_target;Stopped;315185;-4475;-5421;27837;16910
2;L1_hidden_target;Stopped;315198;-4475;-5421;27837;16910
2;L1_hidden_target;Stopped;315211;-4475;-5421;27837;16910
2;L1_hidden_target;Stopped;315228;-4475;-5421;27837;16910
2;L1_hidden_target;Stopped;315241;-4475;-5421;27837;16910
2;L1_hidden_target;Stopped;315251;-4475;-5421;27837;16910
2;L1_hidden_target;Stopped;315269;-4475;-5421;27837;16910
2;L1_hidden_target;Stopped;315279;-4475;-5421;27837;16910
2;L1_hidden_target;Stopped;315292;-4475;-5421;27837;16910
2;L1_hidden_target;Stopped;315305;-4475;-5421;27837;16910
2;L1_hidden_target;Stopped;315318;-4475;-5421;27837;16910
2;L1_hidden_target;Stopped;315331;-4475;-5421;27837;16910
2;L1_hidden_target;Stopped;315344;-4475;-5421;27837;16910
2;L1_hidden_target;End;330073;-4475;-5421;27837;16910
3;M1_cued_target;Begin;330073;7000;7000;0;0
3;M1_cued_target;Stopped;415334;-3685;-5718;17303;16611
3;M1_cued_target;Stopped;415348;-3685;-5718;17303;16611
3;M1_cued_target;Stopped;415361;-3685;-5718;17303;16611
3;M1_cued_target;Stopped;415374;-3685;-5718;17303;16611
3;M1_cued_target;Stopped;415388;-3685;-5718;17303;16611
3;M1_cued_target;Stopped;415401;-3685;-5718;17303;16611
3;M1_cued_target;Stopped;415414;-3685;-5718;17303;16611
3;M1_cued_target;Stopped;415428;-3685;-5718;17303;16611
3;M1_cued_target;Stopped;415441;-3685;-5718;17303;16611
3;M1_cued_target;Stopped;415454;-3685;-5718;17303;16611
3;M1_cued_target;Stopped;415468;-3685;-5718;17303;16611
3;M1_cued_target;Stopped;415481;-3685;-5718;17303;16611
3;M1_cued_target;Stopped;415494;-3685;-5718;17303;16611
3;M1_cued_target;Stopped;415534;-3685;-5718;17303;16611
3;M1_cued_target;Stopped;415548;-3685;-5718;17303;16611
3;M1_cued_target;Stopped;415561;-3685;-5718;17303;16611
3;M1_cued_target;Stopped;415574;-3685;-5718;17303;16611
3;M1_cued_target;Stopped;415588;-3685;-5718;17303;16611
3;M1_cued_target;Stopped;415601;-3685;-5718;17303;16611
3;M1_cued_target;End;430355;-3685;-5718;17303;16611
4;L2_hidden_target;Begin;430355;7000;-7000;0;0
4;L2_hidden_target;Stopped;484802;-4004;-6704;10945;11008
4;L2_hidden_target;Stopped;484820;-4004;-6704;10945;11008
4;L2_hidden_target;Stopped;484833;-4004;-6704;10945;11008
4;L2_hidden_target;Stopped;484844;-4004;-6704;10945;11008
4;L2_hidden_target;Stopped;484857;-4004;-6704;10945;11008
4;L2_hidden_target;Stopped;484869;-4004;-6704;10945;11008
4;L2_hidden_target;Stopped;484882;-4004;-6704;10945;11008
4;L2_hidden_target;Stopped;484895;-4004;-6704;10945;11008
4;L2_hidden_target;Stopped;484908;-4004;-6704;10945;11008
4;L2_hidden_target;Stopped;484922;-4004;-6704;10945;11008
4;L2_hidden_target;Stopped;484935;-4004;-6704;10945;11008
4;L2_hidden_target;Stopped;484948;-4004;-6704;10945;11008
4;L2_hidden_target;Stopped;484962;-4004;-6704;10945;11008
4;L2_hidden_target;Stopped;484975;-4004;-6704;10945;11008
4;L2_hidden_target;Stopped;484988;-4004;-6704;10945;11008
4;L2_hidden_target;Stopped;485002;-4004;-6704;10945;11008
4;L2_hidden_target;Stopped;485016;-4004;-6704;10945;11008
4;L2_hidden_target;Stopped;485032;-4004;-6704;10945;11008
4;L2_hidden_target;End;499823;-4004;-6704;10945;11008
5;M2_cued_target;Begin;499823;7000;-7000;0;0
5;M2_cued_target;Stopped;550578;-3682;-6287;10035;10706
5;M2_cued_target;Stopped;550591;-3682;-6287;10035;10706
5;M2_cued_target;Stopped;550605;-3682;-6287;10035;10706
5;M2_cued_target;Stopped;550618;-3682;-6287;10035;10706
5;M2_cued_target;Stopped;550631;-3682;-6287;10035;10706
5;M2_cued_target;Stopped;550649;-3682;-6287;10035;10706
5;M2_cued_target;Stopped;550662;-3682;-6287;10035;10706
5;M2_cued_target;Stopped;550675;-3682;-6287;10035;10706
5;M2_cued_target;Stopped;550685;-3682;-6287;10035;10706
5;M2_cued_target;Stopped;550698;-3682;-6287;10035;10706
5;M2_cued_target;Stopped;550711;-3682;-6287;10035;10706
5;M2_cued_target;Stopped;550725;-3682;-6287;10035;10706
5;M2_cued_target;Stopped;550738;-3682;-6287;10035;10706
5;M2_cued_target;Stopped;550751;-3682;-6287;10035;10706
5;M2_cued_target;Stopped;550765;-3682;-6287;10035;10706
5;M2_cued_target;Stopped;550778;-3682;-6287;10035;10706
5;M2_cued_target;Stopped;550791;-3682;-6287;10035;10706
5;M2_cued_target;Stopped;550805;-3682;-6287;10035;10706
5;M2_cued_target;Stopped;550818;-3682;-6287;10035;10706
5;M2_cued_target;End;565599;-3682;-6287;10035;10706
6;L3_hidden_target;Begin;565599;-7000;7000;0;0
6;L3_hidden_target;Stopped;723143;-3690;-5479;30070;12911
6;L3_hidden_target;Stopped;723156;-3690;-5479;30070;12911
6;L3_hidden_target;Stopped;723170;-3690;-5479;30070;12911
6;L3_hidden_target;Stopped;723183;-3690;-5479;30070;12911
6;L3_hidden_target;Stopped;723196;-3690;-5479;30070;12911
6;L3_hidden_target;Stopped;723210;-3690;-5479;30070;12911
6;L3_hidden_target;Stopped;723223;-3690;-5479;30070;12911
6;L3_hidden_target;Stopped;723236;-3690;-5479;30070;12911
6;L3_hidden_target;Stopped;723250;-3690;-5479;30070;12911
6;L3_hidden_target;Stopped;723263;-3690;-5479;30070;12911
6;L3_hidden_target;Stopped;723276;-3690;-5479;30070;12911
6;L3_hidden_target;Stopped;723290;-3690;-5479;30070;12911
6;L3_hidden_target;Stopped;723306;-3690;-5479;30070;12911
6;L3_hidden_target;Stopped;723319;-3690;-5479;30070;12911
6;L3_hidden_target;Stopped;723330;-3690;-5479;30070;12911
6;L3_hidden_target;Stopped;723343;-3690;-5479;30070;12911
6;L3_hidden_target;Stopped;723356;-3690;-5479;30070;12911
6;L3_hidden_target;Stopped;723369;-3690;-5479;30070;12911
6;L3_hidden_target;Stopped;723383;-3690;-5479;30070;12911
6;L3_hidden_target;Stopped;723396;-3690;-5479;30070;12911
6;L3_hidden_target;Stopped;723409;-3690;-5479;30070;12911
6;L3_hidden_target;Stopped;723423;-3690;-5479;30070;12911
6;L3_hidden_target;Stopped;723436;-3690;-5479;30070;12911
6;L3_hidden_target;End;738162;-3690;-5479;30070;12911
7;M1_cued_target;Begin;738162;7000;7000;0;0
7;M1_cued_target;Stopped;865901;-3957;-5420;25177;16563
7;M1_cued_target;Stopped;865915;-3957;-5420;25177;16563
7;M1_cued_target;Stopped;865928;-3957;-5420;25177;16563
7;M1_cued_target;Stopped;865942;-3957;-5420;25177;16563
7;M1_cued_target;Stopped;865955;-3957;-5420;25177;16563
7;M1_cued_target;Stopped;865968;-3957;-5420;25177;16563
7;M1_cued_target;Stopped;865986;-3957;-5420;25177;16563
7;M1_cued_target;Stopped;865999;-3957;-5420;25177;16563
7;M1_cued_target;Stopped;866009;-3957;-5420;25177;16563
7;M1_cued_target;Stopped;866022;-3957;-5420;25177;16563
7;M1_cued_target;Stopped;866035;-3957;-5420;25177;16563
7;M1_cued_target;Stopped;866048;-3957;-5420;25177;16563
7;M1_cued_target;Stopped;866062;-3957;-5420;25177;16563
7;M1_cued_target;Stopped;866075;-3957;-5420;25177;16563
7;M1_cued_target;Stopped;866088;-3957;-5420;25177;16563
7;M1_cued_target;Stopped;866102;-3957;-5420;25177;16563
7;M1_cued_target;Stopped;866115;-3957;-5420;25177;16563
7;M1_cued_target;Stopped;866128;-3957;-5420;25177;16563
7;M1_cued_target;End;880923;-3957;-5420;25177;16563
8;L2_hidden_target;Begin;880923;7000;-7000;0;0
8;L2_hidden_target;Stopped;1038453;-4529;-5420;29341;11636
8;L2_hidden_target;Stopped;1038466;-4529;-5420;29341;11636
8;L2_hidden_target;Stopped;1038480;-4529;-5420;29341;11636
8;L2_hidden_target;Stopped;1038520;-4529;-5420;29341;11636
8;L2_hidden_target;Stopped;1038533;-4529;-5420;29341;11636
8;L2_hidden_target;Stopped;1038546;-4529;-5420;29341;11636
8;L2_hidden_target;Stopped;1038560;-4529;-5420;29341;11636
8;L2_hidden_target;Stopped;1038573;-4529;-5420;29341;11636
8;L2_hidden_target;Stopped;1038586;-4529;-5420;29341;11636
8;L2_hidden_target;Stopped;1038600;-4529;-5420;29341;11636
8;L2_hidden_target;Stopped;1038613;-4529;-5420;29341;11636
8;L2_hidden_target;Stopped;1038626;-4529;-5420;29341;11636
8;L2_hidden_target;Stopped;1038640;-4529;-5420;29341;11636
8;L2_hidden_target;Stopped;1038653;-4529;-5420;29341;11636
8;L2_hidden_target;Stopped;1038666;-4529;-5420;29341;11636
8;L2_hidden_target;End;1053473;-4529;-5420;29341;11636
9;M3_cued_target;Begin;1053473;-7000;7000;0;0
9;M3_cued_target;Stopped;1166551;-3977;-5420;19028;12782
9;M3_cued_target;Stopped;1166565;-3977;-5420;19028;12782
9;M3_cued_target;Stopped;1166578;-3977;-5420;19028;12782
9;M3_cued_target;Stopped;1166591;-3977;-5420;19028;12782
9;M3_cued_target;Stopped;1166605;-3977;-5420;19028;12782
9;M3_cued_target;Stopped;1166618;-3977;-5420;19028;12782
9;M3_cued_target;Stopped;1166631;-3977;-5420;19028;12782
9;M3_cued_target;Stopped;1166645;-3977;-5420;19028;12782
9;M3_cued_target;Stopped;1166658;-3977;-5420;19028;12782
9;M3_cued_target;Stopped;1166671;-3977;-5420;19028;12782
9;M3_cued_target;Stopped;1166685;-3977;-5420;19028;12782
9;M3_cued_target;Stopped;1166698;-3977;-5420;19028;12782
9;M3_cued_target;Stopped;1166711;-3977;-5420;19028;12782
9;M3_cued_target;Stopped;1166725;-3977;-5420;19028;12782
9;M3_cued_target;Stopped;1166738;-3977;-5420;19028;12782
9;M3_cued_target;Stopped;1166751;-3977;-5420;19028;12782
9;M3_cued_target;Stopped;1166765;-3977;-5420;19028;12782
9;M3_cued_target;Stopped;1166778;-3977;-5420;19028;12782
9;M3_cued_target;Stopped;1166791;-3977;-5420;19028;12782
9;M3_cued_target;Stopped;1166804;-3977;-5420;19028;12782
9;M3_cued_target;Stopped;1166818;-3977;-5420;19028;12782
9;M3_cued_target;End;1181573;-3977;-5420;19028;12782
10;L1_hidden_target;Begin;1181573;7000;7000;0;0
10;L1_hidden_target;Stopped;1322829;-3687;-5753;27911;16639
10;L1_hidden_target;Stopped;1322842;-3687;-5753;27911;16639
10;L1_hidden_target;Stopped;1322856;-3687;-5753;27911;16639
10;L1_hidden_target;Stopped;1322869;-3687;-5753;27911;16639
10;L1_hidden_target;Stopped;1322882;-3687;-5753;27911;16639
10;L1_hidden_target;Stopped;1322896;-3687;-5753;27911;16639
10;L1_hidden_target;Stopped;1322909;-3687;-5753;27911;16639
10;L1_hidden_target;Stopped;1322922;-3687;-5753;27911;16639
10;L1_hidden_target;Stopped;1322936;-3687;-5753;27911;16639
10;L1_hidden_target;Stopped;1322949;-3687;-5753;27911;16639
10;L1_hidden_target;Stopped;1322962;-3687;-5753;27911;16639
10;L1_hidden_target;Stopped;1322976;-3687;-5753;27911;16639
10;L1_hidden_target;Stopped;1322989;-3687;-5753;27911;16639
10;L1_hidden_target;Stopped;1323002;-3687;-5753;27911;16639
10;L1_hidden_target;Stopped;1323016;-3687;-5753;27911;16639
10;L1_hidden_target;Stopped;1323029;-3687;-5753;27911;16639
10;L1_hidden_target;Stopped;1323042;-3687;-5753;27911;16639
10;L1_hidden_target;Stopped;1323055;-3687;-5753;27911;16639
10;L1_hidden_target;Stopped;1323069;-3687;-5753;27911;16639
10;L1_hidden_target;Stopped;1323082;-3687;-5753;27911;16639
10;L1_hidden_target;Stopped;1323096;-3687;-5753;27911;16639
10;L1_hidden_target;End;1337850;-3687;-5753;27911;16639
11;M2_cued_target;Begin;1337850;7000;-7000;0;0
11;M2_cued_target;Stopped;1400950;-3680;-5935;12515;10733
11;M2_cued_target;Stopped;1400961;-3680;-5935;12515;10733
11;M2_cued_target;Stopped;1400973;-3680;-5935;12515;10733
11;M2_cued_target;Stopped;1400986;-3680;-5935;12515;10733
11;M2_cued_target;Stopped;1400999;-3680;-5935;12515;10733
11;M2_cued_target;Stopped;1401013;-3680;-5935;12515;10733
11;M2_cued_target;Stopped;1401026;-3680;-5935;12515;10733
11;M2_cued_target;Stopped;1401043;-3680;-5935;12515;10733
11;M2_cued_target;Stopped;1401054;-3680;-5935;12515;10733
11;M2_cued_target;Stopped;1401067;-3680;-5935;12515;10733
11;M2_cued_target;Stopped;1401080;-3680;-5935;12515;10733
11;M2_cued_target;Stopped;1401093;-3680;-5935;12515;10733
11;M2_cued_target;Stopped;1401106;-3680;-5935;12515;10733
11;M2_cued_target;Stopped;1401119;-3680;-5935;12515;10733
11;M2_cued_target;Stopped;1401132;-3680;-5935;12515;10733
11;M2_cued_target;Stopped;1401146;-3680;-5935;12515;10733
11;M2_cued_target;Stopped;1401159;-3680;-5935;12515;10733
11;M2_cued_target;Stopped;1401173;-3680;-5935;12515;10733
11;M2_cued_target;Stopped;1401186;-3680;-5935;12515;10733
11;M2_cued_target;Stopped;1401199;-3680;-5935;12515;10733
11;M2_cued_target;Stopped;1401213;-3680;-5935;12515;10733
11;M2_cued_target;Stopped;1401226;-3680;-5935;12515;10733
11;M2_cued_target;Stopped;1401239;-3680;-5935;12515;10733
11;M2_cued_target;End;1415967;-3680;-5935;12515;10733
12;L3_hidden_target;Begin;1415967;-7000;6999;0;0
12;L3_hidden_target;Stopped;1570205;-3687;-5594;31398;13022
12;L3_hidden_target;Stopped;1570218;-3687;-5594;31398;13022
12;L3_hidden_target;Stopped;1570232;-3687;-5594;31398;13022
12;L3_hidden_target;Stopped;1570245;-3687;-5594;31398;13022
12;L3_hidden_target;Stopped;1570258;-3687;-5594;31398;13022
12;L3_hidden_target;Stopped;1570272;-3687;-5594;31398;13022
12;L3_hidden_target;Stopped;1570285;-3687;-5594;31398;13022
12;L3_hidden_target;Stopped;1570298;-3687;-5594;31398;13022
12;L3_hidden_target;Stopped;1570312;-3687;-5594;31398;13022
12;L3_hidden_target;Stopped;1570325;-3687;-5594;31398;13022
12;L3_hidden_target;Stopped;1570338;-3687;-5594;31398;13022
12;L3_hidden_target;Stopped;1570351;-3687;-5594;31398;13022
12;L3_hidden_target;Stopped;1570365;-3687;-5594;31398;13022
12;L3_hidden_target;Stopped;1570378;-3687;-5594;31398;13022
12;L3_hidden_target;Stopped;1570391;-3687;-5594;31398;13022
12;L3_hidden_target;Stopped;1570405;-3687;-5594;31398;13022
12;L3_hidden_target;Stopped;1570418;-3687;-5594;31398;13022
12;L3_hidden_target;Stopped;1570431;-3687;-5594;31398;13022
12;L3_hidden_target;Stopped;1570445;-3687;-5594;31398;13022
12;L3_hidden_target;End;1585225;-3687;-5594;31398;13022
13;M3_cued_target;Begin;1585225;-7000;6999;0;0
13;M3_cued_target;Stopped;1647109;-4238;-5415;12792;12718
13;M3_cued_target;Stopped;1647123;-4238;-5415;12792;12718
13;M3_cued_target;Stopped;1647136;-4238;-5415;12792;12718
13;M3_cued_target;Stopped;1647149;-4238;-5415;12792;12718
13;M3_cued_target;Stopped;1647162;-4238;-5415;12792;12718
13;M3_cued_target;Stopped;1647180;-4238;-5415;12792;12718
13;M3_cued_target;Stopped;1647193;-4238;-5415;12792;12718
13;M3_cued_target;Stopped;1647203;-4238;-5415;12792;12718
13;M3_cued_target;Stopped;1647216;-4238;-5415;12792;12718
13;M3_cued_target;Stopped;1647229;-4238;-5415;12792;12718
13;M3_cued_target;Stopped;1647242;-4238;-5415;12792;12718
13;M3_cued_target;Stopped;1647256;-4238;-5415;12792;12718
13;M3_cued_target;Stopped;1647269;-4238;-5415;12792;12718
13;M3_cued_target;Stopped;1647282;-4238;-5415;12792;12718
13;M3_cued_target;Stopped;1647296;-4238;-5415;12792;12718
13;M3_cued_target;Stopped;1647310;-4238;-5415;12792;12718
13;M3_cued_target;Stopped;1647323;-4238;-5415;12792;12718
13;M3_cued_target;Stopped;1647337;-4238;-5415;12792;12718
13;M3_cued_target;Stopped;1647349;-4238;-5415;12792;12718
13;M3_cued_target;Stopped;1647362;-4238;-5415;12792;12718
13;M3_cued_target;Stopped;1647376;-4238;-5415;12792;12718
13;M3_cued_target;End;1662131;-4238;-5415;12792;12718
14;L2_hidden_target;Begin;1662131;7000;-7000;0;0
14;L2_hidden_target;Stopped;1809826;-4396;-5422;29911;11504
14;L2_hidden_target;Stopped;1809837;-4396;-5422;29911;11504
14;L2_hidden_target;Stopped;1809851;-4396;-5422;29911;11504
14;L2_hidden_target;Stopped;1809864;-4396;-5422;29911;11504
14;L2_hidden_target;Stopped;1809877;-4396;-5422;29911;11504
14;L2_hidden_target;Stopped;1809891;-4396;-5422;29911;11504
14;L2_hidden_target;Stopped;1809904;-4396;-5422;29911;11504
14;L2_hidden_target;Stopped;1809920;-4396;-5422;29911;11504
14;L2_hidden_target;Stopped;1809933;-4396;-5422;29911;11504
14;L2_hidden_target;Stopped;1809945;-4396;-5422;29911;11504
14;L2_hidden_target;Stopped;1809957;-4396;-5422;29911;11504
14;L2_hidden_target;Stopped;1809971;-4396;-5422;29911;11504
14;L2_hidden_target;Stopped;1809984;-4396;-5422;29911;11504
14;L2_hidden_target;Stopped;1810001;-4396;-5422;29911;11504
14;L2_hidden_target;Stopped;1810011;-4396;-5422;29911;11504
14;L2_hidden_target;Stopped;1810024;-4396;-5422;29911;11504
14;L2_hidden_target;Stopped;1810037;-4396;-5422;29911;11504
14;L2_hidden_target;Stopped;1810050;-4396;-5422;29911;11504
14;L2_hidden_target;End;1824845;-4396;-5422;29911;11504
15;M1_cued_target;Begin;1824845;6999;7000;0;0
15;M1_cued_target;Stopped;2109100;-3800;-5423;51620;16462
15;M1_cued_target;Stopped;2109113;-3800;-5423;51620;16462
15;M1_cued_target;Stopped;2109126;-3800;-5423;51620;16462
15;M1_cued_target;Stopped;2109140;-3800;-5423;51620;16462
15;M1_cued_target;Stopped;2109153;-3800;-5423;51620;16462
15;M1_cued_target;Stopped;2109166;-3800;-5423;51620;16462
15;M1_cued_target;Stopped;2109180;-3800;-5423;51620;16462
15;M1_cued_target;Stopped;2109193;-3800;-5423;51620;16462
15;M1_cued_target;Stopped;2109206;-3800;-5423;51620;16462
15;M1_cued_target;Stopped;2109220;-3800;-5423;51620;16462
15;M1_cued_target;Stopped;2109233;-3800;-5423;51620;16462
15;M1_cued_target;Stopped;2109246;-3800;-5423;51620;16462
15;M1_cued_target;Stopped;2109260;-3800;-5423;51620;16462
15;M1_cued_target;Stopped;2109273;-3800;-5423;51620;16462
15;M1_cued_target;Stopped;2109286;-3800;-5423;51620;16462
15;M1_cued_target;Stopped;2109300;-3800;-5423;51620;16462
15;M1_cued_target;Stopped;2109313;-3800;-5423;51620;16462
15;M1_cued_target;Stopped;2109326;-3800;-5423;51620;16462
15;M1_cued_target;Stopped;2109340;-3800;-5423;51620;16462
15;M1_cued_target;Stopped;2109353;-3800;-5423;51620;16462
15;M1_cued_target;End;2124120;-3800;-5423;51620;16462
16;L3_hidden_target;Begin;2124120;-7000;7000;0;0
16;L3_hidden_target;Stopped;2270894;-3830;-5422;27684;12820
16;L3_hidden_target;Stopped;2270908;-3830;-5422;27684;12820
16;L3_hidden_target;Stopped;2270921;-3830;-5422;27684;12820
16;L3_hidden_target;Stopped;2270939;-3830;-5422;27684;12820
16;L3_hidden_target;Stopped;2270952;-3830;-5422;27684;12820
16;L3_hidden_target;Stopped;2270966;-3830;-5422;27684;12820
16;L3_hidden_target;Stopped;2270978;-3830;-5422;27684;12820
16;L3_hidden_target;Stopped;2270988;-3830;-5422;27684;12820
16;L3_hidden_target;Stopped;2271001;-3830;-5422;27684;12820
16;L3_hidden_target;Stopped;2271015;-3830;-5422;27684;12820
16;L3_hidden_target;Stopped;2271028;-3830;-5422;27684;12820
16;L3_hidden_target;Stopped;2271041;-3830;-5422;27684;12820
16;L3_hidden_target;Stopped;2271054;-3830;-5422;27684;12820
16;L3_hidden_target;Stopped;2271068;-3830;-5422;27684;12820
16;L3_hidden_target;Stopped;2271081;-3830;-5422;27684;12820
16;L3_hidden_target;Stopped;2271094;-3830;-5422;27684;12820
16;L3_hidden_target;Stopped;2271108;-3830;-5422;27684;12820
16;L3_hidden_target;Stopped;2271121;-3830;-5422;27684;12820
16;L3_hidden_target;Stopped;2271134;-3830;-5422;27684;12820
16;L3_hidden_target;End;2285915;-3830;-5422;27684;12820
16;L3_hidden_target;Begin;2285915;-3830;-5422;27684;12820
