1;M3_cued_target;Stopped;117102;-3998;-5420;20140;12777
1;M3_cued_target;Stopped;117115;-3998;-5420;20140;12777
1;M3_cued_target;Stopped;117129;-3998;-5420;20140;12777
1;M3_cued_target;Stopped;117142;-3998;-5420;20140;12777
1;M3_cued_target;Stopped;117155;-3998;-5420;20140;12777
1;M3_cued_target;Stopped;117168;-3998;-5420;20140;12777
1;M3_cued_target;Stopped;117182;-3998;-5420;20140;12777
1;M3_cued_target;Stopped;117195;-3998;-5420;20140;12777
1;M3_cued_target;Stopped;117209;-3998;-5420;20140;12777
1;M3_cued_target;Stopped;117222;-3998;-5420;20140;12777
1;M3_cued_target;Stopped;117235;-3998;-5420;20140;12777
1;M3_cued_target;Stopped;117249;-3998;-5420;20140;12777
1;M3_cued_target;Stopped;117262;-3998;-5420;20140;12777
1;M3_cued_target;Stopped;117275;-3998;-5420;20140;12777
1;M3_cued_target;Stopped;117289;-3998;-5420;20140;12777
1;M3_cued_target;Stopped;117302;-3998;-5420;20140;12777
1;M3_cued_target;Stopped;117315;-3998;-5420;20140;12777
1;M3_cued_target;Stopped;117329;-3998;-5420;20140;12777
1;M3_cued_target;Stopped;117342;-3998;-5420;20140;12777
1;M3_cued_target;Stopped;117355;-3998;-5420;20140;12777
1;M3_cued_target;Stopped;117369;-3998;-5420;20140;12777
1;M3_cued_target;Stopped;117382;-3998;-5420;20140;12777
1;M3_cued_target;Stopped;117395;-3998;-5420;20140;12777
1;M3_cued_target;End;132123;-3998;-5420;20140;12777
2;L2_hidden_target;Begin;132123;7000;-7000;0;0
2;L2_hidden_target;Stopped;223189;-4968;-5968;44475;12013
2;L2_hidden_target;Stopped;223198;-4968;-5968;44475;12013
2;L2_hidden_target;Stopped;223211;-4968;-5968;44475;12013
2;L2_hidden_target;Stopped;223224;-4968;-5968;44475;12013
2;L2_hidden_target;Stopped;223237;-4968;-5968;44475;12013
2;L2_hidden_target;Stopped;223250;-4968;-5968;44475;12013
2;L2_hidden_target;Stopped;223264;-4968;-5968;44475;12013
2;L2_hidden_target;Stopped;223277;-4968;-5968;44475;12013
2;L2_hidden_target;Stopped;223290;-4968;-5968;44475;12013
2;L2_hidden_target;Stopped;223304;-4968;-5968;44475;12013
2;L2_hidden_target;Stopped;223317;-4968;-5968;44475;12013
2;L2_hidden_target;Stopped;223330;-4968;-5968;44475;12013
2;L2_hidden_target;Stopped;223343;-4968;-5968;44475;12013
2;L2_hidden_target;Stopped;223357;-4968;-5968;44475;12013
2;L2_hidden_target;Stopped;223370;-4968;-5968;44475;12013
2;L2_hidden_target;Stopped;223384;-4968;-5968;44475;12013
2;L2_hidden_target;Stopped;223397;-4968;-5968;44475;12013
2;L2_hidden_target;Stopped;223410;-4968;-5968;44475;12013
2;L2_hidden_target;Stopped;223423;-4968;-5968;44475;12013
2;L2_hidden_target;Stopped;223437;-4968;-5968;44475;12013
2;L2_hidden_target;Stopped;223450;-4968;-5968;44475;12013
2;L2_hidden_target;Stopped;223464;-4968;-5968;44475;12013
2;L2_hidden_target;End;238205;-4968;-5968;44475;12013
3;M1_cued_target;Begin;238205;6999;7000;0;0
3;M1_cued_target;Stopped;327597;-3865;-5424;18220;16505
3;M1_cued_target;Stopped;327611;-3865;-5424;18220;16505
3;M1_cued_target;Stopped;327624;-3865;-5424;18220;16505
3;M1_cued_target;Stopped;327638;-3865;-5424;18220;16505
3;M1_cued_target;Stopped;327651;-3865;-5424;18220;16505
3;M1_cued_target;Stopped;327664;-3865;-5424;18220;16505
3;M1_cued_target;Stopped;327678;-3865;-5424;18220;16505
3;M1_cued_target;Stopped;327691;-3865;-5424;18220;16505
3;M1_cued_target;Stopped;327704;-3865;-5424;18220;16505
3;M1_cued_target;Stopped;327717;-3865;-5424;18220;16505
3;M1_cued_target;Stopped;327731;-3865;-5424;18220;16505
3;M1_cued_target;Stopped;327744;-3865;-5424;18220;16505
3;M1_cued_target;Stopped;327758;-3865;-5424;18220;16505
3;M1_cued_target;Stopped;327771;-3865;-5424;18220;16505
3;M1_cued_target;Stopped;327784;-3865;-5424;18220;16505
3;M1_cued_target;Stopped;327797;-3865;-5424;18220;16505
3;M1_cued_target;Stopped;327811;-3865;-5424;18220;16505
3;M1_cued_target;Stopped;327825;-3865;-5424;18220;16505
3;M1_cued_target;Stopped;327838;-3865;-5424;18220;16505
3;M1_cued_target;Stopped;327851;-3865;-5424;18220;16505
3;M1_cued_target;Stopped;327864;-3865;-5424;18220;16505
3;M1_cued_target;Stopped;327878;-3865;-5424;18220;16505
3;M1_cued_target;Stopped;327891;-3865;-5424;18220;16505
3;M1_cued_target;Stopped;327904;-3865;-5424;18220;16505
3;M1_cued_target;End;342619;-3865;-5424;18220;16505
4;L2_hidden_target;Begin;342619;7000;-7000;0;0
4;L2_hidden_target;Stopped;388402;-3933;-6700;24772;10937
4;L2_hidden_target;Stopped;388416;-3933;-6700;24772;10937
4;L2_hidden_target;Stopped;388429;-3933;-6700;24772;10937
4;L2_hidden_target;Stopped;388442;-3933;-6700;24772;10937
4;L2_hidden_target;Stopped;388456;-3933;-6700;24772;10937
4;L2_hidden_target;Stopped;388469;-3933;-6700;24772;10937
4;L2_hidden_target;Stopped;388482;-3933;-6700;24772;10937
4;L2_hidden_target;Stopped;388496;-3933;-6700;24772;10937
4;L2_hidden_target;Stopped;388522;-3933;-6700;24772;10937
4;L2_hidden_target;Stopped;388536;-3933;-6700;24772;10937
4;L2_hidden_target;Stopped;388549;-3933;-6700;24772;10937
4;L2_hidden_target;Stopped;388562;-3933;-6700;24772;10937
4;L2_hidden_target;Stopped;388576;-3933;-6700;24772;10937
4;L2_hidden_target;Stopped;388589;-3933;-6700;24772;10937
4;L2_hidden_target;Stopped;388602;-3933;-6700;24772;10937
4;L2_hidden_target;Stopped;388616;-3933;-6700;24772;10937
4;L2_hidden_target;Stopped;388629;-3933;-6700;24772;10937
4;L2_hidden_target;Stopped;388642;-3933;-6700;24772;10937
4;L2_hidden_target;Stopped;388656;-3933;-6700;24772;10937
4;L2_hidden_target;Stopped;388669;-3933;-6700;24772;10937
4;L2_hidden_target;Stopped;388682;-3933;-6700;24772;10937
4;L2_hidden_target;Stopped;388696;-3933;-6700;24772;10937
4;L2_hidden_target;Stopped;388709;-3933;-6700;24772;10937
4;L2_hidden_target;Stopped;388722;-3933;-6700;24772;10937
4;L2_hidden_target;Stopped;388736;-3933;-6700;24772;10937
4;L2_hidden_target;End;403423;-3933;-6700;24772;10937
5;M2_cued_target;Begin;403423;7000;-7000;0;0
5;M2_cued_target;Stopped;470425;-3682;-5915;13684;10737
5;M2_cued_target;Stopped;470439;-3682;-5915;13684;10737
5;M2_cued_target;Stopped;470452;-3682;-5915;13684;10737
5;M2_cued_target;Stopped;470465;-3682;-5915;13684;10737
5;M2_cued_target;Stopped;470479;-3682;-5915;13684;10737
5;M2_cued_target;Stopped;470492;-3682;-5915;13684;10737
5;M2_cued_target;Stopped;470532;-3682;-5915;13684;10737
5;M2_cued_target;Stopped;470545;-3682;-5915;13684;10737
5;M2_cued_target;Stopped;470559;-3682;-5915;13684;10737
5;M2_cued_target;Stopped;470572;-3682;-5915;13684;10737
5;M2_cued_target;Stopped;470585;-3682;-5915;13684;10737
5;M2_cued_target;Stopped;470599;-3682;-5915;13684;10737
5;M2_cued_target;Stopped;470612;-3682;-5915;13684;10737
5;M2_cued_target;Stopped;470625;-3682;-5915;13684;10737
5;M2_cued_target;Stopped;470639;-3682;-5915;13684;10737
5;M2_cued_target;Stopped;470652;-3682;-5915;13684;10737
5;M2_cued_target;Stopped;470665;-3682;-5915;13684;10737
5;M2_cued_target;End;485446;-3682;-5915;13684;10737
6;L2_hidden_target;Begin;485446;7000;-7000;0;0
6;L2_hidden_target;Stopped;509240;-3681;-6111;10914;10718
6;L2_hidden_target;Stopped;509258;-3681;-6111;10914;10718
6;L2_hidden_target;Stopped;509272;-3681;-6111;10914;10718
6;L2_hidden_target;Stopped;509280;-3681;-6111;10914;10718
6;L2_hidden_target;Stopped;509293;-3681;-6111;10914;10718
6;L2_hidden_target;Stopped;509306;-3681;-6111;10914;10718
6;L2_hidden_target;Stopped;509320;-3681;-6111;10914;10718
6;L2_hidden_target;Stopped;509333;-3681;-6111;10914;10718
6;L2_hidden_target;Stopped;509346;-3681;-6111;10914;10718
6;L2_hidden_target;Stopped;509360;-3681;-6111;10914;10718
6;L2_hidden_target;Stopped;509378;-3681;-6111;10914;10718
6;L2_hidden_target;Stopped;509391;-3681;-6111;10914;10718
6;L2_hidden_target;Stopped;509400;-3681;-6111;10914;10718
6;L2_hidden_target;Stopped;509413;-3681;-6111;10914;10718
6;L2_hidden_target;Stopped;509427;-3681;-6111;10914;10718
6;L2_hidden_target;Stopped;509440;-3681;-6111;10914;10718
6;L2_hidden_target;Stopped;509453;-3681;-6111;10914;10718
6;L2_hidden_target;Stopped;509466;-3681;-6111;10914;10718
6;L2_hidden_target;End;524260;-3681;-6111;10914;10718
7;M1_cued_target;Begin;524260;7000;6999;0;0
7;M1_cued_target;Stopped;747883;-4085;-5418;45672;16646
7;M1_cued_target;Stopped;747897;-4085;-5418;45672;16646
7;M1_cued_target;Stopped;747910;-4085;-5418;45672;16646
7;M1_cued_target;Stopped;747923;-4085;-5418;45672;16646
7;M1_cued_target;Stopped;747937;-4085;-5418;45672;16646
7;M1_cued_target;Stopped;747950;-4085;-5418;45672;16646
7;M1_cued_target;Stopped;747964;-4085;-5418;45672;16646
7;M1_cued_target;Stopped;747977;-4085;-5418;45672;16646
7;M1_cued_target;Stopped;747990;-4085;-5418;45672;16646
7;M1_cued_target;Stopped;748004;-4085;-5418;45672;16646
7;M1_cued_target;Stopped;748017;-4085;-5418;45672;16646
7;M1_cued_target;Stopped;748035;-4085;-5418;45672;16646
7;M1_cued_target;Stopped;748048;-4085;-5418;45672;16646
7;M1_cued_target;Stopped;748061;-4085;-5418;45672;16646
7;M1_cued_target;Stopped;748071;-4085;-5418;45672;16646
7;M1_cued_target;Stopped;748084;-4085;-5418;45672;16646
7;M1_cued_target;Stopped;748097;-4085;-5418;45672;16646
7;M1_cued_target;Stopped;748110;-4085;-5418;45672;16646
7;M1_cued_target;Stopped;748123;-4085;-5418;45672;16646
7;M1_cued_target;End;762905;-4085;-5418;45672;16646
8;L2_hidden_target;Begin;762905;7000;-7000;0;0
8;L2_hidden_target;Stopped;785337;-3683;-5951;11165;10734
8;L2_hidden_target;Stopped;785350;-3683;-5951;11165;10734
8;L2_hidden_target;Stopped;785364;-3683;-5951;11165;10734
8;L2_hidden_target;Stopped;785377;-3683;-5951;11165;10734
8;L2_hidden_target;Stopped;785390;-3683;-5951;11165;10734
8;L2_hidden_target;Stopped;785404;-3683;-5951;11165;10734
8;L2_hidden_target;Stopped;785417;-3683;-5951;11165;10734
8;L2_hidden_target;Stopped;785430;-3683;-5951;11165;10734
8;L2_hidden_target;Stopped;785444;-3683;-5951;11165;10734
8;L2_hidden_target;Stopped;785457;-3683;-5951;11165;10734
8;L2_hidden_target;Stopped;785470;-3683;-5951;11165;10734
8;L2_hidden_target;Stopped;785484;-3683;-5951;11165;10734
8;L2_hidden_target;Stopped;785524;-3683;-5951;11165;10734
8;L2_hidden_target;Stopped;785537;-3683;-5951;11165;10734
8;L2_hidden_target;Stopped;785550;-3683;-5951;11165;10734
8;L2_hidden_target;Stopped;785564;-3683;-5951;11165;10734
8;L2_hidden_target;Stopped;785577;-3683;-5951;11165;10734
8;L2_hidden_target;Stopped;785590;-3683;-5951;11165;10734
8;L2_hidden_target;Stopped;785604;-3683;-5951;11165;10734
8;L2_hidden_target;Stopped;785617;-3683;-5951;11165;10734
8;L2_hidden_target;End;800359;-3683;-5951;11165;10734
9;M3_cued_target;Begin;800359;-7000;7000;0;0
9;M3_cued_target;Stopped;962178;-3685;-5608;32263;13036
9;M3_cued_target;Stopped;962191;-3685;-5608;32263;13036
9;M3_cued_target;Stopped;962205;-3685;-5608;32263;13036
9;M3_cued_target;Stopped;962218;-3685;-5608;32263;13036
9;M3_cued_target;Stopped;962231;-3685;-5608;32263;13036
9;M3_cued_target;Stopped;962245;-3685;-5608;32263;13036
9;M3_cued_target;Stopped;962258;-3685;-5608;32263;13036
9;M3_cued_target;Stopped;962271;-3685;-5608;32263;13036
9;M3_cued_target;Stopped;962285;-3685;-5608;32263;13036
9;M3_cued_target;Stopped;962298;-3685;-5608;32263;13036
9;M3_cued_target;Stopped;962311;-3685;-5608;32263;13036
9;M3_cued_target;Stopped;962325;-3685;-5608;32263;13036
9;M3_cued_target;Stopped;962338;-3685;-5608;32263;13036
9;M3_cued_target;Stopped;962351;-3685;-5608;32263;13036
9;M3_cued_target;Stopped;962365;-3685;-5608;32263;13036
9;M3_cued_target;Stopped;962382;-3685;-5608;32263;13036
9;M3_cued_target;Stopped;962392;-3685;-5608;32263;13036
9;M3_cued_target;Stopped;962406;-3685;-5608;32263;13036
9;M3_cued_target;Stopped;962418;-3685;-5608;32263;13036
9;M3_cued_target;Stopped;962431;-3685;-5608;32263;13036
9;M3_cued_target;End;977203;-3685;-5608;32263;13036
10;L2_hidden_target;Begin;977203;7000;-7000;0;0
10;L2_hidden_target;Stopped;1000351;-3681;-6169;10824;10714
10;L2_hidden_target;Stopped;1000365;-3681;-6169;10824;10714
10;L2_hidden_target;Stopped;1000378;-3681;-6169;10824;10714
10;L2_hidden_target;Stopped;1000392;-3681;-6169;10824;10714
10;L2_hidden_target;Stopped;1000405;-3681;-6169;10824;10714
10;L2_hidden_target;Stopped;1000418;-3681;-6169;10824;10714
10;L2_hidden_target;Stopped;1000432;-3681;-6169;10824;10714
10;L2_hidden_target;Stopped;1000445;-3681;-6169;10824;10714
10;L2_hidden_target;Stopped;1000460;-3681;-6169;10824;10714
10;L2_hidden_target;Stopped;1000478;-3681;-6169;10824;10714
10;L2_hidden_target;Stopped;1000516;-3681;-6169;10824;10714
10;L2_hidden_target;End;1015373;-3681;-6169;10824;10714
11;M2_cued_target;Begin;1015373;7000;-7000;0;0
11;M2_cued_target;Stopped;1084400;-3683;-6124;10850;10719
11;M2_cued_target;Stopped;1084414;-3683;-6124;10850;10719
11;M2_cued_target;Stopped;1084427;-3683;-6124;10850;10719
11;M2_cued_target;Stopped;1084440;-3683;-6124;10850;10719
11;M2_cued_target;Stopped;1084454;-3683;-6124;10850;10719
11;M2_cued_target;Stopped;1084467;-3683;-6124;10850;10719
11;M2_cued_target;Stopped;1084481;-3683;-6124;10850;10719
11;M2_cued_target;Stopped;1084507;-3683;-6124;10850;10719
11;M2_cued_target;Stopped;1084520;-3683;-6124;10850;10719
11;M2_cued_target;Stopped;1084534;-3683;-6124;10850;10719
11;M2_cued_target;Stopped;1084547;-3683;-6124;10850;10719
11;M2_cued_target;Stopped;1084560;-3683;-6124;10850;10719
11;M2_cued_target;Stopped;1084574;-3683;-6124;10850;10719
11;M2_cued_target;Stopped;1084587;-3683;-6124;10850;10719
11;M2_cued_target;Stopped;1084601;-3683;-6124;10850;10719
11;M2_cued_target;Stopped;1084614;-3683;-6124;10850;10719
11;M2_cued_target;Stopped;1084627;-3683;-6124;10850;10719
11;M2_cued_target;End;1099421;-3683;-6124;10850;10719
12;L2_hidden_target;Begin;1099421;7000;-7000;0;0
12;L2_hidden_target;Stopped;1124645;-3681;-6058;11160;10723
12;L2_hidden_target;Stopped;1124655;-3681;-6058;11160;10723
12;L2_hidden_target;Stopped;1124667;-3681;-6058;11160;10723
12;L2_hidden_target;Stopped;1124680;-3681;-6058;11160;10723
12;L2_hidden_target;Stopped;1124693;-3681;-6058;11160;10723
12;L2_hidden_target;Stopped;1124712;-3681;-6058;11160;10723
12;L2_hidden_target;Stopped;1124719;-3681;-6058;11160;10723
12;L2_hidden_target;Stopped;1124733;-3681;-6058;11160;10723
12;L2_hidden_target;Stopped;1124746;-3681;-6058;11160;10723
12;L2_hidden_target;Stopped;1124759;-3681;-6058;11160;10723
12;L2_hidden_target;Stopped;1124773;-3681;-6058;11160;10723
12;L2_hidden_target;Stopped;1124786;-3681;-6058;11160;10723
12;L2_hidden_target;Stopped;1124799;-3681;-6058;11160;10723
12;L2_hidden_target;Stopped;1124812;-3681;-6058;11160;10723
12;L2_hidden_target;Stopped;1124827;-3681;-6058;11160;10723
12;L2_hidden_target;Stopped;1124839;-3681;-6058;11160;10723
12;L2_hidden_target;Stopped;1124852;-3681;-6058;11160;10723
12;L2_hidden_target;Stopped;1124866;-3681;-6058;11160;10723
12;L2_hidden_target;Stopped;1124879;-3681;-6058;11160;10723
12;L2_hidden_target;End;1139667;-3681;-6058;11160;10723
13;M3_cued_target;Begin;1139667;-7000;7000;0;0
13;M3_cued_target;Stopped;1204515;-4610;-5417;13141;12645
13;M3_cued_target;Stopped;1204529;-4610;-5417;13141;12645
13;M3_cued_target;Stopped;1204542;-4610;-5417;13141;12645
13;M3_cued_target;Stopped;1204556;-4610;-5417;13141;12645
13;M3_cued_target;Stopped;1204569;-4610;-5417;13141;12645
13;M3_cued_target;Stopped;1204582;-4610;-5417;13141;12645
13;M3_cued_target;Stopped;1204596;-4610;-5417;13141;12645
13;M3_cued_target;Stopped;1204609;-4610;-5417;13141;12645
13;M3_cued_target;Stopped;1204622;-4610;-5417;13141;12645
13;M3_cued_target;Stopped;1204636;-4610;-5417;13141;12645
13;M3_cued_target;Stopped;1204649;-4610;-5417;13141;12645
13;M3_cued_target;Stopped;1204662;-4610;-5417;13141;12645
13;M3_cued_target;Stopped;1204680;-4610;-5417;13141;12645
13;M3_cued_target;Stopped;1204693;-4610;-5417;13141;12645
13;M3_cued_target;Stopped;1204704;-4610;-5417;13141;12645
13;M3_cued_target;Stopped;1204717;-4610;-5417;13141;12645
13;M3_cued_target;End;1219537;-4610;-5417;13141;12645
14;L2_hidden_target;Begin;1219537;6999;-7000;0;0
14;L2_hidden_target;Stopped;1243275;-3681;-6476;11142;10694
14;L2_hidden_target;Stopped;1243289;-3681;-6476;11142;10694
14;L2_hidden_target;Stopped;1243302;-3681;-6476;11142;10694
14;L2_hidden_target;Stopped;1243315;-3681;-6476;11142;10694
14;L2_hidden_target;Stopped;1243329;-3681;-6476;11142;10694
14;L2_hidden_target;Stopped;1243342;-3681;-6476;11142;10694
14;L2_hidden_target;Stopped;1243355;-3681;-6476;11142;10694
14;L2_hidden_target;Stopped;1243369;-3681;-6476;11142;10694
14;L2_hidden_target;Stopped;1243382;-3681;-6476;11142;10694
14;L2_hidden_target;Stopped;1243395;-3681;-6476;11142;10694
14;L2_hidden_target;Stopped;1243409;-3681;-6476;11142;10694
14;L2_hidden_target;Stopped;1243422;-3681;-6476;11142;10694
14;L2_hidden_target;Stopped;1243435;-3681;-6476;11142;10694
14;L2_hidden_target;Stopped;1243449;-3681;-6476;11142;10694
14;L2_hidden_target;Stopped;1243462;-3681;-6476;11142;10694
14;L2_hidden_target;Stopped;1243475;-3681;-6476;11142;10694
14;L2_hidden_target;End;1258302;-3681;-6476;11142;10694
15;M1_cued_target;Begin;1258302;7000;7000;0;0
15;M1_cued_target;Stopped;1361831;-3686;-5509;20542;16453
15;M1_cued_target;Stopped;1361845;-3686;-5509;20542;16453
15;M1_cued_target;Stopped;1361858;-3686;-5509;20542;16453
15;M1_cued_target;Stopped;1361872;-3686;-5509;20542;16453
15;M1_cued_target;Stopped;1361885;-3686;-5509;20542;16453
15;M1_cued_target;Stopped;1361898;-3686;-5509;20542;16453
15;M1_cued_target;Stopped;1361912;-3686;-5509;20542;16453
15;M1_cued_target;Stopped;1361925;-3686;-5509;20542;16453
15;M1_cued_target;Stopped;1361938;-3686;-5509;20542;16453
15;M1_cued_target;Stopped;1361951;-3686;-5509;20542;16453
15;M1_cued_target;Stopped;1361965;-3686;-5509;20542;16453
15;M1_cued_target;Stopped;1361978;-3686;-5509;20542;16453
15;M1_cued_target;Stopped;1361991;-3686;-5509;20542;16453
15;M1_cued_target;Stopped;1362005;-3686;-5509;20542;16453
15;M1_cued_target;Stopped;1362018;-3686;-5509;20542;16453
15;M1_cued_target;Stopped;1362032;-3686;-5509;20542;16453
15;M1_cued_target;Stopped;1362045;-3686;-5509;20542;16453
15;M1_cued_target;Stopped;1362058;-3686;-5509;20542;16453
15;M1_cued_target;Stopped;1362072;-3686;-5509;20542;16453
15;M1_cued_target;Stopped;1362085;-3686;-5509;20542;16453
15;M1_cued_target;End;1376853;-3686;-5509;20542;16453
16;L2_hidden_target;Begin;1376853;7000;-7000;0;0
16;L2_hidden_target;Stopped;1401273;-3682;-6286;11114;10706
16;L2_hidden_target;Stopped;1401285;-3682;-6286;11114;10706
16;L2_hidden_target;Stopped;1401299;-3682;-6286;11114;10706
16;L2_hidden_target;Stopped;1401313;-3682;-6286;11114;10706
16;L2_hidden_target;Stopped;1401326;-3682;-6286;11114;10706
16;L2_hidden_target;Stopped;1401339;-3682;-6286;11114;10706
16;L2_hidden_target;Stopped;1401352;-3682;-6286;11114;10706
16;L2_hidden_target;Stopped;1401365;-3682;-6286;11114;10706
16;L2_hidden_target;Stopped;1401379;-3682;-6286;11114;10706
16;L2_hidden_target;Stopped;1401392;-3682;-6286;11114;10706
16;L2_hidden_target;Stopped;1401405;-3682;-6286;11114;10706
16;L2_hidden_target;Stopped;1401419;-3682;-6286;11114;10706
16;L2_hidden_target;Stopped;1401432;-3682;-6286;11114;10706
16;L2_hidden_target;Stopped;1401445;-3682;-6286;11114;10706
16;L2_hidden_target;Stopped;1401459;-3682;-6286;11114;10706
16;L2_hidden_target;Stopped;1401472;-3682;-6286;11114;10706
16;L2_hidden_target;Stopped;1401516;-3682;-6286;11114;10706
16;L2_hidden_target;End;1416293;-3682;-6286;11114;10706
16;L2_hidden_target;Begin;1416293;-3682;-6286;11114;10706
