1;M3_cued_target;Stopped;9254;-7000;7000;0;0
1;M3_cued_target;Stopped;9268;-7000;7000;0;0
1;M3_cued_target;Stopped;9281;-7000;7000;0;0
1;M3_cued_target;Stopped;9294;-7000;7000;0;0
1;M3_cued_target;Stopped;9308;-7000;7000;0;0
1;M3_cued_target;Stopped;9321;-7000;7000;0;0
1;M3_cued_target;Stopped;9334;-7000;7000;0;0
1;M3_cued_target;Stopped;9347;-7000;7000;0;0
1;M3_cued_target;Stopped;9361;-7000;7000;0;0
1;M3_cued_target;Stopped;9374;-7000;7000;0;0
1;M3_cued_target;Stopped;9388;-7000;7000;0;0
1;M3_cued_target;Stopped;9401;-7000;7000;0;0
1;M3_cued_target;Stopped;9414;-7000;7000;0;0
1;M3_cued_target;Stopped;9428;-7000;7000;0;0
1;M3_cued_target;Stopped;9441;-7000;7000;0;0
1;M3_cued_target;Stopped;9454;-7000;7000;0;0
1;M3_cued_target;Stopped;9467;-7000;7000;0;0
1;M3_cued_target;Stopped;9481;-7000;7000;0;0
1;M3_cued_target;Stopped;9494;-7000;7000;0;0
1;M3_cued_target;Stopped;9508;-7000;7000;0;0
1;M3_cued_target;End;80801;-7000;7000;0;0
2;L2_hidden_target;Begin;80801;7000;-7000;0;0
2;L2_hidden_target;Stopped;162824;-4622;-6698;41463;11626
2;L2_hidden_target;Stopped;162837;-4622;-6698;41463;11626
2;L2_hidden_target;Stopped;162851;-4622;-6698;41463;11626
2;L2_hidden_target;Stopped;162864;-4622;-6698;41463;11626
2;L2_hidden_target;Stopped;162878;-4622;-6698;41463;11626
2;L2_hidden_target;Stopped;162891;-4622;-6698;41463;11626
2;L2_hidden_target;Stopped;162904;-4622;-6698;41463;11626
2;L2_hidden_target;Stopped;162918;-4622;-6698;41463;11626
2;L2_hidden_target;Stopped;162931;-4622;-6698;41463;11626
2;L2_hidden_target;Stopped;162944;-4622;-6698;41463;11626
2;L2_hidden_target;Stopped;162957;-4622;-6698;41463;11626
2;L2_hidden_target;Stopped;162971;-4622;-6698;41463;11626
2;L2_hidden_target;Stopped;162984;-4622;-6698;41463;11626
2;L2_hidden_target;Stopped;162998;-4622;-6698;41463;11626
2;L2_hidden_target;Stopped;163011;-4622;-6698;41463;11626
2;L2_hidden_target;Stopped;163024;-4622;-6698;41463;11626
2;L2_hidden_target;Stopped;163037;-4622;-6698;41463;11626
2;L2_hidden_target;Stopped;163051;-4622;-6698;41463;11626
2;L2_hidden_target;End;177845;-4622;-6698;41463;11626
3;M1_cued_target;Begin;177845;7000;7000;0;0
3;M1_cued_target;Stopped;479732;-4028;-5421;58723;16610
3;M1_cued_target;Stopped;479745;-4028;-5421;58723;16610
3;M1_cued_target;Stopped;479759;-4028;-5421;58723;16610
3;M1_cued_target;Stopped;479772;-4028;-5421;58723;16610
3;M1_cued_target;Stopped;479785;-4028;-5421;58723;16610
3;M1_cued_target;Stopped;479799;-4028;-5421;58723;16610
3;M1_cued_target;Stopped;479812;-4028;-5421;58723;16610
3;M1_cued_target;Stopped;479825;-4028;-5421;58723;16610
3;M1_cued_target;Stopped;479839;-4028;-5421;58723;16610
3;M1_cued_target;Stopped;479852;-4028;-5421;58723;16610
3;M1_cued_target;Stopped;479865;-4028;-5421;58723;16610
3;M1_cued_target;Stopped;479879;-4028;-5421;58723;16610
3;M1_cued_target;Stopped;479892;-4028;-5421;58723;16610
3;M1_cued_target;Stopped;479905;-4028;-5421;58723;16610
3;M1_cued_target;Stopped;479919;-4028;-5421;58723;16610
3;M1_cued_target;Stopped;479932;-4028;-5421;58723;16610
3;M1_cued_target;Stopped;479945;-4028;-5421;58723;16610
3;M1_cued_target;Stopped;479959;-4028;-5421;58723;16610
3;M1_cued_target;Stopped;479972;-4028;-5421;58723;16610
3;M1_cued_target;Stopped;479985;-4028;-5421;58723;16610
3;M1_cued_target;Stopped;479999;-4028;-5421;58723;16610
3;M1_cued_target;Stopped;480012;-4028;-5421;58723;16610
3;M1_cued_target;End;494753;-4028;-5421;58723;16610
4;L2_hidden_target;Begin;494753;7000;-7000;0;0
4;L2_hidden_target;Stopped;647778;-4971;-6231;92978;11996
4;L2_hidden_target;Stopped;647791;-4971;-6231;92978;11996
4;L2_hidden_target;Stopped;647805;-4971;-6231;92978;11996
4;L2_hidden_target;Stopped;647818;-4971;-6231;92978;11996
4;L2_hidden_target;Stopped;647832;-4971;-6231;92978;11996
4;L2_hidden_target;Stopped;647845;-4971;-6231;92978;11996
4;L2_hidden_target;Stopped;647858;-4971;-6231;92978;11996
4;L2_hidden_target;Stopped;647872;-4971;-6231;92978;11996
4;L2_hidden_target;Stopped;647885;-4971;-6231;92978;11996
4;L2_hidden_target;Stopped;647898;-4971;-6231;92978;11996
4;L2_hidden_target;Stopped;647912;-4971;-6231;92978;11996
4;L2_hidden_target;Stopped;647925;-4971;-6231;92978;11996
4;L2_hidden_target;Stopped;647938;-4971;-6231;92978;11996
4;L2_hidden_target;End;662798;-4971;-6231;92978;11996
5;M2_cued_target;Begin;662798;7000;-7000;0;0
5;M2_cued_target;Stopped;761107;-3680;-5797;19834;10748
5;M2_cued_target;Stopped;761120;-3680;-5797;19834;10748
5;M2_cued_target;Stopped;761134;-3680;-5797;19834;10748
5;M2_cued_target;Stopped;761147;-3680;-5797;19834;10748
5;M2_cued_target;Stopped;761160;-3680;-5797;19834;10748
5;M2_cued_target;Stopped;761174;-3680;-5797;19834;10748
5;M2_cued_target;Stopped;761187;-3680;-5797;19834;10748
5;M2_cued_target;Stopped;761200;-3680;-5797;19834;10748
5;M2_cued_target;Stopped;761214;-3680;-5797;19834;10748
5;M2_cued_target;Stopped;761227;-3680;-5797;19834;10748
5;M2_cued_target;Stopped;761240;-3680;-5797;19834;10748
5;M2_cued_target;Stopped;761254;-3680;-5797;19834;10748
5;M2_cued_target;Stopped;761267;-3680;-5797;19834;10748
5;M2_cued_target;Stopped;761280;-3680;-5797;19834;10748
5;M2_cued_target;Stopped;761294;-3680;-5797;19834;10748
5;M2_cued_target;Stopped;761307;-3680;-5797;19834;10748
5;M2_cued_target;End;776129;-3680;-5797;19834;10748
6;L2_hidden_target;Begin;776129;7000;-7000;0;0
6;L2_hidden_target;Stopped;928300;-3681;-5862;78585;10742
6;L2_hidden_target;Stopped;928313;-3681;-5862;78585;10742
6;L2_hidden_target;Stopped;928327;-3681;-5862;78585;10742
6;L2_hidden_target;Stopped;928340;-3681;-5862;78585;10742
6;L2_hidden_target;Stopped;928353;-3681;-5862;78585;10742
6;L2_hidden_target;Stopped;928366;-3681;-5862;78585;10742
6;L2_hidden_target;Stopped;928380;-3681;-5862;78585;10742
6;L2_hidden_target;Stopped;928393;-3681;-5862;78585;10742
6;L2_hidden_target;Stopped;928406;-3681;-5862;78585;10742
6;L2_hidden_target;Stopped;928420;-3681;-5862;78585;10742
6;L2_hidden_target;Stopped;928433;-3681;-5862;78585;10742
6;L2_hidden_target;Stopped;928447;-3681;-5862;78585;10742
6;L2_hidden_target;Stopped;928460;-3681;-5862;78585;10742
6;L2_hidden_target;Stopped;928473;-3681;-5862;78585;10742
6;L2_hidden_target;Stopped;928513;-3681;-5862;78585;10742
6;L2_hidden_target;Stopped;928527;-3681;-5862;78585;10742
6;L2_hidden_target;Stopped;928540;-3681;-5862;78585;10742
6;L2_hidden_target;End;943320;-3681;-5862;78585;10742
7;M1_cued_target;Begin;943320;7000;6999;0;0
7;M1_cued_target;Stopped;1206648;-3912;-5423;55569;16535
7;M1_cued_target;Stopped;1206661;-3912;-5423;55569;16535
7;M1_cued_target;Stopped;1206675;-3912;-5423;55569;16535
7;M1_cued_target;Stopped;1206688;-3912;-5423;55569;16535
7;M1_cued_target;Stopped;1206702;-3912;-5423;55569;16535
7;M1_cued_target;Stopped;1206715;-3912;-5423;55569;16535
7;M1_cued_target;Stopped;1206728;-3912;-5423;55569;16535
7;M1_cued_target;Stopped;1206742;-3912;-5423;55569;16535
7;M1_cued_target;Stopped;1206755;-3912;-5423;55569;16535
7;M1_cued_target;Stopped;1206768;-3912;-5423;55569;16535
7;M1_cued_target;Stopped;1206782;-3912;-5423;55569;16535
7;M1_cued_target;Stopped;1206795;-3912;-5423;55569;16535
7;M1_cued_target;Stopped;1206808;-3912;-5423;55569;16535
7;M1_cued_target;Stopped;1206822;-3912;-5423;55569;16535
7;M1_cued_target;Stopped;1206835;-3912;-5423;55569;16535
7;M1_cued_target;End;1221669;-3912;-5423;55569;16535
8;L2_hidden_target;Begin;1221669;7000;-7000;0;0
8;L2_hidden_target;Stopped;1595890;-3681;-6313;217374;10703
8;L2_hidden_target;Stopped;1595903;-3681;-6313;217374;10703
8;L2_hidden_target;Stopped;1595917;-3681;-6313;217374;10703
8;L2_hidden_target;Stopped;1595930;-3681;-6313;217374;10703
8;L2_hidden_target;Stopped;1595943;-3681;-6313;217374;10703
8;L2_hidden_target;Stopped;1595957;-3681;-6313;217374;10703
8;L2_hidden_target;Stopped;1595970;-3681;-6313;217374;10703
8;L2_hidden_target;Stopped;1595983;-3681;-6313;217374;10703
8;L2_hidden_target;Stopped;1595997;-3681;-6313;217374;10703
8;L2_hidden_target;Stopped;1596010;-3681;-6313;217374;10703
8;L2_hidden_target;Stopped;1596023;-3681;-6313;217374;10703
8;L2_hidden_target;Stopped;1596037;-3681;-6313;217374;10703
8;L2_hidden_target;Stopped;1596050;-3681;-6313;217374;10703
8;L2_hidden_target;End;1610911;-3681;-6313;217374;10703
9;M3_cued_target;Begin;1610911;-7000;6999;0;0
9;M3_cued_target;Stopped;1712353;-3971;-5420;20892;12784
9;M3_cued_target;Stopped;1712367;-3971;-5420;20892;12784
9;M3_cued_target;Stopped;1712380;-3971;-5420;20892;12784
9;M3_cued_target;Stopped;1712393;-3971;-5420;20892;12784
9;M3_cued_target;Stopped;1712410;-3971;-5420;20892;12784
9;M3_cued_target;Stopped;1712422;-3971;-5420;20892;12784
9;M3_cued_target;Stopped;1712436;-3971;-5420;20892;12784
9;M3_cued_target;Stopped;1712446;-3971;-5420;20892;12784
9;M3_cued_target;Stopped;1712460;-3971;-5420;20892;12784
9;M3_cued_target;Stopped;1712486;-3971;-5420;20892;12784
9;M3_cued_target;Stopped;1712500;-3971;-5420;20892;12784
9;M3_cued_target;Stopped;1712513;-3971;-5420;20892;12784
9;M3_cued_target;Stopped;1712526;-3971;-5420;20892;12784
9;M3_cued_target;Stopped;1712540;-3971;-5420;20892;12784
9;M3_cued_target;End;1727374;-3971;-5420;20892;12784
10;L2_hidden_target;Begin;1727374;7000;-7000;0;0
10;L2_hidden_target;Stopped;2094052;-3681;-6203;233800;10711
10;L2_hidden_target;Stopped;2094066;-3681;-6203;233800;10711
10;L2_hidden_target;Stopped;2094079;-3681;-6203;233800;10711
10;L2_hidden_target;Stopped;2094092;-3681;-6203;233800;10711
10;L2_hidden_target;Stopped;2094106;-3681;-6203;233800;10711
10;L2_hidden_target;Stopped;2094119;-3681;-6203;233800;10711
10;L2_hidden_target;Stopped;2094132;-3681;-6203;233800;10711
10;L2_hidden_target;Stopped;2094146;-3681;-6203;233800;10711
10;L2_hidden_target;Stopped;2094159;-3681;-6203;233800;10711
10;L2_hidden_target;Stopped;2094172;-3681;-6203;233800;10711
10;L2_hidden_target;Stopped;2094186;-3681;-6203;233800;10711
10;L2_hidden_target;Stopped;2094199;-3681;-6203;233800;10711
10;L2_hidden_target;Stopped;2094212;-3681;-6203;233800;10711
10;L2_hidden_target;Stopped;2094226;-3681;-6203;233800;10711
10;L2_hidden_target;Stopped;2094239;-3681;-6203;233800;10711
10;L2_hidden_target;End;2109073;-3681;-6203;233800;10711
11;M2_cued_target;Begin;2109073;6999;-7000;0;0
11;M2_cued_target;Stopped;2159133;-3682;-6144;9767;10717
11;M2_cued_target;Stopped;2159147;-3682;-6144;9767;10717
11;M2_cued_target;Stopped;2159160;-3682;-6144;9767;10717
11;M2_cued_target;Stopped;2159174;-3682;-6144;9767;10717
11;M2_cued_target;Stopped;2159187;-3682;-6144;9767;10717
11;M2_cued_target;Stopped;2159200;-3682;-6144;9767;10717
11;M2_cued_target;Stopped;2159214;-3682;-6144;9767;10717
11;M2_cued_target;Stopped;2159227;-3682;-6144;9767;10717
11;M2_cued_target;Stopped;2159240;-3682;-6144;9767;10717
11;M2_cued_target;Stopped;2159254;-3682;-6144;9767;10717
11;M2_cued_target;Stopped;2159267;-3682;-6144;9767;10717
11;M2_cued_target;Stopped;2159280;-3682;-6144;9767;10717
11;M2_cued_target;Stopped;2159294;-3682;-6144;9767;10717
11;M2_cued_target;Stopped;2159307;-3682;-6144;9767;10717
11;M2_cued_target;Stopped;2159320;-3682;-6144;9767;10717
11;M2_cued_target;Stopped;2159334;-3682;-6144;9767;10717
11;M2_cued_target;Stopped;2159347;-3682;-6144;9767;10717
11;M2_cued_target;Stopped;2159360;-3682;-6144;9767;10717
11;M2_cued_target;Stopped;2159373;-3682;-6144;9767;10717
11;M2_cued_target;Stopped;2159387;-3682;-6144;9767;10717
11;M2_cued_target;Stopped;2159400;-3682;-6144;9767;10717
11;M2_cued_target;Stopped;2159414;-3682;-6144;9767;10717
11;M2_cued_target;Stopped;2159427;-3682;-6144;9767;10717
11;M2_cued_target;End;2174155;-3682;-6144;9767;10717
12;L2_hidden_target;Begin;2174155;7000;-7000;0;0
12;L2_hidden_target;Stopped;2394434;-4139;-5418;122220;11250
12;L2_hidden_target;Stopped;2394474;-4139;-5418;122220;11250
12;L2_hidden_target;Stopped;2394488;-4139;-5418;122220;11250
12;L2_hidden_target;Stopped;2394501;-4139;-5418;122220;11250
12;L2_hidden_target;Stopped;2394514;-4139;-5418;122220;11250
12;L2_hidden_target;Stopped;2394528;-4139;-5418;122220;11250
12;L2_hidden_target;Stopped;2394541;-4139;-5418;122220;11250
12;L2_hidden_target;Stopped;2394554;-4139;-5418;122220;11250
12;L2_hidden_target;Stopped;2394568;-4139;-5418;122220;11250
12;L2_hidden_target;Stopped;2394581;-4139;-5418;122220;11250
12;L2_hidden_target;End;2409456;-4139;-5418;122220;11250
13;M3_cued_target;Begin;2409456;-7000;7000;0;0
13;M3_cued_target;Stopped;2785047;-3682;-6133;71183;13546
13;M3_cued_target;Stopped;2785061;-3682;-6133;71183;13546
13;M3_cued_target;Stopped;2785074;-3682;-6133;71183;13546
13;M3_cued_target;Stopped;2785088;-3682;-6133;71183;13546
13;M3_cued_target;Stopped;2785101;-3682;-6133;71183;13546
13;M3_cued_target;Stopped;2785114;-3682;-6133;71183;13546
13;M3_cued_target;Stopped;2785128;-3682;-6133;71183;13546
13;M3_cued_target;Stopped;2785141;-3682;-6133;71183;13546
13;M3_cued_target;Stopped;2785154;-3682;-6133;71183;13546
13;M3_cued_target;Stopped;2785167;-3682;-6133;71183;13546
13;M3_cued_target;Stopped;2785181;-3682;-6133;71183;13546
13;M3_cued_target;Stopped;2785194;-3682;-6133;71183;13546
13;M3_cued_target;Stopped;2785207;-3682;-6133;71183;13546
13;M3_cued_target;Stopped;2785221;-3682;-6133;71183;13546
13;M3_cued_target;Stopped;2785234;-3682;-6133;71183;13546
13;M3_cued_target;End;2800069;-3682;-6133;71183;13546
14;L2_hidden_target;Begin;2800069;7000;-7000;0;0
14;L2_hidden_target;Stopped;2952279;-4769;-6698;83448;11773
14;L2_hidden_target;Stopped;2952292;-4769;-6698;83448;11773
14;L2_hidden_target;Stopped;2952306;-4769;-6698;83448;11773
14;L2_hidden_target;Stopped;2952319;-4769;-6698;83448;11773
14;L2_hidden_target;Stopped;2952332;-4769;-6698;83448;11773
14;L2_hidden_target;Stopped;2952346;-4769;-6698;83448;11773
14;L2_hidden_target;Stopped;2952359;-4769;-6698;83448;11773
14;L2_hidden_target;Stopped;2952372;-4769;-6698;83448;11773
14;L2_hidden_target;Stopped;2952386;-4769;-6698;83448;11773
14;L2_hidden_target;Stopped;2952399;-4769;-6698;83448;11773
14;L2_hidden_target;Stopped;2952412;-4769;-6698;83448;11773
14;L2_hidden_target;Stopped;2952426;-4769;-6698;83448;11773
14;L2_hidden_target;Stopped;2952452;-4769;-6698;83448;11773
14;L2_hidden_target;Stopped;2952466;-4769;-6698;83448;11773
14;L2_hidden_target;Stopped;2952479;-4769;-6698;83448;11773
14;L2_hidden_target;End;2967301;-4769;-6698;83448;11773
15;M1_cued_target;Begin;2967301;7000;6999;0;0
15;M1_cued_target;Stopped;3089987;-3681;-6162;22745;16951
15;M1_cued_target;Stopped;3090001;-3681;-6162;22745;16951
15;M1_cued_target;Stopped;3090014;-3681;-6162;22745;16951
15;M1_cued_target;Stopped;3090028;-3681;-6162;22745;16951
15;M1_cued_target;Stopped;3090041;-3681;-6162;22745;16951
15;M1_cued_target;Stopped;3090054;-3681;-6162;22745;16951
15;M1_cued_target;Stopped;3090068;-3681;-6162;22745;16951
15;M1_cued_target;Stopped;3090081;-3681;-6162;22745;16951
15;M1_cued_target;Stopped;3090094;-3681;-6162;22745;16951
15;M1_cued_target;Stopped;3090108;-3681;-6162;22745;16951
15;M1_cued_target;Stopped;3090121;-3681;-6162;22745;16951
15;M1_cued_target;Stopped;3090134;-3681;-6162;22745;16951
15;M1_cued_target;Stopped;3090147;-3681;-6162;22745;16951
15;M1_cued_target;Stopped;3090161;-3681;-6162;22745;16951
15;M1_cued_target;Stopped;3090174;-3681;-6162;22745;16951
15;M1_cued_target;Stopped;3090187;-3681;-6162;22745;16951
15;M1_cued_target;End;3105009;-3681;-6162;22745;16951
16;L2_hidden_target;Begin;3105009;7000;-7000;0;0
