1;M3_cued_target;Stopped;70534;-4809;-5420;12018;12612
1;M3_cued_target;Stopped;70547;-4809;-5420;12018;12612
1;M3_cued_target;Stopped;70560;-4809;-5420;12018;12612
1;M3_cued_target;Stopped;70574;-4809;-5420;12018;12612
1;M3_cued_target;Stopped;70587;-4809;-5420;12018;12612
1;M3_cued_target;Stopped;70600;-4809;-5420;12018;12612
1;M3_cued_target;Stopped;70614;-4809;-5420;12018;12612
1;M3_cued_target;Stopped;70627;-4809;-5420;12018;12612
1;M3_cued_target;Stopped;70640;-4809;-5420;12018;12612
1;M3_cued_target;Stopped;70653;-4809;-5420;12018;12612
1;M3_cued_target;Stopped;70667;-4809;-5420;12018;12612
1;M3_cued_target;Stopped;70680;-4809;-5420;12018;12612
1;M3_cued_target;Stopped;70694;-4809;-5420;12018;12612
1;M3_cued_target;Stopped;70707;-4809;-5420;12018;12612
1;M3_cued_target;Stopped;70720;-4809;-5420;12018;12612
1;M3_cued_target;Stopped;70733;-4809;-5420;12018;12612
1;M3_cued_target;Stopped;70747;-4809;-5420;12018;12612
1;M3_cued_target;Stopped;70760;-4809;-5420;12018;12612
1;M3_cued_target;Stopped;70773;-4809;-5420;12018;12612
1;M3_cued_target;Stopped;70787;-4809;-5420;12018;12612
1;M3_cued_target;Stopped;70800;-4809;-5420;12018;12612
1;M3_cued_target;Stopped;70813;-4809;-5420;12018;12612
1;M3_cued_target;Stopped;70827;-4809;-5420;12018;12612
1;M3_cued_target;Stopped;70840;-4809;-5420;12018;12612
1;M3_cued_target;End;80808;-4809;-5420;12018;12612
2;L2_hidden_target;Begin;80808;7000;-7000;0;0
2;L2_hidden_target;Stopped;117568;-3680;-6434;14082;10695
2;L2_hidden_target;Stopped;117582;-3680;-6434;14082;10695
2;L2_hidden_target;Stopped;117595;-3680;-6434;14082;10695
2;L2_hidden_target;Stopped;117609;-3680;-6434;14082;10695
2;L2_hidden_target;Stopped;117622;-3680;-6434;14082;10695
2;L2_hidden_target;Stopped;117635;-3680;-6434;14082;10695
2;L2_hidden_target;Stopped;117649;-3680;-6434;14082;10695
2;L2_hidden_target;Stopped;117662;-3680;-6434;14082;10695
2;L2_hidden_target;Stopped;117675;-3680;-6434;14082;10695
2;L2_hidden_target;Stopped;117689;-3680;-6434;14082;10695
2;L2_hidden_target;Stopped;117702;-3680;-6434;14082;10695
2;L2_hidden_target;Stopped;117715;-3680;-6434;14082;10695
2;L2_hidden_target;Stopped;117729;-3680;-6434;14082;10695
2;L2_hidden_target;Stopped;117747;-3680;-6434;14082;10695
2;L2_hidden_target;Stopped;117757;-3680;-6434;14082;10695
2;L2_hidden_target;Stopped;117770;-3680;-6434;14082;10695
2;L2_hidden_target;Stopped;117782;-3680;-6434;14082;10695
2;L2_hidden_target;Stopped;117795;-3680;-6434;14082;10695
2;L2_hidden_target;Stopped;117809;-3680;-6434;14082;10695
2;L2_hidden_target;Stopped;117822;-3680;-6434;14082;10695
2;L2_hidden_target;Stopped;117835;-3680;-6434;14082;10695
2;L2_hidden_target;Stopped;117849;-3680;-6434;14082;10695
2;L2_hidden_target;Stopped;117862;-3680;-6434;14082;10695
2;L2_hidden_target;Stopped;117875;-3680;-6434;14082;10695
2;L2_hidden_target;Stopped;117888;-3680;-6434;14082;10695
2;L2_hidden_target;Stopped;117901;-3680;-6434;14082;10695
2;L2_hidden_target;Stopped;117915;-3680;-6434;14082;10695
2;L2_hidden_target;Stopped;117929;-3680;-6434;14082;10695
2;L2_hidden_target;Stopped;117942;-3680;-6434;14082;10695
2;L2_hidden_target;Stopped;117957;-3680;-6434;14082;10695
2;L2_hidden_target;End;132589;-3680;-6434;14082;10695
3;M1_cued_target;Begin;132589;6999;7000;0;0
3;M1_cued_target;Stopped;284627;-4247;-5417;29620;16754
3;M1_cued_target;Stopped;284640;-4247;-5417;29620;16754
3;M1_cued_target;Stopped;284654;-4247;-5417;29620;16754
3;M1_cued_target;Stopped;284667;-4247;-5417;29620;16754
3;M1_cued_target;Stopped;284680;-4247;-5417;29620;16754
3;M1_cued_target;Stopped;284694;-4247;-5417;29620;16754
3;M1_cued_target;Stopped;284707;-4247;-5417;29620;16754
3;M1_cued_target;Stopped;284720;-4247;-5417;29620;16754
3;M1_cued_target;Stopped;284734;-4247;-5417;29620;16754
3;M1_cued_target;Stopped;284747;-4247;-5417;29620;16754
3;M1_cued_target;Stopped;284760;-4247;-5417;29620;16754
3;M1_cued_target;Stopped;284774;-4247;-5417;29620;16754
3;M1_cued_target;Stopped;284787;-4247;-5417;29620;16754
3;M1_cued_target;Stopped;284800;-4247;-5417;29620;16754
3;M1_cued_target;Stopped;284814;-4247;-5417;29620;16754
3;M1_cued_target;Stopped;284827;-4247;-5417;29620;16754
3;M1_cued_target;Stopped;284840;-4247;-5417;29620;16754
3;M1_cued_target;Stopped;284854;-4247;-5417;29620;16754
3;M1_cued_target;Stopped;284867;-4247;-5417;29620;16754
3;M1_cued_target;Stopped;284881;-4247;-5417;29620;16754
3;M1_cued_target;Stopped;284894;-4247;-5417;29620;16754
3;M1_cued_target;Stopped;284908;-4247;-5417;29620;16754
3;M1_cued_target;Stopped;284921;-4247;-5417;29620;16754
3;M1_cued_target;Stopped;284934;-4247;-5417;29620;16754
3;M1_cued_target;Stopped;284947;-4247;-5417;29620;16754
3;M1_cued_target;Stopped;284961;-4247;-5417;29620;16754
3;M1_cued_target;End;299648;-4247;-5417;29620;16754
4;L2_hidden_target;Begin;299648;7000;-7000;0;0
4;L2_hidden_target;Stopped;338731;-3681;-5889;15264;10739
4;L2_hidden_target;Stopped;338744;-3681;-5889;15264;10739
4;L2_hidden_target;Stopped;338757;-3681;-5889;15264;10739
4;L2_hidden_target;Stopped;338770;-3681;-5889;15264;10739
4;L2_hidden_target;Stopped;338784;-3681;-5889;15264;10739
4;L2_hidden_target;Stopped;338797;-3681;-5889;15264;10739
4;L2_hidden_target;Stopped;338810;-3681;-5889;15264;10739
4;L2_hidden_target;Stopped;338823;-3681;-5889;15264;10739
4;L2_hidden_target;Stopped;338837;-3681;-5889;15264;10739
4;L2_hidden_target;Stopped;338850;-3681;-5889;15264;10739
4;L2_hidden_target;Stopped;338863;-3681;-5889;15264;10739
4;L2_hidden_target;Stopped;338877;-3681;-5889;15264;10739
4;L2_hidden_target;Stopped;338890;-3681;-5889;15264;10739
4;L2_hidden_target;Stopped;338903;-3681;-5889;15264;10739
4;L2_hidden_target;Stopped;338917;-3681;-5889;15264;10739
4;L2_hidden_target;Stopped;338930;-3681;-5889;15264;10739
4;L2_hidden_target;Stopped;338943;-3681;-5889;15264;10739
4;L2_hidden_target;Stopped;338957;-3681;-5889;15264;10739
4;L2_hidden_target;Stopped;338970;-3681;-5889;15264;10739
4;L2_hidden_target;Stopped;338983;-3681;-5889;15264;10739
4;L2_hidden_target;Stopped;338997;-3681;-5889;15264;10739
4;L2_hidden_target;Stopped;339010;-3681;-5889;15264;10739
4;L2_hidden_target;Stopped;339023;-3681;-5889;15264;10739
4;L2_hidden_target;Stopped;339037;-3681;-5889;15264;10739
4;L2_hidden_target;Stopped;339050;-3681;-5889;15264;10739
4;L2_hidden_target;Stopped;339067;-3681;-5889;15264;10739
4;L2_hidden_target;Stopped;339081;-3681;-5889;15264;10739
4;L2_hidden_target;End;353750;-3681;-5889;15264;10739
5;M2_cued_target;Begin;353750;7000;-7000;0;0
5;M2_cued_target;Stopped;414339;-3683;-6127;9604;10719
5;M2_cued_target;Stopped;414352;-3683;-6127;9604;10719
5;M2_cued_target;Stopped;414366;-3683;-6127;9604;10719
5;M2_cued_target;Stopped;414379;-3683;-6127;9604;10719
5;M2_cued_target;Stopped;414393;-3683;-6127;9604;10719
5;M2_cued_target;Stopped;414406;-3683;-6127;9604;10719
5;M2_cued_target;Stopped;414419;-3683;-6127;9604;10719
5;M2_cued_target;Stopped;414432;-3683;-6127;9604;10719
5;M2_cued_target;Stopped;414446;-3683;-6127;9604;10719
5;M2_cued_target;Stopped;414459;-3683;-6127;9604;10719
5;M2_cued_target;Stopped;414473;-3683;-6127;9604;10719
5;M2_cued_target;Stopped;414486;-3683;-6127;9604;10719
5;M2_cued_target;Stopped;414499;-3683;-6127;9604;10719
5;M2_cued_target;Stopped;414526;-3683;-6127;9604;10719
5;M2_cued_target;Stopped;414539;-3683;-6127;9604;10719
5;M2_cued_target;Stopped;414553;-3683;-6127;9604;10719
5;M2_cued_target;Stopped;414566;-3683;-6127;9604;10719
5;M2_cued_target;Stopped;414579;-3683;-6127;9604;10719
5;M2_cued_target;Stopped;414593;-3683;-6127;9604;10719
5;M2_cued_target;Stopped;414606;-3683;-6127;9604;10719
5;M2_cued_target;Stopped;414619;-3683;-6127;9604;10719
5;M2_cued_target;Stopped;414632;-3683;-6127;9604;10719
5;M2_cued_target;Stopped;414646;-3683;-6127;9604;10719
5;M2_cued_target;Stopped;414659;-3683;-6127;9604;10719
5;M2_cued_target;Stopped;414672;-3683;-6127;9604;10719
5;M2_cued_target;Stopped;414686;-3683;-6127;9604;10719
5;M2_cued_target;End;429365;-3683;-6127;9604;10719
6;L2_hidden_target;Begin;429365;7000;-7000;0;0
6;L2_hidden_target;Stopped;465040;-3686;-6503;11740;10697
6;L2_hidden_target;Stopped;465054;-3686;-6503;11740;10697
6;L2_hidden_target;Stopped;465067;-3686;-6503;11740;10697
6;L2_hidden_target;Stopped;465080;-3686;-6503;11740;10697
6;L2_hidden_target;Stopped;465094;-3686;-6503;11740;10697
6;L2_hidden_target;Stopped;465107;-3686;-6503;11740;10697
6;L2_hidden_target;Stopped;465120;-3686;-6503;11740;10697
6;L2_hidden_target;Stopped;465134;-3686;-6503;11740;10697
6;L2_hidden_target;Stopped;465147;-3686;-6503;11740;10697
6;L2_hidden_target;Stopped;465160;-3686;-6503;11740;10697
6;L2_hidden_target;Stopped;465174;-3686;-6503;11740;10697
6;L2_hidden_target;Stopped;465187;-3686;-6503;11740;10697
6;L2_hidden_target;Stopped;465200;-3686;-6503;11740;10697
6;L2_hidden_target;Stopped;465214;-3686;-6503;11740;10697
6;L2_hidden_target;Stopped;465227;-3686;-6503;11740;10697
6;L2_hidden_target;Stopped;465241;-3686;-6503;11740;10697
6;L2_hidden_target;Stopped;465254;-3686;-6503;11740;10697
6;L2_hidden_target;Stopped;465267;-3686;-6503;11740;10697
6;L2_hidden_target;Stopped;465281;-3686;-6503;11740;10697
6;L2_hidden_target;Stopped;465298;-3686;-6503;11740;10697
6;L2_hidden_target;Stopped;465311;-3686;-6503;11740;10697
6;L2_hidden_target;Stopped;465324;-3686;-6503;11740;10697
6;L2_hidden_target;Stopped;465334;-3686;-6503;11740;10697
6;L2_hidden_target;Stopped;465348;-3686;-6503;11740;10697
6;L2_hidden_target;Stopped;465361;-3686;-6503;11740;10697
6;L2_hidden_target;End;480062;-3686;-6503;11740;10697
7;M1_cued_target;Begin;480062;7000;6999;0;0
7;M1_cued_target;Stopped;626768;-4017;-5420;20238;16603
7;M1_cued_target;Stopped;626782;-4017;-5420;20238;16603
7;M1_cued_target;Stopped;626795;-4017;-5420;20238;16603
7;M1_cued_target;Stopped;626808;-4017;-5420;20238;16603
7;M1_cued_target;Stopped;626822;-4017;-5420;20238;16603
7;M1_cued_target;Stopped;626839;-4017;-5420;20238;16603
7;M1_cued_target;Stopped;626848;-4017;-5420;20238;16603
7;M1_cued_target;Stopped;626862;-4017;-5420;20238;16603
7;M1_cued_target;Stopped;626875;-4017;-5420;20238;16603
7;M1_cued_target;Stopped;626892;-4017;-5420;20238;16603
7;M1_cued_target;Stopped;626905;-4017;-5420;20238;16603
7;M1_cued_target;Stopped;626916;-4017;-5420;20238;16603
7;M1_cued_target;Stopped;626933;-4017;-5420;20238;16603
7;M1_cued_target;Stopped;626946;-4017;-5420;20238;16603
7;M1_cued_target;Stopped;626960;-4017;-5420;20238;16603
7;M1_cued_target;Stopped;626968;-4017;-5420;20238;16603
7;M1_cued_target;Stopped;626982;-4017;-5420;20238;16603
7;M1_cued_target;Stopped;626995;-4017;-5420;20238;16603
7;M1_cued_target;Stopped;627008;-4017;-5420;20238;16603
7;M1_cued_target;Stopped;627021;-4017;-5420;20238;16603
7;M1_cued_target;Stopped;627035;-4017;-5420;20238;16603
7;M1_cued_target;Stopped;627048;-4017;-5420;20238;16603
7;M1_cued_target;Stopped;627061;-4017;-5420;20238;16603
7;M1_cued_target;Stopped;627075;-4017;-5420;20238;16603
7;M1_cued_target;Stopped;627088;-4017;-5420;20238;16603
7;M1_cued_target;Stopped;627101;-4017;-5420;20238;16603
7;M1_cued_target;Stopped;627115;-4017;-5420;20238;16603
7;M1_cued_target;Stopped;627128;-4017;-5420;20238;16603
7;M1_cued_target;Stopped;627141;-4017;-5420;20238;16603
7;M1_cued_target;End;641789;-4017;-5420;20238;16603
8;L2_hidden_target;Begin;641789;7000;-7000;0;0
8;L2_hidden_target;Stopped;845541;-4607;-5416;75117;11714
8;L2_hidden_target;Stopped;845555;-4607;-5416;75117;11714
8;L2_hidden_target;Stopped;845568;-4607;-5416;75117;11714
8;L2_hidden_target;Stopped;845581;-4607;-5416;75117;11714
8;L2_hidden_target;Stopped;845595;-4607;-5416;75117;11714
8;L2_hidden_target;Stopped;845608;-4607;-5416;75117;11714
8;L2_hidden_target;Stopped;845621;-4607;-5416;75117;11714
8;L2_hidden_target;Stopped;845635;-4607;-5416;75117;11714
8;L2_hidden_target;Stopped;845648;-4607;-5416;75117;11714
8;L2_hidden_target;Stopped;845661;-4607;-5416;75117;11714
8;L2_hidden_target;Stopped;845675;-4607;-5416;75117;11714
8;L2_hidden_target;Stopped;845688;-4607;-5416;75117;11714
8;L2_hidden_target;Stopped;845701;-4607;-5416;75117;11714
8;L2_hidden_target;Stopped;845715;-4607;-5416;75117;11714
8;L2_hidden_target;Stopped;845728;-4607;-5416;75117;11714
8;L2_hidden_target;Stopped;845741;-4607;-5416;75117;11714
8;L2_hidden_target;Stopped;845755;-4607;-5416;75117;11714
8;L2_hidden_target;Stopped;845768;-4607;-5416;75117;11714
8;L2_hidden_target;Stopped;845781;-4607;-5416;75117;11714
8;L2_hidden_target;Stopped;845795;-4607;-5416;75117;11714
8;L2_hidden_target;Stopped;845808;-4607;-5416;75117;11714
8;L2_hidden_target;Stopped;845822;-4607;-5416;75117;11714
8;L2_hidden_target;Stopped;845835;-4607;-5416;75117;11714
8;L2_hidden_target;Stopped;845848;-4607;-5416;75117;11714
8;L2_hidden_target;Stopped;845861;-4607;-5416;75117;11714
8;L2_hidden_target;Stopped;845875;-4607;-5416;75117;11714
8;L2_hidden_target;Stopped;845888;-4607;-5416;75117;11714
8;L2_hidden_target;Stopped;845901;-4607;-5416;75117;11714
8;L2_hidden_target;Stopped;845915;-4607;-5416;75117;11714
8;L2_hidden_target;Stopped;845928;-4607;-5416;75117;11714
8;L2_hidden_target;Stopped;845941;-4607;-5416;75117;11714
8;L2_hidden_target;Stopped;845955;-4607;-5416;75117;11714
8;L2_hidden_target;Stopped;845968;-4607;-5416;75117;11714
8;L2_hidden_target;Stopped;845981;-4607;-5416;75117;11714
8;L2_hidden_target;End;860565;-4607;-5416;75117;11714
9;M3_cued_target;Begin;860565;-7000;6999;0;0
9;M3_cued_target;Stopped;959672;-4934;-5419;11895;12590
9;M3_cued_target;Stopped;959686;-4934;-5419;11895;12590
9;M3_cued_target;Stopped;959699;-4934;-5419;11895;12590
9;M3_cued_target;Stopped;959712;-4934;-5419;11895;12590
9;M3_cued_target;Stopped;959726;-4934;-5419;11895;12590
9;M3_cued_target;Stopped;959739;-4934;-5419;11895;12590
9;M3_cued_target;Stopped;959752;-4934;-5419;11895;12590
9;M3_cued_target;Stopped;959766;-4934;-5419;11895;12590
9;M3_cued_target;Stopped;959779;-4934;-5419;11895;12590
9;M3_cued_target;Stopped;959792;-4934;-5419;11895;12590
9;M3_cued_target;Stopped;959806;-4934;-5419;11895;12590
9;M3_cued_target;Stopped;959819;-4934;-5419;11895;12590
9;M3_cued_target;Stopped;959832;-4934;-5419;11895;12590
9;M3_cued_target;Stopped;959846;-4934;-5419;11895;12590
9;M3_cued_target;Stopped;959859;-4934;-5419;11895;12590
9;M3_cued_target;Stopped;959872;-4934;-5419;11895;12590
9;M3_cued_target;Stopped;959886;-4934;-5419;11895;12590
9;M3_cued_target;Stopped;959899;-4934;-5419;11895;12590
9;M3_cued_target;Stopped;959912;-4934;-5419;11895;12590
9;M3_cued_target;Stopped;959926;-4934;-5419;11895;12590
9;M3_cued_target;Stopped;959939;-4934;-5419;11895;12590
9;M3_cued_target;Stopped;959952;-4934;-5419;11895;12590
9;M3_cued_target;Stopped;959966;-4934;-5419;11895;12590
9;M3_cued_target;Stopped;959979;-4934;-5419;11895;12590
9;M3_cued_target;Stopped;959992;-4934;-5419;11895;12590
9;M3_cued_target;Stopped;960006;-4934;-5419;11895;12590
9;M3_cued_target;End;974694;-4934;-5419;11895;12590
10;L2_hidden_target;Begin;974694;6999;-7000;0;0
10;L2_hidden_target;Stopped;1021092;-4968;-6349;16768;11986
10;L2_hidden_target;Stopped;1021105;-4968;-6349;16768;11986
10;L2_hidden_target;Stopped;1021119;-4968;-6349;16768;11986
10;L2_hidden_target;Stopped;1021133;-4968;-6349;16768;11986
10;L2_hidden_target;Stopped;1021151;-4968;-6349;16768;11986
10;L2_hidden_target;Stopped;1021161;-4968;-6349;16768;11986
10;L2_hidden_target;Stopped;1021172;-4968;-6349;16768;11986
10;L2_hidden_target;Stopped;1021186;-4968;-6349;16768;11986
10;L2_hidden_target;Stopped;1021202;-4968;-6349;16768;11986
10;L2_hidden_target;Stopped;1021214;-4968;-6349;16768;11986
10;L2_hidden_target;Stopped;1021225;-4968;-6349;16768;11986
10;L2_hidden_target;Stopped;1021238;-4968;-6349;16768;11986
10;L2_hidden_target;Stopped;1021252;-4968;-6349;16768;11986
10;L2_hidden_target;Stopped;1021265;-4968;-6349;16768;11986
10;L2_hidden_target;Stopped;1021278;-4968;-6349;16768;11986
10;L2_hidden_target;Stopped;1021292;-4968;-6349;16768;11986
10;L2_hidden_target;Stopped;1021305;-4968;-6349;16768;11986
10;L2_hidden_target;Stopped;1021318;-4968;-6349;16768;11986
10;L2_hidden_target;Stopped;1021332;-4968;-6349;16768;11986
10;L2_hidden_target;Stopped;1021345;-4968;-6349;16768;11986
10;L2_hidden_target;Stopped;1021358;-4968;-6349;16768;11986
10;L2_hidden_target;Stopped;1021372;-4968;-6349;16768;11986
10;L2_hidden_target;Stopped;1021391;-4968;-6349;16768;11986
10;L2_hidden_target;Stopped;1021405;-4968;-6349;16768;11986
10;L2_hidden_target;Stopped;1021413;-4968;-6349;16768;11986
10;L2_hidden_target;Stopped;1021425;-4968;-6349;16768;11986
10;L2_hidden_target;Stopped;1021438;-4968;-6349;16768;11986
10;L2_hidden_target;Stopped;1021452;-4968;-6349;16768;11986
10;L2_hidden_target;End;1036113;-4968;-6349;16768;11986
11;M2_cued_target;Begin;1036113;7000;-7000;0;0
11;M2_cued_target;Stopped;1113136;-3682;-6146;9771;10716
11;M2_cued_target;Stopped;1113150;-3682;-6146;9771;10716
11;M2_cued_target;Stopped;1113164;-3682;-6146;9771;10716
11;M2_cued_target;Stopped;1113177;-3682;-6146;9771;10716
11;M2_cued_target;Stopped;1113191;-3682;-6146;9771;10716
11;M2_cued_target;Stopped;1113204;-3682;-6146;9771;10716
11;M2_cued_target;Stopped;1113217;-3682;-6146;9771;10716
11;M2_cued_target;Stopped;1113230;-3682;-6146;9771;10716
11;M2_cued_target;Stopped;1113244;-3682;-6146;9771;10716
11;M2_cued_target;Stopped;1113257;-3682;-6146;9771;10716
11;M2_cued_target;Stopped;1113270;-3682;-6146;9771;10716
11;M2_cued_target;Stopped;1113283;-3682;-6146;9771;10716
11;M2_cued_target;Stopped;1113297;-3682;-6146;9771;10716
11;M2_cued_target;Stopped;1113310;-3682;-6146;9771;10716
11;M2_cued_target;Stopped;1113324;-3682;-6146;9771;10716
11;M2_cued_target;Stopped;1113337;-3682;-6146;9771;10716
11;M2_cued_target;Stopped;1113351;-3682;-6146;9771;10716
11;M2_cued_target;Stopped;1113364;-3682;-6146;9771;10716
11;M2_cued_target;Stopped;1113377;-3682;-6146;9771;10716
11;M2_cued_target;Stopped;1113391;-3682;-6146;9771;10716
11;M2_cued_target;Stopped;1113404;-3682;-6146;9771;10716
11;M2_cued_target;Stopped;1113417;-3682;-6146;9771;10716
11;M2_cued_target;Stopped;1113430;-3682;-6146;9771;10716
11;M2_cued_target;Stopped;1113444;-3682;-6146;9771;10716
11;M2_cued_target;Stopped;1113457;-3682;-6146;9771;10716
11;M2_cued_target;Stopped;1113474;-3682;-6146;9771;10716
11;M2_cued_target;End;1128162;-3682;-6146;9771;10716
12;L2_hidden_target;Begin;1128162;7000;-7000;0;0
12;L2_hidden_target;Stopped;1166091;-3682;-5945;12090;10734
12;L2_hidden_target;Stopped;1166104;-3682;-5945;12090;10734
12;L2_hidden_target;Stopped;1166118;-3682;-5945;12090;10734
12;L2_hidden_target;Stopped;1166131;-3682;-5945;12090;10734
12;L2_hidden_target;Stopped;1166149;-3682;-5945;12090;10734
12;L2_hidden_target;Stopped;1166162;-3682;-5945;12090;10734
12;L2_hidden_target;Stopped;1166175;-3682;-5945;12090;10734
12;L2_hidden_target;Stopped;1166185;-3682;-5945;12090;10734
12;L2_hidden_target;Stopped;1166198;-3682;-5945;12090;10734
12;L2_hidden_target;Stopped;1166211;-3682;-5945;12090;10734
12;L2_hidden_target;Stopped;1166225;-3682;-5945;12090;10734
12;L2_hidden_target;Stopped;1166238;-3682;-5945;12090;10734
12;L2_hidden_target;Stopped;1166251;-3682;-5945;12090;10734
12;L2_hidden_target;Stopped;1166264;-3682;-5945;12090;10734
12;L2_hidden_target;Stopped;1166278;-3682;-5945;12090;10734
12;L2_hidden_target;Stopped;1166291;-3682;-5945;12090;10734
12;L2_hidden_target;Stopped;1166305;-3682;-5945;12090;10734
12;L2_hidden_target;Stopped;1166317;-3682;-5945;12090;10734
12;L2_hidden_target;Stopped;1166331;-3682;-5945;12090;10734
12;L2_hidden_target;Stopped;1166344;-3682;-5945;12090;10734
12;L2_hidden_target;Stopped;1166357;-3682;-5945;12090;10734
12;L2_hidden_target;Stopped;1166373;-3682;-5945;12090;10734
12;L2_hidden_target;Stopped;1166384;-3682;-5945;12090;10734
12;L2_hidden_target;Stopped;1166397;-3682;-5945;12090;10734
12;L2_hidden_target;Stopped;1166411;-3682;-5945;12090;10734
12;L2_hidden_target;Stopped;1166424;-3682;-5945;12090;10734
12;L2_hidden_target;Stopped;1166437;-3682;-5945;12090;10734
12;L2_hidden_target;Stopped;1166451;-3682;-5945;12090;10734
12;L2_hidden_target;Stopped;1166464;-3682;-5945;12090;10734
12;L2_hidden_target;Stopped;1166478;-3682;-5945;12090;10734
12;L2_hidden_target;Stopped;1166517;-3682;-5945;12090;10734
12;L2_hidden_target;Stopped;1166531;-3682;-5945;12090;10734
12;L2_hidden_target;Stopped;1166544;-3682;-5945;12090;10734
12;L2_hidden_target;Stopped;1166557;-3682;-5945;12090;10734
12;L2_hidden_target;End;1181113;-3682;-5945;12090;10734
13;M3_cued_target;Begin;1181113;-7000;7000;0;0
13;M3_cued_target;Stopped;1325218;-3735;-5425;19496;12847
13;M3_cued_target;Stopped;1325232;-3735;-5425;19496;12847
13;M3_cued_target;Stopped;1325245;-3735;-5425;19496;12847
13;M3_cued_target;Stopped;1325258;-3735;-5425;19496;12847
13;M3_cued_target;Stopped;1325272;-3735;-5425;19496;12847
13;M3_cued_target;Stopped;1325285;-3735;-5425;19496;12847
13;M3_cued_target;Stopped;1325298;-3735;-5425;19496;12847
13;M3_cued_target;Stopped;1325312;-3735;-5425;19496;12847
13;M3_cued_target;Stopped;1325325;-3735;-5425;19496;12847
13;M3_cued_target;Stopped;1325338;-3735;-5425;19496;12847
13;M3_cued_target;Stopped;1325352;-3735;-5425;19496;12847
13;M3_cued_target;Stopped;1325365;-3735;-5425;19496;12847
13;M3_cued_target;Stopped;1325378;-3735;-5425;19496;12847
13;M3_cued_target;Stopped;1325392;-3735;-5425;19496;12847
13;M3_cued_target;Stopped;1325405;-3735;-5425;19496;12847
13;M3_cued_target;Stopped;1325418;-3735;-5425;19496;12847
13;M3_cued_target;Stopped;1325432;-3735;-5425;19496;12847
13;M3_cued_target;Stopped;1325445;-3735;-5425;19496;12847
13;M3_cued_target;Stopped;1325458;-3735;-5425;19496;12847
13;M3_cued_target;Stopped;1325472;-3735;-5425;19496;12847
13;M3_cued_target;Stopped;1325511;-3735;-5425;19496;12847
13;M3_cued_target;Stopped;1325525;-3735;-5425;19496;12847
13;M3_cued_target;End;1340240;-3735;-5425;19496;12847
14;L2_hidden_target;Begin;1340240;7000;-7000;0;0
14;L2_hidden_target;Stopped;1366636;-3683;-6288;10454;10706
14;L2_hidden_target;Stopped;1366648;-3683;-6288;10454;10706
14;L2_hidden_target;Stopped;1366662;-3683;-6288;10454;10706
14;L2_hidden_target;Stopped;1366672;-3683;-6288;10454;10706
14;L2_hidden_target;Stopped;1366685;-3683;-6288;10454;10706
14;L2_hidden_target;Stopped;1366698;-3683;-6288;10454;10706
14;L2_hidden_target;Stopped;1366712;-3683;-6288;10454;10706
14;L2_hidden_target;Stopped;1366725;-3683;-6288;10454;10706
14;L2_hidden_target;Stopped;1366738;-3683;-6288;10454;10706
14;L2_hidden_target;Stopped;1366752;-3683;-6288;10454;10706
14;L2_hidden_target;Stopped;1366765;-3683;-6288;10454;10706
14;L2_hidden_target;Stopped;1366778;-3683;-6288;10454;10706
14;L2_hidden_target;Stopped;1366792;-3683;-6288;10454;10706
14;L2_hidden_target;Stopped;1366805;-3683;-6288;10454;10706
14;L2_hidden_target;Stopped;1366818;-3683;-6288;10454;10706
14;L2_hidden_target;Stopped;1366832;-3683;-6288;10454;10706
14;L2_hidden_target;Stopped;1366845;-3683;-6288;10454;10706
14;L2_hidden_target;Stopped;1366858;-3683;-6288;10454;10706
14;L2_hidden_target;Stopped;1366872;-3683;-6288;10454;10706
14;L2_hidden_target;Stopped;1366885;-3683;-6288;10454;10706
14;L2_hidden_target;Stopped;1366898;-3683;-6288;10454;10706
14;L2_hidden_target;End;1381652;-3683;-6288;10454;10706
15;M1_cued_target;Begin;1381652;6999;7000;0;0
15;M1_cued_target;Stopped;1525465;-4508;-5418;23251;16930
15;M1_cued_target;Stopped;1525505;-4508;-5418;23251;16930
15;M1_cued_target;Stopped;1525518;-4508;-5418;23251;16930
15;M1_cued_target;Stopped;1525531;-4508;-5418;23251;16930
15;M1_cued_target;Stopped;1525545;-4508;-5418;23251;16930
15;M1_cued_target;Stopped;1525558;-4508;-5418;23251;16930
15;M1_cued_target;Stopped;1525571;-4508;-5418;23251;16930
15;M1_cued_target;Stopped;1525585;-4508;-5418;23251;16930
15;M1_cued_target;Stopped;1525598;-4508;-5418;23251;16930
15;M1_cued_target;Stopped;1525612;-4508;-5418;23251;16930
15;M1_cued_target;Stopped;1525628;-4508;-5418;23251;16930
15;M1_cued_target;Stopped;1525642;-4508;-5418;23251;16930
15;M1_cued_target;Stopped;1525656;-4508;-5418;23251;16930
15;M1_cued_target;Stopped;1525665;-4508;-5418;23251;16930
15;M1_cued_target;Stopped;1525679;-4508;-5418;23251;16930
15;M1_cued_target;Stopped;1525692;-4508;-5418;23251;16930
15;M1_cued_target;Stopped;1525708;-4508;-5418;23251;16930
15;M1_cued_target;Stopped;1525722;-4508;-5418;23251;16930
15;M1_cued_target;Stopped;1525733;-4508;-5418;23251;16930
15;M1_cued_target;Stopped;1525746;-4508;-5418;23251;16930
15;M1_cued_target;End;1540487;-4508;-5418;23251;16930
16;L2_hidden_target;Begin;1540487;7000;-7000;0;0
16;L2_hidden_target;Stopped;1571184;-3676;-5687;10885;10756
16;L2_hidden_target;Stopped;1571198;-3676;-5687;10885;10756
16;L2_hidden_target;Stopped;1571211;-3676;-5687;10885;10756
16;L2_hidden_target;Stopped;1571225;-3676;-5687;10885;10756
16;L2_hidden_target;Stopped;1571238;-3676;-5687;10885;10756
16;L2_hidden_target;Stopped;1571251;-3676;-5687;10885;10756
16;L2_hidden_target;Stopped;1571265;-3676;-5687;10885;10756
16;L2_hidden_target;Stopped;1571278;-3676;-5687;10885;10756
16;L2_hidden_target;Stopped;1571291;-3676;-5687;10885;10756
16;L2_hidden_target;Stopped;1571305;-3676;-5687;10885;10756
16;L2_hidden_target;Stopped;1571318;-3676;-5687;10885;10756
16;L2_hidden_target;Stopped;1571331;-3676;-5687;10885;10756
16;L2_hidden_target;Stopped;1571345;-3676;-5687;10885;10756
16;L2_hidden_target;Stopped;1571358;-3676;-5687;10885;10756
16;L2_hidden_target;Stopped;1571371;-3676;-5687;10885;10756
16;L2_hidden_target;Stopped;1571385;-3676;-5687;10885;10756
16;L2_hidden_target;Stopped;1571398;-3676;-5687;10885;10756
16;L2_hidden_target;Stopped;1571411;-3676;-5687;10885;10756
16;L2_hidden_target;Stopped;1571425;-3676;-5687;10885;10756
16;L2_hidden_target;Stopped;1571438;-3676;-5687;10885;10756
16;L2_hidden_target;Stopped;1571451;-3676;-5687;10885;10756
16;L2_hidden_target;Stopped;1571465;-3676;-5687;10885;10756
16;L2_hidden_target;Stopped;1571504;-3676;-5687;10885;10756
16;L2_hidden_target;Stopped;1571518;-3676;-5687;10885;10756
16;L2_hidden_target;End;1586204;-3676;-5687;10885;10756
16;L2_hidden_target;Begin;1586204;-3676;-5687;10885;10756
