1;M3_cued_target;Stopped;170836;-3622;-6014;34841;13445
1;M3_cued_target;Stopped;170849;-3622;-6014;34841;13445
1;M3_cued_target;Stopped;170863;-3622;-6014;34841;13445
1;M3_cued_target;Stopped;170876;-3622;-6014;34841;13445
1;M3_cued_target;Stopped;170889;-3622;-6014;34841;13445
1;M3_cued_target;Stopped;170903;-3622;-6014;34841;13445
1;M3_cued_target;Stopped;170916;-3622;-6014;34841;13445
1;M3_cued_target;Stopped;170929;-3622;-6014;34841;13445
1;M3_cued_target;Stopped;170943;-3622;-6014;34841;13445
1;M3_cued_target;Stopped;170956;-3622;-6014;34841;13445
1;M3_cued_target;Stopped;170969;-3622;-6014;34841;13445
1;M3_cued_target;Stopped;170983;-3622;-6014;34841;13445
1;M3_cued_target;Stopped;170996;-3622;-6014;34841;13445
1;M3_cued_target;Stopped;171009;-3622;-6014;34841;13445
1;M3_cued_target;Stopped;171023;-3622;-6014;34841;13445
1;M3_cued_target;Stopped;171036;-3622;-6014;34841;13445
1;M3_cued_target;Stopped;171049;-3622;-6014;34841;13445
1;M3_cued_target;Stopped;171063;-3622;-6014;34841;13445
1;M3_cued_target;Stopped;171076;-3622;-6014;34841;13445
1;M3_cued_target;Stopped;171089;-3622;-6014;34841;13445
1;M3_cued_target;Stopped;171103;-3622;-6014;34841;13445
1;M3_cued_target;Stopped;171116;-3622;-6014;34841;13445
1;M3_cued_target;Stopped;171129;-3622;-6014;34841;13445
1;M3_cued_target;Stopped;171143;-3622;-6014;34841;13445
1;M3_cued_target;Stopped;171156;-3622;-6014;34841;13445
1;M3_cued_target;Stopped;171169;-3622;-6014;34841;13445
1;M3_cued_target;Stopped;171183;-3622;-6014;34841;13445
1;M3_cued_target;Stopped;171196;-3622;-6014;34841;13445
1;M3_cued_target;Stopped;171209;-3622;-6014;34841;13445
1;M3_cued_target;Stopped;171223;-3622;-6014;34841;13445
1;M3_cued_target;Stopped;171236;-3622;-6014;34841;13445
1;M3_cued_target;End;185857;-3622;-6014;34841;13445
2;L1_hidden_target;Begin;185857;7000;7000;0;0
2;L1_hidden_target;Stopped;412894;-4161;-5419;119697;16697
2;L1_hidden_target;Stopped;412908;-4161;-5419;119697;16697
2;L1_hidden_target;Stopped;412921;-4161;-5419;119697;16697
2;L1_hidden_target;Stopped;412934;-4161;-5419;119697;16697
2;L1_hidden_target;Stopped;412948;-4161;-5419;119697;16697
2;L1_hidden_target;Stopped;412961;-4161;-5419;119697;16697
2;L1_hidden_target;Stopped;412974;-4161;-5419;119697;16697
2;L1_hidden_target;Stopped;412988;-4161;-5419;119697;16697
2;L1_hidden_target;Stopped;413001;-4161;-5419;119697;16697
2;L1_hidden_target;Stopped;413014;-4161;-5419;119697;16697
2;L1_hidden_target;Stopped;413028;-4161;-5419;119697;16697
2;L1_hidden_target;Stopped;413041;-4161;-5419;119697;16697
2;L1_hidden_target;Stopped;413054;-4161;-5419;119697;16697
2;L1_hidden_target;Stopped;413068;-4161;-5419;119697;16697
2;L1_hidden_target;Stopped;413081;-4161;-5419;119697;16697
2;L1_hidden_target;Stopped;413094;-4161;-5419;119697;16697
2;L1_hidden_target;Stopped;413108;-4161;-5419;119697;16697
2;L1_hidden_target;Stopped;413121;-4161;-5419;119697;16697
2;L1_hidden_target;Stopped;413134;-4161;-5419;119697;16697
2;L1_hidden_target;Stopped;413148;-4161;-5419;119697;16697
2;L1_hidden_target;Stopped;413161;-4161;-5419;119697;16697
2;L1_hidden_target;Stopped;413175;-4161;-5419;119697;16697
2;L1_hidden_target;Stopped;413188;-4161;-5419;119697;16697
2;L1_hidden_target;Stopped;413201;-4161;-5419;119697;16697
2;L1_hidden_target;Stopped;413215;-4161;-5419;119697;16697
2;L1_hidden_target;Stopped;413228;-4161;-5419;119697;16697
2;L1_hidden_target;End;427915;-4161;-5419;119697;16697
3;M1_cued_target;Begin;427915;6999;6999;0;0
3;M1_cued_target;Stopped;694802;-5126;-5469;47379;17393
3;M1_cued_target;Stopped;694815;-5126;-5469;47379;17393
3;M1_cued_target;Stopped;694829;-5126;-5469;47379;17393
3;M1_cued_target;Stopped;694842;-5126;-5469;47379;17393
3;M1_cued_target;Stopped;694855;-5126;-5469;47379;17393
3;M1_cued_target;Stopped;694868;-5126;-5469;47379;17393
3;M1_cued_target;Stopped;694882;-5126;-5469;47379;17393
3;M1_cued_target;Stopped;694895;-5126;-5469;47379;17393
3;M1_cued_target;Stopped;694908;-5126;-5469;47379;17393
3;M1_cued_target;Stopped;694922;-5126;-5469;47379;17393
3;M1_cued_target;Stopped;694935;-5126;-5469;47379;17393
3;M1_cued_target;Stopped;694948;-5126;-5469;47379;17393
3;M1_cued_target;Stopped;694962;-5126;-5469;47379;17393
3;M1_cued_target;Stopped;694975;-5126;-5469;47379;17393
3;M1_cued_target;Stopped;694989;-5126;-5469;47379;17393
3;M1_cued_target;Stopped;695002;-5126;-5469;47379;17393
3;M1_cued_target;Stopped;695015;-5126;-5469;47379;17393
3;M1_cued_target;Stopped;695028;-5126;-5469;47379;17393
3;M1_cued_target;Stopped;695042;-5126;-5469;47379;17393
3;M1_cued_target;Stopped;695055;-5126;-5469;47379;17393
3;M1_cued_target;Stopped;695068;-5126;-5469;47379;17393
3;M1_cued_target;Stopped;695082;-5126;-5469;47379;17393
3;M1_cued_target;Stopped;695095;-5126;-5469;47379;17393
3;M1_cued_target;Stopped;695108;-5126;-5469;47379;17393
3;M1_cued_target;Stopped;695122;-5126;-5469;47379;17393
3;M1_cued_target;Stopped;695135;-5126;-5469;47379;17393
3;M1_cued_target;Stopped;695148;-5126;-5469;47379;17393
3;M1_cued_target;Stopped;695162;-5126;-5469;47379;17393
3;M1_cued_target;Stopped;695175;-5126;-5469;47379;17393
3;M1_cued_target;Stopped;695188;-5126;-5469;47379;17393
3;M1_cued_target;Stopped;695202;-5126;-5469;47379;17393
3;M1_cued_target;Stopped;695215;-5126;-5469;47379;17393
3;M1_cued_target;Stopped;695228;-5126;-5469;47379;17393
3;M1_cued_target;Stopped;695242;-5126;-5469;47379;17393
3;M1_cued_target;Stopped;695255;-5126;-5469;47379;17393
3;M1_cued_target;Stopped;695269;-5126;-5469;47379;17393
3;M1_cued_target;Stopped;695282;-5126;-5469;47379;17393
3;M1_cued_target;Stopped;695295;-5126;-5469;47379;17393
3;M1_cued_target;Stopped;695309;-5126;-5469;47379;17393
3;M1_cued_target;Stopped;695322;-5126;-5469;47379;17393
3;M1_cued_target;Stopped;695335;-5126;-5469;47379;17393
3;M1_cued_target;Stopped;695349;-5126;-5469;47379;17393
3;M1_cued_target;Stopped;695362;-5126;-5469;47379;17393
3;M1_cued_target;Stopped;695375;-5126;-5469;47379;17393
3;M1_cued_target;Stopped;695388;-5126;-5469;47379;17393
3;M1_cued_target;Stopped;695402;-5126;-5469;47379;17393
3;M1_cued_target;Stopped;695415;-5126;-5469;47379;17393
3;M1_cued_target;Stopped;695429;-5126;-5469;47379;17393
3;M1_cued_target;Stopped;695442;-5126;-5469;47379;17393
3;M1_cued_target;Stopped;695455;-5126;-5469;47379;17393
3;M1_cued_target;Stopped;695469;-5126;-5469;47379;17393
3;M1_cued_target;Stopped;695482;-5126;-5469;47379;17393
3;M1_cued_target;Stopped;695522;-5126;-5469;47379;17393
3;M1_cued_target;Stopped;695535;-5126;-5469;47379;17393
3;M1_cued_target;Stopped;695549;-5126;-5469;47379;17393
3;M1_cued_target;Stopped;695562;-5126;-5469;47379;17393
3;M1_cued_target;Stopped;695575;-5126;-5469;47379;17393
3;M1_cued_target;Stopped;695588;-5126;-5469;47379;17393
3;M1_cued_target;Stopped;695602;-5126;-5469;47379;17393
3;M1_cued_target;Stopped;695615;-5126;-5469;47379;17393
3;M1_cued_target;Stopped;695628;-5126;-5469;47379;17393
3;M1_cued_target;Stopped;695642;-5126;-5469;47379;17393
3;M1_cued_target;Stopped;695655;-5126;-5469;47379;17393
3;M1_cued_target;Stopped;695668;-5126;-5469;47379;17393
3;M1_cued_target;Stopped;695682;-5126;-5469;47379;17393
3;M1_cued_target;Stopped;695695;-5126;-5469;47379;17393
3;M1_cued_target;Stopped;695708;-5126;-5469;47379;17393
3;M1_cued_target;Stopped;695722;-5126;-5469;47379;17393
3;M1_cued_target;Stopped;695735;-5126;-5469;47379;17393
3;M1_cued_target;Stopped;695748;-5126;-5469;47379;17393
3;M1_cued_target;Stopped;695762;-5126;-5469;47379;17393
3;M1_cued_target;Stopped;695775;-5126;-5469;47379;17393
3;M1_cued_target;Stopped;695788;-5126;-5469;47379;17393
3;M1_cued_target;Stopped;695802;-5126;-5469;47379;17393
3;M1_cued_target;Stopped;695815;-5126;-5469;47379;17393
3;M1_cued_target;Stopped;695828;-5126;-5469;47379;17393
3;M1_cued_target;Stopped;695842;-5126;-5469;47379;17393
3;M1_cued_target;Stopped;695855;-5126;-5469;47379;17393
3;M1_cued_target;Stopped;695868;-5126;-5469;47379;17393
3;M1_cued_target;Stopped;695882;-5126;-5469;47379;17393
3;M1_cued_target;Stopped;695895;-5126;-5469;47379;17393
3;M1_cued_target;Stopped;695908;-5126;-5469;47379;17393
3;M1_cued_target;Stopped;695922;-5126;-5469;47379;17393
3;M1_cued_target;End;709823;-5126;-5469;47379;17393
4;L2_hidden_target;Begin;709823;7000;-7000;0;0
4;L2_hidden_target;Stopped;788808;-4413;-5419;27413;11522
4;L2_hidden_target;Stopped;788822;-4413;-5419;27413;11522
4;L2_hidden_target;Stopped;788835;-4413;-5419;27413;11522
4;L2_hidden_target;Stopped;788848;-4413;-5419;27413;11522
4;L2_hidden_target;Stopped;788862;-4413;-5419;27413;11522
4;L2_hidden_target;Stopped;788875;-4413;-5419;27413;11522
4;L2_hidden_target;Stopped;788888;-4413;-5419;27413;11522
4;L2_hidden_target;Stopped;788902;-4413;-5419;27413;11522
4;L2_hidden_target;Stopped;788915;-4413;-5419;27413;11522
4;L2_hidden_target;Stopped;788928;-4413;-5419;27413;11522
4;L2_hidden_target;Stopped;788942;-4413;-5419;27413;11522
4;L2_hidden_target;Stopped;788955;-4413;-5419;27413;11522
4;L2_hidden_target;Stopped;788968;-4413;-5419;27413;11522
4;L2_hidden_target;Stopped;788982;-4413;-5419;27413;11522
4;L2_hidden_target;Stopped;788995;-4413;-5419;27413;11522
4;L2_hidden_target;Stopped;789008;-4413;-5419;27413;11522
4;L2_hidden_target;Stopped;789022;-4413;-5419;27413;11522
4;L2_hidden_target;Stopped;789035;-4413;-5419;27413;11522
4;L2_hidden_target;Stopped;789048;-4413;-5419;27413;11522
4;L2_hidden_target;Stopped;789062;-4413;-5419;27413;11522
4;L2_hidden_target;End;803829;-4413;-5419;27413;11522
5;M2_cued_target;Begin;803829;7000;-7000;0;0
5;M2_cued_target;Stopped;980283;-4609;-5315;36889;11730
5;M2_cued_target;Stopped;980296;-4609;-5315;36889;11730
5;M2_cued_target;Stopped;980310;-4609;-5315;36889;11730
5;M2_cued_target;Stopped;980323;-4609;-5315;36889;11730
5;M2_cued_target;Stopped;980337;-4609;-5315;36889;11730
5;M2_cued_target;Stopped;980350;-4609;-5315;36889;11730
5;M2_cued_target;Stopped;980363;-4609;-5315;36889;11730
5;M2_cued_target;Stopped;980377;-4609;-5315;36889;11730
5;M2_cued_target;Stopped;980390;-4609;-5315;36889;11730
5;M2_cued_target;Stopped;980403;-4609;-5315;36889;11730
5;M2_cued_target;Stopped;980417;-4609;-5315;36889;11730
5;M2_cued_target;Stopped;980430;-4609;-5315;36889;11730
5;M2_cued_target;Stopped;980443;-4609;-5315;36889;11730
5;M2_cued_target;Stopped;980457;-4609;-5315;36889;11730
5;M2_cued_target;Stopped;980470;-4609;-5315;36889;11730
5;M2_cued_target;Stopped;980483;-4609;-5315;36889;11730
5;M2_cued_target;Stopped;980510;-4609;-5315;36889;11730
5;M2_cued_target;Stopped;980523;-4609;-5315;36889;11730
5;M2_cued_target;Stopped;980537;-4609;-5315;36889;11730
5;M2_cued_target;Stopped;980554;-4609;-5315;36889;11730
5;M2_cued_target;Stopped;980564;-4609;-5315;36889;11730
5;M2_cued_target;Stopped;980577;-4609;-5315;36889;11730
5;M2_cued_target;Stopped;980591;-4609;-5315;36889;11730
5;M2_cued_target;Stopped;980603;-4609;-5315;36889;11730
5;M2_cued_target;Stopped;980617;-4609;-5315;36889;11730
5;M2_cued_target;Stopped;980630;-4609;-5315;36889;11730
5;M2_cued_target;Stopped;980643;-4609;-5315;36889;11730
5;M2_cued_target;Stopped;980657;-4609;-5315;36889;11730
5;M2_cued_target;Stopped;980674;-4609;-5315;36889;11730
5;M2_cued_target;Stopped;980684;-4609;-5315;36889;11730
5;M2_cued_target;Stopped;980697;-4609;-5315;36889;11730
5;M2_cued_target;Stopped;980711;-4609;-5315;36889;11730
5;M2_cued_target;Stopped;980723;-4609;-5315;36889;11730
5;M2_cued_target;Stopped;980737;-4609;-5315;36889;11730
5;M2_cued_target;Stopped;980750;-4609;-5315;36889;11730
5;M2_cued_target;Stopped;980763;-4609;-5315;36889;11730
5;M2_cued_target;Stopped;980777;-4609;-5315;36889;11730
5;M2_cued_target;Stopped;980790;-4609;-5315;36889;11730
5;M2_cued_target;Stopped;980803;-4609;-5315;36889;11730
5;M2_cued_target;Stopped;980817;-4609;-5315;36889;11730
5;M2_cued_target;End;995304;-4609;-5315;36889;11730
6;L3_hidden_target;Begin;995304;-7000;6999;0;0
6;L3_hidden_target;Stopped;1108849;-3993;-5420;54194;12779
6;L3_hidden_target;Stopped;1108863;-3993;-5420;54194;12779
6;L3_hidden_target;Stopped;1108876;-3993;-5420;54194;12779
6;L3_hidden_target;Stopped;1108889;-3993;-5420;54194;12779
6;L3_hidden_target;Stopped;1108903;-3993;-5420;54194;12779
6;L3_hidden_target;Stopped;1108916;-3993;-5420;54194;12779
6;L3_hidden_target;Stopped;1108930;-3993;-5420;54194;12779
6;L3_hidden_target;Stopped;1108943;-3993;-5420;54194;12779
6;L3_hidden_target;Stopped;1108956;-3993;-5420;54194;12779
6;L3_hidden_target;Stopped;1108970;-3993;-5420;54194;12779
6;L3_hidden_target;Stopped;1108983;-3993;-5420;54194;12779
6;L3_hidden_target;Stopped;1108996;-3993;-5420;54194;12779
6;L3_hidden_target;Stopped;1109010;-3993;-5420;54194;12779
6;L3_hidden_target;Stopped;1109023;-3993;-5420;54194;12779
6;L3_hidden_target;Stopped;1109036;-3993;-5420;54194;12779
6;L3_hidden_target;Stopped;1109050;-3993;-5420;54194;12779
6;L3_hidden_target;Stopped;1109063;-3993;-5420;54194;12779
6;L3_hidden_target;Stopped;1109076;-3993;-5420;54194;12779
6;L3_hidden_target;Stopped;1109090;-3993;-5420;54194;12779
6;L3_hidden_target;Stopped;1109103;-3993;-5420;54194;12779
6;L3_hidden_target;End;1123871;-3993;-5420;54194;12779
7;M1_cued_target;Begin;1123871;7000;7000;0;0
7;M1_cued_target;Stopped;1275508;-5444;-5960;28682;17967
7;M1_cued_target;Stopped;1275521;-5444;-5960;28682;17967
7;M1_cued_target;Stopped;1275534;-5444;-5960;28682;17967
7;M1_cued_target;Stopped;1275548;-5444;-5960;28682;17967
7;M1_cued_target;Stopped;1275561;-5444;-5960;28682;17967
7;M1_cued_target;Stopped;1275574;-5444;-5960;28682;17967
7;M1_cued_target;Stopped;1275587;-5444;-5960;28682;17967
7;M1_cued_target;Stopped;1275601;-5444;-5960;28682;17967
7;M1_cued_target;Stopped;1275614;-5444;-5960;28682;17967
7;M1_cued_target;Stopped;1275627;-5444;-5960;28682;17967
7;M1_cued_target;Stopped;1275641;-5444;-5960;28682;17967
7;M1_cued_target;Stopped;1275654;-5444;-5960;28682;17967
7;M1_cued_target;Stopped;1275667;-5444;-5960;28682;17967
7;M1_cued_target;Stopped;1275681;-5444;-5960;28682;17967
7;M1_cued_target;Stopped;1275694;-5444;-5960;28682;17967
7;M1_cued_target;Stopped;1275707;-5444;-5960;28682;17967
7;M1_cued_target;Stopped;1275721;-5444;-5960;28682;17967
7;M1_cued_target;Stopped;1275734;-5444;-5960;28682;17967
7;M1_cued_target;Stopped;1275747;-5444;-5960;28682;17967
7;M1_cued_target;Stopped;1275761;-5444;-5960;28682;17967
7;M1_cued_target;Stopped;1275774;-5444;-5960;28682;17967
7;M1_cued_target;Stopped;1275787;-5444;-5960;28682;17967
7;M1_cued_target;Stopped;1275801;-5444;-5960;28682;17967
7;M1_cued_target;Stopped;1275814;-5444;-5960;28682;17967
7;M1_cued_target;Stopped;1275827;-5444;-5960;28682;17967
7;M1_cued_target;Stopped;1275841;-5444;-5960;28682;17967
7;M1_cued_target;Stopped;1275854;-5444;-5960;28682;17967
7;M1_cued_target;Stopped;1275867;-5444;-5960;28682;17967
7;M1_cued_target;Stopped;1275880;-5444;-5960;28682;17967
7;M1_cued_target;Stopped;1275894;-5444;-5960;28682;17967
7;M1_cued_target;Stopped;1275907;-5444;-5960;28682;17967
7;M1_cued_target;Stopped;1275920;-5444;-5960;28682;17967
7;M1_cued_target;Stopped;1275934;-5444;-5960;28682;17967
7;M1_cued_target;Stopped;1275947;-5444;-5960;28682;17967
7;M1_cued_target;Stopped;1275960;-5444;-5960;28682;17967
7;M1_cued_target;Stopped;1275974;-5444;-5960;28682;17967
7;M1_cued_target;Stopped;1275987;-5444;-5960;28682;17967
7;M1_cued_target;Stopped;1276000;-5444;-5960;28682;17967
7;M1_cued_target;Stopped;1276014;-5444;-5960;28682;17967
7;M1_cued_target;Stopped;1276027;-5444;-5960;28682;17967
7;M1_cued_target;Stopped;1276040;-5444;-5960;28682;17967
7;M1_cued_target;Stopped;1276054;-5444;-5960;28682;17967
7;M1_cued_target;Stopped;1276067;-5444;-5960;28682;17967
7;M1_cued_target;Stopped;1276080;-5444;-5960;28682;17967
7;M1_cued_target;Stopped;1276094;-5444;-5960;28682;17967
7;M1_cued_target;Stopped;1276107;-5444;-5960;28682;17967
7;M1_cued_target;Stopped;1276121;-5444;-5960;28682;17967
7;M1_cued_target;Stopped;1276134;-5444;-5960;28682;17967
7;M1_cued_target;Stopped;1276147;-5444;-5960;28682;17967
7;M1_cued_target;Stopped;1276160;-5444;-5960;28682;17967
7;M1_cued_target;Stopped;1276174;-5444;-5960;28682;17967
7;M1_cued_target;Stopped;1276187;-5444;-5960;28682;17967
7;M1_cued_target;Stopped;1276200;-5444;-5960;28682;17967
7;M1_cued_target;Stopped;1276214;-5444;-5960;28682;17967
7;M1_cued_target;Stopped;1276227;-5444;-5960;28682;17967
7;M1_cued_target;Stopped;1276240;-5444;-5960;28682;17967
7;M1_cued_target;Stopped;1276254;-5444;-5960;28682;17967
7;M1_cued_target;Stopped;1276267;-5444;-5960;28682;17967
7;M1_cued_target;Stopped;1276280;-5444;-5960;28682;17967
7;M1_cued_target;Stopped;1276294;-5444;-5960;28682;17967
7;M1_cued_target;End;1290529;-5444;-5960;28682;17967
8;L2_hidden_target;Begin;1290529;6999;-7000;0;0
8;L2_hidden_target;Stopped;1323970;-4156;-6704;14465;11160
8;L2_hidden_target;Stopped;1323983;-4156;-6704;14465;11160
8;L2_hidden_target;Stopped;1323997;-4156;-6704;14465;11160
8;L2_hidden_target;Stopped;1324010;-4156;-6704;14465;11160
8;L2_hidden_target;Stopped;1324023;-4156;-6704;14465;11160
8;L2_hidden_target;Stopped;1324037;-4156;-6704;14465;11160
8;L2_hidden_target;Stopped;1324050;-4156;-6704;14465;11160
8;L2_hidden_target;Stopped;1324063;-4156;-6704;14465;11160
8;L2_hidden_target;Stopped;1324077;-4156;-6704;14465;11160
8;L2_hidden_target;Stopped;1324090;-4156;-6704;14465;11160
8;L2_hidden_target;Stopped;1324103;-4156;-6704;14465;11160
8;L2_hidden_target;Stopped;1324117;-4156;-6704;14465;11160
8;L2_hidden_target;Stopped;1324130;-4156;-6704;14465;11160
8;L2_hidden_target;Stopped;1324143;-4156;-6704;14465;11160
8;L2_hidden_target;Stopped;1324157;-4156;-6704;14465;11160
8;L2_hidden_target;Stopped;1324170;-4156;-6704;14465;11160
8;L2_hidden_target;Stopped;1324183;-4156;-6704;14465;11160
8;L2_hidden_target;Stopped;1324197;-4156;-6704;14465;11160
8;L2_hidden_target;Stopped;1324210;-4156;-6704;14465;11160
8;L2_hidden_target;Stopped;1324223;-4156;-6704;14465;11160
8;L2_hidden_target;Stopped;1324237;-4156;-6704;14465;11160
8;L2_hidden_target;Stopped;1324250;-4156;-6704;14465;11160
8;L2_hidden_target;End;1338993;-4156;-6704;14465;11160
9;M3_cued_target;Begin;1338993;-7000;6999;0;0
9;M3_cued_target;Stopped;1491668;-3381;-6252;31880;13737
9;M3_cued_target;Stopped;1491681;-3381;-6252;31880;13737
9;M3_cued_target;Stopped;1491698;-3381;-6252;31880;13737
9;M3_cued_target;Stopped;1491711;-3381;-6252;31880;13737
9;M3_cued_target;Stopped;1491724;-3381;-6252;31880;13737
9;M3_cued_target;Stopped;1491734;-3381;-6252;31880;13737
9;M3_cued_target;Stopped;1491748;-3381;-6252;31880;13737
9;M3_cued_target;Stopped;1491761;-3381;-6252;31880;13737
9;M3_cued_target;Stopped;1491774;-3381;-6252;31880;13737
9;M3_cued_target;Stopped;1491787;-3381;-6252;31880;13737
9;M3_cued_target;Stopped;1491801;-3381;-6252;31880;13737
9;M3_cued_target;Stopped;1491814;-3381;-6252;31880;13737
9;M3_cued_target;Stopped;1491828;-3381;-6252;31880;13737
9;M3_cued_target;Stopped;1491841;-3381;-6252;31880;13737
9;M3_cued_target;Stopped;1491854;-3381;-6252;31880;13737
9;M3_cued_target;Stopped;1491867;-3381;-6252;31880;13737
9;M3_cued_target;Stopped;1491881;-3381;-6252;31880;13737
9;M3_cued_target;Stopped;1491894;-3381;-6252;31880;13737
9;M3_cued_target;Stopped;1491907;-3381;-6252;31880;13737
9;M3_cued_target;Stopped;1491921;-3381;-6252;31880;13737
9;M3_cued_target;Stopped;1491934;-3381;-6252;31880;13737
9;M3_cued_target;Stopped;1491947;-3381;-6252;31880;13737
9;M3_cued_target;Stopped;1491961;-3381;-6252;31880;13737
9;M3_cued_target;Stopped;1491974;-3381;-6252;31880;13737
9;M3_cued_target;Stopped;1491987;-3381;-6252;31880;13737
9;M3_cued_target;Stopped;1492001;-3381;-6252;31880;13737
9;M3_cued_target;Stopped;1492014;-3381;-6252;31880;13737
9;M3_cued_target;End;1506688;-3381;-6252;31880;13737
10;L1_hidden_target;Begin;1506688;7000;7000;0;0
10;L1_hidden_target;Stopped;1540037;-3682;-5771;16464;16650
10;L1_hidden_target;Stopped;1540050;-3682;-5771;16464;16650
10;L1_hidden_target;Stopped;1540063;-3682;-5771;16464;16650
10;L1_hidden_target;Stopped;1540077;-3682;-5771;16464;16650
10;L1_hidden_target;Stopped;1540090;-3682;-5771;16464;16650
10;L1_hidden_target;Stopped;1540103;-3682;-5771;16464;16650
10;L1_hidden_target;Stopped;1540117;-3682;-5771;16464;16650
10;L1_hidden_target;Stopped;1540130;-3682;-5771;16464;16650
10;L1_hidden_target;Stopped;1540143;-3682;-5771;16464;16650
10;L1_hidden_target;Stopped;1540157;-3682;-5771;16464;16650
10;L1_hidden_target;Stopped;1540170;-3682;-5771;16464;16650
10;L1_hidden_target;Stopped;1540183;-3682;-5771;16464;16650
10;L1_hidden_target;Stopped;1540197;-3682;-5771;16464;16650
10;L1_hidden_target;Stopped;1540210;-3682;-5771;16464;16650
10;L1_hidden_target;Stopped;1540223;-3682;-5771;16464;16650
10;L1_hidden_target;Stopped;1540237;-3682;-5771;16464;16650
10;L1_hidden_target;Stopped;1540250;-3682;-5771;16464;16650
10;L1_hidden_target;End;1555059;-3682;-5771;16464;16650
11;M2_cued_target;Begin;1555059;7000;-7000;0;0
11;M2_cued_target;Stopped;1757516;-4605;-5169;39104;11748
11;M2_cued_target;Stopped;1757530;-4605;-5169;39104;11748
11;M2_cued_target;Stopped;1757543;-4605;-5169;39104;11748
11;M2_cued_target;Stopped;1757556;-4605;-5169;39104;11748
11;M2_cued_target;Stopped;1757574;-4605;-5169;39104;11748
11;M2_cued_target;Stopped;1757584;-4605;-5169;39104;11748
11;M2_cued_target;Stopped;1757597;-4605;-5169;39104;11748
11;M2_cued_target;Stopped;1757610;-4605;-5169;39104;11748
11;M2_cued_target;Stopped;1757623;-4605;-5169;39104;11748
11;M2_cued_target;Stopped;1757636;-4605;-5169;39104;11748
11;M2_cued_target;Stopped;1757650;-4605;-5169;39104;11748
11;M2_cued_target;Stopped;1757663;-4605;-5169;39104;11748
11;M2_cued_target;Stopped;1757676;-4605;-5169;39104;11748
11;M2_cued_target;Stopped;1757690;-4605;-5169;39104;11748
11;M2_cued_target;Stopped;1757703;-4605;-5169;39104;11748
11;M2_cued_target;Stopped;1757716;-4605;-5169;39104;11748
11;M2_cued_target;Stopped;1757730;-4605;-5169;39104;11748
11;M2_cued_target;Stopped;1757743;-4605;-5169;39104;11748
11;M2_cued_target;Stopped;1757756;-4605;-5169;39104;11748
11;M2_cued_target;Stopped;1757769;-4605;-5169;39104;11748
11;M2_cued_target;Stopped;1757783;-4605;-5169;39104;11748
11;M2_cued_target;Stopped;1757796;-4605;-5169;39104;11748
11;M2_cued_target;Stopped;1757814;-4605;-5169;39104;11748
11;M2_cued_target;Stopped;1757824;-4605;-5169;39104;11748
11;M2_cued_target;Stopped;1757837;-4605;-5169;39104;11748
11;M2_cued_target;Stopped;1757850;-4605;-5169;39104;11748
11;M2_cued_target;Stopped;1757863;-4605;-5169;39104;11748
11;M2_cued_target;Stopped;1757876;-4605;-5169;39104;11748
11;M2_cued_target;Stopped;1757890;-4605;-5169;39104;11748
11;M2_cued_target;Stopped;1757903;-4605;-5169;39104;11748
11;M2_cued_target;Stopped;1757916;-4605;-5169;39104;11748
11;M2_cued_target;Stopped;1757930;-4605;-5169;39104;11748
11;M2_cued_target;Stopped;1757943;-4605;-5169;39104;11748
11;M2_cued_target;Stopped;1757956;-4605;-5169;39104;11748
11;M2_cued_target;Stopped;1757970;-4605;-5169;39104;11748
11;M2_cued_target;Stopped;1757983;-4605;-5169;39104;11748
11;M2_cued_target;Stopped;1757996;-4605;-5169;39104;11748
11;M2_cued_target;Stopped;1758010;-4605;-5169;39104;11748
11;M2_cued_target;Stopped;1758023;-4605;-5169;39104;11748
11;M2_cued_target;Stopped;1758036;-4605;-5169;39104;11748
11;M2_cued_target;Stopped;1758050;-4605;-5169;39104;11748
11;M2_cued_target;Stopped;1758063;-4605;-5169;39104;11748
11;M2_cued_target;Stopped;1758076;-4605;-5169;39104;11748
11;M2_cued_target;Stopped;1758089;-4605;-5169;39104;11748
11;M2_cued_target;Stopped;1758103;-4605;-5169;39104;11748
11;M2_cued_target;Stopped;1758116;-4605;-5169;39104;11748
11;M2_cued_target;Stopped;1758129;-4605;-5169;39104;11748
11;M2_cued_target;Stopped;1758143;-4605;-5169;39104;11748
11;M2_cued_target;Stopped;1758156;-4605;-5169;39104;11748
11;M2_cued_target;Stopped;1758169;-4605;-5169;39104;11748
11;M2_cued_target;Stopped;1758183;-4605;-5169;39104;11748
11;M2_cued_target;Stopped;1758196;-4605;-5169;39104;11748
11;M2_cued_target;Stopped;1758209;-4605;-5169;39104;11748
11;M2_cued_target;Stopped;1758223;-4605;-5169;39104;11748
11;M2_cued_target;Stopped;1758236;-4605;-5169;39104;11748
11;M2_cued_target;Stopped;1758249;-4605;-5169;39104;11748
11;M2_cued_target;Stopped;1758263;-4605;-5169;39104;11748
11;M2_cued_target;Stopped;1758276;-4605;-5169;39104;11748
11;M2_cued_target;Stopped;1758289;-4605;-5169;39104;11748
11;M2_cued_target;Stopped;1758303;-4605;-5169;39104;11748
11;M2_cued_target;Stopped;1758316;-4605;-5169;39104;11748
11;M2_cued_target;Stopped;1758329;-4605;-5169;39104;11748
11;M2_cued_target;Stopped;1758343;-4605;-5169;39104;11748
11;M2_cued_target;Stopped;1758356;-4605;-5169;39104;11748
11;M2_cued_target;Stopped;1758369;-4605;-5169;39104;11748
11;M2_cued_target;Stopped;1758383;-4605;-5169;39104;11748
11;M2_cued_target;Stopped;1758396;-4605;-5169;39104;11748
11;M2_cued_target;Stopped;1758409;-4605;-5169;39104;11748
11;M2_cued_target;Stopped;1758423;-4605;-5169;39104;11748
11;M2_cued_target;Stopped;1758436;-4605;-5169;39104;11748
11;M2_cued_target;Stopped;1758449;-4605;-5169;39104;11748
11;M2_cued_target;Stopped;1758463;-4605;-5169;39104;11748
11;M2_cued_target;Stopped;1758489;-4605;-5169;39104;11748
11;M2_cued_target;Stopped;1758503;-4605;-5169;39104;11748
11;M2_cued_target;Stopped;1758516;-4605;-5169;39104;11748
11;M2_cued_target;Stopped;1758529;-4605;-5169;39104;11748
11;M2_cued_target;Stopped;1758543;-4605;-5169;39104;11748
11;M2_cued_target;Stopped;1758556;-4605;-5169;39104;11748
11;M2_cued_target;Stopped;1758569;-4605;-5169;39104;11748
11;M2_cued_target;Stopped;1758583;-4605;-5169;39104;11748
11;M2_cued_target;Stopped;1758596;-4605;-5169;39104;11748
11;M2_cued_target;Stopped;1758609;-4605;-5169;39104;11748
11;M2_cued_target;Stopped;1758623;-4605;-5169;39104;11748
11;M2_cued_target;Stopped;1758636;-4605;-5169;39104;11748
11;M2_cued_target;Stopped;1758649;-4605;-5169;39104;11748
11;M2_cued_target;Stopped;1758662;-4605;-5169;39104;11748
11;M2_cued_target;Stopped;1758676;-4605;-5169;39104;11748
11;M2_cued_target;Stopped;1758689;-4605;-5169;39104;11748
11;M2_cued_target;Stopped;1758702;-4605;-5169;39104;11748
11;M2_cued_target;Stopped;1758716;-4605;-5169;39104;11748
11;M2_cued_target;Stopped;1758729;-4605;-5169;39104;11748
11;M2_cued_target;Stopped;1758742;-4605;-5169;39104;11748
11;M2_cued_target;Stopped;1758756;-4605;-5169;39104;11748
11;M2_cued_target;Stopped;1758769;-4605;-5169;39104;11748
11;M2_cued_target;Stopped;1758782;-4605;-5169;39104;11748
11;M2_cued_target;Stopped;1758796;-4605;-5169;39104;11748
11;M2_cued_target;Stopped;1758809;-4605;-5169;39104;11748
11;M2_cued_target;Stopped;1758822;-4605;-5169;39104;11748
11;M2_cued_target;Stopped;1758836;-4605;-5169;39104;11748
11;M2_cued_target;Stopped;1758849;-4605;-5169;39104;11748
11;M2_cued_target;Stopped;1758862;-4605;-5169;39104;11748
11;M2_cued_target;Stopped;1758876;-4605;-5169;39104;11748
11;M2_cued_target;Stopped;1758889;-4605;-5169;39104;11748
11;M2_cued_target;Stopped;1758902;-4605;-5169;39104;11748
11;M2_cued_target;Stopped;1758916;-4605;-5169;39104;11748
11;M2_cued_target;Stopped;1758929;-4605;-5169;39104;11748
11;M2_cued_target;Stopped;1758942;-4605;-5169;39104;11748
11;M2_cued_target;Stopped;1758956;-4605;-5169;39104;11748
11;M2_cued_target;Stopped;1758969;-4605;-5169;39104;11748
11;M2_cued_target;Stopped;1758982;-4605;-5169;39104;11748
11;M2_cued_target;Stopped;1758996;-4605;-5169;39104;11748
11;M2_cued_target;Stopped;1759009;-4605;-5169;39104;11748
11;M2_cued_target;Stopped;1759022;-4605;-5169;39104;11748
11;M2_cued_target;Stopped;1759036;-4605;-5169;39104;11748
11;M2_cued_target;Stopped;1759049;-4605;-5169;39104;11748
11;M2_cued_target;Stopped;1759062;-4605;-5169;39104;11748
11;M2_cued_target;Stopped;1759076;-4605;-5169;39104;11748
11;M2_cued_target;Stopped;1759089;-4605;-5169;39104;11748
11;M2_cued_target;Stopped;1759102;-4605;-5169;39104;11748
11;M2_cued_target;Stopped;1759116;-4605;-5169;39104;11748
11;M2_cued_target;Stopped;1759129;-4605;-5169;39104;11748
11;M2_cued_target;Stopped;1759142;-4605;-5169;39104;11748
11;M2_cued_target;Stopped;1759156;-4605;-5169;39104;11748
11;M2_cued_target;Stopped;1759169;-4605;-5169;39104;11748
11;M2_cued_target;Stopped;1759182;-4605;-5169;39104;11748
11;M2_cued_target;Stopped;1759196;-4605;-5169;39104;11748
11;M2_cued_target;Stopped;1759209;-4605;-5169;39104;11748
11;M2_cued_target;Stopped;1759222;-4605;-5169;39104;11748
11;M2_cued_target;Stopped;1759236;-4605;-5169;39104;11748
11;M2_cued_target;End;1772538;-4605;-5169;39104;11748
12;L3_hidden_target;Begin;1772538;-7000;7000;0;0
12;L3_hidden_target;Stopped;1801727;-4967;-5805;14538;12965
12;L3_hidden_target;Stopped;1801740;-4967;-5805;14538;12965
12;L3_hidden_target;Stopped;1801753;-4967;-5805;14538;12965
12;L3_hidden_target;Stopped;1801767;-4967;-5805;14538;12965
12;L3_hidden_target;Stopped;1801780;-4967;-5805;14538;12965
12;L3_hidden_target;Stopped;1801793;-4967;-5805;14538;12965
12;L3_hidden_target;Stopped;1801807;-4967;-5805;14538;12965
12;L3_hidden_target;Stopped;1801820;-4967;-5805;14538;12965
12;L3_hidden_target;Stopped;1801833;-4967;-5805;14538;12965
12;L3_hidden_target;Stopped;1801847;-4967;-5805;14538;12965
12;L3_hidden_target;Stopped;1801860;-4967;-5805;14538;12965
12;L3_hidden_target;Stopped;1801873;-4967;-5805;14538;12965
12;L3_hidden_target;Stopped;1801887;-4967;-5805;14538;12965
12;L3_hidden_target;Stopped;1801900;-4967;-5805;14538;12965
12;L3_hidden_target;Stopped;1801913;-4967;-5805;14538;12965
12;L3_hidden_target;Stopped;1801927;-4967;-5805;14538;12965
12;L3_hidden_target;Stopped;1801940;-4967;-5805;14538;12965
12;L3_hidden_target;Stopped;1801953;-4967;-5805;14538;12965
12;L3_hidden_target;Stopped;1801967;-4967;-5805;14538;12965
12;L3_hidden_target;End;1816749;-4967;-5805;14538;12965
13;M3_cued_target;Begin;1816749;-7000;7000;0;0
13;M3_cued_target;Stopped;1900863;-3440;-5790;17668;13276
13;M3_cued_target;Stopped;1900877;-3440;-5790;17668;13276
13;M3_cued_target;Stopped;1900890;-3440;-5790;17668;13276
13;M3_cued_target;Stopped;1900903;-3440;-5790;17668;13276
13;M3_cued_target;Stopped;1900917;-3440;-5790;17668;13276
13;M3_cued_target;Stopped;1900930;-3440;-5790;17668;13276
13;M3_cued_target;Stopped;1900943;-3440;-5790;17668;13276
13;M3_cued_target;Stopped;1900957;-3440;-5790;17668;13276
13;M3_cued_target;Stopped;1900970;-3440;-5790;17668;13276
13;M3_cued_target;Stopped;1900983;-3440;-5790;17668;13276
13;M3_cued_target;Stopped;1900997;-3440;-5790;17668;13276
13;M3_cued_target;Stopped;1901010;-3440;-5790;17668;13276
13;M3_cued_target;Stopped;1901023;-3440;-5790;17668;13276
13;M3_cued_target;Stopped;1901037;-3440;-5790;17668;13276
13;M3_cued_target;Stopped;1901050;-3440;-5790;17668;13276
13;M3_cued_target;Stopped;1901063;-3440;-5790;17668;13276
13;M3_cued_target;Stopped;1901077;-3440;-5790;17668;13276
13;M3_cued_target;Stopped;1901090;-3440;-5790;17668;13276
13;M3_cued_target;Stopped;1901103;-3440;-5790;17668;13276
13;M3_cued_target;Stopped;1901117;-3440;-5790;17668;13276
13;M3_cued_target;Stopped;1901130;-3440;-5790;17668;13276
13;M3_cued_target;Stopped;1901143;-3440;-5790;17668;13276
13;M3_cued_target;Stopped;1901157;-3440;-5790;17668;13276
13;M3_cued_target;Stopped;1901170;-3440;-5790;17668;13276
13;M3_cued_target;Stopped;1901183;-3440;-5790;17668;13276
13;M3_cued_target;Stopped;1901201;-3440;-5790;17668;13276
13;M3_cued_target;Stopped;1901214;-3440;-5790;17668;13276
13;M3_cued_target;Stopped;1901224;-3440;-5790;17668;13276
13;M3_cued_target;Stopped;1901237;-3440;-5790;17668;13276
13;M3_cued_target;Stopped;1901250;-3440;-5790;17668;13276
13;M3_cued_target;Stopped;1901263;-3440;-5790;17668;13276
13;M3_cued_target;Stopped;1901277;-3440;-5790;17668;13276
13;M3_cued_target;Stopped;1901290;-3440;-5790;17668;13276
13;M3_cued_target;End;1915884;-3440;-5790;17668;13276
14;L2_hidden_target;Begin;1915884;7000;-7000;0;0
14;L2_hidden_target;Stopped;1952058;-4627;-6800;15500;11628
14;L2_hidden_target;Stopped;1952071;-4627;-6800;15500;11628
14;L2_hidden_target;Stopped;1952085;-4627;-6800;15500;11628
14;L2_hidden_target;Stopped;1952098;-4627;-6800;15500;11628
14;L2_hidden_target;Stopped;1952112;-4627;-6800;15500;11628
14;L2_hidden_target;Stopped;1952125;-4627;-6800;15500;11628
14;L2_hidden_target;Stopped;1952138;-4627;-6800;15500;11628
14;L2_hidden_target;Stopped;1952151;-4627;-6800;15500;11628
14;L2_hidden_target;Stopped;1952165;-4627;-6800;15500;11628
14;L2_hidden_target;Stopped;1952178;-4627;-6800;15500;11628
14;L2_hidden_target;Stopped;1952192;-4627;-6800;15500;11628
14;L2_hidden_target;Stopped;1952205;-4627;-6800;15500;11628
14;L2_hidden_target;Stopped;1952218;-4627;-6800;15500;11628
14;L2_hidden_target;Stopped;1952232;-4627;-6800;15500;11628
14;L2_hidden_target;Stopped;1952245;-4627;-6800;15500;11628
14;L2_hidden_target;Stopped;1952258;-4627;-6800;15500;11628
14;L2_hidden_target;Stopped;1952272;-4627;-6800;15500;11628
14;L2_hidden_target;Stopped;1952285;-4627;-6800;15500;11628
14;L2_hidden_target;Stopped;1952298;-4627;-6800;15500;11628
14;L2_hidden_target;Stopped;1952311;-4627;-6800;15500;11628
14;L2_hidden_target;Stopped;1952325;-4627;-6800;15500;11628
14;L2_hidden_target;End;1967080;-4627;-6800;15500;11628
15;M1_cued_target;Begin;1967080;7000;6999;0;0
15;M1_cued_target;Stopped;2044024;-3568;-5459;15757;16337
15;M1_cued_target;Stopped;2044037;-3568;-5459;15757;16337
15;M1_cued_target;Stopped;2044050;-3568;-5459;15757;16337
15;M1_cued_target;Stopped;2044064;-3568;-5459;15757;16337
15;M1_cued_target;Stopped;2044077;-3568;-5459;15757;16337
15;M1_cued_target;Stopped;2044091;-3568;-5459;15757;16337
15;M1_cued_target;Stopped;2044104;-3568;-5459;15757;16337
15;M1_cued_target;Stopped;2044117;-3568;-5459;15757;16337
15;M1_cued_target;Stopped;2044131;-3568;-5459;15757;16337
15;M1_cued_target;Stopped;2044144;-3568;-5459;15757;16337
15;M1_cued_target;Stopped;2044157;-3568;-5459;15757;16337
15;M1_cued_target;Stopped;2044175;-3568;-5459;15757;16337
15;M1_cued_target;Stopped;2044188;-3568;-5459;15757;16337
15;M1_cued_target;Stopped;2044198;-3568;-5459;15757;16337
15;M1_cued_target;Stopped;2044211;-3568;-5459;15757;16337
15;M1_cued_target;Stopped;2044224;-3568;-5459;15757;16337
15;M1_cued_target;Stopped;2044237;-3568;-5459;15757;16337
15;M1_cued_target;Stopped;2044250;-3568;-5459;15757;16337
15;M1_cued_target;Stopped;2044264;-3568;-5459;15757;16337
15;M1_cued_target;Stopped;2044277;-3568;-5459;15757;16337
15;M1_cued_target;Stopped;2044290;-3568;-5459;15757;16337
15;M1_cued_target;Stopped;2044304;-3568;-5459;15757;16337
15;M1_cued_target;Stopped;2044317;-3568;-5459;15757;16337
15;M1_cued_target;Stopped;2044330;-3568;-5459;15757;16337
15;M1_cued_target;Stopped;2044344;-3568;-5459;15757;16337
15;M1_cued_target;Stopped;2044357;-3568;-5459;15757;16337
15;M1_cued_target;Stopped;2044370;-3568;-5459;15757;16337
15;M1_cued_target;Stopped;2044388;-3568;-5459;15757;16337
15;M1_cued_target;Stopped;2044401;-3568;-5459;15757;16337
15;M1_cued_target;Stopped;2044411;-3568;-5459;15757;16337
15;M1_cued_target;Stopped;2044425;-3568;-5459;15757;16337
15;M1_cued_target;Stopped;2044437;-3568;-5459;15757;16337
15;M1_cued_target;Stopped;2044450;-3568;-5459;15757;16337
15;M1_cued_target;Stopped;2044490;-3568;-5459;15757;16337
15;M1_cued_target;Stopped;2044508;-3568;-5459;15757;16337
15;M1_cued_target;Stopped;2044521;-3568;-5459;15757;16337
15;M1_cued_target;Stopped;2044531;-3568;-5459;15757;16337
15;M1_cued_target;Stopped;2044548;-3568;-5459;15757;16337
15;M1_cued_target;End;2059045;-3568;-5459;15757;16337
16;L3_hidden_target;Begin;2059045;-7000;6999;0;0
16;L3_hidden_target;Stopped;2090756;-5023;-6633;16740;13776
16;L3_hidden_target;Stopped;2090769;-5023;-6633;16740;13776
16;L3_hidden_target;Stopped;2090783;-5023;-6633;16740;13776
16;L3_hidden_target;Stopped;2090796;-5023;-6633;16740;13776
16;L3_hidden_target;Stopped;2090809;-5023;-6633;16740;13776
16;L3_hidden_target;Stopped;2090822;-5023;-6633;16740;13776
16;L3_hidden_target;Stopped;2090836;-5023;-6633;16740;13776
16;L3_hidden_target;Stopped;2090849;-5023;-6633;16740;13776
16;L3_hidden_target;Stopped;2090862;-5023;-6633;16740;13776
16;L3_hidden_target;Stopped;2090876;-5023;-6633;16740;13776
16;L3_hidden_target;Stopped;2090889;-5023;-6633;16740;13776
16;L3_hidden_target;Stopped;2090902;-5023;-6633;16740;13776
16;L3_hidden_target;Stopped;2090916;-5023;-6633;16740;13776
16;L3_hidden_target;Stopped;2090929;-5023;-6633;16740;13776
16;L3_hidden_target;Stopped;2090942;-5023;-6633;16740;13776
16;L3_hidden_target;Stopped;2090956;-5023;-6633;16740;13776
16;L3_hidden_target;Stopped;2090969;-5023;-6633;16740;13776
16;L3_hidden_target;Stopped;2090982;-5023;-6633;16740;13776
16;L3_hidden_target;Stopped;2090996;-5023;-6633;16740;13776
16;L3_hidden_target;Stopped;2091009;-5023;-6633;16740;13776
16;L3_hidden_target;Stopped;2091022;-5023;-6633;16740;13776
16;L3_hidden_target;Stopped;2091036;-5023;-6633;16740;13776
16;L3_hidden_target;Stopped;2091049;-5023;-6633;16740;13776
16;L3_hidden_target;Stopped;2091062;-5023;-6633;16740;13776
16;L3_hidden_target;Stopped;2091076;-5023;-6633;16740;13776
16;L3_hidden_target;End;2105775;-5023;-6633;16740;13776
16;L3_hidden_target;Begin;2105775;-5023;-6633;16740;13776
