1;M3_cued_target;Stopped;79704;-4349;-5418;14259;12698
1;M3_cued_target;Stopped;79717;-4349;-5418;14259;12698
1;M3_cued_target;Stopped;79730;-4349;-5418;14259;12698
1;M3_cued_target;Stopped;79744;-4349;-5418;14259;12698
1;M3_cued_target;Stopped;79757;-4349;-5418;14259;12698
1;M3_cued_target;Stopped;79770;-4349;-5418;14259;12698
1;M3_cued_target;Stopped;79784;-4349;-5418;14259;12698
1;M3_cued_target;Stopped;79797;-4349;-5418;14259;12698
1;M3_cued_target;Stopped;79810;-4349;-5418;14259;12698
1;M3_cued_target;Stopped;79823;-4349;-5418;14259;12698
1;M3_cued_target;Stopped;79837;-4349;-5418;14259;12698
1;M3_cued_target;Stopped;79850;-4349;-5418;14259;12698
1;M3_cued_target;Stopped;79867;-4349;-5418;14259;12698
1;M3_cued_target;Stopped;79877;-4349;-5418;14259;12698
1;M3_cued_target;Stopped;79891;-4349;-5418;14259;12698
1;M3_cued_target;Stopped;79904;-4349;-5418;14259;12698
1;M3_cued_target;Stopped;79916;-4349;-5418;14259;12698
1;M3_cued_target;Stopped;79930;-4349;-5418;14259;12698
1;M3_cued_target;End;80809;-4349;-5418;14259;12698
2;L2_hidden_target;Begin;80809;7000;-7000;0;0
2;L2_hidden_target;Stopped;352138;-4811;-6694;158878;11815
2;L2_hidden_target;Stopped;352151;-4811;-6694;158878;11815
2;L2_hidden_target;Stopped;352165;-4811;-6694;158878;11815
2;L2_hidden_target;Stopped;352178;-4811;-6694;158878;11815
2;L2_hidden_target;Stopped;352191;-4811;-6694;158878;11815
2;L2_hidden_target;Stopped;352205;-4811;-6694;158878;11815
2;L2_hidden_target;Stopped;352218;-4811;-6694;158878;11815
2;L2_hidden_target;Stopped;352232;-4811;-6694;158878;11815
2;L2_hidden_target;Stopped;352245;-4811;-6694;158878;11815
2;L2_hidden_target;Stopped;352259;-4811;-6694;158878;11815
2;L2_hidden_target;Stopped;352272;-4811;-6694;158878;11815
2;L2_hidden_target;Stopped;352285;-4811;-6694;158878;11815
2;L2_hidden_target;Stopped;352299;-4811;-6694;158878;11815
2;L2_hidden_target;Stopped;352312;-4811;-6694;158878;11815
2;L2_hidden_target;Stopped;352325;-4811;-6694;158878;11815
2;L2_hidden_target;Stopped;352338;-4811;-6694;158878;11815
2;L2_hidden_target;Stopped;352352;-4811;-6694;158878;11815
2;L2_hidden_target;Stopped;352365;-4811;-6694;158878;11815
2;L2_hidden_target;Stopped;352378;-4811;-6694;158878;11815
2;L2_hidden_target;End;367164;-4811;-6694;158878;11815
3;M1_cued_target;Begin;367164;7000;6999;0;0
3;M1_cued_target;Stopped;450367;-3916;-5420;17094;16536
3;M1_cued_target;Stopped;450385;-3916;-5420;17094;16536
3;M1_cued_target;Stopped;450398;-3916;-5420;17094;16536
3;M1_cued_target;Stopped;450408;-3916;-5420;17094;16536
3;M1_cued_target;Stopped;450421;-3916;-5420;17094;16536
3;M1_cued_target;Stopped;450434;-3916;-5420;17094;16536
3;M1_cued_target;Stopped;450451;-3916;-5420;17094;16536
3;M1_cued_target;Stopped;450465;-3916;-5420;17094;16536
3;M1_cued_target;Stopped;450478;-3916;-5420;17094;16536
3;M1_cued_target;Stopped;450489;-3916;-5420;17094;16536
3;M1_cued_target;Stopped;450527;-3916;-5420;17094;16536
3;M1_cued_target;Stopped;450541;-3916;-5420;17094;16536
3;M1_cued_target;Stopped;450559;-3916;-5420;17094;16536
3;M1_cued_target;Stopped;450572;-3916;-5420;17094;16536
3;M1_cued_target;Stopped;450581;-3916;-5420;17094;16536
3;M1_cued_target;Stopped;450595;-3916;-5420;17094;16536
3;M1_cued_target;End;465389;-3916;-5420;17094;16536
4;L2_hidden_target;Begin;465389;7000;-7000;0;0
4;L2_hidden_target;Stopped;494141;-4081;-5416;13236;11194
4;L2_hidden_target;Stopped;494153;-4081;-5416;13236;11194
4;L2_hidden_target;Stopped;494167;-4081;-5416;13236;11194
4;L2_hidden_target;Stopped;494181;-4081;-5416;13236;11194
4;L2_hidden_target;Stopped;494194;-4081;-5416;13236;11194
4;L2_hidden_target;Stopped;494207;-4081;-5416;13236;11194
4;L2_hidden_target;Stopped;494221;-4081;-5416;13236;11194
4;L2_hidden_target;Stopped;494234;-4081;-5416;13236;11194
4;L2_hidden_target;Stopped;494247;-4081;-5416;13236;11194
4;L2_hidden_target;Stopped;494261;-4081;-5416;13236;11194
4;L2_hidden_target;Stopped;494274;-4081;-5416;13236;11194
4;L2_hidden_target;Stopped;494287;-4081;-5416;13236;11194
4;L2_hidden_target;Stopped;494301;-4081;-5416;13236;11194
4;L2_hidden_target;Stopped;494314;-4081;-5416;13236;11194
4;L2_hidden_target;Stopped;494327;-4081;-5416;13236;11194
4;L2_hidden_target;Stopped;494340;-4081;-5416;13236;11194
4;L2_hidden_target;Stopped;494353;-4081;-5416;13236;11194
4;L2_hidden_target;Stopped;494367;-4081;-5416;13236;11194
4;L2_hidden_target;End;509161;-4081;-5416;13236;11194
5;M2_cued_target;Begin;509161;7000;-7000;0;0
5;M2_cued_target;Stopped;564579;-3681;-6186;10279;10712
5;M2_cued_target;Stopped;564593;-3681;-6186;10279;10712
5;M2_cued_target;Stopped;564607;-3681;-6186;10279;10712
5;M2_cued_target;Stopped;564619;-3681;-6186;10279;10712
5;M2_cued_target;Stopped;564633;-3681;-6186;10279;10712
5;M2_cued_target;Stopped;564646;-3681;-6186;10279;10712
5;M2_cued_target;Stopped;564659;-3681;-6186;10279;10712
5;M2_cued_target;Stopped;564673;-3681;-6186;10279;10712
5;M2_cued_target;Stopped;564686;-3681;-6186;10279;10712
5;M2_cued_target;Stopped;564699;-3681;-6186;10279;10712
5;M2_cued_target;Stopped;564713;-3681;-6186;10279;10712
5;M2_cued_target;Stopped;564726;-3681;-6186;10279;10712
5;M2_cued_target;Stopped;564740;-3681;-6186;10279;10712
5;M2_cued_target;Stopped;564753;-3681;-6186;10279;10712
5;M2_cued_target;Stopped;564766;-3681;-6186;10279;10712
5;M2_cued_target;Stopped;564779;-3681;-6186;10279;10712
5;M2_cued_target;Stopped;564793;-3681;-6186;10279;10712
5;M2_cued_target;Stopped;564806;-3681;-6186;10279;10712
5;M2_cued_target;Stopped;564819;-3681;-6186;10279;10712
5;M2_cued_target;End;579604;-3681;-6186;10279;10712
6;L2_hidden_target;Begin;579604;6999;-7000;0;0
6;L2_hidden_target;Stopped;599705;-3681;-5884;11422;10739
6;L2_hidden_target;Stopped;599718;-3681;-5884;11422;10739
6;L2_hidden_target;Stopped;599731;-3681;-5884;11422;10739
6;L2_hidden_target;Stopped;599740;-3681;-5884;11422;10739
6;L2_hidden_target;Stopped;599754;-3681;-5884;11422;10739
6;L2_hidden_target;Stopped;599767;-3681;-5884;11422;10739
6;L2_hidden_target;Stopped;599780;-3681;-5884;11422;10739
6;L2_hidden_target;Stopped;599794;-3681;-5884;11422;10739
6;L2_hidden_target;Stopped;599807;-3681;-5884;11422;10739
6;L2_hidden_target;Stopped;599820;-3681;-5884;11422;10739
6;L2_hidden_target;Stopped;599834;-3681;-5884;11422;10739
6;L2_hidden_target;Stopped;599847;-3681;-5884;11422;10739
6;L2_hidden_target;Stopped;599860;-3681;-5884;11422;10739
6;L2_hidden_target;Stopped;599874;-3681;-5884;11422;10739
6;L2_hidden_target;Stopped;599887;-3681;-5884;11422;10739
6;L2_hidden_target;Stopped;599900;-3681;-5884;11422;10739
6;L2_hidden_target;Stopped;599914;-3681;-5884;11422;10739
6;L2_hidden_target;Stopped;599927;-3681;-5884;11422;10739
6;L2_hidden_target;Stopped;599940;-3681;-5884;11422;10739
6;L2_hidden_target;End;614721;-3681;-5884;11422;10739
7;M1_cued_target;Begin;614721;7000;6999;0;0
7;M1_cued_target;Stopped;724161;-3659;-4762;21929;15873
7;M1_cued_target;Stopped;724175;-3659;-4762;21929;15873
7;M1_cued_target;Stopped;724188;-3659;-4762;21929;15873
7;M1_cued_target;Stopped;724202;-3659;-4762;21929;15873
7;M1_cued_target;Stopped;724215;-3659;-4762;21929;15873
7;M1_cued_target;Stopped;724228;-3659;-4762;21929;15873
7;M1_cued_target;Stopped;724242;-3659;-4762;21929;15873
7;M1_cued_target;Stopped;724255;-3659;-4762;21929;15873
7;M1_cued_target;Stopped;724268;-3659;-4762;21929;15873
7;M1_cued_target;Stopped;724281;-3659;-4762;21929;15873
7;M1_cued_target;Stopped;724295;-3659;-4762;21929;15873
7;M1_cued_target;Stopped;724308;-3659;-4762;21929;15873
7;M1_cued_target;Stopped;724322;-3659;-4762;21929;15873
7;M1_cued_target;Stopped;724335;-3659;-4762;21929;15873
7;M1_cued_target;Stopped;724348;-3659;-4762;21929;15873
7;M1_cued_target;Stopped;724361;-3659;-4762;21929;15873
7;M1_cued_target;Stopped;724375;-3659;-4762;21929;15873
7;M1_cued_target;Stopped;724388;-3659;-4762;21929;15873
7;M1_cued_target;End;739182;-3659;-4762;21929;15873
8;L2_hidden_target;Begin;739182;7000;-7000;0;0
8;L2_hidden_target;Stopped;762481;-3815;-6728;11412;10818
8;L2_hidden_target;Stopped;762495;-3815;-6728;11412;10818
8;L2_hidden_target;Stopped;762525;-3815;-6728;11412;10818
8;L2_hidden_target;Stopped;762539;-3815;-6728;11412;10818
8;L2_hidden_target;Stopped;762548;-3815;-6728;11412;10818
8;L2_hidden_target;Stopped;762562;-3815;-6728;11412;10818
8;L2_hidden_target;Stopped;762575;-3815;-6728;11412;10818
8;L2_hidden_target;Stopped;762588;-3815;-6728;11412;10818
8;L2_hidden_target;Stopped;762601;-3815;-6728;11412;10818
8;L2_hidden_target;Stopped;762615;-3815;-6728;11412;10818
8;L2_hidden_target;Stopped;762628;-3815;-6728;11412;10818
8;L2_hidden_target;Stopped;762641;-3815;-6728;11412;10818
8;L2_hidden_target;End;777502;-3815;-6728;11412;10818
9;M3_cued_target;Begin;777502;-7000;7000;0;0
9;M3_cued_target;Stopped;845118;-2862;-2600;13523;10454
9;M3_cued_target;Stopped;845131;-2862;-2600;13523;10454
9;M3_cued_target;Stopped;845144;-2862;-2600;13523;10454
9;M3_cued_target;Stopped;845158;-2862;-2600;13523;10454
9;M3_cued_target;Stopped;845171;-2862;-2600;13523;10454
9;M3_cued_target;Stopped;845184;-2862;-2600;13523;10454
9;M3_cued_target;Stopped;845198;-2862;-2600;13523;10454
9;M3_cued_target;Stopped;845211;-2862;-2600;13523;10454
9;M3_cued_target;Stopped;845224;-2862;-2600;13523;10454
9;M3_cued_target;Stopped;845238;-2862;-2600;13523;10454
9;M3_cued_target;Stopped;845251;-2862;-2600;13523;10454
9;M3_cued_target;Stopped;845264;-2862;-2600;13523;10454
9;M3_cued_target;Stopped;845278;-2862;-2600;13523;10454
9;M3_cued_target;Stopped;845291;-2862;-2600;13523;10454
9;M3_cued_target;Stopped;845304;-2862;-2600;13523;10454
9;M3_cued_target;Stopped;845318;-2862;-2600;13523;10454
9;M3_cued_target;Stopped;845331;-2862;-2600;13523;10454
9;M3_cued_target;Stopped;845344;-2862;-2600;13523;10454
9;M3_cued_target;Stopped;845358;-2862;-2600;13523;10454
9;M3_cued_target;Stopped;845371;-2862;-2600;13523;10454
9;M3_cued_target;Stopped;845384;-2862;-2600;13523;10454
9;M3_cued_target;Stopped;845398;-2862;-2600;13523;10454
9;M3_cued_target;Stopped;845411;-2862;-2600;13523;10454
9;M3_cued_target;End;860138;-2862;-2600;13523;10454
10;L2_hidden_target;Begin;860138;7000;-7000;0;0
10;L2_hidden_target;Stopped;879106;-3497;-6637;10871;10504
10;L2_hidden_target;Stopped;879119;-3497;-6637;10871;10504
10;L2_hidden_target;Stopped;879133;-3497;-6637;10871;10504
10;L2_hidden_target;Stopped;879146;-3497;-6637;10871;10504
10;L2_hidden_target;Stopped;879159;-3497;-6637;10871;10504
10;L2_hidden_target;Stopped;879173;-3497;-6637;10871;10504
10;L2_hidden_target;Stopped;879186;-3497;-6637;10871;10504
10;L2_hidden_target;Stopped;879199;-3497;-6637;10871;10504
10;L2_hidden_target;Stopped;879213;-3497;-6637;10871;10504
10;L2_hidden_target;Stopped;879226;-3497;-6637;10871;10504
10;L2_hidden_target;Stopped;879239;-3497;-6637;10871;10504
10;L2_hidden_target;Stopped;879253;-3497;-6637;10871;10504
10;L2_hidden_target;Stopped;879266;-3497;-6637;10871;10504
10;L2_hidden_target;Stopped;879279;-3497;-6637;10871;10504
10;L2_hidden_target;Stopped;879293;-3497;-6637;10871;10504
10;L2_hidden_target;Stopped;879306;-3497;-6637;10871;10504
10;L2_hidden_target;End;894126;-3497;-6637;10871;10504
11;M2_cued_target;Begin;894126;7000;-7000;0;0
11;M2_cued_target;Stopped;937177;-1947;-6269;8657;8977
11;M2_cued_target;Stopped;937190;-1947;-6269;8657;8977
11;M2_cued_target;Stopped;937204;-1947;-6269;8657;8977
11;M2_cued_target;Stopped;937217;-1947;-6269;8657;8977
11;M2_cued_target;Stopped;937230;-1947;-6269;8657;8977
11;M2_cued_target;Stopped;937243;-1947;-6269;8657;8977
11;M2_cued_target;Stopped;937257;-1947;-6269;8657;8977
11;M2_cued_target;Stopped;937270;-1947;-6269;8657;8977
11;M2_cued_target;End;952198;-1947;-6269;8657;8977
12;L2_hidden_target;Begin;952198;6999;-7000;0;0
12;L2_hidden_target;Stopped;971978;-3762;-6814;11196;10764
12;L2_hidden_target;Stopped;971991;-3762;-6814;11196;10764
12;L2_hidden_target;Stopped;972005;-3762;-6814;11196;10764
12;L2_hidden_target;Stopped;972018;-3762;-6814;11196;10764
12;L2_hidden_target;Stopped;972031;-3762;-6814;11196;10764
12;L2_hidden_target;Stopped;972045;-3762;-6814;11196;10764
12;L2_hidden_target;Stopped;972058;-3762;-6814;11196;10764
12;L2_hidden_target;Stopped;972071;-3762;-6814;11196;10764
12;L2_hidden_target;Stopped;972085;-3762;-6814;11196;10764
12;L2_hidden_target;Stopped;972098;-3762;-6814;11196;10764
12;L2_hidden_target;Stopped;972111;-3762;-6814;11196;10764
12;L2_hidden_target;Stopped;972124;-3762;-6814;11196;10764
12;L2_hidden_target;Stopped;972138;-3762;-6814;11196;10764
12;L2_hidden_target;Stopped;972151;-3762;-6814;11196;10764
12;L2_hidden_target;Stopped;972165;-3762;-6814;11196;10764
12;L2_hidden_target;End;986999;-3762;-6814;11196;10764
13;M3_cued_target;Begin;986999;-7000;7000;0;0
13;M3_cued_target;Stopped;1041126;-4508;-3601;10964;10889
13;M3_cued_target;Stopped;1041139;-4508;-3601;10964;10889
13;M3_cued_target;Stopped;1041152;-4508;-3601;10964;10889
13;M3_cued_target;Stopped;1041166;-4508;-3601;10964;10889
13;M3_cued_target;Stopped;1041179;-4508;-3601;10964;10889
13;M3_cued_target;Stopped;1041192;-4508;-3601;10964;10889
13;M3_cued_target;Stopped;1041206;-4508;-3601;10964;10889
13;M3_cued_target;Stopped;1041219;-4508;-3601;10964;10889
13;M3_cued_target;Stopped;1041232;-4508;-3601;10964;10889
13;M3_cued_target;Stopped;1041246;-4508;-3601;10964;10889
13;M3_cued_target;Stopped;1041259;-4508;-3601;10964;10889
13;M3_cued_target;Stopped;1041273;-4508;-3601;10964;10889
13;M3_cued_target;Stopped;1041286;-4508;-3601;10964;10889
13;M3_cued_target;Stopped;1041299;-4508;-3601;10964;10889
13;M3_cued_target;Stopped;1041312;-4508;-3601;10964;10889
13;M3_cued_target;Stopped;1041326;-4508;-3601;10964;10889
13;M3_cued_target;Stopped;1041339;-4508;-3601;10964;10889
13;M3_cued_target;Stopped;1041352;-4508;-3601;10964;10889
13;M3_cued_target;Stopped;1041366;-4508;-3601;10964;10889
13;M3_cued_target;Stopped;1041380;-4508;-3601;10964;10889
13;M3_cued_target;Stopped;1041393;-4508;-3601;10964;10889
13;M3_cued_target;End;1056151;-4508;-3601;10964;10889
14;L2_hidden_target;Begin;1056151;7000;-7000;0;0
14;L2_hidden_target;Stopped;1075367;-3732;-6811;11186;10734
14;L2_hidden_target;Stopped;1075380;-3732;-6811;11186;10734
14;L2_hidden_target;Stopped;1075393;-3732;-6811;11186;10734
14;L2_hidden_target;Stopped;1075407;-3732;-6811;11186;10734
14;L2_hidden_target;Stopped;1075420;-3732;-6811;11186;10734
14;L2_hidden_target;Stopped;1075434;-3732;-6811;11186;10734
14;L2_hidden_target;Stopped;1075447;-3732;-6811;11186;10734
14;L2_hidden_target;Stopped;1075460;-3732;-6811;11186;10734
14;L2_hidden_target;Stopped;1075474;-3732;-6811;11186;10734
14;L2_hidden_target;Stopped;1075487;-3732;-6811;11186;10734
14;L2_hidden_target;Stopped;1075513;-3732;-6811;11186;10734
14;L2_hidden_target;Stopped;1075526;-3732;-6811;11186;10734
14;L2_hidden_target;Stopped;1075545;-3732;-6811;11186;10734
14;L2_hidden_target;Stopped;1075558;-3732;-6811;11186;10734
14;L2_hidden_target;Stopped;1075567;-3732;-6811;11186;10734
14;L2_hidden_target;End;1090390;-3732;-6811;11186;10734
15;M1_cued_target;Begin;1090390;7000;7000;0;0
15;M1_cued_target;Stopped;1169133;-2893;-3667;16783;14549
15;M1_cued_target;Stopped;1169146;-2893;-3667;16783;14549
15;M1_cued_target;Stopped;1169160;-2893;-3667;16783;14549
15;M1_cued_target;Stopped;1169178;-2893;-3667;16783;14549
15;M1_cued_target;Stopped;1169190;-2893;-3667;16783;14549
15;M1_cued_target;Stopped;1169201;-2893;-3667;16783;14549
15;M1_cued_target;Stopped;1169215;-2893;-3667;16783;14549
15;M1_cued_target;Stopped;1169226;-2893;-3667;16783;14549
15;M1_cued_target;Stopped;1169240;-2893;-3667;16783;14549
15;M1_cued_target;Stopped;1169254;-2893;-3667;16783;14549
15;M1_cued_target;Stopped;1169266;-2893;-3667;16783;14549
15;M1_cued_target;Stopped;1169280;-2893;-3667;16783;14549
15;M1_cued_target;Stopped;1169293;-2893;-3667;16783;14549
15;M1_cued_target;Stopped;1169306;-2893;-3667;16783;14549
15;M1_cued_target;Stopped;1169320;-2893;-3667;16783;14549
15;M1_cued_target;Stopped;1169334;-2893;-3667;16783;14549
15;M1_cued_target;Stopped;1169346;-2893;-3667;16783;14549
15;M1_cued_target;Stopped;1169360;-2893;-3667;16783;14549
15;M1_cued_target;End;1184154;-2893;-3667;16783;14549
16;L2_hidden_target;Begin;1184154;7000;-7000;0;0
16;L2_hidden_target;Stopped;1205600;-4469;-6776;12215;11471
16;L2_hidden_target;Stopped;1205613;-4469;-6776;12215;11471
16;L2_hidden_target;Stopped;1205627;-4469;-6776;12215;11471
16;L2_hidden_target;Stopped;1205640;-4469;-6776;12215;11471
16;L2_hidden_target;Stopped;1205654;-4469;-6776;12215;11471
16;L2_hidden_target;Stopped;1205667;-4469;-6776;12215;11471
16;L2_hidden_target;Stopped;1205680;-4469;-6776;12215;11471
16;L2_hidden_target;Stopped;1205694;-4469;-6776;12215;11471
16;L2_hidden_target;Stopped;1205707;-4469;-6776;12215;11471
16;L2_hidden_target;Stopped;1205720;-4469;-6776;12215;11471
16;L2_hidden_target;Stopped;1205734;-4469;-6776;12215;11471
16;L2_hidden_target;Stopped;1205747;-4469;-6776;12215;11471
16;L2_hidden_target;Stopped;1205760;-4469;-6776;12215;11471
16;L2_hidden_target;Stopped;1205778;-4469;-6776;12215;11471
16;L2_hidden_target;Stopped;1205790;-4469;-6776;12215;11471
16;L2_hidden_target;End;1220620;-4469;-6776;12215;11471
16;L2_hidden_target;Begin;1220620;-4469;-6776;12215;11471
