1;M3_cued_target;Stopped;114614;-4795;-5418;18375;12612
1;M3_cued_target;Stopped;114627;-4795;-5418;18375;12612
1;M3_cued_target;Stopped;114641;-4795;-5418;18375;12612
1;M3_cued_target;Stopped;114654;-4795;-5418;18375;12612
1;M3_cued_target;Stopped;114667;-4795;-5418;18375;12612
1;M3_cued_target;Stopped;114681;-4795;-5418;18375;12612
1;M3_cued_target;Stopped;114694;-4795;-5418;18375;12612
1;M3_cued_target;Stopped;114707;-4795;-5418;18375;12612
1;M3_cued_target;Stopped;114721;-4795;-5418;18375;12612
1;M3_cued_target;Stopped;114734;-4795;-5418;18375;12612
1;M3_cued_target;Stopped;114747;-4795;-5418;18375;12612
1;M3_cued_target;Stopped;114761;-4795;-5418;18375;12612
1;M3_cued_target;Stopped;114775;-4795;-5418;18375;12612
1;M3_cued_target;Stopped;114787;-4795;-5418;18375;12612
1;M3_cued_target;Stopped;114801;-4795;-5418;18375;12612
1;M3_cued_target;Stopped;114814;-4795;-5418;18375;12612
1;M3_cued_target;Stopped;114827;-4795;-5418;18375;12612
1;M3_cued_target;Stopped;114841;-4795;-5418;18375;12612
1;M3_cued_target;Stopped;114855;-4795;-5418;18375;12612
1;M3_cued_target;Stopped;114871;-4795;-5418;18375;12612
1;M3_cued_target;Stopped;114881;-4795;-5418;18375;12612
1;M3_cued_target;Stopped;114895;-4795;-5418;18375;12612
1;M3_cued_target;Stopped;114907;-4795;-5418;18375;12612
1;M3_cued_target;Stopped;114920;-4795;-5418;18375;12612
1;M3_cued_target;Stopped;114934;-4795;-5418;18375;12612
1;M3_cued_target;Stopped;114947;-4795;-5418;18375;12612
1;M3_cued_target;Stopped;114960;-4795;-5418;18375;12612
1;M3_cued_target;Stopped;114974;-4795;-5418;18375;12612
1;M3_cued_target;Stopped;114987;-4795;-5418;18375;12612
1;M3_cued_target;Stopped;115000;-4795;-5418;18375;12612
1;M3_cued_target;Stopped;115014;-4795;-5418;18375;12612
1;M3_cued_target;Stopped;115027;-4795;-5418;18375;12612
1;M3_cued_target;Stopped;115040;-4795;-5418;18375;12612
1;M3_cued_target;Stopped;115054;-4795;-5418;18375;12612
1;M3_cued_target;Stopped;115067;-4795;-5418;18375;12612
1;M3_cued_target;Stopped;115080;-4795;-5418;18375;12612
1;M3_cued_target;Stopped;115094;-4795;-5418;18375;12612
1;M3_cued_target;Stopped;115107;-4795;-5418;18375;12612
1;M3_cued_target;Stopped;115120;-4795;-5418;18375;12612
1;M3_cued_target;Stopped;115134;-4795;-5418;18375;12612
1;M3_cued_target;Stopped;115147;-4795;-5418;18375;12612
1;M3_cued_target;Stopped;115160;-4795;-5418;18375;12612
1;M3_cued_target;Stopped;115174;-4795;-5418;18375;12612
1;M3_cued_target;Stopped;115187;-4795;-5418;18375;12612
1;M3_cued_target;End;129635;-4795;-5418;18375;12612
2;L2_hidden_target;Begin;129635;7000;-7000;0;0
2;L2_hidden_target;Stopped;803279;-4966;-5725;387365;12033
2;L2_hidden_target;Stopped;803293;-4966;-5725;387365;12033
2;L2_hidden_target;Stopped;803306;-4966;-5725;387365;12033
2;L2_hidden_target;Stopped;803319;-4966;-5725;387365;12033
2;L2_hidden_target;Stopped;803338;-4966;-5725;387365;12033
2;L2_hidden_target;Stopped;803351;-4966;-5725;387365;12033
2;L2_hidden_target;Stopped;803362;-4966;-5725;387365;12033
2;L2_hidden_target;Stopped;803374;-4966;-5725;387365;12033
2;L2_hidden_target;Stopped;803387;-4966;-5725;387365;12033
2;L2_hidden_target;Stopped;803400;-4966;-5725;387365;12033
2;L2_hidden_target;Stopped;803413;-4966;-5725;387365;12033
2;L2_hidden_target;Stopped;803426;-4966;-5725;387365;12033
2;L2_hidden_target;Stopped;803440;-4966;-5725;387365;12033
2;L2_hidden_target;Stopped;803453;-4966;-5725;387365;12033
2;L2_hidden_target;Stopped;803466;-4966;-5725;387365;12033
2;L2_hidden_target;Stopped;803480;-4966;-5725;387365;12033
2;L2_hidden_target;Stopped;803520;-4966;-5725;387365;12033
2;L2_hidden_target;Stopped;803533;-4966;-5725;387365;12033
2;L2_hidden_target;Stopped;803546;-4966;-5725;387365;12033
2;L2_hidden_target;Stopped;803560;-4966;-5725;387365;12033
2;L2_hidden_target;Stopped;803573;-4966;-5725;387365;12033
2;L2_hidden_target;Stopped;803586;-4966;-5725;387365;12033
2;L2_hidden_target;Stopped;803600;-4966;-5725;387365;12033
2;L2_hidden_target;Stopped;803613;-4966;-5725;387365;12033
2;L2_hidden_target;Stopped;803626;-4966;-5725;387365;12033
2;L2_hidden_target;Stopped;803640;-4966;-5725;387365;12033
2;L2_hidden_target;Stopped;803653;-4966;-5725;387365;12033
2;L2_hidden_target;Stopped;803666;-4966;-5725;387365;12033
2;L2_hidden_target;Stopped;803679;-4966;-5725;387365;12033
2;L2_hidden_target;Stopped;803692;-4966;-5725;387365;12033
2;L2_hidden_target;Stopped;803706;-4966;-5725;387365;12033
2;L2_hidden_target;Stopped;803719;-4966;-5725;387365;12033
2;L2_hidden_target;Stopped;803732;-4966;-5725;387365;12033
2;L2_hidden_target;End;818301;-4966;-5725;387365;12033
3;M1_cued_target;Begin;818301;6999;7000;0;0
3;M1_cued_target;Stopped;977321;-3682;-6065;33204;16876
3;M1_cued_target;Stopped;977334;-3682;-6065;33204;16876
3;M1_cued_target;Stopped;977348;-3682;-6065;33204;16876
3;M1_cued_target;Stopped;977361;-3682;-6065;33204;16876
3;M1_cued_target;Stopped;977374;-3682;-6065;33204;16876
3;M1_cued_target;Stopped;977388;-3682;-6065;33204;16876
3;M1_cued_target;Stopped;977401;-3682;-6065;33204;16876
3;M1_cued_target;Stopped;977414;-3682;-6065;33204;16876
3;M1_cued_target;Stopped;977428;-3682;-6065;33204;16876
3;M1_cued_target;Stopped;977441;-3682;-6065;33204;16876
3;M1_cued_target;Stopped;977454;-3682;-6065;33204;16876
3;M1_cued_target;Stopped;977468;-3682;-6065;33204;16876
3;M1_cued_target;Stopped;977481;-3682;-6065;33204;16876
3;M1_cued_target;Stopped;977508;-3682;-6065;33204;16876
3;M1_cued_target;Stopped;977521;-3682;-6065;33204;16876
3;M1_cued_target;Stopped;977534;-3682;-6065;33204;16876
3;M1_cued_target;Stopped;977548;-3682;-6065;33204;16876
3;M1_cued_target;Stopped;977561;-3682;-6065;33204;16876
3;M1_cued_target;Stopped;977574;-3682;-6065;33204;16876
3;M1_cued_target;Stopped;977587;-3682;-6065;33204;16876
3;M1_cued_target;Stopped;977601;-3682;-6065;33204;16876
3;M1_cued_target;Stopped;977614;-3682;-6065;33204;16876
3;M1_cued_target;Stopped;977627;-3682;-6065;33204;16876
3;M1_cued_target;Stopped;977641;-3682;-6065;33204;16876
3;M1_cued_target;End;992342;-3682;-6065;33204;16876
4;L2_hidden_target;Begin;992342;7000;-7000;0;0
4;L2_hidden_target;Stopped;1038739;-4965;-5720;20831;12033
4;L2_hidden_target;Stopped;1038753;-4965;-5720;20831;12033
4;L2_hidden_target;Stopped;1038766;-4965;-5720;20831;12033
4;L2_hidden_target;Stopped;1038779;-4965;-5720;20831;12033
4;L2_hidden_target;Stopped;1038793;-4965;-5720;20831;12033
4;L2_hidden_target;Stopped;1038806;-4965;-5720;20831;12033
4;L2_hidden_target;Stopped;1038819;-4965;-5720;20831;12033
4;L2_hidden_target;Stopped;1038833;-4965;-5720;20831;12033
4;L2_hidden_target;Stopped;1038846;-4965;-5720;20831;12033
4;L2_hidden_target;Stopped;1038859;-4965;-5720;20831;12033
4;L2_hidden_target;Stopped;1038873;-4965;-5720;20831;12033
4;L2_hidden_target;Stopped;1038886;-4965;-5720;20831;12033
4;L2_hidden_target;Stopped;1038899;-4965;-5720;20831;12033
4;L2_hidden_target;Stopped;1038913;-4965;-5720;20831;12033
4;L2_hidden_target;Stopped;1038926;-4965;-5720;20831;12033
4;L2_hidden_target;Stopped;1038939;-4965;-5720;20831;12033
4;L2_hidden_target;Stopped;1038953;-4965;-5720;20831;12033
4;L2_hidden_target;Stopped;1038966;-4965;-5720;20831;12033
4;L2_hidden_target;End;1053760;-4965;-5720;20831;12033
5;M2_cued_target;Begin;1053760;7000;-7000;0;0
5;M2_cued_target;Stopped;1105357;-3682;-6296;10375;10705
5;M2_cued_target;Stopped;1105368;-3682;-6296;10375;10705
5;M2_cued_target;Stopped;1105381;-3682;-6296;10375;10705
5;M2_cued_target;Stopped;1105394;-3682;-6296;10375;10705
5;M2_cued_target;Stopped;1105407;-3682;-6296;10375;10705
5;M2_cued_target;Stopped;1105420;-3682;-6296;10375;10705
5;M2_cued_target;Stopped;1105434;-3682;-6296;10375;10705
5;M2_cued_target;Stopped;1105447;-3682;-6296;10375;10705
5;M2_cued_target;Stopped;1105460;-3682;-6296;10375;10705
5;M2_cued_target;Stopped;1105474;-3682;-6296;10375;10705
5;M2_cued_target;Stopped;1105514;-3682;-6296;10375;10705
5;M2_cued_target;Stopped;1105527;-3682;-6296;10375;10705
5;M2_cued_target;Stopped;1105540;-3682;-6296;10375;10705
5;M2_cued_target;Stopped;1105554;-3682;-6296;10375;10705
5;M2_cued_target;Stopped;1105567;-3682;-6296;10375;10705
5;M2_cued_target;Stopped;1105580;-3682;-6296;10375;10705
5;M2_cued_target;Stopped;1105594;-3682;-6296;10375;10705
5;M2_cued_target;Stopped;1105607;-3682;-6296;10375;10705
5;M2_cued_target;Stopped;1105620;-3682;-6296;10375;10705
5;M2_cued_target;Stopped;1105637;-3682;-6296;10375;10705
5;M2_cued_target;Stopped;1105651;-3682;-6296;10375;10705
5;M2_cued_target;Stopped;1105664;-3682;-6296;10375;10705
5;M2_cued_target;Stopped;1105674;-3682;-6296;10375;10705
5;M2_cued_target;Stopped;1105687;-3682;-6296;10375;10705
5;M2_cued_target;Stopped;1105700;-3682;-6296;10375;10705
5;M2_cued_target;Stopped;1105714;-3682;-6296;10375;10705
5;M2_cued_target;End;1120375;-3682;-6296;10375;10705
6;L2_hidden_target;Begin;1120375;7000;-7000;0;0
6;L2_hidden_target;Stopped;1169091;-3682;-6227;21696;10709
6;L2_hidden_target;Stopped;1169104;-3682;-6227;21696;10709
6;L2_hidden_target;Stopped;1169119;-3682;-6227;21696;10709
6;L2_hidden_target;Stopped;1169131;-3682;-6227;21696;10709
6;L2_hidden_target;Stopped;1169144;-3682;-6227;21696;10709
6;L2_hidden_target;Stopped;1169158;-3682;-6227;21696;10709
6;L2_hidden_target;Stopped;1169171;-3682;-6227;21696;10709
6;L2_hidden_target;Stopped;1169184;-3682;-6227;21696;10709
6;L2_hidden_target;Stopped;1169198;-3682;-6227;21696;10709
6;L2_hidden_target;Stopped;1169211;-3682;-6227;21696;10709
6;L2_hidden_target;Stopped;1169224;-3682;-6227;21696;10709
6;L2_hidden_target;Stopped;1169238;-3682;-6227;21696;10709
6;L2_hidden_target;Stopped;1169251;-3682;-6227;21696;10709
6;L2_hidden_target;Stopped;1169264;-3682;-6227;21696;10709
6;L2_hidden_target;Stopped;1169278;-3682;-6227;21696;10709
6;L2_hidden_target;Stopped;1169291;-3682;-6227;21696;10709
6;L2_hidden_target;Stopped;1169304;-3682;-6227;21696;10709
6;L2_hidden_target;Stopped;1169318;-3682;-6227;21696;10709
6;L2_hidden_target;Stopped;1169331;-3682;-6227;21696;10709
6;L2_hidden_target;Stopped;1169344;-3682;-6227;21696;10709
6;L2_hidden_target;Stopped;1169358;-3682;-6227;21696;10709
6;L2_hidden_target;Stopped;1169371;-3682;-6227;21696;10709
6;L2_hidden_target;Stopped;1169384;-3682;-6227;21696;10709
6;L2_hidden_target;End;1184112;-3682;-6227;21696;10709
7;M1_cued_target;Begin;1184112;7000;7000;0;0
7;M1_cued_target;Stopped;1395260;-4283;-5419;38325;16779
7;M1_cued_target;Stopped;1395275;-4283;-5419;38325;16779
7;M1_cued_target;Stopped;1395287;-4283;-5419;38325;16779
7;M1_cued_target;Stopped;1395300;-4283;-5419;38325;16779
7;M1_cued_target;Stopped;1395315;-4283;-5419;38325;16779
7;M1_cued_target;Stopped;1395327;-4283;-5419;38325;16779
7;M1_cued_target;Stopped;1395341;-4283;-5419;38325;16779
7;M1_cued_target;Stopped;1395355;-4283;-5419;38325;16779
7;M1_cued_target;Stopped;1395367;-4283;-5419;38325;16779
7;M1_cued_target;Stopped;1395380;-4283;-5419;38325;16779
7;M1_cued_target;Stopped;1395394;-4283;-5419;38325;16779
7;M1_cued_target;Stopped;1395407;-4283;-5419;38325;16779
7;M1_cued_target;Stopped;1395420;-4283;-5419;38325;16779
7;M1_cued_target;Stopped;1395435;-4283;-5419;38325;16779
7;M1_cued_target;Stopped;1395447;-4283;-5419;38325;16779
7;M1_cued_target;Stopped;1395460;-4283;-5419;38325;16779
7;M1_cued_target;Stopped;1395474;-4283;-5419;38325;16779
7;M1_cued_target;Stopped;1395500;-4283;-5419;38325;16779
7;M1_cued_target;End;1410281;-4283;-5419;38325;16779
8;L2_hidden_target;Begin;1410281;7000;-7000;0;0
8;L2_hidden_target;Stopped;1455400;-3683;-6032;18507;10727
8;L2_hidden_target;Stopped;1455413;-3683;-6032;18507;10727
8;L2_hidden_target;Stopped;1455426;-3683;-6032;18507;10727
8;L2_hidden_target;Stopped;1455440;-3683;-6032;18507;10727
8;L2_hidden_target;Stopped;1455453;-3683;-6032;18507;10727
8;L2_hidden_target;Stopped;1455466;-3683;-6032;18507;10727
8;L2_hidden_target;Stopped;1455506;-3683;-6032;18507;10727
8;L2_hidden_target;Stopped;1455520;-3683;-6032;18507;10727
8;L2_hidden_target;Stopped;1455533;-3683;-6032;18507;10727
8;L2_hidden_target;Stopped;1455546;-3683;-6032;18507;10727
8;L2_hidden_target;Stopped;1455560;-3683;-6032;18507;10727
8;L2_hidden_target;Stopped;1455573;-3683;-6032;18507;10727
8;L2_hidden_target;Stopped;1455586;-3683;-6032;18507;10727
8;L2_hidden_target;Stopped;1455600;-3683;-6032;18507;10727
8;L2_hidden_target;Stopped;1455613;-3683;-6032;18507;10727
8;L2_hidden_target;Stopped;1455626;-3683;-6032;18507;10727
8;L2_hidden_target;Stopped;1455640;-3683;-6032;18507;10727
8;L2_hidden_target;Stopped;1455653;-3683;-6032;18507;10727
8;L2_hidden_target;Stopped;1455666;-3683;-6032;18507;10727
8;L2_hidden_target;Stopped;1455680;-3683;-6032;18507;10727
8;L2_hidden_target;Stopped;1455693;-3683;-6032;18507;10727
8;L2_hidden_target;End;1470421;-3683;-6032;18507;10727
9;M3_cued_target;Begin;1470421;-7000;7000;0;0
9;M3_cued_target;Stopped;1535209;-4505;-5417;12488;12665
9;M3_cued_target;Stopped;1535223;-4505;-5417;12488;12665
9;M3_cued_target;Stopped;1535235;-4505;-5417;12488;12665
9;M3_cued_target;Stopped;1535249;-4505;-5417;12488;12665
9;M3_cued_target;Stopped;1535262;-4505;-5417;12488;12665
9;M3_cued_target;Stopped;1535275;-4505;-5417;12488;12665
9;M3_cued_target;Stopped;1535289;-4505;-5417;12488;12665
9;M3_cued_target;Stopped;1535303;-4505;-5417;12488;12665
9;M3_cued_target;Stopped;1535315;-4505;-5417;12488;12665
9;M3_cued_target;Stopped;1535329;-4505;-5417;12488;12665
9;M3_cued_target;Stopped;1535343;-4505;-5417;12488;12665
9;M3_cued_target;Stopped;1535355;-4505;-5417;12488;12665
9;M3_cued_target;Stopped;1535369;-4505;-5417;12488;12665
9;M3_cued_target;Stopped;1535382;-4505;-5417;12488;12665
9;M3_cued_target;Stopped;1535395;-4505;-5417;12488;12665
9;M3_cued_target;Stopped;1535409;-4505;-5417;12488;12665
9;M3_cued_target;Stopped;1535422;-4505;-5417;12488;12665
9;M3_cued_target;Stopped;1535435;-4505;-5417;12488;12665
9;M3_cued_target;Stopped;1535449;-4505;-5417;12488;12665
9;M3_cued_target;Stopped;1535463;-4505;-5417;12488;12665
9;M3_cued_target;Stopped;1535503;-4505;-5417;12488;12665
9;M3_cued_target;Stopped;1535515;-4505;-5417;12488;12665
9;M3_cued_target;Stopped;1535529;-4505;-5417;12488;12665
9;M3_cued_target;End;1550229;-4505;-5417;12488;12665
10;L2_hidden_target;Begin;1550229;6999;-7000;0;0
10;L2_hidden_target;Stopped;1575274;-3685;-6555;11366;10695
10;L2_hidden_target;Stopped;1575287;-3685;-6555;11366;10695
10;L2_hidden_target;Stopped;1575301;-3685;-6555;11366;10695
10;L2_hidden_target;Stopped;1575314;-3685;-6555;11366;10695
10;L2_hidden_target;Stopped;1575328;-3685;-6555;11366;10695
10;L2_hidden_target;Stopped;1575341;-3685;-6555;11366;10695
10;L2_hidden_target;Stopped;1575354;-3685;-6555;11366;10695
10;L2_hidden_target;Stopped;1575368;-3685;-6555;11366;10695
10;L2_hidden_target;Stopped;1575381;-3685;-6555;11366;10695
10;L2_hidden_target;Stopped;1575394;-3685;-6555;11366;10695
10;L2_hidden_target;Stopped;1575408;-3685;-6555;11366;10695
10;L2_hidden_target;Stopped;1575421;-3685;-6555;11366;10695
10;L2_hidden_target;Stopped;1575434;-3685;-6555;11366;10695
10;L2_hidden_target;Stopped;1575448;-3685;-6555;11366;10695
10;L2_hidden_target;Stopped;1575461;-3685;-6555;11366;10695
10;L2_hidden_target;Stopped;1575501;-3685;-6555;11366;10695
10;L2_hidden_target;Stopped;1575514;-3685;-6555;11366;10695
10;L2_hidden_target;Stopped;1575527;-3685;-6555;11366;10695
10;L2_hidden_target;Stopped;1575541;-3685;-6555;11366;10695
10;L2_hidden_target;Stopped;1575554;-3685;-6555;11366;10695
10;L2_hidden_target;Stopped;1575568;-3685;-6555;11366;10695
10;L2_hidden_target;End;1590300;-3685;-6555;11366;10695
11;M2_cued_target;Begin;1590300;7000;-7000;0;0
11;M2_cued_target;Stopped;1649900;-3683;-6523;10369;10693
11;M2_cued_target;Stopped;1649913;-3683;-6523;10369;10693
11;M2_cued_target;Stopped;1649927;-3683;-6523;10369;10693
11;M2_cued_target;Stopped;1649940;-3683;-6523;10369;10693
11;M2_cued_target;Stopped;1649953;-3683;-6523;10369;10693
11;M2_cued_target;Stopped;1649967;-3683;-6523;10369;10693
11;M2_cued_target;Stopped;1649981;-3683;-6523;10369;10693
11;M2_cued_target;Stopped;1649993;-3683;-6523;10369;10693
11;M2_cued_target;Stopped;1650007;-3683;-6523;10369;10693
11;M2_cued_target;Stopped;1650020;-3683;-6523;10369;10693
11;M2_cued_target;Stopped;1650033;-3683;-6523;10369;10693
11;M2_cued_target;Stopped;1650047;-3683;-6523;10369;10693
11;M2_cued_target;Stopped;1650060;-3683;-6523;10369;10693
11;M2_cued_target;Stopped;1650073;-3683;-6523;10369;10693
11;M2_cued_target;Stopped;1650087;-3683;-6523;10369;10693
11;M2_cued_target;Stopped;1650100;-3683;-6523;10369;10693
11;M2_cued_target;Stopped;1650113;-3683;-6523;10369;10693
11;M2_cued_target;Stopped;1650126;-3683;-6523;10369;10693
11;M2_cued_target;Stopped;1650141;-3683;-6523;10369;10693
11;M2_cued_target;Stopped;1650153;-3683;-6523;10369;10693
11;M2_cued_target;Stopped;1650167;-3683;-6523;10369;10693
11;M2_cued_target;Stopped;1650180;-3683;-6523;10369;10693
11;M2_cued_target;End;1664921;-3683;-6523;10369;10693
12;L2_hidden_target;Begin;1664921;7000;-7000;0;0
12;L2_hidden_target;Stopped;1709318;-3682;-6351;23640;10702
12;L2_hidden_target;Stopped;1709332;-3682;-6351;23640;10702
12;L2_hidden_target;Stopped;1709345;-3682;-6351;23640;10702
12;L2_hidden_target;Stopped;1709359;-3682;-6351;23640;10702
12;L2_hidden_target;Stopped;1709372;-3682;-6351;23640;10702
12;L2_hidden_target;Stopped;1709385;-3682;-6351;23640;10702
12;L2_hidden_target;Stopped;1709399;-3682;-6351;23640;10702
12;L2_hidden_target;Stopped;1709412;-3682;-6351;23640;10702
12;L2_hidden_target;Stopped;1709425;-3682;-6351;23640;10702
12;L2_hidden_target;Stopped;1709438;-3682;-6351;23640;10702
12;L2_hidden_target;Stopped;1709452;-3682;-6351;23640;10702
12;L2_hidden_target;Stopped;1709465;-3682;-6351;23640;10702
12;L2_hidden_target;Stopped;1709492;-3682;-6351;23640;10702
12;L2_hidden_target;Stopped;1709505;-3682;-6351;23640;10702
12;L2_hidden_target;Stopped;1709518;-3682;-6351;23640;10702
12;L2_hidden_target;Stopped;1709532;-3682;-6351;23640;10702
12;L2_hidden_target;Stopped;1709545;-3682;-6351;23640;10702
12;L2_hidden_target;Stopped;1709558;-3682;-6351;23640;10702
12;L2_hidden_target;Stopped;1709572;-3682;-6351;23640;10702
12;L2_hidden_target;Stopped;1709585;-3682;-6351;23640;10702
12;L2_hidden_target;Stopped;1709598;-3682;-6351;23640;10702
12;L2_hidden_target;Stopped;1709612;-3682;-6351;23640;10702
12;L2_hidden_target;Stopped;1709625;-3682;-6351;23640;10702
12;L2_hidden_target;Stopped;1709639;-3682;-6351;23640;10702
12;L2_hidden_target;Stopped;1709652;-3682;-6351;23640;10702
12;L2_hidden_target;Stopped;1709665;-3682;-6351;23640;10702
12;L2_hidden_target;End;1724341;-3682;-6351;23640;10702
13;M3_cued_target;Begin;1724341;-7000;7000;0;0
13;M3_cued_target;Stopped;1868526;-4081;-5419;25786;12757
13;M3_cued_target;Stopped;1868539;-4081;-5419;25786;12757
13;M3_cued_target;Stopped;1868552;-4081;-5419;25786;12757
13;M3_cued_target;Stopped;1868566;-4081;-5419;25786;12757
13;M3_cued_target;Stopped;1868579;-4081;-5419;25786;12757
13;M3_cued_target;Stopped;1868592;-4081;-5419;25786;12757
13;M3_cued_target;Stopped;1868606;-4081;-5419;25786;12757
13;M3_cued_target;Stopped;1868619;-4081;-5419;25786;12757
13;M3_cued_target;Stopped;1868632;-4081;-5419;25786;12757
13;M3_cued_target;Stopped;1868645;-4081;-5419;25786;12757
13;M3_cued_target;Stopped;1868659;-4081;-5419;25786;12757
13;M3_cued_target;Stopped;1868672;-4081;-5419;25786;12757
13;M3_cued_target;Stopped;1868685;-4081;-5419;25786;12757
13;M3_cued_target;Stopped;1868703;-4081;-5419;25786;12757
13;M3_cued_target;Stopped;1868716;-4081;-5419;25786;12757
13;M3_cued_target;Stopped;1868729;-4081;-5419;25786;12757
13;M3_cued_target;Stopped;1868739;-4081;-5419;25786;12757
13;M3_cued_target;Stopped;1868752;-4081;-5419;25786;12757
13;M3_cued_target;Stopped;1868766;-4081;-5419;25786;12757
13;M3_cued_target;Stopped;1868779;-4081;-5419;25786;12757
13;M3_cued_target;Stopped;1868792;-4081;-5419;25786;12757
13;M3_cued_target;Stopped;1868805;-4081;-5419;25786;12757
13;M3_cued_target;Stopped;1868819;-4081;-5419;25786;12757
13;M3_cued_target;Stopped;1868832;-4081;-5419;25786;12757
13;M3_cued_target;Stopped;1868845;-4081;-5419;25786;12757
13;M3_cued_target;Stopped;1868859;-4081;-5419;25786;12757
13;M3_cued_target;Stopped;1868872;-4081;-5419;25786;12757
13;M3_cued_target;Stopped;1868885;-4081;-5419;25786;12757
13;M3_cued_target;Stopped;1868899;-4081;-5419;25786;12757
13;M3_cued_target;Stopped;1868912;-4081;-5419;25786;12757
13;M3_cued_target;Stopped;1868925;-4081;-5419;25786;12757
13;M3_cued_target;Stopped;1868939;-4081;-5419;25786;12757
13;M3_cued_target;Stopped;1868952;-4081;-5419;25786;12757
13;M3_cued_target;Stopped;1868965;-4081;-5419;25786;12757
13;M3_cued_target;End;1883547;-4081;-5419;25786;12757
14;L2_hidden_target;Begin;1883547;7000;-7000;0;0
14;L2_hidden_target;Stopped;1906740;-3682;-5675;11430;10764
14;L2_hidden_target;Stopped;1906754;-3682;-5675;11430;10764
14;L2_hidden_target;Stopped;1906767;-3682;-5675;11430;10764
14;L2_hidden_target;Stopped;1906780;-3682;-5675;11430;10764
14;L2_hidden_target;Stopped;1906793;-3682;-5675;11430;10764
14;L2_hidden_target;Stopped;1906807;-3682;-5675;11430;10764
14;L2_hidden_target;Stopped;1906820;-3682;-5675;11430;10764
14;L2_hidden_target;Stopped;1906834;-3682;-5675;11430;10764
14;L2_hidden_target;Stopped;1906847;-3682;-5675;11430;10764
14;L2_hidden_target;Stopped;1906860;-3682;-5675;11430;10764
14;L2_hidden_target;Stopped;1906874;-3682;-5675;11430;10764
14;L2_hidden_target;Stopped;1906887;-3682;-5675;11430;10764
14;L2_hidden_target;Stopped;1906900;-3682;-5675;11430;10764
14;L2_hidden_target;Stopped;1906913;-3682;-5675;11430;10764
14;L2_hidden_target;Stopped;1906927;-3682;-5675;11430;10764
14;L2_hidden_target;Stopped;1906940;-3682;-5675;11430;10764
14;L2_hidden_target;Stopped;1906954;-3682;-5675;11430;10764
14;L2_hidden_target;Stopped;1906967;-3682;-5675;11430;10764
14;L2_hidden_target;Stopped;1906980;-3682;-5675;11430;10764
14;L2_hidden_target;Stopped;1906994;-3682;-5675;11430;10764
14;L2_hidden_target;Stopped;1907007;-3682;-5675;11430;10764
14;L2_hidden_target;Stopped;1907020;-3682;-5675;11430;10764
14;L2_hidden_target;End;1921761;-3682;-5675;11430;10764
15;M1_cued_target;Begin;1921761;6999;7000;0;0
15;M1_cued_target;Stopped;2108450;-4496;-5419;35251;16923
15;M1_cued_target;Stopped;2108490;-4496;-5419;35251;16923
15;M1_cued_target;Stopped;2108504;-4496;-5419;35251;16923
15;M1_cued_target;Stopped;2108517;-4496;-5419;35251;16923
15;M1_cued_target;Stopped;2108530;-4496;-5419;35251;16923
15;M1_cued_target;Stopped;2108544;-4496;-5419;35251;16923
15;M1_cued_target;Stopped;2108557;-4496;-5419;35251;16923
15;M1_cued_target;Stopped;2108570;-4496;-5419;35251;16923
15;M1_cued_target;Stopped;2108584;-4496;-5419;35251;16923
15;M1_cued_target;Stopped;2108597;-4496;-5419;35251;16923
15;M1_cued_target;Stopped;2108610;-4496;-5419;35251;16923
15;M1_cued_target;Stopped;2108624;-4496;-5419;35251;16923
15;M1_cued_target;Stopped;2108637;-4496;-5419;35251;16923
15;M1_cued_target;Stopped;2108650;-4496;-5419;35251;16923
15;M1_cued_target;Stopped;2108664;-4496;-5419;35251;16923
15;M1_cued_target;Stopped;2108677;-4496;-5419;35251;16923
15;M1_cued_target;Stopped;2108690;-4496;-5419;35251;16923
15;M1_cued_target;Stopped;2108704;-4496;-5419;35251;16923
15;M1_cued_target;Stopped;2108717;-4496;-5419;35251;16923
15;M1_cued_target;Stopped;2108730;-4496;-5419;35251;16923
15;M1_cued_target;Stopped;2108744;-4496;-5419;35251;16923
15;M1_cued_target;Stopped;2108757;-4496;-5419;35251;16923
15;M1_cued_target;Stopped;2108770;-4496;-5419;35251;16923
15;M1_cued_target;End;2123471;-4496;-5419;35251;16923
16;L2_hidden_target;Begin;2123471;7000;-7000;0;0
16;L2_hidden_target;Stopped;2153447;-4062;-5424;11884;11174
16;L2_hidden_target;Stopped;2153487;-4062;-5424;11884;11174
16;L2_hidden_target;Stopped;2153501;-4062;-5424;11884;11174
16;L2_hidden_target;Stopped;2153514;-4062;-5424;11884;11174
16;L2_hidden_target;Stopped;2153527;-4062;-5424;11884;11174
16;L2_hidden_target;Stopped;2153541;-4062;-5424;11884;11174
16;L2_hidden_target;Stopped;2153554;-4062;-5424;11884;11174
16;L2_hidden_target;Stopped;2153573;-4062;-5424;11884;11174
16;L2_hidden_target;Stopped;2153586;-4062;-5424;11884;11174
16;L2_hidden_target;Stopped;2153599;-4062;-5424;11884;11174
16;L2_hidden_target;Stopped;2153610;-4062;-5424;11884;11174
16;L2_hidden_target;Stopped;2153621;-4062;-5424;11884;11174
16;L2_hidden_target;Stopped;2153635;-4062;-5424;11884;11174
16;L2_hidden_target;Stopped;2153647;-4062;-5424;11884;11174
16;L2_hidden_target;Stopped;2153661;-4062;-5424;11884;11174
16;L2_hidden_target;Stopped;2153674;-4062;-5424;11884;11174
16;L2_hidden_target;Stopped;2153687;-4062;-5424;11884;11174
16;L2_hidden_target;Stopped;2153701;-4062;-5424;11884;11174
16;L2_hidden_target;Stopped;2153714;-4062;-5424;11884;11174
16;L2_hidden_target;Stopped;2153727;-4062;-5424;11884;11174
16;L2_hidden_target;Stopped;2153741;-4062;-5424;11884;11174
16;L2_hidden_target;Stopped;2153759;-4062;-5424;11884;11174
16;L2_hidden_target;Stopped;2153772;-4062;-5424;11884;11174
16;L2_hidden_target;Stopped;2153786;-4062;-5424;11884;11174
16;L2_hidden_target;Stopped;2153795;-4062;-5424;11884;11174
16;L2_hidden_target;Stopped;2153808;-4062;-5424;11884;11174
16;L2_hidden_target;Stopped;2153821;-4062;-5424;11884;11174
16;L2_hidden_target;Stopped;2153834;-4062;-5424;11884;11174
16;L2_hidden_target;Stopped;2153847;-4062;-5424;11884;11174
16;L2_hidden_target;Stopped;2153861;-4062;-5424;11884;11174
16;L2_hidden_target;End;2168469;-4062;-5424;11884;11174
16;L2_hidden_target;Begin;2168469;-4062;-5424;11884;11174
16;L2_hidden_target;Stopped;2171962;-4062;-5424;11884;11174
16;L2_hidden_target;Stopped;2171975;-4062;-5424;11884;11174
16;L2_hidden_target;Stopped;2171988;-4062;-5424;11884;11174
16;L2_hidden_target;Stopped;2172002;-4062;-5424;11884;11174
16;L2_hidden_target;Stopped;2172015;-4062;-5424;11884;11174
16;L2_hidden_target;Stopped;2172028;-4062;-5424;11884;11174
16;L2_hidden_target;Stopped;2172042;-4062;-5424;11884;11174
16;L2_hidden_target;Stopped;2172055;-4062;-5424;11884;11174
16;L2_hidden_target;Stopped;2172068;-4062;-5424;11884;11174
16;L2_hidden_target;Stopped;2172082;-4062;-5424;11884;11174
16;L2_hidden_target;Stopped;2172095;-4062;-5424;11884;11174
16;L2_hidden_target;Stopped;2172108;-4062;-5424;11884;11174
16;L2_hidden_target;Stopped;2172122;-4062;-5424;11884;11174
16;L2_hidden_target;Stopped;2172135;-4062;-5424;11884;11174
16;L2_hidden_target;Stopped;2172148;-4062;-5424;11884;11174
16;L2_hidden_target;Stopped;2172162;-4062;-5424;11884;11174
16;L2_hidden_target;Stopped;2172175;-4062;-5424;11884;11174
16;L2_hidden_target;Stopped;2172188;-4062;-5424;11884;11174
16;L2_hidden_target;Stopped;2172202;-4062;-5424;11884;11174
16;L2_hidden_target;Stopped;2172215;-4062;-5424;11884;11174
16;L2_hidden_target;Stopped;2172228;-4062;-5424;11884;11174
16;L2_hidden_target;Stopped;2172242;-4062;-5424;11884;11174
16;L2_hidden_target;Stopped;2172255;-4062;-5424;11884;11174
16;L2_hidden_target;Stopped;2172268;-4062;-5424;11884;11174
16;L2_hidden_target;Stopped;2172282;-4062;-5424;11884;11174
16;L2_hidden_target;Stopped;2172295;-4062;-5424;11884;11174
