1;M3_cued_target;Stopped;349846;-3891;-5422;26074;12805
1;M3_cued_target;Stopped;349860;-3891;-5422;26074;12805
1;M3_cued_target;Stopped;349873;-3891;-5422;26074;12805
1;M3_cued_target;Stopped;349887;-3891;-5422;26074;12805
1;M3_cued_target;Stopped;349900;-3891;-5422;26074;12805
1;M3_cued_target;Stopped;349913;-3891;-5422;26074;12805
1;M3_cued_target;Stopped;349927;-3891;-5422;26074;12805
1;M3_cued_target;Stopped;349940;-3891;-5422;26074;12805
1;M3_cued_target;Stopped;349953;-3891;-5422;26074;12805
1;M3_cued_target;Stopped;349967;-3891;-5422;26074;12805
1;M3_cued_target;Stopped;349980;-3891;-5422;26074;12805
1;M3_cued_target;Stopped;349993;-3891;-5422;26074;12805
1;M3_cued_target;Stopped;350007;-3891;-5422;26074;12805
1;M3_cued_target;Stopped;350020;-3891;-5422;26074;12805
1;M3_cued_target;Stopped;350033;-3891;-5422;26074;12805
1;M3_cued_target;Stopped;350047;-3891;-5422;26074;12805
1;M3_cued_target;Stopped;350060;-3891;-5422;26074;12805
1;M3_cued_target;Stopped;354285;-3891;-5422;26074;12805
1;M3_cued_target;Stopped;354298;-3891;-5422;26074;12805
1;M3_cued_target;Stopped;354312;-3891;-5422;26074;12805
1;M3_cued_target;Stopped;354325;-3891;-5422;26074;12805
1;M3_cued_target;Stopped;354338;-3891;-5422;26074;12805
1;M3_cued_target;Stopped;354352;-3891;-5422;26074;12805
1;M3_cued_target;Stopped;354365;-3891;-5422;26074;12805
1;M3_cued_target;Stopped;354378;-3891;-5422;26074;12805
1;M3_cued_target;Stopped;354392;-3891;-5422;26074;12805
1;M3_cued_target;Stopped;354405;-3891;-5422;26074;12805
1;M3_cued_target;Stopped;354418;-3891;-5422;26074;12805
1;M3_cued_target;Stopped;354432;-3891;-5422;26074;12805
1;M3_cued_target;Stopped;354445;-3891;-5422;26074;12805
1;M3_cued_target;Stopped;354458;-3891;-5422;26074;12805
1;M3_cued_target;End;364868;-3891;-5422;26074;12805
2;L1_hidden_target;Begin;364868;7000;7000;0;0
2;L1_hidden_target;Stopped;445066;-4217;-5417;17283;16733
2;L1_hidden_target;Stopped;445079;-4217;-5417;17283;16733
2;L1_hidden_target;Stopped;445093;-4217;-5417;17283;16733
2;L1_hidden_target;Stopped;445106;-4217;-5417;17283;16733
2;L1_hidden_target;Stopped;445119;-4217;-5417;17283;16733
2;L1_hidden_target;Stopped;445133;-4217;-5417;17283;16733
2;L1_hidden_target;Stopped;445146;-4217;-5417;17283;16733
2;L1_hidden_target;Stopped;445160;-4217;-5417;17283;16733
2;L1_hidden_target;Stopped;445173;-4217;-5417;17283;16733
2;L1_hidden_target;Stopped;445186;-4217;-5417;17283;16733
2;L1_hidden_target;Stopped;445199;-4217;-5417;17283;16733
2;L1_hidden_target;Stopped;445213;-4217;-5417;17283;16733
2;L1_hidden_target;Stopped;445226;-4217;-5417;17283;16733
2;L1_hidden_target;Stopped;445239;-4217;-5417;17283;16733
2;L1_hidden_target;Stopped;445253;-4217;-5417;17283;16733
2;L1_hidden_target;Stopped;445266;-4217;-5417;17283;16733
2;L1_hidden_target;Stopped;445279;-4217;-5417;17283;16733
2;L1_hidden_target;Stopped;445293;-4217;-5417;17283;16733
2;L1_hidden_target;Stopped;445306;-4217;-5417;17283;16733
2;L1_hidden_target;Stopped;445319;-4217;-5417;17283;16733
2;L1_hidden_target;End;460092;-4217;-5417;17283;16733
3;M1_cued_target;Begin;460092;7000;7000;0;0
3;M1_cued_target;Stopped;661106;-3686;-5572;38083;16500
3;M1_cued_target;Stopped;661119;-3686;-5572;38083;16500
3;M1_cued_target;Stopped;661133;-3686;-5572;38083;16500
3;M1_cued_target;Stopped;661146;-3686;-5572;38083;16500
3;M1_cued_target;Stopped;661159;-3686;-5572;38083;16500
3;M1_cued_target;Stopped;661173;-3686;-5572;38083;16500
3;M1_cued_target;Stopped;661186;-3686;-5572;38083;16500
3;M1_cued_target;Stopped;661199;-3686;-5572;38083;16500
3;M1_cued_target;Stopped;661213;-3686;-5572;38083;16500
3;M1_cued_target;Stopped;661226;-3686;-5572;38083;16500
3;M1_cued_target;Stopped;661240;-3686;-5572;38083;16500
3;M1_cued_target;Stopped;661253;-3686;-5572;38083;16500
3;M1_cued_target;Stopped;661266;-3686;-5572;38083;16500
3;M1_cued_target;Stopped;661279;-3686;-5572;38083;16500
3;M1_cued_target;Stopped;661293;-3686;-5572;38083;16500
3;M1_cued_target;Stopped;661306;-3686;-5572;38083;16500
3;M1_cued_target;Stopped;661319;-3686;-5572;38083;16500
3;M1_cued_target;Stopped;661333;-3686;-5572;38083;16500
3;M1_cued_target;Stopped;661346;-3686;-5572;38083;16500
3;M1_cued_target;Stopped;661359;-3686;-5572;38083;16500
3;M1_cued_target;Stopped;661373;-3686;-5572;38083;16500
3;M1_cued_target;Stopped;661386;-3686;-5572;38083;16500
3;M1_cued_target;End;676127;-3686;-5572;38083;16500
4;L2_hidden_target;Begin;676127;7000;-7000;0;0
4;L2_hidden_target;Stopped;861261;-3853;-5422;92163;10967
4;L2_hidden_target;Stopped;861275;-3853;-5422;92163;10967
4;L2_hidden_target;Stopped;861288;-3853;-5422;92163;10967
4;L2_hidden_target;Stopped;861301;-3853;-5422;92163;10967
4;L2_hidden_target;Stopped;861315;-3853;-5422;92163;10967
4;L2_hidden_target;Stopped;861328;-3853;-5422;92163;10967
4;L2_hidden_target;Stopped;861341;-3853;-5422;92163;10967
4;L2_hidden_target;Stopped;861355;-3853;-5422;92163;10967
4;L2_hidden_target;Stopped;861368;-3853;-5422;92163;10967
4;L2_hidden_target;Stopped;861381;-3853;-5422;92163;10967
4;L2_hidden_target;Stopped;861394;-3853;-5422;92163;10967
4;L2_hidden_target;Stopped;861408;-3853;-5422;92163;10967
4;L2_hidden_target;Stopped;861421;-3853;-5422;92163;10967
4;L2_hidden_target;Stopped;861434;-3853;-5422;92163;10967
4;L2_hidden_target;Stopped;861448;-3853;-5422;92163;10967
4;L2_hidden_target;Stopped;861461;-3853;-5422;92163;10967
4;L2_hidden_target;Stopped;861475;-3853;-5422;92163;10967
4;L2_hidden_target;Stopped;861488;-3853;-5422;92163;10967
4;L2_hidden_target;Stopped;861514;-3853;-5422;92163;10967
4;L2_hidden_target;Stopped;861528;-3853;-5422;92163;10967
4;L2_hidden_target;Stopped;861541;-3853;-5422;92163;10967
4;L2_hidden_target;End;876283;-3853;-5422;92163;10967
5;M2_cued_target;Begin;876283;7000;-7000;0;0
5;M2_cued_target;Stopped;1041101;-4247;-5417;32689;11358
5;M2_cued_target;Stopped;1041115;-4247;-5417;32689;11358
5;M2_cued_target;Stopped;1041128;-4247;-5417;32689;11358
5;M2_cued_target;Stopped;1041141;-4247;-5417;32689;11358
5;M2_cued_target;Stopped;1041155;-4247;-5417;32689;11358
5;M2_cued_target;Stopped;1041168;-4247;-5417;32689;11358
5;M2_cued_target;Stopped;1041181;-4247;-5417;32689;11358
5;M2_cued_target;Stopped;1041195;-4247;-5417;32689;11358
5;M2_cued_target;Stopped;1041208;-4247;-5417;32689;11358
5;M2_cued_target;Stopped;1041221;-4247;-5417;32689;11358
5;M2_cued_target;Stopped;1041235;-4247;-5417;32689;11358
5;M2_cued_target;Stopped;1041248;-4247;-5417;32689;11358
5;M2_cued_target;Stopped;1041261;-4247;-5417;32689;11358
5;M2_cued_target;Stopped;1041275;-4247;-5417;32689;11358
5;M2_cued_target;Stopped;1041293;-4247;-5417;32689;11358
5;M2_cued_target;Stopped;1041303;-4247;-5417;32689;11358
5;M2_cued_target;Stopped;1041316;-4247;-5417;32689;11358
5;M2_cued_target;Stopped;1041328;-4247;-5417;32689;11358
5;M2_cued_target;Stopped;1041342;-4247;-5417;32689;11358
5;M2_cued_target;Stopped;1041355;-4247;-5417;32689;11358
5;M2_cued_target;Stopped;1041368;-4247;-5417;32689;11358
5;M2_cued_target;End;1056122;-4247;-5417;32689;11358
6;L3_hidden_target;Begin;1056122;-7000;6999;0;0
6;L3_hidden_target;Stopped;1093176;-4668;-5414;14306;12631
6;L3_hidden_target;Stopped;1093190;-4668;-5414;14306;12631
6;L3_hidden_target;Stopped;1093203;-4668;-5414;14306;12631
6;L3_hidden_target;Stopped;1093217;-4668;-5414;14306;12631
6;L3_hidden_target;Stopped;1093230;-4668;-5414;14306;12631
6;L3_hidden_target;Stopped;1093243;-4668;-5414;14306;12631
6;L3_hidden_target;Stopped;1093256;-4668;-5414;14306;12631
6;L3_hidden_target;Stopped;1093270;-4668;-5414;14306;12631
6;L3_hidden_target;Stopped;1093283;-4668;-5414;14306;12631
6;L3_hidden_target;Stopped;1093297;-4668;-5414;14306;12631
6;L3_hidden_target;Stopped;1093310;-4668;-5414;14306;12631
6;L3_hidden_target;Stopped;1093328;-4668;-5414;14306;12631
6;L3_hidden_target;Stopped;1093341;-4668;-5414;14306;12631
6;L3_hidden_target;Stopped;1093350;-4668;-5414;14306;12631
6;L3_hidden_target;Stopped;1093363;-4668;-5414;14306;12631
6;L3_hidden_target;Stopped;1093377;-4668;-5414;14306;12631
6;L3_hidden_target;End;1108197;-4668;-5414;14306;12631
7;M1_cued_target;Begin;1108197;7000;7000;0;0
7;M1_cued_target;Stopped;1213518;-3682;-5752;18522;16635
7;M1_cued_target;Stopped;1213532;-3682;-5752;18522;16635
7;M1_cued_target;Stopped;1213545;-3682;-5752;18522;16635
7;M1_cued_target;Stopped;1213558;-3682;-5752;18522;16635
7;M1_cued_target;Stopped;1213572;-3682;-5752;18522;16635
7;M1_cued_target;Stopped;1213585;-3682;-5752;18522;16635
7;M1_cued_target;Stopped;1213599;-3682;-5752;18522;16635
7;M1_cued_target;Stopped;1213612;-3682;-5752;18522;16635
7;M1_cued_target;Stopped;1213625;-3682;-5752;18522;16635
7;M1_cued_target;Stopped;1213638;-3682;-5752;18522;16635
7;M1_cued_target;Stopped;1213652;-3682;-5752;18522;16635
7;M1_cued_target;Stopped;1213665;-3682;-5752;18522;16635
7;M1_cued_target;Stopped;1213678;-3682;-5752;18522;16635
7;M1_cued_target;Stopped;1213692;-3682;-5752;18522;16635
7;M1_cued_target;Stopped;1213705;-3682;-5752;18522;16635
7;M1_cued_target;Stopped;1213718;-3682;-5752;18522;16635
7;M1_cued_target;Stopped;1213732;-3682;-5752;18522;16635
7;M1_cued_target;Stopped;1213745;-3682;-5752;18522;16635
7;M1_cued_target;Stopped;1213758;-3682;-5752;18522;16635
7;M1_cued_target;End;1228539;-3682;-5752;18522;16635
8;L2_hidden_target;Begin;1228539;7000;-7000;0;0
8;L2_hidden_target;Stopped;1268366;-3685;-5627;14160;10773
8;L2_hidden_target;Stopped;1268380;-3685;-5627;14160;10773
8;L2_hidden_target;Stopped;1268393;-3685;-5627;14160;10773
8;L2_hidden_target;Stopped;1268406;-3685;-5627;14160;10773
8;L2_hidden_target;Stopped;1268420;-3685;-5627;14160;10773
8;L2_hidden_target;Stopped;1268433;-3685;-5627;14160;10773
8;L2_hidden_target;Stopped;1268446;-3685;-5627;14160;10773
8;L2_hidden_target;Stopped;1268460;-3685;-5627;14160;10773
8;L2_hidden_target;Stopped;1268473;-3685;-5627;14160;10773
8;L2_hidden_target;Stopped;1268513;-3685;-5627;14160;10773
8;L2_hidden_target;Stopped;1268526;-3685;-5627;14160;10773
8;L2_hidden_target;Stopped;1268540;-3685;-5627;14160;10773
8;L2_hidden_target;Stopped;1268553;-3685;-5627;14160;10773
8;L2_hidden_target;End;1283388;-3685;-5627;14160;10773
9;M3_cued_target;Begin;1283388;-7000;7000;0;0
9;M3_cued_target;Stopped;1365281;-4630;-5417;12756;12641
9;M3_cued_target;Stopped;1365291;-4630;-5417;12756;12641
9;M3_cued_target;Stopped;1365304;-4630;-5417;12756;12641
9;M3_cued_target;Stopped;1365317;-4630;-5417;12756;12641
9;M3_cued_target;Stopped;1365330;-4630;-5417;12756;12641
9;M3_cued_target;Stopped;1365343;-4630;-5417;12756;12641
9;M3_cued_target;Stopped;1365362;-4630;-5417;12756;12641
9;M3_cued_target;Stopped;1365375;-4630;-5417;12756;12641
9;M3_cued_target;Stopped;1365384;-4630;-5417;12756;12641
9;M3_cued_target;Stopped;1365397;-4630;-5417;12756;12641
9;M3_cued_target;Stopped;1365411;-4630;-5417;12756;12641
9;M3_cued_target;Stopped;1365423;-4630;-5417;12756;12641
9;M3_cued_target;Stopped;1365437;-4630;-5417;12756;12641
9;M3_cued_target;Stopped;1365450;-4630;-5417;12756;12641
9;M3_cued_target;Stopped;1365463;-4630;-5417;12756;12641
9;M3_cued_target;Stopped;1365477;-4630;-5417;12756;12641
9;M3_cued_target;Stopped;1365517;-4630;-5417;12756;12641
9;M3_cued_target;End;1380298;-4630;-5417;12756;12641
10;L1_hidden_target;Begin;1380298;7000;6999;0;0
10;L1_hidden_target;Stopped;1409848;-3834;-5419;16086;16480
10;L1_hidden_target;Stopped;1409861;-3834;-5419;16086;16480
10;L1_hidden_target;Stopped;1409875;-3834;-5419;16086;16480
10;L1_hidden_target;Stopped;1409888;-3834;-5419;16086;16480
10;L1_hidden_target;Stopped;1409901;-3834;-5419;16086;16480
10;L1_hidden_target;Stopped;1409915;-3834;-5419;16086;16480
10;L1_hidden_target;Stopped;1409928;-3834;-5419;16086;16480
10;L1_hidden_target;Stopped;1409941;-3834;-5419;16086;16480
10;L1_hidden_target;Stopped;1409955;-3834;-5419;16086;16480
10;L1_hidden_target;Stopped;1409968;-3834;-5419;16086;16480
10;L1_hidden_target;Stopped;1409986;-3834;-5419;16086;16480
10;L1_hidden_target;Stopped;1409996;-3834;-5419;16086;16480
10;L1_hidden_target;Stopped;1410009;-3834;-5419;16086;16480
10;L1_hidden_target;Stopped;1410022;-3834;-5419;16086;16480
10;L1_hidden_target;Stopped;1410035;-3834;-5419;16086;16480
10;L1_hidden_target;Stopped;1410048;-3834;-5419;16086;16480
10;L1_hidden_target;Stopped;1410061;-3834;-5419;16086;16480
10;L1_hidden_target;Stopped;1410074;-3834;-5419;16086;16480
10;L1_hidden_target;Stopped;1410088;-3834;-5419;16086;16480
10;L1_hidden_target;End;1424869;-3834;-5419;16086;16480
11;M2_cued_target;Begin;1424869;7000;-7000;0;0
11;M2_cued_target;Stopped;1486353;-3681;-6261;9804;10706
11;M2_cued_target;Stopped;1486366;-3681;-6261;9804;10706
11;M2_cued_target;Stopped;1486380;-3681;-6261;9804;10706
11;M2_cued_target;Stopped;1486393;-3681;-6261;9804;10706
11;M2_cued_target;Stopped;1486406;-3681;-6261;9804;10706
11;M2_cued_target;Stopped;1486419;-3681;-6261;9804;10706
11;M2_cued_target;Stopped;1486433;-3681;-6261;9804;10706
11;M2_cued_target;Stopped;1486446;-3681;-6261;9804;10706
11;M2_cued_target;Stopped;1486459;-3681;-6261;9804;10706
11;M2_cued_target;Stopped;1486473;-3681;-6261;9804;10706
11;M2_cued_target;Stopped;1486513;-3681;-6261;9804;10706
11;M2_cued_target;Stopped;1486526;-3681;-6261;9804;10706
11;M2_cued_target;Stopped;1486543;-3681;-6261;9804;10706
11;M2_cued_target;Stopped;1486554;-3681;-6261;9804;10706
11;M2_cued_target;Stopped;1486567;-3681;-6261;9804;10706
11;M2_cued_target;Stopped;1486579;-3681;-6261;9804;10706
11;M2_cued_target;Stopped;1486592;-3681;-6261;9804;10706
11;M2_cued_target;Stopped;1486606;-3681;-6261;9804;10706
11;M2_cued_target;End;1501374;-3681;-6261;9804;10706
12;L3_hidden_target;Begin;1501374;-7000;6999;0;0
12;L3_hidden_target;Stopped;1578879;-4369;-5417;37569;12693
12;L3_hidden_target;Stopped;1578893;-4369;-5417;37569;12693
12;L3_hidden_target;Stopped;1578906;-4369;-5417;37569;12693
12;L3_hidden_target;Stopped;1578920;-4369;-5417;37569;12693
12;L3_hidden_target;Stopped;1578933;-4369;-5417;37569;12693
12;L3_hidden_target;Stopped;1578946;-4369;-5417;37569;12693
12;L3_hidden_target;Stopped;1578959;-4369;-5417;37569;12693
12;L3_hidden_target;Stopped;1578973;-4369;-5417;37569;12693
12;L3_hidden_target;Stopped;1578992;-4369;-5417;37569;12693
12;L3_hidden_target;Stopped;1579005;-4369;-5417;37569;12693
12;L3_hidden_target;Stopped;1579014;-4369;-5417;37569;12693
12;L3_hidden_target;Stopped;1579027;-4369;-5417;37569;12693
12;L3_hidden_target;Stopped;1579040;-4369;-5417;37569;12693
12;L3_hidden_target;Stopped;1579053;-4369;-5417;37569;12693
12;L3_hidden_target;Stopped;1579066;-4369;-5417;37569;12693
12;L3_hidden_target;Stopped;1579080;-4369;-5417;37569;12693
12;L3_hidden_target;Stopped;1579093;-4369;-5417;37569;12693
12;L3_hidden_target;Stopped;1579106;-4369;-5417;37569;12693
12;L3_hidden_target;Stopped;1579120;-4369;-5417;37569;12693
12;L3_hidden_target;Stopped;1579133;-4369;-5417;37569;12693
12;L3_hidden_target;End;1593906;-4369;-5417;37569;12693
13;M3_cued_target;Begin;1593906;-7000;7000;0;0
13;M3_cued_target;Stopped;1656624;-4578;-5418;11781;12652
13;M3_cued_target;Stopped;1656637;-4578;-5418;11781;12652
13;M3_cued_target;Stopped;1656651;-4578;-5418;11781;12652
13;M3_cued_target;Stopped;1656664;-4578;-5418;11781;12652
13;M3_cued_target;Stopped;1656677;-4578;-5418;11781;12652
13;M3_cued_target;Stopped;1656691;-4578;-5418;11781;12652
13;M3_cued_target;Stopped;1656704;-4578;-5418;11781;12652
13;M3_cued_target;Stopped;1656717;-4578;-5418;11781;12652
13;M3_cued_target;Stopped;1656731;-4578;-5418;11781;12652
13;M3_cued_target;Stopped;1656744;-4578;-5418;11781;12652
13;M3_cued_target;Stopped;1656757;-4578;-5418;11781;12652
13;M3_cued_target;Stopped;1656771;-4578;-5418;11781;12652
13;M3_cued_target;Stopped;1656784;-4578;-5418;11781;12652
13;M3_cued_target;Stopped;1656797;-4578;-5418;11781;12652
13;M3_cued_target;Stopped;1656811;-4578;-5418;11781;12652
13;M3_cued_target;Stopped;1656824;-4578;-5418;11781;12652
13;M3_cued_target;Stopped;1656837;-4578;-5418;11781;12652
13;M3_cued_target;End;1671645;-4578;-5418;11781;12652
14;L2_hidden_target;Begin;1671645;7000;-7000;0;0
14;L2_hidden_target;Stopped;1708499;-3864;-6702;12675;10869
14;L2_hidden_target;Stopped;1708512;-3864;-6702;12675;10869
14;L2_hidden_target;Stopped;1708526;-3864;-6702;12675;10869
14;L2_hidden_target;Stopped;1708539;-3864;-6702;12675;10869
14;L2_hidden_target;Stopped;1708553;-3864;-6702;12675;10869
14;L2_hidden_target;Stopped;1708566;-3864;-6702;12675;10869
14;L2_hidden_target;Stopped;1708579;-3864;-6702;12675;10869
14;L2_hidden_target;Stopped;1708593;-3864;-6702;12675;10869
14;L2_hidden_target;Stopped;1708606;-3864;-6702;12675;10869
14;L2_hidden_target;Stopped;1708619;-3864;-6702;12675;10869
14;L2_hidden_target;Stopped;1708633;-3864;-6702;12675;10869
14;L2_hidden_target;Stopped;1708646;-3864;-6702;12675;10869
14;L2_hidden_target;Stopped;1708659;-3864;-6702;12675;10869
14;L2_hidden_target;Stopped;1708673;-3864;-6702;12675;10869
14;L2_hidden_target;Stopped;1708686;-3864;-6702;12675;10869
14;L2_hidden_target;Stopped;1708699;-3864;-6702;12675;10869
14;L2_hidden_target;Stopped;1708713;-3864;-6702;12675;10869
14;L2_hidden_target;Stopped;1708726;-3864;-6702;12675;10869
14;L2_hidden_target;Stopped;1708739;-3864;-6702;12675;10869
14;L2_hidden_target;Stopped;1708753;-3864;-6702;12675;10869
14;L2_hidden_target;Stopped;1708766;-3864;-6702;12675;10869
14;L2_hidden_target;End;1723514;-3864;-6702;12675;10869
15;M1_cued_target;Begin;1723514;7000;7000;0;0
15;M1_cued_target;Stopped;1812501;-3686;-5702;17130;16600
15;M1_cued_target;Stopped;1812518;-3686;-5702;17130;16600
15;M1_cued_target;Stopped;1812529;-3686;-5702;17130;16600
15;M1_cued_target;Stopped;1812542;-3686;-5702;17130;16600
15;M1_cued_target;Stopped;1812555;-3686;-5702;17130;16600
15;M1_cued_target;Stopped;1812568;-3686;-5702;17130;16600
15;M1_cued_target;Stopped;1812581;-3686;-5702;17130;16600
15;M1_cued_target;Stopped;1812594;-3686;-5702;17130;16600
15;M1_cued_target;Stopped;1812608;-3686;-5702;17130;16600
15;M1_cued_target;Stopped;1812621;-3686;-5702;17130;16600
15;M1_cued_target;Stopped;1812634;-3686;-5702;17130;16600
15;M1_cued_target;Stopped;1812648;-3686;-5702;17130;16600
15;M1_cued_target;Stopped;1812661;-3686;-5702;17130;16600
15;M1_cued_target;Stopped;1812674;-3686;-5702;17130;16600
15;M1_cued_target;Stopped;1812688;-3686;-5702;17130;16600
15;M1_cued_target;Stopped;1812701;-3686;-5702;17130;16600
15;M1_cued_target;Stopped;1812714;-3686;-5702;17130;16600
15;M1_cued_target;Stopped;1812728;-3686;-5702;17130;16600
15;M1_cued_target;Stopped;1812741;-3686;-5702;17130;16600
15;M1_cued_target;Stopped;1812754;-3686;-5702;17130;16600
15;M1_cued_target;End;1827522;-3686;-5702;17130;16600
16;L3_hidden_target;Begin;1827522;-7000;7000;0;0
16;L3_hidden_target;Stopped;1861390;-4969;-6026;14726;13184
16;L3_hidden_target;Stopped;1861403;-4969;-6026;14726;13184
16;L3_hidden_target;Stopped;1861417;-4969;-6026;14726;13184
16;L3_hidden_target;Stopped;1861430;-4969;-6026;14726;13184
16;L3_hidden_target;Stopped;1861443;-4969;-6026;14726;13184
16;L3_hidden_target;Stopped;1861457;-4969;-6026;14726;13184
16;L3_hidden_target;Stopped;1861470;-4969;-6026;14726;13184
16;L3_hidden_target;Stopped;1861497;-4969;-6026;14726;13184
16;L3_hidden_target;Stopped;1861510;-4969;-6026;14726;13184
16;L3_hidden_target;Stopped;1861523;-4969;-6026;14726;13184
16;L3_hidden_target;Stopped;1861537;-4969;-6026;14726;13184
16;L3_hidden_target;Stopped;1861550;-4969;-6026;14726;13184
16;L3_hidden_target;Stopped;1861563;-4969;-6026;14726;13184
16;L3_hidden_target;Stopped;1861577;-4969;-6026;14726;13184
16;L3_hidden_target;Stopped;1861590;-4969;-6026;14726;13184
16;L3_hidden_target;Stopped;1861603;-4969;-6026;14726;13184
16;L3_hidden_target;Stopped;1861617;-4969;-6026;14726;13184
16;L3_hidden_target;Stopped;1861630;-4969;-6026;14726;13184
16;L3_hidden_target;Stopped;1861643;-4969;-6026;14726;13184
16;L3_hidden_target;End;1876399;-4969;-6026;14726;13184
16;L3_hidden_target;Begin;1876399;-4969;-6026;14726;13184
