1;M3_cued_target;Stopped;90680;-4589;-5329;15435;12562
1;M3_cued_target;Stopped;90694;-4589;-5329;15435;12562
1;M3_cued_target;Stopped;90707;-4589;-5329;15435;12562
1;M3_cued_target;Stopped;90720;-4589;-5329;15435;12562
1;M3_cued_target;Stopped;90733;-4589;-5329;15435;12562
1;M3_cued_target;Stopped;90747;-4589;-5329;15435;12562
1;M3_cued_target;Stopped;90760;-4589;-5329;15435;12562
1;M3_cued_target;Stopped;90773;-4589;-5329;15435;12562
1;M3_cued_target;Stopped;90787;-4589;-5329;15435;12562
1;M3_cued_target;Stopped;90800;-4589;-5329;15435;12562
1;M3_cued_target;Stopped;90813;-4589;-5329;15435;12562
1;M3_cued_target;Stopped;90827;-4589;-5329;15435;12562
1;M3_cued_target;Stopped;90840;-4589;-5329;15435;12562
1;M3_cued_target;Stopped;90853;-4589;-5329;15435;12562
1;M3_cued_target;Stopped;90867;-4589;-5329;15435;12562
1;M3_cued_target;Stopped;90880;-4589;-5329;15435;12562
1;M3_cued_target;Stopped;90893;-4589;-5329;15435;12562
1;M3_cued_target;End;100823;-4589;-5329;15435;12562
2;L2_hidden_target;Begin;100823;7000;-7000;0;0
2;L2_hidden_target;Stopped;157311;-4968;-6154;32579;11997
2;L2_hidden_target;Stopped;157324;-4968;-6154;32579;11997
2;L2_hidden_target;Stopped;157338;-4968;-6154;32579;11997
2;L2_hidden_target;Stopped;157351;-4968;-6154;32579;11997
2;L2_hidden_target;Stopped;157364;-4968;-6154;32579;11997
2;L2_hidden_target;Stopped;157377;-4968;-6154;32579;11997
2;L2_hidden_target;Stopped;157391;-4968;-6154;32579;11997
2;L2_hidden_target;Stopped;157404;-4968;-6154;32579;11997
2;L2_hidden_target;Stopped;157417;-4968;-6154;32579;11997
2;L2_hidden_target;Stopped;157431;-4968;-6154;32579;11997
2;L2_hidden_target;Stopped;157444;-4968;-6154;32579;11997
2;L2_hidden_target;Stopped;157457;-4968;-6154;32579;11997
2;L2_hidden_target;Stopped;157471;-4968;-6154;32579;11997
2;L2_hidden_target;Stopped;157484;-4968;-6154;32579;11997
2;L2_hidden_target;Stopped;157497;-4968;-6154;32579;11997
2;L2_hidden_target;End;172331;-4968;-6154;32579;11997
3;M1_cued_target;Begin;172331;7000;7000;0;0
3;M1_cued_target;Stopped;291794;-3662;-5563;26448;16478
3;M1_cued_target;Stopped;291807;-3662;-5563;26448;16478
3;M1_cued_target;Stopped;291821;-3662;-5563;26448;16478
3;M1_cued_target;Stopped;291834;-3662;-5563;26448;16478
3;M1_cued_target;Stopped;291847;-3662;-5563;26448;16478
3;M1_cued_target;Stopped;291861;-3662;-5563;26448;16478
3;M1_cued_target;Stopped;291874;-3662;-5563;26448;16478
3;M1_cued_target;Stopped;291887;-3662;-5563;26448;16478
3;M1_cued_target;Stopped;291900;-3662;-5563;26448;16478
3;M1_cued_target;Stopped;291914;-3662;-5563;26448;16478
3;M1_cued_target;Stopped;291927;-3662;-5563;26448;16478
3;M1_cued_target;Stopped;291940;-3662;-5563;26448;16478
3;M1_cued_target;Stopped;291954;-3662;-5563;26448;16478
3;M1_cued_target;Stopped;291967;-3662;-5563;26448;16478
3;M1_cued_target;Stopped;291980;-3662;-5563;26448;16478
3;M1_cued_target;End;306816;-3662;-5563;26448;16478
4;L2_hidden_target;Begin;306816;7000;-7000;0;0
4;L2_hidden_target;Stopped;401781;-3682;-6312;55802;10705
4;L2_hidden_target;Stopped;401795;-3682;-6312;55802;10705
4;L2_hidden_target;Stopped;401808;-3682;-6312;55802;10705
4;L2_hidden_target;Stopped;401822;-3682;-6312;55802;10705
4;L2_hidden_target;Stopped;401835;-3682;-6312;55802;10705
4;L2_hidden_target;Stopped;401848;-3682;-6312;55802;10705
4;L2_hidden_target;Stopped;401862;-3682;-6312;55802;10705
4;L2_hidden_target;Stopped;401875;-3682;-6312;55802;10705
4;L2_hidden_target;Stopped;401888;-3682;-6312;55802;10705
4;L2_hidden_target;Stopped;401902;-3682;-6312;55802;10705
4;L2_hidden_target;Stopped;401915;-3682;-6312;55802;10705
4;L2_hidden_target;Stopped;401928;-3682;-6312;55802;10705
4;L2_hidden_target;Stopped;401942;-3682;-6312;55802;10705
4;L2_hidden_target;Stopped;401955;-3682;-6312;55802;10705
4;L2_hidden_target;Stopped;401968;-3682;-6312;55802;10705
4;L2_hidden_target;Stopped;401984;-3682;-6312;55802;10705
4;L2_hidden_target;Stopped;401997;-3682;-6312;55802;10705
4;L2_hidden_target;Stopped;402010;-3682;-6312;55802;10705
4;L2_hidden_target;Stopped;402023;-3682;-6312;55802;10705
4;L2_hidden_target;Stopped;402036;-3682;-6312;55802;10705
4;L2_hidden_target;Stopped;402054;-3682;-6312;55802;10705
4;L2_hidden_target;End;416804;-3682;-6312;55802;10705
5;M2_cued_target;Begin;416804;7000;-7000;0;0
5;M2_cued_target;Stopped;474128;-3543;-6154;10714;10577
5;M2_cued_target;Stopped;474143;-3543;-6154;10714;10577
5;M2_cued_target;Stopped;474155;-3543;-6154;10714;10577
5;M2_cued_target;Stopped;474169;-3543;-6154;10714;10577
5;M2_cued_target;Stopped;474187;-3543;-6154;10714;10577
5;M2_cued_target;Stopped;474199;-3543;-6154;10714;10577
5;M2_cued_target;Stopped;474212;-3543;-6154;10714;10577
5;M2_cued_target;Stopped;474223;-3543;-6154;10714;10577
5;M2_cued_target;Stopped;474236;-3543;-6154;10714;10577
5;M2_cued_target;Stopped;474249;-3543;-6154;10714;10577
5;M2_cued_target;Stopped;474263;-3543;-6154;10714;10577
5;M2_cued_target;Stopped;474276;-3543;-6154;10714;10577
5;M2_cued_target;Stopped;474289;-3543;-6154;10714;10577
5;M2_cued_target;Stopped;474303;-3543;-6154;10714;10577
5;M2_cued_target;Stopped;474316;-3543;-6154;10714;10577
5;M2_cued_target;Stopped;474329;-3543;-6154;10714;10577
5;M2_cued_target;Stopped;474343;-3543;-6154;10714;10577
5;M2_cued_target;Stopped;474356;-3543;-6154;10714;10577
5;M2_cued_target;Stopped;474369;-3543;-6154;10714;10577
5;M2_cued_target;End;489150;-3543;-6154;10714;10577
6;L2_hidden_target;Begin;489150;7000;-7000;0;0
6;L2_hidden_target;Stopped;512528;-4238;-6798;11712;11240
6;L2_hidden_target;Stopped;512542;-4238;-6798;11712;11240
6;L2_hidden_target;Stopped;512555;-4238;-6798;11712;11240
6;L2_hidden_target;Stopped;512568;-4238;-6798;11712;11240
6;L2_hidden_target;Stopped;512582;-4238;-6798;11712;11240
6;L2_hidden_target;Stopped;512595;-4238;-6798;11712;11240
6;L2_hidden_target;Stopped;512608;-4238;-6798;11712;11240
6;L2_hidden_target;Stopped;512622;-4238;-6798;11712;11240
6;L2_hidden_target;Stopped;512635;-4238;-6798;11712;11240
6;L2_hidden_target;End;527555;-4238;-6798;11712;11240
7;M1_cued_target;Begin;527555;7000;7000;0;0
7;M1_cued_target;Stopped;658928;-4047;-5419;26873;16622
7;M1_cued_target;Stopped;658942;-4047;-5419;26873;16622
7;M1_cued_target;Stopped;658955;-4047;-5419;26873;16622
7;M1_cued_target;Stopped;658968;-4047;-5419;26873;16622
7;M1_cued_target;Stopped;658982;-4047;-5419;26873;16622
7;M1_cued_target;Stopped;658995;-4047;-5419;26873;16622
7;M1_cued_target;Stopped;659009;-4047;-5419;26873;16622
7;M1_cued_target;Stopped;659022;-4047;-5419;26873;16622
7;M1_cued_target;Stopped;659035;-4047;-5419;26873;16622
7;M1_cued_target;Stopped;659048;-4047;-5419;26873;16622
7;M1_cued_target;Stopped;659062;-4047;-5419;26873;16622
7;M1_cued_target;Stopped;659075;-4047;-5419;26873;16622
7;M1_cued_target;Stopped;659088;-4047;-5419;26873;16622
7;M1_cued_target;Stopped;659102;-4047;-5419;26873;16622
7;M1_cued_target;Stopped;659115;-4047;-5419;26873;16622
7;M1_cued_target;Stopped;659128;-4047;-5419;26873;16622
7;M1_cued_target;Stopped;659142;-4047;-5419;26873;16622
7;M1_cued_target;Stopped;659155;-4047;-5419;26873;16622
7;M1_cued_target;End;673951;-4047;-5419;26873;16622
8;L2_hidden_target;Begin;673951;7000;-7000;0;0
8;L2_hidden_target;Stopped;692532;-3681;-5849;10734;10742
8;L2_hidden_target;Stopped;692545;-3681;-5849;10734;10742
8;L2_hidden_target;Stopped;692558;-3681;-5849;10734;10742
8;L2_hidden_target;Stopped;692570;-3681;-5849;10734;10742
8;L2_hidden_target;Stopped;692584;-3681;-5849;10734;10742
8;L2_hidden_target;Stopped;692597;-3681;-5849;10734;10742
8;L2_hidden_target;Stopped;692610;-3681;-5849;10734;10742
8;L2_hidden_target;Stopped;692624;-3681;-5849;10734;10742
8;L2_hidden_target;Stopped;692637;-3681;-5849;10734;10742
8;L2_hidden_target;Stopped;692650;-3681;-5849;10734;10742
8;L2_hidden_target;Stopped;692664;-3681;-5849;10734;10742
8;L2_hidden_target;Stopped;692677;-3681;-5849;10734;10742
8;L2_hidden_target;Stopped;692690;-3681;-5849;10734;10742
8;L2_hidden_target;Stopped;692704;-3681;-5849;10734;10742
8;L2_hidden_target;Stopped;692717;-3681;-5849;10734;10742
8;L2_hidden_target;End;707557;-3681;-5849;10734;10742
9;M3_cued_target;Begin;707557;-7000;7000;0;0
9;M3_cued_target;Stopped;764916;-4499;-5324;12265;12575
9;M3_cued_target;Stopped;764930;-4499;-5324;12265;12575
9;M3_cued_target;Stopped;764943;-4499;-5324;12265;12575
9;M3_cued_target;Stopped;764957;-4499;-5324;12265;12575
9;M3_cued_target;Stopped;764970;-4499;-5324;12265;12575
9;M3_cued_target;Stopped;764983;-4499;-5324;12265;12575
9;M3_cued_target;Stopped;764997;-4499;-5324;12265;12575
9;M3_cued_target;Stopped;765010;-4499;-5324;12265;12575
9;M3_cued_target;Stopped;765023;-4499;-5324;12265;12575
9;M3_cued_target;Stopped;765038;-4499;-5324;12265;12575
9;M3_cued_target;Stopped;765054;-4499;-5324;12265;12575
9;M3_cued_target;Stopped;765066;-4499;-5324;12265;12575
9;M3_cued_target;Stopped;765077;-4499;-5324;12265;12575
9;M3_cued_target;Stopped;765090;-4499;-5324;12265;12575
9;M3_cued_target;Stopped;765103;-4499;-5324;12265;12575
9;M3_cued_target;Stopped;765117;-4499;-5324;12265;12575
9;M3_cued_target;Stopped;765130;-4499;-5324;12265;12575
9;M3_cued_target;Stopped;765143;-4499;-5324;12265;12575
9;M3_cued_target;Stopped;765157;-4499;-5324;12265;12575
9;M3_cued_target;Stopped;765170;-4499;-5324;12265;12575
9;M3_cued_target;Stopped;765183;-4499;-5324;12265;12575
9;M3_cued_target;Stopped;765197;-4499;-5324;12265;12575
9;M3_cued_target;Stopped;765210;-4499;-5324;12265;12575
9;M3_cued_target;Stopped;765223;-4499;-5324;12265;12575
9;M3_cued_target;Stopped;765236;-4499;-5324;12265;12575
9;M3_cued_target;Stopped;765250;-4499;-5324;12265;12575
9;M3_cued_target;End;779938;-4499;-5324;12265;12575
10;L2_hidden_target;Begin;779938;7000;-7000;0;0
10;L2_hidden_target;Stopped;798639;-3659;-6242;11051;10686
10;L2_hidden_target;Stopped;798653;-3659;-6242;11051;10686
10;L2_hidden_target;Stopped;798666;-3659;-6242;11051;10686
10;L2_hidden_target;Stopped;798679;-3659;-6242;11051;10686
10;L2_hidden_target;Stopped;798693;-3659;-6242;11051;10686
10;L2_hidden_target;Stopped;798706;-3659;-6242;11051;10686
10;L2_hidden_target;Stopped;798719;-3659;-6242;11051;10686
10;L2_hidden_target;Stopped;798733;-3659;-6242;11051;10686
10;L2_hidden_target;Stopped;798750;-3659;-6242;11051;10686
10;L2_hidden_target;Stopped;798760;-3659;-6242;11051;10686
10;L2_hidden_target;Stopped;798773;-3659;-6242;11051;10686
10;L2_hidden_target;Stopped;798786;-3659;-6242;11051;10686
10;L2_hidden_target;Stopped;798799;-3659;-6242;11051;10686
10;L2_hidden_target;Stopped;798813;-3659;-6242;11051;10686
10;L2_hidden_target;Stopped;798826;-3659;-6242;11051;10686
10;L2_hidden_target;End;813665;-3659;-6242;11051;10686
11;M2_cued_target;Begin;813665;7000;-7000;0;0
11;M2_cued_target;Stopped;859750;-3537;-6303;9697;10560
11;M2_cued_target;Stopped;859763;-3537;-6303;9697;10560
11;M2_cued_target;Stopped;859776;-3537;-6303;9697;10560
11;M2_cued_target;Stopped;859794;-3537;-6303;9697;10560
11;M2_cued_target;Stopped;859806;-3537;-6303;9697;10560
11;M2_cued_target;Stopped;859818;-3537;-6303;9697;10560
11;M2_cued_target;Stopped;859831;-3537;-6303;9697;10560
11;M2_cued_target;Stopped;859843;-3537;-6303;9697;10560
11;M2_cued_target;Stopped;859857;-3537;-6303;9697;10560
11;M2_cued_target;Stopped;859870;-3537;-6303;9697;10560
11;M2_cued_target;Stopped;859883;-3537;-6303;9697;10560
11;M2_cued_target;Stopped;859897;-3537;-6303;9697;10560
11;M2_cued_target;Stopped;859910;-3537;-6303;9697;10560
11;M2_cued_target;Stopped;859923;-3537;-6303;9697;10560
11;M2_cued_target;Stopped;859937;-3537;-6303;9697;10560
11;M2_cued_target;Stopped;859950;-3537;-6303;9697;10560
11;M2_cued_target;End;874771;-3537;-6303;9697;10560
12;L2_hidden_target;Begin;874771;7000;-7000;0;0
12;L2_hidden_target;Stopped;893630;-3912;-6695;11323;10916
12;L2_hidden_target;Stopped;893643;-3912;-6695;11323;10916
12;L2_hidden_target;Stopped;893657;-3912;-6695;11323;10916
12;L2_hidden_target;Stopped;893670;-3912;-6695;11323;10916
12;L2_hidden_target;Stopped;893683;-3912;-6695;11323;10916
12;L2_hidden_target;Stopped;893697;-3912;-6695;11323;10916
12;L2_hidden_target;Stopped;893710;-3912;-6695;11323;10916
12;L2_hidden_target;Stopped;893723;-3912;-6695;11323;10916
12;L2_hidden_target;Stopped;893737;-3912;-6695;11323;10916
12;L2_hidden_target;Stopped;893750;-3912;-6695;11323;10916
12;L2_hidden_target;Stopped;893763;-3912;-6695;11323;10916
12;L2_hidden_target;Stopped;893777;-3912;-6695;11323;10916
12;L2_hidden_target;Stopped;893790;-3912;-6695;11323;10916
12;L2_hidden_target;Stopped;893803;-3912;-6695;11323;10916
12;L2_hidden_target;Stopped;893817;-3912;-6695;11323;10916
12;L2_hidden_target;Stopped;893830;-3912;-6695;11323;10916
12;L2_hidden_target;Stopped;893843;-3912;-6695;11323;10916
12;L2_hidden_target;Stopped;893856;-3912;-6695;11323;10916
12;L2_hidden_target;End;908652;-3912;-6695;11323;10916
13;M3_cued_target;Begin;908652;-7000;6999;0;0
13;M3_cued_target;Stopped;1000235;-4484;-5398;19408;12650
13;M3_cued_target;Stopped;1000248;-4484;-5398;19408;12650
13;M3_cued_target;Stopped;1000261;-4484;-5398;19408;12650
13;M3_cued_target;Stopped;1000272;-4484;-5398;19408;12650
13;M3_cued_target;Stopped;1000285;-4484;-5398;19408;12650
13;M3_cued_target;Stopped;1000298;-4484;-5398;19408;12650
13;M3_cued_target;Stopped;1000312;-4484;-5398;19408;12650
13;M3_cued_target;Stopped;1000325;-4484;-5398;19408;12650
13;M3_cued_target;Stopped;1000338;-4484;-5398;19408;12650
13;M3_cued_target;Stopped;1000352;-4484;-5398;19408;12650
13;M3_cued_target;Stopped;1000365;-4484;-5398;19408;12650
13;M3_cued_target;Stopped;1000378;-4484;-5398;19408;12650
13;M3_cued_target;Stopped;1000392;-4484;-5398;19408;12650
13;M3_cued_target;Stopped;1000405;-4484;-5398;19408;12650
13;M3_cued_target;Stopped;1000418;-4484;-5398;19408;12650
13;M3_cued_target;Stopped;1000432;-4484;-5398;19408;12650
13;M3_cued_target;End;1015253;-4484;-5398;19408;12650
14;L2_hidden_target;Begin;1015253;7000;-7000;0;0
14;L2_hidden_target;Stopped;1033514;-3678;-6543;10780;10688
14;L2_hidden_target;Stopped;1033527;-3678;-6543;10780;10688
14;L2_hidden_target;Stopped;1033541;-3678;-6543;10780;10688
14;L2_hidden_target;Stopped;1033554;-3678;-6543;10780;10688
14;L2_hidden_target;Stopped;1033572;-3678;-6543;10780;10688
14;L2_hidden_target;Stopped;1033584;-3678;-6543;10780;10688
14;L2_hidden_target;Stopped;1033596;-3678;-6543;10780;10688
14;L2_hidden_target;Stopped;1033607;-3678;-6543;10780;10688
14;L2_hidden_target;Stopped;1033620;-3678;-6543;10780;10688
14;L2_hidden_target;Stopped;1033633;-3678;-6543;10780;10688
14;L2_hidden_target;Stopped;1033647;-3678;-6543;10780;10688
14;L2_hidden_target;Stopped;1033660;-3678;-6543;10780;10688
14;L2_hidden_target;Stopped;1033673;-3678;-6543;10780;10688
14;L2_hidden_target;Stopped;1033687;-3678;-6543;10780;10688
14;L2_hidden_target;Stopped;1033700;-3678;-6543;10780;10688
14;L2_hidden_target;Stopped;1033713;-3678;-6543;10780;10688
14;L2_hidden_target;Stopped;1033726;-3678;-6543;10780;10688
14;L2_hidden_target;Stopped;1033740;-3678;-6543;10780;10688
14;L2_hidden_target;Stopped;1033753;-3678;-6543;10780;10688
14;L2_hidden_target;Stopped;1033767;-3678;-6543;10780;10688
14;L2_hidden_target;End;1048534;-3678;-6543;10780;10688
15;M1_cued_target;Begin;1048534;7000;7000;0;0
15;M1_cued_target;Stopped;1257206;-4008;-5422;43336;16598
15;M1_cued_target;Stopped;1257218;-4008;-5422;43336;16598
15;M1_cued_target;Stopped;1257232;-4008;-5422;43336;16598
15;M1_cued_target;Stopped;1257245;-4008;-5422;43336;16598
15;M1_cued_target;Stopped;1257258;-4008;-5422;43336;16598
15;M1_cued_target;Stopped;1257272;-4008;-5422;43336;16598
15;M1_cued_target;Stopped;1257285;-4008;-5422;43336;16598
15;M1_cued_target;Stopped;1257299;-4008;-5422;43336;16598
15;M1_cued_target;Stopped;1257312;-4008;-5422;43336;16598
15;M1_cued_target;Stopped;1257329;-4008;-5422;43336;16598
15;M1_cued_target;Stopped;1257343;-4008;-5422;43336;16598
15;M1_cued_target;Stopped;1257356;-4008;-5422;43336;16598
15;M1_cued_target;Stopped;1257366;-4008;-5422;43336;16598
15;M1_cued_target;Stopped;1257379;-4008;-5422;43336;16598
15;M1_cued_target;Stopped;1257392;-4008;-5422;43336;16598
15;M1_cued_target;End;1272227;-4008;-5422;43336;16598
16;L2_hidden_target;Begin;1272227;7000;-7000;0;0
16;L2_hidden_target;Stopped;1290821;-3683;-5930;10980;10736
16;L2_hidden_target;Stopped;1290834;-3683;-5930;10980;10736
16;L2_hidden_target;Stopped;1290848;-3683;-5930;10980;10736
16;L2_hidden_target;Stopped;1290861;-3683;-5930;10980;10736
16;L2_hidden_target;Stopped;1290874;-3683;-5930;10980;10736
16;L2_hidden_target;Stopped;1290888;-3683;-5930;10980;10736
16;L2_hidden_target;Stopped;1290901;-3683;-5930;10980;10736
16;L2_hidden_target;Stopped;1290915;-3683;-5930;10980;10736
16;L2_hidden_target;Stopped;1290928;-3683;-5930;10980;10736
16;L2_hidden_target;Stopped;1290941;-3683;-5930;10980;10736
16;L2_hidden_target;Stopped;1290954;-3683;-5930;10980;10736
16;L2_hidden_target;Stopped;1290968;-3683;-5930;10980;10736
16;L2_hidden_target;Stopped;1290981;-3683;-5930;10980;10736
16;L2_hidden_target;Stopped;1290994;-3683;-5930;10980;10736
16;L2_hidden_target;Stopped;1291008;-3683;-5930;10980;10736
16;L2_hidden_target;Stopped;1291021;-3683;-5930;10980;10736
16;L2_hidden_target;Stopped;1291034;-3683;-5930;10980;10736
16;L2_hidden_target;End;1305843;-3683;-5930;10980;10736
16;L2_hidden_target;Begin;1305843;-3683;-5930;10980;10736
16;L2_hidden_target;Stopped;1310108;-3683;-5930;10980;10736
16;L2_hidden_target;Stopped;1310125;-3683;-5930;10980;10736
16;L2_hidden_target;Stopped;1310139;-3683;-5930;10980;10736
16;L2_hidden_target;Stopped;1310152;-3683;-5930;10980;10736
16;L2_hidden_target;Stopped;1310164;-3683;-5930;10980;10736
16;L2_hidden_target;Stopped;1310175;-3683;-5930;10980;10736
16;L2_hidden_target;Stopped;1310189;-3683;-5930;10980;10736
16;L2_hidden_target;Stopped;1310201;-3683;-5930;10980;10736
16;L2_hidden_target;Stopped;1310215;-3683;-5930;10980;10736
16;L2_hidden_target;Stopped;1310229;-3683;-5930;10980;10736
16;L2_hidden_target;Stopped;1310241;-3683;-5930;10980;10736
16;L2_hidden_target;Stopped;1310254;-3683;-5930;10980;10736
16;L2_hidden_target;Stopped;1310273;-3683;-5930;10980;10736
16;L2_hidden_target;Stopped;1310286;-3683;-5930;10980;10736
16;L2_hidden_target;End;1320864;-3683;-5930;10980;10736
16;L2_hidden_target;Begin;1320864;-3683;-5930;10980;10736
