1;M3_cued_target;Stopped;234216;-4467;-5418;46993;12674
1;M3_cued_target;Stopped;234229;-4467;-5418;46993;12674
1;M3_cued_target;Stopped;234243;-4467;-5418;46993;12674
1;M3_cued_target;Stopped;234256;-4467;-5418;46993;12674
1;M3_cued_target;Stopped;234269;-4467;-5418;46993;12674
1;M3_cued_target;Stopped;234282;-4467;-5418;46993;12674
1;M3_cued_target;Stopped;234296;-4467;-5418;46993;12674
1;M3_cued_target;Stopped;234309;-4467;-5418;46993;12674
1;M3_cued_target;Stopped;234322;-4467;-5418;46993;12674
1;M3_cued_target;Stopped;234336;-4467;-5418;46993;12674
1;M3_cued_target;Stopped;234349;-4467;-5418;46993;12674
1;M3_cued_target;Stopped;234362;-4467;-5418;46993;12674
1;M3_cued_target;Stopped;234376;-4467;-5418;46993;12674
1;M3_cued_target;Stopped;234389;-4467;-5418;46993;12674
1;M3_cued_target;Stopped;234402;-4467;-5418;46993;12674
1;M3_cued_target;Stopped;234416;-4467;-5418;46993;12674
1;M3_cued_target;Stopped;234429;-4467;-5418;46993;12674
1;M3_cued_target;Stopped;234442;-4467;-5418;46993;12674
1;M3_cued_target;Stopped;234456;-4467;-5418;46993;12674
1;M3_cued_target;Stopped;234469;-4467;-5418;46993;12674
1;M3_cued_target;Stopped;234482;-4467;-5418;46993;12674
1;M3_cued_target;Stopped;234496;-4467;-5418;46993;12674
1;M3_cued_target;End;249238;-4467;-5418;46993;12674
2;L2_hidden_target;Begin;249238;7000;-7000;0;0
2;L2_hidden_target;Stopped;403047;-4272;-5419;91236;11382
2;L2_hidden_target;Stopped;403060;-4272;-5419;91236;11382
2;L2_hidden_target;Stopped;403074;-4272;-5419;91236;11382
2;L2_hidden_target;Stopped;403087;-4272;-5419;91236;11382
2;L2_hidden_target;Stopped;403101;-4272;-5419;91236;11382
2;L2_hidden_target;Stopped;403115;-4272;-5419;91236;11382
2;L2_hidden_target;Stopped;403128;-4272;-5419;91236;11382
2;L2_hidden_target;Stopped;403141;-4272;-5419;91236;11382
2;L2_hidden_target;Stopped;403154;-4272;-5419;91236;11382
2;L2_hidden_target;Stopped;403168;-4272;-5419;91236;11382
2;L2_hidden_target;Stopped;403181;-4272;-5419;91236;11382
2;L2_hidden_target;Stopped;403195;-4272;-5419;91236;11382
2;L2_hidden_target;Stopped;403208;-4272;-5419;91236;11382
2;L2_hidden_target;Stopped;403221;-4272;-5419;91236;11382
2;L2_hidden_target;Stopped;403234;-4272;-5419;91236;11382
2;L2_hidden_target;Stopped;403248;-4272;-5419;91236;11382
2;L2_hidden_target;Stopped;403261;-4272;-5419;91236;11382
2;L2_hidden_target;Stopped;403274;-4272;-5419;91236;11382
2;L2_hidden_target;Stopped;403288;-4272;-5419;91236;11382
2;L2_hidden_target;Stopped;403301;-4272;-5419;91236;11382
2;L2_hidden_target;Stopped;403314;-4272;-5419;91236;11382
2;L2_hidden_target;Stopped;403328;-4272;-5419;91236;11382
2;L2_hidden_target;Stopped;403341;-4272;-5419;91236;11382
2;L2_hidden_target;Stopped;403354;-4272;-5419;91236;11382
2;L2_hidden_target;Stopped;403368;-4272;-5419;91236;11382
2;L2_hidden_target;Stopped;403386;-4272;-5419;91236;11382
2;L2_hidden_target;Stopped;403399;-4272;-5419;91236;11382
2;L2_hidden_target;Stopped;403408;-4272;-5419;91236;11382
2;L2_hidden_target;End;418069;-4272;-5419;91236;11382
3;M1_cued_target;Begin;418069;7000;7000;0;0
3;M1_cued_target;Stopped;514485;-3683;-6051;20004;16866
3;M1_cued_target;Stopped;514499;-3683;-6051;20004;16866
3;M1_cued_target;Stopped;514525;-3683;-6051;20004;16866
3;M1_cued_target;Stopped;514539;-3683;-6051;20004;16866
3;M1_cued_target;Stopped;514552;-3683;-6051;20004;16866
3;M1_cued_target;Stopped;514568;-3683;-6051;20004;16866
3;M1_cued_target;Stopped;514582;-3683;-6051;20004;16866
3;M1_cued_target;Stopped;514596;-3683;-6051;20004;16866
3;M1_cued_target;Stopped;514609;-3683;-6051;20004;16866
3;M1_cued_target;Stopped;514619;-3683;-6051;20004;16866
3;M1_cued_target;Stopped;514632;-3683;-6051;20004;16866
3;M1_cued_target;Stopped;514646;-3683;-6051;20004;16866
3;M1_cued_target;Stopped;514659;-3683;-6051;20004;16866
3;M1_cued_target;Stopped;514672;-3683;-6051;20004;16866
3;M1_cued_target;Stopped;514686;-3683;-6051;20004;16866
3;M1_cued_target;Stopped;514699;-3683;-6051;20004;16866
3;M1_cued_target;Stopped;514713;-3683;-6051;20004;16866
3;M1_cued_target;Stopped;514726;-3683;-6051;20004;16866
3;M1_cued_target;Stopped;514739;-3683;-6051;20004;16866
3;M1_cued_target;End;529507;-3683;-6051;20004;16866
4;L2_hidden_target;Begin;529507;7000;-7000;0;0
4;L2_hidden_target;Stopped;575131;-3682;-5938;14181;10734
4;L2_hidden_target;Stopped;575145;-3682;-5938;14181;10734
4;L2_hidden_target;Stopped;575158;-3682;-5938;14181;10734
4;L2_hidden_target;Stopped;575172;-3682;-5938;14181;10734
4;L2_hidden_target;Stopped;575185;-3682;-5938;14181;10734
4;L2_hidden_target;Stopped;575198;-3682;-5938;14181;10734
4;L2_hidden_target;Stopped;575212;-3682;-5938;14181;10734
4;L2_hidden_target;Stopped;575225;-3682;-5938;14181;10734
4;L2_hidden_target;Stopped;575238;-3682;-5938;14181;10734
4;L2_hidden_target;Stopped;575252;-3682;-5938;14181;10734
4;L2_hidden_target;Stopped;575265;-3682;-5938;14181;10734
4;L2_hidden_target;Stopped;575278;-3682;-5938;14181;10734
4;L2_hidden_target;Stopped;575292;-3682;-5938;14181;10734
4;L2_hidden_target;Stopped;575305;-3682;-5938;14181;10734
4;L2_hidden_target;Stopped;575318;-3682;-5938;14181;10734
4;L2_hidden_target;Stopped;575332;-3682;-5938;14181;10734
4;L2_hidden_target;Stopped;575345;-3682;-5938;14181;10734
4;L2_hidden_target;Stopped;575358;-3682;-5938;14181;10734
4;L2_hidden_target;Stopped;575372;-3682;-5938;14181;10734
4;L2_hidden_target;Stopped;575385;-3682;-5938;14181;10734
4;L2_hidden_target;Stopped;575398;-3682;-5938;14181;10734
4;L2_hidden_target;Stopped;575411;-3682;-5938;14181;10734
4;L2_hidden_target;Stopped;575425;-3682;-5938;14181;10734
4;L2_hidden_target;Stopped;575438;-3682;-5938;14181;10734
4;L2_hidden_target;Stopped;575452;-3682;-5938;14181;10734
4;L2_hidden_target;Stopped;575465;-3682;-5938;14181;10734
4;L2_hidden_target;Stopped;575478;-3682;-5938;14181;10734
4;L2_hidden_target;Stopped;575492;-3682;-5938;14181;10734
4;L2_hidden_target;End;590152;-3682;-5938;14181;10734
5;M2_cued_target;Begin;590152;7000;-7000;0;0
5;M2_cued_target;Stopped;639973;-3682;-6052;9878;10724
5;M2_cued_target;Stopped;639986;-3682;-6052;9878;10724
5;M2_cued_target;Stopped;640000;-3682;-6052;9878;10724
5;M2_cued_target;Stopped;640013;-3682;-6052;9878;10724
5;M2_cued_target;Stopped;640026;-3682;-6052;9878;10724
5;M2_cued_target;Stopped;640039;-3682;-6052;9878;10724
5;M2_cued_target;Stopped;640053;-3682;-6052;9878;10724
5;M2_cued_target;Stopped;640069;-3682;-6052;9878;10724
5;M2_cued_target;Stopped;640084;-3682;-6052;9878;10724
5;M2_cued_target;Stopped;640097;-3682;-6052;9878;10724
5;M2_cued_target;Stopped;640106;-3682;-6052;9878;10724
5;M2_cued_target;Stopped;640120;-3682;-6052;9878;10724
5;M2_cued_target;Stopped;640133;-3682;-6052;9878;10724
5;M2_cued_target;Stopped;640146;-3682;-6052;9878;10724
5;M2_cued_target;Stopped;640163;-3682;-6052;9878;10724
5;M2_cued_target;Stopped;640177;-3682;-6052;9878;10724
5;M2_cued_target;Stopped;640190;-3682;-6052;9878;10724
5;M2_cued_target;Stopped;640200;-3682;-6052;9878;10724
5;M2_cued_target;Stopped;640213;-3682;-6052;9878;10724
5;M2_cued_target;Stopped;640226;-3682;-6052;9878;10724
5;M2_cued_target;End;654994;-3682;-6052;9878;10724
6;L2_hidden_target;Begin;654994;7000;-7000;0;0
6;L2_hidden_target;Stopped;695860;-4296;-5419;20533;11406
6;L2_hidden_target;Stopped;695874;-4296;-5419;20533;11406
6;L2_hidden_target;Stopped;695891;-4296;-5419;20533;11406
6;L2_hidden_target;Stopped;695903;-4296;-5419;20533;11406
6;L2_hidden_target;Stopped;695913;-4296;-5419;20533;11406
6;L2_hidden_target;Stopped;695927;-4296;-5419;20533;11406
6;L2_hidden_target;Stopped;695944;-4296;-5419;20533;11406
6;L2_hidden_target;Stopped;695958;-4296;-5419;20533;11406
6;L2_hidden_target;Stopped;695967;-4296;-5419;20533;11406
6;L2_hidden_target;Stopped;695980;-4296;-5419;20533;11406
6;L2_hidden_target;Stopped;695993;-4296;-5419;20533;11406
6;L2_hidden_target;Stopped;696007;-4296;-5419;20533;11406
6;L2_hidden_target;Stopped;696020;-4296;-5419;20533;11406
6;L2_hidden_target;Stopped;696033;-4296;-5419;20533;11406
6;L2_hidden_target;Stopped;696047;-4296;-5419;20533;11406
6;L2_hidden_target;Stopped;696060;-4296;-5419;20533;11406
6;L2_hidden_target;Stopped;696073;-4296;-5419;20533;11406
6;L2_hidden_target;End;710881;-4296;-5419;20533;11406
7;M1_cued_target;Begin;710881;7000;7000;0;0
7;M1_cued_target;Stopped;798461;-3680;-5791;17693;16663
7;M1_cued_target;Stopped;798475;-3680;-5791;17693;16663
7;M1_cued_target;Stopped;798488;-3680;-5791;17693;16663
7;M1_cued_target;Stopped;798514;-3680;-5791;17693;16663
7;M1_cued_target;Stopped;798528;-3680;-5791;17693;16663
7;M1_cued_target;Stopped;798541;-3680;-5791;17693;16663
7;M1_cued_target;Stopped;798554;-3680;-5791;17693;16663
7;M1_cued_target;Stopped;798568;-3680;-5791;17693;16663
7;M1_cued_target;Stopped;798581;-3680;-5791;17693;16663
7;M1_cued_target;Stopped;798594;-3680;-5791;17693;16663
7;M1_cued_target;Stopped;798608;-3680;-5791;17693;16663
7;M1_cued_target;Stopped;798621;-3680;-5791;17693;16663
7;M1_cued_target;Stopped;798635;-3680;-5791;17693;16663
7;M1_cued_target;Stopped;798652;-3680;-5791;17693;16663
7;M1_cued_target;End;813483;-3680;-5791;17693;16663
8;L2_hidden_target;Begin;813483;7000;-7000;0;0
8;L2_hidden_target;Stopped;834248;-3690;-6682;10633;10695
8;L2_hidden_target;Stopped;834262;-3690;-6682;10633;10695
8;L2_hidden_target;Stopped;834275;-3690;-6682;10633;10695
8;L2_hidden_target;Stopped;834288;-3690;-6682;10633;10695
8;L2_hidden_target;Stopped;834302;-3690;-6682;10633;10695
8;L2_hidden_target;Stopped;834315;-3690;-6682;10633;10695
8;L2_hidden_target;Stopped;834328;-3690;-6682;10633;10695
8;L2_hidden_target;Stopped;834342;-3690;-6682;10633;10695
8;L2_hidden_target;Stopped;834355;-3690;-6682;10633;10695
8;L2_hidden_target;Stopped;834368;-3690;-6682;10633;10695
8;L2_hidden_target;Stopped;834382;-3690;-6682;10633;10695
8;L2_hidden_target;End;849269;-3690;-6682;10633;10695
9;M3_cued_target;Begin;849269;-7000;7000;0;0
9;M3_cued_target;Stopped;916591;-4959;-5501;13172;12667
9;M3_cued_target;Stopped;916604;-4959;-5501;13172;12667
9;M3_cued_target;Stopped;916618;-4959;-5501;13172;12667
9;M3_cued_target;Stopped;916631;-4959;-5501;13172;12667
9;M3_cued_target;Stopped;916645;-4959;-5501;13172;12667
9;M3_cued_target;Stopped;916662;-4959;-5501;13172;12667
9;M3_cued_target;Stopped;916671;-4959;-5501;13172;12667
9;M3_cued_target;Stopped;916684;-4959;-5501;13172;12667
9;M3_cued_target;Stopped;916698;-4959;-5501;13172;12667
9;M3_cued_target;Stopped;916711;-4959;-5501;13172;12667
9;M3_cued_target;Stopped;916724;-4959;-5501;13172;12667
9;M3_cued_target;Stopped;916738;-4959;-5501;13172;12667
9;M3_cued_target;Stopped;916751;-4959;-5501;13172;12667
9;M3_cued_target;Stopped;916765;-4959;-5501;13172;12667
9;M3_cued_target;Stopped;916779;-4959;-5501;13172;12667
9;M3_cued_target;Stopped;916792;-4959;-5501;13172;12667
9;M3_cued_target;End;931613;-4959;-5501;13172;12667
10;L2_hidden_target;Begin;931613;6999;-7000;0;0
10;L2_hidden_target;Stopped;954165;-4215;-6758;11806;11218
10;L2_hidden_target;Stopped;954178;-4215;-6758;11806;11218
10;L2_hidden_target;Stopped;954192;-4215;-6758;11806;11218
10;L2_hidden_target;Stopped;954205;-4215;-6758;11806;11218
10;L2_hidden_target;Stopped;954218;-4215;-6758;11806;11218
10;L2_hidden_target;Stopped;954232;-4215;-6758;11806;11218
10;L2_hidden_target;Stopped;954245;-4215;-6758;11806;11218
10;L2_hidden_target;Stopped;954258;-4215;-6758;11806;11218
10;L2_hidden_target;Stopped;954272;-4215;-6758;11806;11218
10;L2_hidden_target;Stopped;954285;-4215;-6758;11806;11218
10;L2_hidden_target;Stopped;954298;-4215;-6758;11806;11218
10;L2_hidden_target;Stopped;954312;-4215;-6758;11806;11218
10;L2_hidden_target;Stopped;954325;-4215;-6758;11806;11218
10;L2_hidden_target;Stopped;954338;-4215;-6758;11806;11218
10;L2_hidden_target;Stopped;954352;-4215;-6758;11806;11218
10;L2_hidden_target;Stopped;954365;-4215;-6758;11806;11218
10;L2_hidden_target;End;969185;-4215;-6758;11806;11218
11;M2_cued_target;Begin;969185;6999;-7000;0;0
11;M2_cued_target;Stopped;1020087;-3654;-6180;9731;10686
11;M2_cued_target;Stopped;1020100;-3654;-6180;9731;10686
11;M2_cued_target;Stopped;1020114;-3654;-6180;9731;10686
11;M2_cued_target;Stopped;1020127;-3654;-6180;9731;10686
11;M2_cued_target;Stopped;1020140;-3654;-6180;9731;10686
11;M2_cued_target;Stopped;1020154;-3654;-6180;9731;10686
11;M2_cued_target;Stopped;1020167;-3654;-6180;9731;10686
11;M2_cued_target;Stopped;1020180;-3654;-6180;9731;10686
11;M2_cued_target;Stopped;1020194;-3654;-6180;9731;10686
11;M2_cued_target;Stopped;1020207;-3654;-6180;9731;10686
11;M2_cued_target;Stopped;1020220;-3654;-6180;9731;10686
11;M2_cued_target;Stopped;1020234;-3654;-6180;9731;10686
11;M2_cued_target;Stopped;1020247;-3654;-6180;9731;10686
11;M2_cued_target;Stopped;1020260;-3654;-6180;9731;10686
11;M2_cued_target;Stopped;1020274;-3654;-6180;9731;10686
11;M2_cued_target;Stopped;1020287;-3654;-6180;9731;10686
11;M2_cued_target;Stopped;1020301;-3654;-6180;9731;10686
11;M2_cued_target;Stopped;1020318;-3654;-6180;9731;10686
11;M2_cued_target;Stopped;1020331;-3654;-6180;9731;10686
11;M2_cued_target;End;1035108;-3654;-6180;9731;10686
12;L2_hidden_target;Begin;1035108;7000;-7000;0;0
12;L2_hidden_target;Stopped;1054607;-3684;-6450;10819;10698
12;L2_hidden_target;Stopped;1054620;-3684;-6450;10819;10698
12;L2_hidden_target;Stopped;1054634;-3684;-6450;10819;10698
12;L2_hidden_target;Stopped;1054647;-3684;-6450;10819;10698
12;L2_hidden_target;Stopped;1054664;-3684;-6450;10819;10698
12;L2_hidden_target;Stopped;1054677;-3684;-6450;10819;10698
12;L2_hidden_target;Stopped;1054690;-3684;-6450;10819;10698
12;L2_hidden_target;Stopped;1054702;-3684;-6450;10819;10698
12;L2_hidden_target;Stopped;1054715;-3684;-6450;10819;10698
12;L2_hidden_target;Stopped;1054728;-3684;-6450;10819;10698
12;L2_hidden_target;Stopped;1054741;-3684;-6450;10819;10698
12;L2_hidden_target;Stopped;1054754;-3684;-6450;10819;10698
12;L2_hidden_target;End;1069628;-3684;-6450;10819;10698
13;M3_cued_target;Begin;1069628;-7000;7000;0;0
13;M3_cued_target;Stopped;1129247;-4406;-5419;12498;12687
13;M3_cued_target;Stopped;1129260;-4406;-5419;12498;12687
13;M3_cued_target;Stopped;1129273;-4406;-5419;12498;12687
13;M3_cued_target;Stopped;1129287;-4406;-5419;12498;12687
13;M3_cued_target;Stopped;1129300;-4406;-5419;12498;12687
13;M3_cued_target;Stopped;1129313;-4406;-5419;12498;12687
13;M3_cued_target;Stopped;1129327;-4406;-5419;12498;12687
13;M3_cued_target;Stopped;1129340;-4406;-5419;12498;12687
13;M3_cued_target;Stopped;1129353;-4406;-5419;12498;12687
13;M3_cued_target;Stopped;1129367;-4406;-5419;12498;12687
13;M3_cued_target;Stopped;1129380;-4406;-5419;12498;12687
13;M3_cued_target;Stopped;1129393;-4406;-5419;12498;12687
13;M3_cued_target;Stopped;1129407;-4406;-5419;12498;12687
13;M3_cued_target;Stopped;1129420;-4406;-5419;12498;12687
13;M3_cued_target;Stopped;1129433;-4406;-5419;12498;12687
13;M3_cued_target;End;1144269;-4406;-5419;12498;12687
14;L2_hidden_target;Begin;1144269;6999;-7000;0;0
14;L2_hidden_target;Stopped;1164115;-3683;-6230;10885;10710
14;L2_hidden_target;Stopped;1164128;-3683;-6230;10885;10710
14;L2_hidden_target;Stopped;1164141;-3683;-6230;10885;10710
14;L2_hidden_target;Stopped;1164155;-3683;-6230;10885;10710
14;L2_hidden_target;Stopped;1164168;-3683;-6230;10885;10710
14;L2_hidden_target;Stopped;1164181;-3683;-6230;10885;10710
14;L2_hidden_target;Stopped;1164195;-3683;-6230;10885;10710
14;L2_hidden_target;Stopped;1164208;-3683;-6230;10885;10710
14;L2_hidden_target;Stopped;1164221;-3683;-6230;10885;10710
14;L2_hidden_target;Stopped;1164235;-3683;-6230;10885;10710
14;L2_hidden_target;Stopped;1164248;-3683;-6230;10885;10710
14;L2_hidden_target;Stopped;1164261;-3683;-6230;10885;10710
14;L2_hidden_target;Stopped;1164275;-3683;-6230;10885;10710
14;L2_hidden_target;Stopped;1164288;-3683;-6230;10885;10710
14;L2_hidden_target;End;1179136;-3683;-6230;10885;10710
15;M1_cued_target;Begin;1179136;7000;6999;0;0
15;M1_cued_target;Stopped;1254108;-3685;-5611;15376;16529
15;M1_cued_target;Stopped;1254122;-3685;-5611;15376;16529
15;M1_cued_target;Stopped;1254135;-3685;-5611;15376;16529
15;M1_cued_target;Stopped;1254148;-3685;-5611;15376;16529
15;M1_cued_target;Stopped;1254165;-3685;-5611;15376;16529
15;M1_cued_target;Stopped;1254178;-3685;-5611;15376;16529
15;M1_cued_target;Stopped;1254192;-3685;-5611;15376;16529
15;M1_cued_target;Stopped;1254201;-3685;-5611;15376;16529
15;M1_cued_target;Stopped;1254215;-3685;-5611;15376;16529
15;M1_cued_target;Stopped;1254228;-3685;-5611;15376;16529
15;M1_cued_target;Stopped;1254241;-3685;-5611;15376;16529
15;M1_cued_target;Stopped;1254254;-3685;-5611;15376;16529
15;M1_cued_target;Stopped;1254267;-3685;-5611;15376;16529
15;M1_cued_target;Stopped;1254282;-3685;-5611;15376;16529
15;M1_cued_target;End;1269130;-3685;-5611;15376;16529
16;L2_hidden_target;Begin;1269130;7000;-7000;0;0
16;L2_hidden_target;Stopped;1289015;-3918;-6694;11216;10922
16;L2_hidden_target;Stopped;1289028;-3918;-6694;11216;10922
16;L2_hidden_target;Stopped;1289042;-3918;-6694;11216;10922
16;L2_hidden_target;Stopped;1289055;-3918;-6694;11216;10922
16;L2_hidden_target;Stopped;1289068;-3918;-6694;11216;10922
16;L2_hidden_target;Stopped;1289082;-3918;-6694;11216;10922
16;L2_hidden_target;Stopped;1289095;-3918;-6694;11216;10922
16;L2_hidden_target;Stopped;1289108;-3918;-6694;11216;10922
16;L2_hidden_target;Stopped;1289121;-3918;-6694;11216;10922
16;L2_hidden_target;Stopped;1289135;-3918;-6694;11216;10922
16;L2_hidden_target;Stopped;1289148;-3918;-6694;11216;10922
16;L2_hidden_target;End;1304037;-3918;-6694;11216;10922
16;L2_hidden_target;Begin;1304037;-3918;-6694;11216;10922
