1;M3_cued_target;Stopped;90905;-4685;-5419;18038;12632
1;M3_cued_target;Stopped;90918;-4685;-5419;18038;12632
1;M3_cued_target;Stopped;90931;-4685;-5419;18038;12632
1;M3_cued_target;Stopped;90945;-4685;-5419;18038;12632
1;M3_cued_target;Stopped;90958;-4685;-5419;18038;12632
1;M3_cued_target;Stopped;90971;-4685;-5419;18038;12632
1;M3_cued_target;Stopped;90985;-4685;-5419;18038;12632
1;M3_cued_target;Stopped;90998;-4685;-5419;18038;12632
1;M3_cued_target;Stopped;91011;-4685;-5419;18038;12632
1;M3_cued_target;Stopped;91025;-4685;-5419;18038;12632
1;M3_cued_target;Stopped;91038;-4685;-5419;18038;12632
1;M3_cued_target;Stopped;91051;-4685;-5419;18038;12632
1;M3_cued_target;Stopped;91065;-4685;-5419;18038;12632
1;M3_cued_target;Stopped;91078;-4685;-5419;18038;12632
1;M3_cued_target;Stopped;91091;-4685;-5419;18038;12632
1;M3_cued_target;Stopped;91105;-4685;-5419;18038;12632
1;M3_cued_target;Stopped;91118;-4685;-5419;18038;12632
1;M3_cued_target;Stopped;91131;-4685;-5419;18038;12632
1;M3_cued_target;Stopped;91145;-4685;-5419;18038;12632
1;M3_cued_target;Stopped;91158;-4685;-5419;18038;12632
1;M3_cued_target;Stopped;91171;-4685;-5419;18038;12632
1;M3_cued_target;Stopped;91185;-4685;-5419;18038;12632
1;M3_cued_target;End;100821;-4685;-5419;18038;12632
2;L1_hidden_target;Begin;100821;7000;7000;0;0
2;L1_hidden_target;Stopped;163065;508;1125;39888;8754
2;L1_hidden_target;Stopped;163079;508;1125;39888;8754
2;L1_hidden_target;Stopped;163092;508;1125;39888;8754
2;L1_hidden_target;Stopped;163105;508;1125;39888;8754
2;L1_hidden_target;Stopped;163119;508;1125;39888;8754
2;L1_hidden_target;Stopped;163132;508;1125;39888;8754
2;L1_hidden_target;Stopped;163145;508;1125;39888;8754
2;L1_hidden_target;Stopped;163158;508;1125;39888;8754
2;L1_hidden_target;Stopped;163172;508;1125;39888;8754
2;L1_hidden_target;Stopped;163185;508;1125;39888;8754
2;L1_hidden_target;Stopped;163199;508;1125;39888;8754
2;L1_hidden_target;Stopped;163212;508;1125;39888;8754
2;L1_hidden_target;Stopped;163225;508;1125;39888;8754
2;L1_hidden_target;Stopped;163239;508;1125;39888;8754
2;L1_hidden_target;Stopped;163252;508;1125;39888;8754
2;L1_hidden_target;Stopped;163265;508;1125;39888;8754
2;L1_hidden_target;Stopped;163279;508;1125;39888;8754
2;L1_hidden_target;Stopped;163292;508;1125;39888;8754
2;L1_hidden_target;Stopped;163305;508;1125;39888;8754
2;L1_hidden_target;Stopped;163319;508;1125;39888;8754
2;L1_hidden_target;End;178086;508;1125;39888;8754
3;M1_cued_target;Begin;178086;7000;7000;0;0
3;M1_cued_target;Stopped;265028;-3682;-5872;18188;16727
3;M1_cued_target;Stopped;265041;-3682;-5872;18188;16727
3;M1_cued_target;Stopped;265055;-3682;-5872;18188;16727
3;M1_cued_target;Stopped;265068;-3682;-5872;18188;16727
3;M1_cued_target;Stopped;265081;-3682;-5872;18188;16727
3;M1_cued_target;Stopped;265095;-3682;-5872;18188;16727
3;M1_cued_target;Stopped;265108;-3682;-5872;18188;16727
3;M1_cued_target;Stopped;265121;-3682;-5872;18188;16727
3;M1_cued_target;Stopped;265134;-3682;-5872;18188;16727
3;M1_cued_target;Stopped;265148;-3682;-5872;18188;16727
3;M1_cued_target;Stopped;265161;-3682;-5872;18188;16727
3;M1_cued_target;Stopped;265174;-3682;-5872;18188;16727
3;M1_cued_target;Stopped;265188;-3682;-5872;18188;16727
3;M1_cued_target;Stopped;265201;-3682;-5872;18188;16727
3;M1_cued_target;Stopped;265215;-3682;-5872;18188;16727
3;M1_cued_target;Stopped;265228;-3682;-5872;18188;16727
3;M1_cued_target;Stopped;265241;-3682;-5872;18188;16727
3;M1_cued_target;Stopped;265254;-3682;-5872;18188;16727
3;M1_cued_target;Stopped;265267;-3682;-5872;18188;16727
3;M1_cued_target;Stopped;265280;-3682;-5872;18188;16727
3;M1_cued_target;Stopped;265294;-3682;-5872;18188;16727
3;M1_cued_target;Stopped;265307;-3682;-5872;18188;16727
3;M1_cued_target;Stopped;265320;-3682;-5872;18188;16727
3;M1_cued_target;Stopped;265334;-3682;-5872;18188;16727
3;M1_cued_target;Stopped;265347;-3682;-5872;18188;16727
3;M1_cued_target;Stopped;265360;-3682;-5872;18188;16727
3;M1_cued_target;Stopped;265374;-3682;-5872;18188;16727
3;M1_cued_target;Stopped;265387;-3682;-5872;18188;16727
3;M1_cued_target;End;280048;-3682;-5872;18188;16727
4;L2_hidden_target;Begin;280048;7000;-7000;0;0
4;L2_hidden_target;Stopped;339000;-4636;-5415;31293;11744
4;L2_hidden_target;Stopped;339013;-4636;-5415;31293;11744
4;L2_hidden_target;Stopped;339027;-4636;-5415;31293;11744
4;L2_hidden_target;Stopped;339040;-4636;-5415;31293;11744
4;L2_hidden_target;Stopped;339053;-4636;-5415;31293;11744
4;L2_hidden_target;Stopped;339067;-4636;-5415;31293;11744
4;L2_hidden_target;Stopped;339080;-4636;-5415;31293;11744
4;L2_hidden_target;Stopped;339094;-4636;-5415;31293;11744
4;L2_hidden_target;Stopped;339107;-4636;-5415;31293;11744
4;L2_hidden_target;Stopped;339120;-4636;-5415;31293;11744
4;L2_hidden_target;Stopped;339133;-4636;-5415;31293;11744
4;L2_hidden_target;Stopped;339147;-4636;-5415;31293;11744
4;L2_hidden_target;Stopped;339160;-4636;-5415;31293;11744
4;L2_hidden_target;Stopped;339173;-4636;-5415;31293;11744
4;L2_hidden_target;Stopped;339187;-4636;-5415;31293;11744
4;L2_hidden_target;Stopped;339200;-4636;-5415;31293;11744
4;L2_hidden_target;Stopped;339213;-4636;-5415;31293;11744
4;L2_hidden_target;End;354026;-4636;-5415;31293;11744
5;M2_cued_target;Begin;354026;7000;-7000;0;0
5;M2_cued_target;Stopped;519919;-4636;-5419;35218;11743
5;M2_cued_target;Stopped;519933;-4636;-5419;35218;11743
5;M2_cued_target;Stopped;519946;-4636;-5419;35218;11743
5;M2_cued_target;Stopped;519959;-4636;-5419;35218;11743
5;M2_cued_target;Stopped;519973;-4636;-5419;35218;11743
5;M2_cued_target;Stopped;519986;-4636;-5419;35218;11743
5;M2_cued_target;Stopped;520000;-4636;-5419;35218;11743
5;M2_cued_target;Stopped;520013;-4636;-5419;35218;11743
5;M2_cued_target;Stopped;520026;-4636;-5419;35218;11743
5;M2_cued_target;Stopped;520039;-4636;-5419;35218;11743
5;M2_cued_target;Stopped;520053;-4636;-5419;35218;11743
5;M2_cued_target;Stopped;520066;-4636;-5419;35218;11743
5;M2_cued_target;Stopped;520080;-4636;-5419;35218;11743
5;M2_cued_target;Stopped;520093;-4636;-5419;35218;11743
5;M2_cued_target;Stopped;520106;-4636;-5419;35218;11743
5;M2_cued_target;Stopped;520124;-4636;-5419;35218;11743
5;M2_cued_target;Stopped;520137;-4636;-5419;35218;11743
5;M2_cued_target;Stopped;520147;-4636;-5419;35218;11743
5;M2_cued_target;Stopped;520160;-4636;-5419;35218;11743
5;M2_cued_target;End;534941;-4636;-5419;35218;11743
6;L3_hidden_target;Begin;534941;-7000;7000;0;0
6;L3_hidden_target;Stopped;602436;-4313;-6705;34934;13966
6;L3_hidden_target;Stopped;602449;-4313;-6705;34934;13966
6;L3_hidden_target;Stopped;602463;-4313;-6705;34934;13966
6;L3_hidden_target;Stopped;602476;-4313;-6705;34934;13966
6;L3_hidden_target;Stopped;602489;-4313;-6705;34934;13966
6;L3_hidden_target;Stopped;602516;-4313;-6705;34934;13966
6;L3_hidden_target;Stopped;602529;-4313;-6705;34934;13966
6;L3_hidden_target;Stopped;602542;-4313;-6705;34934;13966
6;L3_hidden_target;Stopped;602556;-4313;-6705;34934;13966
6;L3_hidden_target;Stopped;602569;-4313;-6705;34934;13966
6;L3_hidden_target;End;617457;-4313;-6705;34934;13966
7;M1_cued_target;Begin;617457;6999;7000;0;0
7;M1_cued_target;Stopped;719260;-4436;-5418;20176;16881
7;M1_cued_target;Stopped;719273;-4436;-5418;20176;16881
7;M1_cued_target;Stopped;719287;-4436;-5418;20176;16881
7;M1_cued_target;Stopped;719300;-4436;-5418;20176;16881
7;M1_cued_target;Stopped;719313;-4436;-5418;20176;16881
7;M1_cued_target;Stopped;719327;-4436;-5418;20176;16881
7;M1_cued_target;Stopped;719340;-4436;-5418;20176;16881
7;M1_cued_target;Stopped;719353;-4436;-5418;20176;16881
7;M1_cued_target;Stopped;719367;-4436;-5418;20176;16881
7;M1_cued_target;Stopped;719380;-4436;-5418;20176;16881
7;M1_cued_target;Stopped;719393;-4436;-5418;20176;16881
7;M1_cued_target;Stopped;719406;-4436;-5418;20176;16881
7;M1_cued_target;Stopped;719420;-4436;-5418;20176;16881
7;M1_cued_target;Stopped;719433;-4436;-5418;20176;16881
7;M1_cued_target;Stopped;719446;-4436;-5418;20176;16881
7;M1_cued_target;Stopped;719460;-4436;-5418;20176;16881
7;M1_cued_target;End;734282;-4436;-5418;20176;16881
8;L2_hidden_target;Begin;734282;7000;-7000;0;0
8;L2_hidden_target;Stopped;775533;-3682;-6023;19709;10727
8;L2_hidden_target;Stopped;775547;-3682;-6023;19709;10727
8;L2_hidden_target;Stopped;775560;-3682;-6023;19709;10727
8;L2_hidden_target;Stopped;775574;-3682;-6023;19709;10727
8;L2_hidden_target;Stopped;775587;-3682;-6023;19709;10727
8;L2_hidden_target;Stopped;775600;-3682;-6023;19709;10727
8;L2_hidden_target;Stopped;775613;-3682;-6023;19709;10727
8;L2_hidden_target;Stopped;775627;-3682;-6023;19709;10727
8;L2_hidden_target;Stopped;775644;-3682;-6023;19709;10727
8;L2_hidden_target;Stopped;775655;-3682;-6023;19709;10727
8;L2_hidden_target;Stopped;775668;-3682;-6023;19709;10727
8;L2_hidden_target;Stopped;775680;-3682;-6023;19709;10727
8;L2_hidden_target;Stopped;775693;-3682;-6023;19709;10727
8;L2_hidden_target;Stopped;775707;-3682;-6023;19709;10727
8;L2_hidden_target;Stopped;775720;-3682;-6023;19709;10727
8;L2_hidden_target;Stopped;775733;-3682;-6023;19709;10727
8;L2_hidden_target;Stopped;775747;-3682;-6023;19709;10727
8;L2_hidden_target;End;790554;-3682;-6023;19709;10727
9;M3_cued_target;Begin;790554;-7000;7000;0;0
9;M3_cued_target;Stopped;851957;-4766;-5419;12393;12618
9;M3_cued_target;Stopped;851970;-4766;-5419;12393;12618
9;M3_cued_target;Stopped;851983;-4766;-5419;12393;12618
9;M3_cued_target;Stopped;851997;-4766;-5419;12393;12618
9;M3_cued_target;Stopped;852010;-4766;-5419;12393;12618
9;M3_cued_target;Stopped;852023;-4766;-5419;12393;12618
9;M3_cued_target;Stopped;852037;-4766;-5419;12393;12618
9;M3_cued_target;Stopped;852050;-4766;-5419;12393;12618
9;M3_cued_target;Stopped;852063;-4766;-5419;12393;12618
9;M3_cued_target;Stopped;852077;-4766;-5419;12393;12618
9;M3_cued_target;Stopped;852090;-4766;-5419;12393;12618
9;M3_cued_target;Stopped;852103;-4766;-5419;12393;12618
9;M3_cued_target;Stopped;852117;-4766;-5419;12393;12618
9;M3_cued_target;Stopped;852130;-4766;-5419;12393;12618
9;M3_cued_target;Stopped;852143;-4766;-5419;12393;12618
9;M3_cued_target;Stopped;852157;-4766;-5419;12393;12618
9;M3_cued_target;Stopped;852170;-4766;-5419;12393;12618
9;M3_cued_target;Stopped;852183;-4766;-5419;12393;12618
9;M3_cued_target;Stopped;852197;-4766;-5419;12393;12618
9;M3_cued_target;End;866978;-4766;-5419;12393;12618
10;L1_hidden_target;Begin;866978;7000;6999;0;0
10;L1_hidden_target;Stopped;923439;-4970;-6281;27553;17879
10;L1_hidden_target;Stopped;923452;-4970;-6281;27553;17879
10;L1_hidden_target;Stopped;923467;-4970;-6281;27553;17879
10;L1_hidden_target;Stopped;923480;-4970;-6281;27553;17879
10;L1_hidden_target;Stopped;923520;-4970;-6281;27553;17879
10;L1_hidden_target;Stopped;923533;-4970;-6281;27553;17879
10;L1_hidden_target;Stopped;923546;-4970;-6281;27553;17879
10;L1_hidden_target;Stopped;923560;-4970;-6281;27553;17879
10;L1_hidden_target;Stopped;923573;-4970;-6281;27553;17879
10;L1_hidden_target;Stopped;923587;-4970;-6281;27553;17879
10;L1_hidden_target;Stopped;923600;-4970;-6281;27553;17879
10;L1_hidden_target;Stopped;923613;-4970;-6281;27553;17879
10;L1_hidden_target;Stopped;923626;-4970;-6281;27553;17879
10;L1_hidden_target;Stopped;923640;-4970;-6281;27553;17879
10;L1_hidden_target;Stopped;923653;-4970;-6281;27553;17879
10;L1_hidden_target;Stopped;923666;-4970;-6281;27553;17879
10;L1_hidden_target;Stopped;923680;-4970;-6281;27553;17879
10;L1_hidden_target;Stopped;923693;-4970;-6281;27553;17879
10;L1_hidden_target;End;938461;-4970;-6281;27553;17879
11;M2_cued_target;Begin;938461;7000;-7000;0;0
11;M2_cued_target;Stopped;998250;-3682;-6103;10345;10720
11;M2_cued_target;Stopped;998263;-3682;-6103;10345;10720
11;M2_cued_target;Stopped;998277;-3682;-6103;10345;10720
11;M2_cued_target;Stopped;998290;-3682;-6103;10345;10720
11;M2_cued_target;Stopped;998303;-3682;-6103;10345;10720
11;M2_cued_target;Stopped;998317;-3682;-6103;10345;10720
11;M2_cued_target;Stopped;998330;-3682;-6103;10345;10720
11;M2_cued_target;Stopped;998343;-3682;-6103;10345;10720
11;M2_cued_target;Stopped;998356;-3682;-6103;10345;10720
11;M2_cued_target;Stopped;998370;-3682;-6103;10345;10720
11;M2_cued_target;Stopped;998383;-3682;-6103;10345;10720
11;M2_cued_target;Stopped;998397;-3682;-6103;10345;10720
11;M2_cued_target;Stopped;998410;-3682;-6103;10345;10720
11;M2_cued_target;Stopped;998423;-3682;-6103;10345;10720
11;M2_cued_target;Stopped;998436;-3682;-6103;10345;10720
11;M2_cued_target;Stopped;998449;-3682;-6103;10345;10720
11;M2_cued_target;Stopped;998463;-3682;-6103;10345;10720
11;M2_cued_target;Stopped;998476;-3682;-6103;10345;10720
11;M2_cued_target;Stopped;998516;-3682;-6103;10345;10720
11;M2_cued_target;Stopped;998529;-3682;-6103;10345;10720
11;M2_cued_target;End;1013270;-3682;-6103;10345;10720
12;L3_hidden_target;Begin;1013270;-7000;7000;0;0
12;L3_hidden_target;Stopped;1056377;-4436;-5419;20531;12681
12;L3_hidden_target;Stopped;1056390;-4436;-5419;20531;12681
12;L3_hidden_target;Stopped;1056404;-4436;-5419;20531;12681
12;L3_hidden_target;Stopped;1056417;-4436;-5419;20531;12681
12;L3_hidden_target;Stopped;1056430;-4436;-5419;20531;12681
12;L3_hidden_target;Stopped;1056444;-4436;-5419;20531;12681
12;L3_hidden_target;Stopped;1056457;-4436;-5419;20531;12681
12;L3_hidden_target;Stopped;1056470;-4436;-5419;20531;12681
12;L3_hidden_target;Stopped;1056484;-4436;-5419;20531;12681
12;L3_hidden_target;Stopped;1056510;-4436;-5419;20531;12681
12;L3_hidden_target;Stopped;1056524;-4436;-5419;20531;12681
12;L3_hidden_target;Stopped;1056537;-4436;-5419;20531;12681
12;L3_hidden_target;Stopped;1056550;-4436;-5419;20531;12681
12;L3_hidden_target;Stopped;1056564;-4436;-5419;20531;12681
12;L3_hidden_target;Stopped;1056577;-4436;-5419;20531;12681
12;L3_hidden_target;Stopped;1056591;-4436;-5419;20531;12681
12;L3_hidden_target;End;1071398;-4436;-5419;20531;12681
13;M3_cued_target;Begin;1071398;-7000;7000;0;0
13;M3_cued_target;Stopped;1142303;-4242;-5417;13922;12719
13;M3_cued_target;Stopped;1142316;-4242;-5417;13922;12719
13;M3_cued_target;Stopped;1142330;-4242;-5417;13922;12719
13;M3_cued_target;Stopped;1142343;-4242;-5417;13922;12719
13;M3_cued_target;Stopped;1142356;-4242;-5417;13922;12719
13;M3_cued_target;Stopped;1142370;-4242;-5417;13922;12719
13;M3_cued_target;Stopped;1142383;-4242;-5417;13922;12719
13;M3_cued_target;Stopped;1142396;-4242;-5417;13922;12719
13;M3_cued_target;Stopped;1142410;-4242;-5417;13922;12719
13;M3_cued_target;Stopped;1142423;-4242;-5417;13922;12719
13;M3_cued_target;Stopped;1142436;-4242;-5417;13922;12719
13;M3_cued_target;Stopped;1142450;-4242;-5417;13922;12719
13;M3_cued_target;Stopped;1142463;-4242;-5417;13922;12719
13;M3_cued_target;Stopped;1142476;-4242;-5417;13922;12719
13;M3_cued_target;Stopped;1142503;-4242;-5417;13922;12719
13;M3_cued_target;Stopped;1142516;-4242;-5417;13922;12719
13;M3_cued_target;Stopped;1142530;-4242;-5417;13922;12719
13;M3_cued_target;Stopped;1142543;-4242;-5417;13922;12719
13;M3_cued_target;Stopped;1142556;-4242;-5417;13922;12719
13;M3_cued_target;Stopped;1142570;-4242;-5417;13922;12719
13;M3_cued_target;Stopped;1142583;-4242;-5417;13922;12719
13;M3_cued_target;Stopped;1142596;-4242;-5417;13922;12719
13;M3_cued_target;End;1157324;-4242;-5417;13922;12719
14;L2_hidden_target;Begin;1157324;7000;-7000;0;0
14;L2_hidden_target;Stopped;1177598;-3681;-6323;10758;10702
14;L2_hidden_target;Stopped;1177611;-3681;-6323;10758;10702
14;L2_hidden_target;Stopped;1177624;-3681;-6323;10758;10702
14;L2_hidden_target;Stopped;1177637;-3681;-6323;10758;10702
14;L2_hidden_target;Stopped;1177651;-3681;-6323;10758;10702
14;L2_hidden_target;Stopped;1177665;-3681;-6323;10758;10702
14;L2_hidden_target;Stopped;1177678;-3681;-6323;10758;10702
14;L2_hidden_target;Stopped;1177691;-3681;-6323;10758;10702
14;L2_hidden_target;Stopped;1177704;-3681;-6323;10758;10702
14;L2_hidden_target;Stopped;1177718;-3681;-6323;10758;10702
14;L2_hidden_target;Stopped;1177731;-3681;-6323;10758;10702
14;L2_hidden_target;Stopped;1177744;-3681;-6323;10758;10702
14;L2_hidden_target;End;1192618;-3681;-6323;10758;10702
15;M1_cued_target;Begin;1192618;6999;7000;0;0
15;M1_cued_target;Stopped;1296939;-4411;-5418;22381;16865
15;M1_cued_target;Stopped;1296952;-4411;-5418;22381;16865
15;M1_cued_target;Stopped;1296966;-4411;-5418;22381;16865
15;M1_cued_target;Stopped;1296979;-4411;-5418;22381;16865
15;M1_cued_target;Stopped;1296993;-4411;-5418;22381;16865
15;M1_cued_target;Stopped;1297006;-4411;-5418;22381;16865
15;M1_cued_target;Stopped;1297019;-4411;-5418;22381;16865
15;M1_cued_target;Stopped;1297032;-4411;-5418;22381;16865
15;M1_cued_target;Stopped;1297046;-4411;-5418;22381;16865
15;M1_cued_target;Stopped;1297059;-4411;-5418;22381;16865
15;M1_cued_target;Stopped;1297073;-4411;-5418;22381;16865
15;M1_cued_target;Stopped;1297086;-4411;-5418;22381;16865
15;M1_cued_target;Stopped;1297099;-4411;-5418;22381;16865
15;M1_cued_target;Stopped;1297113;-4411;-5418;22381;16865
15;M1_cued_target;Stopped;1297126;-4411;-5418;22381;16865
15;M1_cued_target;Stopped;1297139;-4411;-5418;22381;16865
15;M1_cued_target;Stopped;1297152;-4411;-5418;22381;16865
15;M1_cued_target;Stopped;1297166;-4411;-5418;22381;16865
15;M1_cued_target;Stopped;1297179;-4411;-5418;22381;16865
15;M1_cued_target;End;1311960;-4411;-5418;22381;16865
16;L3_hidden_target;Begin;1311960;-7000;7000;0;0
16;L3_hidden_target;Stopped;1337659;-4969;-5656;14761;12818
16;L3_hidden_target;Stopped;1337672;-4969;-5656;14761;12818
16;L3_hidden_target;Stopped;1337685;-4969;-5656;14761;12818
16;L3_hidden_target;Stopped;1337699;-4969;-5656;14761;12818
16;L3_hidden_target;Stopped;1337713;-4969;-5656;14761;12818
16;L3_hidden_target;Stopped;1337726;-4969;-5656;14761;12818
16;L3_hidden_target;Stopped;1337739;-4969;-5656;14761;12818
16;L3_hidden_target;Stopped;1337752;-4969;-5656;14761;12818
16;L3_hidden_target;Stopped;1337766;-4969;-5656;14761;12818
16;L3_hidden_target;Stopped;1337779;-4969;-5656;14761;12818
16;L3_hidden_target;Stopped;1337793;-4969;-5656;14761;12818
16;L3_hidden_target;Stopped;1337810;-4969;-5656;14761;12818
16;L3_hidden_target;Stopped;1337824;-4969;-5656;14761;12818
16;L3_hidden_target;Stopped;1337835;-4969;-5656;14761;12818
16;L3_hidden_target;Stopped;1337846;-4969;-5656;14761;12818
16;L3_hidden_target;Stopped;1337859;-4969;-5656;14761;12818
16;L3_hidden_target;Stopped;1337872;-4969;-5656;14761;12818
16;L3_hidden_target;Stopped;1337885;-4969;-5656;14761;12818
16;L3_hidden_target;Stopped;1337899;-4969;-5656;14761;12818
16;L3_hidden_target;Stopped;1337913;-4969;-5656;14761;12818
16;L3_hidden_target;End;1352679;-4969;-5656;14761;12818
16;L3_hidden_target;Begin;1352679;-4969;-5656;14761;12818
