1;M3_cued_target;Stopped;154443;-4247;-5417;31211;12719
1;M3_cued_target;Stopped;154456;-4247;-5417;31211;12719
1;M3_cued_target;Stopped;154470;-4247;-5417;31211;12719
1;M3_cued_target;Stopped;154483;-4247;-5417;31211;12719
1;M3_cued_target;Stopped;154496;-4247;-5417;31211;12719
1;M3_cued_target;Stopped;154540;-4247;-5417;31211;12719
1;M3_cued_target;Stopped;154554;-4247;-5417;31211;12719
1;M3_cued_target;Stopped;154567;-4247;-5417;31211;12719
1;M3_cued_target;Stopped;154580;-4247;-5417;31211;12719
1;M3_cued_target;Stopped;154594;-4247;-5417;31211;12719
1;M3_cued_target;Stopped;154608;-4247;-5417;31211;12719
1;M3_cued_target;Stopped;154621;-4247;-5417;31211;12719
1;M3_cued_target;Stopped;154631;-4247;-5417;31211;12719
1;M3_cued_target;Stopped;154644;-4247;-5417;31211;12719
1;M3_cued_target;End;169464;-4247;-5417;31211;12719
2;L2_hidden_target;Begin;169464;7000;-7000;0;0
2;L2_hidden_target;Stopped;337124;-3683;-6076;87421;10722
2;L2_hidden_target;Stopped;337137;-3683;-6076;87421;10722
2;L2_hidden_target;Stopped;337151;-3683;-6076;87421;10722
2;L2_hidden_target;Stopped;337164;-3683;-6076;87421;10722
2;L2_hidden_target;Stopped;337178;-3683;-6076;87421;10722
2;L2_hidden_target;Stopped;337190;-3683;-6076;87421;10722
2;L2_hidden_target;Stopped;337203;-3683;-6076;87421;10722
2;L2_hidden_target;Stopped;337217;-3683;-6076;87421;10722
2;L2_hidden_target;Stopped;337230;-3683;-6076;87421;10722
2;L2_hidden_target;Stopped;337243;-3683;-6076;87421;10722
2;L2_hidden_target;Stopped;337257;-3683;-6076;87421;10722
2;L2_hidden_target;Stopped;337270;-3683;-6076;87421;10722
2;L2_hidden_target;Stopped;337283;-3683;-6076;87421;10722
2;L2_hidden_target;End;352145;-3683;-6076;87421;10722
3;M1_cued_target;Begin;352145;7000;7000;0;0
3;M1_cued_target;Stopped;477896;-4721;-5151;27172;16883
3;M1_cued_target;Stopped;477910;-4721;-5151;27172;16883
3;M1_cued_target;Stopped;477923;-4721;-5151;27172;16883
3;M1_cued_target;Stopped;477937;-4721;-5151;27172;16883
3;M1_cued_target;Stopped;477951;-4721;-5151;27172;16883
3;M1_cued_target;Stopped;477965;-4721;-5151;27172;16883
3;M1_cued_target;Stopped;477981;-4721;-5151;27172;16883
3;M1_cued_target;Stopped;477992;-4721;-5151;27172;16883
3;M1_cued_target;Stopped;478004;-4721;-5151;27172;16883
3;M1_cued_target;Stopped;478018;-4721;-5151;27172;16883
3;M1_cued_target;Stopped;478031;-4721;-5151;27172;16883
3;M1_cued_target;Stopped;478044;-4721;-5151;27172;16883
3;M1_cued_target;Stopped;478057;-4721;-5151;27172;16883
3;M1_cued_target;Stopped;478071;-4721;-5151;27172;16883
3;M1_cued_target;Stopped;478084;-4721;-5151;27172;16883
3;M1_cued_target;Stopped;478097;-4721;-5151;27172;16883
3;M1_cued_target;Stopped;478111;-4721;-5151;27172;16883
3;M1_cued_target;Stopped;478124;-4721;-5151;27172;16883
3;M1_cued_target;Stopped;478137;-4721;-5151;27172;16883
3;M1_cued_target;End;492919;-4721;-5151;27172;16883
4;L2_hidden_target;Begin;492919;6999;-7000;0;0
4;L2_hidden_target;Stopped;519137;-3979;-5430;14676;11091
4;L2_hidden_target;Stopped;519154;-3979;-5430;14676;11091
4;L2_hidden_target;Stopped;519168;-3979;-5430;14676;11091
4;L2_hidden_target;Stopped;519180;-3979;-5430;14676;11091
4;L2_hidden_target;Stopped;519191;-3979;-5430;14676;11091
4;L2_hidden_target;Stopped;519204;-3979;-5430;14676;11091
4;L2_hidden_target;Stopped;519217;-3979;-5430;14676;11091
4;L2_hidden_target;Stopped;519230;-3979;-5430;14676;11091
4;L2_hidden_target;Stopped;519244;-3979;-5430;14676;11091
4;L2_hidden_target;Stopped;519257;-3979;-5430;14676;11091
4;L2_hidden_target;Stopped;519270;-3979;-5430;14676;11091
4;L2_hidden_target;Stopped;519284;-3979;-5430;14676;11091
4;L2_hidden_target;Stopped;519297;-3979;-5430;14676;11091
4;L2_hidden_target;End;534157;-3979;-5430;14676;11091
5;M2_cued_target;Begin;534157;7000;-7000;0;0
5;M2_cued_target;Stopped;675650;-4076;-5302;30885;11205
5;M2_cued_target;Stopped;675664;-4076;-5302;30885;11205
5;M2_cued_target;Stopped;675677;-4076;-5302;30885;11205
5;M2_cued_target;Stopped;675691;-4076;-5302;30885;11205
5;M2_cued_target;Stopped;675704;-4076;-5302;30885;11205
5;M2_cued_target;Stopped;675717;-4076;-5302;30885;11205
5;M2_cued_target;Stopped;675731;-4076;-5302;30885;11205
5;M2_cued_target;Stopped;675744;-4076;-5302;30885;11205
5;M2_cued_target;Stopped;675757;-4076;-5302;30885;11205
5;M2_cued_target;Stopped;675771;-4076;-5302;30885;11205
5;M2_cued_target;Stopped;675784;-4076;-5302;30885;11205
5;M2_cued_target;Stopped;675797;-4076;-5302;30885;11205
5;M2_cued_target;Stopped;675811;-4076;-5302;30885;11205
5;M2_cued_target;End;690671;-4076;-5302;30885;11205
6;L2_hidden_target;Begin;690671;7000;-7000;0;0
6;L2_hidden_target;Stopped;715769;-3756;-6689;13987;10761
6;L2_hidden_target;Stopped;715782;-3756;-6689;13987;10761
6;L2_hidden_target;Stopped;715798;-3756;-6689;13987;10761
6;L2_hidden_target;Stopped;715811;-3756;-6689;13987;10761
6;L2_hidden_target;Stopped;715825;-3756;-6689;13987;10761
6;L2_hidden_target;Stopped;715836;-3756;-6689;13987;10761
6;L2_hidden_target;Stopped;715849;-3756;-6689;13987;10761
6;L2_hidden_target;Stopped;715863;-3756;-6689;13987;10761
6;L2_hidden_target;Stopped;715876;-3756;-6689;13987;10761
6;L2_hidden_target;Stopped;715889;-3756;-6689;13987;10761
6;L2_hidden_target;Stopped;715903;-3756;-6689;13987;10761
6;L2_hidden_target;Stopped;715916;-3756;-6689;13987;10761
6;L2_hidden_target;Stopped;715929;-3756;-6689;13987;10761
6;L2_hidden_target;End;730790;-3756;-6689;13987;10761
7;M1_cued_target;Begin;730790;7000;7000;0;0
7;M1_cued_target;Stopped;810001;-3538;-5799;16210;16579
7;M1_cued_target;Stopped;810014;-3538;-5799;16210;16579
7;M1_cued_target;Stopped;810027;-3538;-5799;16210;16579
7;M1_cued_target;Stopped;810041;-3538;-5799;16210;16579
7;M1_cued_target;Stopped;810058;-3538;-5799;16210;16579
7;M1_cued_target;Stopped;810071;-3538;-5799;16210;16579
7;M1_cued_target;Stopped;810085;-3538;-5799;16210;16579
7;M1_cued_target;Stopped;810099;-3538;-5799;16210;16579
7;M1_cued_target;Stopped;810112;-3538;-5799;16210;16579
7;M1_cued_target;Stopped;810121;-3538;-5799;16210;16579
7;M1_cued_target;Stopped;810134;-3538;-5799;16210;16579
7;M1_cued_target;Stopped;810147;-3538;-5799;16210;16579
7;M1_cued_target;Stopped;810161;-3538;-5799;16210;16579
7;M1_cued_target;Stopped;810174;-3538;-5799;16210;16579
7;M1_cued_target;Stopped;810187;-3538;-5799;16210;16579
7;M1_cued_target;Stopped;810205;-3538;-5799;16210;16579
7;M1_cued_target;Stopped;810218;-3538;-5799;16210;16579
7;M1_cued_target;End;825021;-3538;-5799;16210;16579
8;L2_hidden_target;Begin;825021;7000;-7000;0;0
8;L2_hidden_target;Stopped;861956;-4219;-6796;22436;11221
8;L2_hidden_target;Stopped;861970;-4219;-6796;22436;11221
8;L2_hidden_target;Stopped;861984;-4219;-6796;22436;11221
8;L2_hidden_target;Stopped;861997;-4219;-6796;22436;11221
8;L2_hidden_target;Stopped;862011;-4219;-6796;22436;11221
8;L2_hidden_target;Stopped;862021;-4219;-6796;22436;11221
8;L2_hidden_target;Stopped;862035;-4219;-6796;22436;11221
8;L2_hidden_target;Stopped;862048;-4219;-6796;22436;11221
8;L2_hidden_target;Stopped;862061;-4219;-6796;22436;11221
8;L2_hidden_target;Stopped;862075;-4219;-6796;22436;11221
8;L2_hidden_target;Stopped;862088;-4219;-6796;22436;11221
8;L2_hidden_target;Stopped;862101;-4219;-6796;22436;11221
8;L2_hidden_target;Stopped;862115;-4219;-6796;22436;11221
8;L2_hidden_target;Stopped;862128;-4219;-6796;22436;11221
8;L2_hidden_target;Stopped;862141;-4219;-6796;22436;11221
8;L2_hidden_target;Stopped;862155;-4219;-6796;22436;11221
8;L2_hidden_target;End;876977;-4219;-6796;22436;11221
9;M3_cued_target;Begin;876977;-7000;6999;0;0
9;M3_cued_target;Stopped;1038636;-4198;-5420;35257;12732
9;M3_cued_target;Stopped;1038649;-4198;-5420;35257;12732
9;M3_cued_target;Stopped;1038663;-4198;-5420;35257;12732
9;M3_cued_target;Stopped;1038676;-4198;-5420;35257;12732
9;M3_cued_target;Stopped;1038690;-4198;-5420;35257;12732
9;M3_cued_target;Stopped;1038703;-4198;-5420;35257;12732
9;M3_cued_target;Stopped;1038716;-4198;-5420;35257;12732
9;M3_cued_target;Stopped;1038729;-4198;-5420;35257;12732
9;M3_cued_target;Stopped;1038743;-4198;-5420;35257;12732
9;M3_cued_target;Stopped;1038756;-4198;-5420;35257;12732
9;M3_cued_target;Stopped;1038769;-4198;-5420;35257;12732
9;M3_cued_target;Stopped;1038783;-4198;-5420;35257;12732
9;M3_cued_target;End;1053658;-4198;-5420;35257;12732
10;L2_hidden_target;Begin;1053658;7000;-7000;0;0
10;L2_hidden_target;Stopped;1078078;-3683;-6215;13154;10712
10;L2_hidden_target;Stopped;1078091;-3683;-6215;13154;10712
10;L2_hidden_target;Stopped;1078105;-3683;-6215;13154;10712
10;L2_hidden_target;Stopped;1078118;-3683;-6215;13154;10712
10;L2_hidden_target;Stopped;1078131;-3683;-6215;13154;10712
10;L2_hidden_target;Stopped;1078144;-3683;-6215;13154;10712
10;L2_hidden_target;Stopped;1078158;-3683;-6215;13154;10712
10;L2_hidden_target;Stopped;1078171;-3683;-6215;13154;10712
10;L2_hidden_target;Stopped;1078184;-3683;-6215;13154;10712
10;L2_hidden_target;Stopped;1078198;-3683;-6215;13154;10712
10;L2_hidden_target;Stopped;1078211;-3683;-6215;13154;10712
10;L2_hidden_target;Stopped;1078225;-3683;-6215;13154;10712
10;L2_hidden_target;Stopped;1078238;-3683;-6215;13154;10712
10;L2_hidden_target;End;1093098;-3683;-6215;13154;10712
11;M2_cued_target;Begin;1093098;7000;-7000;0;0
11;M2_cued_target;Stopped;1161084;-3682;-5973;14476;10731
11;M2_cued_target;Stopped;1161097;-3682;-5973;14476;10731
11;M2_cued_target;Stopped;1161111;-3682;-5973;14476;10731
11;M2_cued_target;Stopped;1161124;-3682;-5973;14476;10731
11;M2_cued_target;Stopped;1161137;-3682;-5973;14476;10731
11;M2_cued_target;Stopped;1161155;-3682;-5973;14476;10731
11;M2_cued_target;Stopped;1161168;-3682;-5973;14476;10731
11;M2_cued_target;Stopped;1161179;-3682;-5973;14476;10731
11;M2_cued_target;Stopped;1161192;-3682;-5973;14476;10731
11;M2_cued_target;Stopped;1161204;-3682;-5973;14476;10731
11;M2_cued_target;Stopped;1161217;-3682;-5973;14476;10731
11;M2_cued_target;Stopped;1161231;-3682;-5973;14476;10731
11;M2_cued_target;Stopped;1161244;-3682;-5973;14476;10731
11;M2_cued_target;End;1176106;-3682;-5973;14476;10731
12;L2_hidden_target;Begin;1176106;7000;-7000;0;0
12;L2_hidden_target;Stopped;1217424;-4953;-5527;23295;12043
12;L2_hidden_target;Stopped;1217438;-4953;-5527;23295;12043
12;L2_hidden_target;Stopped;1217451;-4953;-5527;23295;12043
12;L2_hidden_target;Stopped;1217469;-4953;-5527;23295;12043
12;L2_hidden_target;Stopped;1217504;-4953;-5527;23295;12043
12;L2_hidden_target;Stopped;1217522;-4953;-5527;23295;12043
12;L2_hidden_target;Stopped;1217535;-4953;-5527;23295;12043
12;L2_hidden_target;Stopped;1217545;-4953;-5527;23295;12043
12;L2_hidden_target;Stopped;1217558;-4953;-5527;23295;12043
12;L2_hidden_target;Stopped;1217571;-4953;-5527;23295;12043
12;L2_hidden_target;Stopped;1217584;-4953;-5527;23295;12043
12;L2_hidden_target;Stopped;1217598;-4953;-5527;23295;12043
12;L2_hidden_target;Stopped;1217611;-4953;-5527;23295;12043
12;L2_hidden_target;Stopped;1217624;-4953;-5527;23295;12043
12;L2_hidden_target;Stopped;1217638;-4953;-5527;23295;12043
12;L2_hidden_target;Stopped;1217651;-4953;-5527;23295;12043
12;L2_hidden_target;Stopped;1217664;-4953;-5527;23295;12043
12;L2_hidden_target;Stopped;1217678;-4953;-5527;23295;12043
12;L2_hidden_target;Stopped;1217691;-4953;-5527;23295;12043
12;L2_hidden_target;End;1232447;-4953;-5527;23295;12043
13;M3_cued_target;Begin;1232447;-7000;7000;0;0
13;M3_cued_target;Stopped;1329253;-4053;-5418;20467;12763
13;M3_cued_target;Stopped;1329266;-4053;-5418;20467;12763
13;M3_cued_target;Stopped;1329280;-4053;-5418;20467;12763
13;M3_cued_target;Stopped;1329290;-4053;-5418;20467;12763
13;M3_cued_target;Stopped;1329303;-4053;-5418;20467;12763
13;M3_cued_target;Stopped;1329317;-4053;-5418;20467;12763
13;M3_cued_target;Stopped;1329330;-4053;-5418;20467;12763
13;M3_cued_target;Stopped;1329343;-4053;-5418;20467;12763
13;M3_cued_target;Stopped;1329356;-4053;-5418;20467;12763
13;M3_cued_target;Stopped;1329370;-4053;-5418;20467;12763
13;M3_cued_target;Stopped;1329383;-4053;-5418;20467;12763
13;M3_cued_target;Stopped;1329396;-4053;-5418;20467;12763
13;M3_cued_target;Stopped;1329410;-4053;-5418;20467;12763
13;M3_cued_target;Stopped;1329423;-4053;-5418;20467;12763
13;M3_cued_target;Stopped;1329436;-4053;-5418;20467;12763
13;M3_cued_target;Stopped;1329450;-4053;-5418;20467;12763
13;M3_cued_target;Stopped;1329463;-4053;-5418;20467;12763
13;M3_cued_target;Stopped;1329476;-4053;-5418;20467;12763
13;M3_cued_target;End;1344270;-4053;-5418;20467;12763
14;L2_hidden_target;Begin;1344270;6999;-7000;0;0
14;L2_hidden_target;Stopped;1392947;-3687;-6428;23416;10702
14;L2_hidden_target;Stopped;1392960;-3687;-6428;23416;10702
14;L2_hidden_target;Stopped;1392974;-3687;-6428;23416;10702
14;L2_hidden_target;Stopped;1392987;-3687;-6428;23416;10702
14;L2_hidden_target;Stopped;1393000;-3687;-6428;23416;10702
14;L2_hidden_target;Stopped;1393014;-3687;-6428;23416;10702
14;L2_hidden_target;Stopped;1393027;-3687;-6428;23416;10702
14;L2_hidden_target;Stopped;1393039;-3687;-6428;23416;10702
14;L2_hidden_target;Stopped;1393052;-3687;-6428;23416;10702
14;L2_hidden_target;Stopped;1393069;-3687;-6428;23416;10702
14;L2_hidden_target;Stopped;1393083;-3687;-6428;23416;10702
14;L2_hidden_target;Stopped;1393092;-3687;-6428;23416;10702
14;L2_hidden_target;Stopped;1393106;-3687;-6428;23416;10702
14;L2_hidden_target;Stopped;1393119;-3687;-6428;23416;10702
14;L2_hidden_target;Stopped;1393132;-3687;-6428;23416;10702
14;L2_hidden_target;Stopped;1393146;-3687;-6428;23416;10702
14;L2_hidden_target;End;1407967;-3687;-6428;23416;10702
15;M1_cued_target;Begin;1407967;7000;7000;0;0
15;M1_cued_target;Stopped;1496656;-3574;-6012;18935;16767
15;M1_cued_target;Stopped;1496669;-3574;-6012;18935;16767
15;M1_cued_target;Stopped;1496685;-3574;-6012;18935;16767
15;M1_cued_target;Stopped;1496698;-3574;-6012;18935;16767
15;M1_cued_target;Stopped;1496711;-3574;-6012;18935;16767
15;M1_cued_target;Stopped;1496722;-3574;-6012;18935;16767
15;M1_cued_target;Stopped;1496734;-3574;-6012;18935;16767
15;M1_cued_target;Stopped;1496747;-3574;-6012;18935;16767
15;M1_cued_target;Stopped;1496761;-3574;-6012;18935;16767
15;M1_cued_target;Stopped;1496775;-3574;-6012;18935;16767
15;M1_cued_target;End;1511675;-3574;-6012;18935;16767
16;L2_hidden_target;Begin;1511675;7000;-7000;0;0
16;L2_hidden_target;Stopped;1531776;-3684;-5580;11222;10777
16;L2_hidden_target;Stopped;1531789;-3684;-5580;11222;10777
16;L2_hidden_target;Stopped;1531803;-3684;-5580;11222;10777
16;L2_hidden_target;Stopped;1531816;-3684;-5580;11222;10777
16;L2_hidden_target;Stopped;1531834;-3684;-5580;11222;10777
16;L2_hidden_target;Stopped;1531845;-3684;-5580;11222;10777
16;L2_hidden_target;Stopped;1531856;-3684;-5580;11222;10777
16;L2_hidden_target;Stopped;1531870;-3684;-5580;11222;10777
16;L2_hidden_target;Stopped;1531883;-3684;-5580;11222;10777
16;L2_hidden_target;Stopped;1531896;-3684;-5580;11222;10777
16;L2_hidden_target;End;1546797;-3684;-5580;11222;10777
16;L2_hidden_target;Begin;1546797;-3684;-5580;11222;10777
