1;M3_cued_target;End;85807;-4526;-5417;12363;12661
2;L2_hidden_target;Begin;85807;7000;-7000;0;0
2;L2_hidden_target;Stopped;85904;7000;-7000;0;0
2;L2_hidden_target;Stopped;85918;7000;-7000;0;0
2;L2_hidden_target;Stopped;85928;7000;-7000;0;0
2;L2_hidden_target;Stopped;85941;7000;-7000;0;0
2;L2_hidden_target;Stopped;85955;7000;-7000;0;0
2;L2_hidden_target;Stopped;85968;7000;-7000;0;0
2;L2_hidden_target;Stopped;85981;7000;-7000;0;0
2;L2_hidden_target;Stopped;85995;7000;-7000;0;0
2;L2_hidden_target;Stopped;86008;7000;-7000;0;0
2;L2_hidden_target;Stopped;86021;7000;-7000;0;0
2;L2_hidden_target;Stopped;86035;7000;-7000;0;0
2;L2_hidden_target;Stopped;86048;7000;-7000;0;0
2;L2_hidden_target;Stopped;86061;7000;-7000;0;0
2;L2_hidden_target;End;100829;7000;-7000;0;0
3;M1_cued_target;Begin;100829;7000;7000;0;0
3;M1_cued_target;Stopped;260570;-4346;-5419;33838;16822
3;M1_cued_target;Stopped;260584;-4346;-5419;33838;16822
3;M1_cued_target;Stopped;260597;-4346;-5419;33838;16822
3;M1_cued_target;Stopped;260611;-4346;-5419;33838;16822
3;M1_cued_target;Stopped;260624;-4346;-5419;33838;16822
3;M1_cued_target;Stopped;260637;-4346;-5419;33838;16822
3;M1_cued_target;Stopped;260651;-4346;-5419;33838;16822
3;M1_cued_target;Stopped;260664;-4346;-5419;33838;16822
3;M1_cued_target;Stopped;260677;-4346;-5419;33838;16822
3;M1_cued_target;Stopped;260691;-4346;-5419;33838;16822
3;M1_cued_target;Stopped;260704;-4346;-5419;33838;16822
3;M1_cued_target;Stopped;260717;-4346;-5419;33838;16822
3;M1_cued_target;Stopped;260731;-4346;-5419;33838;16822
3;M1_cued_target;Stopped;260744;-4346;-5419;33838;16822
3;M1_cued_target;Stopped;260757;-4346;-5419;33838;16822
3;M1_cued_target;Stopped;260771;-4346;-5419;33838;16822
3;M1_cued_target;Stopped;260784;-4346;-5419;33838;16822
3;M1_cued_target;End;275592;-4346;-5419;33838;16822
4;L2_hidden_target;Begin;275592;7000;-7000;0;0
4;L2_hidden_target;Stopped;479708;-4401;-6704;97813;11405
4;L2_hidden_target;Stopped;479721;-4401;-6704;97813;11405
4;L2_hidden_target;Stopped;479734;-4401;-6704;97813;11405
4;L2_hidden_target;Stopped;479748;-4401;-6704;97813;11405
4;L2_hidden_target;Stopped;479761;-4401;-6704;97813;11405
4;L2_hidden_target;Stopped;479774;-4401;-6704;97813;11405
4;L2_hidden_target;Stopped;479788;-4401;-6704;97813;11405
4;L2_hidden_target;Stopped;479801;-4401;-6704;97813;11405
4;L2_hidden_target;Stopped;479814;-4401;-6704;97813;11405
4;L2_hidden_target;Stopped;479828;-4401;-6704;97813;11405
4;L2_hidden_target;Stopped;479840;-4401;-6704;97813;11405
4;L2_hidden_target;Stopped;479853;-4401;-6704;97813;11405
4;L2_hidden_target;Stopped;479867;-4401;-6704;97813;11405
4;L2_hidden_target;Stopped;479880;-4401;-6704;97813;11405
4;L2_hidden_target;End;494727;-4401;-6704;97813;11405
5;M2_cued_target;Begin;494727;7000;-7000;0;0
5;M2_cued_target;Stopped;665811;-4636;-5418;36684;11743
5;M2_cued_target;Stopped;665824;-4636;-5418;36684;11743
5;M2_cued_target;Stopped;665838;-4636;-5418;36684;11743
5;M2_cued_target;Stopped;665851;-4636;-5418;36684;11743
5;M2_cued_target;Stopped;665864;-4636;-5418;36684;11743
5;M2_cued_target;Stopped;665878;-4636;-5418;36684;11743
5;M2_cued_target;Stopped;665891;-4636;-5418;36684;11743
5;M2_cued_target;Stopped;665905;-4636;-5418;36684;11743
5;M2_cued_target;Stopped;665918;-4636;-5418;36684;11743
5;M2_cued_target;Stopped;665931;-4636;-5418;36684;11743
5;M2_cued_target;Stopped;665945;-4636;-5418;36684;11743
5;M2_cued_target;End;680832;-4636;-5418;36684;11743
6;L2_hidden_target;Begin;680832;7000;-7000;0;0
6;L2_hidden_target;Stopped;722499;-4965;-6388;14016;11981
6;L2_hidden_target;Stopped;722526;-4965;-6388;14016;11981
6;L2_hidden_target;Stopped;722539;-4965;-6388;14016;11981
6;L2_hidden_target;Stopped;722552;-4965;-6388;14016;11981
6;L2_hidden_target;Stopped;722566;-4965;-6388;14016;11981
6;L2_hidden_target;Stopped;722579;-4965;-6388;14016;11981
6;L2_hidden_target;Stopped;722592;-4965;-6388;14016;11981
6;L2_hidden_target;Stopped;722606;-4965;-6388;14016;11981
6;L2_hidden_target;Stopped;722619;-4965;-6388;14016;11981
6;L2_hidden_target;End;737519;-4965;-6388;14016;11981
7;M1_cued_target;Begin;737519;6999;7000;0;0
7;M1_cued_target;Stopped;850917;-4353;-5419;22642;16827
7;M1_cued_target;Stopped;850930;-4353;-5419;22642;16827
7;M1_cued_target;Stopped;850944;-4353;-5419;22642;16827
7;M1_cued_target;Stopped;850957;-4353;-5419;22642;16827
7;M1_cued_target;Stopped;850971;-4353;-5419;22642;16827
7;M1_cued_target;Stopped;850984;-4353;-5419;22642;16827
7;M1_cued_target;Stopped;850997;-4353;-5419;22642;16827
7;M1_cued_target;Stopped;851011;-4353;-5419;22642;16827
7;M1_cued_target;Stopped;851024;-4353;-5419;22642;16827
7;M1_cued_target;End;865939;-4353;-5419;22642;16827
8;L2_hidden_target;Begin;865939;7000;-7000;0;0
8;L2_hidden_target;Stopped;903180;-4527;-5420;18493;11634
8;L2_hidden_target;Stopped;903193;-4527;-5420;18493;11634
8;L2_hidden_target;Stopped;903212;-4527;-5420;18493;11634
8;L2_hidden_target;Stopped;903225;-4527;-5420;18493;11634
8;L2_hidden_target;Stopped;903238;-4527;-5420;18493;11634
8;L2_hidden_target;Stopped;903247;-4527;-5420;18493;11634
8;L2_hidden_target;Stopped;903260;-4527;-5420;18493;11634
8;L2_hidden_target;Stopped;903273;-4527;-5420;18493;11634
8;L2_hidden_target;Stopped;903287;-4527;-5420;18493;11634
8;L2_hidden_target;Stopped;903300;-4527;-5420;18493;11634
8;L2_hidden_target;Stopped;903313;-4527;-5420;18493;11634
8;L2_hidden_target;Stopped;903327;-4527;-5420;18493;11634
8;L2_hidden_target;Stopped;903340;-4527;-5420;18493;11634
8;L2_hidden_target;Stopped;903353;-4527;-5420;18493;11634
8;L2_hidden_target;End;918200;-4527;-5420;18493;11634
9;M3_cued_target;Begin;918200;-7000;7000;0;0
9;M3_cued_target;Stopped;1071371;-3681;-5883;31698;13304
9;M3_cued_target;Stopped;1071385;-3681;-5883;31698;13304
9;M3_cued_target;Stopped;1071398;-3681;-5883;31698;13304
9;M3_cued_target;Stopped;1071412;-3681;-5883;31698;13304
9;M3_cued_target;Stopped;1071425;-3681;-5883;31698;13304
9;M3_cued_target;Stopped;1071438;-3681;-5883;31698;13304
9;M3_cued_target;Stopped;1071451;-3681;-5883;31698;13304
9;M3_cued_target;Stopped;1071465;-3681;-5883;31698;13304
9;M3_cued_target;Stopped;1071478;-3681;-5883;31698;13304
9;M3_cued_target;Stopped;1071492;-3681;-5883;31698;13304
9;M3_cued_target;Stopped;1071518;-3681;-5883;31698;13304
9;M3_cued_target;End;1086393;-3681;-5883;31698;13304
10;L2_hidden_target;Begin;1086393;7000;-7000;0;0
10;L2_hidden_target;Stopped;1119702;-4968;-6176;15323;11997
10;L2_hidden_target;Stopped;1119716;-4968;-6176;15323;11997
10;L2_hidden_target;Stopped;1119729;-4968;-6176;15323;11997
10;L2_hidden_target;Stopped;1119742;-4968;-6176;15323;11997
10;L2_hidden_target;Stopped;1119756;-4968;-6176;15323;11997
10;L2_hidden_target;Stopped;1119769;-4968;-6176;15323;11997
10;L2_hidden_target;Stopped;1119782;-4968;-6176;15323;11997
10;L2_hidden_target;Stopped;1119796;-4968;-6176;15323;11997
10;L2_hidden_target;Stopped;1119809;-4968;-6176;15323;11997
10;L2_hidden_target;Stopped;1119822;-4968;-6176;15323;11997
10;L2_hidden_target;Stopped;1119836;-4968;-6176;15323;11997
10;L2_hidden_target;End;1134723;-4968;-6176;15323;11997
11;M2_cued_target;Begin;1134723;6999;-7000;0;0
11;M2_cued_target;Stopped;1310511;-4603;-5416;36911;11711
11;M2_cued_target;Stopped;1310525;-4603;-5416;36911;11711
11;M2_cued_target;Stopped;1310538;-4603;-5416;36911;11711
11;M2_cued_target;Stopped;1310551;-4603;-5416;36911;11711
11;M2_cued_target;Stopped;1310569;-4603;-5416;36911;11711
11;M2_cued_target;Stopped;1310579;-4603;-5416;36911;11711
11;M2_cued_target;Stopped;1310592;-4603;-5416;36911;11711
11;M2_cued_target;Stopped;1310605;-4603;-5416;36911;11711
11;M2_cued_target;End;1325532;-4603;-5416;36911;11711
12;L2_hidden_target;Begin;1325532;7000;-7000;0;0
12;L2_hidden_target;Stopped;1354176;-3693;-6692;10693;10697
12;L2_hidden_target;Stopped;1354189;-3693;-6692;10693;10697
12;L2_hidden_target;Stopped;1354203;-3693;-6692;10693;10697
12;L2_hidden_target;Stopped;1354216;-3693;-6692;10693;10697
12;L2_hidden_target;Stopped;1354230;-3693;-6692;10693;10697
12;L2_hidden_target;Stopped;1354243;-3693;-6692;10693;10697
12;L2_hidden_target;Stopped;1354256;-3693;-6692;10693;10697
12;L2_hidden_target;Stopped;1354269;-3693;-6692;10693;10697
12;L2_hidden_target;Stopped;1354283;-3693;-6692;10693;10697
12;L2_hidden_target;Stopped;1354296;-3693;-6692;10693;10697
12;L2_hidden_target;Stopped;1354309;-3693;-6692;10693;10697
12;L2_hidden_target;End;1369198;-3693;-6692;10693;10697
13;M3_cued_target;Begin;1369198;-7000;7000;0;0
13;M3_cued_target;Stopped;1518769;-3682;-5917;30668;13336
13;M3_cued_target;Stopped;1518783;-3682;-5917;30668;13336
13;M3_cued_target;Stopped;1518796;-3682;-5917;30668;13336
13;M3_cued_target;Stopped;1518810;-3682;-5917;30668;13336
13;M3_cued_target;Stopped;1518823;-3682;-5917;30668;13336
13;M3_cued_target;Stopped;1518836;-3682;-5917;30668;13336
13;M3_cued_target;Stopped;1518850;-3682;-5917;30668;13336
13;M3_cued_target;Stopped;1518863;-3682;-5917;30668;13336
13;M3_cued_target;Stopped;1518880;-3682;-5917;30668;13336
13;M3_cued_target;Stopped;1518893;-3682;-5917;30668;13336
13;M3_cued_target;Stopped;1518904;-3682;-5917;30668;13336
13;M3_cued_target;Stopped;1518918;-3682;-5917;30668;13336
13;M3_cued_target;End;1533791;-3682;-5917;30668;13336
14;L2_hidden_target;Begin;1533791;7000;-7000;0;0
14;L2_hidden_target;Stopped;1564514;-3682;-6114;10827;10719
14;L2_hidden_target;Stopped;1564527;-3682;-6114;10827;10719
14;L2_hidden_target;Stopped;1564541;-3682;-6114;10827;10719
14;L2_hidden_target;Stopped;1564554;-3682;-6114;10827;10719
14;L2_hidden_target;Stopped;1564567;-3682;-6114;10827;10719
14;L2_hidden_target;Stopped;1564581;-3682;-6114;10827;10719
14;L2_hidden_target;Stopped;1564594;-3682;-6114;10827;10719
14;L2_hidden_target;Stopped;1564607;-3682;-6114;10827;10719
14;L2_hidden_target;Stopped;1564621;-3682;-6114;10827;10719
14;L2_hidden_target;Stopped;1564634;-3682;-6114;10827;10719
14;L2_hidden_target;Stopped;1564647;-3682;-6114;10827;10719
14;L2_hidden_target;Stopped;1564661;-3682;-6114;10827;10719
14;L2_hidden_target;End;1579536;-3682;-6114;10827;10719
15;M1_cued_target;Begin;1579536;7000;7000;0;0
15;M1_cued_target;Stopped;1674834;-3682;-5971;19449;16803
15;M1_cued_target;Stopped;1674847;-3682;-5971;19449;16803
15;M1_cued_target;Stopped;1674861;-3682;-5971;19449;16803
15;M1_cued_target;Stopped;1674874;-3682;-5971;19449;16803
15;M1_cued_target;Stopped;1674887;-3682;-5971;19449;16803
15;M1_cued_target;Stopped;1674901;-3682;-5971;19449;16803
15;M1_cued_target;Stopped;1674914;-3682;-5971;19449;16803
15;M1_cued_target;Stopped;1674927;-3682;-5971;19449;16803
15;M1_cued_target;Stopped;1674941;-3682;-5971;19449;16803
15;M1_cued_target;Stopped;1674954;-3682;-5971;19449;16803
15;M1_cued_target;Stopped;1674967;-3682;-5971;19449;16803
15;M1_cued_target;Stopped;1674981;-3682;-5971;19449;16803
15;M1_cued_target;Stopped;1674994;-3682;-5971;19449;16803
15;M1_cued_target;Stopped;1675007;-3682;-5971;19449;16803
15;M1_cued_target;Stopped;1675021;-3682;-5971;19449;16803
15;M1_cued_target;Stopped;1675033;-3682;-5971;19449;16803
15;M1_cued_target;Stopped;1675047;-3682;-5971;19449;16803
15;M1_cued_target;Stopped;1675061;-3682;-5971;19449;16803
15;M1_cued_target;Stopped;1675074;-3682;-5971;19449;16803
15;M1_cued_target;Stopped;1675087;-3682;-5971;19449;16803
15;M1_cued_target;Stopped;1675101;-3682;-5971;19449;16803
15;M1_cued_target;Stopped;1675113;-3682;-5971;19449;16803
15;M1_cued_target;Stopped;1675127;-3682;-5971;19449;16803
15;M1_cued_target;Stopped;1675140;-3682;-5971;19449;16803
15;M1_cued_target;End;1689854;-3682;-5971;19449;16803
16;L2_hidden_target;Begin;1689854;7000;-7000;0;0
16;L2_hidden_target;Stopped;1715806;-3682;-5475;11273;10790
16;L2_hidden_target;Stopped;1715819;-3682;-5475;11273;10790
16;L2_hidden_target;Stopped;1715833;-3682;-5475;11273;10790
16;L2_hidden_target;Stopped;1715846;-3682;-5475;11273;10790
16;L2_hidden_target;Stopped;1715859;-3682;-5475;11273;10790
16;L2_hidden_target;Stopped;1715873;-3682;-5475;11273;10790
16;L2_hidden_target;Stopped;1715886;-3682;-5475;11273;10790
16;L2_hidden_target;Stopped;1715899;-3682;-5475;11273;10790
16;L2_hidden_target;Stopped;1715913;-3682;-5475;11273;10790
16;L2_hidden_target;End;1730827;-3682;-5475;11273;10790
16;L2_hidden_target;Begin;1730827;-3682;-5475;11273;10790
