1;M3_cued_target;Stopped;206821;-3901;-5422;39884;12803
1;M3_cued_target;Stopped;206834;-3901;-5422;39884;12803
1;M3_cued_target;Stopped;206848;-3901;-5422;39884;12803
1;M3_cued_target;Stopped;206861;-3901;-5422;39884;12803
1;M3_cued_target;Stopped;206874;-3901;-5422;39884;12803
1;M3_cued_target;Stopped;206888;-3901;-5422;39884;12803
1;M3_cued_target;Stopped;206901;-3901;-5422;39884;12803
1;M3_cued_target;Stopped;206914;-3901;-5422;39884;12803
1;M3_cued_target;Stopped;206928;-3901;-5422;39884;12803
1;M3_cued_target;Stopped;206941;-3901;-5422;39884;12803
1;M3_cued_target;Stopped;206954;-3901;-5422;39884;12803
1;M3_cued_target;Stopped;206968;-3901;-5422;39884;12803
1;M3_cued_target;Stopped;206981;-3901;-5422;39884;12803
1;M3_cued_target;Stopped;206994;-3901;-5422;39884;12803
1;M3_cued_target;Stopped;207008;-3901;-5422;39884;12803
1;M3_cued_target;Stopped;207021;-3901;-5422;39884;12803
1;M3_cued_target;Stopped;207034;-3901;-5422;39884;12803
1;M3_cued_target;Stopped;207048;-3901;-5422;39884;12803
1;M3_cued_target;Stopped;207061;-3901;-5422;39884;12803
1;M3_cued_target;End;221842;-3901;-5422;39884;12803
2;L1_hidden_target;Begin;221842;7000;7000;0;0
2;L1_hidden_target;Stopped;624722;-4487;-5419;191074;16917
2;L1_hidden_target;Stopped;624735;-4487;-5419;191074;16917
2;L1_hidden_target;Stopped;624748;-4487;-5419;191074;16917
2;L1_hidden_target;Stopped;624762;-4487;-5419;191074;16917
2;L1_hidden_target;Stopped;624775;-4487;-5419;191074;16917
2;L1_hidden_target;Stopped;624788;-4487;-5419;191074;16917
2;L1_hidden_target;Stopped;624802;-4487;-5419;191074;16917
2;L1_hidden_target;Stopped;624815;-4487;-5419;191074;16917
2;L1_hidden_target;Stopped;624828;-4487;-5419;191074;16917
2;L1_hidden_target;Stopped;624841;-4487;-5419;191074;16917
2;L1_hidden_target;Stopped;624855;-4487;-5419;191074;16917
2;L1_hidden_target;Stopped;624873;-4487;-5419;191074;16917
2;L1_hidden_target;Stopped;624883;-4487;-5419;191074;16917
2;L1_hidden_target;Stopped;624896;-4487;-5419;191074;16917
2;L1_hidden_target;Stopped;624909;-4487;-5419;191074;16917
2;L1_hidden_target;Stopped;624922;-4487;-5419;191074;16917
2;L1_hidden_target;Stopped;624939;-4487;-5419;191074;16917
2;L1_hidden_target;Stopped;624951;-4487;-5419;191074;16917
2;L1_hidden_target;Stopped;624964;-4487;-5419;191074;16917
2;L1_hidden_target;Stopped;624975;-4487;-5419;191074;16917
2;L1_hidden_target;End;639743;-4487;-5419;191074;16917
3;M1_cued_target;Begin;639743;7000;7000;0;0
3;M1_cued_target;Stopped;790473;-4953;-5428;31776;17243
3;M1_cued_target;Stopped;790487;-4953;-5428;31776;17243
3;M1_cued_target;Stopped;790513;-4953;-5428;31776;17243
3;M1_cued_target;Stopped;790527;-4953;-5428;31776;17243
3;M1_cued_target;Stopped;790540;-4953;-5428;31776;17243
3;M1_cued_target;Stopped;790553;-4953;-5428;31776;17243
3;M1_cued_target;Stopped;790567;-4953;-5428;31776;17243
3;M1_cued_target;Stopped;790580;-4953;-5428;31776;17243
3;M1_cued_target;Stopped;790593;-4953;-5428;31776;17243
3;M1_cued_target;Stopped;790607;-4953;-5428;31776;17243
3;M1_cued_target;Stopped;790620;-4953;-5428;31776;17243
3;M1_cued_target;Stopped;790633;-4953;-5428;31776;17243
3;M1_cued_target;Stopped;790647;-4953;-5428;31776;17243
3;M1_cued_target;Stopped;790660;-4953;-5428;31776;17243
3;M1_cued_target;Stopped;790673;-4953;-5428;31776;17243
3;M1_cued_target;Stopped;790687;-4953;-5428;31776;17243
3;M1_cued_target;Stopped;790700;-4953;-5428;31776;17243
3;M1_cued_target;Stopped;790713;-4953;-5428;31776;17243
3;M1_cued_target;End;805494;-4953;-5428;31776;17243
4;L2_hidden_target;Begin;805494;7000;-7000;0;0
4;L2_hidden_target;Stopped;1025921;-4336;-5419;86635;11446
4;L2_hidden_target;Stopped;1025935;-4336;-5419;86635;11446
4;L2_hidden_target;Stopped;1025948;-4336;-5419;86635;11446
4;L2_hidden_target;Stopped;1025961;-4336;-5419;86635;11446
4;L2_hidden_target;Stopped;1025975;-4336;-5419;86635;11446
4;L2_hidden_target;Stopped;1025988;-4336;-5419;86635;11446
4;L2_hidden_target;Stopped;1026001;-4336;-5419;86635;11446
4;L2_hidden_target;Stopped;1026018;-4336;-5419;86635;11446
4;L2_hidden_target;Stopped;1026030;-4336;-5419;86635;11446
4;L2_hidden_target;Stopped;1026042;-4336;-5419;86635;11446
4;L2_hidden_target;Stopped;1026055;-4336;-5419;86635;11446
4;L2_hidden_target;Stopped;1026069;-4336;-5419;86635;11446
4;L2_hidden_target;Stopped;1026082;-4336;-5419;86635;11446
4;L2_hidden_target;Stopped;1026095;-4336;-5419;86635;11446
4;L2_hidden_target;Stopped;1026108;-4336;-5419;86635;11446
4;L2_hidden_target;Stopped;1026121;-4336;-5419;86635;11446
4;L2_hidden_target;Stopped;1026134;-4336;-5419;86635;11446
4;L2_hidden_target;Stopped;1026147;-4336;-5419;86635;11446
4;L2_hidden_target;Stopped;1026161;-4336;-5419;86635;11446
4;L2_hidden_target;Stopped;1026174;-4336;-5419;86635;11446
4;L2_hidden_target;End;1040943;-4336;-5419;86635;11446
5;M2_cued_target;Begin;1040943;7000;-7000;0;0
5;M2_cued_target;Stopped;1119846;-3685;-5700;15285;10764
5;M2_cued_target;Stopped;1119859;-3685;-5700;15285;10764
5;M2_cued_target;Stopped;1119873;-3685;-5700;15285;10764
5;M2_cued_target;Stopped;1119886;-3685;-5700;15285;10764
5;M2_cued_target;Stopped;1119899;-3685;-5700;15285;10764
5;M2_cued_target;Stopped;1119912;-3685;-5700;15285;10764
5;M2_cued_target;Stopped;1119926;-3685;-5700;15285;10764
5;M2_cued_target;Stopped;1119939;-3685;-5700;15285;10764
5;M2_cued_target;Stopped;1119952;-3685;-5700;15285;10764
5;M2_cued_target;Stopped;1119966;-3685;-5700;15285;10764
5;M2_cued_target;Stopped;1119979;-3685;-5700;15285;10764
5;M2_cued_target;Stopped;1119993;-3685;-5700;15285;10764
5;M2_cued_target;Stopped;1120006;-3685;-5700;15285;10764
5;M2_cued_target;Stopped;1120019;-3685;-5700;15285;10764
5;M2_cued_target;Stopped;1120032;-3685;-5700;15285;10764
5;M2_cued_target;Stopped;1120046;-3685;-5700;15285;10764
5;M2_cued_target;Stopped;1120059;-3685;-5700;15285;10764
5;M2_cued_target;Stopped;1120072;-3685;-5700;15285;10764
5;M2_cued_target;Stopped;1120086;-3685;-5700;15285;10764
5;M2_cued_target;End;1134867;-3685;-5700;15285;10764
6;L3_hidden_target;Begin;1134867;-7000;7000;0;0
6;L3_hidden_target;Stopped;1176786;-4309;-5419;18052;12707
6;L3_hidden_target;Stopped;1176799;-4309;-5419;18052;12707
6;L3_hidden_target;Stopped;1176813;-4309;-5419;18052;12707
6;L3_hidden_target;Stopped;1176826;-4309;-5419;18052;12707
6;L3_hidden_target;Stopped;1176839;-4309;-5419;18052;12707
6;L3_hidden_target;Stopped;1176853;-4309;-5419;18052;12707
6;L3_hidden_target;Stopped;1176866;-4309;-5419;18052;12707
6;L3_hidden_target;Stopped;1176879;-4309;-5419;18052;12707
6;L3_hidden_target;Stopped;1176893;-4309;-5419;18052;12707
6;L3_hidden_target;Stopped;1176906;-4309;-5419;18052;12707
6;L3_hidden_target;Stopped;1176924;-4309;-5419;18052;12707
6;L3_hidden_target;Stopped;1176934;-4309;-5419;18052;12707
6;L3_hidden_target;Stopped;1176947;-4309;-5419;18052;12707
6;L3_hidden_target;Stopped;1176960;-4309;-5419;18052;12707
6;L3_hidden_target;Stopped;1176973;-4309;-5419;18052;12707
6;L3_hidden_target;Stopped;1176986;-4309;-5419;18052;12707
6;L3_hidden_target;Stopped;1176999;-4309;-5419;18052;12707
6;L3_hidden_target;Stopped;1177013;-4309;-5419;18052;12707
6;L3_hidden_target;End;1191807;-4309;-5419;18052;12707
7;M1_cued_target;Begin;1191807;7000;7000;0;0
7;M1_cued_target;Stopped;1307230;-4102;-5419;22987;16658
7;M1_cued_target;Stopped;1307244;-4102;-5419;22987;16658
7;M1_cued_target;Stopped;1307257;-4102;-5419;22987;16658
7;M1_cued_target;Stopped;1307270;-4102;-5419;22987;16658
7;M1_cued_target;Stopped;1307284;-4102;-5419;22987;16658
7;M1_cued_target;Stopped;1307297;-4102;-5419;22987;16658
7;M1_cued_target;Stopped;1307310;-4102;-5419;22987;16658
7;M1_cued_target;Stopped;1307324;-4102;-5419;22987;16658
7;M1_cued_target;Stopped;1307337;-4102;-5419;22987;16658
7;M1_cued_target;Stopped;1307350;-4102;-5419;22987;16658
7;M1_cued_target;Stopped;1307364;-4102;-5419;22987;16658
7;M1_cued_target;Stopped;1307377;-4102;-5419;22987;16658
7;M1_cued_target;Stopped;1307390;-4102;-5419;22987;16658
7;M1_cued_target;Stopped;1307404;-4102;-5419;22987;16658
7;M1_cued_target;Stopped;1307417;-4102;-5419;22987;16658
7;M1_cued_target;Stopped;1307430;-4102;-5419;22987;16658
7;M1_cued_target;Stopped;1307444;-4102;-5419;22987;16658
7;M1_cued_target;Stopped;1307457;-4102;-5419;22987;16658
7;M1_cued_target;Stopped;1307470;-4102;-5419;22987;16658
7;M1_cued_target;Stopped;1307510;-4102;-5419;22987;16658
7;M1_cued_target;Stopped;1307524;-4102;-5419;22987;16658
7;M1_cued_target;Stopped;1307537;-4102;-5419;22987;16658
7;M1_cued_target;Stopped;1307550;-4102;-5419;22987;16658
7;M1_cued_target;Stopped;1307564;-4102;-5419;22987;16658
7;M1_cued_target;Stopped;1307577;-4102;-5419;22987;16658
7;M1_cued_target;End;1322252;-4102;-5419;22987;16658
8;L2_hidden_target;Begin;1322252;7000;-7000;0;0
8;L2_hidden_target;Stopped;1422535;-3819;-6699;45475;10823
8;L2_hidden_target;Stopped;1422548;-3819;-6699;45475;10823
8;L2_hidden_target;Stopped;1422562;-3819;-6699;45475;10823
8;L2_hidden_target;Stopped;1422575;-3819;-6699;45475;10823
8;L2_hidden_target;Stopped;1422588;-3819;-6699;45475;10823
8;L2_hidden_target;Stopped;1422602;-3819;-6699;45475;10823
8;L2_hidden_target;Stopped;1422615;-3819;-6699;45475;10823
8;L2_hidden_target;Stopped;1422628;-3819;-6699;45475;10823
8;L2_hidden_target;Stopped;1422642;-3819;-6699;45475;10823
8;L2_hidden_target;Stopped;1422655;-3819;-6699;45475;10823
8;L2_hidden_target;Stopped;1422668;-3819;-6699;45475;10823
8;L2_hidden_target;Stopped;1422682;-3819;-6699;45475;10823
8;L2_hidden_target;Stopped;1422695;-3819;-6699;45475;10823
8;L2_hidden_target;Stopped;1422708;-3819;-6699;45475;10823
8;L2_hidden_target;Stopped;1422722;-3819;-6699;45475;10823
8;L2_hidden_target;Stopped;1422735;-3819;-6699;45475;10823
8;L2_hidden_target;Stopped;1422749;-3819;-6699;45475;10823
8;L2_hidden_target;Stopped;1422762;-3819;-6699;45475;10823
8;L2_hidden_target;Stopped;1422775;-3819;-6699;45475;10823
8;L2_hidden_target;Stopped;1422788;-3819;-6699;45475;10823
8;L2_hidden_target;Stopped;1422802;-3819;-6699;45475;10823
8;L2_hidden_target;Stopped;1422815;-3819;-6699;45475;10823
8;L2_hidden_target;Stopped;1422828;-3819;-6699;45475;10823
8;L2_hidden_target;Stopped;1422842;-3819;-6699;45475;10823
8;L2_hidden_target;End;1437556;-3819;-6699;45475;10823
9;M3_cued_target;Begin;1437556;-7000;7000;0;0
9;M3_cued_target;Stopped;1542144;-4172;-5184;20050;12508
9;M3_cued_target;Stopped;1542158;-4172;-5184;20050;12508
9;M3_cued_target;Stopped;1542171;-4172;-5184;20050;12508
9;M3_cued_target;Stopped;1542185;-4172;-5184;20050;12508
9;M3_cued_target;Stopped;1542198;-4172;-5184;20050;12508
9;M3_cued_target;Stopped;1542211;-4172;-5184;20050;12508
9;M3_cued_target;Stopped;1542225;-4172;-5184;20050;12508
9;M3_cued_target;Stopped;1542238;-4172;-5184;20050;12508
9;M3_cued_target;Stopped;1542251;-4172;-5184;20050;12508
9;M3_cued_target;Stopped;1542265;-4172;-5184;20050;12508
9;M3_cued_target;Stopped;1542278;-4172;-5184;20050;12508
9;M3_cued_target;Stopped;1542291;-4172;-5184;20050;12508
9;M3_cued_target;Stopped;1542304;-4172;-5184;20050;12508
9;M3_cued_target;Stopped;1542318;-4172;-5184;20050;12508
9;M3_cued_target;Stopped;1542331;-4172;-5184;20050;12508
9;M3_cued_target;Stopped;1542344;-4172;-5184;20050;12508
9;M3_cued_target;Stopped;1542358;-4172;-5184;20050;12508
9;M3_cued_target;Stopped;1542371;-4172;-5184;20050;12508
9;M3_cued_target;Stopped;1542384;-4172;-5184;20050;12508
9;M3_cued_target;Stopped;1542398;-4172;-5184;20050;12508
9;M3_cued_target;Stopped;1542411;-4172;-5184;20050;12508
9;M3_cued_target;Stopped;1542424;-4172;-5184;20050;12508
9;M3_cued_target;Stopped;1542438;-4172;-5184;20050;12508
9;M3_cued_target;Stopped;1542451;-4172;-5184;20050;12508
9;M3_cued_target;Stopped;1542465;-4172;-5184;20050;12508
9;M3_cued_target;End;1557165;-4172;-5184;20050;12508
10;L1_hidden_target;Begin;1557165;7000;7000;0;0
10;L1_hidden_target;Stopped;1623928;-3710;-5425;29300;16404
10;L1_hidden_target;Stopped;1623942;-3710;-5425;29300;16404
10;L1_hidden_target;Stopped;1623955;-3710;-5425;29300;16404
10;L1_hidden_target;Stopped;1623968;-3710;-5425;29300;16404
10;L1_hidden_target;Stopped;1623982;-3710;-5425;29300;16404
10;L1_hidden_target;Stopped;1623995;-3710;-5425;29300;16404
10;L1_hidden_target;Stopped;1624008;-3710;-5425;29300;16404
10;L1_hidden_target;Stopped;1624022;-3710;-5425;29300;16404
10;L1_hidden_target;Stopped;1624035;-3710;-5425;29300;16404
10;L1_hidden_target;Stopped;1624048;-3710;-5425;29300;16404
10;L1_hidden_target;Stopped;1624062;-3710;-5425;29300;16404
10;L1_hidden_target;Stopped;1624075;-3710;-5425;29300;16404
10;L1_hidden_target;Stopped;1624088;-3710;-5425;29300;16404
10;L1_hidden_target;Stopped;1624102;-3710;-5425;29300;16404
10;L1_hidden_target;Stopped;1624115;-3710;-5425;29300;16404
10;L1_hidden_target;Stopped;1624128;-3710;-5425;29300;16404
10;L1_hidden_target;Stopped;1624142;-3710;-5425;29300;16404
10;L1_hidden_target;Stopped;1624155;-3710;-5425;29300;16404
10;L1_hidden_target;Stopped;1624168;-3710;-5425;29300;16404
10;L1_hidden_target;End;1638949;-3710;-5425;29300;16404
11;M2_cued_target;Begin;1638949;6999;-7000;0;0
11;M2_cued_target;Stopped;1694515;-3657;-6345;11084;10677
11;M2_cued_target;Stopped;1694529;-3657;-6345;11084;10677
11;M2_cued_target;Stopped;1694542;-3657;-6345;11084;10677
11;M2_cued_target;Stopped;1694555;-3657;-6345;11084;10677
11;M2_cued_target;Stopped;1694568;-3657;-6345;11084;10677
11;M2_cued_target;Stopped;1694582;-3657;-6345;11084;10677
11;M2_cued_target;Stopped;1694595;-3657;-6345;11084;10677
11;M2_cued_target;Stopped;1694608;-3657;-6345;11084;10677
11;M2_cued_target;Stopped;1694622;-3657;-6345;11084;10677
11;M2_cued_target;Stopped;1694636;-3657;-6345;11084;10677
11;M2_cued_target;Stopped;1694649;-3657;-6345;11084;10677
11;M2_cued_target;Stopped;1694662;-3657;-6345;11084;10677
11;M2_cued_target;Stopped;1694675;-3657;-6345;11084;10677
11;M2_cued_target;Stopped;1694688;-3657;-6345;11084;10677
11;M2_cued_target;Stopped;1694702;-3657;-6345;11084;10677
11;M2_cued_target;Stopped;1694715;-3657;-6345;11084;10677
11;M2_cued_target;Stopped;1694729;-3657;-6345;11084;10677
11;M2_cued_target;Stopped;1694742;-3657;-6345;11084;10677
11;M2_cued_target;Stopped;1694755;-3657;-6345;11084;10677
11;M2_cued_target;Stopped;1694769;-3657;-6345;11084;10677
11;M2_cued_target;Stopped;1694782;-3657;-6345;11084;10677
11;M2_cued_target;Stopped;1694795;-3657;-6345;11084;10677
11;M2_cued_target;Stopped;1694808;-3657;-6345;11084;10677
11;M2_cued_target;Stopped;1694822;-3657;-6345;11084;10677
11;M2_cued_target;Stopped;1694835;-3657;-6345;11084;10677
11;M2_cued_target;Stopped;1694849;-3657;-6345;11084;10677
11;M2_cued_target;Stopped;1694862;-3657;-6345;11084;10677
11;M2_cued_target;End;1709540;-3657;-6345;11084;10677
12;L3_hidden_target;Begin;1709540;-7000;7000;0;0
12;L3_hidden_target;Stopped;1755880;-4134;-5412;19596;12738
12;L3_hidden_target;Stopped;1755893;-4134;-5412;19596;12738
12;L3_hidden_target;Stopped;1755907;-4134;-5412;19596;12738
12;L3_hidden_target;Stopped;1755920;-4134;-5412;19596;12738
12;L3_hidden_target;Stopped;1755934;-4134;-5412;19596;12738
12;L3_hidden_target;Stopped;1755947;-4134;-5412;19596;12738
12;L3_hidden_target;Stopped;1755960;-4134;-5412;19596;12738
12;L3_hidden_target;Stopped;1755974;-4134;-5412;19596;12738
12;L3_hidden_target;Stopped;1755987;-4134;-5412;19596;12738
12;L3_hidden_target;Stopped;1756000;-4134;-5412;19596;12738
12;L3_hidden_target;Stopped;1756014;-4134;-5412;19596;12738
12;L3_hidden_target;Stopped;1756027;-4134;-5412;19596;12738
12;L3_hidden_target;Stopped;1756040;-4134;-5412;19596;12738
12;L3_hidden_target;Stopped;1756053;-4134;-5412;19596;12738
12;L3_hidden_target;Stopped;1756067;-4134;-5412;19596;12738
12;L3_hidden_target;Stopped;1756080;-4134;-5412;19596;12738
12;L3_hidden_target;Stopped;1756093;-4134;-5412;19596;12738
12;L3_hidden_target;Stopped;1756107;-4134;-5412;19596;12738
12;L3_hidden_target;Stopped;1756120;-4134;-5412;19596;12738
12;L3_hidden_target;Stopped;1756133;-4134;-5412;19596;12738
12;L3_hidden_target;Stopped;1756147;-4134;-5412;19596;12738
12;L3_hidden_target;Stopped;1756160;-4134;-5412;19596;12738
12;L3_hidden_target;End;1770901;-4134;-5412;19596;12738
13;M3_cued_target;Begin;1770901;-7000;7000;0;0
13;M3_cued_target;Stopped;1833705;-4493;-5417;12607;12668
13;M3_cued_target;Stopped;1833717;-4493;-5417;12607;12668
13;M3_cued_target;Stopped;1833731;-4493;-5417;12607;12668
13;M3_cued_target;Stopped;1833744;-4493;-5417;12607;12668
13;M3_cued_target;Stopped;1833758;-4493;-5417;12607;12668
13;M3_cued_target;Stopped;1833771;-4493;-5417;12607;12668
13;M3_cued_target;Stopped;1833784;-4493;-5417;12607;12668
13;M3_cued_target;Stopped;1833798;-4493;-5417;12607;12668
13;M3_cued_target;Stopped;1833811;-4493;-5417;12607;12668
13;M3_cued_target;Stopped;1833824;-4493;-5417;12607;12668
13;M3_cued_target;Stopped;1833838;-4493;-5417;12607;12668
13;M3_cued_target;Stopped;1833851;-4493;-5417;12607;12668
13;M3_cued_target;Stopped;1833864;-4493;-5417;12607;12668
13;M3_cued_target;Stopped;1833877;-4493;-5417;12607;12668
13;M3_cued_target;Stopped;1833891;-4493;-5417;12607;12668
13;M3_cued_target;Stopped;1833904;-4493;-5417;12607;12668
13;M3_cued_target;Stopped;1833917;-4493;-5417;12607;12668
13;M3_cued_target;End;1848725;-4493;-5417;12607;12668
14;L2_hidden_target;Begin;1848725;7000;-7000;0;0
14;L2_hidden_target;Stopped;1872437;-3683;-6378;11363;10701
14;L2_hidden_target;Stopped;1872450;-3683;-6378;11363;10701
14;L2_hidden_target;Stopped;1872463;-3683;-6378;11363;10701
14;L2_hidden_target;Stopped;1872490;-3683;-6378;11363;10701
14;L2_hidden_target;Stopped;1872503;-3683;-6378;11363;10701
14;L2_hidden_target;Stopped;1872517;-3683;-6378;11363;10701
14;L2_hidden_target;Stopped;1872530;-3683;-6378;11363;10701
14;L2_hidden_target;Stopped;1872543;-3683;-6378;11363;10701
14;L2_hidden_target;Stopped;1872557;-3683;-6378;11363;10701
14;L2_hidden_target;Stopped;1872570;-3683;-6378;11363;10701
14;L2_hidden_target;Stopped;1872583;-3683;-6378;11363;10701
14;L2_hidden_target;Stopped;1872597;-3683;-6378;11363;10701
14;L2_hidden_target;Stopped;1872610;-3683;-6378;11363;10701
14;L2_hidden_target;Stopped;1872624;-3683;-6378;11363;10701
14;L2_hidden_target;Stopped;1872637;-3683;-6378;11363;10701
14;L2_hidden_target;Stopped;1872650;-3683;-6378;11363;10701
14;L2_hidden_target;Stopped;1872663;-3683;-6378;11363;10701
14;L2_hidden_target;Stopped;1872677;-3683;-6378;11363;10701
14;L2_hidden_target;End;1887458;-3683;-6378;11363;10701
15;M1_cued_target;Begin;1887458;7000;7000;0;0
15;M1_cued_target;Stopped;2013692;-4128;-5286;22445;16577
15;M1_cued_target;Stopped;2013705;-4128;-5286;22445;16577
15;M1_cued_target;Stopped;2013718;-4128;-5286;22445;16577
15;M1_cued_target;Stopped;2013732;-4128;-5286;22445;16577
15;M1_cued_target;Stopped;2013745;-4128;-5286;22445;16577
15;M1_cued_target;Stopped;2013758;-4128;-5286;22445;16577
15;M1_cued_target;Stopped;2013772;-4128;-5286;22445;16577
15;M1_cued_target;Stopped;2013785;-4128;-5286;22445;16577
15;M1_cued_target;Stopped;2013798;-4128;-5286;22445;16577
15;M1_cued_target;Stopped;2013812;-4128;-5286;22445;16577
15;M1_cued_target;Stopped;2013825;-4128;-5286;22445;16577
15;M1_cued_target;Stopped;2013838;-4128;-5286;22445;16577
15;M1_cued_target;Stopped;2013852;-4128;-5286;22445;16577
15;M1_cued_target;Stopped;2013865;-4128;-5286;22445;16577
15;M1_cued_target;Stopped;2013878;-4128;-5286;22445;16577
15;M1_cued_target;Stopped;2013892;-4128;-5286;22445;16577
15;M1_cued_target;Stopped;2013905;-4128;-5286;22445;16577
15;M1_cued_target;Stopped;2013918;-4128;-5286;22445;16577
15;M1_cued_target;Stopped;2013932;-4128;-5286;22445;16577
15;M1_cued_target;Stopped;2013949;-4128;-5286;22445;16577
15;M1_cued_target;Stopped;2013962;-4128;-5286;22445;16577
15;M1_cued_target;End;2028713;-4128;-5286;22445;16577
16;L3_hidden_target;Begin;2028713;-7000;7000;0;0
16;L3_hidden_target;Stopped;2063700;-4969;-6049;16787;13206
16;L3_hidden_target;Stopped;2063714;-4969;-6049;16787;13206
16;L3_hidden_target;Stopped;2063727;-4969;-6049;16787;13206
16;L3_hidden_target;Stopped;2063741;-4969;-6049;16787;13206
16;L3_hidden_target;Stopped;2063754;-4969;-6049;16787;13206
16;L3_hidden_target;Stopped;2063767;-4969;-6049;16787;13206
16;L3_hidden_target;Stopped;2063781;-4969;-6049;16787;13206
16;L3_hidden_target;Stopped;2063794;-4969;-6049;16787;13206
16;L3_hidden_target;Stopped;2063811;-4969;-6049;16787;13206
16;L3_hidden_target;Stopped;2063826;-4969;-6049;16787;13206
16;L3_hidden_target;Stopped;2063837;-4969;-6049;16787;13206
16;L3_hidden_target;Stopped;2063848;-4969;-6049;16787;13206
16;L3_hidden_target;Stopped;2063861;-4969;-6049;16787;13206
16;L3_hidden_target;Stopped;2063874;-4969;-6049;16787;13206
16;L3_hidden_target;Stopped;2063887;-4969;-6049;16787;13206
16;L3_hidden_target;Stopped;2063900;-4969;-6049;16787;13206
16;L3_hidden_target;End;2078722;-4969;-6049;16787;13206
16;L3_hidden_target;Begin;2078722;-4969;-6049;16787;13206
