1;M3_cued_target;Stopped;310023;-3685;-5588;61727;13017
1;M3_cued_target;Stopped;310037;-3685;-5588;61727;13017
1;M3_cued_target;Stopped;310050;-3685;-5588;61727;13017
1;M3_cued_target;Stopped;310063;-3685;-5588;61727;13017
1;M3_cued_target;Stopped;310077;-3685;-5588;61727;13017
1;M3_cued_target;Stopped;310090;-3685;-5588;61727;13017
1;M3_cued_target;Stopped;310103;-3685;-5588;61727;13017
1;M3_cued_target;Stopped;310116;-3685;-5588;61727;13017
1;M3_cued_target;Stopped;310130;-3685;-5588;61727;13017
1;M3_cued_target;Stopped;310143;-3685;-5588;61727;13017
1;M3_cued_target;Stopped;310157;-3685;-5588;61727;13017
1;M3_cued_target;Stopped;310170;-3685;-5588;61727;13017
1;M3_cued_target;Stopped;310183;-3685;-5588;61727;13017
1;M3_cued_target;Stopped;310196;-3685;-5588;61727;13017
1;M3_cued_target;Stopped;310210;-3685;-5588;61727;13017
1;M3_cued_target;Stopped;310223;-3685;-5588;61727;13017
1;M3_cued_target;Stopped;310237;-3685;-5588;61727;13017
1;M3_cued_target;Stopped;310250;-3685;-5588;61727;13017
1;M3_cued_target;Stopped;310263;-3685;-5588;61727;13017
1;M3_cued_target;Stopped;310277;-3685;-5588;61727;13017
1;M3_cued_target;Stopped;310290;-3685;-5588;61727;13017
1;M3_cued_target;Stopped;310303;-3685;-5588;61727;13017
1;M3_cued_target;Stopped;310316;-3685;-5588;61727;13017
1;M3_cued_target;Stopped;310334;-3685;-5588;61727;13017
1;M3_cued_target;Stopped;310345;-3685;-5588;61727;13017
1;M3_cued_target;Stopped;310358;-3685;-5588;61727;13017
1;M3_cued_target;Stopped;310371;-3685;-5588;61727;13017
1;M3_cued_target;Stopped;310383;-3685;-5588;61727;13017
1;M3_cued_target;Stopped;310396;-3685;-5588;61727;13017
1;M3_cued_target;Stopped;310414;-3685;-5588;61727;13017
1;M3_cued_target;Stopped;310427;-3685;-5588;61727;13017
1;M3_cued_target;Stopped;310438;-3685;-5588;61727;13017
1;M3_cued_target;Stopped;310450;-3685;-5588;61727;13017
1;M3_cued_target;End;325044;-3685;-5588;61727;13017
2;L1_hidden_target;Begin;325044;7000;7000;0;0
2;L1_hidden_target;Stopped;741625;-3681;-5561;264775;16488
2;L1_hidden_target;Stopped;741638;-3681;-5561;264775;16488
2;L1_hidden_target;Stopped;741652;-3681;-5561;264775;16488
2;L1_hidden_target;Stopped;741665;-3681;-5561;264775;16488
2;L1_hidden_target;Stopped;741678;-3681;-5561;264775;16488
2;L1_hidden_target;Stopped;741692;-3681;-5561;264775;16488
2;L1_hidden_target;Stopped;741705;-3681;-5561;264775;16488
2;L1_hidden_target;Stopped;741718;-3681;-5561;264775;16488
2;L1_hidden_target;Stopped;741732;-3681;-5561;264775;16488
2;L1_hidden_target;Stopped;741745;-3681;-5561;264775;16488
2;L1_hidden_target;Stopped;741758;-3681;-5561;264775;16488
2;L1_hidden_target;Stopped;741772;-3681;-5561;264775;16488
2;L1_hidden_target;Stopped;741785;-3681;-5561;264775;16488
2;L1_hidden_target;Stopped;741798;-3681;-5561;264775;16488
2;L1_hidden_target;Stopped;741812;-3681;-5561;264775;16488
2;L1_hidden_target;Stopped;741824;-3681;-5561;264775;16488
2;L1_hidden_target;Stopped;741838;-3681;-5561;264775;16488
2;L1_hidden_target;Stopped;741851;-3681;-5561;264775;16488
2;L1_hidden_target;Stopped;741864;-3681;-5561;264775;16488
2;L1_hidden_target;Stopped;741878;-3681;-5561;264775;16488
2;L1_hidden_target;Stopped;741891;-3681;-5561;264775;16488
2;L1_hidden_target;Stopped;741905;-3681;-5561;264775;16488
2;L1_hidden_target;Stopped;741918;-3681;-5561;264775;16488
2;L1_hidden_target;Stopped;741932;-3681;-5561;264775;16488
2;L1_hidden_target;Stopped;741945;-3681;-5561;264775;16488
2;L1_hidden_target;Stopped;741958;-3681;-5561;264775;16488
2;L1_hidden_target;Stopped;741972;-3681;-5561;264775;16488
2;L1_hidden_target;End;756647;-3681;-5561;264775;16488
3;M1_cued_target;Begin;756647;7000;7000;0;0
3;M1_cued_target;Stopped;848121;-3682;-5959;19588;16794
3;M1_cued_target;Stopped;848136;-3682;-5959;19588;16794
3;M1_cued_target;Stopped;848147;-3682;-5959;19588;16794
3;M1_cued_target;Stopped;848159;-3682;-5959;19588;16794
3;M1_cued_target;Stopped;848173;-3682;-5959;19588;16794
3;M1_cued_target;Stopped;848186;-3682;-5959;19588;16794
3;M1_cued_target;Stopped;848199;-3682;-5959;19588;16794
3;M1_cued_target;Stopped;848213;-3682;-5959;19588;16794
3;M1_cued_target;Stopped;848226;-3682;-5959;19588;16794
3;M1_cued_target;Stopped;848239;-3682;-5959;19588;16794
3;M1_cued_target;Stopped;848253;-3682;-5959;19588;16794
3;M1_cued_target;Stopped;848266;-3682;-5959;19588;16794
3;M1_cued_target;Stopped;848279;-3682;-5959;19588;16794
3;M1_cued_target;Stopped;848293;-3682;-5959;19588;16794
3;M1_cued_target;Stopped;848306;-3682;-5959;19588;16794
3;M1_cued_target;Stopped;848319;-3682;-5959;19588;16794
3;M1_cued_target;Stopped;848332;-3682;-5959;19588;16794
3;M1_cued_target;Stopped;848345;-3682;-5959;19588;16794
3;M1_cued_target;Stopped;848359;-3682;-5959;19588;16794
3;M1_cued_target;Stopped;848372;-3682;-5959;19588;16794
3;M1_cued_target;Stopped;848385;-3682;-5959;19588;16794
3;M1_cued_target;Stopped;848399;-3682;-5959;19588;16794
3;M1_cued_target;Stopped;848412;-3682;-5959;19588;16794
3;M1_cued_target;Stopped;848425;-3682;-5959;19588;16794
3;M1_cued_target;Stopped;848439;-3682;-5959;19588;16794
3;M1_cued_target;Stopped;848452;-3682;-5959;19588;16794
3;M1_cued_target;Stopped;848465;-3682;-5959;19588;16794
3;M1_cued_target;Stopped;848483;-3682;-5959;19588;16794
3;M1_cued_target;End;863140;-3682;-5959;19588;16794
4;L2_hidden_target;Begin;863140;7000;-7000;0;0
4;L2_hidden_target;Stopped;934728;-4692;-6694;39046;11696
4;L2_hidden_target;Stopped;934742;-4692;-6694;39046;11696
4;L2_hidden_target;Stopped;934755;-4692;-6694;39046;11696
4;L2_hidden_target;Stopped;934769;-4692;-6694;39046;11696
4;L2_hidden_target;Stopped;934782;-4692;-6694;39046;11696
4;L2_hidden_target;Stopped;934795;-4692;-6694;39046;11696
4;L2_hidden_target;Stopped;934809;-4692;-6694;39046;11696
4;L2_hidden_target;Stopped;934822;-4692;-6694;39046;11696
4;L2_hidden_target;Stopped;934835;-4692;-6694;39046;11696
4;L2_hidden_target;Stopped;934849;-4692;-6694;39046;11696
4;L2_hidden_target;Stopped;934861;-4692;-6694;39046;11696
4;L2_hidden_target;Stopped;934875;-4692;-6694;39046;11696
4;L2_hidden_target;Stopped;934888;-4692;-6694;39046;11696
4;L2_hidden_target;Stopped;934901;-4692;-6694;39046;11696
4;L2_hidden_target;Stopped;934915;-4692;-6694;39046;11696
4;L2_hidden_target;Stopped;934928;-4692;-6694;39046;11696
4;L2_hidden_target;Stopped;934941;-4692;-6694;39046;11696
4;L2_hidden_target;Stopped;934955;-4692;-6694;39046;11696
4;L2_hidden_target;Stopped;934968;-4692;-6694;39046;11696
4;L2_hidden_target;Stopped;934987;-4692;-6694;39046;11696
4;L2_hidden_target;End;949749;-4692;-6694;39046;11696
5;M2_cued_target;Begin;949749;7000;-7000;0;0
5;M2_cued_target;Stopped;1185649;-4648;-5418;39390;11755
5;M2_cued_target;Stopped;1185662;-4648;-5418;39390;11755
5;M2_cued_target;Stopped;1185675;-4648;-5418;39390;11755
5;M2_cued_target;Stopped;1185689;-4648;-5418;39390;11755
5;M2_cued_target;Stopped;1185702;-4648;-5418;39390;11755
5;M2_cued_target;Stopped;1185715;-4648;-5418;39390;11755
5;M2_cued_target;Stopped;1185729;-4648;-5418;39390;11755
5;M2_cued_target;Stopped;1185742;-4648;-5418;39390;11755
5;M2_cued_target;Stopped;1185755;-4648;-5418;39390;11755
5;M2_cued_target;Stopped;1185769;-4648;-5418;39390;11755
5;M2_cued_target;Stopped;1185782;-4648;-5418;39390;11755
5;M2_cued_target;Stopped;1185795;-4648;-5418;39390;11755
5;M2_cued_target;Stopped;1185809;-4648;-5418;39390;11755
5;M2_cued_target;Stopped;1185822;-4648;-5418;39390;11755
5;M2_cued_target;Stopped;1185835;-4648;-5418;39390;11755
5;M2_cued_target;Stopped;1185849;-4648;-5418;39390;11755
5;M2_cued_target;Stopped;1185862;-4648;-5418;39390;11755
5;M2_cued_target;Stopped;1185875;-4648;-5418;39390;11755
5;M2_cued_target;Stopped;1185889;-4648;-5418;39390;11755
5;M2_cued_target;Stopped;1185902;-4648;-5418;39390;11755
5;M2_cued_target;Stopped;1185915;-4648;-5418;39390;11755
5;M2_cued_target;Stopped;1185929;-4648;-5418;39390;11755
5;M2_cued_target;Stopped;1185942;-4648;-5418;39390;11755
5;M2_cued_target;Stopped;1185955;-4648;-5418;39390;11755
5;M2_cued_target;End;1200669;-4648;-5418;39390;11755
6;L3_hidden_target;Begin;1200669;-7000;6999;0;0
6;L3_hidden_target;Stopped;1249187;-4970;-6025;25394;13182
6;L3_hidden_target;Stopped;1249200;-4970;-6025;25394;13182
6;L3_hidden_target;Stopped;1249214;-4970;-6025;25394;13182
6;L3_hidden_target;Stopped;1249231;-4970;-6025;25394;13182
6;L3_hidden_target;Stopped;1249244;-4970;-6025;25394;13182
6;L3_hidden_target;Stopped;1249257;-4970;-6025;25394;13182
6;L3_hidden_target;Stopped;1249270;-4970;-6025;25394;13182
6;L3_hidden_target;Stopped;1249280;-4970;-6025;25394;13182
6;L3_hidden_target;Stopped;1249293;-4970;-6025;25394;13182
6;L3_hidden_target;Stopped;1249307;-4970;-6025;25394;13182
6;L3_hidden_target;Stopped;1249320;-4970;-6025;25394;13182
6;L3_hidden_target;Stopped;1249333;-4970;-6025;25394;13182
6;L3_hidden_target;Stopped;1249347;-4970;-6025;25394;13182
6;L3_hidden_target;Stopped;1249360;-4970;-6025;25394;13182
6;L3_hidden_target;Stopped;1249373;-4970;-6025;25394;13182
6;L3_hidden_target;Stopped;1249387;-4970;-6025;25394;13182
6;L3_hidden_target;Stopped;1249400;-4970;-6025;25394;13182
6;L3_hidden_target;Stopped;1249413;-4970;-6025;25394;13182
6;L3_hidden_target;End;1264207;-4970;-6025;25394;13182
7;M1_cued_target;Begin;1264207;7000;7000;0;0
7;M1_cued_target;Stopped;1381884;-4797;-5419;25189;17129
7;M1_cued_target;Stopped;1381896;-4797;-5419;25189;17129
7;M1_cued_target;Stopped;1381910;-4797;-5419;25189;17129
7;M1_cued_target;Stopped;1381924;-4797;-5419;25189;17129
7;M1_cued_target;Stopped;1381937;-4797;-5419;25189;17129
7;M1_cued_target;Stopped;1381951;-4797;-5419;25189;17129
7;M1_cued_target;Stopped;1381964;-4797;-5419;25189;17129
7;M1_cued_target;Stopped;1381977;-4797;-5419;25189;17129
7;M1_cued_target;Stopped;1381991;-4797;-5419;25189;17129
7;M1_cued_target;Stopped;1382004;-4797;-5419;25189;17129
7;M1_cued_target;Stopped;1382017;-4797;-5419;25189;17129
7;M1_cued_target;Stopped;1382031;-4797;-5419;25189;17129
7;M1_cued_target;Stopped;1382044;-4797;-5419;25189;17129
7;M1_cued_target;Stopped;1382061;-4797;-5419;25189;17129
7;M1_cued_target;Stopped;1382075;-4797;-5419;25189;17129
7;M1_cued_target;End;1396904;-4797;-5419;25189;17129
8;L2_hidden_target;Begin;1396904;7000;-7000;0;0
8;L2_hidden_target;Stopped;1431225;-3683;-5727;15977;10758
8;L2_hidden_target;Stopped;1431239;-3683;-5727;15977;10758
8;L2_hidden_target;Stopped;1431256;-3683;-5727;15977;10758
8;L2_hidden_target;Stopped;1431271;-3683;-5727;15977;10758
8;L2_hidden_target;Stopped;1431281;-3683;-5727;15977;10758
8;L2_hidden_target;Stopped;1431293;-3683;-5727;15977;10758
8;L2_hidden_target;Stopped;1431306;-3683;-5727;15977;10758
8;L2_hidden_target;Stopped;1431319;-3683;-5727;15977;10758
8;L2_hidden_target;Stopped;1431332;-3683;-5727;15977;10758
8;L2_hidden_target;Stopped;1431346;-3683;-5727;15977;10758
8;L2_hidden_target;Stopped;1431359;-3683;-5727;15977;10758
8;L2_hidden_target;Stopped;1431372;-3683;-5727;15977;10758
8;L2_hidden_target;Stopped;1431386;-3683;-5727;15977;10758
8;L2_hidden_target;Stopped;1431399;-3683;-5727;15977;10758
8;L2_hidden_target;Stopped;1431412;-3683;-5727;15977;10758
8;L2_hidden_target;Stopped;1431426;-3683;-5727;15977;10758
8;L2_hidden_target;End;1446249;-3683;-5727;15977;10758
9;M3_cued_target;Begin;1446249;-7000;6999;0;0
9;M3_cued_target;Stopped;1519339;-4743;-5419;14538;12623
9;M3_cued_target;Stopped;1519353;-4743;-5419;14538;12623
9;M3_cued_target;Stopped;1519370;-4743;-5419;14538;12623
9;M3_cued_target;Stopped;1519383;-4743;-5419;14538;12623
9;M3_cued_target;Stopped;1519394;-4743;-5419;14538;12623
9;M3_cued_target;Stopped;1519407;-4743;-5419;14538;12623
9;M3_cued_target;Stopped;1519419;-4743;-5419;14538;12623
9;M3_cued_target;Stopped;1519433;-4743;-5419;14538;12623
9;M3_cued_target;Stopped;1519446;-4743;-5419;14538;12623
9;M3_cued_target;Stopped;1519460;-4743;-5419;14538;12623
9;M3_cued_target;Stopped;1519477;-4743;-5419;14538;12623
9;M3_cued_target;Stopped;1519501;-4743;-5419;14538;12623
9;M3_cued_target;Stopped;1519513;-4743;-5419;14538;12623
9;M3_cued_target;Stopped;1519526;-4743;-5419;14538;12623
9;M3_cued_target;Stopped;1519539;-4743;-5419;14538;12623
9;M3_cued_target;Stopped;1519552;-4743;-5419;14538;12623
9;M3_cued_target;Stopped;1519566;-4743;-5419;14538;12623
9;M3_cued_target;Stopped;1519579;-4743;-5419;14538;12623
9;M3_cued_target;End;1534361;-4743;-5419;14538;12623
10;L1_hidden_target;Begin;1534361;6999;6999;0;0
10;L1_hidden_target;Stopped;1570175;-4406;-5418;18831;16861
10;L1_hidden_target;Stopped;1570188;-4406;-5418;18831;16861
10;L1_hidden_target;Stopped;1570202;-4406;-5418;18831;16861
10;L1_hidden_target;Stopped;1570215;-4406;-5418;18831;16861
10;L1_hidden_target;Stopped;1570228;-4406;-5418;18831;16861
10;L1_hidden_target;Stopped;1570242;-4406;-5418;18831;16861
10;L1_hidden_target;Stopped;1570255;-4406;-5418;18831;16861
10;L1_hidden_target;Stopped;1570268;-4406;-5418;18831;16861
10;L1_hidden_target;Stopped;1570282;-4406;-5418;18831;16861
10;L1_hidden_target;Stopped;1570295;-4406;-5418;18831;16861
10;L1_hidden_target;Stopped;1570308;-4406;-5418;18831;16861
10;L1_hidden_target;Stopped;1570322;-4406;-5418;18831;16861
10;L1_hidden_target;Stopped;1570335;-4406;-5418;18831;16861
10;L1_hidden_target;Stopped;1570348;-4406;-5418;18831;16861
10;L1_hidden_target;Stopped;1570362;-4406;-5418;18831;16861
10;L1_hidden_target;End;1585196;-4406;-5418;18831;16861
11;M2_cued_target;Begin;1585196;7000;-7000;0;0
11;M2_cued_target;Stopped;1791013;-4666;-5419;38011;11773
11;M2_cued_target;Stopped;1791026;-4666;-5419;38011;11773
11;M2_cued_target;Stopped;1791040;-4666;-5419;38011;11773
11;M2_cued_target;Stopped;1791053;-4666;-5419;38011;11773
11;M2_cued_target;Stopped;1791067;-4666;-5419;38011;11773
11;M2_cued_target;Stopped;1791080;-4666;-5419;38011;11773
11;M2_cued_target;Stopped;1791093;-4666;-5419;38011;11773
11;M2_cued_target;Stopped;1791108;-4666;-5419;38011;11773
11;M2_cued_target;Stopped;1791124;-4666;-5419;38011;11773
11;M2_cued_target;Stopped;1791137;-4666;-5419;38011;11773
11;M2_cued_target;Stopped;1791151;-4666;-5419;38011;11773
11;M2_cued_target;Stopped;1791161;-4666;-5419;38011;11773
11;M2_cued_target;Stopped;1791174;-4666;-5419;38011;11773
11;M2_cued_target;Stopped;1791187;-4666;-5419;38011;11773
11;M2_cued_target;Stopped;1791201;-4666;-5419;38011;11773
11;M2_cued_target;Stopped;1791214;-4666;-5419;38011;11773
11;M2_cued_target;Stopped;1791227;-4666;-5419;38011;11773
11;M2_cued_target;Stopped;1791241;-4666;-5419;38011;11773
11;M2_cued_target;Stopped;1791254;-4666;-5419;38011;11773
11;M2_cued_target;Stopped;1791267;-4666;-5419;38011;11773
11;M2_cued_target;Stopped;1791281;-4666;-5419;38011;11773
11;M2_cued_target;End;1806034;-4666;-5419;38011;11773
12;L3_hidden_target;Begin;1806034;-7000;7000;0;0
12;L3_hidden_target;Stopped;1831920;-4965;-6399;15061;13552
12;L3_hidden_target;Stopped;1831933;-4965;-6399;15061;13552
12;L3_hidden_target;Stopped;1831947;-4965;-6399;15061;13552
12;L3_hidden_target;Stopped;1831960;-4965;-6399;15061;13552
12;L3_hidden_target;Stopped;1831973;-4965;-6399;15061;13552
12;L3_hidden_target;Stopped;1831987;-4965;-6399;15061;13552
12;L3_hidden_target;Stopped;1832000;-4965;-6399;15061;13552
12;L3_hidden_target;Stopped;1832013;-4965;-6399;15061;13552
12;L3_hidden_target;Stopped;1832027;-4965;-6399;15061;13552
12;L3_hidden_target;Stopped;1832040;-4965;-6399;15061;13552
12;L3_hidden_target;Stopped;1832053;-4965;-6399;15061;13552
12;L3_hidden_target;Stopped;1832067;-4965;-6399;15061;13552
12;L3_hidden_target;Stopped;1832080;-4965;-6399;15061;13552
12;L3_hidden_target;Stopped;1832093;-4965;-6399;15061;13552
12;L3_hidden_target;Stopped;1832107;-4965;-6399;15061;13552
12;L3_hidden_target;Stopped;1832120;-4965;-6399;15061;13552
12;L3_hidden_target;Stopped;1832133;-4965;-6399;15061;13552
12;L3_hidden_target;Stopped;1832147;-4965;-6399;15061;13552
12;L3_hidden_target;Stopped;1832160;-4965;-6399;15061;13552
12;L3_hidden_target;Stopped;1832173;-4965;-6399;15061;13552
12;L3_hidden_target;Stopped;1832187;-4965;-6399;15061;13552
12;L3_hidden_target;Stopped;1832200;-4965;-6399;15061;13552
12;L3_hidden_target;Stopped;1832212;-4965;-6399;15061;13552
12;L3_hidden_target;Stopped;1832226;-4965;-6399;15061;13552
12;L3_hidden_target;Stopped;1832240;-4965;-6399;15061;13552
12;L3_hidden_target;Stopped;1832253;-4965;-6399;15061;13552
12;L3_hidden_target;Stopped;1832266;-4965;-6399;15061;13552
12;L3_hidden_target;Stopped;1832280;-4965;-6399;15061;13552
12;L3_hidden_target;End;1846941;-4965;-6399;15061;13552
13;M3_cued_target;Begin;1846941;-7000;6999;0;0
13;M3_cued_target;Stopped;1911921;-4960;-5485;12979;12650
13;M3_cued_target;Stopped;1911933;-4960;-5485;12979;12650
13;M3_cued_target;Stopped;1911944;-4960;-5485;12979;12650
13;M3_cued_target;Stopped;1911958;-4960;-5485;12979;12650
13;M3_cued_target;Stopped;1911969;-4960;-5485;12979;12650
13;M3_cued_target;Stopped;1911982;-4960;-5485;12979;12650
13;M3_cued_target;Stopped;1911996;-4960;-5485;12979;12650
13;M3_cued_target;Stopped;1912009;-4960;-5485;12979;12650
13;M3_cued_target;Stopped;1912022;-4960;-5485;12979;12650
13;M3_cued_target;Stopped;1912036;-4960;-5485;12979;12650
13;M3_cued_target;Stopped;1912049;-4960;-5485;12979;12650
13;M3_cued_target;Stopped;1912062;-4960;-5485;12979;12650
13;M3_cued_target;Stopped;1912076;-4960;-5485;12979;12650
13;M3_cued_target;Stopped;1912089;-4960;-5485;12979;12650
13;M3_cued_target;Stopped;1912102;-4960;-5485;12979;12650
13;M3_cued_target;Stopped;1912116;-4960;-5485;12979;12650
13;M3_cued_target;Stopped;1912129;-4960;-5485;12979;12650
13;M3_cued_target;Stopped;1912142;-4960;-5485;12979;12650
13;M3_cued_target;Stopped;1912156;-4960;-5485;12979;12650
13;M3_cued_target;Stopped;1912169;-4960;-5485;12979;12650
13;M3_cued_target;End;1926937;-4960;-5485;12979;12650
14;L2_hidden_target;Begin;1926937;7000;-7000;0;0
14;L2_hidden_target;Stopped;1956553;-3682;-5910;15861;10738
14;L2_hidden_target;Stopped;1956566;-3682;-5910;15861;10738
14;L2_hidden_target;Stopped;1956580;-3682;-5910;15861;10738
14;L2_hidden_target;Stopped;1956593;-3682;-5910;15861;10738
14;L2_hidden_target;Stopped;1956607;-3682;-5910;15861;10738
14;L2_hidden_target;Stopped;1956620;-3682;-5910;15861;10738
14;L2_hidden_target;Stopped;1956633;-3682;-5910;15861;10738
14;L2_hidden_target;Stopped;1956651;-3682;-5910;15861;10738
14;L2_hidden_target;Stopped;1956663;-3682;-5910;15861;10738
14;L2_hidden_target;Stopped;1956675;-3682;-5910;15861;10738
14;L2_hidden_target;Stopped;1956691;-3682;-5910;15861;10738
14;L2_hidden_target;Stopped;1956705;-3682;-5910;15861;10738
14;L2_hidden_target;Stopped;1956718;-3682;-5910;15861;10738
14;L2_hidden_target;Stopped;1956727;-3682;-5910;15861;10738
14;L2_hidden_target;Stopped;1956741;-3682;-5910;15861;10738
14;L2_hidden_target;Stopped;1956753;-3682;-5910;15861;10738
14;L2_hidden_target;Stopped;1956767;-3682;-5910;15861;10738
14;L2_hidden_target;Stopped;1956780;-3682;-5910;15861;10738
14;L2_hidden_target;Stopped;1956793;-3682;-5910;15861;10738
14;L2_hidden_target;Stopped;1956806;-3682;-5910;15861;10738
14;L2_hidden_target;Stopped;1956821;-3682;-5910;15861;10738
14;L2_hidden_target;Stopped;1956834;-3682;-5910;15861;10738
14;L2_hidden_target;End;1971575;-3682;-5910;15861;10738
15;M1_cued_target;Begin;1971575;7000;6999;0;0
15;M1_cued_target;Stopped;2076069;-4432;-5418;22159;16879
15;M1_cued_target;Stopped;2076082;-4432;-5418;22159;16879
15;M1_cued_target;Stopped;2076096;-4432;-5418;22159;16879
15;M1_cued_target;Stopped;2076109;-4432;-5418;22159;16879
15;M1_cued_target;Stopped;2076122;-4432;-5418;22159;16879
15;M1_cued_target;Stopped;2076136;-4432;-5418;22159;16879
15;M1_cued_target;Stopped;2076149;-4432;-5418;22159;16879
15;M1_cued_target;Stopped;2076162;-4432;-5418;22159;16879
15;M1_cued_target;Stopped;2076176;-4432;-5418;22159;16879
15;M1_cued_target;Stopped;2076189;-4432;-5418;22159;16879
15;M1_cued_target;Stopped;2076203;-4432;-5418;22159;16879
15;M1_cued_target;Stopped;2076216;-4432;-5418;22159;16879
15;M1_cued_target;Stopped;2076229;-4432;-5418;22159;16879
15;M1_cued_target;Stopped;2076243;-4432;-5418;22159;16879
15;M1_cued_target;Stopped;2076256;-4432;-5418;22159;16879
15;M1_cued_target;Stopped;2076269;-4432;-5418;22159;16879
15;M1_cued_target;Stopped;2076283;-4432;-5418;22159;16879
15;M1_cued_target;Stopped;2076296;-4432;-5418;22159;16879
15;M1_cued_target;Stopped;2076313;-4432;-5418;22159;16879
15;M1_cued_target;Stopped;2076325;-4432;-5418;22159;16879
15;M1_cued_target;End;2091090;-4432;-5418;22159;16879
16;L3_hidden_target;Begin;2091090;-7000;7000;0;0
16;L3_hidden_target;Stopped;2117162;-5002;-6173;14119;13324
16;L3_hidden_target;Stopped;2117175;-5002;-6173;14119;13324
16;L3_hidden_target;Stopped;2117188;-5002;-6173;14119;13324
16;L3_hidden_target;Stopped;2117202;-5002;-6173;14119;13324
16;L3_hidden_target;Stopped;2117215;-5002;-6173;14119;13324
16;L3_hidden_target;Stopped;2117228;-5002;-6173;14119;13324
16;L3_hidden_target;Stopped;2117242;-5002;-6173;14119;13324
16;L3_hidden_target;Stopped;2117255;-5002;-6173;14119;13324
16;L3_hidden_target;Stopped;2117268;-5002;-6173;14119;13324
16;L3_hidden_target;Stopped;2117282;-5002;-6173;14119;13324
16;L3_hidden_target;Stopped;2117295;-5002;-6173;14119;13324
16;L3_hidden_target;Stopped;2117313;-5002;-6173;14119;13324
16;L3_hidden_target;Stopped;2117325;-5002;-6173;14119;13324
16;L3_hidden_target;Stopped;2117339;-5002;-6173;14119;13324
16;L3_hidden_target;Stopped;2117348;-5002;-6173;14119;13324
16;L3_hidden_target;Stopped;2117361;-5002;-6173;14119;13324
16;L3_hidden_target;Stopped;2117375;-5002;-6173;14119;13324
16;L3_hidden_target;Stopped;2117388;-5002;-6173;14119;13324
16;L3_hidden_target;Stopped;2117401;-5002;-6173;14119;13324
16;L3_hidden_target;Stopped;2117415;-5002;-6173;14119;13324
16;L3_hidden_target;Stopped;2117428;-5002;-6173;14119;13324
16;L3_hidden_target;Stopped;2117441;-5002;-6173;14119;13324
16;L3_hidden_target;Stopped;2117455;-5002;-6173;14119;13324
16;L3_hidden_target;Stopped;2117495;-5002;-6173;14119;13324
16;L3_hidden_target;Stopped;2117507;-5002;-6173;14119;13324
16;L3_hidden_target;End;2132182;-5002;-6173;14119;13324
16;L3_hidden_target;Begin;2132182;-5002;-6173;14119;13324
