1;M3_cued_target;Stopped;73748;-4794;-5420;14376;12615
1;M3_cued_target;Stopped;73765;-4794;-5420;14376;12615
1;M3_cued_target;Stopped;73782;-4794;-5420;14376;12615
1;M3_cued_target;Stopped;73798;-4794;-5420;14376;12615
1;M3_cued_target;Stopped;73815;-4794;-5420;14376;12615
1;M3_cued_target;Stopped;73836;-4794;-5420;14376;12615
1;M3_cued_target;Stopped;73853;-4794;-5420;14376;12615
1;M3_cued_target;Stopped;73865;-4794;-5420;14376;12615
1;M3_cued_target;Stopped;73882;-4794;-5420;14376;12615
1;M3_cued_target;Stopped;73898;-4794;-5420;14376;12615
1;M3_cued_target;Stopped;73915;-4794;-5420;14376;12615
1;M3_cued_target;Stopped;73932;-4794;-5420;14376;12615
1;M3_cued_target;Stopped;73949;-4794;-5420;14376;12615
1;M3_cued_target;Stopped;73965;-4794;-5420;14376;12615
1;M3_cued_target;Stopped;73982;-4794;-5420;14376;12615
1;M3_cued_target;Stopped;73998;-4794;-5420;14376;12615
1;M3_cued_target;Stopped;74015;-4794;-5420;14376;12615
1;M3_cued_target;Stopped;74032;-4794;-5420;14376;12615
1;M3_cued_target;Stopped;74048;-4794;-5420;14376;12615
1;M3_cued_target;Stopped;74065;-4794;-5420;14376;12615
1;M3_cued_target;Stopped;74082;-4794;-5420;14376;12615
1;M3_cued_target;Stopped;74098;-4794;-5420;14376;12615
1;M3_cued_target;Stopped;74115;-4794;-5420;14376;12615
1;M3_cued_target;End;80813;-4794;-5420;14376;12615
2;L1_hidden_target;Begin;80813;7000;7000;0;0
2;L1_hidden_target;Stopped;198425;-3687;-5455;23793;16412
2;L1_hidden_target;Stopped;198441;-3687;-5455;23793;16412
2;L1_hidden_target;Stopped;198458;-3687;-5455;23793;16412
2;L1_hidden_target;Stopped;198475;-3687;-5455;23793;16412
2;L1_hidden_target;Stopped;198492;-3687;-5455;23793;16412
2;L1_hidden_target;Stopped;198542;-3687;-5455;23793;16412
2;L1_hidden_target;Stopped;198558;-3687;-5455;23793;16412
2;L1_hidden_target;Stopped;198575;-3687;-5455;23793;16412
2;L1_hidden_target;Stopped;198592;-3687;-5455;23793;16412
2;L1_hidden_target;Stopped;198608;-3687;-5455;23793;16412
2;L1_hidden_target;Stopped;198625;-3687;-5455;23793;16412
2;L1_hidden_target;Stopped;198641;-3687;-5455;23793;16412
2;L1_hidden_target;Stopped;198658;-3687;-5455;23793;16412
2;L1_hidden_target;End;213458;-3687;-5455;23793;16412
3;M1_cued_target;Begin;213458;7000;7000;0;0
3;M1_cued_target;Stopped;334333;-4339;-5417;24437;16816
3;M1_cued_target;Stopped;334350;-4339;-5417;24437;16816
3;M1_cued_target;Stopped;334367;-4339;-5417;24437;16816
3;M1_cued_target;Stopped;334384;-4339;-5417;24437;16816
3;M1_cued_target;Stopped;334400;-4339;-5417;24437;16816
3;M1_cued_target;Stopped;334417;-4339;-5417;24437;16816
3;M1_cued_target;Stopped;334434;-4339;-5417;24437;16816
3;M1_cued_target;Stopped;334450;-4339;-5417;24437;16816
3;M1_cued_target;Stopped;334467;-4339;-5417;24437;16816
3;M1_cued_target;Stopped;334484;-4339;-5417;24437;16816
3;M1_cued_target;Stopped;334500;-4339;-5417;24437;16816
3;M1_cued_target;Stopped;334534;-4339;-5417;24437;16816
3;M1_cued_target;Stopped;334550;-4339;-5417;24437;16816
3;M1_cued_target;Stopped;334567;-4339;-5417;24437;16816
3;M1_cued_target;Stopped;334584;-4339;-5417;24437;16816
3;M1_cued_target;Stopped;334600;-4339;-5417;24437;16816
3;M1_cued_target;Stopped;334621;-4339;-5417;24437;16816
3;M1_cued_target;End;349365;-4339;-5417;24437;16816
4;L2_hidden_target;Begin;349365;7000;-7000;0;0
4;L2_hidden_target;Stopped;412179;-3683;-6242;11348;10710
4;L2_hidden_target;Stopped;412196;-3683;-6242;11348;10710
4;L2_hidden_target;Stopped;412215;-3683;-6242;11348;10710
4;L2_hidden_target;Stopped;412234;-3683;-6242;11348;10710
4;L2_hidden_target;Stopped;412251;-3683;-6242;11348;10710
4;L2_hidden_target;Stopped;412267;-3683;-6242;11348;10710
4;L2_hidden_target;Stopped;412284;-3683;-6242;11348;10710
4;L2_hidden_target;Stopped;412296;-3683;-6242;11348;10710
4;L2_hidden_target;Stopped;412313;-3683;-6242;11348;10710
4;L2_hidden_target;Stopped;412329;-3683;-6242;11348;10710
4;L2_hidden_target;Stopped;412346;-3683;-6242;11348;10710
4;L2_hidden_target;Stopped;412362;-3683;-6242;11348;10710
4;L2_hidden_target;Stopped;412380;-3683;-6242;11348;10710
4;L2_hidden_target;Stopped;412396;-3683;-6242;11348;10710
4;L2_hidden_target;Stopped;412413;-3683;-6242;11348;10710
4;L2_hidden_target;Stopped;412430;-3683;-6242;11348;10710
4;L2_hidden_target;Stopped;412446;-3683;-6242;11348;10710
4;L2_hidden_target;Stopped;412463;-3683;-6242;11348;10710
4;L2_hidden_target;Stopped;412480;-3683;-6242;11348;10710
4;L2_hidden_target;Stopped;412496;-3683;-6242;11348;10710
4;L2_hidden_target;Stopped;412534;-3683;-6242;11348;10710
4;L2_hidden_target;End;427201;-3683;-6242;11348;10710
5;M2_cued_target;Begin;427201;7000;-7000;0;0
5;M2_cued_target;Stopped;636765;-4474;-5384;39037;11587
5;M2_cued_target;Stopped;636782;-4474;-5384;39037;11587
5;M2_cued_target;Stopped;636799;-4474;-5384;39037;11587
5;M2_cued_target;Stopped;636819;-4474;-5384;39037;11587
5;M2_cued_target;Stopped;636834;-4474;-5384;39037;11587
5;M2_cued_target;Stopped;636850;-4474;-5384;39037;11587
5;M2_cued_target;Stopped;636865;-4474;-5384;39037;11587
5;M2_cued_target;Stopped;636882;-4474;-5384;39037;11587
5;M2_cued_target;Stopped;636899;-4474;-5384;39037;11587
5;M2_cued_target;Stopped;636915;-4474;-5384;39037;11587
5;M2_cued_target;Stopped;636932;-4474;-5384;39037;11587
5;M2_cued_target;Stopped;636949;-4474;-5384;39037;11587
5;M2_cued_target;Stopped;636965;-4474;-5384;39037;11587
5;M2_cued_target;Stopped;636982;-4474;-5384;39037;11587
5;M2_cued_target;Stopped;636999;-4474;-5384;39037;11587
5;M2_cued_target;Stopped;637015;-4474;-5384;39037;11587
5;M2_cued_target;Stopped;637032;-4474;-5384;39037;11587
5;M2_cued_target;Stopped;637049;-4474;-5384;39037;11587
5;M2_cued_target;Stopped;637065;-4474;-5384;39037;11587
5;M2_cued_target;Stopped;637082;-4474;-5384;39037;11587
5;M2_cued_target;Stopped;637098;-4474;-5384;39037;11587
5;M2_cued_target;Stopped;637115;-4474;-5384;39037;11587
5;M2_cued_target;End;651783;-4474;-5384;39037;11587
6;L3_hidden_target;Begin;651783;-7000;7000;0;0
6;L3_hidden_target;Stopped;734277;-4961;-5594;15735;12758
6;L3_hidden_target;Stopped;734294;-4961;-5594;15735;12758
6;L3_hidden_target;Stopped;734311;-4961;-5594;15735;12758
6;L3_hidden_target;Stopped;734328;-4961;-5594;15735;12758
6;L3_hidden_target;Stopped;734344;-4961;-5594;15735;12758
6;L3_hidden_target;Stopped;734362;-4961;-5594;15735;12758
6;L3_hidden_target;Stopped;734384;-4961;-5594;15735;12758
6;L3_hidden_target;Stopped;734400;-4961;-5594;15735;12758
6;L3_hidden_target;Stopped;734417;-4961;-5594;15735;12758
6;L3_hidden_target;Stopped;734428;-4961;-5594;15735;12758
6;L3_hidden_target;Stopped;734445;-4961;-5594;15735;12758
6;L3_hidden_target;Stopped;734460;-4961;-5594;15735;12758
6;L3_hidden_target;Stopped;734477;-4961;-5594;15735;12758
6;L3_hidden_target;Stopped;734527;-4961;-5594;15735;12758
6;L3_hidden_target;Stopped;734544;-4961;-5594;15735;12758
6;L3_hidden_target;Stopped;734560;-4961;-5594;15735;12758
6;L3_hidden_target;Stopped;734577;-4961;-5594;15735;12758
6;L3_hidden_target;Stopped;734594;-4961;-5594;15735;12758
6;L3_hidden_target;End;749310;-4961;-5594;15735;12758
7;M1_cued_target;Begin;749310;7000;6999;0;0
7;M1_cued_target;Stopped;849520;-3686;-5594;20781;16517
7;M1_cued_target;Stopped;849537;-3686;-5594;20781;16517
7;M1_cued_target;Stopped;849553;-3686;-5594;20781;16517
7;M1_cued_target;Stopped;849570;-3686;-5594;20781;16517
7;M1_cued_target;Stopped;849587;-3686;-5594;20781;16517
7;M1_cued_target;Stopped;849604;-3686;-5594;20781;16517
7;M1_cued_target;Stopped;849620;-3686;-5594;20781;16517
7;M1_cued_target;Stopped;849637;-3686;-5594;20781;16517
7;M1_cued_target;Stopped;849654;-3686;-5594;20781;16517
7;M1_cued_target;Stopped;849670;-3686;-5594;20781;16517
7;M1_cued_target;Stopped;849688;-3686;-5594;20781;16517
7;M1_cued_target;Stopped;849705;-3686;-5594;20781;16517
7;M1_cued_target;Stopped;849721;-3686;-5594;20781;16517
7;M1_cued_target;Stopped;849737;-3686;-5594;20781;16517
7;M1_cued_target;Stopped;849754;-3686;-5594;20781;16517
7;M1_cued_target;Stopped;849770;-3686;-5594;20781;16517
7;M1_cued_target;Stopped;849787;-3686;-5594;20781;16517
7;M1_cued_target;Stopped;849803;-3686;-5594;20781;16517
7;M1_cued_target;Stopped;849824;-3686;-5594;20781;16517
7;M1_cued_target;Stopped;849838;-3686;-5594;20781;16517
7;M1_cued_target;Stopped;849854;-3686;-5594;20781;16517
7;M1_cued_target;Stopped;849870;-3686;-5594;20781;16517
7;M1_cued_target;Stopped;849887;-3686;-5594;20781;16517
7;M1_cued_target;Stopped;849904;-3686;-5594;20781;16517
7;M1_cued_target;Stopped;849924;-3686;-5594;20781;16517
7;M1_cued_target;Stopped;849942;-3686;-5594;20781;16517
7;M1_cued_target;Stopped;849955;-3686;-5594;20781;16517
7;M1_cued_target;Stopped;849972;-3686;-5594;20781;16517
7;M1_cued_target;End;864557;-3686;-5594;20781;16517
8;L2_hidden_target;Begin;864557;7000;-7000;0;0
8;L2_hidden_target;Stopped;923350;-3681;-5983;11795;10729
8;L2_hidden_target;Stopped;923367;-3681;-5983;11795;10729
8;L2_hidden_target;Stopped;923383;-3681;-5983;11795;10729
8;L2_hidden_target;Stopped;923400;-3681;-5983;11795;10729
8;L2_hidden_target;Stopped;923417;-3681;-5983;11795;10729
8;L2_hidden_target;Stopped;923433;-3681;-5983;11795;10729
8;L2_hidden_target;Stopped;923451;-3681;-5983;11795;10729
8;L2_hidden_target;Stopped;923467;-3681;-5983;11795;10729
8;L2_hidden_target;Stopped;923483;-3681;-5983;11795;10729
8;L2_hidden_target;Stopped;923517;-3681;-5983;11795;10729
8;L2_hidden_target;Stopped;923533;-3681;-5983;11795;10729
8;L2_hidden_target;Stopped;923555;-3681;-5983;11795;10729
8;L2_hidden_target;Stopped;923568;-3681;-5983;11795;10729
8;L2_hidden_target;Stopped;923587;-3681;-5983;11795;10729
8;L2_hidden_target;Stopped;923600;-3681;-5983;11795;10729
8;L2_hidden_target;Stopped;923620;-3681;-5983;11795;10729
8;L2_hidden_target;Stopped;923638;-3681;-5983;11795;10729
8;L2_hidden_target;Stopped;923655;-3681;-5983;11795;10729
8;L2_hidden_target;Stopped;923667;-3681;-5983;11795;10729
8;L2_hidden_target;Stopped;923684;-3681;-5983;11795;10729
8;L2_hidden_target;Stopped;923714;-3681;-5983;11795;10729
8;L2_hidden_target;Stopped;923724;-3681;-5983;11795;10729
8;L2_hidden_target;End;938368;-3681;-5983;11795;10729
9;M3_cued_target;Begin;938368;-7000;6999;0;0
9;M3_cued_target;Stopped;1084758;-3833;-5425;30077;12822
9;M3_cued_target;Stopped;1084774;-3833;-5425;30077;12822
9;M3_cued_target;Stopped;1084791;-3833;-5425;30077;12822
9;M3_cued_target;Stopped;1084811;-3833;-5425;30077;12822
9;M3_cued_target;Stopped;1084828;-3833;-5425;30077;12822
9;M3_cued_target;Stopped;1084843;-3833;-5425;30077;12822
9;M3_cued_target;Stopped;1084858;-3833;-5425;30077;12822
9;M3_cued_target;Stopped;1084874;-3833;-5425;30077;12822
9;M3_cued_target;Stopped;1084891;-3833;-5425;30077;12822
9;M3_cued_target;Stopped;1084907;-3833;-5425;30077;12822
9;M3_cued_target;Stopped;1084924;-3833;-5425;30077;12822
9;M3_cued_target;Stopped;1084940;-3833;-5425;30077;12822
9;M3_cued_target;Stopped;1084958;-3833;-5425;30077;12822
9;M3_cued_target;Stopped;1084974;-3833;-5425;30077;12822
9;M3_cued_target;Stopped;1084991;-3833;-5425;30077;12822
9;M3_cued_target;Stopped;1085007;-3833;-5425;30077;12822
9;M3_cued_target;Stopped;1085024;-3833;-5425;30077;12822
9;M3_cued_target;Stopped;1085040;-3833;-5425;30077;12822
9;M3_cued_target;Stopped;1085058;-3833;-5425;30077;12822
9;M3_cued_target;Stopped;1085074;-3833;-5425;30077;12822
9;M3_cued_target;Stopped;1085091;-3833;-5425;30077;12822
9;M3_cued_target;Stopped;1085107;-3833;-5425;30077;12822
9;M3_cued_target;Stopped;1085125;-3833;-5425;30077;12822
9;M3_cued_target;Stopped;1085140;-3833;-5425;30077;12822
9;M3_cued_target;Stopped;1085158;-3833;-5425;30077;12822
9;M3_cued_target;Stopped;1085174;-3833;-5425;30077;12822
9;M3_cued_target;Stopped;1085191;-3833;-5425;30077;12822
9;M3_cued_target;Stopped;1085207;-3833;-5425;30077;12822
9;M3_cued_target;End;1099778;-3833;-5425;30077;12822
10;L1_hidden_target;Begin;1099778;7000;6999;0;0
10;L1_hidden_target;Stopped;1189206;-3683;-6045;18592;16862
10;L1_hidden_target;Stopped;1189219;-3683;-6045;18592;16862
10;L1_hidden_target;Stopped;1189236;-3683;-6045;18592;16862
10;L1_hidden_target;Stopped;1189253;-3683;-6045;18592;16862
10;L1_hidden_target;Stopped;1189269;-3683;-6045;18592;16862
10;L1_hidden_target;Stopped;1189286;-3683;-6045;18592;16862
10;L1_hidden_target;Stopped;1189303;-3683;-6045;18592;16862
10;L1_hidden_target;Stopped;1189319;-3683;-6045;18592;16862
10;L1_hidden_target;Stopped;1189336;-3683;-6045;18592;16862
10;L1_hidden_target;Stopped;1189353;-3683;-6045;18592;16862
10;L1_hidden_target;Stopped;1189369;-3683;-6045;18592;16862
10;L1_hidden_target;Stopped;1189386;-3683;-6045;18592;16862
10;L1_hidden_target;Stopped;1189403;-3683;-6045;18592;16862
10;L1_hidden_target;Stopped;1189419;-3683;-6045;18592;16862
10;L1_hidden_target;Stopped;1189436;-3683;-6045;18592;16862
10;L1_hidden_target;Stopped;1189453;-3683;-6045;18592;16862
10;L1_hidden_target;Stopped;1189469;-3683;-6045;18592;16862
10;L1_hidden_target;End;1204238;-3683;-6045;18592;16862
11;M2_cued_target;Begin;1204238;7000;-7000;0;0
11;M2_cued_target;Stopped;1268296;-3682;-6075;11520;10722
11;M2_cued_target;Stopped;1268313;-3682;-6075;11520;10722
11;M2_cued_target;Stopped;1268330;-3682;-6075;11520;10722
11;M2_cued_target;Stopped;1268346;-3682;-6075;11520;10722
11;M2_cued_target;Stopped;1268363;-3682;-6075;11520;10722
11;M2_cued_target;Stopped;1268380;-3682;-6075;11520;10722
11;M2_cued_target;Stopped;1268396;-3682;-6075;11520;10722
11;M2_cued_target;Stopped;1268413;-3682;-6075;11520;10722
11;M2_cued_target;Stopped;1268430;-3682;-6075;11520;10722
11;M2_cued_target;Stopped;1268446;-3682;-6075;11520;10722
11;M2_cued_target;Stopped;1268463;-3682;-6075;11520;10722
11;M2_cued_target;Stopped;1268513;-3682;-6075;11520;10722
11;M2_cued_target;Stopped;1268530;-3682;-6075;11520;10722
11;M2_cued_target;Stopped;1268547;-3682;-6075;11520;10722
11;M2_cued_target;Stopped;1268563;-3682;-6075;11520;10722
11;M2_cued_target;Stopped;1268580;-3682;-6075;11520;10722
11;M2_cued_target;Stopped;1268596;-3682;-6075;11520;10722
11;M2_cued_target;Stopped;1268613;-3682;-6075;11520;10722
11;M2_cued_target;Stopped;1268630;-3682;-6075;11520;10722
11;M2_cued_target;Stopped;1268646;-3682;-6075;11520;10722
11;M2_cued_target;Stopped;1268663;-3682;-6075;11520;10722
11;M2_cued_target;Stopped;1268680;-3682;-6075;11520;10722
11;M2_cued_target;Stopped;1268696;-3682;-6075;11520;10722
11;M2_cued_target;Stopped;1268713;-3682;-6075;11520;10722
11;M2_cued_target;Stopped;1268730;-3682;-6075;11520;10722
11;M2_cued_target;Stopped;1268746;-3682;-6075;11520;10722
11;M2_cued_target;Stopped;1268763;-3682;-6075;11520;10722
11;M2_cued_target;End;1283313;-3682;-6075;11520;10722
12;L3_hidden_target;Begin;1283313;-7000;7000;0;0
12;L3_hidden_target;Stopped;1389774;-4969;-6167;17985;13322
12;L3_hidden_target;Stopped;1389792;-4969;-6167;17985;13322
12;L3_hidden_target;Stopped;1389812;-4969;-6167;17985;13322
12;L3_hidden_target;Stopped;1389826;-4969;-6167;17985;13322
12;L3_hidden_target;Stopped;1389841;-4969;-6167;17985;13322
12;L3_hidden_target;Stopped;1389859;-4969;-6167;17985;13322
12;L3_hidden_target;Stopped;1389875;-4969;-6167;17985;13322
12;L3_hidden_target;Stopped;1389892;-4969;-6167;17985;13322
12;L3_hidden_target;Stopped;1389909;-4969;-6167;17985;13322
12;L3_hidden_target;Stopped;1389925;-4969;-6167;17985;13322
12;L3_hidden_target;Stopped;1389942;-4969;-6167;17985;13322
12;L3_hidden_target;Stopped;1389959;-4969;-6167;17985;13322
12;L3_hidden_target;Stopped;1389975;-4969;-6167;17985;13322
12;L3_hidden_target;Stopped;1389991;-4969;-6167;17985;13322
12;L3_hidden_target;Stopped;1390012;-4969;-6167;17985;13322
12;L3_hidden_target;Stopped;1390028;-4969;-6167;17985;13322
12;L3_hidden_target;Stopped;1390041;-4969;-6167;17985;13322
12;L3_hidden_target;Stopped;1390059;-4969;-6167;17985;13322
12;L3_hidden_target;Stopped;1390075;-4969;-6167;17985;13322
12;L3_hidden_target;Stopped;1390092;-4969;-6167;17985;13322
12;L3_hidden_target;Stopped;1390109;-4969;-6167;17985;13322
12;L3_hidden_target;Stopped;1390125;-4969;-6167;17985;13322
12;L3_hidden_target;Stopped;1390142;-4969;-6167;17985;13322
12;L3_hidden_target;Stopped;1390159;-4969;-6167;17985;13322
12;L3_hidden_target;End;1404811;-4969;-6167;17985;13322
13;M3_cued_target;Begin;1404811;-7000;7000;0;0
13;M3_cued_target;Stopped;1512266;-4314;-5418;19525;12705
13;M3_cued_target;Stopped;1512285;-4314;-5418;19525;12705
13;M3_cued_target;Stopped;1512304;-4314;-5418;19525;12705
13;M3_cued_target;Stopped;1512317;-4314;-5418;19525;12705
13;M3_cued_target;Stopped;1512333;-4314;-5418;19525;12705
13;M3_cued_target;Stopped;1512350;-4314;-5418;19525;12705
13;M3_cued_target;Stopped;1512366;-4314;-5418;19525;12705
13;M3_cued_target;Stopped;1512383;-4314;-5418;19525;12705
13;M3_cued_target;Stopped;1512400;-4314;-5418;19525;12705
13;M3_cued_target;Stopped;1512416;-4314;-5418;19525;12705
13;M3_cued_target;Stopped;1512436;-4314;-5418;19525;12705
13;M3_cued_target;Stopped;1512454;-4314;-5418;19525;12705
13;M3_cued_target;Stopped;1512467;-4314;-5418;19525;12705
13;M3_cued_target;Stopped;1512499;-4314;-5418;19525;12705
13;M3_cued_target;Stopped;1512516;-4314;-5418;19525;12705
13;M3_cued_target;Stopped;1512533;-4314;-5418;19525;12705
13;M3_cued_target;Stopped;1512550;-4314;-5418;19525;12705
13;M3_cued_target;Stopped;1512566;-4314;-5418;19525;12705
13;M3_cued_target;Stopped;1512583;-4314;-5418;19525;12705
13;M3_cued_target;Stopped;1512600;-4314;-5418;19525;12705
13;M3_cued_target;Stopped;1512616;-4314;-5418;19525;12705
13;M3_cued_target;Stopped;1512633;-4314;-5418;19525;12705
13;M3_cued_target;Stopped;1512650;-4314;-5418;19525;12705
13;M3_cued_target;Stopped;1512666;-4314;-5418;19525;12705
13;M3_cued_target;Stopped;1512683;-4314;-5418;19525;12705
13;M3_cued_target;Stopped;1512700;-4314;-5418;19525;12705
13;M3_cued_target;Stopped;1512716;-4314;-5418;19525;12705
13;M3_cued_target;Stopped;1512733;-4314;-5418;19525;12705
13;M3_cued_target;Stopped;1512750;-4314;-5418;19525;12705
13;M3_cued_target;Stopped;1512766;-4314;-5418;19525;12705
13;M3_cued_target;Stopped;1512783;-4314;-5418;19525;12705
13;M3_cued_target;Stopped;1512800;-4314;-5418;19525;12705
13;M3_cued_target;Stopped;1512816;-4314;-5418;19525;12705
13;M3_cued_target;Stopped;1512833;-4314;-5418;19525;12705
13;M3_cued_target;Stopped;1512850;-4314;-5418;19525;12705
13;M3_cued_target;Stopped;1512866;-4314;-5418;19525;12705
13;M3_cued_target;Stopped;1512883;-4314;-5418;19525;12705
13;M3_cued_target;Stopped;1512900;-4314;-5418;19525;12705
13;M3_cued_target;Stopped;1512916;-4314;-5418;19525;12705
13;M3_cued_target;Stopped;1512933;-4314;-5418;19525;12705
13;M3_cued_target;Stopped;1512950;-4314;-5418;19525;12705
13;M3_cued_target;Stopped;1512966;-4314;-5418;19525;12705
13;M3_cued_target;Stopped;1512983;-4314;-5418;19525;12705
13;M3_cued_target;Stopped;1512999;-4314;-5418;19525;12705
13;M3_cued_target;Stopped;1513016;-4314;-5418;19525;12705
13;M3_cued_target;Stopped;1513033;-4314;-5418;19525;12705
13;M3_cued_target;Stopped;1513049;-4314;-5418;19525;12705
13;M3_cued_target;Stopped;1513066;-4314;-5418;19525;12705
13;M3_cued_target;Stopped;1513083;-4314;-5418;19525;12705
13;M3_cued_target;Stopped;1513100;-4314;-5418;19525;12705
13;M3_cued_target;Stopped;1513116;-4314;-5418;19525;12705
13;M3_cued_target;Stopped;1513133;-4314;-5418;19525;12705
13;M3_cued_target;Stopped;1513149;-4314;-5418;19525;12705
13;M3_cued_target;Stopped;1513166;-4314;-5418;19525;12705
13;M3_cued_target;Stopped;1513183;-4314;-5418;19525;12705
13;M3_cued_target;Stopped;1513199;-4314;-5418;19525;12705
13;M3_cued_target;Stopped;1513216;-4314;-5418;19525;12705
13;M3_cued_target;Stopped;1513233;-4314;-5418;19525;12705
13;M3_cued_target;Stopped;1513249;-4314;-5418;19525;12705
13;M3_cued_target;Stopped;1513266;-4314;-5418;19525;12705
13;M3_cued_target;Stopped;1513283;-4314;-5418;19525;12705
13;M3_cued_target;Stopped;1513299;-4314;-5418;19525;12705
13;M3_cued_target;Stopped;1513316;-4314;-5418;19525;12705
13;M3_cued_target;Stopped;1513333;-4314;-5418;19525;12705
13;M3_cued_target;End;1527299;-4314;-5418;19525;12705
14;L2_hidden_target;Begin;1527299;7000;-7000;0;0
14;L2_hidden_target;Stopped;1599863;-3688;-6664;11458;10693
14;L2_hidden_target;Stopped;1599880;-3688;-6664;11458;10693
14;L2_hidden_target;Stopped;1599896;-3688;-6664;11458;10693
14;L2_hidden_target;Stopped;1599913;-3688;-6664;11458;10693
14;L2_hidden_target;Stopped;1599929;-3688;-6664;11458;10693
14;L2_hidden_target;Stopped;1599945;-3688;-6664;11458;10693
14;L2_hidden_target;Stopped;1599963;-3688;-6664;11458;10693
14;L2_hidden_target;Stopped;1599978;-3688;-6664;11458;10693
14;L2_hidden_target;Stopped;1599995;-3688;-6664;11458;10693
14;L2_hidden_target;Stopped;1600012;-3688;-6664;11458;10693
14;L2_hidden_target;Stopped;1600029;-3688;-6664;11458;10693
14;L2_hidden_target;Stopped;1600045;-3688;-6664;11458;10693
14;L2_hidden_target;Stopped;1600063;-3688;-6664;11458;10693
14;L2_hidden_target;Stopped;1600078;-3688;-6664;11458;10693
14;L2_hidden_target;Stopped;1600095;-3688;-6664;11458;10693
14;L2_hidden_target;Stopped;1600112;-3688;-6664;11458;10693
14;L2_hidden_target;Stopped;1600128;-3688;-6664;11458;10693
14;L2_hidden_target;Stopped;1600145;-3688;-6664;11458;10693
14;L2_hidden_target;Stopped;1600162;-3688;-6664;11458;10693
14;L2_hidden_target;Stopped;1600178;-3688;-6664;11458;10693
14;L2_hidden_target;Stopped;1600198;-3688;-6664;11458;10693
14;L2_hidden_target;Stopped;1600216;-3688;-6664;11458;10693
14;L2_hidden_target;Stopped;1600232;-3688;-6664;11458;10693
14;L2_hidden_target;Stopped;1600245;-3688;-6664;11458;10693
14;L2_hidden_target;Stopped;1600264;-3688;-6664;11458;10693
14;L2_hidden_target;Stopped;1600280;-3688;-6664;11458;10693
14;L2_hidden_target;Stopped;1600296;-3688;-6664;11458;10693
14;L2_hidden_target;Stopped;1600312;-3688;-6664;11458;10693
14;L2_hidden_target;Stopped;1600329;-3688;-6664;11458;10693
14;L2_hidden_target;Stopped;1600345;-3688;-6664;11458;10693
14;L2_hidden_target;Stopped;1600362;-3688;-6664;11458;10693
14;L2_hidden_target;Stopped;1600383;-3688;-6664;11458;10693
14;L2_hidden_target;Stopped;1600395;-3688;-6664;11458;10693
14;L2_hidden_target;Stopped;1600413;-3688;-6664;11458;10693
14;L2_hidden_target;End;1614896;-3688;-6664;11458;10693
15;M1_cued_target;Begin;1614896;6999;6999;0;0
15;M1_cued_target;Stopped;1729454;-3684;-5532;21042;16468
15;M1_cued_target;Stopped;1729488;-3684;-5532;21042;16468
15;M1_cued_target;Stopped;1729504;-3684;-5532;21042;16468
15;M1_cued_target;Stopped;1729522;-3684;-5532;21042;16468
15;M1_cued_target;Stopped;1729539;-3684;-5532;21042;16468
15;M1_cued_target;Stopped;1729554;-3684;-5532;21042;16468
15;M1_cued_target;Stopped;1729571;-3684;-5532;21042;16468
15;M1_cued_target;Stopped;1729587;-3684;-5532;21042;16468
15;M1_cued_target;Stopped;1729604;-3684;-5532;21042;16468
15;M1_cued_target;Stopped;1729622;-3684;-5532;21042;16468
15;M1_cued_target;Stopped;1729639;-3684;-5532;21042;16468
15;M1_cued_target;End;1744486;-3684;-5532;21042;16468
16;L3_hidden_target;Begin;1744486;-7000;6999;0;0
16;L3_hidden_target;Stopped;1857582;-4967;-6324;16872;13479
16;L3_hidden_target;Stopped;1857599;-4967;-6324;16872;13479
16;L3_hidden_target;Stopped;1857616;-4967;-6324;16872;13479
16;L3_hidden_target;Stopped;1857632;-4967;-6324;16872;13479
16;L3_hidden_target;Stopped;1857649;-4967;-6324;16872;13479
16;L3_hidden_target;Stopped;1857666;-4967;-6324;16872;13479
16;L3_hidden_target;Stopped;1857682;-4967;-6324;16872;13479
16;L3_hidden_target;Stopped;1857699;-4967;-6324;16872;13479
16;L3_hidden_target;Stopped;1857716;-4967;-6324;16872;13479
16;L3_hidden_target;Stopped;1857732;-4967;-6324;16872;13479
16;L3_hidden_target;Stopped;1857749;-4967;-6324;16872;13479
16;L3_hidden_target;Stopped;1857766;-4967;-6324;16872;13479
16;L3_hidden_target;Stopped;1857782;-4967;-6324;16872;13479
16;L3_hidden_target;Stopped;1857799;-4967;-6324;16872;13479
16;L3_hidden_target;Stopped;1857816;-4967;-6324;16872;13479
16;L3_hidden_target;Stopped;1857832;-4967;-6324;16872;13479
16;L3_hidden_target;Stopped;1857849;-4967;-6324;16872;13479
16;L3_hidden_target;Stopped;1857866;-4967;-6324;16872;13479
16;L3_hidden_target;End;1872615;-4967;-6324;16872;13479
16;L3_hidden_target;Begin;1872615;-4967;-6324;16872;13479
