1;M3_cued_target;End;105827;-4187;-5418;17806;12733
2;L2_hidden_target;Begin;105827;7000;-7000;0;0
2;L2_hidden_target;Stopped;251681;-4638;-6701;84456;11642
2;L2_hidden_target;Stopped;251694;-4638;-6701;84456;11642
2;L2_hidden_target;Stopped;251708;-4638;-6701;84456;11642
2;L2_hidden_target;Stopped;251721;-4638;-6701;84456;11642
2;L2_hidden_target;Stopped;251734;-4638;-6701;84456;11642
2;L2_hidden_target;Stopped;251748;-4638;-6701;84456;11642
2;L2_hidden_target;Stopped;251761;-4638;-6701;84456;11642
2;L2_hidden_target;Stopped;251774;-4638;-6701;84456;11642
2;L2_hidden_target;Stopped;251788;-4638;-6701;84456;11642
2;L2_hidden_target;Stopped;251801;-4638;-6701;84456;11642
2;L2_hidden_target;Stopped;251814;-4638;-6701;84456;11642
2;L2_hidden_target;Stopped;251827;-4638;-6701;84456;11642
2;L2_hidden_target;Stopped;251841;-4638;-6701;84456;11642
2;L2_hidden_target;Stopped;251854;-4638;-6701;84456;11642
2;L2_hidden_target;Stopped;251867;-4638;-6701;84456;11642
2;L2_hidden_target;Stopped;251880;-4638;-6701;84456;11642
2;L2_hidden_target;Stopped;251894;-4638;-6701;84456;11642
2;L2_hidden_target;Stopped;251907;-4638;-6701;84456;11642
2;L2_hidden_target;Stopped;251920;-4638;-6701;84456;11642
2;L2_hidden_target;Stopped;251934;-4638;-6701;84456;11642
2;L2_hidden_target;Stopped;251947;-4638;-6701;84456;11642
2;L2_hidden_target;Stopped;251960;-4638;-6701;84456;11642
2;L2_hidden_target;Stopped;251974;-4638;-6701;84456;11642
2;L2_hidden_target;Stopped;251991;-4638;-6701;84456;11642
2;L2_hidden_target;Stopped;252004;-4638;-6701;84456;11642
2;L2_hidden_target;Stopped;252017;-4638;-6701;84456;11642
2;L2_hidden_target;Stopped;252028;-4638;-6701;84456;11642
2;L2_hidden_target;Stopped;252042;-4638;-6701;84456;11642
2;L2_hidden_target;Stopped;252055;-4638;-6701;84456;11642
2;L2_hidden_target;Stopped;252068;-4638;-6701;84456;11642
2;L2_hidden_target;Stopped;252082;-4638;-6701;84456;11642
2;L2_hidden_target;Stopped;252095;-4638;-6701;84456;11642
2;L2_hidden_target;Stopped;252108;-4638;-6701;84456;11642
2;L2_hidden_target;Stopped;252122;-4638;-6701;84456;11642
2;L2_hidden_target;Stopped;252135;-4638;-6701;84456;11642
2;L2_hidden_target;Stopped;252148;-4638;-6701;84456;11642
2;L2_hidden_target;Stopped;252162;-4638;-6701;84456;11642
2;L2_hidden_target;Stopped;252175;-4638;-6701;84456;11642
2;L2_hidden_target;Stopped;252188;-4638;-6701;84456;11642
2;L2_hidden_target;Stopped;252201;-4638;-6701;84456;11642
2;L2_hidden_target;Stopped;252215;-4638;-6701;84456;11642
2;L2_hidden_target;Stopped;252228;-4638;-6701;84456;11642
2;L2_hidden_target;Stopped;252242;-4638;-6701;84456;11642
2;L2_hidden_target;Stopped;252255;-4638;-6701;84456;11642
2;L2_hidden_target;Stopped;252268;-4638;-6701;84456;11642
2;L2_hidden_target;Stopped;252281;-4638;-6701;84456;11642
2;L2_hidden_target;Stopped;252295;-4638;-6701;84456;11642
2;L2_hidden_target;Stopped;252313;-4638;-6701;84456;11642
2;L2_hidden_target;Stopped;252324;-4638;-6701;84456;11642
2;L2_hidden_target;Stopped;252335;-4638;-6701;84456;11642
2;L2_hidden_target;Stopped;252348;-4638;-6701;84456;11642
2;L2_hidden_target;Stopped;252361;-4638;-6701;84456;11642
2;L2_hidden_target;Stopped;252375;-4638;-6701;84456;11642
2;L2_hidden_target;Stopped;252394;-4638;-6701;84456;11642
2;L2_hidden_target;Stopped;252407;-4638;-6701;84456;11642
2;L2_hidden_target;Stopped;259692;-4638;-6701;84456;11642
2;L2_hidden_target;Stopped;259705;-4638;-6701;84456;11642
2;L2_hidden_target;Stopped;259718;-4638;-6701;84456;11642
2;L2_hidden_target;Stopped;259732;-4638;-6701;84456;11642
2;L2_hidden_target;Stopped;259745;-4638;-6701;84456;11642
2;L2_hidden_target;Stopped;259758;-4638;-6701;84456;11642
2;L2_hidden_target;Stopped;259772;-4638;-6701;84456;11642
2;L2_hidden_target;Stopped;259785;-4638;-6701;84456;11642
2;L2_hidden_target;Stopped;259798;-4638;-6701;84456;11642
2;L2_hidden_target;Stopped;259812;-4638;-6701;84456;11642
2;L2_hidden_target;Stopped;259825;-4638;-6701;84456;11642
2;L2_hidden_target;Stopped;259838;-4638;-6701;84456;11642
2;L2_hidden_target;Stopped;259852;-4638;-6701;84456;11642
2;L2_hidden_target;Stopped;259865;-4638;-6701;84456;11642
2;L2_hidden_target;Stopped;259884;-4638;-6701;84456;11642
2;L2_hidden_target;Stopped;259897;-4638;-6701;84456;11642
2;L2_hidden_target;Stopped;259911;-4638;-6701;84456;11642
2;L2_hidden_target;Stopped;259919;-4638;-6701;84456;11642
2;L2_hidden_target;Stopped;259933;-4638;-6701;84456;11642
2;L2_hidden_target;Stopped;259946;-4638;-6701;84456;11642
2;L2_hidden_target;Stopped;259959;-4638;-6701;84456;11642
2;L2_hidden_target;Stopped;259973;-4638;-6701;84456;11642
2;L2_hidden_target;Stopped;259986;-4638;-6701;84456;11642
2;L2_hidden_target;Stopped;259999;-4638;-6701;84456;11642
2;L2_hidden_target;Stopped;260013;-4638;-6701;84456;11642
2;L2_hidden_target;Stopped;260026;-4638;-6701;84456;11642
2;L2_hidden_target;Stopped;260039;-4638;-6701;84456;11642
2;L2_hidden_target;Stopped;260053;-4638;-6701;84456;11642
2;L2_hidden_target;Stopped;260066;-4638;-6701;84456;11642
2;L2_hidden_target;Stopped;260079;-4638;-6701;84456;11642
2;L2_hidden_target;Stopped;260093;-4638;-6701;84456;11642
2;L2_hidden_target;Stopped;260106;-4638;-6701;84456;11642
2;L2_hidden_target;Stopped;260119;-4638;-6701;84456;11642
2;L2_hidden_target;Stopped;260133;-4638;-6701;84456;11642
2;L2_hidden_target;Stopped;260146;-4638;-6701;84456;11642
2;L2_hidden_target;Stopped;260159;-4638;-6701;84456;11642
2;L2_hidden_target;Stopped;260173;-4638;-6701;84456;11642
2;L2_hidden_target;Stopped;260186;-4638;-6701;84456;11642
2;L2_hidden_target;Stopped;260199;-4638;-6701;84456;11642
2;L2_hidden_target;Stopped;260213;-4638;-6701;84456;11642
2;L2_hidden_target;Stopped;260226;-4638;-6701;84456;11642
2;L2_hidden_target;Stopped;260239;-4638;-6701;84456;11642
2;L2_hidden_target;Stopped;260253;-4638;-6701;84456;11642
2;L2_hidden_target;Stopped;260266;-4638;-6701;84456;11642
2;L2_hidden_target;Stopped;260279;-4638;-6701;84456;11642
2;L2_hidden_target;Stopped;260293;-4638;-6701;84456;11642
2;L2_hidden_target;Stopped;260306;-4638;-6701;84456;11642
2;L2_hidden_target;Stopped;260319;-4638;-6701;84456;11642
2;L2_hidden_target;Stopped;260333;-4638;-6701;84456;11642
2;L2_hidden_target;Stopped;260346;-4638;-6701;84456;11642
2;L2_hidden_target;Stopped;260359;-4638;-6701;84456;11642
2;L2_hidden_target;Stopped;260373;-4638;-6701;84456;11642
2;L2_hidden_target;Stopped;260386;-4638;-6701;84456;11642
2;L2_hidden_target;Stopped;260399;-4638;-6701;84456;11642
2;L2_hidden_target;Stopped;260413;-4638;-6701;84456;11642
2;L2_hidden_target;Stopped;260426;-4638;-6701;84456;11642
2;L2_hidden_target;Stopped;260439;-4638;-6701;84456;11642
2;L2_hidden_target;Stopped;260453;-4638;-6701;84456;11642
2;L2_hidden_target;Stopped;260466;-4638;-6701;84456;11642
2;L2_hidden_target;Stopped;260479;-4638;-6701;84456;11642
2;L2_hidden_target;Stopped;260493;-4638;-6701;84456;11642
2;L2_hidden_target;Stopped;260506;-4638;-6701;84456;11642
2;L2_hidden_target;Stopped;260533;-4638;-6701;84456;11642
2;L2_hidden_target;Stopped;260546;-4638;-6701;84456;11642
2;L2_hidden_target;Stopped;260559;-4638;-6701;84456;11642
2;L2_hidden_target;Stopped;260573;-4638;-6701;84456;11642
2;L2_hidden_target;Stopped;260586;-4638;-6701;84456;11642
2;L2_hidden_target;Stopped;260599;-4638;-6701;84456;11642
2;L2_hidden_target;Stopped;260612;-4638;-6701;84456;11642
2;L2_hidden_target;End;266702;-4638;-6701;84456;11642
3;M1_cued_target;Begin;266702;7000;6999;0;0
3;M1_cued_target;Stopped;355136;-3684;-5727;16709;16617
3;M1_cued_target;Stopped;355149;-3684;-5727;16709;16617
3;M1_cued_target;Stopped;355162;-3684;-5727;16709;16617
3;M1_cued_target;Stopped;355176;-3684;-5727;16709;16617
3;M1_cued_target;Stopped;355189;-3684;-5727;16709;16617
3;M1_cued_target;Stopped;355202;-3684;-5727;16709;16617
3;M1_cued_target;Stopped;355216;-3684;-5727;16709;16617
3;M1_cued_target;Stopped;355229;-3684;-5727;16709;16617
3;M1_cued_target;Stopped;355242;-3684;-5727;16709;16617
3;M1_cued_target;Stopped;355256;-3684;-5727;16709;16617
3;M1_cued_target;Stopped;355269;-3684;-5727;16709;16617
3;M1_cued_target;Stopped;355282;-3684;-5727;16709;16617
3;M1_cued_target;Stopped;355296;-3684;-5727;16709;16617
3;M1_cued_target;Stopped;355309;-3684;-5727;16709;16617
3;M1_cued_target;Stopped;355322;-3684;-5727;16709;16617
3;M1_cued_target;Stopped;355336;-3684;-5727;16709;16617
3;M1_cued_target;Stopped;355349;-3684;-5727;16709;16617
3;M1_cued_target;Stopped;355362;-3684;-5727;16709;16617
3;M1_cued_target;Stopped;355376;-3684;-5727;16709;16617
3;M1_cued_target;Stopped;355389;-3684;-5727;16709;16617
3;M1_cued_target;Stopped;355402;-3684;-5727;16709;16617
3;M1_cued_target;Stopped;355420;-3684;-5727;16709;16617
3;M1_cued_target;Stopped;355432;-3684;-5727;16709;16617
3;M1_cued_target;Stopped;355443;-3684;-5727;16709;16617
3;M1_cued_target;Stopped;355457;-3684;-5727;16709;16617
3;M1_cued_target;Stopped;355469;-3684;-5727;16709;16617
3;M1_cued_target;Stopped;355482;-3684;-5727;16709;16617
3;M1_cued_target;Stopped;355496;-3684;-5727;16709;16617
3;M1_cued_target;Stopped;355535;-3684;-5727;16709;16617
3;M1_cued_target;Stopped;355549;-3684;-5727;16709;16617
3;M1_cued_target;Stopped;355562;-3684;-5727;16709;16617
3;M1_cued_target;Stopped;355575;-3684;-5727;16709;16617
3;M1_cued_target;Stopped;355589;-3684;-5727;16709;16617
3;M1_cued_target;Stopped;355602;-3684;-5727;16709;16617
3;M1_cued_target;Stopped;355615;-3684;-5727;16709;16617
3;M1_cued_target;Stopped;355629;-3684;-5727;16709;16617
3;M1_cued_target;Stopped;355642;-3684;-5727;16709;16617
3;M1_cued_target;End;370157;-3684;-5727;16709;16617
4;L2_hidden_target;Begin;370157;7000;-7000;0;0
4;L2_hidden_target;Stopped;477772;-4933;-5420;45046;12038
4;L2_hidden_target;Stopped;477786;-4933;-5420;45046;12038
4;L2_hidden_target;Stopped;477799;-4933;-5420;45046;12038
4;L2_hidden_target;Stopped;477813;-4933;-5420;45046;12038
4;L2_hidden_target;Stopped;477826;-4933;-5420;45046;12038
4;L2_hidden_target;Stopped;477839;-4933;-5420;45046;12038
4;L2_hidden_target;Stopped;477852;-4933;-5420;45046;12038
4;L2_hidden_target;Stopped;477866;-4933;-5420;45046;12038
4;L2_hidden_target;Stopped;477879;-4933;-5420;45046;12038
4;L2_hidden_target;Stopped;477892;-4933;-5420;45046;12038
4;L2_hidden_target;Stopped;477906;-4933;-5420;45046;12038
4;L2_hidden_target;Stopped;477919;-4933;-5420;45046;12038
4;L2_hidden_target;Stopped;477932;-4933;-5420;45046;12038
4;L2_hidden_target;Stopped;477946;-4933;-5420;45046;12038
4;L2_hidden_target;Stopped;477959;-4933;-5420;45046;12038
4;L2_hidden_target;Stopped;477972;-4933;-5420;45046;12038
4;L2_hidden_target;Stopped;477986;-4933;-5420;45046;12038
4;L2_hidden_target;Stopped;477999;-4933;-5420;45046;12038
4;L2_hidden_target;Stopped;478012;-4933;-5420;45046;12038
4;L2_hidden_target;Stopped;478026;-4933;-5420;45046;12038
4;L2_hidden_target;Stopped;478039;-4933;-5420;45046;12038
4;L2_hidden_target;Stopped;478052;-4933;-5420;45046;12038
4;L2_hidden_target;Stopped;478066;-4933;-5420;45046;12038
4;L2_hidden_target;Stopped;478079;-4933;-5420;45046;12038
4;L2_hidden_target;Stopped;478093;-4933;-5420;45046;12038
4;L2_hidden_target;Stopped;478110;-4933;-5420;45046;12038
4;L2_hidden_target;Stopped;478124;-4933;-5420;45046;12038
4;L2_hidden_target;Stopped;478133;-4933;-5420;45046;12038
4;L2_hidden_target;Stopped;478146;-4933;-5420;45046;12038
4;L2_hidden_target;End;492793;-4933;-5420;45046;12038
5;M2_cued_target;Begin;492793;7000;-7000;0;0
5;M2_cued_target;Stopped;554729;-3682;-6284;10788;10706
5;M2_cued_target;Stopped;554743;-3682;-6284;10788;10706
5;M2_cued_target;Stopped;554756;-3682;-6284;10788;10706
5;M2_cued_target;Stopped;554769;-3682;-6284;10788;10706
5;M2_cued_target;Stopped;554783;-3682;-6284;10788;10706
5;M2_cued_target;Stopped;554796;-3682;-6284;10788;10706
5;M2_cued_target;Stopped;554809;-3682;-6284;10788;10706
5;M2_cued_target;Stopped;554823;-3682;-6284;10788;10706
5;M2_cued_target;Stopped;554836;-3682;-6284;10788;10706
5;M2_cued_target;Stopped;554849;-3682;-6284;10788;10706
5;M2_cued_target;Stopped;554863;-3682;-6284;10788;10706
5;M2_cued_target;Stopped;554876;-3682;-6284;10788;10706
5;M2_cued_target;Stopped;554889;-3682;-6284;10788;10706
5;M2_cued_target;Stopped;554903;-3682;-6284;10788;10706
5;M2_cued_target;Stopped;554916;-3682;-6284;10788;10706
5;M2_cued_target;Stopped;554934;-3682;-6284;10788;10706
5;M2_cued_target;Stopped;554947;-3682;-6284;10788;10706
5;M2_cued_target;Stopped;554959;-3682;-6284;10788;10706
5;M2_cued_target;Stopped;554970;-3682;-6284;10788;10706
5;M2_cued_target;Stopped;554983;-3682;-6284;10788;10706
5;M2_cued_target;Stopped;554996;-3682;-6284;10788;10706
5;M2_cued_target;Stopped;555009;-3682;-6284;10788;10706
5;M2_cued_target;Stopped;555023;-3682;-6284;10788;10706
5;M2_cued_target;Stopped;555036;-3682;-6284;10788;10706
5;M2_cued_target;Stopped;555049;-3682;-6284;10788;10706
5;M2_cued_target;Stopped;555063;-3682;-6284;10788;10706
5;M2_cued_target;Stopped;555076;-3682;-6284;10788;10706
5;M2_cued_target;Stopped;555089;-3682;-6284;10788;10706
5;M2_cued_target;Stopped;555103;-3682;-6284;10788;10706
5;M2_cued_target;Stopped;555116;-3682;-6284;10788;10706
5;M2_cued_target;Stopped;555129;-3682;-6284;10788;10706
5;M2_cued_target;Stopped;555143;-3682;-6284;10788;10706
5;M2_cued_target;Stopped;555156;-3682;-6284;10788;10706
5;M2_cued_target;Stopped;555169;-3682;-6284;10788;10706
5;M2_cued_target;Stopped;555183;-3682;-6284;10788;10706
5;M2_cued_target;Stopped;555196;-3682;-6284;10788;10706
5;M2_cued_target;Stopped;555209;-3682;-6284;10788;10706
5;M2_cued_target;Stopped;555223;-3682;-6284;10788;10706
5;M2_cued_target;Stopped;555241;-3682;-6284;10788;10706
5;M2_cued_target;Stopped;555254;-3682;-6284;10788;10706
5;M2_cued_target;Stopped;555264;-3682;-6284;10788;10706
5;M2_cued_target;Stopped;555277;-3682;-6284;10788;10706
5;M2_cued_target;Stopped;555290;-3682;-6284;10788;10706
5;M2_cued_target;Stopped;555303;-3682;-6284;10788;10706
5;M2_cued_target;Stopped;555317;-3682;-6284;10788;10706
5;M2_cued_target;End;569751;-3682;-6284;10788;10706
6;L2_hidden_target;Begin;569751;7000;-7000;0;0
6;L2_hidden_target;Stopped;593702;-3743;-6698;11660;10747
6;L2_hidden_target;Stopped;593715;-3743;-6698;11660;10747
6;L2_hidden_target;Stopped;593729;-3743;-6698;11660;10747
6;L2_hidden_target;Stopped;593742;-3743;-6698;11660;10747
6;L2_hidden_target;Stopped;593760;-3743;-6698;11660;10747
6;L2_hidden_target;Stopped;593773;-3743;-6698;11660;10747
6;L2_hidden_target;Stopped;593783;-3743;-6698;11660;10747
6;L2_hidden_target;Stopped;593796;-3743;-6698;11660;10747
6;L2_hidden_target;Stopped;593809;-3743;-6698;11660;10747
6;L2_hidden_target;Stopped;593822;-3743;-6698;11660;10747
6;L2_hidden_target;Stopped;593835;-3743;-6698;11660;10747
6;L2_hidden_target;Stopped;593853;-3743;-6698;11660;10747
6;L2_hidden_target;Stopped;593866;-3743;-6698;11660;10747
6;L2_hidden_target;Stopped;593877;-3743;-6698;11660;10747
6;L2_hidden_target;Stopped;593890;-3743;-6698;11660;10747
6;L2_hidden_target;Stopped;593902;-3743;-6698;11660;10747
6;L2_hidden_target;End;608724;-3743;-6698;11660;10747
7;M1_cued_target;Begin;608724;7000;7000;0;0
7;M1_cued_target;Stopped;698571;-3682;-5896;18464;16746
7;M1_cued_target;Stopped;698584;-3682;-5896;18464;16746
7;M1_cued_target;Stopped;698598;-3682;-5896;18464;16746
7;M1_cued_target;Stopped;698611;-3682;-5896;18464;16746
7;M1_cued_target;Stopped;698624;-3682;-5896;18464;16746
7;M1_cued_target;Stopped;698638;-3682;-5896;18464;16746
7;M1_cued_target;Stopped;698651;-3682;-5896;18464;16746
7;M1_cued_target;Stopped;698664;-3682;-5896;18464;16746
7;M1_cued_target;Stopped;698677;-3682;-5896;18464;16746
7;M1_cued_target;Stopped;698691;-3682;-5896;18464;16746
7;M1_cued_target;Stopped;698704;-3682;-5896;18464;16746
7;M1_cued_target;Stopped;698717;-3682;-5896;18464;16746
7;M1_cued_target;Stopped;698731;-3682;-5896;18464;16746
7;M1_cued_target;Stopped;698744;-3682;-5896;18464;16746
7;M1_cued_target;Stopped;698757;-3682;-5896;18464;16746
7;M1_cued_target;Stopped;698771;-3682;-5896;18464;16746
7;M1_cued_target;Stopped;698784;-3682;-5896;18464;16746
7;M1_cued_target;Stopped;698797;-3682;-5896;18464;16746
7;M1_cued_target;Stopped;698811;-3682;-5896;18464;16746
7;M1_cued_target;Stopped;698824;-3682;-5896;18464;16746
7;M1_cued_target;Stopped;698837;-3682;-5896;18464;16746
7;M1_cued_target;Stopped;698851;-3682;-5896;18464;16746
7;M1_cued_target;Stopped;698865;-3682;-5896;18464;16746
7;M1_cued_target;Stopped;698878;-3682;-5896;18464;16746
7;M1_cued_target;Stopped;698892;-3682;-5896;18464;16746
7;M1_cued_target;Stopped;698905;-3682;-5896;18464;16746
7;M1_cued_target;Stopped;698918;-3682;-5896;18464;16746
7;M1_cued_target;Stopped;698932;-3682;-5896;18464;16746
7;M1_cued_target;End;713592;-3682;-5896;18464;16746
8;L2_hidden_target;Begin;713592;7000;-7000;0;0
8;L2_hidden_target;Stopped;735984;-3736;-6696;11328;10741
8;L2_hidden_target;Stopped;735997;-3736;-6696;11328;10741
8;L2_hidden_target;Stopped;736011;-3736;-6696;11328;10741
8;L2_hidden_target;Stopped;736024;-3736;-6696;11328;10741
8;L2_hidden_target;Stopped;736037;-3736;-6696;11328;10741
8;L2_hidden_target;Stopped;736051;-3736;-6696;11328;10741
8;L2_hidden_target;Stopped;736064;-3736;-6696;11328;10741
8;L2_hidden_target;Stopped;736077;-3736;-6696;11328;10741
8;L2_hidden_target;Stopped;736091;-3736;-6696;11328;10741
8;L2_hidden_target;Stopped;736104;-3736;-6696;11328;10741
8;L2_hidden_target;Stopped;736117;-3736;-6696;11328;10741
8;L2_hidden_target;Stopped;736131;-3736;-6696;11328;10741
8;L2_hidden_target;Stopped;736144;-3736;-6696;11328;10741
8;L2_hidden_target;Stopped;736157;-3736;-6696;11328;10741
8;L2_hidden_target;Stopped;736172;-3736;-6696;11328;10741
8;L2_hidden_target;Stopped;736188;-3736;-6696;11328;10741
8;L2_hidden_target;Stopped;736199;-3736;-6696;11328;10741
8;L2_hidden_target;Stopped;736212;-3736;-6696;11328;10741
8;L2_hidden_target;End;751005;-3736;-6696;11328;10741
9;M3_cued_target;Begin;751005;-7000;7000;0;0
9;M3_cued_target;Stopped;873707;-3682;-5780;26148;13203
9;M3_cued_target;Stopped;873720;-3682;-5780;26148;13203
9;M3_cued_target;Stopped;873733;-3682;-5780;26148;13203
9;M3_cued_target;Stopped;873747;-3682;-5780;26148;13203
9;M3_cued_target;Stopped;873760;-3682;-5780;26148;13203
9;M3_cued_target;Stopped;873773;-3682;-5780;26148;13203
9;M3_cued_target;Stopped;873787;-3682;-5780;26148;13203
9;M3_cued_target;Stopped;873800;-3682;-5780;26148;13203
9;M3_cued_target;Stopped;873813;-3682;-5780;26148;13203
9;M3_cued_target;Stopped;873826;-3682;-5780;26148;13203
9;M3_cued_target;Stopped;873840;-3682;-5780;26148;13203
9;M3_cued_target;Stopped;873853;-3682;-5780;26148;13203
9;M3_cued_target;Stopped;873867;-3682;-5780;26148;13203
9;M3_cued_target;Stopped;873880;-3682;-5780;26148;13203
9;M3_cued_target;Stopped;873893;-3682;-5780;26148;13203
9;M3_cued_target;Stopped;873906;-3682;-5780;26148;13203
9;M3_cued_target;Stopped;873920;-3682;-5780;26148;13203
9;M3_cued_target;Stopped;873933;-3682;-5780;26148;13203
9;M3_cued_target;Stopped;873946;-3682;-5780;26148;13203
9;M3_cued_target;Stopped;873960;-3682;-5780;26148;13203
9;M3_cued_target;Stopped;873973;-3682;-5780;26148;13203
9;M3_cued_target;End;888728;-3682;-5780;26148;13203
10;L2_hidden_target;Begin;888728;7000;-7000;0;0
10;L2_hidden_target;Stopped;910934;-3998;-6703;11678;11002
10;L2_hidden_target;Stopped;910947;-3998;-6703;11678;11002
10;L2_hidden_target;Stopped;910961;-3998;-6703;11678;11002
10;L2_hidden_target;Stopped;910974;-3998;-6703;11678;11002
10;L2_hidden_target;Stopped;910987;-3998;-6703;11678;11002
10;L2_hidden_target;Stopped;911001;-3998;-6703;11678;11002
10;L2_hidden_target;Stopped;911014;-3998;-6703;11678;11002
10;L2_hidden_target;Stopped;911028;-3998;-6703;11678;11002
10;L2_hidden_target;Stopped;911041;-3998;-6703;11678;11002
10;L2_hidden_target;Stopped;911054;-3998;-6703;11678;11002
10;L2_hidden_target;Stopped;911067;-3998;-6703;11678;11002
10;L2_hidden_target;Stopped;911081;-3998;-6703;11678;11002
10;L2_hidden_target;Stopped;911094;-3998;-6703;11678;11002
10;L2_hidden_target;Stopped;911107;-3998;-6703;11678;11002
10;L2_hidden_target;Stopped;911121;-3998;-6703;11678;11002
10;L2_hidden_target;End;925955;-3998;-6703;11678;11002
11;M2_cued_target;Begin;925955;7000;-7000;0;0
11;M2_cued_target;Stopped;1087136;-4100;-5416;34544;11212
11;M2_cued_target;Stopped;1087149;-4100;-5416;34544;11212
11;M2_cued_target;Stopped;1087163;-4100;-5416;34544;11212
11;M2_cued_target;Stopped;1087176;-4100;-5416;34544;11212
11;M2_cued_target;Stopped;1087189;-4100;-5416;34544;11212
11;M2_cued_target;Stopped;1087203;-4100;-5416;34544;11212
11;M2_cued_target;Stopped;1087216;-4100;-5416;34544;11212
11;M2_cued_target;Stopped;1087229;-4100;-5416;34544;11212
11;M2_cued_target;Stopped;1087243;-4100;-5416;34544;11212
11;M2_cued_target;Stopped;1087256;-4100;-5416;34544;11212
11;M2_cued_target;Stopped;1087269;-4100;-5416;34544;11212
11;M2_cued_target;Stopped;1087283;-4100;-5416;34544;11212
11;M2_cued_target;Stopped;1087296;-4100;-5416;34544;11212
11;M2_cued_target;Stopped;1087309;-4100;-5416;34544;11212
11;M2_cued_target;Stopped;1087323;-4100;-5416;34544;11212
11;M2_cued_target;Stopped;1087336;-4100;-5416;34544;11212
11;M2_cued_target;Stopped;1087349;-4100;-5416;34544;11212
11;M2_cued_target;Stopped;1087363;-4100;-5416;34544;11212
11;M2_cued_target;Stopped;1087376;-4100;-5416;34544;11212
11;M2_cued_target;Stopped;1087389;-4100;-5416;34544;11212
11;M2_cued_target;End;1102157;-4100;-5416;34544;11212
12;L2_hidden_target;Begin;1102157;7000;-7000;0;0
12;L2_hidden_target;Stopped;1123819;-3683;-5979;11205;10732
12;L2_hidden_target;Stopped;1123832;-3683;-5979;11205;10732
12;L2_hidden_target;Stopped;1123846;-3683;-5979;11205;10732
12;L2_hidden_target;Stopped;1123859;-3683;-5979;11205;10732
12;L2_hidden_target;Stopped;1123872;-3683;-5979;11205;10732
12;L2_hidden_target;Stopped;1123886;-3683;-5979;11205;10732
12;L2_hidden_target;Stopped;1123899;-3683;-5979;11205;10732
12;L2_hidden_target;Stopped;1123912;-3683;-5979;11205;10732
12;L2_hidden_target;Stopped;1123926;-3683;-5979;11205;10732
12;L2_hidden_target;Stopped;1123939;-3683;-5979;11205;10732
12;L2_hidden_target;Stopped;1123952;-3683;-5979;11205;10732
12;L2_hidden_target;Stopped;1123965;-3683;-5979;11205;10732
12;L2_hidden_target;Stopped;1123979;-3683;-5979;11205;10732
12;L2_hidden_target;Stopped;1123992;-3683;-5979;11205;10732
12;L2_hidden_target;Stopped;1124006;-3683;-5979;11205;10732
12;L2_hidden_target;Stopped;1124019;-3683;-5979;11205;10732
12;L2_hidden_target;Stopped;1124032;-3683;-5979;11205;10732
12;L2_hidden_target;Stopped;1124045;-3683;-5979;11205;10732
12;L2_hidden_target;Stopped;1124059;-3683;-5979;11205;10732
12;L2_hidden_target;Stopped;1124072;-3683;-5979;11205;10732
12;L2_hidden_target;Stopped;1124085;-3683;-5979;11205;10732
12;L2_hidden_target;Stopped;1124099;-3683;-5979;11205;10732
12;L2_hidden_target;Stopped;1124112;-3683;-5979;11205;10732
12;L2_hidden_target;Stopped;1124125;-3683;-5979;11205;10732
12;L2_hidden_target;Stopped;1124138;-3683;-5979;11205;10732
12;L2_hidden_target;Stopped;1124152;-3683;-5979;11205;10732
12;L2_hidden_target;Stopped;1124165;-3683;-5979;11205;10732
12;L2_hidden_target;Stopped;1124178;-3683;-5979;11205;10732
12;L2_hidden_target;Stopped;1124192;-3683;-5979;11205;10732
12;L2_hidden_target;Stopped;1124204;-3683;-5979;11205;10732
12;L2_hidden_target;Stopped;1124218;-3683;-5979;11205;10732
12;L2_hidden_target;Stopped;1124235;-3683;-5979;11205;10732
12;L2_hidden_target;Stopped;1124248;-3683;-5979;11205;10732
12;L2_hidden_target;Stopped;1124262;-3683;-5979;11205;10732
12;L2_hidden_target;Stopped;1124271;-3683;-5979;11205;10732
12;L2_hidden_target;Stopped;1124285;-3683;-5979;11205;10732
12;L2_hidden_target;End;1138838;-3683;-5979;11205;10732
13;M3_cued_target;Begin;1138838;-7000;6999;0;0
13;M3_cued_target;Stopped;1202533;-4622;-5417;12501;12643
13;M3_cued_target;Stopped;1202547;-4622;-5417;12501;12643
13;M3_cued_target;Stopped;1202560;-4622;-5417;12501;12643
13;M3_cued_target;Stopped;1202574;-4622;-5417;12501;12643
13;M3_cued_target;Stopped;1202587;-4622;-5417;12501;12643
13;M3_cued_target;Stopped;1202600;-4622;-5417;12501;12643
13;M3_cued_target;Stopped;1202614;-4622;-5417;12501;12643
13;M3_cued_target;Stopped;1202627;-4622;-5417;12501;12643
13;M3_cued_target;Stopped;1202641;-4622;-5417;12501;12643
13;M3_cued_target;Stopped;1202654;-4622;-5417;12501;12643
13;M3_cued_target;Stopped;1202667;-4622;-5417;12501;12643
13;M3_cued_target;Stopped;1202681;-4622;-5417;12501;12643
13;M3_cued_target;Stopped;1202694;-4622;-5417;12501;12643
13;M3_cued_target;Stopped;1202712;-4622;-5417;12501;12643
13;M3_cued_target;Stopped;1202725;-4622;-5417;12501;12643
13;M3_cued_target;Stopped;1202738;-4622;-5417;12501;12643
13;M3_cued_target;Stopped;1202748;-4622;-5417;12501;12643
13;M3_cued_target;Stopped;1202761;-4622;-5417;12501;12643
13;M3_cued_target;Stopped;1202774;-4622;-5417;12501;12643
13;M3_cued_target;Stopped;1202787;-4622;-5417;12501;12643
13;M3_cued_target;Stopped;1202801;-4622;-5417;12501;12643
13;M3_cued_target;Stopped;1202814;-4622;-5417;12501;12643
13;M3_cued_target;Stopped;1202827;-4622;-5417;12501;12643
13;M3_cued_target;Stopped;1202841;-4622;-5417;12501;12643
13;M3_cued_target;Stopped;1202854;-4622;-5417;12501;12643
13;M3_cued_target;Stopped;1202867;-4622;-5417;12501;12643
13;M3_cued_target;Stopped;1202881;-4622;-5417;12501;12643
13;M3_cued_target;Stopped;1202894;-4622;-5417;12501;12643
13;M3_cued_target;Stopped;1202907;-4622;-5417;12501;12643
13;M3_cued_target;Stopped;1202921;-4622;-5417;12501;12643
13;M3_cued_target;Stopped;1202934;-4622;-5417;12501;12643
13;M3_cued_target;Stopped;1202947;-4622;-5417;12501;12643
13;M3_cued_target;Stopped;1202961;-4622;-5417;12501;12643
13;M3_cued_target;Stopped;1202974;-4622;-5417;12501;12643
13;M3_cued_target;Stopped;1202987;-4622;-5417;12501;12643
13;M3_cued_target;Stopped;1203001;-4622;-5417;12501;12643
13;M3_cued_target;Stopped;1203014;-4622;-5417;12501;12643
13;M3_cued_target;Stopped;1203027;-4622;-5417;12501;12643
13;M3_cued_target;Stopped;1203041;-4622;-5417;12501;12643
13;M3_cued_target;Stopped;1203054;-4622;-5417;12501;12643
13;M3_cued_target;Stopped;1203067;-4622;-5417;12501;12643
13;M3_cued_target;Stopped;1203081;-4622;-5417;12501;12643
13;M3_cued_target;Stopped;1203094;-4622;-5417;12501;12643
13;M3_cued_target;Stopped;1203107;-4622;-5417;12501;12643
13;M3_cued_target;Stopped;1203121;-4622;-5417;12501;12643
13;M3_cued_target;Stopped;1203134;-4622;-5417;12501;12643
13;M3_cued_target;Stopped;1203147;-4622;-5417;12501;12643
13;M3_cued_target;Stopped;1203161;-4622;-5417;12501;12643
13;M3_cued_target;End;1217555;-4622;-5417;12501;12643
14;L2_hidden_target;Begin;1217555;7000;-7000;0;0
14;L2_hidden_target;Stopped;1238509;-3684;-6630;11005;10690
14;L2_hidden_target;Stopped;1238521;-3684;-6630;11005;10690
14;L2_hidden_target;Stopped;1238535;-3684;-6630;11005;10690
14;L2_hidden_target;Stopped;1238549;-3684;-6630;11005;10690
14;L2_hidden_target;Stopped;1238562;-3684;-6630;11005;10690
14;L2_hidden_target;Stopped;1238576;-3684;-6630;11005;10690
14;L2_hidden_target;Stopped;1238589;-3684;-6630;11005;10690
14;L2_hidden_target;Stopped;1238602;-3684;-6630;11005;10690
14;L2_hidden_target;Stopped;1238615;-3684;-6630;11005;10690
14;L2_hidden_target;Stopped;1238629;-3684;-6630;11005;10690
14;L2_hidden_target;Stopped;1238642;-3684;-6630;11005;10690
14;L2_hidden_target;Stopped;1238655;-3684;-6630;11005;10690
14;L2_hidden_target;Stopped;1238669;-3684;-6630;11005;10690
14;L2_hidden_target;Stopped;1238682;-3684;-6630;11005;10690
14;L2_hidden_target;Stopped;1238696;-3684;-6630;11005;10690
14;L2_hidden_target;Stopped;1238709;-3684;-6630;11005;10690
14;L2_hidden_target;Stopped;1238722;-3684;-6630;11005;10690
14;L2_hidden_target;Stopped;1238736;-3684;-6630;11005;10690
14;L2_hidden_target;Stopped;1238749;-3684;-6630;11005;10690
14;L2_hidden_target;Stopped;1238762;-3684;-6630;11005;10690
14;L2_hidden_target;Stopped;1238776;-3684;-6630;11005;10690
14;L2_hidden_target;Stopped;1238789;-3684;-6630;11005;10690
14;L2_hidden_target;Stopped;1238802;-3684;-6630;11005;10690
14;L2_hidden_target;Stopped;1238816;-3684;-6630;11005;10690
14;L2_hidden_target;Stopped;1238829;-3684;-6630;11005;10690
14;L2_hidden_target;Stopped;1238842;-3684;-6630;11005;10690
14;L2_hidden_target;Stopped;1238856;-3684;-6630;11005;10690
14;L2_hidden_target;Stopped;1238873;-3684;-6630;11005;10690
14;L2_hidden_target;Stopped;1238885;-3684;-6630;11005;10690
14;L2_hidden_target;Stopped;1238895;-3684;-6630;11005;10690
14;L2_hidden_target;Stopped;1238913;-3684;-6630;11005;10690
14;L2_hidden_target;Stopped;1238924;-3684;-6630;11005;10690
14;L2_hidden_target;Stopped;1238936;-3684;-6630;11005;10690
14;L2_hidden_target;Stopped;1238949;-3684;-6630;11005;10690
14;L2_hidden_target;End;1253529;-3684;-6630;11005;10690
15;M1_cued_target;Begin;1253529;7000;7000;0;0
15;M1_cued_target;Stopped;1344695;-3682;-6056;19125;16869
15;M1_cued_target;Stopped;1344708;-3682;-6056;19125;16869
15;M1_cued_target;Stopped;1344722;-3682;-6056;19125;16869
15;M1_cued_target;Stopped;1344735;-3682;-6056;19125;16869
15;M1_cued_target;Stopped;1344749;-3682;-6056;19125;16869
15;M1_cued_target;Stopped;1344762;-3682;-6056;19125;16869
15;M1_cued_target;Stopped;1344775;-3682;-6056;19125;16869
15;M1_cued_target;Stopped;1344789;-3682;-6056;19125;16869
15;M1_cued_target;Stopped;1344802;-3682;-6056;19125;16869
15;M1_cued_target;Stopped;1344815;-3682;-6056;19125;16869
15;M1_cued_target;Stopped;1344829;-3682;-6056;19125;16869
15;M1_cued_target;Stopped;1344842;-3682;-6056;19125;16869
15;M1_cued_target;Stopped;1344855;-3682;-6056;19125;16869
15;M1_cued_target;Stopped;1344869;-3682;-6056;19125;16869
15;M1_cued_target;Stopped;1344882;-3682;-6056;19125;16869
15;M1_cued_target;Stopped;1344895;-3682;-6056;19125;16869
15;M1_cued_target;Stopped;1344909;-3682;-6056;19125;16869
15;M1_cued_target;Stopped;1344922;-3682;-6056;19125;16869
15;M1_cued_target;Stopped;1344935;-3682;-6056;19125;16869
15;M1_cued_target;Stopped;1344949;-3682;-6056;19125;16869
15;M1_cued_target;Stopped;1344962;-3682;-6056;19125;16869
15;M1_cued_target;Stopped;1344975;-3682;-6056;19125;16869
15;M1_cued_target;Stopped;1344989;-3682;-6056;19125;16869
15;M1_cued_target;End;1359717;-3682;-6056;19125;16869
16;L2_hidden_target;Begin;1359717;7000;-7000;0;0
16;L2_hidden_target;Stopped;1381017;-3682;-6547;11035;10692
16;L2_hidden_target;Stopped;1381030;-3682;-6547;11035;10692
16;L2_hidden_target;Stopped;1381043;-3682;-6547;11035;10692
16;L2_hidden_target;Stopped;1381057;-3682;-6547;11035;10692
16;L2_hidden_target;Stopped;1381070;-3682;-6547;11035;10692
16;L2_hidden_target;Stopped;1381083;-3682;-6547;11035;10692
16;L2_hidden_target;Stopped;1381097;-3682;-6547;11035;10692
16;L2_hidden_target;Stopped;1381110;-3682;-6547;11035;10692
16;L2_hidden_target;Stopped;1381123;-3682;-6547;11035;10692
16;L2_hidden_target;Stopped;1381137;-3682;-6547;11035;10692
16;L2_hidden_target;Stopped;1381150;-3682;-6547;11035;10692
16;L2_hidden_target;Stopped;1381163;-3682;-6547;11035;10692
16;L2_hidden_target;Stopped;1381177;-3682;-6547;11035;10692
16;L2_hidden_target;Stopped;1381190;-3682;-6547;11035;10692
16;L2_hidden_target;Stopped;1381203;-3682;-6547;11035;10692
16;L2_hidden_target;Stopped;1381217;-3682;-6547;11035;10692
16;L2_hidden_target;Stopped;1381234;-3682;-6547;11035;10692
16;L2_hidden_target;End;1396037;-3682;-6547;11035;10692
16;L2_hidden_target;Begin;1396037;-3682;-6547;11035;10692
