1;M3_cued_target;Stopped;97355;-4650;-5416;12332;12637
1;M3_cued_target;Stopped;97368;-4650;-5416;12332;12637
1;M3_cued_target;Stopped;97382;-4650;-5416;12332;12637
1;M3_cued_target;Stopped;97395;-4650;-5416;12332;12637
1;M3_cued_target;Stopped;97408;-4650;-5416;12332;12637
1;M3_cued_target;Stopped;97422;-4650;-5416;12332;12637
1;M3_cued_target;Stopped;97435;-4650;-5416;12332;12637
1;M3_cued_target;Stopped;97448;-4650;-5416;12332;12637
1;M3_cued_target;Stopped;97462;-4650;-5416;12332;12637
1;M3_cued_target;Stopped;97475;-4650;-5416;12332;12637
1;M3_cued_target;Stopped;97488;-4650;-5416;12332;12637
1;M3_cued_target;Stopped;97502;-4650;-5416;12332;12637
1;M3_cued_target;Stopped;97528;-4650;-5416;12332;12637
1;M3_cued_target;Stopped;97542;-4650;-5416;12332;12637
1;M3_cued_target;Stopped;97555;-4650;-5416;12332;12637
1;M3_cued_target;Stopped;97568;-4650;-5416;12332;12637
1;M3_cued_target;Stopped;97582;-4650;-5416;12332;12637
1;M3_cued_target;Stopped;97595;-4650;-5416;12332;12637
1;M3_cued_target;Stopped;97608;-4650;-5416;12332;12637
1;M3_cued_target;Stopped;97622;-4650;-5416;12332;12637
1;M3_cued_target;Stopped;97635;-4650;-5416;12332;12637
1;M3_cued_target;Stopped;97648;-4650;-5416;12332;12637
1;M3_cued_target;End;100820;-4650;-5416;12332;12637
2;L1_hidden_target;Begin;100820;7000;7000;0;0
2;L1_hidden_target;Stopped;344360;-3822;-5423;123428;16476
2;L1_hidden_target;Stopped;344373;-3822;-5423;123428;16476
2;L1_hidden_target;Stopped;344387;-3822;-5423;123428;16476
2;L1_hidden_target;Stopped;344400;-3822;-5423;123428;16476
2;L1_hidden_target;Stopped;344414;-3822;-5423;123428;16476
2;L1_hidden_target;Stopped;344427;-3822;-5423;123428;16476
2;L1_hidden_target;Stopped;344440;-3822;-5423;123428;16476
2;L1_hidden_target;Stopped;344454;-3822;-5423;123428;16476
2;L1_hidden_target;Stopped;344467;-3822;-5423;123428;16476
2;L1_hidden_target;Stopped;344480;-3822;-5423;123428;16476
2;L1_hidden_target;Stopped;344494;-3822;-5423;123428;16476
2;L1_hidden_target;Stopped;344534;-3822;-5423;123428;16476
2;L1_hidden_target;Stopped;344547;-3822;-5423;123428;16476
2;L1_hidden_target;Stopped;344560;-3822;-5423;123428;16476
2;L1_hidden_target;Stopped;344574;-3822;-5423;123428;16476
2;L1_hidden_target;Stopped;344587;-3822;-5423;123428;16476
2;L1_hidden_target;Stopped;344600;-3822;-5423;123428;16476
2;L1_hidden_target;Stopped;344614;-3822;-5423;123428;16476
2;L1_hidden_target;Stopped;344627;-3822;-5423;123428;16476
2;L1_hidden_target;Stopped;344640;-3822;-5423;123428;16476
2;L1_hidden_target;Stopped;344653;-3822;-5423;123428;16476
2;L1_hidden_target;End;359382;-3822;-5423;123428;16476
3;M1_cued_target;Begin;359382;7000;6999;0;0
3;M1_cued_target;Stopped;452773;-3689;-5445;17181;16405
3;M1_cued_target;Stopped;452786;-3689;-5445;17181;16405
3;M1_cued_target;Stopped;452800;-3689;-5445;17181;16405
3;M1_cued_target;Stopped;452813;-3689;-5445;17181;16405
3;M1_cued_target;Stopped;452827;-3689;-5445;17181;16405
3;M1_cued_target;Stopped;452840;-3689;-5445;17181;16405
3;M1_cued_target;Stopped;452853;-3689;-5445;17181;16405
3;M1_cued_target;Stopped;452866;-3689;-5445;17181;16405
3;M1_cued_target;Stopped;452880;-3689;-5445;17181;16405
3;M1_cued_target;Stopped;452893;-3689;-5445;17181;16405
3;M1_cued_target;Stopped;452906;-3689;-5445;17181;16405
3;M1_cued_target;Stopped;452920;-3689;-5445;17181;16405
3;M1_cued_target;Stopped;452933;-3689;-5445;17181;16405
3;M1_cued_target;Stopped;452947;-3689;-5445;17181;16405
3;M1_cued_target;End;467798;-3689;-5445;17181;16405
4;L2_hidden_target;Begin;467798;7000;-7000;0;0
4;L2_hidden_target;Stopped;516351;-4922;-5423;21628;12026
4;L2_hidden_target;Stopped;516365;-4922;-5423;21628;12026
4;L2_hidden_target;Stopped;516378;-4922;-5423;21628;12026
4;L2_hidden_target;Stopped;516391;-4922;-5423;21628;12026
4;L2_hidden_target;Stopped;516405;-4922;-5423;21628;12026
4;L2_hidden_target;Stopped;516418;-4922;-5423;21628;12026
4;L2_hidden_target;Stopped;516431;-4922;-5423;21628;12026
4;L2_hidden_target;Stopped;516445;-4922;-5423;21628;12026
4;L2_hidden_target;Stopped;516458;-4922;-5423;21628;12026
4;L2_hidden_target;Stopped;516471;-4922;-5423;21628;12026
4;L2_hidden_target;Stopped;516485;-4922;-5423;21628;12026
4;L2_hidden_target;Stopped;516498;-4922;-5423;21628;12026
4;L2_hidden_target;End;531372;-4922;-5423;21628;12026
5;M2_cued_target;Begin;531372;6999;-7000;0;0
5;M2_cued_target;Stopped;602279;-3682;-5857;14074;10743
5;M2_cued_target;Stopped;602292;-3682;-5857;14074;10743
5;M2_cued_target;Stopped;602306;-3682;-5857;14074;10743
5;M2_cued_target;Stopped;602319;-3682;-5857;14074;10743
5;M2_cued_target;Stopped;602333;-3682;-5857;14074;10743
5;M2_cued_target;Stopped;602346;-3682;-5857;14074;10743
5;M2_cued_target;Stopped;602359;-3682;-5857;14074;10743
5;M2_cued_target;Stopped;602373;-3682;-5857;14074;10743
5;M2_cued_target;Stopped;602386;-3682;-5857;14074;10743
5;M2_cued_target;Stopped;602399;-3682;-5857;14074;10743
5;M2_cued_target;Stopped;602413;-3682;-5857;14074;10743
5;M2_cued_target;End;617301;-3682;-5857;14074;10743
6;L3_hidden_target;Begin;617301;-7000;7000;0;0
6;L3_hidden_target;Stopped;913528;-4144;-5417;175581;12741
6;L3_hidden_target;Stopped;913541;-4144;-5417;175581;12741
6;L3_hidden_target;Stopped;913555;-4144;-5417;175581;12741
6;L3_hidden_target;Stopped;913568;-4144;-5417;175581;12741
6;L3_hidden_target;Stopped;913582;-4144;-5417;175581;12741
6;L3_hidden_target;Stopped;913595;-4144;-5417;175581;12741
6;L3_hidden_target;Stopped;913608;-4144;-5417;175581;12741
6;L3_hidden_target;Stopped;913621;-4144;-5417;175581;12741
6;L3_hidden_target;Stopped;913635;-4144;-5417;175581;12741
6;L3_hidden_target;Stopped;913648;-4144;-5417;175581;12741
6;L3_hidden_target;Stopped;913666;-4144;-5417;175581;12741
6;L3_hidden_target;Stopped;913679;-4144;-5417;175581;12741
6;L3_hidden_target;End;928549;-4144;-5417;175581;12741
7;M1_cued_target;Begin;928549;7000;7000;0;0
7;M1_cued_target;Stopped;1035269;-3704;-5424;22583;16399
7;M1_cued_target;Stopped;1035283;-3704;-5424;22583;16399
7;M1_cued_target;Stopped;1035297;-3704;-5424;22583;16399
7;M1_cued_target;Stopped;1035310;-3704;-5424;22583;16399
7;M1_cued_target;Stopped;1035323;-3704;-5424;22583;16399
7;M1_cued_target;Stopped;1035337;-3704;-5424;22583;16399
7;M1_cued_target;Stopped;1035350;-3704;-5424;22583;16399
7;M1_cued_target;Stopped;1035363;-3704;-5424;22583;16399
7;M1_cued_target;Stopped;1035376;-3704;-5424;22583;16399
7;M1_cued_target;Stopped;1035394;-3704;-5424;22583;16399
7;M1_cued_target;End;1050291;-3704;-5424;22583;16399
8;L2_hidden_target;Begin;1050291;7000;-7000;0;0
8;L2_hidden_target;Stopped;1139717;-4964;-5698;41884;12035
8;L2_hidden_target;Stopped;1139726;-4964;-5698;41884;12035
8;L2_hidden_target;Stopped;1139740;-4964;-5698;41884;12035
8;L2_hidden_target;Stopped;1139753;-4964;-5698;41884;12035
8;L2_hidden_target;Stopped;1139767;-4964;-5698;41884;12035
8;L2_hidden_target;Stopped;1139779;-4964;-5698;41884;12035
8;L2_hidden_target;Stopped;1139792;-4964;-5698;41884;12035
8;L2_hidden_target;Stopped;1139806;-4964;-5698;41884;12035
8;L2_hidden_target;Stopped;1139819;-4964;-5698;41884;12035
8;L2_hidden_target;Stopped;1139832;-4964;-5698;41884;12035
8;L2_hidden_target;End;1154734;-4964;-5698;41884;12035
9;M3_cued_target;Begin;1154734;-7000;6999;0;0
9;M3_cued_target;Stopped;1228453;-4471;-5418;15165;12672
9;M3_cued_target;Stopped;1228467;-4471;-5418;15165;12672
9;M3_cued_target;Stopped;1228480;-4471;-5418;15165;12672
9;M3_cued_target;Stopped;1228520;-4471;-5418;15165;12672
9;M3_cued_target;Stopped;1228533;-4471;-5418;15165;12672
9;M3_cued_target;Stopped;1228547;-4471;-5418;15165;12672
9;M3_cued_target;Stopped;1228560;-4471;-5418;15165;12672
9;M3_cued_target;Stopped;1228573;-4471;-5418;15165;12672
9;M3_cued_target;Stopped;1228587;-4471;-5418;15165;12672
9;M3_cued_target;End;1243474;-4471;-5418;15165;12672
10;L1_hidden_target;Begin;1243474;7000;6999;0;0
10;L1_hidden_target;Stopped;1321648;-3684;-5451;38430;16407
10;L1_hidden_target;Stopped;1321662;-3684;-5451;38430;16407
10;L1_hidden_target;Stopped;1321675;-3684;-5451;38430;16407
10;L1_hidden_target;Stopped;1321688;-3684;-5451;38430;16407
10;L1_hidden_target;Stopped;1321702;-3684;-5451;38430;16407
10;L1_hidden_target;Stopped;1321715;-3684;-5451;38430;16407
10;L1_hidden_target;Stopped;1321728;-3684;-5451;38430;16407
10;L1_hidden_target;Stopped;1321742;-3684;-5451;38430;16407
10;L1_hidden_target;Stopped;1321755;-3684;-5451;38430;16407
10;L1_hidden_target;Stopped;1321768;-3684;-5451;38430;16407
10;L1_hidden_target;Stopped;1321782;-3684;-5451;38430;16407
10;L1_hidden_target;End;1336669;-3684;-5451;38430;16407
11;M2_cued_target;Begin;1336669;7000;-7000;0;0
11;M2_cued_target;Stopped;1391021;-3682;-6131;10542;10717
11;M2_cued_target;Stopped;1391034;-3682;-6131;10542;10717
11;M2_cued_target;Stopped;1391048;-3682;-6131;10542;10717
11;M2_cued_target;Stopped;1391061;-3682;-6131;10542;10717
11;M2_cued_target;Stopped;1391075;-3682;-6131;10542;10717
11;M2_cued_target;Stopped;1391088;-3682;-6131;10542;10717
11;M2_cued_target;Stopped;1391101;-3682;-6131;10542;10717
11;M2_cued_target;Stopped;1391115;-3682;-6131;10542;10717
11;M2_cued_target;Stopped;1391128;-3682;-6131;10542;10717
11;M2_cued_target;Stopped;1391141;-3682;-6131;10542;10717
11;M2_cued_target;Stopped;1391155;-3682;-6131;10542;10717
11;M2_cued_target;Stopped;1391168;-3682;-6131;10542;10717
11;M2_cued_target;Stopped;1391181;-3682;-6131;10542;10717
11;M2_cued_target;Stopped;1391195;-3682;-6131;10542;10717
11;M2_cued_target;End;1406043;-3682;-6131;10542;10717
12;L3_hidden_target;Begin;1406043;-7000;7000;0;0
12;L3_hidden_target;Stopped;1435006;-4970;-5981;15358;13139
12;L3_hidden_target;Stopped;1435019;-4970;-5981;15358;13139
12;L3_hidden_target;Stopped;1435033;-4970;-5981;15358;13139
12;L3_hidden_target;Stopped;1435046;-4970;-5981;15358;13139
12;L3_hidden_target;Stopped;1435059;-4970;-5981;15358;13139
12;L3_hidden_target;Stopped;1435073;-4970;-5981;15358;13139
12;L3_hidden_target;Stopped;1435086;-4970;-5981;15358;13139
12;L3_hidden_target;Stopped;1435099;-4970;-5981;15358;13139
12;L3_hidden_target;Stopped;1435113;-4970;-5981;15358;13139
12;L3_hidden_target;Stopped;1435126;-4970;-5981;15358;13139
12;L3_hidden_target;Stopped;1435139;-4970;-5981;15358;13139
12;L3_hidden_target;Stopped;1435153;-4970;-5981;15358;13139
12;L3_hidden_target;Stopped;1435166;-4970;-5981;15358;13139
12;L3_hidden_target;Stopped;1435184;-4970;-5981;15358;13139
12;L3_hidden_target;End;1450027;-4970;-5981;15358;13139
13;M3_cued_target;Begin;1450027;-7000;7000;0;0
13;M3_cued_target;Stopped;1508073;-4524;-5417;11565;12661
13;M3_cued_target;Stopped;1508086;-4524;-5417;11565;12661
13;M3_cued_target;Stopped;1508099;-4524;-5417;11565;12661
13;M3_cued_target;Stopped;1508112;-4524;-5417;11565;12661
13;M3_cued_target;Stopped;1508126;-4524;-5417;11565;12661
13;M3_cued_target;Stopped;1508139;-4524;-5417;11565;12661
13;M3_cued_target;Stopped;1508152;-4524;-5417;11565;12661
13;M3_cued_target;Stopped;1508166;-4524;-5417;11565;12661
13;M3_cued_target;Stopped;1508179;-4524;-5417;11565;12661
13;M3_cued_target;Stopped;1508192;-4524;-5417;11565;12661
13;M3_cued_target;End;1523094;-4524;-5417;11565;12661
14;L2_hidden_target;Begin;1523094;7000;-7000;0;0
14;L2_hidden_target;Stopped;1570532;-4966;-6435;20870;11979
14;L2_hidden_target;Stopped;1570545;-4966;-6435;20870;11979
14;L2_hidden_target;Stopped;1570558;-4966;-6435;20870;11979
14;L2_hidden_target;Stopped;1570572;-4966;-6435;20870;11979
14;L2_hidden_target;Stopped;1570585;-4966;-6435;20870;11979
14;L2_hidden_target;Stopped;1570598;-4966;-6435;20870;11979
14;L2_hidden_target;Stopped;1570612;-4966;-6435;20870;11979
14;L2_hidden_target;Stopped;1570625;-4966;-6435;20870;11979
14;L2_hidden_target;Stopped;1570638;-4966;-6435;20870;11979
14;L2_hidden_target;Stopped;1570652;-4966;-6435;20870;11979
14;L2_hidden_target;Stopped;1570665;-4966;-6435;20870;11979
14;L2_hidden_target;Stopped;1570678;-4966;-6435;20870;11979
14;L2_hidden_target;End;1585552;-4966;-6435;20870;11979
15;M1_cued_target;Begin;1585552;7000;7000;0;0
15;M1_cued_target;Stopped;1690793;-3880;-5423;22135;16514
15;M1_cued_target;Stopped;1690807;-3880;-5423;22135;16514
15;M1_cued_target;Stopped;1690820;-3880;-5423;22135;16514
15;M1_cued_target;Stopped;1690833;-3880;-5423;22135;16514
15;M1_cued_target;Stopped;1690847;-3880;-5423;22135;16514
15;M1_cued_target;Stopped;1690860;-3880;-5423;22135;16514
15;M1_cued_target;Stopped;1690873;-3880;-5423;22135;16514
15;M1_cued_target;Stopped;1690887;-3880;-5423;22135;16514
15;M1_cued_target;Stopped;1690900;-3880;-5423;22135;16514
15;M1_cued_target;Stopped;1690913;-3880;-5423;22135;16514
15;M1_cued_target;Stopped;1690927;-3880;-5423;22135;16514
15;M1_cued_target;Stopped;1690940;-3880;-5423;22135;16514
15;M1_cued_target;Stopped;1690953;-3880;-5423;22135;16514
15;M1_cued_target;Stopped;1690967;-3880;-5423;22135;16514
15;M1_cued_target;End;1705815;-3880;-5423;22135;16514
16;L3_hidden_target;Begin;1705815;-7000;7000;0;0
16;L3_hidden_target;Stopped;1731659;-4574;-5409;12841;12644
16;L3_hidden_target;Stopped;1731673;-4574;-5409;12841;12644
16;L3_hidden_target;Stopped;1731686;-4574;-5409;12841;12644
16;L3_hidden_target;Stopped;1731699;-4574;-5409;12841;12644
16;L3_hidden_target;Stopped;1731713;-4574;-5409;12841;12644
16;L3_hidden_target;Stopped;1731726;-4574;-5409;12841;12644
16;L3_hidden_target;Stopped;1731744;-4574;-5409;12841;12644
16;L3_hidden_target;Stopped;1731757;-4574;-5409;12841;12644
16;L3_hidden_target;Stopped;1731771;-4574;-5409;12841;12644
16;L3_hidden_target;Stopped;1731784;-4574;-5409;12841;12644
16;L3_hidden_target;Stopped;1731795;-4574;-5409;12841;12644
16;L3_hidden_target;Stopped;1731806;-4574;-5409;12841;12644
16;L3_hidden_target;Stopped;1731820;-4574;-5409;12841;12644
16;L3_hidden_target;End;1746681;-4574;-5409;12841;12644
16;L3_hidden_target;Begin;1746681;-4574;-5409;12841;12644
