1;M3_cued_target;Stopped;126691;-4812;-5421;14686;12612
1;M3_cued_target;Stopped;126704;-4812;-5421;14686;12612
1;M3_cued_target;Stopped;126718;-4812;-5421;14686;12612
1;M3_cued_target;Stopped;126731;-4812;-5421;14686;12612
1;M3_cued_target;Stopped;126744;-4812;-5421;14686;12612
1;M3_cued_target;Stopped;126758;-4812;-5421;14686;12612
1;M3_cued_target;Stopped;126771;-4812;-5421;14686;12612
1;M3_cued_target;Stopped;126784;-4812;-5421;14686;12612
1;M3_cued_target;Stopped;126798;-4812;-5421;14686;12612
1;M3_cued_target;Stopped;126811;-4812;-5421;14686;12612
1;M3_cued_target;Stopped;126824;-4812;-5421;14686;12612
1;M3_cued_target;Stopped;126838;-4812;-5421;14686;12612
1;M3_cued_target;Stopped;126851;-4812;-5421;14686;12612
1;M3_cued_target;Stopped;126869;-4812;-5421;14686;12612
1;M3_cued_target;Stopped;126882;-4812;-5421;14686;12612
1;M3_cued_target;Stopped;126895;-4812;-5421;14686;12612
1;M3_cued_target;Stopped;126905;-4812;-5421;14686;12612
1;M3_cued_target;Stopped;126918;-4812;-5421;14686;12612
1;M3_cued_target;Stopped;126931;-4812;-5421;14686;12612
1;M3_cued_target;Stopped;126944;-4812;-5421;14686;12612
1;M3_cued_target;Stopped;126958;-4812;-5421;14686;12612
1;M3_cued_target;Stopped;126971;-4812;-5421;14686;12612
1;M3_cued_target;Stopped;126984;-4812;-5421;14686;12612
1;M3_cued_target;Stopped;127002;-4812;-5421;14686;12612
1;M3_cued_target;End;141713;-4812;-5421;14686;12612
2;L2_hidden_target;Begin;141713;7000;-7000;0;0
2;L2_hidden_target;Stopped;528800;-4123;-6702;138245;11127
2;L2_hidden_target;Stopped;528810;-4123;-6702;138245;11127
2;L2_hidden_target;Stopped;528825;-4123;-6702;138245;11127
2;L2_hidden_target;Stopped;528836;-4123;-6702;138245;11127
2;L2_hidden_target;Stopped;528849;-4123;-6702;138245;11127
2;L2_hidden_target;Stopped;528863;-4123;-6702;138245;11127
2;L2_hidden_target;Stopped;528876;-4123;-6702;138245;11127
2;L2_hidden_target;Stopped;528889;-4123;-6702;138245;11127
2;L2_hidden_target;Stopped;528903;-4123;-6702;138245;11127
2;L2_hidden_target;Stopped;528916;-4123;-6702;138245;11127
2;L2_hidden_target;Stopped;528929;-4123;-6702;138245;11127
2;L2_hidden_target;Stopped;528943;-4123;-6702;138245;11127
2;L2_hidden_target;Stopped;528956;-4123;-6702;138245;11127
2;L2_hidden_target;Stopped;528969;-4123;-6702;138245;11127
2;L2_hidden_target;Stopped;528983;-4123;-6702;138245;11127
2;L2_hidden_target;Stopped;528996;-4123;-6702;138245;11127
2;L2_hidden_target;Stopped;529009;-4123;-6702;138245;11127
2;L2_hidden_target;Stopped;529023;-4123;-6702;138245;11127
2;L2_hidden_target;Stopped;529036;-4123;-6702;138245;11127
2;L2_hidden_target;Stopped;529049;-4123;-6702;138245;11127
2;L2_hidden_target;Stopped;529063;-4123;-6702;138245;11127
2;L2_hidden_target;Stopped;529079;-4123;-6702;138245;11127
2;L2_hidden_target;Stopped;529093;-4123;-6702;138245;11127
2;L2_hidden_target;Stopped;529106;-4123;-6702;138245;11127
2;L2_hidden_target;Stopped;529119;-4123;-6702;138245;11127
2;L2_hidden_target;Stopped;529132;-4123;-6702;138245;11127
2;L2_hidden_target;Stopped;529143;-4123;-6702;138245;11127
2;L2_hidden_target;Stopped;529156;-4123;-6702;138245;11127
2;L2_hidden_target;Stopped;529169;-4123;-6702;138245;11127
2;L2_hidden_target;Stopped;529183;-4123;-6702;138245;11127
2;L2_hidden_target;Stopped;529196;-4123;-6702;138245;11127
2;L2_hidden_target;Stopped;529209;-4123;-6702;138245;11127
2;L2_hidden_target;Stopped;529223;-4123;-6702;138245;11127
2;L2_hidden_target;Stopped;529236;-4123;-6702;138245;11127
2;L2_hidden_target;Stopped;529249;-4123;-6702;138245;11127
2;L2_hidden_target;Stopped;529263;-4123;-6702;138245;11127
2;L2_hidden_target;Stopped;529276;-4123;-6702;138245;11127
2;L2_hidden_target;Stopped;529289;-4123;-6702;138245;11127
2;L2_hidden_target;Stopped;529303;-4123;-6702;138245;11127
2;L2_hidden_target;Stopped;529316;-4123;-6702;138245;11127
2;L2_hidden_target;Stopped;529329;-4123;-6702;138245;11127
2;L2_hidden_target;Stopped;529343;-4123;-6702;138245;11127
2;L2_hidden_target;Stopped;529356;-4123;-6702;138245;11127
2;L2_hidden_target;Stopped;529369;-4123;-6702;138245;11127
2;L2_hidden_target;Stopped;529383;-4123;-6702;138245;11127
2;L2_hidden_target;End;543817;-4123;-6702;138245;11127
3;M1_cued_target;Begin;543817;7000;6999;0;0
3;M1_cued_target;Stopped;665212;-4089;-5418;16512;16649
3;M1_cued_target;Stopped;665226;-4089;-5418;16512;16649
3;M1_cued_target;Stopped;665239;-4089;-5418;16512;16649
3;M1_cued_target;Stopped;665252;-4089;-5418;16512;16649
3;M1_cued_target;Stopped;665265;-4089;-5418;16512;16649
3;M1_cued_target;Stopped;665279;-4089;-5418;16512;16649
3;M1_cued_target;Stopped;665292;-4089;-5418;16512;16649
3;M1_cued_target;Stopped;665305;-4089;-5418;16512;16649
3;M1_cued_target;Stopped;665318;-4089;-5418;16512;16649
3;M1_cued_target;Stopped;665332;-4089;-5418;16512;16649
3;M1_cued_target;Stopped;665345;-4089;-5418;16512;16649
3;M1_cued_target;Stopped;665359;-4089;-5418;16512;16649
3;M1_cued_target;Stopped;665372;-4089;-5418;16512;16649
3;M1_cued_target;Stopped;665385;-4089;-5418;16512;16649
3;M1_cued_target;Stopped;665398;-4089;-5418;16512;16649
3;M1_cued_target;Stopped;665412;-4089;-5418;16512;16649
3;M1_cued_target;Stopped;665425;-4089;-5418;16512;16649
3;M1_cued_target;Stopped;665439;-4089;-5418;16512;16649
3;M1_cued_target;Stopped;665452;-4089;-5418;16512;16649
3;M1_cued_target;Stopped;665465;-4089;-5418;16512;16649
3;M1_cued_target;Stopped;665479;-4089;-5418;16512;16649
3;M1_cued_target;Stopped;665492;-4089;-5418;16512;16649
3;M1_cued_target;End;680233;-4089;-5418;16512;16649
4;L2_hidden_target;Begin;680233;7000;-7000;0;0
4;L2_hidden_target;Stopped;782198;-3687;-5469;32736;10796
4;L2_hidden_target;Stopped;782211;-3687;-5469;32736;10796
4;L2_hidden_target;Stopped;782224;-3687;-5469;32736;10796
4;L2_hidden_target;Stopped;782238;-3687;-5469;32736;10796
4;L2_hidden_target;Stopped;782251;-3687;-5469;32736;10796
4;L2_hidden_target;Stopped;782264;-3687;-5469;32736;10796
4;L2_hidden_target;Stopped;782277;-3687;-5469;32736;10796
4;L2_hidden_target;Stopped;782291;-3687;-5469;32736;10796
4;L2_hidden_target;Stopped;782304;-3687;-5469;32736;10796
4;L2_hidden_target;Stopped;782318;-3687;-5469;32736;10796
4;L2_hidden_target;Stopped;782331;-3687;-5469;32736;10796
4;L2_hidden_target;Stopped;782344;-3687;-5469;32736;10796
4;L2_hidden_target;Stopped;782358;-3687;-5469;32736;10796
4;L2_hidden_target;Stopped;782371;-3687;-5469;32736;10796
4;L2_hidden_target;Stopped;782384;-3687;-5469;32736;10796
4;L2_hidden_target;Stopped;782397;-3687;-5469;32736;10796
4;L2_hidden_target;Stopped;782411;-3687;-5469;32736;10796
4;L2_hidden_target;Stopped;782424;-3687;-5469;32736;10796
4;L2_hidden_target;Stopped;782438;-3687;-5469;32736;10796
4;L2_hidden_target;Stopped;782451;-3687;-5469;32736;10796
4;L2_hidden_target;Stopped;782464;-3687;-5469;32736;10796
4;L2_hidden_target;Stopped;782477;-3687;-5469;32736;10796
4;L2_hidden_target;Stopped;782491;-3687;-5469;32736;10796
4;L2_hidden_target;Stopped;782517;-3687;-5469;32736;10796
4;L2_hidden_target;End;797218;-3687;-5469;32736;10796
5;M2_cued_target;Begin;797218;6999;-7000;0;0
5;M2_cued_target;Stopped;850956;-3681;-6345;9735;10701
5;M2_cued_target;Stopped;850970;-3681;-6345;9735;10701
5;M2_cued_target;Stopped;850983;-3681;-6345;9735;10701
5;M2_cued_target;Stopped;850996;-3681;-6345;9735;10701
5;M2_cued_target;Stopped;851010;-3681;-6345;9735;10701
5;M2_cued_target;Stopped;851023;-3681;-6345;9735;10701
5;M2_cued_target;Stopped;851037;-3681;-6345;9735;10701
5;M2_cued_target;Stopped;851050;-3681;-6345;9735;10701
5;M2_cued_target;Stopped;851063;-3681;-6345;9735;10701
5;M2_cued_target;Stopped;851076;-3681;-6345;9735;10701
5;M2_cued_target;Stopped;851090;-3681;-6345;9735;10701
5;M2_cued_target;Stopped;851103;-3681;-6345;9735;10701
5;M2_cued_target;Stopped;851116;-3681;-6345;9735;10701
5;M2_cued_target;Stopped;851130;-3681;-6345;9735;10701
5;M2_cued_target;Stopped;851143;-3681;-6345;9735;10701
5;M2_cued_target;Stopped;851156;-3681;-6345;9735;10701
5;M2_cued_target;Stopped;851170;-3681;-6345;9735;10701
5;M2_cued_target;Stopped;851183;-3681;-6345;9735;10701
5;M2_cued_target;Stopped;851196;-3681;-6345;9735;10701
5;M2_cued_target;Stopped;851210;-3681;-6345;9735;10701
5;M2_cued_target;Stopped;851228;-3681;-6345;9735;10701
5;M2_cued_target;Stopped;851238;-3681;-6345;9735;10701
5;M2_cued_target;Stopped;851251;-3681;-6345;9735;10701
5;M2_cued_target;Stopped;851264;-3681;-6345;9735;10701
5;M2_cued_target;Stopped;851277;-3681;-6345;9735;10701
5;M2_cued_target;Stopped;851290;-3681;-6345;9735;10701
5;M2_cued_target;End;865982;-3681;-6345;9735;10701
6;L2_hidden_target;Begin;865982;7000;-7000;0;0
6;L2_hidden_target;Stopped;898806;-4078;-6706;11984;11082
6;L2_hidden_target;Stopped;898823;-4078;-6706;11984;11082
6;L2_hidden_target;Stopped;898837;-4078;-6706;11984;11082
6;L2_hidden_target;Stopped;898847;-4078;-6706;11984;11082
6;L2_hidden_target;Stopped;898863;-4078;-6706;11984;11082
6;L2_hidden_target;Stopped;898876;-4078;-6706;11984;11082
6;L2_hidden_target;Stopped;898888;-4078;-6706;11984;11082
6;L2_hidden_target;Stopped;898901;-4078;-6706;11984;11082
6;L2_hidden_target;Stopped;898913;-4078;-6706;11984;11082
6;L2_hidden_target;Stopped;898926;-4078;-6706;11984;11082
6;L2_hidden_target;Stopped;898939;-4078;-6706;11984;11082
6;L2_hidden_target;Stopped;898953;-4078;-6706;11984;11082
6;L2_hidden_target;Stopped;898966;-4078;-6706;11984;11082
6;L2_hidden_target;Stopped;898979;-4078;-6706;11984;11082
6;L2_hidden_target;Stopped;898993;-4078;-6706;11984;11082
6;L2_hidden_target;Stopped;899006;-4078;-6706;11984;11082
6;L2_hidden_target;Stopped;899019;-4078;-6706;11984;11082
6;L2_hidden_target;Stopped;899033;-4078;-6706;11984;11082
6;L2_hidden_target;End;913827;-4078;-6706;11984;11082
7;M1_cued_target;Begin;913827;7000;7000;0;0
7;M1_cued_target;Stopped;1028718;-3683;-5768;16482;16648
7;M1_cued_target;Stopped;1028731;-3683;-5768;16482;16648
7;M1_cued_target;Stopped;1028745;-3683;-5768;16482;16648
7;M1_cued_target;Stopped;1028758;-3683;-5768;16482;16648
7;M1_cued_target;Stopped;1028771;-3683;-5768;16482;16648
7;M1_cued_target;Stopped;1028785;-3683;-5768;16482;16648
7;M1_cued_target;Stopped;1028798;-3683;-5768;16482;16648
7;M1_cued_target;Stopped;1028811;-3683;-5768;16482;16648
7;M1_cued_target;Stopped;1028825;-3683;-5768;16482;16648
7;M1_cued_target;Stopped;1028838;-3683;-5768;16482;16648
7;M1_cued_target;Stopped;1028855;-3683;-5768;16482;16648
7;M1_cued_target;Stopped;1028866;-3683;-5768;16482;16648
7;M1_cued_target;Stopped;1028879;-3683;-5768;16482;16648
7;M1_cued_target;Stopped;1028893;-3683;-5768;16482;16648
7;M1_cued_target;Stopped;1028904;-3683;-5768;16482;16648
7;M1_cued_target;Stopped;1028918;-3683;-5768;16482;16648
7;M1_cued_target;Stopped;1028931;-3683;-5768;16482;16648
7;M1_cued_target;Stopped;1028945;-3683;-5768;16482;16648
7;M1_cued_target;Stopped;1028958;-3683;-5768;16482;16648
7;M1_cued_target;End;1043739;-3683;-5768;16482;16648
8;L2_hidden_target;Begin;1043739;7000;-7000;0;0
8;L2_hidden_target;Stopped;1071515;-4185;-6706;12271;11189
8;L2_hidden_target;Stopped;1071528;-4185;-6706;12271;11189
8;L2_hidden_target;Stopped;1071542;-4185;-6706;12271;11189
8;L2_hidden_target;Stopped;1071555;-4185;-6706;12271;11189
8;L2_hidden_target;Stopped;1071568;-4185;-6706;12271;11189
8;L2_hidden_target;Stopped;1071582;-4185;-6706;12271;11189
8;L2_hidden_target;Stopped;1071595;-4185;-6706;12271;11189
8;L2_hidden_target;Stopped;1071608;-4185;-6706;12271;11189
8;L2_hidden_target;Stopped;1071622;-4185;-6706;12271;11189
8;L2_hidden_target;Stopped;1071635;-4185;-6706;12271;11189
8;L2_hidden_target;Stopped;1071648;-4185;-6706;12271;11189
8;L2_hidden_target;Stopped;1071662;-4185;-6706;12271;11189
8;L2_hidden_target;Stopped;1071675;-4185;-6706;12271;11189
8;L2_hidden_target;Stopped;1071688;-4185;-6706;12271;11189
8;L2_hidden_target;End;1086536;-4185;-6706;12271;11189
9;M3_cued_target;Begin;1086536;-7000;7000;0;0
9;M3_cued_target;Stopped;1162335;-4571;-5418;11415;12653
9;M3_cued_target;Stopped;1162348;-4571;-5418;11415;12653
9;M3_cued_target;Stopped;1162362;-4571;-5418;11415;12653
9;M3_cued_target;Stopped;1162375;-4571;-5418;11415;12653
9;M3_cued_target;Stopped;1162388;-4571;-5418;11415;12653
9;M3_cued_target;Stopped;1162402;-4571;-5418;11415;12653
9;M3_cued_target;Stopped;1162415;-4571;-5418;11415;12653
9;M3_cued_target;Stopped;1162428;-4571;-5418;11415;12653
9;M3_cued_target;Stopped;1162446;-4571;-5418;11415;12653
9;M3_cued_target;Stopped;1162456;-4571;-5418;11415;12653
9;M3_cued_target;Stopped;1162469;-4571;-5418;11415;12653
9;M3_cued_target;Stopped;1162482;-4571;-5418;11415;12653
9;M3_cued_target;Stopped;1162512;-4571;-5418;11415;12653
9;M3_cued_target;Stopped;1162523;-4571;-5418;11415;12653
9;M3_cued_target;Stopped;1162536;-4571;-5418;11415;12653
9;M3_cued_target;Stopped;1162548;-4571;-5418;11415;12653
9;M3_cued_target;Stopped;1162562;-4571;-5418;11415;12653
9;M3_cued_target;End;1177356;-4571;-5418;11415;12653
10;L2_hidden_target;Begin;1177356;6999;-7000;0;0
10;L2_hidden_target;Stopped;1203134;-3680;-6491;11154;10692
10;L2_hidden_target;Stopped;1203147;-3680;-6491;11154;10692
10;L2_hidden_target;Stopped;1203161;-3680;-6491;11154;10692
10;L2_hidden_target;Stopped;1203174;-3680;-6491;11154;10692
10;L2_hidden_target;Stopped;1203187;-3680;-6491;11154;10692
10;L2_hidden_target;Stopped;1203201;-3680;-6491;11154;10692
10;L2_hidden_target;Stopped;1203214;-3680;-6491;11154;10692
10;L2_hidden_target;Stopped;1203227;-3680;-6491;11154;10692
10;L2_hidden_target;Stopped;1203241;-3680;-6491;11154;10692
10;L2_hidden_target;Stopped;1203254;-3680;-6491;11154;10692
10;L2_hidden_target;Stopped;1203268;-3680;-6491;11154;10692
10;L2_hidden_target;Stopped;1203281;-3680;-6491;11154;10692
10;L2_hidden_target;Stopped;1203294;-3680;-6491;11154;10692
10;L2_hidden_target;Stopped;1203307;-3680;-6491;11154;10692
10;L2_hidden_target;End;1218155;-3680;-6491;11154;10692
11;M2_cued_target;Begin;1218155;7000;-7000;0;0
11;M2_cued_target;Stopped;1284584;-3682;-6370;9762;10701
11;M2_cued_target;Stopped;1284597;-3682;-6370;9762;10701
11;M2_cued_target;Stopped;1284610;-3682;-6370;9762;10701
11;M2_cued_target;Stopped;1284624;-3682;-6370;9762;10701
11;M2_cued_target;Stopped;1284637;-3682;-6370;9762;10701
11;M2_cued_target;Stopped;1284650;-3682;-6370;9762;10701
11;M2_cued_target;Stopped;1284664;-3682;-6370;9762;10701
11;M2_cued_target;Stopped;1284677;-3682;-6370;9762;10701
11;M2_cued_target;Stopped;1284690;-3682;-6370;9762;10701
11;M2_cued_target;Stopped;1284704;-3682;-6370;9762;10701
11;M2_cued_target;Stopped;1284717;-3682;-6370;9762;10701
11;M2_cued_target;Stopped;1284735;-3682;-6370;9762;10701
11;M2_cued_target;Stopped;1284748;-3682;-6370;9762;10701
11;M2_cued_target;Stopped;1284760;-3682;-6370;9762;10701
11;M2_cued_target;Stopped;1284771;-3682;-6370;9762;10701
11;M2_cued_target;Stopped;1284784;-3682;-6370;9762;10701
11;M2_cued_target;Stopped;1284797;-3682;-6370;9762;10701
11;M2_cued_target;Stopped;1284811;-3682;-6370;9762;10701
11;M2_cued_target;End;1299604;-3682;-6370;9762;10701
12;L2_hidden_target;Begin;1299604;7000;-7000;0;0
12;L2_hidden_target;Stopped;1322343;-3682;-6133;10481;10717
12;L2_hidden_target;Stopped;1322357;-3682;-6133;10481;10717
12;L2_hidden_target;Stopped;1322371;-3682;-6133;10481;10717
12;L2_hidden_target;Stopped;1322384;-3682;-6133;10481;10717
12;L2_hidden_target;Stopped;1322397;-3682;-6133;10481;10717
12;L2_hidden_target;Stopped;1322410;-3682;-6133;10481;10717
12;L2_hidden_target;Stopped;1322424;-3682;-6133;10481;10717
12;L2_hidden_target;Stopped;1322437;-3682;-6133;10481;10717
12;L2_hidden_target;Stopped;1322450;-3682;-6133;10481;10717
12;L2_hidden_target;Stopped;1322464;-3682;-6133;10481;10717
12;L2_hidden_target;Stopped;1322477;-3682;-6133;10481;10717
12;L2_hidden_target;Stopped;1322503;-3682;-6133;10481;10717
12;L2_hidden_target;Stopped;1322516;-3682;-6133;10481;10717
12;L2_hidden_target;Stopped;1322530;-3682;-6133;10481;10717
12;L2_hidden_target;Stopped;1322543;-3682;-6133;10481;10717
12;L2_hidden_target;Stopped;1322556;-3682;-6133;10481;10717
12;L2_hidden_target;Stopped;1322570;-3682;-6133;10481;10717
12;L2_hidden_target;Stopped;1322583;-3682;-6133;10481;10717
12;L2_hidden_target;End;1337365;-3682;-6133;10481;10717
13;M3_cued_target;Begin;1337365;-7000;7000;0;0
13;M3_cued_target;Stopped;1480204;-3682;-6054;25845;13469
13;M3_cued_target;Stopped;1480218;-3682;-6054;25845;13469
13;M3_cued_target;Stopped;1480231;-3682;-6054;25845;13469
13;M3_cued_target;Stopped;1480244;-3682;-6054;25845;13469
13;M3_cued_target;Stopped;1480257;-3682;-6054;25845;13469
13;M3_cued_target;Stopped;1480271;-3682;-6054;25845;13469
13;M3_cued_target;Stopped;1480284;-3682;-6054;25845;13469
13;M3_cued_target;Stopped;1480298;-3682;-6054;25845;13469
13;M3_cued_target;Stopped;1480311;-3682;-6054;25845;13469
13;M3_cued_target;Stopped;1480324;-3682;-6054;25845;13469
13;M3_cued_target;Stopped;1480338;-3682;-6054;25845;13469
13;M3_cued_target;Stopped;1480351;-3682;-6054;25845;13469
13;M3_cued_target;Stopped;1480364;-3682;-6054;25845;13469
13;M3_cued_target;Stopped;1480377;-3682;-6054;25845;13469
13;M3_cued_target;Stopped;1480391;-3682;-6054;25845;13469
13;M3_cued_target;End;1495226;-3682;-6054;25845;13469
14;L2_hidden_target;Begin;1495226;7000;-7000;0;0
14;L2_hidden_target;Stopped;1520577;-3685;-6504;10743;10696
14;L2_hidden_target;Stopped;1520589;-3685;-6504;10743;10696
14;L2_hidden_target;Stopped;1520603;-3685;-6504;10743;10696
14;L2_hidden_target;Stopped;1520616;-3685;-6504;10743;10696
14;L2_hidden_target;Stopped;1520629;-3685;-6504;10743;10696
14;L2_hidden_target;Stopped;1520643;-3685;-6504;10743;10696
14;L2_hidden_target;Stopped;1520661;-3685;-6504;10743;10696
14;L2_hidden_target;Stopped;1520674;-3685;-6504;10743;10696
14;L2_hidden_target;Stopped;1520683;-3685;-6504;10743;10696
14;L2_hidden_target;Stopped;1520696;-3685;-6504;10743;10696
14;L2_hidden_target;Stopped;1520709;-3685;-6504;10743;10696
14;L2_hidden_target;Stopped;1520723;-3685;-6504;10743;10696
14;L2_hidden_target;Stopped;1520736;-3685;-6504;10743;10696
14;L2_hidden_target;Stopped;1520749;-3685;-6504;10743;10696
14;L2_hidden_target;Stopped;1520763;-3685;-6504;10743;10696
14;L2_hidden_target;Stopped;1520781;-3685;-6504;10743;10696
14;L2_hidden_target;End;1535598;-3685;-6504;10743;10696
15;M1_cued_target;Begin;1535598;7000;7000;0;0
15;M1_cued_target;Stopped;1653966;-4245;-5418;19332;16753
15;M1_cued_target;Stopped;1653980;-4245;-5418;19332;16753
15;M1_cued_target;Stopped;1653993;-4245;-5418;19332;16753
15;M1_cued_target;Stopped;1654007;-4245;-5418;19332;16753
15;M1_cued_target;Stopped;1654020;-4245;-5418;19332;16753
15;M1_cued_target;Stopped;1654033;-4245;-5418;19332;16753
15;M1_cued_target;Stopped;1654047;-4245;-5418;19332;16753
15;M1_cued_target;Stopped;1654060;-4245;-5418;19332;16753
15;M1_cued_target;Stopped;1654073;-4245;-5418;19332;16753
15;M1_cued_target;Stopped;1654087;-4245;-5418;19332;16753
15;M1_cued_target;Stopped;1654100;-4245;-5418;19332;16753
15;M1_cued_target;End;1668988;-4245;-5418;19332;16753
16;L2_hidden_target;Begin;1668988;6999;-7000;0;0
16;L2_hidden_target;Stopped;1697325;-3681;-5873;10614;10740
16;L2_hidden_target;Stopped;1697338;-3681;-5873;10614;10740
16;L2_hidden_target;Stopped;1697351;-3681;-5873;10614;10740
16;L2_hidden_target;Stopped;1697365;-3681;-5873;10614;10740
16;L2_hidden_target;Stopped;1697378;-3681;-5873;10614;10740
16;L2_hidden_target;Stopped;1697391;-3681;-5873;10614;10740
16;L2_hidden_target;Stopped;1697405;-3681;-5873;10614;10740
16;L2_hidden_target;Stopped;1697418;-3681;-5873;10614;10740
16;L2_hidden_target;Stopped;1697431;-3681;-5873;10614;10740
16;L2_hidden_target;Stopped;1697445;-3681;-5873;10614;10740
16;L2_hidden_target;Stopped;1697458;-3681;-5873;10614;10740
16;L2_hidden_target;Stopped;1697498;-3681;-5873;10614;10740
16;L2_hidden_target;Stopped;1697511;-3681;-5873;10614;10740
16;L2_hidden_target;Stopped;1697525;-3681;-5873;10614;10740
16;L2_hidden_target;Stopped;1697538;-3681;-5873;10614;10740
16;L2_hidden_target;Stopped;1697551;-3681;-5873;10614;10740
16;L2_hidden_target;Stopped;1697565;-3681;-5873;10614;10740
16;L2_hidden_target;Stopped;1697578;-3681;-5873;10614;10740
16;L2_hidden_target;Stopped;1697591;-3681;-5873;10614;10740
16;L2_hidden_target;Stopped;1697605;-3681;-5873;10614;10740
16;L2_hidden_target;End;1712346;-3681;-5873;10614;10740
16;L2_hidden_target;Begin;1712346;-3681;-5873;10614;10740
