1;M3_cued_target;Stopped;249555;-3684;-5731;50328;13155
1;M3_cued_target;Stopped;249572;-3684;-5731;50328;13155
1;M3_cued_target;Stopped;249585;-3684;-5731;50328;13155
1;M3_cued_target;Stopped;249596;-3684;-5731;50328;13155
1;M3_cued_target;Stopped;249609;-3684;-5731;50328;13155
1;M3_cued_target;Stopped;249621;-3684;-5731;50328;13155
1;M3_cued_target;Stopped;249635;-3684;-5731;50328;13155
1;M3_cued_target;Stopped;249648;-3684;-5731;50328;13155
1;M3_cued_target;Stopped;249661;-3684;-5731;50328;13155
1;M3_cued_target;Stopped;249675;-3684;-5731;50328;13155
1;M3_cued_target;Stopped;249692;-3684;-5731;50328;13155
1;M3_cued_target;Stopped;249705;-3684;-5731;50328;13155
1;M3_cued_target;Stopped;249715;-3684;-5731;50328;13155
1;M3_cued_target;Stopped;249728;-3684;-5731;50328;13155
1;M3_cued_target;Stopped;249741;-3684;-5731;50328;13155
1;M3_cued_target;Stopped;249755;-3684;-5731;50328;13155
1;M3_cued_target;End;264575;-3684;-5731;50328;13155
2;L2_hidden_target;Begin;264575;7000;-7000;0;0
2;L2_hidden_target;Stopped;315079;-4456;-6705;15986;11460
2;L2_hidden_target;Stopped;315092;-4456;-6705;15986;11460
2;L2_hidden_target;Stopped;315105;-4456;-6705;15986;11460
2;L2_hidden_target;Stopped;315119;-4456;-6705;15986;11460
2;L2_hidden_target;Stopped;315131;-4456;-6705;15986;11460
2;L2_hidden_target;Stopped;315145;-4456;-6705;15986;11460
2;L2_hidden_target;Stopped;315159;-4456;-6705;15986;11460
2;L2_hidden_target;Stopped;315177;-4456;-6705;15986;11460
2;L2_hidden_target;Stopped;315190;-4456;-6705;15986;11460
2;L2_hidden_target;Stopped;315199;-4456;-6705;15986;11460
2;L2_hidden_target;Stopped;315212;-4456;-6705;15986;11460
2;L2_hidden_target;Stopped;315225;-4456;-6705;15986;11460
2;L2_hidden_target;Stopped;315239;-4456;-6705;15986;11460
2;L2_hidden_target;Stopped;315252;-4456;-6705;15986;11460
2;L2_hidden_target;Stopped;315265;-4456;-6705;15986;11460
2;L2_hidden_target;Stopped;315279;-4456;-6705;15986;11460
2;L2_hidden_target;Stopped;315292;-4456;-6705;15986;11460
2;L2_hidden_target;End;330098;-4456;-6705;15986;11460
3;M1_cued_target;Begin;330098;7000;6999;0;0
3;M1_cued_target;Stopped;488999;-4313;-5418;31301;16799
3;M1_cued_target;Stopped;489013;-4313;-5418;31301;16799
3;M1_cued_target;Stopped;489026;-4313;-5418;31301;16799
3;M1_cued_target;Stopped;489039;-4313;-5418;31301;16799
3;M1_cued_target;Stopped;489053;-4313;-5418;31301;16799
3;M1_cued_target;Stopped;489066;-4313;-5418;31301;16799
3;M1_cued_target;Stopped;489079;-4313;-5418;31301;16799
3;M1_cued_target;Stopped;489093;-4313;-5418;31301;16799
3;M1_cued_target;Stopped;489106;-4313;-5418;31301;16799
3;M1_cued_target;Stopped;489119;-4313;-5418;31301;16799
3;M1_cued_target;Stopped;489133;-4313;-5418;31301;16799
3;M1_cued_target;Stopped;489146;-4313;-5418;31301;16799
3;M1_cued_target;Stopped;489159;-4313;-5418;31301;16799
3;M1_cued_target;Stopped;489173;-4313;-5418;31301;16799
3;M1_cued_target;Stopped;489186;-4313;-5418;31301;16799
3;M1_cued_target;Stopped;489199;-4313;-5418;31301;16799
3;M1_cued_target;End;504020;-4313;-5418;31301;16799
4;L2_hidden_target;Begin;504020;7000;-7000;0;0
4;L2_hidden_target;Stopped;528252;-3679;-5788;11366;10748
4;L2_hidden_target;Stopped;528266;-3679;-5788;11366;10748
4;L2_hidden_target;Stopped;528279;-3679;-5788;11366;10748
4;L2_hidden_target;Stopped;528292;-3679;-5788;11366;10748
4;L2_hidden_target;Stopped;528306;-3679;-5788;11366;10748
4;L2_hidden_target;Stopped;528319;-3679;-5788;11366;10748
4;L2_hidden_target;Stopped;528332;-3679;-5788;11366;10748
4;L2_hidden_target;Stopped;528346;-3679;-5788;11366;10748
4;L2_hidden_target;Stopped;528359;-3679;-5788;11366;10748
4;L2_hidden_target;Stopped;528372;-3679;-5788;11366;10748
4;L2_hidden_target;Stopped;528386;-3679;-5788;11366;10748
4;L2_hidden_target;Stopped;528399;-3679;-5788;11366;10748
4;L2_hidden_target;Stopped;528412;-3679;-5788;11366;10748
4;L2_hidden_target;Stopped;528425;-3679;-5788;11366;10748
4;L2_hidden_target;Stopped;528439;-3679;-5788;11366;10748
4;L2_hidden_target;Stopped;528452;-3679;-5788;11366;10748
4;L2_hidden_target;End;543273;-3679;-5788;11366;10748
5;M2_cued_target;Begin;543273;7000;-7000;0;0
5;M2_cued_target;Stopped;708905;-3920;-5420;33466;11034
5;M2_cued_target;Stopped;708918;-3920;-5420;33466;11034
5;M2_cued_target;Stopped;708932;-3920;-5420;33466;11034
5;M2_cued_target;Stopped;708945;-3920;-5420;33466;11034
5;M2_cued_target;Stopped;708958;-3920;-5420;33466;11034
5;M2_cued_target;Stopped;708972;-3920;-5420;33466;11034
5;M2_cued_target;Stopped;708985;-3920;-5420;33466;11034
5;M2_cued_target;Stopped;708998;-3920;-5420;33466;11034
5;M2_cued_target;Stopped;709011;-3920;-5420;33466;11034
5;M2_cued_target;Stopped;709025;-3920;-5420;33466;11034
5;M2_cued_target;Stopped;709038;-3920;-5420;33466;11034
5;M2_cued_target;Stopped;709051;-3920;-5420;33466;11034
5;M2_cued_target;Stopped;709065;-3920;-5420;33466;11034
5;M2_cued_target;Stopped;709078;-3920;-5420;33466;11034
5;M2_cued_target;Stopped;709096;-3920;-5420;33466;11034
5;M2_cued_target;Stopped;709109;-3920;-5420;33466;11034
5;M2_cued_target;End;723926;-3920;-5420;33466;11034
6;L2_hidden_target;Begin;723926;7000;-7000;0;0
6;L2_hidden_target;Stopped;746945;-3681;-6581;11757;10689
6;L2_hidden_target;Stopped;746958;-3681;-6581;11757;10689
6;L2_hidden_target;Stopped;746971;-3681;-6581;11757;10689
6;L2_hidden_target;Stopped;746985;-3681;-6581;11757;10689
6;L2_hidden_target;Stopped;747002;-3681;-6581;11757;10689
6;L2_hidden_target;Stopped;747017;-3681;-6581;11757;10689
6;L2_hidden_target;Stopped;747030;-3681;-6581;11757;10689
6;L2_hidden_target;Stopped;747041;-3681;-6581;11757;10689
6;L2_hidden_target;Stopped;747054;-3681;-6581;11757;10689
6;L2_hidden_target;Stopped;747067;-3681;-6581;11757;10689
6;L2_hidden_target;Stopped;747078;-3681;-6581;11757;10689
6;L2_hidden_target;Stopped;747091;-3681;-6581;11757;10689
6;L2_hidden_target;Stopped;747105;-3681;-6581;11757;10689
6;L2_hidden_target;Stopped;747118;-3681;-6581;11757;10689
6;L2_hidden_target;Stopped;747131;-3681;-6581;11757;10689
6;L2_hidden_target;Stopped;747145;-3681;-6581;11757;10689
6;L2_hidden_target;End;761966;-3681;-6581;11757;10689
7;M1_cued_target;Begin;761966;6999;7000;0;0
7;M1_cued_target;Stopped;901900;-4423;-5418;28507;16873
7;M1_cued_target;Stopped;901913;-4423;-5418;28507;16873
7;M1_cued_target;Stopped;901927;-4423;-5418;28507;16873
7;M1_cued_target;Stopped;901940;-4423;-5418;28507;16873
7;M1_cued_target;Stopped;901954;-4423;-5418;28507;16873
7;M1_cued_target;Stopped;901967;-4423;-5418;28507;16873
7;M1_cued_target;Stopped;901980;-4423;-5418;28507;16873
7;M1_cued_target;Stopped;901994;-4423;-5418;28507;16873
7;M1_cued_target;Stopped;902011;-4423;-5418;28507;16873
7;M1_cued_target;Stopped;902022;-4423;-5418;28507;16873
7;M1_cued_target;Stopped;902035;-4423;-5418;28507;16873
7;M1_cued_target;Stopped;902047;-4423;-5418;28507;16873
7;M1_cued_target;Stopped;902060;-4423;-5418;28507;16873
7;M1_cued_target;Stopped;902073;-4423;-5418;28507;16873
7;M1_cued_target;Stopped;902087;-4423;-5418;28507;16873
7;M1_cued_target;Stopped;902100;-4423;-5418;28507;16873
7;M1_cued_target;Stopped;902114;-4423;-5418;28507;16873
7;M1_cued_target;End;916921;-4423;-5418;28507;16873
8;L2_hidden_target;Begin;916921;6999;-7000;0;0
8;L2_hidden_target;Stopped;940434;-4459;-6704;12724;11463
8;L2_hidden_target;Stopped;940447;-4459;-6704;12724;11463
8;L2_hidden_target;Stopped;940461;-4459;-6704;12724;11463
8;L2_hidden_target;Stopped;940474;-4459;-6704;12724;11463
8;L2_hidden_target;Stopped;940514;-4459;-6704;12724;11463
8;L2_hidden_target;Stopped;940528;-4459;-6704;12724;11463
8;L2_hidden_target;Stopped;940541;-4459;-6704;12724;11463
8;L2_hidden_target;Stopped;940554;-4459;-6704;12724;11463
8;L2_hidden_target;Stopped;940568;-4459;-6704;12724;11463
8;L2_hidden_target;Stopped;940581;-4459;-6704;12724;11463
8;L2_hidden_target;Stopped;940594;-4459;-6704;12724;11463
8;L2_hidden_target;Stopped;940608;-4459;-6704;12724;11463
8;L2_hidden_target;Stopped;940621;-4459;-6704;12724;11463
8;L2_hidden_target;Stopped;940634;-4459;-6704;12724;11463
8;L2_hidden_target;Stopped;940647;-4459;-6704;12724;11463
8;L2_hidden_target;End;955454;-4459;-6704;12724;11463
9;M3_cued_target;Begin;955454;-7000;6999;0;0
9;M3_cued_target;Stopped;1022536;-4453;-5419;13889;12677
9;M3_cued_target;Stopped;1022549;-4453;-5419;13889;12677
9;M3_cued_target;Stopped;1022562;-4453;-5419;13889;12677
9;M3_cued_target;Stopped;1022576;-4453;-5419;13889;12677
9;M3_cued_target;Stopped;1022589;-4453;-5419;13889;12677
9;M3_cued_target;Stopped;1022602;-4453;-5419;13889;12677
9;M3_cued_target;Stopped;1022616;-4453;-5419;13889;12677
9;M3_cued_target;Stopped;1022629;-4453;-5419;13889;12677
9;M3_cued_target;Stopped;1022642;-4453;-5419;13889;12677
9;M3_cued_target;Stopped;1022660;-4453;-5419;13889;12677
9;M3_cued_target;Stopped;1022673;-4453;-5419;13889;12677
9;M3_cued_target;Stopped;1022683;-4453;-5419;13889;12677
9;M3_cued_target;Stopped;1022696;-4453;-5419;13889;12677
9;M3_cued_target;Stopped;1022709;-4453;-5419;13889;12677
9;M3_cued_target;Stopped;1022723;-4453;-5419;13889;12677
9;M3_cued_target;Stopped;1022736;-4453;-5419;13889;12677
9;M3_cued_target;Stopped;1022749;-4453;-5419;13889;12677
9;M3_cued_target;Stopped;1022763;-4453;-5419;13889;12677
9;M3_cued_target;Stopped;1022776;-4453;-5419;13889;12677
9;M3_cued_target;Stopped;1022789;-4453;-5419;13889;12677
9;M3_cued_target;End;1037556;-4453;-5419;13889;12677
10;L2_hidden_target;Begin;1037556;6999;-7000;0;0
10;L2_hidden_target;Stopped;1059323;-3684;-5688;11656;10764
10;L2_hidden_target;Stopped;1059337;-3684;-5688;11656;10764
10;L2_hidden_target;Stopped;1059355;-3684;-5688;11656;10764
10;L2_hidden_target;Stopped;1059364;-3684;-5688;11656;10764
10;L2_hidden_target;Stopped;1059376;-3684;-5688;11656;10764
10;L2_hidden_target;Stopped;1059390;-3684;-5688;11656;10764
10;L2_hidden_target;Stopped;1059402;-3684;-5688;11656;10764
10;L2_hidden_target;Stopped;1059416;-3684;-5688;11656;10764
10;L2_hidden_target;Stopped;1059430;-3684;-5688;11656;10764
10;L2_hidden_target;Stopped;1059443;-3684;-5688;11656;10764
10;L2_hidden_target;Stopped;1059456;-3684;-5688;11656;10764
10;L2_hidden_target;Stopped;1059470;-3684;-5688;11656;10764
10;L2_hidden_target;Stopped;1059483;-3684;-5688;11656;10764
10;L2_hidden_target;Stopped;1059513;-3684;-5688;11656;10764
10;L2_hidden_target;Stopped;1059524;-3684;-5688;11656;10764
10;L2_hidden_target;End;1074344;-3684;-5688;11656;10764
11;M2_cued_target;Begin;1074344;6999;-7000;0;0
11;M2_cued_target;Stopped;1350201;-3882;-5421;56684;10996
11;M2_cued_target;Stopped;1350215;-3882;-5421;56684;10996
11;M2_cued_target;Stopped;1350228;-3882;-5421;56684;10996
11;M2_cued_target;Stopped;1350245;-3882;-5421;56684;10996
11;M2_cued_target;Stopped;1350259;-3882;-5421;56684;10996
11;M2_cued_target;Stopped;1350269;-3882;-5421;56684;10996
11;M2_cued_target;Stopped;1350282;-3882;-5421;56684;10996
11;M2_cued_target;Stopped;1350295;-3882;-5421;56684;10996
11;M2_cued_target;Stopped;1350308;-3882;-5421;56684;10996
11;M2_cued_target;Stopped;1350321;-3882;-5421;56684;10996
11;M2_cued_target;Stopped;1350335;-3882;-5421;56684;10996
11;M2_cued_target;Stopped;1350348;-3882;-5421;56684;10996
11;M2_cued_target;Stopped;1350361;-3882;-5421;56684;10996
11;M2_cued_target;Stopped;1350375;-3882;-5421;56684;10996
11;M2_cued_target;Stopped;1350388;-3882;-5421;56684;10996
11;M2_cued_target;Stopped;1350401;-3882;-5421;56684;10996
11;M2_cued_target;End;1365222;-3882;-5421;56684;10996
12;L2_hidden_target;Begin;1365222;7000;-7000;0;0
12;L2_hidden_target;Stopped;1387189;-3679;-6427;11624;10694
12;L2_hidden_target;Stopped;1387203;-3679;-6427;11624;10694
12;L2_hidden_target;Stopped;1387216;-3679;-6427;11624;10694
12;L2_hidden_target;Stopped;1387230;-3679;-6427;11624;10694
12;L2_hidden_target;Stopped;1387243;-3679;-6427;11624;10694
12;L2_hidden_target;Stopped;1387256;-3679;-6427;11624;10694
12;L2_hidden_target;Stopped;1387270;-3679;-6427;11624;10694
12;L2_hidden_target;Stopped;1387283;-3679;-6427;11624;10694
12;L2_hidden_target;Stopped;1387296;-3679;-6427;11624;10694
12;L2_hidden_target;Stopped;1387309;-3679;-6427;11624;10694
12;L2_hidden_target;Stopped;1387323;-3679;-6427;11624;10694
12;L2_hidden_target;Stopped;1387336;-3679;-6427;11624;10694
12;L2_hidden_target;Stopped;1387349;-3679;-6427;11624;10694
12;L2_hidden_target;Stopped;1387363;-3679;-6427;11624;10694
12;L2_hidden_target;End;1402215;-3679;-6427;11624;10694
13;M3_cued_target;Begin;1402215;-7000;7000;0;0
13;M3_cued_target;Stopped;1475008;-4057;-5419;14153;12763
13;M3_cued_target;Stopped;1475021;-4057;-5419;14153;12763
13;M3_cued_target;Stopped;1475035;-4057;-5419;14153;12763
13;M3_cued_target;Stopped;1475048;-4057;-5419;14153;12763
13;M3_cued_target;Stopped;1475061;-4057;-5419;14153;12763
13;M3_cued_target;Stopped;1475074;-4057;-5419;14153;12763
13;M3_cued_target;Stopped;1475088;-4057;-5419;14153;12763
13;M3_cued_target;Stopped;1475101;-4057;-5419;14153;12763
13;M3_cued_target;Stopped;1475115;-4057;-5419;14153;12763
13;M3_cued_target;Stopped;1475128;-4057;-5419;14153;12763
13;M3_cued_target;Stopped;1475141;-4057;-5419;14153;12763
13;M3_cued_target;Stopped;1475154;-4057;-5419;14153;12763
13;M3_cued_target;Stopped;1475168;-4057;-5419;14153;12763
13;M3_cued_target;Stopped;1475181;-4057;-5419;14153;12763
13;M3_cued_target;Stopped;1475194;-4057;-5419;14153;12763
13;M3_cued_target;Stopped;1475208;-4057;-5419;14153;12763
13;M3_cued_target;Stopped;1475221;-4057;-5419;14153;12763
13;M3_cued_target;Stopped;1475234;-4057;-5419;14153;12763
13;M3_cued_target;Stopped;1475248;-4057;-5419;14153;12763
13;M3_cued_target;Stopped;1475261;-4057;-5419;14153;12763
13;M3_cued_target;Stopped;1475274;-4057;-5419;14153;12763
13;M3_cued_target;Stopped;1475288;-4057;-5419;14153;12763
13;M3_cued_target;Stopped;1475301;-4057;-5419;14153;12763
13;M3_cued_target;Stopped;1475315;-4057;-5419;14153;12763
13;M3_cued_target;Stopped;1475328;-4057;-5419;14153;12763
13;M3_cued_target;Stopped;1475341;-4057;-5419;14153;12763
13;M3_cued_target;Stopped;1475354;-4057;-5419;14153;12763
13;M3_cued_target;Stopped;1475368;-4057;-5419;14153;12763
13;M3_cued_target;Stopped;1475381;-4057;-5419;14153;12763
13;M3_cued_target;End;1490030;-4057;-5419;14153;12763
14;L2_hidden_target;Begin;1490030;7000;-7000;0;0
14;L2_hidden_target;Stopped;1512289;-3824;-6694;11653;10829
14;L2_hidden_target;Stopped;1512302;-3824;-6694;11653;10829
14;L2_hidden_target;Stopped;1512320;-3824;-6694;11653;10829
14;L2_hidden_target;Stopped;1512329;-3824;-6694;11653;10829
14;L2_hidden_target;Stopped;1512343;-3824;-6694;11653;10829
14;L2_hidden_target;Stopped;1512356;-3824;-6694;11653;10829
14;L2_hidden_target;Stopped;1512369;-3824;-6694;11653;10829
14;L2_hidden_target;Stopped;1512382;-3824;-6694;11653;10829
14;L2_hidden_target;Stopped;1512395;-3824;-6694;11653;10829
14;L2_hidden_target;Stopped;1512409;-3824;-6694;11653;10829
14;L2_hidden_target;Stopped;1512422;-3824;-6694;11653;10829
14;L2_hidden_target;Stopped;1512435;-3824;-6694;11653;10829
14;L2_hidden_target;Stopped;1512449;-3824;-6694;11653;10829
14;L2_hidden_target;Stopped;1512462;-3824;-6694;11653;10829
14;L2_hidden_target;End;1527310;-3824;-6694;11653;10829
15;M1_cued_target;Begin;1527310;7000;7000;0;0
15;M1_cued_target;Stopped;1794824;-4692;-5419;58315;17057
15;M1_cued_target;Stopped;1794837;-4692;-5419;58315;17057
15;M1_cued_target;Stopped;1794851;-4692;-5419;58315;17057
15;M1_cued_target;Stopped;1794864;-4692;-5419;58315;17057
15;M1_cued_target;Stopped;1794877;-4692;-5419;58315;17057
15;M1_cued_target;Stopped;1794891;-4692;-5419;58315;17057
15;M1_cued_target;Stopped;1794904;-4692;-5419;58315;17057
15;M1_cued_target;Stopped;1794917;-4692;-5419;58315;17057
15;M1_cued_target;Stopped;1794931;-4692;-5419;58315;17057
15;M1_cued_target;Stopped;1794944;-4692;-5419;58315;17057
15;M1_cued_target;Stopped;1794957;-4692;-5419;58315;17057
15;M1_cued_target;Stopped;1794971;-4692;-5419;58315;17057
15;M1_cued_target;Stopped;1794984;-4692;-5419;58315;17057
15;M1_cued_target;Stopped;1794997;-4692;-5419;58315;17057
15;M1_cued_target;Stopped;1795012;-4692;-5419;58315;17057
15;M1_cued_target;Stopped;1795028;-4692;-5419;58315;17057
15;M1_cued_target;Stopped;1795041;-4692;-5419;58315;17057
15;M1_cued_target;Stopped;1795051;-4692;-5419;58315;17057
15;M1_cued_target;Stopped;1795064;-4692;-5419;58315;17057
15;M1_cued_target;Stopped;1795077;-4692;-5419;58315;17057
15;M1_cued_target;End;1809845;-4692;-5419;58315;17057
16;L2_hidden_target;Begin;1809845;7000;-7000;0;0
16;L2_hidden_target;Stopped;1831199;-3682;-6368;11178;10700
16;L2_hidden_target;Stopped;1831213;-3682;-6368;11178;10700
16;L2_hidden_target;Stopped;1831226;-3682;-6368;11178;10700
16;L2_hidden_target;Stopped;1831240;-3682;-6368;11178;10700
16;L2_hidden_target;Stopped;1831253;-3682;-6368;11178;10700
16;L2_hidden_target;Stopped;1831266;-3682;-6368;11178;10700
16;L2_hidden_target;Stopped;1831280;-3682;-6368;11178;10700
16;L2_hidden_target;Stopped;1831293;-3682;-6368;11178;10700
16;L2_hidden_target;Stopped;1831306;-3682;-6368;11178;10700
16;L2_hidden_target;Stopped;1831320;-3682;-6368;11178;10700
16;L2_hidden_target;Stopped;1831333;-3682;-6368;11178;10700
16;L2_hidden_target;Stopped;1831350;-3682;-6368;11178;10700
16;L2_hidden_target;End;1846218;-3682;-6368;11178;10700
16;L2_hidden_target;Begin;1846218;-3682;-6368;11178;10700
