1;M3_cued_target;Stopped;71595;-4568;-5417;11618;12653
1;M3_cued_target;Stopped;71608;-4568;-5417;11618;12653
1;M3_cued_target;Stopped;71621;-4568;-5417;11618;12653
1;M3_cued_target;Stopped;71635;-4568;-5417;11618;12653
1;M3_cued_target;Stopped;71648;-4568;-5417;11618;12653
1;M3_cued_target;Stopped;71661;-4568;-5417;11618;12653
1;M3_cued_target;Stopped;71675;-4568;-5417;11618;12653
1;M3_cued_target;Stopped;71689;-4568;-5417;11618;12653
1;M3_cued_target;Stopped;71705;-4568;-5417;11618;12653
1;M3_cued_target;Stopped;71718;-4568;-5417;11618;12653
1;M3_cued_target;Stopped;71728;-4568;-5417;11618;12653
1;M3_cued_target;Stopped;71742;-4568;-5417;11618;12653
1;M3_cued_target;Stopped;71754;-4568;-5417;11618;12653
1;M3_cued_target;Stopped;71772;-4568;-5417;11618;12653
1;M3_cued_target;Stopped;71784;-4568;-5417;11618;12653
1;M3_cued_target;Stopped;71798;-4568;-5417;11618;12653
1;M3_cued_target;Stopped;71808;-4568;-5417;11618;12653
1;M3_cued_target;Stopped;71825;-4568;-5417;11618;12653
1;M3_cued_target;Stopped;71838;-4568;-5417;11618;12653
1;M3_cued_target;Stopped;71848;-4568;-5417;11618;12653
1;M3_cued_target;Stopped;71861;-4568;-5417;11618;12653
1;M3_cued_target;Stopped;71875;-4568;-5417;11618;12653
1;M3_cued_target;Stopped;71888;-4568;-5417;11618;12653
1;M3_cued_target;Stopped;71901;-4568;-5417;11618;12653
1;M3_cued_target;Stopped;71914;-4568;-5417;11618;12653
1;M3_cued_target;Stopped;71931;-4568;-5417;11618;12653
1;M3_cued_target;Stopped;71944;-4568;-5417;11618;12653
1;M3_cued_target;Stopped;71958;-4568;-5417;11618;12653
1;M3_cued_target;Stopped;71968;-4568;-5417;11618;12653
1;M3_cued_target;Stopped;71981;-4568;-5417;11618;12653
1;M3_cued_target;Stopped;71994;-4568;-5417;11618;12653
1;M3_cued_target;Stopped;72008;-4568;-5417;11618;12653
1;M3_cued_target;Stopped;72021;-4568;-5417;11618;12653
1;M3_cued_target;Stopped;72034;-4568;-5417;11618;12653
1;M3_cued_target;Stopped;72052;-4568;-5417;11618;12653
1;M3_cued_target;Stopped;72065;-4568;-5417;11618;12653
1;M3_cued_target;Stopped;72078;-4568;-5417;11618;12653
1;M3_cued_target;Stopped;72088;-4568;-5417;11618;12653
1;M3_cued_target;Stopped;72101;-4568;-5417;11618;12653
1;M3_cued_target;Stopped;72114;-4568;-5417;11618;12653
1;M3_cued_target;Stopped;72128;-4568;-5417;11618;12653
1;M3_cued_target;Stopped;72141;-4568;-5417;11618;12653
1;M3_cued_target;Stopped;72154;-4568;-5417;11618;12653
1;M3_cued_target;Stopped;72168;-4568;-5417;11618;12653
1;M3_cued_target;Stopped;72181;-4568;-5417;11618;12653
1;M3_cued_target;Stopped;72194;-4568;-5417;11618;12653
1;M3_cued_target;Stopped;72208;-4568;-5417;11618;12653
1;M3_cued_target;Stopped;72221;-4568;-5417;11618;12653
1;M3_cued_target;Stopped;72234;-4568;-5417;11618;12653
1;M3_cued_target;Stopped;72248;-4568;-5417;11618;12653
1;M3_cued_target;Stopped;72261;-4568;-5417;11618;12653
1;M3_cued_target;Stopped;72274;-4568;-5417;11618;12653
1;M3_cued_target;Stopped;72288;-4568;-5417;11618;12653
1;M3_cued_target;Stopped;72301;-4568;-5417;11618;12653
1;M3_cued_target;Stopped;72314;-4568;-5417;11618;12653
1;M3_cued_target;Stopped;72332;-4568;-5417;11618;12653
1;M3_cued_target;Stopped;72346;-4568;-5417;11618;12653
1;M3_cued_target;Stopped;72355;-4568;-5417;11618;12653
1;M3_cued_target;Stopped;72369;-4568;-5417;11618;12653
1;M3_cued_target;Stopped;72381;-4568;-5417;11618;12653
1;M3_cued_target;Stopped;72394;-4568;-5417;11618;12653
1;M3_cued_target;Stopped;72408;-4568;-5417;11618;12653
1;M3_cued_target;Stopped;72421;-4568;-5417;11618;12653
1;M3_cued_target;Stopped;72434;-4568;-5417;11618;12653
1;M3_cued_target;Stopped;72448;-4568;-5417;11618;12653
1;M3_cued_target;Stopped;72461;-4568;-5417;11618;12653
1;M3_cued_target;End;80804;-4568;-5417;11618;12653
2;L2_hidden_target;Begin;80804;7000;-7000;0;0
2;L2_hidden_target;Stopped;270830;-4966;-6473;90782;11978
2;L2_hidden_target;Stopped;270843;-4966;-6473;90782;11978
2;L2_hidden_target;Stopped;270857;-4966;-6473;90782;11978
2;L2_hidden_target;Stopped;270870;-4966;-6473;90782;11978
2;L2_hidden_target;Stopped;270883;-4966;-6473;90782;11978
2;L2_hidden_target;Stopped;270897;-4966;-6473;90782;11978
2;L2_hidden_target;Stopped;270910;-4966;-6473;90782;11978
2;L2_hidden_target;Stopped;270923;-4966;-6473;90782;11978
2;L2_hidden_target;Stopped;270937;-4966;-6473;90782;11978
2;L2_hidden_target;Stopped;270950;-4966;-6473;90782;11978
2;L2_hidden_target;Stopped;270963;-4966;-6473;90782;11978
2;L2_hidden_target;Stopped;270977;-4966;-6473;90782;11978
2;L2_hidden_target;Stopped;270989;-4966;-6473;90782;11978
2;L2_hidden_target;Stopped;271003;-4966;-6473;90782;11978
2;L2_hidden_target;Stopped;271017;-4966;-6473;90782;11978
2;L2_hidden_target;Stopped;271030;-4966;-6473;90782;11978
2;L2_hidden_target;Stopped;271043;-4966;-6473;90782;11978
2;L2_hidden_target;Stopped;271057;-4966;-6473;90782;11978
2;L2_hidden_target;Stopped;271070;-4966;-6473;90782;11978
2;L2_hidden_target;Stopped;271083;-4966;-6473;90782;11978
2;L2_hidden_target;Stopped;271097;-4966;-6473;90782;11978
2;L2_hidden_target;Stopped;271110;-4966;-6473;90782;11978
2;L2_hidden_target;Stopped;271123;-4966;-6473;90782;11978
2;L2_hidden_target;Stopped;271137;-4966;-6473;90782;11978
2;L2_hidden_target;Stopped;271150;-4966;-6473;90782;11978
2;L2_hidden_target;Stopped;271163;-4966;-6473;90782;11978
2;L2_hidden_target;Stopped;271177;-4966;-6473;90782;11978
2;L2_hidden_target;Stopped;271190;-4966;-6473;90782;11978
2;L2_hidden_target;Stopped;271209;-4966;-6473;90782;11978
2;L2_hidden_target;Stopped;271218;-4966;-6473;90782;11978
2;L2_hidden_target;Stopped;271230;-4966;-6473;90782;11978
2;L2_hidden_target;Stopped;271243;-4966;-6473;90782;11978
2;L2_hidden_target;Stopped;271256;-4966;-6473;90782;11978
2;L2_hidden_target;Stopped;271269;-4966;-6473;90782;11978
2;L2_hidden_target;Stopped;271283;-4966;-6473;90782;11978
2;L2_hidden_target;End;285855;-4966;-6473;90782;11978
3;M1_cued_target;Begin;285855;7000;7000;0;0
3;M1_cued_target;Stopped;437607;-4468;-5418;32377;16903
3;M1_cued_target;Stopped;437620;-4468;-5418;32377;16903
3;M1_cued_target;Stopped;437633;-4468;-5418;32377;16903
3;M1_cued_target;Stopped;437647;-4468;-5418;32377;16903
3;M1_cued_target;Stopped;437660;-4468;-5418;32377;16903
3;M1_cued_target;Stopped;437674;-4468;-5418;32377;16903
3;M1_cued_target;Stopped;437691;-4468;-5418;32377;16903
3;M1_cued_target;Stopped;437704;-4468;-5418;32377;16903
3;M1_cued_target;Stopped;437715;-4468;-5418;32377;16903
3;M1_cued_target;Stopped;437727;-4468;-5418;32377;16903
3;M1_cued_target;Stopped;437740;-4468;-5418;32377;16903
3;M1_cued_target;Stopped;437754;-4468;-5418;32377;16903
3;M1_cued_target;Stopped;437767;-4468;-5418;32377;16903
3;M1_cued_target;Stopped;437781;-4468;-5418;32377;16903
3;M1_cued_target;Stopped;437794;-4468;-5418;32377;16903
3;M1_cued_target;Stopped;437807;-4468;-5418;32377;16903
3;M1_cued_target;Stopped;437821;-4468;-5418;32377;16903
3;M1_cued_target;Stopped;437834;-4468;-5418;32377;16903
3;M1_cued_target;Stopped;437847;-4468;-5418;32377;16903
3;M1_cued_target;Stopped;437861;-4468;-5418;32377;16903
3;M1_cued_target;Stopped;437874;-4468;-5418;32377;16903
3;M1_cued_target;Stopped;437887;-4468;-5418;32377;16903
3;M1_cued_target;Stopped;437901;-4468;-5418;32377;16903
3;M1_cued_target;Stopped;437914;-4468;-5418;32377;16903
3;M1_cued_target;Stopped;437927;-4468;-5418;32377;16903
3;M1_cued_target;Stopped;437941;-4468;-5418;32377;16903
3;M1_cued_target;Stopped;437954;-4468;-5418;32377;16903
3;M1_cued_target;Stopped;437967;-4468;-5418;32377;16903
3;M1_cued_target;Stopped;437980;-4468;-5418;32377;16903
3;M1_cued_target;Stopped;437994;-4468;-5418;32377;16903
3;M1_cued_target;Stopped;438007;-4468;-5418;32377;16903
3;M1_cued_target;Stopped;438020;-4468;-5418;32377;16903
3;M1_cued_target;Stopped;438034;-4468;-5418;32377;16903
3;M1_cued_target;Stopped;438047;-4468;-5418;32377;16903
3;M1_cued_target;Stopped;438060;-4468;-5418;32377;16903
3;M1_cued_target;Stopped;438074;-4468;-5418;32377;16903
3;M1_cued_target;Stopped;438087;-4468;-5418;32377;16903
3;M1_cued_target;Stopped;438100;-4468;-5418;32377;16903
3;M1_cued_target;Stopped;438114;-4468;-5418;32377;16903
3;M1_cued_target;Stopped;438127;-4468;-5418;32377;16903
3;M1_cued_target;Stopped;438141;-4468;-5418;32377;16903
3;M1_cued_target;Stopped;438154;-4468;-5418;32377;16903
3;M1_cued_target;Stopped;438167;-4468;-5418;32377;16903
3;M1_cued_target;Stopped;438180;-4468;-5418;32377;16903
3;M1_cued_target;Stopped;438194;-4468;-5418;32377;16903
3;M1_cued_target;Stopped;438207;-4468;-5418;32377;16903
3;M1_cued_target;Stopped;438220;-4468;-5418;32377;16903
3;M1_cued_target;End;452628;-4468;-5418;32377;16903
4;L2_hidden_target;Begin;452628;7000;-7000;0;0
4;L2_hidden_target;Stopped;549887;-3682;-6256;35859;10708
4;L2_hidden_target;Stopped;549900;-3682;-6256;35859;10708
4;L2_hidden_target;Stopped;549914;-3682;-6256;35859;10708
4;L2_hidden_target;Stopped;549927;-3682;-6256;35859;10708
4;L2_hidden_target;Stopped;549940;-3682;-6256;35859;10708
4;L2_hidden_target;Stopped;549953;-3682;-6256;35859;10708
4;L2_hidden_target;Stopped;549967;-3682;-6256;35859;10708
4;L2_hidden_target;Stopped;549980;-3682;-6256;35859;10708
4;L2_hidden_target;Stopped;549993;-3682;-6256;35859;10708
4;L2_hidden_target;Stopped;550007;-3682;-6256;35859;10708
4;L2_hidden_target;Stopped;550020;-3682;-6256;35859;10708
4;L2_hidden_target;Stopped;550033;-3682;-6256;35859;10708
4;L2_hidden_target;Stopped;550047;-3682;-6256;35859;10708
4;L2_hidden_target;Stopped;550060;-3682;-6256;35859;10708
4;L2_hidden_target;Stopped;550073;-3682;-6256;35859;10708
4;L2_hidden_target;Stopped;550087;-3682;-6256;35859;10708
4;L2_hidden_target;Stopped;550100;-3682;-6256;35859;10708
4;L2_hidden_target;Stopped;550113;-3682;-6256;35859;10708
4;L2_hidden_target;Stopped;550127;-3682;-6256;35859;10708
4;L2_hidden_target;End;564908;-3682;-6256;35859;10708
5;M2_cued_target;Begin;564908;7000;-7000;0;0
5;M2_cued_target;Stopped;615755;-3683;-6197;10090;10713
5;M2_cued_target;Stopped;615768;-3683;-6197;10090;10713
5;M2_cued_target;Stopped;615782;-3683;-6197;10090;10713
5;M2_cued_target;Stopped;615795;-3683;-6197;10090;10713
5;M2_cued_target;Stopped;615808;-3683;-6197;10090;10713
5;M2_cued_target;Stopped;615821;-3683;-6197;10090;10713
5;M2_cued_target;Stopped;615835;-3683;-6197;10090;10713
5;M2_cued_target;Stopped;615848;-3683;-6197;10090;10713
5;M2_cued_target;Stopped;615861;-3683;-6197;10090;10713
5;M2_cued_target;Stopped;615875;-3683;-6197;10090;10713
5;M2_cued_target;Stopped;615888;-3683;-6197;10090;10713
5;M2_cued_target;Stopped;615901;-3683;-6197;10090;10713
5;M2_cued_target;Stopped;615915;-3683;-6197;10090;10713
5;M2_cued_target;Stopped;615928;-3683;-6197;10090;10713
5;M2_cued_target;Stopped;615941;-3683;-6197;10090;10713
5;M2_cued_target;Stopped;615955;-3683;-6197;10090;10713
5;M2_cued_target;End;630776;-3683;-6197;10090;10713
6;L2_hidden_target;Begin;630776;7000;-7000;0;0
6;L2_hidden_target;Stopped;659886;-3985;-5415;12900;11098
6;L2_hidden_target;Stopped;659899;-3985;-5415;12900;11098
6;L2_hidden_target;Stopped;659913;-3985;-5415;12900;11098
6;L2_hidden_target;Stopped;659926;-3985;-5415;12900;11098
6;L2_hidden_target;Stopped;659939;-3985;-5415;12900;11098
6;L2_hidden_target;Stopped;659953;-3985;-5415;12900;11098
6;L2_hidden_target;Stopped;659966;-3985;-5415;12900;11098
6;L2_hidden_target;Stopped;659979;-3985;-5415;12900;11098
6;L2_hidden_target;Stopped;659992;-3985;-5415;12900;11098
6;L2_hidden_target;Stopped;660006;-3985;-5415;12900;11098
6;L2_hidden_target;Stopped;660019;-3985;-5415;12900;11098
6;L2_hidden_target;Stopped;660032;-3985;-5415;12900;11098
6;L2_hidden_target;Stopped;660046;-3985;-5415;12900;11098
6;L2_hidden_target;Stopped;660059;-3985;-5415;12900;11098
6;L2_hidden_target;Stopped;660072;-3985;-5415;12900;11098
6;L2_hidden_target;Stopped;660086;-3985;-5415;12900;11098
6;L2_hidden_target;Stopped;660099;-3985;-5415;12900;11098
6;L2_hidden_target;Stopped;660112;-3985;-5415;12900;11098
6;L2_hidden_target;Stopped;660126;-3985;-5415;12900;11098
6;L2_hidden_target;Stopped;660139;-3985;-5415;12900;11098
6;L2_hidden_target;Stopped;660152;-3985;-5415;12900;11098
6;L2_hidden_target;Stopped;660166;-3985;-5415;12900;11098
6;L2_hidden_target;Stopped;660179;-3985;-5415;12900;11098
6;L2_hidden_target;Stopped;660198;-3985;-5415;12900;11098
6;L2_hidden_target;Stopped;660211;-3985;-5415;12900;11098
6;L2_hidden_target;Stopped;660222;-3985;-5415;12900;11098
6;L2_hidden_target;Stopped;660233;-3985;-5415;12900;11098
6;L2_hidden_target;Stopped;660246;-3985;-5415;12900;11098
6;L2_hidden_target;Stopped;660259;-3985;-5415;12900;11098
6;L2_hidden_target;Stopped;660273;-3985;-5415;12900;11098
6;L2_hidden_target;End;674906;-3985;-5415;12900;11098
7;M1_cued_target;Begin;674906;7000;7000;0;0
7;M1_cued_target;Stopped;765393;-3687;-5596;18405;16519
7;M1_cued_target;Stopped;765407;-3687;-5596;18405;16519
7;M1_cued_target;Stopped;765420;-3687;-5596;18405;16519
7;M1_cued_target;Stopped;765433;-3687;-5596;18405;16519
7;M1_cued_target;Stopped;765447;-3687;-5596;18405;16519
7;M1_cued_target;Stopped;765460;-3687;-5596;18405;16519
7;M1_cued_target;Stopped;765473;-3687;-5596;18405;16519
7;M1_cued_target;Stopped;765487;-3687;-5596;18405;16519
7;M1_cued_target;Stopped;765513;-3687;-5596;18405;16519
7;M1_cued_target;Stopped;765527;-3687;-5596;18405;16519
7;M1_cued_target;Stopped;765540;-3687;-5596;18405;16519
7;M1_cued_target;Stopped;765553;-3687;-5596;18405;16519
7;M1_cued_target;Stopped;765567;-3687;-5596;18405;16519
7;M1_cued_target;Stopped;765580;-3687;-5596;18405;16519
7;M1_cued_target;Stopped;765593;-3687;-5596;18405;16519
7;M1_cued_target;Stopped;765607;-3687;-5596;18405;16519
7;M1_cued_target;Stopped;765620;-3687;-5596;18405;16519
7;M1_cued_target;Stopped;765633;-3687;-5596;18405;16519
7;M1_cued_target;Stopped;765647;-3687;-5596;18405;16519
7;M1_cued_target;Stopped;765660;-3687;-5596;18405;16519
7;M1_cued_target;Stopped;765673;-3687;-5596;18405;16519
7;M1_cued_target;Stopped;765691;-3687;-5596;18405;16519
7;M1_cued_target;Stopped;765702;-3687;-5596;18405;16519
7;M1_cued_target;Stopped;765714;-3687;-5596;18405;16519
7;M1_cued_target;Stopped;765728;-3687;-5596;18405;16519
7;M1_cued_target;Stopped;765740;-3687;-5596;18405;16519
7;M1_cued_target;Stopped;765753;-3687;-5596;18405;16519
7;M1_cued_target;Stopped;765767;-3687;-5596;18405;16519
7;M1_cued_target;Stopped;765784;-3687;-5596;18405;16519
7;M1_cued_target;Stopped;765794;-3687;-5596;18405;16519
7;M1_cued_target;Stopped;765808;-3687;-5596;18405;16519
7;M1_cued_target;Stopped;765820;-3687;-5596;18405;16519
7;M1_cued_target;Stopped;765833;-3687;-5596;18405;16519
7;M1_cued_target;Stopped;765847;-3687;-5596;18405;16519
7;M1_cued_target;Stopped;765860;-3687;-5596;18405;16519
7;M1_cued_target;Stopped;765873;-3687;-5596;18405;16519
7;M1_cued_target;Stopped;765887;-3687;-5596;18405;16519
7;M1_cued_target;Stopped;765900;-3687;-5596;18405;16519
7;M1_cued_target;Stopped;765913;-3687;-5596;18405;16519
7;M1_cued_target;Stopped;765927;-3687;-5596;18405;16519
7;M1_cued_target;Stopped;765940;-3687;-5596;18405;16519
7;M1_cued_target;Stopped;765953;-3687;-5596;18405;16519
7;M1_cued_target;Stopped;765967;-3687;-5596;18405;16519
7;M1_cued_target;Stopped;765984;-3687;-5596;18405;16519
7;M1_cued_target;Stopped;765997;-3687;-5596;18405;16519
7;M1_cued_target;Stopped;766007;-3687;-5596;18405;16519
7;M1_cued_target;Stopped;766021;-3687;-5596;18405;16519
7;M1_cued_target;Stopped;766034;-3687;-5596;18405;16519
7;M1_cued_target;Stopped;766047;-3687;-5596;18405;16519
7;M1_cued_target;Stopped;766060;-3687;-5596;18405;16519
7;M1_cued_target;Stopped;766073;-3687;-5596;18405;16519
7;M1_cued_target;Stopped;766087;-3687;-5596;18405;16519
7;M1_cued_target;Stopped;766100;-3687;-5596;18405;16519
7;M1_cued_target;Stopped;766113;-3687;-5596;18405;16519
7;M1_cued_target;Stopped;766127;-3687;-5596;18405;16519
7;M1_cued_target;Stopped;766140;-3687;-5596;18405;16519
7;M1_cued_target;Stopped;766153;-3687;-5596;18405;16519
7;M1_cued_target;Stopped;766166;-3687;-5596;18405;16519
7;M1_cued_target;Stopped;766180;-3687;-5596;18405;16519
7;M1_cued_target;Stopped;766193;-3687;-5596;18405;16519
7;M1_cued_target;End;780414;-3687;-5596;18405;16519
8;L2_hidden_target;Begin;780414;7000;-7000;0;0
8;L2_hidden_target;Stopped;809245;-4949;-5434;15424;12051
8;L2_hidden_target;Stopped;809258;-4949;-5434;15424;12051
8;L2_hidden_target;Stopped;809271;-4949;-5434;15424;12051
8;L2_hidden_target;Stopped;809285;-4949;-5434;15424;12051
8;L2_hidden_target;Stopped;809298;-4949;-5434;15424;12051
8;L2_hidden_target;Stopped;809312;-4949;-5434;15424;12051
8;L2_hidden_target;Stopped;809325;-4949;-5434;15424;12051
8;L2_hidden_target;Stopped;809338;-4949;-5434;15424;12051
8;L2_hidden_target;Stopped;809351;-4949;-5434;15424;12051
8;L2_hidden_target;Stopped;809365;-4949;-5434;15424;12051
8;L2_hidden_target;Stopped;809378;-4949;-5434;15424;12051
8;L2_hidden_target;Stopped;809391;-4949;-5434;15424;12051
8;L2_hidden_target;Stopped;809405;-4949;-5434;15424;12051
8;L2_hidden_target;Stopped;809418;-4949;-5434;15424;12051
8;L2_hidden_target;Stopped;809431;-4949;-5434;15424;12051
8;L2_hidden_target;Stopped;809445;-4949;-5434;15424;12051
8;L2_hidden_target;Stopped;809464;-4949;-5434;15424;12051
8;L2_hidden_target;Stopped;809476;-4949;-5434;15424;12051
8;L2_hidden_target;Stopped;809489;-4949;-5434;15424;12051
8;L2_hidden_target;Stopped;809511;-4949;-5434;15424;12051
8;L2_hidden_target;Stopped;809525;-4949;-5434;15424;12051
8;L2_hidden_target;Stopped;809538;-4949;-5434;15424;12051
8;L2_hidden_target;Stopped;809556;-4949;-5434;15424;12051
8;L2_hidden_target;Stopped;809568;-4949;-5434;15424;12051
8;L2_hidden_target;Stopped;809582;-4949;-5434;15424;12051
8;L2_hidden_target;Stopped;809592;-4949;-5434;15424;12051
8;L2_hidden_target;Stopped;809605;-4949;-5434;15424;12051
8;L2_hidden_target;Stopped;809618;-4949;-5434;15424;12051
8;L2_hidden_target;Stopped;809631;-4949;-5434;15424;12051
8;L2_hidden_target;Stopped;809645;-4949;-5434;15424;12051
8;L2_hidden_target;Stopped;809658;-4949;-5434;15424;12051
8;L2_hidden_target;Stopped;809676;-4949;-5434;15424;12051
8;L2_hidden_target;Stopped;809688;-4949;-5434;15424;12051
8;L2_hidden_target;Stopped;809702;-4949;-5434;15424;12051
8;L2_hidden_target;Stopped;809712;-4949;-5434;15424;12051
8;L2_hidden_target;Stopped;809725;-4949;-5434;15424;12051
8;L2_hidden_target;Stopped;809738;-4949;-5434;15424;12051
8;L2_hidden_target;Stopped;809756;-4949;-5434;15424;12051
8;L2_hidden_target;Stopped;809769;-4949;-5434;15424;12051
8;L2_hidden_target;Stopped;809779;-4949;-5434;15424;12051
8;L2_hidden_target;End;824266;-4949;-5434;15424;12051
9;M3_cued_target;Begin;824266;-7000;6999;0;0
9;M3_cued_target;Stopped;889788;-4901;-5419;12174;12595
9;M3_cued_target;Stopped;889801;-4901;-5419;12174;12595
9;M3_cued_target;Stopped;889815;-4901;-5419;12174;12595
9;M3_cued_target;Stopped;889832;-4901;-5419;12174;12595
9;M3_cued_target;Stopped;889843;-4901;-5419;12174;12595
9;M3_cued_target;Stopped;889856;-4901;-5419;12174;12595
9;M3_cued_target;Stopped;889868;-4901;-5419;12174;12595
9;M3_cued_target;Stopped;889881;-4901;-5419;12174;12595
9;M3_cued_target;Stopped;889895;-4901;-5419;12174;12595
9;M3_cued_target;Stopped;889913;-4901;-5419;12174;12595
9;M3_cued_target;Stopped;889926;-4901;-5419;12174;12595
9;M3_cued_target;Stopped;889935;-4901;-5419;12174;12595
9;M3_cued_target;Stopped;889949;-4901;-5419;12174;12595
9;M3_cued_target;Stopped;889962;-4901;-5419;12174;12595
9;M3_cued_target;Stopped;889975;-4901;-5419;12174;12595
9;M3_cued_target;Stopped;889988;-4901;-5419;12174;12595
9;M3_cued_target;Stopped;890001;-4901;-5419;12174;12595
9;M3_cued_target;Stopped;890014;-4901;-5419;12174;12595
9;M3_cued_target;Stopped;890028;-4901;-5419;12174;12595
9;M3_cued_target;End;904809;-4901;-5419;12174;12595
10;L2_hidden_target;Begin;904809;7000;-7000;0;0
10;L2_hidden_target;Stopped;926002;-3782;-5423;11768;10897
10;L2_hidden_target;Stopped;926015;-3782;-5423;11768;10897
10;L2_hidden_target;Stopped;926028;-3782;-5423;11768;10897
10;L2_hidden_target;Stopped;926042;-3782;-5423;11768;10897
10;L2_hidden_target;Stopped;926055;-3782;-5423;11768;10897
10;L2_hidden_target;Stopped;926068;-3782;-5423;11768;10897
10;L2_hidden_target;Stopped;926082;-3782;-5423;11768;10897
10;L2_hidden_target;Stopped;926095;-3782;-5423;11768;10897
10;L2_hidden_target;Stopped;926108;-3782;-5423;11768;10897
10;L2_hidden_target;Stopped;926122;-3782;-5423;11768;10897
10;L2_hidden_target;Stopped;926135;-3782;-5423;11768;10897
10;L2_hidden_target;Stopped;926148;-3782;-5423;11768;10897
10;L2_hidden_target;Stopped;926162;-3782;-5423;11768;10897
10;L2_hidden_target;Stopped;926175;-3782;-5423;11768;10897
10;L2_hidden_target;Stopped;926188;-3782;-5423;11768;10897
10;L2_hidden_target;Stopped;926202;-3782;-5423;11768;10897
10;L2_hidden_target;Stopped;926215;-3782;-5423;11768;10897
10;L2_hidden_target;End;941024;-3782;-5423;11768;10897
11;M2_cued_target;Begin;941024;7000;-7000;0;0
11;M2_cued_target;Stopped;992550;-3680;-5927;10234;10734
11;M2_cued_target;Stopped;992563;-3680;-5927;10234;10734
11;M2_cued_target;Stopped;992577;-3680;-5927;10234;10734
11;M2_cued_target;Stopped;992590;-3680;-5927;10234;10734
11;M2_cued_target;Stopped;992603;-3680;-5927;10234;10734
11;M2_cued_target;Stopped;992617;-3680;-5927;10234;10734
11;M2_cued_target;Stopped;992630;-3680;-5927;10234;10734
11;M2_cued_target;Stopped;992643;-3680;-5927;10234;10734
11;M2_cued_target;Stopped;992657;-3680;-5927;10234;10734
11;M2_cued_target;Stopped;992670;-3680;-5927;10234;10734
11;M2_cued_target;Stopped;992687;-3680;-5927;10234;10734
11;M2_cued_target;Stopped;992697;-3680;-5927;10234;10734
11;M2_cued_target;Stopped;992710;-3680;-5927;10234;10734
11;M2_cued_target;Stopped;992723;-3680;-5927;10234;10734
11;M2_cued_target;Stopped;992737;-3680;-5927;10234;10734
11;M2_cued_target;Stopped;992750;-3680;-5927;10234;10734
11;M2_cued_target;Stopped;992763;-3680;-5927;10234;10734
11;M2_cued_target;Stopped;992777;-3680;-5927;10234;10734
11;M2_cued_target;Stopped;992790;-3680;-5927;10234;10734
11;M2_cued_target;Stopped;992804;-3680;-5927;10234;10734
11;M2_cued_target;Stopped;992821;-3680;-5927;10234;10734
11;M2_cued_target;Stopped;992834;-3680;-5927;10234;10734
11;M2_cued_target;Stopped;992847;-3680;-5927;10234;10734
11;M2_cued_target;Stopped;992858;-3680;-5927;10234;10734
11;M2_cued_target;Stopped;992870;-3680;-5927;10234;10734
11;M2_cued_target;Stopped;992883;-3680;-5927;10234;10734
11;M2_cued_target;Stopped;992897;-3680;-5927;10234;10734
11;M2_cued_target;Stopped;992910;-3680;-5927;10234;10734
11;M2_cued_target;Stopped;992923;-3680;-5927;10234;10734
11;M2_cued_target;Stopped;992937;-3680;-5927;10234;10734
11;M2_cued_target;Stopped;992950;-3680;-5927;10234;10734
11;M2_cued_target;Stopped;992963;-3680;-5927;10234;10734
11;M2_cued_target;End;1007571;-3680;-5927;10234;10734
12;L2_hidden_target;Begin;1007571;7000;-7000;0;0
12;L2_hidden_target;Stopped;1026713;-3682;-5791;11144;10750
12;L2_hidden_target;Stopped;1026726;-3682;-5791;11144;10750
12;L2_hidden_target;Stopped;1026740;-3682;-5791;11144;10750
12;L2_hidden_target;Stopped;1026753;-3682;-5791;11144;10750
12;L2_hidden_target;Stopped;1026771;-3682;-5791;11144;10750
12;L2_hidden_target;Stopped;1026784;-3682;-5791;11144;10750
12;L2_hidden_target;Stopped;1026793;-3682;-5791;11144;10750
12;L2_hidden_target;Stopped;1026807;-3682;-5791;11144;10750
12;L2_hidden_target;Stopped;1026820;-3682;-5791;11144;10750
12;L2_hidden_target;Stopped;1026833;-3682;-5791;11144;10750
12;L2_hidden_target;Stopped;1026847;-3682;-5791;11144;10750
12;L2_hidden_target;Stopped;1026860;-3682;-5791;11144;10750
12;L2_hidden_target;Stopped;1026873;-3682;-5791;11144;10750
12;L2_hidden_target;Stopped;1026887;-3682;-5791;11144;10750
12;L2_hidden_target;Stopped;1026900;-3682;-5791;11144;10750
12;L2_hidden_target;Stopped;1026913;-3682;-5791;11144;10750
12;L2_hidden_target;Stopped;1026926;-3682;-5791;11144;10750
12;L2_hidden_target;Stopped;1026940;-3682;-5791;11144;10750
12;L2_hidden_target;Stopped;1026953;-3682;-5791;11144;10750
12;L2_hidden_target;Stopped;1026966;-3682;-5791;11144;10750
12;L2_hidden_target;Stopped;1026980;-3682;-5791;11144;10750
12;L2_hidden_target;Stopped;1026993;-3682;-5791;11144;10750
12;L2_hidden_target;Stopped;1027006;-3682;-5791;11144;10750
12;L2_hidden_target;Stopped;1027020;-3682;-5791;11144;10750
12;L2_hidden_target;Stopped;1027033;-3682;-5791;11144;10750
12;L2_hidden_target;Stopped;1027046;-3682;-5791;11144;10750
12;L2_hidden_target;Stopped;1027060;-3682;-5791;11144;10750
12;L2_hidden_target;Stopped;1027073;-3682;-5791;11144;10750
12;L2_hidden_target;Stopped;1027087;-3682;-5791;11144;10750
12;L2_hidden_target;Stopped;1027100;-3682;-5791;11144;10750
12;L2_hidden_target;Stopped;1027113;-3682;-5791;11144;10750
12;L2_hidden_target;Stopped;1027126;-3682;-5791;11144;10750
12;L2_hidden_target;Stopped;1027140;-3682;-5791;11144;10750
12;L2_hidden_target;Stopped;1027153;-3682;-5791;11144;10750
12;L2_hidden_target;Stopped;1027166;-3682;-5791;11144;10750
12;L2_hidden_target;Stopped;1027180;-3682;-5791;11144;10750
12;L2_hidden_target;Stopped;1027193;-3682;-5791;11144;10750
12;L2_hidden_target;Stopped;1027206;-3682;-5791;11144;10750
12;L2_hidden_target;Stopped;1027220;-3682;-5791;11144;10750
12;L2_hidden_target;End;1041733;-3682;-5791;11144;10750
13;M3_cued_target;Begin;1041733;-7000;6999;0;0
13;M3_cued_target;Stopped;1152811;-4019;-5420;22436;12772
13;M3_cued_target;Stopped;1152825;-4019;-5420;22436;12772
13;M3_cued_target;Stopped;1152838;-4019;-5420;22436;12772
13;M3_cued_target;Stopped;1152851;-4019;-5420;22436;12772
13;M3_cued_target;Stopped;1152865;-4019;-5420;22436;12772
13;M3_cued_target;Stopped;1152878;-4019;-5420;22436;12772
13;M3_cued_target;Stopped;1152891;-4019;-5420;22436;12772
13;M3_cued_target;Stopped;1152905;-4019;-5420;22436;12772
13;M3_cued_target;Stopped;1152918;-4019;-5420;22436;12772
13;M3_cued_target;Stopped;1152931;-4019;-5420;22436;12772
13;M3_cued_target;Stopped;1152945;-4019;-5420;22436;12772
13;M3_cued_target;Stopped;1152958;-4019;-5420;22436;12772
13;M3_cued_target;Stopped;1152971;-4019;-5420;22436;12772
13;M3_cued_target;Stopped;1152985;-4019;-5420;22436;12772
13;M3_cued_target;Stopped;1152998;-4019;-5420;22436;12772
13;M3_cued_target;Stopped;1153011;-4019;-5420;22436;12772
13;M3_cued_target;Stopped;1153025;-4019;-5420;22436;12772
13;M3_cued_target;Stopped;1153038;-4019;-5420;22436;12772
13;M3_cued_target;Stopped;1153051;-4019;-5420;22436;12772
13;M3_cued_target;Stopped;1153065;-4019;-5420;22436;12772
13;M3_cued_target;Stopped;1153078;-4019;-5420;22436;12772
13;M3_cued_target;Stopped;1153091;-4019;-5420;22436;12772
13;M3_cued_target;Stopped;1153105;-4019;-5420;22436;12772
13;M3_cued_target;Stopped;1153118;-4019;-5420;22436;12772
13;M3_cued_target;Stopped;1153131;-4019;-5420;22436;12772
13;M3_cued_target;Stopped;1153145;-4019;-5420;22436;12772
13;M3_cued_target;Stopped;1153159;-4019;-5420;22436;12772
13;M3_cued_target;Stopped;1153172;-4019;-5420;22436;12772
13;M3_cued_target;Stopped;1153185;-4019;-5420;22436;12772
13;M3_cued_target;Stopped;1153198;-4019;-5420;22436;12772
13;M3_cued_target;Stopped;1153211;-4019;-5420;22436;12772
13;M3_cued_target;Stopped;1153225;-4019;-5420;22436;12772
13;M3_cued_target;Stopped;1153238;-4019;-5420;22436;12772
13;M3_cued_target;Stopped;1153251;-4019;-5420;22436;12772
13;M3_cued_target;Stopped;1153265;-4019;-5420;22436;12772
13;M3_cued_target;Stopped;1153278;-4019;-5420;22436;12772
13;M3_cued_target;Stopped;1153291;-4019;-5420;22436;12772
13;M3_cued_target;Stopped;1153309;-4019;-5420;22436;12772
13;M3_cued_target;Stopped;1153322;-4019;-5420;22436;12772
13;M3_cued_target;Stopped;1153331;-4019;-5420;22436;12772
13;M3_cued_target;Stopped;1153349;-4019;-5420;22436;12772
13;M3_cued_target;Stopped;1153362;-4019;-5420;22436;12772
13;M3_cued_target;Stopped;1153376;-4019;-5420;22436;12772
13;M3_cued_target;Stopped;1153386;-4019;-5420;22436;12772
13;M3_cued_target;End;1167833;-4019;-5420;22436;12772
14;L2_hidden_target;Begin;1167833;6999;-7000;0;0
14;L2_hidden_target;Stopped;1187719;-3681;-6218;10888;10710
14;L2_hidden_target;Stopped;1187732;-3681;-6218;10888;10710
14;L2_hidden_target;Stopped;1187746;-3681;-6218;10888;10710
14;L2_hidden_target;Stopped;1187759;-3681;-6218;10888;10710
14;L2_hidden_target;Stopped;1187772;-3681;-6218;10888;10710
14;L2_hidden_target;Stopped;1187786;-3681;-6218;10888;10710
14;L2_hidden_target;Stopped;1187799;-3681;-6218;10888;10710
14;L2_hidden_target;Stopped;1187812;-3681;-6218;10888;10710
14;L2_hidden_target;Stopped;1187826;-3681;-6218;10888;10710
14;L2_hidden_target;Stopped;1187839;-3681;-6218;10888;10710
14;L2_hidden_target;Stopped;1187852;-3681;-6218;10888;10710
14;L2_hidden_target;Stopped;1187866;-3681;-6218;10888;10710
14;L2_hidden_target;Stopped;1187879;-3681;-6218;10888;10710
14;L2_hidden_target;Stopped;1187892;-3681;-6218;10888;10710
14;L2_hidden_target;Stopped;1187906;-3681;-6218;10888;10710
14;L2_hidden_target;Stopped;1187919;-3681;-6218;10888;10710
14;L2_hidden_target;Stopped;1187932;-3681;-6218;10888;10710
14;L2_hidden_target;Stopped;1187945;-3681;-6218;10888;10710
14;L2_hidden_target;Stopped;1187959;-3681;-6218;10888;10710
14;L2_hidden_target;Stopped;1187972;-3681;-6218;10888;10710
14;L2_hidden_target;Stopped;1187986;-3681;-6218;10888;10710
14;L2_hidden_target;Stopped;1187999;-3681;-6218;10888;10710
14;L2_hidden_target;Stopped;1188012;-3681;-6218;10888;10710
14;L2_hidden_target;Stopped;1188026;-3681;-6218;10888;10710
14;L2_hidden_target;Stopped;1188039;-3681;-6218;10888;10710
14;L2_hidden_target;Stopped;1188052;-3681;-6218;10888;10710
14;L2_hidden_target;Stopped;1188065;-3681;-6218;10888;10710
14;L2_hidden_target;Stopped;1188079;-3681;-6218;10888;10710
14;L2_hidden_target;Stopped;1188092;-3681;-6218;10888;10710
14;L2_hidden_target;Stopped;1188105;-3681;-6218;10888;10710
14;L2_hidden_target;Stopped;1188119;-3681;-6218;10888;10710
14;L2_hidden_target;Stopped;1188132;-3681;-6218;10888;10710
14;L2_hidden_target;Stopped;1188145;-3681;-6218;10888;10710
14;L2_hidden_target;Stopped;1188159;-3681;-6218;10888;10710
14;L2_hidden_target;End;1202741;-3681;-6218;10888;10710
15;M1_cued_target;Begin;1202741;7000;7000;0;0
15;M1_cued_target;Stopped;1302116;-3682;-5891;19876;16742
15;M1_cued_target;Stopped;1302130;-3682;-5891;19876;16742
15;M1_cued_target;Stopped;1302143;-3682;-5891;19876;16742
15;M1_cued_target;Stopped;1302157;-3682;-5891;19876;16742
15;M1_cued_target;Stopped;1302170;-3682;-5891;19876;16742
15;M1_cued_target;Stopped;1302183;-3682;-5891;19876;16742
15;M1_cued_target;Stopped;1302196;-3682;-5891;19876;16742
15;M1_cued_target;Stopped;1302210;-3682;-5891;19876;16742
15;M1_cued_target;Stopped;1302223;-3682;-5891;19876;16742
15;M1_cued_target;Stopped;1302236;-3682;-5891;19876;16742
15;M1_cued_target;Stopped;1302250;-3682;-5891;19876;16742
15;M1_cued_target;Stopped;1302263;-3682;-5891;19876;16742
15;M1_cued_target;Stopped;1302276;-3682;-5891;19876;16742
15;M1_cued_target;Stopped;1302290;-3682;-5891;19876;16742
15;M1_cued_target;Stopped;1302303;-3682;-5891;19876;16742
15;M1_cued_target;Stopped;1302316;-3682;-5891;19876;16742
15;M1_cued_target;Stopped;1302330;-3682;-5891;19876;16742
15;M1_cued_target;Stopped;1302343;-3682;-5891;19876;16742
15;M1_cued_target;Stopped;1302356;-3682;-5891;19876;16742
15;M1_cued_target;Stopped;1302374;-3682;-5891;19876;16742
15;M1_cued_target;Stopped;1302387;-3682;-5891;19876;16742
15;M1_cued_target;Stopped;1302397;-3682;-5891;19876;16742
15;M1_cued_target;Stopped;1302410;-3682;-5891;19876;16742
15;M1_cued_target;Stopped;1302423;-3682;-5891;19876;16742
15;M1_cued_target;Stopped;1302436;-3682;-5891;19876;16742
15;M1_cued_target;Stopped;1302450;-3682;-5891;19876;16742
15;M1_cued_target;Stopped;1302463;-3682;-5891;19876;16742
15;M1_cued_target;Stopped;1302476;-3682;-5891;19876;16742
15;M1_cued_target;Stopped;1302503;-3682;-5891;19876;16742
15;M1_cued_target;Stopped;1302516;-3682;-5891;19876;16742
15;M1_cued_target;Stopped;1302530;-3682;-5891;19876;16742
15;M1_cued_target;Stopped;1302543;-3682;-5891;19876;16742
15;M1_cued_target;Stopped;1302556;-3682;-5891;19876;16742
15;M1_cued_target;Stopped;1302570;-3682;-5891;19876;16742
15;M1_cued_target;Stopped;1302583;-3682;-5891;19876;16742
15;M1_cued_target;Stopped;1302596;-3682;-5891;19876;16742
15;M1_cued_target;Stopped;1302610;-3682;-5891;19876;16742
15;M1_cued_target;Stopped;1302623;-3682;-5891;19876;16742
15;M1_cued_target;Stopped;1302636;-3682;-5891;19876;16742
15;M1_cued_target;Stopped;1302650;-3682;-5891;19876;16742
15;M1_cued_target;Stopped;1302663;-3682;-5891;19876;16742
15;M1_cued_target;Stopped;1302676;-3682;-5891;19876;16742
15;M1_cued_target;Stopped;1302690;-3682;-5891;19876;16742
15;M1_cued_target;Stopped;1302703;-3682;-5891;19876;16742
15;M1_cued_target;Stopped;1302716;-3682;-5891;19876;16742
15;M1_cued_target;Stopped;1302730;-3682;-5891;19876;16742
15;M1_cued_target;Stopped;1302743;-3682;-5891;19876;16742
15;M1_cued_target;Stopped;1302756;-3682;-5891;19876;16742
15;M1_cued_target;Stopped;1302770;-3682;-5891;19876;16742
15;M1_cued_target;Stopped;1302783;-3682;-5891;19876;16742
15;M1_cued_target;Stopped;1302796;-3682;-5891;19876;16742
15;M1_cued_target;End;1317138;-3682;-5891;19876;16742
16;L2_hidden_target;Begin;1317138;7000;-7000;0;0
16;L2_hidden_target;Stopped;1335958;-3681;-6283;10863;10705
16;L2_hidden_target;Stopped;1335971;-3681;-6283;10863;10705
16;L2_hidden_target;Stopped;1335985;-3681;-6283;10863;10705
16;L2_hidden_target;Stopped;1335998;-3681;-6283;10863;10705
16;L2_hidden_target;Stopped;1336011;-3681;-6283;10863;10705
16;L2_hidden_target;Stopped;1336025;-3681;-6283;10863;10705
16;L2_hidden_target;Stopped;1336038;-3681;-6283;10863;10705
16;L2_hidden_target;Stopped;1336051;-3681;-6283;10863;10705
16;L2_hidden_target;Stopped;1336065;-3681;-6283;10863;10705
16;L2_hidden_target;Stopped;1336078;-3681;-6283;10863;10705
16;L2_hidden_target;Stopped;1336091;-3681;-6283;10863;10705
16;L2_hidden_target;Stopped;1336105;-3681;-6283;10863;10705
16;L2_hidden_target;Stopped;1336118;-3681;-6283;10863;10705
16;L2_hidden_target;Stopped;1336131;-3681;-6283;10863;10705
16;L2_hidden_target;Stopped;1336145;-3681;-6283;10863;10705
16;L2_hidden_target;Stopped;1336158;-3681;-6283;10863;10705
16;L2_hidden_target;Stopped;1336172;-3681;-6283;10863;10705
16;L2_hidden_target;Stopped;1336190;-3681;-6283;10863;10705
16;L2_hidden_target;Stopped;1336202;-3681;-6283;10863;10705
16;L2_hidden_target;Stopped;1336212;-3681;-6283;10863;10705
16;L2_hidden_target;Stopped;1336225;-3681;-6283;10863;10705
16;L2_hidden_target;Stopped;1336238;-3681;-6283;10863;10705
16;L2_hidden_target;Stopped;1336252;-3681;-6283;10863;10705
16;L2_hidden_target;Stopped;1336265;-3681;-6283;10863;10705
16;L2_hidden_target;Stopped;1336278;-3681;-6283;10863;10705
16;L2_hidden_target;Stopped;1336296;-3681;-6283;10863;10705
16;L2_hidden_target;Stopped;1336310;-3681;-6283;10863;10705
16;L2_hidden_target;Stopped;1336322;-3681;-6283;10863;10705
16;L2_hidden_target;Stopped;1336332;-3681;-6283;10863;10705
16;L2_hidden_target;Stopped;1336345;-3681;-6283;10863;10705
16;L2_hidden_target;End;1350979;-3681;-6283;10863;10705
16;L2_hidden_target;Begin;1350979;-3681;-6283;10863;10705
