1;M3_cued_target;Stopped;75756;-4535;-5418;12361;12660
1;M3_cued_target;Stopped;75768;-4535;-5418;12361;12660
1;M3_cued_target;Stopped;75779;-4535;-5418;12361;12660
1;M3_cued_target;Stopped;75793;-4535;-5418;12361;12660
1;M3_cued_target;Stopped;75805;-4535;-5418;12361;12660
1;M3_cued_target;Stopped;75819;-4535;-5418;12361;12660
1;M3_cued_target;Stopped;75833;-4535;-5418;12361;12660
1;M3_cued_target;Stopped;75846;-4535;-5418;12361;12660
1;M3_cued_target;Stopped;75859;-4535;-5418;12361;12660
1;M3_cued_target;Stopped;75873;-4535;-5418;12361;12660
1;M3_cued_target;Stopped;75886;-4535;-5418;12361;12660
1;M3_cued_target;Stopped;75899;-4535;-5418;12361;12660
1;M3_cued_target;Stopped;75913;-4535;-5418;12361;12660
1;M3_cued_target;Stopped;75926;-4535;-5418;12361;12660
1;M3_cued_target;End;80804;-4535;-5418;12361;12660
2;L1_hidden_target;Begin;80804;7000;6999;0;0
2;L1_hidden_target;Stopped;146954;-4157;-5418;21147;16694
2;L1_hidden_target;Stopped;146967;-4157;-5418;21147;16694
2;L1_hidden_target;Stopped;146980;-4157;-5418;21147;16694
2;L1_hidden_target;Stopped;146994;-4157;-5418;21147;16694
2;L1_hidden_target;Stopped;147007;-4157;-5418;21147;16694
2;L1_hidden_target;Stopped;147020;-4157;-5418;21147;16694
2;L1_hidden_target;Stopped;147033;-4157;-5418;21147;16694
2;L1_hidden_target;Stopped;147047;-4157;-5418;21147;16694
2;L1_hidden_target;Stopped;147060;-4157;-5418;21147;16694
2;L1_hidden_target;Stopped;147074;-4157;-5418;21147;16694
2;L1_hidden_target;Stopped;147087;-4157;-5418;21147;16694
2;L1_hidden_target;Stopped;147100;-4157;-5418;21147;16694
2;L1_hidden_target;Stopped;147114;-4157;-5418;21147;16694
2;L1_hidden_target;Stopped;147127;-4157;-5418;21147;16694
2;L1_hidden_target;Stopped;147140;-4157;-5418;21147;16694
2;L1_hidden_target;Stopped;147154;-4157;-5418;21147;16694
2;L1_hidden_target;Stopped;147171;-4157;-5418;21147;16694
2;L1_hidden_target;End;161975;-4157;-5418;21147;16694
3;M1_cued_target;Begin;161975;7000;7000;0;0
3;M1_cued_target;Stopped;238251;-3683;-5801;16414;16673
3;M1_cued_target;Stopped;238265;-3683;-5801;16414;16673
3;M1_cued_target;Stopped;238278;-3683;-5801;16414;16673
3;M1_cued_target;Stopped;238291;-3683;-5801;16414;16673
3;M1_cued_target;Stopped;238305;-3683;-5801;16414;16673
3;M1_cued_target;Stopped;238318;-3683;-5801;16414;16673
3;M1_cued_target;Stopped;238331;-3683;-5801;16414;16673
3;M1_cued_target;Stopped;238345;-3683;-5801;16414;16673
3;M1_cued_target;Stopped;238358;-3683;-5801;16414;16673
3;M1_cued_target;Stopped;238371;-3683;-5801;16414;16673
3;M1_cued_target;Stopped;238385;-3683;-5801;16414;16673
3;M1_cued_target;Stopped;238398;-3683;-5801;16414;16673
3;M1_cued_target;Stopped;238411;-3683;-5801;16414;16673
3;M1_cued_target;Stopped;238429;-3683;-5801;16414;16673
3;M1_cued_target;Stopped;238442;-3683;-5801;16414;16673
3;M1_cued_target;Stopped;238454;-3683;-5801;16414;16673
3;M1_cued_target;Stopped;238465;-3683;-5801;16414;16673
3;M1_cued_target;End;253272;-3683;-5801;16414;16673
4;L2_hidden_target;Begin;253272;7000;-7000;0;0
4;L2_hidden_target;Stopped;278144;-3682;-5873;15032;10741
4;L2_hidden_target;Stopped;278158;-3682;-5873;15032;10741
4;L2_hidden_target;Stopped;278171;-3682;-5873;15032;10741
4;L2_hidden_target;Stopped;278185;-3682;-5873;15032;10741
4;L2_hidden_target;Stopped;278198;-3682;-5873;15032;10741
4;L2_hidden_target;Stopped;278211;-3682;-5873;15032;10741
4;L2_hidden_target;Stopped;278225;-3682;-5873;15032;10741
4;L2_hidden_target;Stopped;278238;-3682;-5873;15032;10741
4;L2_hidden_target;Stopped;278251;-3682;-5873;15032;10741
4;L2_hidden_target;Stopped;278264;-3682;-5873;15032;10741
4;L2_hidden_target;Stopped;278278;-3682;-5873;15032;10741
4;L2_hidden_target;Stopped;278291;-3682;-5873;15032;10741
4;L2_hidden_target;Stopped;278304;-3682;-5873;15032;10741
4;L2_hidden_target;Stopped;278318;-3682;-5873;15032;10741
4;L2_hidden_target;Stopped;278331;-3682;-5873;15032;10741
4;L2_hidden_target;Stopped;278345;-3682;-5873;15032;10741
4;L2_hidden_target;Stopped;278358;-3682;-5873;15032;10741
4;L2_hidden_target;End;293166;-3682;-5873;15032;10741
5;M2_cued_target;Begin;293166;7000;-7000;0;0
5;M2_cued_target;Stopped;390407;-3759;-5422;21203;10874
5;M2_cued_target;Stopped;390421;-3759;-5422;21203;10874
5;M2_cued_target;Stopped;390434;-3759;-5422;21203;10874
5;M2_cued_target;Stopped;390448;-3759;-5422;21203;10874
5;M2_cued_target;Stopped;390464;-3759;-5422;21203;10874
5;M2_cued_target;Stopped;390478;-3759;-5422;21203;10874
5;M2_cued_target;Stopped;390491;-3759;-5422;21203;10874
5;M2_cued_target;Stopped;390528;-3759;-5422;21203;10874
5;M2_cued_target;Stopped;390545;-3759;-5422;21203;10874
5;M2_cued_target;Stopped;390559;-3759;-5422;21203;10874
5;M2_cued_target;Stopped;390572;-3759;-5422;21203;10874
5;M2_cued_target;Stopped;390582;-3759;-5422;21203;10874
5;M2_cued_target;Stopped;390595;-3759;-5422;21203;10874
5;M2_cued_target;Stopped;390608;-3759;-5422;21203;10874
5;M2_cued_target;End;405432;-3759;-5422;21203;10874
6;L3_hidden_target;Begin;405432;-7000;7000;0;0
6;L3_hidden_target;Stopped;462533;-4969;-5800;29278;12960
6;L3_hidden_target;Stopped;462547;-4969;-5800;29278;12960
6;L3_hidden_target;Stopped;462556;-4969;-5800;29278;12960
6;L3_hidden_target;Stopped;462569;-4969;-5800;29278;12960
6;L3_hidden_target;Stopped;462586;-4969;-5800;29278;12960
6;L3_hidden_target;Stopped;462600;-4969;-5800;29278;12960
6;L3_hidden_target;Stopped;462611;-4969;-5800;29278;12960
6;L3_hidden_target;Stopped;462622;-4969;-5800;29278;12960
6;L3_hidden_target;Stopped;462636;-4969;-5800;29278;12960
6;L3_hidden_target;Stopped;462649;-4969;-5800;29278;12960
6;L3_hidden_target;Stopped;462663;-4969;-5800;29278;12960
6;L3_hidden_target;Stopped;462676;-4969;-5800;29278;12960
6;L3_hidden_target;Stopped;462689;-4969;-5800;29278;12960
6;L3_hidden_target;Stopped;462703;-4969;-5800;29278;12960
6;L3_hidden_target;Stopped;462716;-4969;-5800;29278;12960
6;L3_hidden_target;Stopped;462729;-4969;-5800;29278;12960
6;L3_hidden_target;Stopped;462743;-4969;-5800;29278;12960
6;L3_hidden_target;Stopped;462756;-4969;-5800;29278;12960
6;L3_hidden_target;End;477550;-4969;-5800;29278;12960
7;M1_cued_target;Begin;477550;7000;7000;0;0
7;M1_cued_target;Stopped;568357;-3682;-5975;18562;16807
7;M1_cued_target;Stopped;568368;-3682;-5975;18562;16807
7;M1_cued_target;Stopped;568382;-3682;-5975;18562;16807
7;M1_cued_target;Stopped;568395;-3682;-5975;18562;16807
7;M1_cued_target;Stopped;568408;-3682;-5975;18562;16807
7;M1_cued_target;Stopped;568422;-3682;-5975;18562;16807
7;M1_cued_target;Stopped;568435;-3682;-5975;18562;16807
7;M1_cued_target;Stopped;568448;-3682;-5975;18562;16807
7;M1_cued_target;Stopped;568466;-3682;-5975;18562;16807
7;M1_cued_target;Stopped;568478;-3682;-5975;18562;16807
7;M1_cued_target;Stopped;568490;-3682;-5975;18562;16807
7;M1_cued_target;Stopped;568515;-3682;-5975;18562;16807
7;M1_cued_target;Stopped;568531;-3682;-5975;18562;16807
7;M1_cued_target;Stopped;568542;-3682;-5975;18562;16807
7;M1_cued_target;Stopped;568555;-3682;-5975;18562;16807
7;M1_cued_target;End;583376;-3682;-5975;18562;16807
8;L2_hidden_target;Begin;583376;7000;-7000;0;0
8;L2_hidden_target;Stopped;611250;-4149;-6705;15223;11153
8;L2_hidden_target;Stopped;611263;-4149;-6705;15223;11153
8;L2_hidden_target;Stopped;611277;-4149;-6705;15223;11153
8;L2_hidden_target;Stopped;611288;-4149;-6705;15223;11153
8;L2_hidden_target;Stopped;611301;-4149;-6705;15223;11153
8;L2_hidden_target;Stopped;611317;-4149;-6705;15223;11153
8;L2_hidden_target;Stopped;611330;-4149;-6705;15223;11153
8;L2_hidden_target;Stopped;611344;-4149;-6705;15223;11153
8;L2_hidden_target;Stopped;611353;-4149;-6705;15223;11153
8;L2_hidden_target;Stopped;611367;-4149;-6705;15223;11153
8;L2_hidden_target;Stopped;611381;-4149;-6705;15223;11153
8;L2_hidden_target;Stopped;611393;-4149;-6705;15223;11153
8;L2_hidden_target;Stopped;611406;-4149;-6705;15223;11153
8;L2_hidden_target;Stopped;611420;-4149;-6705;15223;11153
8;L2_hidden_target;Stopped;611433;-4149;-6705;15223;11153
8;L2_hidden_target;End;626269;-4149;-6705;15223;11153
9;M3_cued_target;Begin;626269;-7000;7000;0;0
9;M3_cued_target;Stopped;736159;-3689;-5508;21559;12939
9;M3_cued_target;Stopped;736173;-3689;-5508;21559;12939
9;M3_cued_target;Stopped;736187;-3689;-5508;21559;12939
9;M3_cued_target;Stopped;736199;-3689;-5508;21559;12939
9;M3_cued_target;Stopped;736213;-3689;-5508;21559;12939
9;M3_cued_target;Stopped;736226;-3689;-5508;21559;12939
9;M3_cued_target;Stopped;736243;-3689;-5508;21559;12939
9;M3_cued_target;Stopped;736256;-3689;-5508;21559;12939
9;M3_cued_target;Stopped;736267;-3689;-5508;21559;12939
9;M3_cued_target;Stopped;736280;-3689;-5508;21559;12939
9;M3_cued_target;Stopped;736293;-3689;-5508;21559;12939
9;M3_cued_target;Stopped;736307;-3689;-5508;21559;12939
9;M3_cued_target;Stopped;736319;-3689;-5508;21559;12939
9;M3_cued_target;Stopped;736333;-3689;-5508;21559;12939
9;M3_cued_target;Stopped;736351;-3689;-5508;21559;12939
9;M3_cued_target;Stopped;736364;-3689;-5508;21559;12939
9;M3_cued_target;Stopped;736377;-3689;-5508;21559;12939
9;M3_cued_target;End;751181;-3689;-5508;21559;12939
10;L1_hidden_target;Begin;751181;7000;7000;0;0
10;L1_hidden_target;Stopped;780957;-4109;-5414;17411;16659
10;L1_hidden_target;Stopped;780971;-4109;-5414;17411;16659
10;L1_hidden_target;Stopped;780984;-4109;-5414;17411;16659
10;L1_hidden_target;Stopped;780997;-4109;-5414;17411;16659
10;L1_hidden_target;Stopped;781011;-4109;-5414;17411;16659
10;L1_hidden_target;Stopped;781024;-4109;-5414;17411;16659
10;L1_hidden_target;Stopped;781037;-4109;-5414;17411;16659
10;L1_hidden_target;Stopped;781051;-4109;-5414;17411;16659
10;L1_hidden_target;Stopped;781064;-4109;-5414;17411;16659
10;L1_hidden_target;Stopped;781077;-4109;-5414;17411;16659
10;L1_hidden_target;Stopped;781091;-4109;-5414;17411;16659
10;L1_hidden_target;Stopped;781104;-4109;-5414;17411;16659
10;L1_hidden_target;Stopped;781117;-4109;-5414;17411;16659
10;L1_hidden_target;Stopped;781131;-4109;-5414;17411;16659
10;L1_hidden_target;Stopped;781144;-4109;-5414;17411;16659
10;L1_hidden_target;End;795977;-4109;-5414;17411;16659
11;M2_cued_target;Begin;795977;7000;-7000;0;0
11;M2_cued_target;Stopped;897796;-3689;-5537;20375;10789
11;M2_cued_target;Stopped;897810;-3689;-5537;20375;10789
11;M2_cued_target;Stopped;897821;-3689;-5537;20375;10789
11;M2_cued_target;Stopped;897833;-3689;-5537;20375;10789
11;M2_cued_target;Stopped;897846;-3689;-5537;20375;10789
11;M2_cued_target;Stopped;897859;-3689;-5537;20375;10789
11;M2_cued_target;Stopped;897873;-3689;-5537;20375;10789
11;M2_cued_target;Stopped;897886;-3689;-5537;20375;10789
11;M2_cued_target;Stopped;897899;-3689;-5537;20375;10789
11;M2_cued_target;Stopped;897913;-3689;-5537;20375;10789
11;M2_cued_target;Stopped;897926;-3689;-5537;20375;10789
11;M2_cued_target;Stopped;897939;-3689;-5537;20375;10789
11;M2_cued_target;Stopped;897953;-3689;-5537;20375;10789
11;M2_cued_target;Stopped;897966;-3689;-5537;20375;10789
11;M2_cued_target;Stopped;897979;-3689;-5537;20375;10789
11;M2_cued_target;Stopped;897996;-3689;-5537;20375;10789
11;M2_cued_target;Stopped;898010;-3689;-5537;20375;10789
11;M2_cued_target;Stopped;898021;-3689;-5537;20375;10789
11;M2_cued_target;End;912813;-3689;-5537;20375;10789
12;L3_hidden_target;Begin;912813;-7000;7000;0;0
12;L3_hidden_target;Stopped;947299;-4969;-5977;17578;13135
12;L3_hidden_target;Stopped;947311;-4969;-5977;17578;13135
12;L3_hidden_target;Stopped;947322;-4969;-5977;17578;13135
12;L3_hidden_target;Stopped;947335;-4969;-5977;17578;13135
12;L3_hidden_target;Stopped;947348;-4969;-5977;17578;13135
12;L3_hidden_target;Stopped;947362;-4969;-5977;17578;13135
12;L3_hidden_target;Stopped;947375;-4969;-5977;17578;13135
12;L3_hidden_target;Stopped;947388;-4969;-5977;17578;13135
12;L3_hidden_target;Stopped;947403;-4969;-5977;17578;13135
12;L3_hidden_target;Stopped;947420;-4969;-5977;17578;13135
12;L3_hidden_target;Stopped;947431;-4969;-5977;17578;13135
12;L3_hidden_target;Stopped;947442;-4969;-5977;17578;13135
12;L3_hidden_target;Stopped;947455;-4969;-5977;17578;13135
12;L3_hidden_target;Stopped;947468;-4969;-5977;17578;13135
12;L3_hidden_target;Stopped;947481;-4969;-5977;17578;13135
12;L3_hidden_target;End;962315;-4969;-5977;17578;13135
13;M3_cued_target;Begin;962315;-7000;7000;0;0
13;M3_cued_target;Stopped;1018708;-4436;-5419;11984;12681
13;M3_cued_target;Stopped;1018724;-4436;-5419;11984;12681
13;M3_cued_target;Stopped;1018737;-4436;-5419;11984;12681
13;M3_cued_target;Stopped;1018748;-4436;-5419;11984;12681
13;M3_cued_target;Stopped;1018761;-4436;-5419;11984;12681
13;M3_cued_target;Stopped;1018774;-4436;-5419;11984;12681
13;M3_cued_target;Stopped;1018787;-4436;-5419;11984;12681
13;M3_cued_target;Stopped;1018801;-4436;-5419;11984;12681
13;M3_cued_target;Stopped;1018814;-4436;-5419;11984;12681
13;M3_cued_target;Stopped;1018827;-4436;-5419;11984;12681
13;M3_cued_target;Stopped;1018841;-4436;-5419;11984;12681
13;M3_cued_target;Stopped;1018854;-4436;-5419;11984;12681
13;M3_cued_target;Stopped;1018867;-4436;-5419;11984;12681
13;M3_cued_target;Stopped;1018881;-4436;-5419;11984;12681
13;M3_cued_target;Stopped;1018894;-4436;-5419;11984;12681
13;M3_cued_target;End;1033729;-4436;-5419;11984;12681
14;L2_hidden_target;Begin;1033729;6999;-7000;0;0
14;L2_hidden_target;Stopped;1060452;-3973;-6698;15149;10977
14;L2_hidden_target;Stopped;1060465;-3973;-6698;15149;10977
14;L2_hidden_target;Stopped;1060479;-3973;-6698;15149;10977
14;L2_hidden_target;Stopped;1060505;-3973;-6698;15149;10977
14;L2_hidden_target;Stopped;1060519;-3973;-6698;15149;10977
14;L2_hidden_target;Stopped;1060532;-3973;-6698;15149;10977
14;L2_hidden_target;Stopped;1060545;-3973;-6698;15149;10977
14;L2_hidden_target;Stopped;1060559;-3973;-6698;15149;10977
14;L2_hidden_target;Stopped;1060572;-3973;-6698;15149;10977
14;L2_hidden_target;Stopped;1060585;-3973;-6698;15149;10977
14;L2_hidden_target;Stopped;1060599;-3973;-6698;15149;10977
14;L2_hidden_target;Stopped;1060612;-3973;-6698;15149;10977
14;L2_hidden_target;Stopped;1060625;-3973;-6698;15149;10977
14;L2_hidden_target;Stopped;1060639;-3973;-6698;15149;10977
14;L2_hidden_target;End;1075473;-3973;-6698;15149;10977
15;M1_cued_target;Begin;1075473;6999;6999;0;0
15;M1_cued_target;Stopped;1172663;-3833;-5423;20606;16483
15;M1_cued_target;Stopped;1172676;-3833;-5423;20606;16483
15;M1_cued_target;Stopped;1172690;-3833;-5423;20606;16483
15;M1_cued_target;Stopped;1172703;-3833;-5423;20606;16483
15;M1_cued_target;Stopped;1172718;-3833;-5423;20606;16483
15;M1_cued_target;Stopped;1172734;-3833;-5423;20606;16483
15;M1_cued_target;Stopped;1172747;-3833;-5423;20606;16483
15;M1_cued_target;Stopped;1172758;-3833;-5423;20606;16483
15;M1_cued_target;Stopped;1172770;-3833;-5423;20606;16483
15;M1_cued_target;Stopped;1172784;-3833;-5423;20606;16483
15;M1_cued_target;Stopped;1172797;-3833;-5423;20606;16483
15;M1_cued_target;Stopped;1172810;-3833;-5423;20606;16483
15;M1_cued_target;Stopped;1172823;-3833;-5423;20606;16483
15;M1_cued_target;Stopped;1172837;-3833;-5423;20606;16483
15;M1_cued_target;Stopped;1172850;-3833;-5423;20606;16483
15;M1_cued_target;Stopped;1172863;-3833;-5423;20606;16483
15;M1_cued_target;Stopped;1172877;-3833;-5423;20606;16483
15;M1_cued_target;Stopped;1172890;-3833;-5423;20606;16483
15;M1_cued_target;End;1187688;-3833;-5423;20606;16483
16;L3_hidden_target;Begin;1187688;-7000;7000;0;0
16;L3_hidden_target;Stopped;1211530;-4684;-5416;13745;12630
16;L3_hidden_target;Stopped;1211543;-4684;-5416;13745;12630
16;L3_hidden_target;Stopped;1211557;-4684;-5416;13745;12630
16;L3_hidden_target;Stopped;1211570;-4684;-5416;13745;12630
16;L3_hidden_target;Stopped;1211583;-4684;-5416;13745;12630
16;L3_hidden_target;Stopped;1211597;-4684;-5416;13745;12630
16;L3_hidden_target;Stopped;1211610;-4684;-5416;13745;12630
16;L3_hidden_target;Stopped;1211623;-4684;-5416;13745;12630
16;L3_hidden_target;Stopped;1211637;-4684;-5416;13745;12630
16;L3_hidden_target;Stopped;1211650;-4684;-5416;13745;12630
16;L3_hidden_target;Stopped;1211663;-4684;-5416;13745;12630
16;L3_hidden_target;Stopped;1211677;-4684;-5416;13745;12630
16;L3_hidden_target;Stopped;1211690;-4684;-5416;13745;12630
16;L3_hidden_target;End;1226551;-4684;-5416;13745;12630
16;L3_hidden_target;Begin;1226551;-4684;-5416;13745;12630
