1;M3_cued_target;Stopped;421887;-3681;-6358;76047;13765
1;M3_cued_target;Stopped;421900;-3681;-6358;76047;13765
1;M3_cued_target;Stopped;421913;-3681;-6358;76047;13765
1;M3_cued_target;Stopped;421927;-3681;-6358;76047;13765
1;M3_cued_target;Stopped;421940;-3681;-6358;76047;13765
1;M3_cued_target;Stopped;421953;-3681;-6358;76047;13765
1;M3_cued_target;Stopped;421967;-3681;-6358;76047;13765
1;M3_cued_target;Stopped;421981;-3681;-6358;76047;13765
1;M3_cued_target;Stopped;421994;-3681;-6358;76047;13765
1;M3_cued_target;Stopped;422007;-3681;-6358;76047;13765
1;M3_cued_target;Stopped;422021;-3681;-6358;76047;13765
1;M3_cued_target;Stopped;422034;-3681;-6358;76047;13765
1;M3_cued_target;Stopped;422047;-3681;-6358;76047;13765
1;M3_cued_target;Stopped;422061;-3681;-6358;76047;13765
1;M3_cued_target;Stopped;422074;-3681;-6358;76047;13765
1;M3_cued_target;Stopped;422087;-3681;-6358;76047;13765
1;M3_cued_target;Stopped;422101;-3681;-6358;76047;13765
1;M3_cued_target;Stopped;422114;-3681;-6358;76047;13765
1;M3_cued_target;Stopped;422127;-3681;-6358;76047;13765
1;M3_cued_target;Stopped;422141;-3681;-6358;76047;13765
1;M3_cued_target;Stopped;422154;-3681;-6358;76047;13765
1;M3_cued_target;Stopped;422167;-3681;-6358;76047;13765
1;M3_cued_target;Stopped;422181;-3681;-6358;76047;13765
1;M3_cued_target;Stopped;422194;-3681;-6358;76047;13765
1;M3_cued_target;Stopped;422207;-3681;-6358;76047;13765
1;M3_cued_target;Stopped;422221;-3681;-6358;76047;13765
1;M3_cued_target;Stopped;422234;-3681;-6358;76047;13765
1;M3_cued_target;Stopped;422247;-3681;-6358;76047;13765
1;M3_cued_target;Stopped;422261;-3681;-6358;76047;13765
1;M3_cued_target;End;436912;-3681;-6358;76047;13765
2;L1_hidden_target;Begin;436912;7000;7000;0;0
2;L1_hidden_target;Stopped;717893;-4142;-5418;119266;16684
2;L1_hidden_target;Stopped;717906;-4142;-5418;119266;16684
2;L1_hidden_target;Stopped;717915;-4142;-5418;119266;16684
2;L1_hidden_target;Stopped;717929;-4142;-5418;119266;16684
2;L1_hidden_target;Stopped;717941;-4142;-5418;119266;16684
2;L1_hidden_target;Stopped;717954;-4142;-5418;119266;16684
2;L1_hidden_target;Stopped;717968;-4142;-5418;119266;16684
2;L1_hidden_target;Stopped;717981;-4142;-5418;119266;16684
2;L1_hidden_target;Stopped;717994;-4142;-5418;119266;16684
2;L1_hidden_target;Stopped;718007;-4142;-5418;119266;16684
2;L1_hidden_target;Stopped;718021;-4142;-5418;119266;16684
2;L1_hidden_target;Stopped;718034;-4142;-5418;119266;16684
2;L1_hidden_target;Stopped;718048;-4142;-5418;119266;16684
2;L1_hidden_target;Stopped;718061;-4142;-5418;119266;16684
2;L1_hidden_target;Stopped;718079;-4142;-5418;119266;16684
2;L1_hidden_target;Stopped;718092;-4142;-5418;119266;16684
2;L1_hidden_target;Stopped;718102;-4142;-5418;119266;16684
2;L1_hidden_target;Stopped;718116;-4142;-5418;119266;16684
2;L1_hidden_target;End;732909;-4142;-5418;119266;16684
3;M1_cued_target;Begin;732909;7000;7000;0;0
3;M1_cued_target;Stopped;856730;-4003;-5419;23868;16592
3;M1_cued_target;Stopped;856744;-4003;-5419;23868;16592
3;M1_cued_target;Stopped;856757;-4003;-5419;23868;16592
3;M1_cued_target;Stopped;856770;-4003;-5419;23868;16592
3;M1_cued_target;Stopped;856784;-4003;-5419;23868;16592
3;M1_cued_target;Stopped;856797;-4003;-5419;23868;16592
3;M1_cued_target;Stopped;856811;-4003;-5419;23868;16592
3;M1_cued_target;Stopped;856824;-4003;-5419;23868;16592
3;M1_cued_target;Stopped;856837;-4003;-5419;23868;16592
3;M1_cued_target;Stopped;856850;-4003;-5419;23868;16592
3;M1_cued_target;Stopped;856864;-4003;-5419;23868;16592
3;M1_cued_target;Stopped;856877;-4003;-5419;23868;16592
3;M1_cued_target;Stopped;856891;-4003;-5419;23868;16592
3;M1_cued_target;Stopped;856904;-4003;-5419;23868;16592
3;M1_cued_target;Stopped;856917;-4003;-5419;23868;16592
3;M1_cued_target;End;871752;-4003;-5419;23868;16592
4;L2_hidden_target;Begin;871752;7000;-7000;0;0
4;L2_hidden_target;Stopped;918828;-4964;-6432;15226;11978
4;L2_hidden_target;Stopped;918842;-4964;-6432;15226;11978
4;L2_hidden_target;Stopped;918855;-4964;-6432;15226;11978
4;L2_hidden_target;Stopped;918868;-4964;-6432;15226;11978
4;L2_hidden_target;Stopped;918882;-4964;-6432;15226;11978
4;L2_hidden_target;Stopped;918901;-4964;-6432;15226;11978
4;L2_hidden_target;Stopped;918912;-4964;-6432;15226;11978
4;L2_hidden_target;Stopped;918923;-4964;-6432;15226;11978
4;L2_hidden_target;Stopped;918941;-4964;-6432;15226;11978
4;L2_hidden_target;Stopped;918951;-4964;-6432;15226;11978
4;L2_hidden_target;Stopped;918964;-4964;-6432;15226;11978
4;L2_hidden_target;Stopped;918975;-4964;-6432;15226;11978
4;L2_hidden_target;Stopped;918989;-4964;-6432;15226;11978
4;L2_hidden_target;Stopped;919002;-4964;-6432;15226;11978
4;L2_hidden_target;Stopped;919015;-4964;-6432;15226;11978
4;L2_hidden_target;Stopped;919028;-4964;-6432;15226;11978
4;L2_hidden_target;Stopped;919042;-4964;-6432;15226;11978
4;L2_hidden_target;Stopped;919055;-4964;-6432;15226;11978
4;L2_hidden_target;End;933850;-4964;-6432;15226;11978
5;M2_cued_target;Begin;933850;7000;-7000;0;0
5;M2_cued_target;Stopped;990322;-3682;-6315;10577;10704
5;M2_cued_target;Stopped;990340;-3682;-6315;10577;10704
5;M2_cued_target;Stopped;990352;-3682;-6315;10577;10704
5;M2_cued_target;Stopped;990366;-3682;-6315;10577;10704
5;M2_cued_target;Stopped;990376;-3682;-6315;10577;10704
5;M2_cued_target;Stopped;990389;-3682;-6315;10577;10704
5;M2_cued_target;Stopped;990403;-3682;-6315;10577;10704
5;M2_cued_target;Stopped;990416;-3682;-6315;10577;10704
5;M2_cued_target;Stopped;990429;-3682;-6315;10577;10704
5;M2_cued_target;Stopped;990443;-3682;-6315;10577;10704
5;M2_cued_target;Stopped;990456;-3682;-6315;10577;10704
5;M2_cued_target;Stopped;990469;-3682;-6315;10577;10704
5;M2_cued_target;Stopped;990482;-3682;-6315;10577;10704
5;M2_cued_target;Stopped;990523;-3682;-6315;10577;10704
5;M2_cued_target;Stopped;990536;-3682;-6315;10577;10704
5;M2_cued_target;Stopped;990549;-3682;-6315;10577;10704
5;M2_cued_target;Stopped;990563;-3682;-6315;10577;10704
5;M2_cued_target;End;1005343;-3682;-6315;10577;10704
6;L3_hidden_target;Begin;1005343;-7000;6999;0;0
6;L3_hidden_target;Stopped;1059538;-4966;-5728;17284;12889
6;L3_hidden_target;Stopped;1059551;-4966;-5728;17284;12889
6;L3_hidden_target;Stopped;1059565;-4966;-5728;17284;12889
6;L3_hidden_target;Stopped;1059578;-4966;-5728;17284;12889
6;L3_hidden_target;Stopped;1059591;-4966;-5728;17284;12889
6;L3_hidden_target;Stopped;1059604;-4966;-5728;17284;12889
6;L3_hidden_target;Stopped;1059618;-4966;-5728;17284;12889
6;L3_hidden_target;Stopped;1059631;-4966;-5728;17284;12889
6;L3_hidden_target;Stopped;1059645;-4966;-5728;17284;12889
6;L3_hidden_target;Stopped;1059658;-4966;-5728;17284;12889
6;L3_hidden_target;Stopped;1059671;-4966;-5728;17284;12889
6;L3_hidden_target;Stopped;1059684;-4966;-5728;17284;12889
6;L3_hidden_target;Stopped;1059698;-4966;-5728;17284;12889
6;L3_hidden_target;Stopped;1059711;-4966;-5728;17284;12889
6;L3_hidden_target;Stopped;1059725;-4966;-5728;17284;12889
6;L3_hidden_target;End;1074559;-4966;-5728;17284;12889
7;M1_cued_target;Begin;1074559;6999;7000;0;0
7;M1_cued_target;Stopped;1280417;-4369;-5419;35996;16837
7;M1_cued_target;Stopped;1280431;-4369;-5419;35996;16837
7;M1_cued_target;Stopped;1280444;-4369;-5419;35996;16837
7;M1_cued_target;Stopped;1280457;-4369;-5419;35996;16837
7;M1_cued_target;Stopped;1280471;-4369;-5419;35996;16837
7;M1_cued_target;Stopped;1280484;-4369;-5419;35996;16837
7;M1_cued_target;Stopped;1280511;-4369;-5419;35996;16837
7;M1_cued_target;Stopped;1280524;-4369;-5419;35996;16837
7;M1_cued_target;Stopped;1280537;-4369;-5419;35996;16837
7;M1_cued_target;Stopped;1280551;-4369;-5419;35996;16837
7;M1_cued_target;Stopped;1280564;-4369;-5419;35996;16837
7;M1_cued_target;Stopped;1280577;-4369;-5419;35996;16837
7;M1_cued_target;Stopped;1280591;-4369;-5419;35996;16837
7;M1_cued_target;Stopped;1280608;-4369;-5419;35996;16837
7;M1_cued_target;Stopped;1280619;-4369;-5419;35996;16837
7;M1_cued_target;Stopped;1280631;-4369;-5419;35996;16837
7;M1_cued_target;Stopped;1280644;-4369;-5419;35996;16837
7;M1_cued_target;End;1295439;-4369;-5419;35996;16837
8;L2_hidden_target;Begin;1295439;7000;-7000;0;0
8;L2_hidden_target;Stopped;1350727;-3719;-5426;15739;10833
8;L2_hidden_target;Stopped;1350741;-3719;-5426;15739;10833
8;L2_hidden_target;Stopped;1350754;-3719;-5426;15739;10833
8;L2_hidden_target;Stopped;1350768;-3719;-5426;15739;10833
8;L2_hidden_target;Stopped;1350781;-3719;-5426;15739;10833
8;L2_hidden_target;Stopped;1350794;-3719;-5426;15739;10833
8;L2_hidden_target;Stopped;1350808;-3719;-5426;15739;10833
8;L2_hidden_target;Stopped;1350821;-3719;-5426;15739;10833
8;L2_hidden_target;Stopped;1350834;-3719;-5426;15739;10833
8;L2_hidden_target;Stopped;1350848;-3719;-5426;15739;10833
8;L2_hidden_target;Stopped;1350861;-3719;-5426;15739;10833
8;L2_hidden_target;Stopped;1350874;-3719;-5426;15739;10833
8;L2_hidden_target;Stopped;1350888;-3719;-5426;15739;10833
8;L2_hidden_target;Stopped;1350901;-3719;-5426;15739;10833
8;L2_hidden_target;Stopped;1350914;-3719;-5426;15739;10833
8;L2_hidden_target;Stopped;1350928;-3719;-5426;15739;10833
8;L2_hidden_target;Stopped;1350941;-3719;-5426;15739;10833
8;L2_hidden_target;Stopped;1350954;-3719;-5426;15739;10833
8;L2_hidden_target;End;1365748;-3719;-5426;15739;10833
9;M3_cued_target;Begin;1365748;-7000;7000;0;0
9;M3_cued_target;Stopped;1425592;-4408;-5417;12100;12685
9;M3_cued_target;Stopped;1425606;-4408;-5417;12100;12685
9;M3_cued_target;Stopped;1425619;-4408;-5417;12100;12685
9;M3_cued_target;Stopped;1425632;-4408;-5417;12100;12685
9;M3_cued_target;Stopped;1425646;-4408;-5417;12100;12685
9;M3_cued_target;Stopped;1425659;-4408;-5417;12100;12685
9;M3_cued_target;Stopped;1425672;-4408;-5417;12100;12685
9;M3_cued_target;Stopped;1425686;-4408;-5417;12100;12685
9;M3_cued_target;Stopped;1425699;-4408;-5417;12100;12685
9;M3_cued_target;Stopped;1425712;-4408;-5417;12100;12685
9;M3_cued_target;Stopped;1425726;-4408;-5417;12100;12685
9;M3_cued_target;Stopped;1425739;-4408;-5417;12100;12685
9;M3_cued_target;Stopped;1425752;-4408;-5417;12100;12685
9;M3_cued_target;Stopped;1425766;-4408;-5417;12100;12685
9;M3_cued_target;Stopped;1425779;-4408;-5417;12100;12685
9;M3_cued_target;Stopped;1425792;-4408;-5417;12100;12685
9;M3_cued_target;Stopped;1425806;-4408;-5417;12100;12685
9;M3_cued_target;End;1440613;-4408;-5417;12100;12685
10;L1_hidden_target;Begin;1440613;7000;6999;0;0
10;L1_hidden_target;Stopped;1485545;-3967;-5415;16974;16566
10;L1_hidden_target;Stopped;1485558;-3967;-5415;16974;16566
10;L1_hidden_target;Stopped;1485572;-3967;-5415;16974;16566
10;L1_hidden_target;Stopped;1485585;-3967;-5415;16974;16566
10;L1_hidden_target;Stopped;1485598;-3967;-5415;16974;16566
10;L1_hidden_target;Stopped;1485612;-3967;-5415;16974;16566
10;L1_hidden_target;Stopped;1485625;-3967;-5415;16974;16566
10;L1_hidden_target;Stopped;1485638;-3967;-5415;16974;16566
10;L1_hidden_target;Stopped;1485652;-3967;-5415;16974;16566
10;L1_hidden_target;Stopped;1485665;-3967;-5415;16974;16566
10;L1_hidden_target;Stopped;1485678;-3967;-5415;16974;16566
10;L1_hidden_target;Stopped;1485692;-3967;-5415;16974;16566
10;L1_hidden_target;Stopped;1485705;-3967;-5415;16974;16566
10;L1_hidden_target;Stopped;1485718;-3967;-5415;16974;16566
10;L1_hidden_target;Stopped;1485732;-3967;-5415;16974;16566
10;L1_hidden_target;Stopped;1485745;-3967;-5415;16974;16566
10;L1_hidden_target;End;1500565;-3967;-5415;16974;16566
11;M2_cued_target;Begin;1500565;6999;-7000;0;0
11;M2_cued_target;Stopped;1596291;-3683;-5754;18994;10755
11;M2_cued_target;Stopped;1596304;-3683;-5754;18994;10755
11;M2_cued_target;Stopped;1596317;-3683;-5754;18994;10755
11;M2_cued_target;Stopped;1596331;-3683;-5754;18994;10755
11;M2_cued_target;Stopped;1596344;-3683;-5754;18994;10755
11;M2_cued_target;Stopped;1596357;-3683;-5754;18994;10755
11;M2_cued_target;Stopped;1596371;-3683;-5754;18994;10755
11;M2_cued_target;Stopped;1596384;-3683;-5754;18994;10755
11;M2_cued_target;Stopped;1596398;-3683;-5754;18994;10755
11;M2_cued_target;Stopped;1596411;-3683;-5754;18994;10755
11;M2_cued_target;Stopped;1596424;-3683;-5754;18994;10755
11;M2_cued_target;Stopped;1596437;-3683;-5754;18994;10755
11;M2_cued_target;Stopped;1596451;-3683;-5754;18994;10755
11;M2_cued_target;Stopped;1596464;-3683;-5754;18994;10755
11;M2_cued_target;Stopped;1596477;-3683;-5754;18994;10755
11;M2_cued_target;End;1611312;-3683;-5754;18994;10755
12;L3_hidden_target;Begin;1611312;-7000;7000;0;0
12;L3_hidden_target;Stopped;1659028;-4966;-5575;14284;12738
12;L3_hidden_target;Stopped;1659046;-4966;-5575;14284;12738
12;L3_hidden_target;Stopped;1659059;-4966;-5575;14284;12738
12;L3_hidden_target;Stopped;1659068;-4966;-5575;14284;12738
12;L3_hidden_target;Stopped;1659087;-4966;-5575;14284;12738
12;L3_hidden_target;Stopped;1659098;-4966;-5575;14284;12738
12;L3_hidden_target;Stopped;1659109;-4966;-5575;14284;12738
12;L3_hidden_target;Stopped;1659123;-4966;-5575;14284;12738
12;L3_hidden_target;Stopped;1659135;-4966;-5575;14284;12738
12;L3_hidden_target;Stopped;1659148;-4966;-5575;14284;12738
12;L3_hidden_target;Stopped;1659161;-4966;-5575;14284;12738
12;L3_hidden_target;Stopped;1659174;-4966;-5575;14284;12738
12;L3_hidden_target;Stopped;1659188;-4966;-5575;14284;12738
12;L3_hidden_target;Stopped;1659202;-4966;-5575;14284;12738
12;L3_hidden_target;Stopped;1659215;-4966;-5575;14284;12738
12;L3_hidden_target;Stopped;1659228;-4966;-5575;14284;12738
12;L3_hidden_target;Stopped;1659241;-4966;-5575;14284;12738
12;L3_hidden_target;End;1674049;-4966;-5575;14284;12738
13;M3_cued_target;Begin;1674049;-7000;7000;0;0
13;M3_cued_target;Stopped;1798591;-4448;-5419;25044;12679
13;M3_cued_target;Stopped;1798604;-4448;-5419;25044;12679
13;M3_cued_target;Stopped;1798618;-4448;-5419;25044;12679
13;M3_cued_target;Stopped;1798631;-4448;-5419;25044;12679
13;M3_cued_target;Stopped;1798645;-4448;-5419;25044;12679
13;M3_cued_target;Stopped;1798658;-4448;-5419;25044;12679
13;M3_cued_target;Stopped;1798671;-4448;-5419;25044;12679
13;M3_cued_target;Stopped;1798685;-4448;-5419;25044;12679
13;M3_cued_target;Stopped;1798698;-4448;-5419;25044;12679
13;M3_cued_target;Stopped;1798711;-4448;-5419;25044;12679
13;M3_cued_target;Stopped;1798725;-4448;-5419;25044;12679
13;M3_cued_target;Stopped;1798738;-4448;-5419;25044;12679
13;M3_cued_target;Stopped;1798751;-4448;-5419;25044;12679
13;M3_cued_target;Stopped;1798764;-4448;-5419;25044;12679
13;M3_cued_target;Stopped;1798778;-4448;-5419;25044;12679
13;M3_cued_target;Stopped;1798791;-4448;-5419;25044;12679
13;M3_cued_target;Stopped;1798805;-4448;-5419;25044;12679
13;M3_cued_target;Stopped;1798818;-4448;-5419;25044;12679
13;M3_cued_target;Stopped;1798831;-4448;-5419;25044;12679
13;M3_cued_target;Stopped;1798845;-4448;-5419;25044;12679
13;M3_cued_target;Stopped;1798858;-4448;-5419;25044;12679
13;M3_cued_target;Stopped;1798871;-4448;-5419;25044;12679
13;M3_cued_target;Stopped;1798884;-4448;-5419;25044;12679
13;M3_cued_target;Stopped;1798898;-4448;-5419;25044;12679
13;M3_cued_target;Stopped;1798911;-4448;-5419;25044;12679
13;M3_cued_target;Stopped;1798925;-4448;-5419;25044;12679
13;M3_cued_target;Stopped;1798938;-4448;-5419;25044;12679
13;M3_cued_target;End;1813612;-4448;-5419;25044;12679
14;L2_hidden_target;Begin;1813612;6999;-7000;0;0
14;L2_hidden_target;Stopped;1842724;-3683;-6229;11444;10711
14;L2_hidden_target;Stopped;1842737;-3683;-6229;11444;10711
14;L2_hidden_target;Stopped;1842750;-3683;-6229;11444;10711
14;L2_hidden_target;Stopped;1842764;-3683;-6229;11444;10711
14;L2_hidden_target;Stopped;1842777;-3683;-6229;11444;10711
14;L2_hidden_target;Stopped;1842790;-3683;-6229;11444;10711
14;L2_hidden_target;Stopped;1842804;-3683;-6229;11444;10711
14;L2_hidden_target;Stopped;1842817;-3683;-6229;11444;10711
14;L2_hidden_target;Stopped;1842830;-3683;-6229;11444;10711
14;L2_hidden_target;Stopped;1842844;-3683;-6229;11444;10711
14;L2_hidden_target;Stopped;1842857;-3683;-6229;11444;10711
14;L2_hidden_target;Stopped;1842870;-3683;-6229;11444;10711
14;L2_hidden_target;Stopped;1842884;-3683;-6229;11444;10711
14;L2_hidden_target;Stopped;1842897;-3683;-6229;11444;10711
14;L2_hidden_target;Stopped;1842910;-3683;-6229;11444;10711
14;L2_hidden_target;Stopped;1842924;-3683;-6229;11444;10711
14;L2_hidden_target;Stopped;1842937;-3683;-6229;11444;10711
14;L2_hidden_target;Stopped;1842950;-3683;-6229;11444;10711
14;L2_hidden_target;End;1857744;-3683;-6229;11444;10711
15;M1_cued_target;Begin;1857744;7000;7000;0;0
15;M1_cued_target;Stopped;2016032;-3683;-5799;31904;16671
15;M1_cued_target;Stopped;2016046;-3683;-5799;31904;16671
15;M1_cued_target;Stopped;2016059;-3683;-5799;31904;16671
15;M1_cued_target;Stopped;2016072;-3683;-5799;31904;16671
15;M1_cued_target;Stopped;2016086;-3683;-5799;31904;16671
15;M1_cued_target;Stopped;2016099;-3683;-5799;31904;16671
15;M1_cued_target;Stopped;2016112;-3683;-5799;31904;16671
15;M1_cued_target;Stopped;2016126;-3683;-5799;31904;16671
15;M1_cued_target;Stopped;2016139;-3683;-5799;31904;16671
15;M1_cued_target;Stopped;2016152;-3683;-5799;31904;16671
15;M1_cued_target;Stopped;2016165;-3683;-5799;31904;16671
15;M1_cued_target;Stopped;2016179;-3683;-5799;31904;16671
15;M1_cued_target;Stopped;2016196;-3683;-5799;31904;16671
15;M1_cued_target;Stopped;2016210;-3683;-5799;31904;16671
15;M1_cued_target;Stopped;2016220;-3683;-5799;31904;16671
15;M1_cued_target;End;2031054;-3683;-5799;31904;16671
16;L3_hidden_target;Begin;2031054;-7000;7000;0;0
16;L3_hidden_target;Stopped;2084581;-4970;-5988;19842;13146
16;L3_hidden_target;Stopped;2084595;-4970;-5988;19842;13146
16;L3_hidden_target;Stopped;2084608;-4970;-5988;19842;13146
16;L3_hidden_target;Stopped;2084621;-4970;-5988;19842;13146
16;L3_hidden_target;Stopped;2084635;-4970;-5988;19842;13146
16;L3_hidden_target;Stopped;2084648;-4970;-5988;19842;13146
16;L3_hidden_target;Stopped;2084661;-4970;-5988;19842;13146
16;L3_hidden_target;Stopped;2084675;-4970;-5988;19842;13146
16;L3_hidden_target;Stopped;2084688;-4970;-5988;19842;13146
16;L3_hidden_target;Stopped;2084701;-4970;-5988;19842;13146
16;L3_hidden_target;Stopped;2084715;-4970;-5988;19842;13146
16;L3_hidden_target;Stopped;2084728;-4970;-5988;19842;13146
16;L3_hidden_target;Stopped;2084741;-4970;-5988;19842;13146
16;L3_hidden_target;Stopped;2084755;-4970;-5988;19842;13146
16;L3_hidden_target;End;2099602;-4970;-5988;19842;13146
16;L3_hidden_target;Begin;2099602;-4970;-5988;19842;13146
