1;M3_cued_target;Stopped;96486;-4523;-5418;14319;12663
1;M3_cued_target;Stopped;96499;-4523;-5418;14319;12663
1;M3_cued_target;Stopped;96539;-4523;-5418;14319;12663
1;M3_cued_target;Stopped;96553;-4523;-5418;14319;12663
1;M3_cued_target;Stopped;96566;-4523;-5418;14319;12663
1;M3_cued_target;Stopped;96579;-4523;-5418;14319;12663
1;M3_cued_target;Stopped;96592;-4523;-5418;14319;12663
1;M3_cued_target;Stopped;96606;-4523;-5418;14319;12663
1;M3_cued_target;Stopped;96619;-4523;-5418;14319;12663
1;M3_cued_target;Stopped;96632;-4523;-5418;14319;12663
1;M3_cued_target;Stopped;96646;-4523;-5418;14319;12663
1;M3_cued_target;Stopped;96659;-4523;-5418;14319;12663
1;M3_cued_target;Stopped;96672;-4523;-5418;14319;12663
1;M3_cued_target;Stopped;96686;-4523;-5418;14319;12663
1;M3_cued_target;Stopped;96699;-4523;-5418;14319;12663
1;M3_cued_target;Stopped;96712;-4523;-5418;14319;12663
1;M3_cued_target;Stopped;96726;-4523;-5418;14319;12663
1;M3_cued_target;Stopped;96739;-4523;-5418;14319;12663
1;M3_cued_target;Stopped;96753;-4523;-5418;14319;12663
1;M3_cued_target;Stopped;96766;-4523;-5418;14319;12663
1;M3_cued_target;Stopped;96779;-4523;-5418;14319;12663
1;M3_cued_target;Stopped;96792;-4523;-5418;14319;12663
1;M3_cued_target;End;100831;-4523;-5418;14319;12663
2;L2_hidden_target;Begin;100831;7000;-7000;0;0
2;L2_hidden_target;Stopped;219242;-4968;-6047;48857;12006
2;L2_hidden_target;Stopped;219255;-4968;-6047;48857;12006
2;L2_hidden_target;Stopped;219268;-4968;-6047;48857;12006
2;L2_hidden_target;Stopped;219282;-4968;-6047;48857;12006
2;L2_hidden_target;Stopped;219295;-4968;-6047;48857;12006
2;L2_hidden_target;Stopped;219308;-4968;-6047;48857;12006
2;L2_hidden_target;Stopped;219322;-4968;-6047;48857;12006
2;L2_hidden_target;Stopped;219335;-4968;-6047;48857;12006
2;L2_hidden_target;Stopped;219348;-4968;-6047;48857;12006
2;L2_hidden_target;Stopped;219362;-4968;-6047;48857;12006
2;L2_hidden_target;Stopped;219375;-4968;-6047;48857;12006
2;L2_hidden_target;Stopped;219388;-4968;-6047;48857;12006
2;L2_hidden_target;Stopped;219402;-4968;-6047;48857;12006
2;L2_hidden_target;Stopped;219415;-4968;-6047;48857;12006
2;L2_hidden_target;Stopped;219428;-4968;-6047;48857;12006
2;L2_hidden_target;Stopped;219442;-4968;-6047;48857;12006
2;L2_hidden_target;Stopped;219455;-4968;-6047;48857;12006
2;L2_hidden_target;End;234264;-4968;-6047;48857;12006
3;M1_cued_target;Begin;234264;7000;7000;0;0
3;M1_cued_target;Stopped;355712;-4162;-5417;22268;16697
3;M1_cued_target;Stopped;355729;-4162;-5417;22268;16697
3;M1_cued_target;Stopped;355743;-4162;-5417;22268;16697
3;M1_cued_target;Stopped;355757;-4162;-5417;22268;16697
3;M1_cued_target;Stopped;355770;-4162;-5417;22268;16697
3;M1_cued_target;Stopped;355779;-4162;-5417;22268;16697
3;M1_cued_target;Stopped;355792;-4162;-5417;22268;16697
3;M1_cued_target;Stopped;355805;-4162;-5417;22268;16697
3;M1_cued_target;Stopped;355819;-4162;-5417;22268;16697
3;M1_cued_target;Stopped;355836;-4162;-5417;22268;16697
3;M1_cued_target;Stopped;355849;-4162;-5417;22268;16697
3;M1_cued_target;Stopped;355861;-4162;-5417;22268;16697
3;M1_cued_target;Stopped;355872;-4162;-5417;22268;16697
3;M1_cued_target;Stopped;355886;-4162;-5417;22268;16697
3;M1_cued_target;Stopped;355899;-4162;-5417;22268;16697
3;M1_cued_target;Stopped;355912;-4162;-5417;22268;16697
3;M1_cued_target;Stopped;355925;-4162;-5417;22268;16697
3;M1_cued_target;Stopped;355939;-4162;-5417;22268;16697
3;M1_cued_target;End;370733;-4162;-5417;22268;16697
4;L2_hidden_target;Begin;370733;7000;-7000;0;0
4;L2_hidden_target;Stopped;568277;-4968;-6230;80046;11993
4;L2_hidden_target;Stopped;568290;-4968;-6230;80046;11993
4;L2_hidden_target;Stopped;568304;-4968;-6230;80046;11993
4;L2_hidden_target;Stopped;568317;-4968;-6230;80046;11993
4;L2_hidden_target;Stopped;568330;-4968;-6230;80046;11993
4;L2_hidden_target;Stopped;568344;-4968;-6230;80046;11993
4;L2_hidden_target;Stopped;568357;-4968;-6230;80046;11993
4;L2_hidden_target;Stopped;568370;-4968;-6230;80046;11993
4;L2_hidden_target;Stopped;568384;-4968;-6230;80046;11993
4;L2_hidden_target;Stopped;568398;-4968;-6230;80046;11993
4;L2_hidden_target;Stopped;568411;-4968;-6230;80046;11993
4;L2_hidden_target;Stopped;568424;-4968;-6230;80046;11993
4;L2_hidden_target;Stopped;568438;-4968;-6230;80046;11993
4;L2_hidden_target;Stopped;568451;-4968;-6230;80046;11993
4;L2_hidden_target;Stopped;568464;-4968;-6230;80046;11993
4;L2_hidden_target;Stopped;568477;-4968;-6230;80046;11993
4;L2_hidden_target;Stopped;568490;-4968;-6230;80046;11993
4;L2_hidden_target;End;583297;-4968;-6230;80046;11993
5;M2_cued_target;Begin;583297;7000;-7000;0;0
5;M2_cued_target;Stopped;716849;-3847;-5422;28392;10961
5;M2_cued_target;Stopped;716862;-3847;-5422;28392;10961
5;M2_cued_target;Stopped;716875;-3847;-5422;28392;10961
5;M2_cued_target;Stopped;716888;-3847;-5422;28392;10961
5;M2_cued_target;Stopped;716902;-3847;-5422;28392;10961
5;M2_cued_target;Stopped;716915;-3847;-5422;28392;10961
5;M2_cued_target;Stopped;716928;-3847;-5422;28392;10961
5;M2_cued_target;Stopped;716941;-3847;-5422;28392;10961
5;M2_cued_target;Stopped;716955;-3847;-5422;28392;10961
5;M2_cued_target;Stopped;716968;-3847;-5422;28392;10961
5;M2_cued_target;Stopped;716981;-3847;-5422;28392;10961
5;M2_cued_target;Stopped;716997;-3847;-5422;28392;10961
5;M2_cued_target;Stopped;717010;-3847;-5422;28392;10961
5;M2_cued_target;Stopped;717023;-3847;-5422;28392;10961
5;M2_cued_target;Stopped;717035;-3847;-5422;28392;10961
5;M2_cued_target;Stopped;717049;-3847;-5422;28392;10961
5;M2_cued_target;End;731869;-3847;-5422;28392;10961
6;L2_hidden_target;Begin;731869;7000;-7000;0;0
6;L2_hidden_target;Stopped;757328;-3682;-6008;12112;10728
6;L2_hidden_target;Stopped;757341;-3682;-6008;12112;10728
6;L2_hidden_target;Stopped;757355;-3682;-6008;12112;10728
6;L2_hidden_target;Stopped;757368;-3682;-6008;12112;10728
6;L2_hidden_target;Stopped;757381;-3682;-6008;12112;10728
6;L2_hidden_target;Stopped;757394;-3682;-6008;12112;10728
6;L2_hidden_target;Stopped;757408;-3682;-6008;12112;10728
6;L2_hidden_target;Stopped;757422;-3682;-6008;12112;10728
6;L2_hidden_target;Stopped;757435;-3682;-6008;12112;10728
6;L2_hidden_target;Stopped;757448;-3682;-6008;12112;10728
6;L2_hidden_target;Stopped;757461;-3682;-6008;12112;10728
6;L2_hidden_target;Stopped;757474;-3682;-6008;12112;10728
6;L2_hidden_target;Stopped;757488;-3682;-6008;12112;10728
6;L2_hidden_target;Stopped;757528;-3682;-6008;12112;10728
6;L2_hidden_target;End;772349;-3682;-6008;12112;10728
7;M1_cued_target;Begin;772349;7000;7000;0;0
7;M1_cued_target;Stopped;860344;-3985;-5421;18824;16582
7;M1_cued_target;Stopped;860357;-3985;-5421;18824;16582
7;M1_cued_target;Stopped;860371;-3985;-5421;18824;16582
7;M1_cued_target;Stopped;860384;-3985;-5421;18824;16582
7;M1_cued_target;Stopped;860397;-3985;-5421;18824;16582
7;M1_cued_target;Stopped;860411;-3985;-5421;18824;16582
7;M1_cued_target;Stopped;860424;-3985;-5421;18824;16582
7;M1_cued_target;Stopped;860437;-3985;-5421;18824;16582
7;M1_cued_target;Stopped;860451;-3985;-5421;18824;16582
7;M1_cued_target;Stopped;860464;-3985;-5421;18824;16582
7;M1_cued_target;Stopped;860477;-3985;-5421;18824;16582
7;M1_cued_target;Stopped;860491;-3985;-5421;18824;16582
7;M1_cued_target;Stopped;860517;-3985;-5421;18824;16582
7;M1_cued_target;Stopped;860531;-3985;-5421;18824;16582
7;M1_cued_target;Stopped;860544;-3985;-5421;18824;16582
7;M1_cued_target;Stopped;860557;-3985;-5421;18824;16582
7;M1_cued_target;Stopped;860571;-3985;-5421;18824;16582
7;M1_cued_target;End;875364;-3985;-5421;18824;16582
8;L2_hidden_target;Begin;875364;7000;-7000;0;0
8;L2_hidden_target;Stopped;898623;-4060;-6704;11601;11063
8;L2_hidden_target;Stopped;898636;-4060;-6704;11601;11063
8;L2_hidden_target;Stopped;898651;-4060;-6704;11601;11063
8;L2_hidden_target;Stopped;898663;-4060;-6704;11601;11063
8;L2_hidden_target;Stopped;898676;-4060;-6704;11601;11063
8;L2_hidden_target;Stopped;898694;-4060;-6704;11601;11063
8;L2_hidden_target;Stopped;898706;-4060;-6704;11601;11063
8;L2_hidden_target;Stopped;898719;-4060;-6704;11601;11063
8;L2_hidden_target;Stopped;898734;-4060;-6704;11601;11063
8;L2_hidden_target;Stopped;898744;-4060;-6704;11601;11063
8;L2_hidden_target;Stopped;898758;-4060;-6704;11601;11063
8;L2_hidden_target;Stopped;898770;-4060;-6704;11601;11063
8;L2_hidden_target;Stopped;898783;-4060;-6704;11601;11063
8;L2_hidden_target;Stopped;898797;-4060;-6704;11601;11063
8;L2_hidden_target;Stopped;898810;-4060;-6704;11601;11063
8;L2_hidden_target;Stopped;898823;-4060;-6704;11601;11063
8;L2_hidden_target;Stopped;898837;-4060;-6704;11601;11063
8;L2_hidden_target;Stopped;898850;-4060;-6704;11601;11063
8;L2_hidden_target;Stopped;898863;-4060;-6704;11601;11063
8;L2_hidden_target;End;913649;-4060;-6704;11601;11063
9;M3_cued_target;Begin;913649;-7000;7000;0;0
9;M3_cued_target;Stopped;986298;-4315;-5419;13742;12705
9;M3_cued_target;Stopped;986311;-4315;-5419;13742;12705
9;M3_cued_target;Stopped;986324;-4315;-5419;13742;12705
9;M3_cued_target;Stopped;986338;-4315;-5419;13742;12705
9;M3_cued_target;Stopped;986351;-4315;-5419;13742;12705
9;M3_cued_target;Stopped;986364;-4315;-5419;13742;12705
9;M3_cued_target;Stopped;986378;-4315;-5419;13742;12705
9;M3_cued_target;Stopped;986391;-4315;-5419;13742;12705
9;M3_cued_target;Stopped;986404;-4315;-5419;13742;12705
9;M3_cued_target;Stopped;986418;-4315;-5419;13742;12705
9;M3_cued_target;Stopped;986431;-4315;-5419;13742;12705
9;M3_cued_target;Stopped;986444;-4315;-5419;13742;12705
9;M3_cued_target;Stopped;986458;-4315;-5419;13742;12705
9;M3_cued_target;Stopped;986471;-4315;-5419;13742;12705
9;M3_cued_target;Stopped;986484;-4315;-5419;13742;12705
9;M3_cued_target;Stopped;986524;-4315;-5419;13742;12705
9;M3_cued_target;Stopped;986538;-4315;-5419;13742;12705
9;M3_cued_target;Stopped;986551;-4315;-5419;13742;12705
9;M3_cued_target;End;1001319;-4315;-5419;13742;12705
10;L2_hidden_target;Begin;1001319;7000;-7000;0;0
10;L2_hidden_target;Stopped;1022006;-3680;-6296;11058;10703
10;L2_hidden_target;Stopped;1022020;-3680;-6296;11058;10703
10;L2_hidden_target;Stopped;1022033;-3680;-6296;11058;10703
10;L2_hidden_target;Stopped;1022046;-3680;-6296;11058;10703
10;L2_hidden_target;Stopped;1022061;-3680;-6296;11058;10703
10;L2_hidden_target;Stopped;1022073;-3680;-6296;11058;10703
10;L2_hidden_target;Stopped;1022087;-3680;-6296;11058;10703
10;L2_hidden_target;Stopped;1022101;-3680;-6296;11058;10703
10;L2_hidden_target;Stopped;1022117;-3680;-6296;11058;10703
10;L2_hidden_target;Stopped;1022127;-3680;-6296;11058;10703
10;L2_hidden_target;Stopped;1022140;-3680;-6296;11058;10703
10;L2_hidden_target;Stopped;1022153;-3680;-6296;11058;10703
10;L2_hidden_target;Stopped;1022166;-3680;-6296;11058;10703
10;L2_hidden_target;Stopped;1022182;-3680;-6296;11058;10703
10;L2_hidden_target;Stopped;1022193;-3680;-6296;11058;10703
10;L2_hidden_target;Stopped;1022206;-3680;-6296;11058;10703
10;L2_hidden_target;Stopped;1022219;-3680;-6296;11058;10703
10;L2_hidden_target;Stopped;1022232;-3680;-6296;11058;10703
10;L2_hidden_target;Stopped;1022246;-3680;-6296;11058;10703
10;L2_hidden_target;Stopped;1022259;-3680;-6296;11058;10703
10;L2_hidden_target;End;1037028;-3680;-6296;11058;10703
11;M2_cued_target;Begin;1037028;6999;-7000;0;0
11;M2_cued_target;Stopped;1098857;-3683;-6082;12041;10722
11;M2_cued_target;Stopped;1098871;-3683;-6082;12041;10722
11;M2_cued_target;Stopped;1098884;-3683;-6082;12041;10722
11;M2_cued_target;Stopped;1098897;-3683;-6082;12041;10722
11;M2_cued_target;Stopped;1098911;-3683;-6082;12041;10722
11;M2_cued_target;Stopped;1098924;-3683;-6082;12041;10722
11;M2_cued_target;Stopped;1098937;-3683;-6082;12041;10722
11;M2_cued_target;Stopped;1098951;-3683;-6082;12041;10722
11;M2_cued_target;Stopped;1098964;-3683;-6082;12041;10722
11;M2_cued_target;Stopped;1098977;-3683;-6082;12041;10722
11;M2_cued_target;Stopped;1098991;-3683;-6082;12041;10722
11;M2_cued_target;Stopped;1099004;-3683;-6082;12041;10722
11;M2_cued_target;Stopped;1099017;-3683;-6082;12041;10722
11;M2_cued_target;End;1113878;-3683;-6082;12041;10722
12;L2_hidden_target;Begin;1113878;7000;-7000;0;0
12;L2_hidden_target;Stopped;1134739;-3680;-6500;11059;10692
12;L2_hidden_target;Stopped;1134751;-3680;-6500;11059;10692
12;L2_hidden_target;Stopped;1134765;-3680;-6500;11059;10692
12;L2_hidden_target;Stopped;1134779;-3680;-6500;11059;10692
12;L2_hidden_target;Stopped;1134791;-3680;-6500;11059;10692
12;L2_hidden_target;Stopped;1134805;-3680;-6500;11059;10692
12;L2_hidden_target;Stopped;1134823;-3680;-6500;11059;10692
12;L2_hidden_target;Stopped;1134835;-3680;-6500;11059;10692
12;L2_hidden_target;Stopped;1134847;-3680;-6500;11059;10692
12;L2_hidden_target;Stopped;1134860;-3680;-6500;11059;10692
12;L2_hidden_target;Stopped;1134872;-3680;-6500;11059;10692
12;L2_hidden_target;End;1149759;-3680;-6500;11059;10692
13;M3_cued_target;Begin;1149759;-7000;7000;0;0
13;M3_cued_target;Stopped;1214936;-4356;-5418;13570;12696
13;M3_cued_target;Stopped;1214949;-4356;-5418;13570;12696
13;M3_cued_target;Stopped;1214962;-4356;-5418;13570;12696
13;M3_cued_target;Stopped;1214976;-4356;-5418;13570;12696
13;M3_cued_target;Stopped;1214989;-4356;-5418;13570;12696
13;M3_cued_target;Stopped;1215002;-4356;-5418;13570;12696
13;M3_cued_target;Stopped;1215016;-4356;-5418;13570;12696
13;M3_cued_target;Stopped;1215029;-4356;-5418;13570;12696
13;M3_cued_target;Stopped;1215042;-4356;-5418;13570;12696
13;M3_cued_target;Stopped;1215056;-4356;-5418;13570;12696
13;M3_cued_target;Stopped;1215073;-4356;-5418;13570;12696
13;M3_cued_target;Stopped;1215086;-4356;-5418;13570;12696
13;M3_cued_target;Stopped;1215100;-4356;-5418;13570;12696
13;M3_cued_target;Stopped;1215113;-4356;-5418;13570;12696
13;M3_cued_target;Stopped;1215122;-4356;-5418;13570;12696
13;M3_cued_target;Stopped;1215136;-4356;-5418;13570;12696
13;M3_cued_target;Stopped;1215149;-4356;-5418;13570;12696
13;M3_cued_target;Stopped;1215162;-4356;-5418;13570;12696
13;M3_cued_target;Stopped;1215176;-4356;-5418;13570;12696
13;M3_cued_target;End;1229957;-4356;-5418;13570;12696
14;L2_hidden_target;Begin;1229957;7000;-7000;0;0
14;L2_hidden_target;Stopped;1249443;-3680;-6364;10884;10699
14;L2_hidden_target;Stopped;1249457;-3680;-6364;10884;10699
14;L2_hidden_target;Stopped;1249470;-3680;-6364;10884;10699
14;L2_hidden_target;Stopped;1249483;-3680;-6364;10884;10699
14;L2_hidden_target;Stopped;1249523;-3680;-6364;10884;10699
14;L2_hidden_target;Stopped;1249537;-3680;-6364;10884;10699
14;L2_hidden_target;Stopped;1249550;-3680;-6364;10884;10699
14;L2_hidden_target;Stopped;1249563;-3680;-6364;10884;10699
14;L2_hidden_target;Stopped;1249577;-3680;-6364;10884;10699
14;L2_hidden_target;Stopped;1249590;-3680;-6364;10884;10699
14;L2_hidden_target;Stopped;1249603;-3680;-6364;10884;10699
14;L2_hidden_target;Stopped;1249617;-3680;-6364;10884;10699
14;L2_hidden_target;Stopped;1249630;-3680;-6364;10884;10699
14;L2_hidden_target;Stopped;1249643;-3680;-6364;10884;10699
14;L2_hidden_target;Stopped;1249657;-3680;-6364;10884;10699
14;L2_hidden_target;Stopped;1249670;-3680;-6364;10884;10699
14;L2_hidden_target;End;1264465;-3680;-6364;10884;10699
15;M1_cued_target;Begin;1264465;7000;7000;0;0
15;M1_cued_target;Stopped;1349233;-3786;-5422;18037;16451
15;M1_cued_target;Stopped;1349247;-3786;-5422;18037;16451
15;M1_cued_target;Stopped;1349260;-3786;-5422;18037;16451
15;M1_cued_target;Stopped;1349274;-3786;-5422;18037;16451
15;M1_cued_target;Stopped;1349287;-3786;-5422;18037;16451
15;M1_cued_target;Stopped;1349300;-3786;-5422;18037;16451
15;M1_cued_target;Stopped;1349314;-3786;-5422;18037;16451
15;M1_cued_target;Stopped;1349327;-3786;-5422;18037;16451
15;M1_cued_target;Stopped;1349340;-3786;-5422;18037;16451
15;M1_cued_target;Stopped;1349354;-3786;-5422;18037;16451
15;M1_cued_target;Stopped;1349367;-3786;-5422;18037;16451
15;M1_cued_target;Stopped;1349380;-3786;-5422;18037;16451
15;M1_cued_target;Stopped;1349394;-3786;-5422;18037;16451
15;M1_cued_target;Stopped;1349407;-3786;-5422;18037;16451
15;M1_cued_target;Stopped;1349420;-3786;-5422;18037;16451
15;M1_cued_target;Stopped;1349434;-3786;-5422;18037;16451
15;M1_cued_target;Stopped;1349447;-3786;-5422;18037;16451
15;M1_cued_target;Stopped;1349460;-3786;-5422;18037;16451
15;M1_cued_target;End;1364255;-3786;-5422;18037;16451
16;L2_hidden_target;Begin;1364255;7000;-7000;0;0
16;L2_hidden_target;Stopped;1384583;-3682;-6002;11066;10728
16;L2_hidden_target;Stopped;1384596;-3682;-6002;11066;10728
16;L2_hidden_target;Stopped;1384610;-3682;-6002;11066;10728
16;L2_hidden_target;Stopped;1384623;-3682;-6002;11066;10728
16;L2_hidden_target;Stopped;1384637;-3682;-6002;11066;10728
16;L2_hidden_target;Stopped;1384650;-3682;-6002;11066;10728
16;L2_hidden_target;Stopped;1384663;-3682;-6002;11066;10728
16;L2_hidden_target;Stopped;1384677;-3682;-6002;11066;10728
16;L2_hidden_target;Stopped;1384690;-3682;-6002;11066;10728
16;L2_hidden_target;Stopped;1384703;-3682;-6002;11066;10728
16;L2_hidden_target;Stopped;1384717;-3682;-6002;11066;10728
16;L2_hidden_target;Stopped;1384730;-3682;-6002;11066;10728
16;L2_hidden_target;Stopped;1384743;-3682;-6002;11066;10728
16;L2_hidden_target;Stopped;1384757;-3682;-6002;11066;10728
16;L2_hidden_target;Stopped;1384770;-3682;-6002;11066;10728
16;L2_hidden_target;Stopped;1384783;-3682;-6002;11066;10728
16;L2_hidden_target;End;1399603;-3682;-6002;11066;10728
16;L2_hidden_target;Begin;1399603;-3682;-6002;11066;10728
