1;M3_cued_target;Stopped;267320;-4158;-5418;49457;12739
1;M3_cued_target;Stopped;267333;-4158;-5418;49457;12739
1;M3_cued_target;Stopped;267350;-4158;-5418;49457;12739
1;M3_cued_target;Stopped;267367;-4158;-5418;49457;12739
1;M3_cued_target;Stopped;267387;-4158;-5418;49457;12739
1;M3_cued_target;Stopped;267401;-4158;-5418;49457;12739
1;M3_cued_target;Stopped;267418;-4158;-5418;49457;12739
1;M3_cued_target;Stopped;267433;-4158;-5418;49457;12739
1;M3_cued_target;Stopped;267450;-4158;-5418;49457;12739
1;M3_cued_target;Stopped;267467;-4158;-5418;49457;12739
1;M3_cued_target;Stopped;267484;-4158;-5418;49457;12739
1;M3_cued_target;Stopped;267500;-4158;-5418;49457;12739
1;M3_cued_target;Stopped;267533;-4158;-5418;49457;12739
1;M3_cued_target;Stopped;267550;-4158;-5418;49457;12739
1;M3_cued_target;Stopped;267567;-4158;-5418;49457;12739
1;M3_cued_target;Stopped;267583;-4158;-5418;49457;12739
1;M3_cued_target;Stopped;267600;-4158;-5418;49457;12739
1;M3_cued_target;End;282350;-4158;-5418;49457;12739
2;L2_hidden_target;Begin;282350;7000;-7000;0;0
2;L2_hidden_target;Stopped;395477;-4916;-5418;39007;12020
2;L2_hidden_target;Stopped;395494;-4916;-5418;39007;12020
2;L2_hidden_target;Stopped;395527;-4916;-5418;39007;12020
2;L2_hidden_target;Stopped;395544;-4916;-5418;39007;12020
2;L2_hidden_target;Stopped;395561;-4916;-5418;39007;12020
2;L2_hidden_target;Stopped;395582;-4916;-5418;39007;12020
2;L2_hidden_target;Stopped;395598;-4916;-5418;39007;12020
2;L2_hidden_target;Stopped;395611;-4916;-5418;39007;12020
2;L2_hidden_target;Stopped;395627;-4916;-5418;39007;12020
2;L2_hidden_target;Stopped;395644;-4916;-5418;39007;12020
2;L2_hidden_target;Stopped;395661;-4916;-5418;39007;12020
2;L2_hidden_target;Stopped;395678;-4916;-5418;39007;12020
2;L2_hidden_target;Stopped;395694;-4916;-5418;39007;12020
2;L2_hidden_target;Stopped;395711;-4916;-5418;39007;12020
2;L2_hidden_target;Stopped;395731;-4916;-5418;39007;12020
2;L2_hidden_target;Stopped;395748;-4916;-5418;39007;12020
2;L2_hidden_target;Stopped;395761;-4916;-5418;39007;12020
2;L2_hidden_target;Stopped;395777;-4916;-5418;39007;12020
2;L2_hidden_target;Stopped;395794;-4916;-5418;39007;12020
2;L2_hidden_target;End;410507;-4916;-5418;39007;12020
3;M1_cued_target;Begin;410507;7000;7000;0;0
3;M1_cued_target;Stopped;532801;-4249;-5418;22249;16756
3;M1_cued_target;Stopped;532817;-4249;-5418;22249;16756
3;M1_cued_target;Stopped;532834;-4249;-5418;22249;16756
3;M1_cued_target;Stopped;532851;-4249;-5418;22249;16756
3;M1_cued_target;Stopped;532867;-4249;-5418;22249;16756
3;M1_cued_target;Stopped;532884;-4249;-5418;22249;16756
3;M1_cued_target;Stopped;532901;-4249;-5418;22249;16756
3;M1_cued_target;Stopped;532917;-4249;-5418;22249;16756
3;M1_cued_target;Stopped;532934;-4249;-5418;22249;16756
3;M1_cued_target;Stopped;532951;-4249;-5418;22249;16756
3;M1_cued_target;Stopped;532968;-4249;-5418;22249;16756
3;M1_cued_target;Stopped;532984;-4249;-5418;22249;16756
3;M1_cued_target;Stopped;533001;-4249;-5418;22249;16756
3;M1_cued_target;End;547829;-4249;-5418;22249;16756
4;L2_hidden_target;Begin;547829;7000;-7000;0;0
4;L2_hidden_target;Stopped;626440;-3941;-5421;37225;11054
4;L2_hidden_target;Stopped;626456;-3941;-5421;37225;11054
4;L2_hidden_target;Stopped;626473;-3941;-5421;37225;11054
4;L2_hidden_target;Stopped;626490;-3941;-5421;37225;11054
4;L2_hidden_target;Stopped;626523;-3941;-5421;37225;11054
4;L2_hidden_target;Stopped;626540;-3941;-5421;37225;11054
4;L2_hidden_target;Stopped;626556;-3941;-5421;37225;11054
4;L2_hidden_target;Stopped;626573;-3941;-5421;37225;11054
4;L2_hidden_target;Stopped;626590;-3941;-5421;37225;11054
4;L2_hidden_target;Stopped;626606;-3941;-5421;37225;11054
4;L2_hidden_target;Stopped;626623;-3941;-5421;37225;11054
4;L2_hidden_target;Stopped;626644;-3941;-5421;37225;11054
4;L2_hidden_target;Stopped;626661;-3941;-5421;37225;11054
4;L2_hidden_target;Stopped;626674;-3941;-5421;37225;11054
4;L2_hidden_target;Stopped;626694;-3941;-5421;37225;11054
4;L2_hidden_target;End;641468;-3941;-5421;37225;11054
5;M2_cued_target;Begin;641468;7000;-7000;0;0
5;M2_cued_target;Stopped;710533;-3682;-5845;14573;10745
5;M2_cued_target;Stopped;710546;-3682;-5845;14573;10745
5;M2_cued_target;Stopped;710563;-3682;-5845;14573;10745
5;M2_cued_target;Stopped;710579;-3682;-5845;14573;10745
5;M2_cued_target;Stopped;710596;-3682;-5845;14573;10745
5;M2_cued_target;Stopped;710613;-3682;-5845;14573;10745
5;M2_cued_target;Stopped;710629;-3682;-5845;14573;10745
5;M2_cued_target;Stopped;710646;-3682;-5845;14573;10745
5;M2_cued_target;Stopped;710663;-3682;-5845;14573;10745
5;M2_cued_target;Stopped;710679;-3682;-5845;14573;10745
5;M2_cued_target;Stopped;710696;-3682;-5845;14573;10745
5;M2_cued_target;Stopped;710713;-3682;-5845;14573;10745
5;M2_cued_target;Stopped;710729;-3682;-5845;14573;10745
5;M2_cued_target;Stopped;710746;-3682;-5845;14573;10745
5;M2_cued_target;Stopped;710763;-3682;-5845;14573;10745
5;M2_cued_target;End;725558;-3682;-5845;14573;10745
6;L2_hidden_target;Begin;725558;7000;-7000;0;0
6;L2_hidden_target;Stopped;788856;-4821;-5418;20982;11926
6;L2_hidden_target;Stopped;788873;-4821;-5418;20982;11926
6;L2_hidden_target;Stopped;788893;-4821;-5418;20982;11926
6;L2_hidden_target;Stopped;788906;-4821;-5418;20982;11926
6;L2_hidden_target;Stopped;788923;-4821;-5418;20982;11926
6;L2_hidden_target;Stopped;788940;-4821;-5418;20982;11926
6;L2_hidden_target;Stopped;788960;-4821;-5418;20982;11926
6;L2_hidden_target;Stopped;788973;-4821;-5418;20982;11926
6;L2_hidden_target;Stopped;788990;-4821;-5418;20982;11926
6;L2_hidden_target;Stopped;789006;-4821;-5418;20982;11926
6;L2_hidden_target;Stopped;789023;-4821;-5418;20982;11926
6;L2_hidden_target;Stopped;789039;-4821;-5418;20982;11926
6;L2_hidden_target;Stopped;789057;-4821;-5418;20982;11926
6;L2_hidden_target;Stopped;789073;-4821;-5418;20982;11926
6;L2_hidden_target;End;803885;-4821;-5418;20982;11926
7;M1_cued_target;Begin;803885;6999;7000;0;0
7;M1_cued_target;Stopped;971831;-4318;-5419;37907;16802
7;M1_cued_target;Stopped;971848;-4318;-5419;37907;16802
7;M1_cued_target;Stopped;971864;-4318;-5419;37907;16802
7;M1_cued_target;Stopped;971881;-4318;-5419;37907;16802
7;M1_cued_target;Stopped;971897;-4318;-5419;37907;16802
7;M1_cued_target;Stopped;971914;-4318;-5419;37907;16802
7;M1_cued_target;Stopped;971931;-4318;-5419;37907;16802
7;M1_cued_target;Stopped;971947;-4318;-5419;37907;16802
7;M1_cued_target;Stopped;971964;-4318;-5419;37907;16802
7;M1_cued_target;Stopped;971981;-4318;-5419;37907;16802
7;M1_cued_target;Stopped;971997;-4318;-5419;37907;16802
7;M1_cued_target;Stopped;972015;-4318;-5419;37907;16802
7;M1_cued_target;Stopped;972031;-4318;-5419;37907;16802
7;M1_cued_target;Stopped;972047;-4318;-5419;37907;16802
7;M1_cued_target;Stopped;972064;-4318;-5419;37907;16802
7;M1_cued_target;Stopped;972081;-4318;-5419;37907;16802
7;M1_cued_target;Stopped;972097;-4318;-5419;37907;16802
7;M1_cued_target;Stopped;972114;-4318;-5419;37907;16802
7;M1_cued_target;Stopped;972131;-4318;-5419;37907;16802
7;M1_cued_target;Stopped;972147;-4318;-5419;37907;16802
7;M1_cued_target;End;986860;-4318;-5419;37907;16802
8;L2_hidden_target;Begin;986860;7000;-7000;0;0
8;L2_hidden_target;Stopped;1070684;-4745;-5416;36131;11852
8;L2_hidden_target;Stopped;1070701;-4745;-5416;36131;11852
8;L2_hidden_target;Stopped;1070718;-4745;-5416;36131;11852
8;L2_hidden_target;Stopped;1070734;-4745;-5416;36131;11852
8;L2_hidden_target;Stopped;1070751;-4745;-5416;36131;11852
8;L2_hidden_target;Stopped;1070768;-4745;-5416;36131;11852
8;L2_hidden_target;Stopped;1070784;-4745;-5416;36131;11852
8;L2_hidden_target;Stopped;1070801;-4745;-5416;36131;11852
8;L2_hidden_target;Stopped;1070818;-4745;-5416;36131;11852
8;L2_hidden_target;Stopped;1070838;-4745;-5416;36131;11852
8;L2_hidden_target;Stopped;1070851;-4745;-5416;36131;11852
8;L2_hidden_target;Stopped;1070868;-4745;-5416;36131;11852
8;L2_hidden_target;Stopped;1070884;-4745;-5416;36131;11852
8;L2_hidden_target;End;1085713;-4745;-5416;36131;11852
9;M3_cued_target;Begin;1085713;-7000;6999;0;0
9;M3_cued_target;Stopped;1165042;-4587;-5418;16294;12650
9;M3_cued_target;Stopped;1165058;-4587;-5418;16294;12650
9;M3_cued_target;Stopped;1165072;-4587;-5418;16294;12650
9;M3_cued_target;Stopped;1165088;-4587;-5418;16294;12650
9;M3_cued_target;Stopped;1165105;-4587;-5418;16294;12650
9;M3_cued_target;Stopped;1165121;-4587;-5418;16294;12650
9;M3_cued_target;Stopped;1165138;-4587;-5418;16294;12650
9;M3_cued_target;Stopped;1165155;-4587;-5418;16294;12650
9;M3_cued_target;Stopped;1165171;-4587;-5418;16294;12650
9;M3_cued_target;Stopped;1165188;-4587;-5418;16294;12650
9;M3_cued_target;Stopped;1165205;-4587;-5418;16294;12650
9;M3_cued_target;Stopped;1165221;-4587;-5418;16294;12650
9;M3_cued_target;Stopped;1165238;-4587;-5418;16294;12650
9;M3_cued_target;Stopped;1165254;-4587;-5418;16294;12650
9;M3_cued_target;Stopped;1165271;-4587;-5418;16294;12650
9;M3_cued_target;End;1180065;-4587;-5418;16294;12650
10;L2_hidden_target;Begin;1180065;7000;-7000;0;0
10;L2_hidden_target;Stopped;1239631;-4971;-5930;26855;12019
10;L2_hidden_target;Stopped;1239648;-4971;-5930;26855;12019
10;L2_hidden_target;Stopped;1239665;-4971;-5930;26855;12019
10;L2_hidden_target;Stopped;1239682;-4971;-5930;26855;12019
10;L2_hidden_target;Stopped;1239698;-4971;-5930;26855;12019
10;L2_hidden_target;Stopped;1239715;-4971;-5930;26855;12019
10;L2_hidden_target;Stopped;1239731;-4971;-5930;26855;12019
10;L2_hidden_target;Stopped;1239748;-4971;-5930;26855;12019
10;L2_hidden_target;Stopped;1239765;-4971;-5930;26855;12019
10;L2_hidden_target;Stopped;1239782;-4971;-5930;26855;12019
10;L2_hidden_target;Stopped;1239799;-4971;-5930;26855;12019
10;L2_hidden_target;Stopped;1239816;-4971;-5930;26855;12019
10;L2_hidden_target;Stopped;1239832;-4971;-5930;26855;12019
10;L2_hidden_target;Stopped;1239849;-4971;-5930;26855;12019
10;L2_hidden_target;Stopped;1239866;-4971;-5930;26855;12019
10;L2_hidden_target;End;1254661;-4971;-5930;26855;12019
11;M2_cued_target;Begin;1254661;7000;-7000;0;0
11;M2_cued_target;Stopped;1326420;-3683;-5881;15008;10741
11;M2_cued_target;Stopped;1326437;-3683;-5881;15008;10741
11;M2_cued_target;Stopped;1326454;-3683;-5881;15008;10741
11;M2_cued_target;Stopped;1326470;-3683;-5881;15008;10741
11;M2_cued_target;Stopped;1326487;-3683;-5881;15008;10741
11;M2_cued_target;Stopped;1326520;-3683;-5881;15008;10741
11;M2_cued_target;Stopped;1326537;-3683;-5881;15008;10741
11;M2_cued_target;Stopped;1326554;-3683;-5881;15008;10741
11;M2_cued_target;Stopped;1326570;-3683;-5881;15008;10741
11;M2_cued_target;Stopped;1326587;-3683;-5881;15008;10741
11;M2_cued_target;Stopped;1326603;-3683;-5881;15008;10741
11;M2_cued_target;Stopped;1326620;-3683;-5881;15008;10741
11;M2_cued_target;Stopped;1326637;-3683;-5881;15008;10741
11;M2_cued_target;Stopped;1326653;-3683;-5881;15008;10741
11;M2_cued_target;End;1341449;-3683;-5881;15008;10741
12;L2_hidden_target;Begin;1341449;7000;-7000;0;0
12;L2_hidden_target;Stopped;1392317;-4971;-5936;25703;12018
12;L2_hidden_target;Stopped;1392338;-4971;-5936;25703;12018
12;L2_hidden_target;Stopped;1392355;-4971;-5936;25703;12018
12;L2_hidden_target;Stopped;1392372;-4971;-5936;25703;12018
12;L2_hidden_target;Stopped;1392384;-4971;-5936;25703;12018
12;L2_hidden_target;Stopped;1392401;-4971;-5936;25703;12018
12;L2_hidden_target;Stopped;1392417;-4971;-5936;25703;12018
12;L2_hidden_target;Stopped;1392434;-4971;-5936;25703;12018
12;L2_hidden_target;Stopped;1392450;-4971;-5936;25703;12018
12;L2_hidden_target;Stopped;1392467;-4971;-5936;25703;12018
12;L2_hidden_target;Stopped;1392488;-4971;-5936;25703;12018
12;L2_hidden_target;End;1407346;-4971;-5936;25703;12018
13;M3_cued_target;Begin;1407346;-7000;7000;0;0
13;M3_cued_target;Stopped;1481022;-4706;-5417;14059;12627
13;M3_cued_target;Stopped;1481039;-4706;-5417;14059;12627
13;M3_cued_target;Stopped;1481055;-4706;-5417;14059;12627
13;M3_cued_target;Stopped;1481072;-4706;-5417;14059;12627
13;M3_cued_target;Stopped;1481089;-4706;-5417;14059;12627
13;M3_cued_target;Stopped;1481105;-4706;-5417;14059;12627
13;M3_cued_target;Stopped;1481122;-4706;-5417;14059;12627
13;M3_cued_target;Stopped;1481139;-4706;-5417;14059;12627
13;M3_cued_target;Stopped;1481155;-4706;-5417;14059;12627
13;M3_cued_target;Stopped;1481172;-4706;-5417;14059;12627
13;M3_cued_target;Stopped;1481189;-4706;-5417;14059;12627
13;M3_cued_target;Stopped;1481205;-4706;-5417;14059;12627
13;M3_cued_target;Stopped;1481222;-4706;-5417;14059;12627
13;M3_cued_target;Stopped;1481239;-4706;-5417;14059;12627
13;M3_cued_target;Stopped;1481255;-4706;-5417;14059;12627
13;M3_cued_target;End;1496051;-4706;-5417;14059;12627
14;L2_hidden_target;Begin;1496051;7000;-7000;0;0
14;L2_hidden_target;Stopped;1574581;-3682;-6066;24933;10722
14;L2_hidden_target;Stopped;1574597;-3682;-6066;24933;10722
14;L2_hidden_target;Stopped;1574613;-3682;-6066;24933;10722
14;L2_hidden_target;Stopped;1574628;-3682;-6066;24933;10722
14;L2_hidden_target;Stopped;1574645;-3682;-6066;24933;10722
14;L2_hidden_target;Stopped;1574664;-3682;-6066;24933;10722
14;L2_hidden_target;Stopped;1574681;-3682;-6066;24933;10722
14;L2_hidden_target;Stopped;1574699;-3682;-6066;24933;10722
14;L2_hidden_target;Stopped;1574714;-3682;-6066;24933;10722
14;L2_hidden_target;Stopped;1574729;-3682;-6066;24933;10722
14;L2_hidden_target;End;1589607;-3682;-6066;24933;10722
15;M1_cued_target;Begin;1589607;7000;7000;0;0
15;M1_cued_target;Stopped;1793791;-3942;-5423;44078;16555
15;M1_cued_target;Stopped;1793812;-3942;-5423;44078;16555
15;M1_cued_target;Stopped;1793829;-3942;-5423;44078;16555
15;M1_cued_target;Stopped;1793845;-3942;-5423;44078;16555
15;M1_cued_target;Stopped;1793862;-3942;-5423;44078;16555
15;M1_cued_target;Stopped;1793875;-3942;-5423;44078;16555
15;M1_cued_target;Stopped;1793892;-3942;-5423;44078;16555
15;M1_cued_target;Stopped;1793908;-3942;-5423;44078;16555
15;M1_cued_target;Stopped;1793925;-3942;-5423;44078;16555
15;M1_cued_target;Stopped;1793942;-3942;-5423;44078;16555
15;M1_cued_target;Stopped;1793962;-3942;-5423;44078;16555
15;M1_cued_target;Stopped;1793979;-3942;-5423;44078;16555
15;M1_cued_target;Stopped;1793991;-3942;-5423;44078;16555
15;M1_cued_target;End;1808820;-3942;-5423;44078;16555
16;L2_hidden_target;Begin;1808820;7000;-7000;0;0
16;L2_hidden_target;Stopped;1875533;-4719;-5415;19213;11826
16;L2_hidden_target;Stopped;1875550;-4719;-5415;19213;11826
16;L2_hidden_target;Stopped;1875571;-4719;-5415;19213;11826
16;L2_hidden_target;Stopped;1875584;-4719;-5415;19213;11826
16;L2_hidden_target;Stopped;1875600;-4719;-5415;19213;11826
16;L2_hidden_target;Stopped;1875617;-4719;-5415;19213;11826
16;L2_hidden_target;Stopped;1875633;-4719;-5415;19213;11826
16;L2_hidden_target;Stopped;1875650;-4719;-5415;19213;11826
16;L2_hidden_target;Stopped;1875667;-4719;-5415;19213;11826
16;L2_hidden_target;Stopped;1875683;-4719;-5415;19213;11826
16;L2_hidden_target;Stopped;1875700;-4719;-5415;19213;11826
16;L2_hidden_target;End;1890567;-4719;-5415;19213;11826
16;L2_hidden_target;Begin;1890567;-4719;-5415;19213;11826
