1;M3_cued_target;Stopped;73502;-4709;-5416;13761;12626
1;M3_cued_target;Stopped;73535;-4709;-5416;13761;12626
1;M3_cued_target;Stopped;73551;-4709;-5416;13761;12626
1;M3_cued_target;Stopped;73568;-4709;-5416;13761;12626
1;M3_cued_target;Stopped;73585;-4709;-5416;13761;12626
1;M3_cued_target;Stopped;73601;-4709;-5416;13761;12626
1;M3_cued_target;Stopped;73618;-4709;-5416;13761;12626
1;M3_cued_target;Stopped;73639;-4709;-5416;13761;12626
1;M3_cued_target;Stopped;73652;-4709;-5416;13761;12626
1;M3_cued_target;Stopped;73668;-4709;-5416;13761;12626
1;M3_cued_target;Stopped;73685;-4709;-5416;13761;12626
1;M3_cued_target;Stopped;73701;-4709;-5416;13761;12626
1;M3_cued_target;Stopped;73722;-4709;-5416;13761;12626
1;M3_cued_target;Stopped;73736;-4709;-5416;13761;12626
1;M3_cued_target;Stopped;73752;-4709;-5416;13761;12626
1;M3_cued_target;Stopped;73768;-4709;-5416;13761;12626
1;M3_cued_target;End;80816;-4709;-5416;13761;12626
2;L2_hidden_target;Begin;80816;7000;-7000;0;0
2;L2_hidden_target;Stopped;168189;-5034;-5964;47133;12078
2;L2_hidden_target;Stopped;168206;-5034;-5964;47133;12078
2;L2_hidden_target;Stopped;168223;-5034;-5964;47133;12078
2;L2_hidden_target;Stopped;168240;-5034;-5964;47133;12078
2;L2_hidden_target;Stopped;168256;-5034;-5964;47133;12078
2;L2_hidden_target;Stopped;168273;-5034;-5964;47133;12078
2;L2_hidden_target;Stopped;168290;-5034;-5964;47133;12078
2;L2_hidden_target;Stopped;168306;-5034;-5964;47133;12078
2;L2_hidden_target;Stopped;168323;-5034;-5964;47133;12078
2;L2_hidden_target;Stopped;168339;-5034;-5964;47133;12078
2;L2_hidden_target;Stopped;168356;-5034;-5964;47133;12078
2;L2_hidden_target;Stopped;168373;-5034;-5964;47133;12078
2;L2_hidden_target;Stopped;168392;-5034;-5964;47133;12078
2;L2_hidden_target;End;183219;-5034;-5964;47133;12078
3;M1_cued_target;Begin;183219;7000;7000;0;0
3;M1_cued_target;Stopped;280471;-4034;-5422;20006;16615
3;M1_cued_target;Stopped;280491;-4034;-5422;20006;16615
3;M1_cued_target;Stopped;280508;-4034;-5422;20006;16615
3;M1_cued_target;Stopped;280538;-4034;-5422;20006;16615
3;M1_cued_target;Stopped;280554;-4034;-5422;20006;16615
3;M1_cued_target;Stopped;280571;-4034;-5422;20006;16615
3;M1_cued_target;Stopped;280587;-4034;-5422;20006;16615
3;M1_cued_target;Stopped;280604;-4034;-5422;20006;16615
3;M1_cued_target;Stopped;280621;-4034;-5422;20006;16615
3;M1_cued_target;Stopped;280641;-4034;-5422;20006;16615
3;M1_cued_target;Stopped;280658;-4034;-5422;20006;16615
3;M1_cued_target;Stopped;280673;-4034;-5422;20006;16615
3;M1_cued_target;Stopped;280687;-4034;-5422;20006;16615
3;M1_cued_target;Stopped;280704;-4034;-5422;20006;16615
3;M1_cued_target;Stopped;280721;-4034;-5422;20006;16615
3;M1_cued_target;Stopped;280737;-4034;-5422;20006;16615
3;M1_cued_target;Stopped;280754;-4034;-5422;20006;16615
3;M1_cued_target;Stopped;280771;-4034;-5422;20006;16615
3;M1_cued_target;Stopped;280787;-4034;-5422;20006;16615
3;M1_cued_target;End;295500;-4034;-5422;20006;16615
4;L2_hidden_target;Begin;295500;7000;-7000;0;0
4;L2_hidden_target;Stopped;470664;-4208;-5419;63712;11319
4;L2_hidden_target;Stopped;470681;-4208;-5419;63712;11319
4;L2_hidden_target;Stopped;470697;-4208;-5419;63712;11319
4;L2_hidden_target;Stopped;470714;-4208;-5419;63712;11319
4;L2_hidden_target;Stopped;470731;-4208;-5419;63712;11319
4;L2_hidden_target;Stopped;470747;-4208;-5419;63712;11319
4;L2_hidden_target;Stopped;470764;-4208;-5419;63712;11319
4;L2_hidden_target;Stopped;470781;-4208;-5419;63712;11319
4;L2_hidden_target;Stopped;470797;-4208;-5419;63712;11319
4;L2_hidden_target;Stopped;470814;-4208;-5419;63712;11319
4;L2_hidden_target;Stopped;470831;-4208;-5419;63712;11319
4;L2_hidden_target;Stopped;470847;-4208;-5419;63712;11319
4;L2_hidden_target;Stopped;470864;-4208;-5419;63712;11319
4;L2_hidden_target;Stopped;470881;-4208;-5419;63712;11319
4;L2_hidden_target;Stopped;470897;-4208;-5419;63712;11319
4;L2_hidden_target;Stopped;470914;-4208;-5419;63712;11319
4;L2_hidden_target;End;485693;-4208;-5419;63712;11319
5;M2_cued_target;Begin;485693;6999;-7000;0;0
5;M2_cued_target;Stopped;568250;-3683;-6029;11540;10727
5;M2_cued_target;Stopped;568266;-3683;-6029;11540;10727
5;M2_cued_target;Stopped;568283;-3683;-6029;11540;10727
5;M2_cued_target;Stopped;568300;-3683;-6029;11540;10727
5;M2_cued_target;Stopped;568317;-3683;-6029;11540;10727
5;M2_cued_target;Stopped;568333;-3683;-6029;11540;10727
5;M2_cued_target;Stopped;568350;-3683;-6029;11540;10727
5;M2_cued_target;Stopped;568366;-3683;-6029;11540;10727
5;M2_cued_target;Stopped;568383;-3683;-6029;11540;10727
5;M2_cued_target;Stopped;568400;-3683;-6029;11540;10727
5;M2_cued_target;Stopped;568416;-3683;-6029;11540;10727
5;M2_cued_target;Stopped;568433;-3683;-6029;11540;10727
5;M2_cued_target;Stopped;568450;-3683;-6029;11540;10727
5;M2_cued_target;Stopped;568466;-3683;-6029;11540;10727
5;M2_cued_target;Stopped;568483;-3683;-6029;11540;10727
5;M2_cued_target;Stopped;568500;-3683;-6029;11540;10727
5;M2_cued_target;End;583279;-3683;-6029;11540;10727
6;L2_hidden_target;Begin;583279;7000;-7000;0;0
6;L2_hidden_target;Stopped;626183;-4976;-6607;18984;11983
6;L2_hidden_target;Stopped;626200;-4976;-6607;18984;11983
6;L2_hidden_target;Stopped;626217;-4976;-6607;18984;11983
6;L2_hidden_target;Stopped;626233;-4976;-6607;18984;11983
6;L2_hidden_target;Stopped;626251;-4976;-6607;18984;11983
6;L2_hidden_target;Stopped;626267;-4976;-6607;18984;11983
6;L2_hidden_target;Stopped;626283;-4976;-6607;18984;11983
6;L2_hidden_target;Stopped;626300;-4976;-6607;18984;11983
6;L2_hidden_target;Stopped;626317;-4976;-6607;18984;11983
6;L2_hidden_target;Stopped;626333;-4976;-6607;18984;11983
6;L2_hidden_target;Stopped;626351;-4976;-6607;18984;11983
6;L2_hidden_target;Stopped;626367;-4976;-6607;18984;11983
6;L2_hidden_target;Stopped;626383;-4976;-6607;18984;11983
6;L2_hidden_target;Stopped;626401;-4976;-6607;18984;11983
6;L2_hidden_target;Stopped;626417;-4976;-6607;18984;11983
6;L2_hidden_target;Stopped;626433;-4976;-6607;18984;11983
6;L2_hidden_target;Stopped;626450;-4976;-6607;18984;11983
6;L2_hidden_target;Stopped;626471;-4976;-6607;18984;11983
6;L2_hidden_target;Stopped;626484;-4976;-6607;18984;11983
6;L2_hidden_target;Stopped;626501;-4976;-6607;18984;11983
6;L2_hidden_target;End;641212;-4976;-6607;18984;11983
7;M1_cued_target;Begin;641212;7000;7000;0;0
7;M1_cued_target;Stopped;811625;-4146;-5417;31703;16686
7;M1_cued_target;Stopped;811641;-4146;-5417;31703;16686
7;M1_cued_target;Stopped;811658;-4146;-5417;31703;16686
7;M1_cued_target;Stopped;811675;-4146;-5417;31703;16686
7;M1_cued_target;Stopped;811691;-4146;-5417;31703;16686
7;M1_cued_target;Stopped;811708;-4146;-5417;31703;16686
7;M1_cued_target;Stopped;811725;-4146;-5417;31703;16686
7;M1_cued_target;Stopped;811741;-4146;-5417;31703;16686
7;M1_cued_target;Stopped;811758;-4146;-5417;31703;16686
7;M1_cued_target;Stopped;811775;-4146;-5417;31703;16686
7;M1_cued_target;Stopped;811791;-4146;-5417;31703;16686
7;M1_cued_target;Stopped;811808;-4146;-5417;31703;16686
7;M1_cued_target;Stopped;811825;-4146;-5417;31703;16686
7;M1_cued_target;Stopped;811841;-4146;-5417;31703;16686
7;M1_cued_target;Stopped;811858;-4146;-5417;31703;16686
7;M1_cued_target;Stopped;811875;-4146;-5417;31703;16686
7;M1_cued_target;Stopped;811891;-4146;-5417;31703;16686
7;M1_cued_target;Stopped;811908;-4146;-5417;31703;16686
7;M1_cued_target;End;826654;-4146;-5417;31703;16686
8;L2_hidden_target;Begin;826654;7000;-7000;0;0
8;L2_hidden_target;Stopped;876273;-3686;-6674;15050;10691
8;L2_hidden_target;Stopped;876289;-3686;-6674;15050;10691
8;L2_hidden_target;Stopped;876306;-3686;-6674;15050;10691
8;L2_hidden_target;Stopped;876323;-3686;-6674;15050;10691
8;L2_hidden_target;Stopped;876340;-3686;-6674;15050;10691
8;L2_hidden_target;Stopped;876356;-3686;-6674;15050;10691
8;L2_hidden_target;Stopped;876373;-3686;-6674;15050;10691
8;L2_hidden_target;Stopped;876389;-3686;-6674;15050;10691
8;L2_hidden_target;Stopped;876406;-3686;-6674;15050;10691
8;L2_hidden_target;Stopped;876423;-3686;-6674;15050;10691
8;L2_hidden_target;Stopped;876439;-3686;-6674;15050;10691
8;L2_hidden_target;Stopped;876456;-3686;-6674;15050;10691
8;L2_hidden_target;Stopped;876473;-3686;-6674;15050;10691
8;L2_hidden_target;Stopped;876489;-3686;-6674;15050;10691
8;L2_hidden_target;Stopped;876523;-3686;-6674;15050;10691
8;L2_hidden_target;End;891303;-3686;-6674;15050;10691
9;M3_cued_target;Begin;891303;-7000;7000;0;0
9;M3_cued_target;Stopped;967461;-4604;-5418;14040;12647
9;M3_cued_target;Stopped;967478;-4604;-5418;14040;12647
9;M3_cued_target;Stopped;967494;-4604;-5418;14040;12647
9;M3_cued_target;Stopped;967527;-4604;-5418;14040;12647
9;M3_cued_target;Stopped;967548;-4604;-5418;14040;12647
9;M3_cued_target;Stopped;967564;-4604;-5418;14040;12647
9;M3_cued_target;Stopped;967580;-4604;-5418;14040;12647
9;M3_cued_target;Stopped;967594;-4604;-5418;14040;12647
9;M3_cued_target;Stopped;967611;-4604;-5418;14040;12647
9;M3_cued_target;Stopped;967627;-4604;-5418;14040;12647
9;M3_cued_target;Stopped;967644;-4604;-5418;14040;12647
9;M3_cued_target;Stopped;967661;-4604;-5418;14040;12647
9;M3_cued_target;Stopped;967678;-4604;-5418;14040;12647
9;M3_cued_target;Stopped;967694;-4604;-5418;14040;12647
9;M3_cued_target;Stopped;967711;-4604;-5418;14040;12647
9;M3_cued_target;Stopped;967727;-4604;-5418;14040;12647
9;M3_cued_target;Stopped;967744;-4604;-5418;14040;12647
9;M3_cued_target;End;982490;-4604;-5418;14040;12647
10;L2_hidden_target;Begin;982490;7000;-7000;0;0
10;L2_hidden_target;Stopped;1031264;-4863;-5415;23668;11968
10;L2_hidden_target;Stopped;1031276;-4863;-5415;23668;11968
10;L2_hidden_target;Stopped;1031293;-4863;-5415;23668;11968
10;L2_hidden_target;Stopped;1031309;-4863;-5415;23668;11968
10;L2_hidden_target;Stopped;1031326;-4863;-5415;23668;11968
10;L2_hidden_target;Stopped;1031343;-4863;-5415;23668;11968
10;L2_hidden_target;Stopped;1031360;-4863;-5415;23668;11968
10;L2_hidden_target;Stopped;1031376;-4863;-5415;23668;11968
10;L2_hidden_target;Stopped;1031393;-4863;-5415;23668;11968
10;L2_hidden_target;Stopped;1031409;-4863;-5415;23668;11968
10;L2_hidden_target;Stopped;1031426;-4863;-5415;23668;11968
10;L2_hidden_target;Stopped;1031443;-4863;-5415;23668;11968
10;L2_hidden_target;Stopped;1031459;-4863;-5415;23668;11968
10;L2_hidden_target;Stopped;1031476;-4863;-5415;23668;11968
10;L2_hidden_target;Stopped;1031493;-4863;-5415;23668;11968
10;L2_hidden_target;End;1046289;-4863;-5415;23668;11968
11;M2_cued_target;Begin;1046289;6999;-7000;0;0
11;M2_cued_target;Stopped;1114300;-3683;-5871;12740;10742
11;M2_cued_target;Stopped;1114316;-3683;-5871;12740;10742
11;M2_cued_target;Stopped;1114333;-3683;-5871;12740;10742
11;M2_cued_target;Stopped;1114350;-3683;-5871;12740;10742
11;M2_cued_target;Stopped;1114367;-3683;-5871;12740;10742
11;M2_cued_target;Stopped;1114383;-3683;-5871;12740;10742
11;M2_cued_target;Stopped;1114400;-3683;-5871;12740;10742
11;M2_cued_target;Stopped;1114417;-3683;-5871;12740;10742
11;M2_cued_target;Stopped;1114433;-3683;-5871;12740;10742
11;M2_cued_target;Stopped;1114450;-3683;-5871;12740;10742
11;M2_cued_target;Stopped;1114467;-3683;-5871;12740;10742
11;M2_cued_target;Stopped;1114483;-3683;-5871;12740;10742
11;M2_cued_target;Stopped;1114533;-3683;-5871;12740;10742
11;M2_cued_target;Stopped;1114550;-3683;-5871;12740;10742
11;M2_cued_target;Stopped;1114567;-3683;-5871;12740;10742
11;M2_cued_target;Stopped;1114583;-3683;-5871;12740;10742
11;M2_cued_target;Stopped;1114600;-3683;-5871;12740;10742
11;M2_cued_target;End;1129332;-3683;-5871;12740;10742
12;L2_hidden_target;Begin;1129332;7000;-7000;0;0
12;L2_hidden_target;Stopped;1159904;-3682;-5535;11706;10782
12;L2_hidden_target;Stopped;1159925;-3682;-5535;11706;10782
12;L2_hidden_target;Stopped;1159941;-3682;-5535;11706;10782
12;L2_hidden_target;Stopped;1159955;-3682;-5535;11706;10782
12;L2_hidden_target;Stopped;1159971;-3682;-5535;11706;10782
12;L2_hidden_target;Stopped;1159988;-3682;-5535;11706;10782
12;L2_hidden_target;Stopped;1160004;-3682;-5535;11706;10782
12;L2_hidden_target;Stopped;1160021;-3682;-5535;11706;10782
12;L2_hidden_target;Stopped;1160038;-3682;-5535;11706;10782
12;L2_hidden_target;Stopped;1160054;-3682;-5535;11706;10782
12;L2_hidden_target;Stopped;1160071;-3682;-5535;11706;10782
12;L2_hidden_target;Stopped;1160088;-3682;-5535;11706;10782
12;L2_hidden_target;Stopped;1160104;-3682;-5535;11706;10782
12;L2_hidden_target;End;1174933;-3682;-5535;11706;10782
13;M3_cued_target;Begin;1174933;-7000;7000;0;0
13;M3_cued_target;Stopped;1320686;-3785;-5421;25005;12830
13;M3_cued_target;Stopped;1320703;-3785;-5421;25005;12830
13;M3_cued_target;Stopped;1320720;-3785;-5421;25005;12830
13;M3_cued_target;Stopped;1320736;-3785;-5421;25005;12830
13;M3_cued_target;Stopped;1320753;-3785;-5421;25005;12830
13;M3_cued_target;Stopped;1320770;-3785;-5421;25005;12830
13;M3_cued_target;Stopped;1320786;-3785;-5421;25005;12830
13;M3_cued_target;Stopped;1320803;-3785;-5421;25005;12830
13;M3_cued_target;Stopped;1320820;-3785;-5421;25005;12830
13;M3_cued_target;Stopped;1320836;-3785;-5421;25005;12830
13;M3_cued_target;Stopped;1320853;-3785;-5421;25005;12830
13;M3_cued_target;Stopped;1320869;-3785;-5421;25005;12830
13;M3_cued_target;Stopped;1320887;-3785;-5421;25005;12830
13;M3_cued_target;Stopped;1320903;-3785;-5421;25005;12830
13;M3_cued_target;Stopped;1320920;-3785;-5421;25005;12830
13;M3_cued_target;Stopped;1320936;-3785;-5421;25005;12830
13;M3_cued_target;End;1335715;-3785;-5421;25005;12830
14;L2_hidden_target;Begin;1335715;6999;-7000;0;0
14;L2_hidden_target;Stopped;1379238;-4963;-6542;19899;11972
14;L2_hidden_target;Stopped;1379254;-4963;-6542;19899;11972
14;L2_hidden_target;Stopped;1379271;-4963;-6542;19899;11972
14;L2_hidden_target;Stopped;1379289;-4963;-6542;19899;11972
14;L2_hidden_target;Stopped;1379304;-4963;-6542;19899;11972
14;L2_hidden_target;Stopped;1379321;-4963;-6542;19899;11972
14;L2_hidden_target;Stopped;1379338;-4963;-6542;19899;11972
14;L2_hidden_target;Stopped;1379354;-4963;-6542;19899;11972
14;L2_hidden_target;Stopped;1379371;-4963;-6542;19899;11972
14;L2_hidden_target;Stopped;1379387;-4963;-6542;19899;11972
14;L2_hidden_target;Stopped;1379404;-4963;-6542;19899;11972
14;L2_hidden_target;Stopped;1379421;-4963;-6542;19899;11972
14;L2_hidden_target;End;1394266;-4963;-6542;19899;11972
15;M1_cued_target;Begin;1394266;6999;7000;0;0
15;M1_cued_target;Stopped;1511112;-3684;-5562;22259;16492
15;M1_cued_target;Stopped;1511129;-3684;-5562;22259;16492
15;M1_cued_target;Stopped;1511145;-3684;-5562;22259;16492
15;M1_cued_target;Stopped;1511162;-3684;-5562;22259;16492
15;M1_cued_target;Stopped;1511179;-3684;-5562;22259;16492
15;M1_cued_target;Stopped;1511195;-3684;-5562;22259;16492
15;M1_cued_target;Stopped;1511212;-3684;-5562;22259;16492
15;M1_cued_target;Stopped;1511229;-3684;-5562;22259;16492
15;M1_cued_target;Stopped;1511245;-3684;-5562;22259;16492
15;M1_cued_target;Stopped;1511262;-3684;-5562;22259;16492
15;M1_cued_target;Stopped;1511279;-3684;-5562;22259;16492
15;M1_cued_target;Stopped;1511295;-3684;-5562;22259;16492
15;M1_cued_target;Stopped;1511312;-3684;-5562;22259;16492
15;M1_cued_target;Stopped;1511329;-3684;-5562;22259;16492
15;M1_cued_target;Stopped;1511345;-3684;-5562;22259;16492
15;M1_cued_target;Stopped;1511362;-3684;-5562;22259;16492
15;M1_cued_target;Stopped;1511379;-3684;-5562;22259;16492
15;M1_cued_target;Stopped;1511395;-3684;-5562;22259;16492
15;M1_cued_target;Stopped;1511412;-3684;-5562;22259;16492
15;M1_cued_target;Stopped;1511429;-3684;-5562;22259;16492
15;M1_cued_target;End;1526141;-3684;-5562;22259;16492
16;L2_hidden_target;Begin;1526141;7000;-7000;0;0
16;L2_hidden_target;Stopped;1555871;-3683;-5759;11940;10754
16;L2_hidden_target;Stopped;1555887;-3683;-5759;11940;10754
16;L2_hidden_target;Stopped;1555904;-3683;-5759;11940;10754
16;L2_hidden_target;Stopped;1555917;-3683;-5759;11940;10754
16;L2_hidden_target;Stopped;1555933;-3683;-5759;11940;10754
16;L2_hidden_target;Stopped;1555950;-3683;-5759;11940;10754
16;L2_hidden_target;Stopped;1555971;-3683;-5759;11940;10754
16;L2_hidden_target;Stopped;1555988;-3683;-5759;11940;10754
16;L2_hidden_target;Stopped;1556000;-3683;-5759;11940;10754
16;L2_hidden_target;Stopped;1556017;-3683;-5759;11940;10754
16;L2_hidden_target;Stopped;1556033;-3683;-5759;11940;10754
16;L2_hidden_target;Stopped;1556050;-3683;-5759;11940;10754
16;L2_hidden_target;Stopped;1556067;-3683;-5759;11940;10754
16;L2_hidden_target;Stopped;1556084;-3683;-5759;11940;10754
16;L2_hidden_target;Stopped;1556100;-3683;-5759;11940;10754
16;L2_hidden_target;End;1570899;-3683;-5759;11940;10754
16;L2_hidden_target;Begin;1570899;-3683;-5759;11940;10754
