1;M3_cued_target;Stopped;96268;-4571;-5417;14985;12653
1;M3_cued_target;Stopped;96284;-4571;-5417;14985;12653
1;M3_cued_target;Stopped;96301;-4571;-5417;14985;12653
1;M3_cued_target;Stopped;96318;-4571;-5417;14985;12653
1;M3_cued_target;Stopped;96334;-4571;-5417;14985;12653
1;M3_cued_target;Stopped;96351;-4571;-5417;14985;12653
1;M3_cued_target;Stopped;96368;-4571;-5417;14985;12653
1;M3_cued_target;Stopped;96384;-4571;-5417;14985;12653
1;M3_cued_target;Stopped;96401;-4571;-5417;14985;12653
1;M3_cued_target;Stopped;96418;-4571;-5417;14985;12653
1;M3_cued_target;Stopped;96434;-4571;-5417;14985;12653
1;M3_cued_target;Stopped;96451;-4571;-5417;14985;12653
1;M3_cued_target;Stopped;96468;-4571;-5417;14985;12653
1;M3_cued_target;Stopped;96484;-4571;-5417;14985;12653
1;M3_cued_target;Stopped;96501;-4571;-5417;14985;12653
1;M3_cued_target;Stopped;96534;-4571;-5417;14985;12653
1;M3_cued_target;End;100834;-4571;-5417;14985;12653
2;L1_hidden_target;Begin;100834;7000;7000;0;0
2;L1_hidden_target;Stopped;320941;-3851;-5420;29399;16493
2;L1_hidden_target;Stopped;320958;-3851;-5420;29399;16493
2;L1_hidden_target;Stopped;320975;-3851;-5420;29399;16493
2;L1_hidden_target;Stopped;320991;-3851;-5420;29399;16493
2;L1_hidden_target;Stopped;321008;-3851;-5420;29399;16493
2;L1_hidden_target;Stopped;321024;-3851;-5420;29399;16493
2;L1_hidden_target;Stopped;321041;-3851;-5420;29399;16493
2;L1_hidden_target;Stopped;321062;-3851;-5420;29399;16493
2;L1_hidden_target;Stopped;321075;-3851;-5420;29399;16493
2;L1_hidden_target;Stopped;321091;-3851;-5420;29399;16493
2;L1_hidden_target;Stopped;321108;-3851;-5420;29399;16493
2;L1_hidden_target;Stopped;321129;-3851;-5420;29399;16493
2;L1_hidden_target;Stopped;321142;-3851;-5420;29399;16493
2;L1_hidden_target;Stopped;321159;-3851;-5420;29399;16493
2;L1_hidden_target;Stopped;321175;-3851;-5420;29399;16493
2;L1_hidden_target;Stopped;321191;-3851;-5420;29399;16493
2;L1_hidden_target;Stopped;321212;-3851;-5420;29399;16493
2;L1_hidden_target;Stopped;321225;-3851;-5420;29399;16493
2;L1_hidden_target;End;335974;-3851;-5420;29399;16493
3;M1_cued_target;Begin;335974;7000;7000;0;0
3;M1_cued_target;Stopped;537095;-4898;-5422;39369;17201
3;M1_cued_target;Stopped;537112;-4898;-5422;39369;17201
3;M1_cued_target;Stopped;537129;-4898;-5422;39369;17201
3;M1_cued_target;Stopped;537145;-4898;-5422;39369;17201
3;M1_cued_target;Stopped;537162;-4898;-5422;39369;17201
3;M1_cued_target;Stopped;537179;-4898;-5422;39369;17201
3;M1_cued_target;Stopped;537195;-4898;-5422;39369;17201
3;M1_cued_target;Stopped;537212;-4898;-5422;39369;17201
3;M1_cued_target;Stopped;537229;-4898;-5422;39369;17201
3;M1_cued_target;Stopped;537245;-4898;-5422;39369;17201
3;M1_cued_target;Stopped;537262;-4898;-5422;39369;17201
3;M1_cued_target;Stopped;537279;-4898;-5422;39369;17201
3;M1_cued_target;Stopped;537295;-4898;-5422;39369;17201
3;M1_cued_target;Stopped;537312;-4898;-5422;39369;17201
3;M1_cued_target;Stopped;537329;-4898;-5422;39369;17201
3;M1_cued_target;Stopped;537345;-4898;-5422;39369;17201
3;M1_cued_target;Stopped;537362;-4898;-5422;39369;17201
3;M1_cued_target;Stopped;537379;-4898;-5422;39369;17201
3;M1_cued_target;Stopped;537395;-4898;-5422;39369;17201
3;M1_cued_target;Stopped;537412;-4898;-5422;39369;17201
3;M1_cued_target;Stopped;537429;-4898;-5422;39369;17201
3;M1_cued_target;End;552128;-4898;-5422;39369;17201
4;L2_hidden_target;Begin;552128;7000;-7000;0;0
4;L2_hidden_target;Stopped;705654;-3685;-6113;24781;10722
4;L2_hidden_target;Stopped;705673;-3685;-6113;24781;10722
4;L2_hidden_target;Stopped;705689;-3685;-6113;24781;10722
4;L2_hidden_target;Stopped;705706;-3685;-6113;24781;10722
4;L2_hidden_target;Stopped;705723;-3685;-6113;24781;10722
4;L2_hidden_target;Stopped;705739;-3685;-6113;24781;10722
4;L2_hidden_target;Stopped;705756;-3685;-6113;24781;10722
4;L2_hidden_target;Stopped;705771;-3685;-6113;24781;10722
4;L2_hidden_target;Stopped;705788;-3685;-6113;24781;10722
4;L2_hidden_target;Stopped;705804;-3685;-6113;24781;10722
4;L2_hidden_target;Stopped;705821;-3685;-6113;24781;10722
4;L2_hidden_target;Stopped;705838;-3685;-6113;24781;10722
4;L2_hidden_target;Stopped;705854;-3685;-6113;24781;10722
4;L2_hidden_target;Stopped;705871;-3685;-6113;24781;10722
4;L2_hidden_target;End;720671;-3685;-6113;24781;10722
5;M2_cued_target;Begin;720671;7000;-7000;0;0
5;M2_cued_target;Stopped;794299;-3682;-6130;11627;10718
5;M2_cued_target;Stopped;794316;-3682;-6130;11627;10718
5;M2_cued_target;Stopped;794332;-3682;-6130;11627;10718
5;M2_cued_target;Stopped;794350;-3682;-6130;11627;10718
5;M2_cued_target;Stopped;794366;-3682;-6130;11627;10718
5;M2_cued_target;Stopped;794382;-3682;-6130;11627;10718
5;M2_cued_target;Stopped;794399;-3682;-6130;11627;10718
5;M2_cued_target;Stopped;794416;-3682;-6130;11627;10718
5;M2_cued_target;Stopped;794433;-3682;-6130;11627;10718
5;M2_cued_target;Stopped;794453;-3682;-6130;11627;10718
5;M2_cued_target;Stopped;794467;-3682;-6130;11627;10718
5;M2_cued_target;Stopped;794483;-3682;-6130;11627;10718
5;M2_cued_target;Stopped;794517;-3682;-6130;11627;10718
5;M2_cued_target;Stopped;794533;-3682;-6130;11627;10718
5;M2_cued_target;Stopped;794549;-3682;-6130;11627;10718
5;M2_cued_target;End;809331;-3682;-6130;11627;10718
6;L3_hidden_target;Begin;809331;-7000;7000;0;0
6;L3_hidden_target;Stopped;928527;-4969;-5871;21551;13030
6;L3_hidden_target;Stopped;928544;-4969;-5871;21551;13030
6;L3_hidden_target;Stopped;928561;-4969;-5871;21551;13030
6;L3_hidden_target;Stopped;928577;-4969;-5871;21551;13030
6;L3_hidden_target;Stopped;928594;-4969;-5871;21551;13030
6;L3_hidden_target;Stopped;928611;-4969;-5871;21551;13030
6;L3_hidden_target;Stopped;928627;-4969;-5871;21551;13030
6;L3_hidden_target;Stopped;928644;-4969;-5871;21551;13030
6;L3_hidden_target;Stopped;928661;-4969;-5871;21551;13030
6;L3_hidden_target;Stopped;928677;-4969;-5871;21551;13030
6;L3_hidden_target;Stopped;928694;-4969;-5871;21551;13030
6;L3_hidden_target;Stopped;928710;-4969;-5871;21551;13030
6;L3_hidden_target;Stopped;928727;-4969;-5871;21551;13030
6;L3_hidden_target;Stopped;928744;-4969;-5871;21551;13030
6;L3_hidden_target;Stopped;928760;-4969;-5871;21551;13030
6;L3_hidden_target;Stopped;928777;-4969;-5871;21551;13030
6;L3_hidden_target;Stopped;928794;-4969;-5871;21551;13030
6;L3_hidden_target;Stopped;928810;-4969;-5871;21551;13030
6;L3_hidden_target;Stopped;928827;-4969;-5871;21551;13030
6;L3_hidden_target;Stopped;928844;-4969;-5871;21551;13030
6;L3_hidden_target;Stopped;928860;-4969;-5871;21551;13030
6;L3_hidden_target;End;943559;-4969;-5871;21551;13030
7;M1_cued_target;Begin;943559;7000;7000;0;0
7;M1_cued_target;Stopped;1043737;-3682;-5751;21561;16634
7;M1_cued_target;Stopped;1043753;-3682;-5751;21561;16634
7;M1_cued_target;Stopped;1043770;-3682;-5751;21561;16634
7;M1_cued_target;Stopped;1043786;-3682;-5751;21561;16634
7;M1_cued_target;Stopped;1043803;-3682;-5751;21561;16634
7;M1_cued_target;Stopped;1043820;-3682;-5751;21561;16634
7;M1_cued_target;Stopped;1043836;-3682;-5751;21561;16634
7;M1_cued_target;Stopped;1043853;-3682;-5751;21561;16634
7;M1_cued_target;Stopped;1043870;-3682;-5751;21561;16634
7;M1_cued_target;Stopped;1043886;-3682;-5751;21561;16634
7;M1_cued_target;Stopped;1043903;-3682;-5751;21561;16634
7;M1_cued_target;Stopped;1043920;-3682;-5751;21561;16634
7;M1_cued_target;Stopped;1043936;-3682;-5751;21561;16634
7;M1_cued_target;Stopped;1043953;-3682;-5751;21561;16634
7;M1_cued_target;Stopped;1043970;-3682;-5751;21561;16634
7;M1_cued_target;Stopped;1043987;-3682;-5751;21561;16634
7;M1_cued_target;End;1058769;-3682;-5751;21561;16634
8;L2_hidden_target;Begin;1058769;7000;-7000;0;0
8;L2_hidden_target;Stopped;1220196;-3684;-5788;34681;10752
8;L2_hidden_target;Stopped;1220213;-3684;-5788;34681;10752
8;L2_hidden_target;Stopped;1220229;-3684;-5788;34681;10752
8;L2_hidden_target;Stopped;1220246;-3684;-5788;34681;10752
8;L2_hidden_target;Stopped;1220263;-3684;-5788;34681;10752
8;L2_hidden_target;Stopped;1220282;-3684;-5788;34681;10752
8;L2_hidden_target;Stopped;1220297;-3684;-5788;34681;10752
8;L2_hidden_target;Stopped;1220313;-3684;-5788;34681;10752
8;L2_hidden_target;Stopped;1220330;-3684;-5788;34681;10752
8;L2_hidden_target;Stopped;1220347;-3684;-5788;34681;10752
8;L2_hidden_target;Stopped;1220363;-3684;-5788;34681;10752
8;L2_hidden_target;Stopped;1220380;-3684;-5788;34681;10752
8;L2_hidden_target;Stopped;1220397;-3684;-5788;34681;10752
8;L2_hidden_target;End;1235228;-3684;-5788;34681;10752
9;M3_cued_target;Begin;1235228;-7000;7000;0;0
9;M3_cued_target;Stopped;1308207;-4496;-5418;14729;12668
9;M3_cued_target;Stopped;1308224;-4496;-5418;14729;12668
9;M3_cued_target;Stopped;1308240;-4496;-5418;14729;12668
9;M3_cued_target;Stopped;1308257;-4496;-5418;14729;12668
9;M3_cued_target;Stopped;1308274;-4496;-5418;14729;12668
9;M3_cued_target;Stopped;1308290;-4496;-5418;14729;12668
9;M3_cued_target;Stopped;1308307;-4496;-5418;14729;12668
9;M3_cued_target;Stopped;1308324;-4496;-5418;14729;12668
9;M3_cued_target;Stopped;1308340;-4496;-5418;14729;12668
9;M3_cued_target;Stopped;1308357;-4496;-5418;14729;12668
9;M3_cued_target;Stopped;1308374;-4496;-5418;14729;12668
9;M3_cued_target;Stopped;1308390;-4496;-5418;14729;12668
9;M3_cued_target;Stopped;1308407;-4496;-5418;14729;12668
9;M3_cued_target;Stopped;1308424;-4496;-5418;14729;12668
9;M3_cued_target;Stopped;1308441;-4496;-5418;14729;12668
9;M3_cued_target;Stopped;1308457;-4496;-5418;14729;12668
9;M3_cued_target;Stopped;1308474;-4496;-5418;14729;12668
9;M3_cued_target;Stopped;1308507;-4496;-5418;14729;12668
9;M3_cued_target;Stopped;1308524;-4496;-5418;14729;12668
9;M3_cued_target;Stopped;1308540;-4496;-5418;14729;12668
9;M3_cued_target;End;1323239;-4496;-5418;14729;12668
10;L1_hidden_target;Begin;1323239;7000;7000;0;0
10;L1_hidden_target;Stopped;1590744;-3736;-5424;47197;16420
10;L1_hidden_target;Stopped;1590761;-3736;-5424;47197;16420
10;L1_hidden_target;Stopped;1590777;-3736;-5424;47197;16420
10;L1_hidden_target;Stopped;1590794;-3736;-5424;47197;16420
10;L1_hidden_target;Stopped;1590811;-3736;-5424;47197;16420
10;L1_hidden_target;Stopped;1590827;-3736;-5424;47197;16420
10;L1_hidden_target;Stopped;1590844;-3736;-5424;47197;16420
10;L1_hidden_target;Stopped;1590861;-3736;-5424;47197;16420
10;L1_hidden_target;Stopped;1590878;-3736;-5424;47197;16420
10;L1_hidden_target;Stopped;1590895;-3736;-5424;47197;16420
10;L1_hidden_target;Stopped;1590911;-3736;-5424;47197;16420
10;L1_hidden_target;End;1605777;-3736;-5424;47197;16420
11;M2_cued_target;Begin;1605777;7000;-7000;0;0
11;M2_cued_target;Stopped;1689388;-3683;-5883;16021;10741
11;M2_cued_target;Stopped;1689405;-3683;-5883;16021;10741
11;M2_cued_target;Stopped;1689422;-3683;-5883;16021;10741
11;M2_cued_target;Stopped;1689438;-3683;-5883;16021;10741
11;M2_cued_target;Stopped;1689455;-3683;-5883;16021;10741
11;M2_cued_target;Stopped;1689472;-3683;-5883;16021;10741
11;M2_cued_target;Stopped;1689505;-3683;-5883;16021;10741
11;M2_cued_target;Stopped;1689522;-3683;-5883;16021;10741
11;M2_cued_target;Stopped;1689538;-3683;-5883;16021;10741
11;M2_cued_target;Stopped;1689555;-3683;-5883;16021;10741
11;M2_cued_target;Stopped;1689572;-3683;-5883;16021;10741
11;M2_cued_target;Stopped;1689588;-3683;-5883;16021;10741
11;M2_cued_target;Stopped;1689605;-3683;-5883;16021;10741
11;M2_cued_target;Stopped;1689622;-3683;-5883;16021;10741
11;M2_cued_target;Stopped;1689638;-3683;-5883;16021;10741
11;M2_cued_target;Stopped;1689655;-3683;-5883;16021;10741
11;M2_cued_target;End;1704421;-3683;-5883;16021;10741
12;L3_hidden_target;Begin;1704421;-7000;7000;0;0
12;L3_hidden_target;Stopped;1832998;-3894;-5422;27705;12804
12;L3_hidden_target;Stopped;1833015;-3894;-5422;27705;12804
12;L3_hidden_target;Stopped;1833032;-3894;-5422;27705;12804
12;L3_hidden_target;Stopped;1833049;-3894;-5422;27705;12804
12;L3_hidden_target;Stopped;1833065;-3894;-5422;27705;12804
12;L3_hidden_target;Stopped;1833082;-3894;-5422;27705;12804
12;L3_hidden_target;Stopped;1833098;-3894;-5422;27705;12804
12;L3_hidden_target;Stopped;1833115;-3894;-5422;27705;12804
12;L3_hidden_target;Stopped;1833132;-3894;-5422;27705;12804
12;L3_hidden_target;Stopped;1833148;-3894;-5422;27705;12804
12;L3_hidden_target;Stopped;1833165;-3894;-5422;27705;12804
12;L3_hidden_target;Stopped;1833182;-3894;-5422;27705;12804
12;L3_hidden_target;Stopped;1833198;-3894;-5422;27705;12804
12;L3_hidden_target;Stopped;1833215;-3894;-5422;27705;12804
12;L3_hidden_target;Stopped;1833232;-3894;-5422;27705;12804
12;L3_hidden_target;Stopped;1833248;-3894;-5422;27705;12804
12;L3_hidden_target;Stopped;1833265;-3894;-5422;27705;12804
12;L3_hidden_target;Stopped;1833282;-3894;-5422;27705;12804
12;L3_hidden_target;Stopped;1833298;-3894;-5422;27705;12804
12;L3_hidden_target;End;1839465;-3894;-5422;27705;12804
13;M3_cued_target;Begin;1839465;-7000;6999;0;0
13;M3_cued_target;Stopped;1908027;-4461;-5419;13661;12676
13;M3_cued_target;Stopped;1908043;-4461;-5419;13661;12676
13;M3_cued_target;Stopped;1908060;-4461;-5419;13661;12676
13;M3_cued_target;Stopped;1908077;-4461;-5419;13661;12676
13;M3_cued_target;Stopped;1908093;-4461;-5419;13661;12676
13;M3_cued_target;Stopped;1908110;-4461;-5419;13661;12676
13;M3_cued_target;Stopped;1908127;-4461;-5419;13661;12676
13;M3_cued_target;Stopped;1908143;-4461;-5419;13661;12676
13;M3_cued_target;Stopped;1908160;-4461;-5419;13661;12676
13;M3_cued_target;Stopped;1908177;-4461;-5419;13661;12676
13;M3_cued_target;Stopped;1908193;-4461;-5419;13661;12676
13;M3_cued_target;Stopped;1908210;-4461;-5419;13661;12676
13;M3_cued_target;Stopped;1908227;-4461;-5419;13661;12676
13;M3_cued_target;Stopped;1908244;-4461;-5419;13661;12676
13;M3_cued_target;End;1923060;-4461;-5419;13661;12676
14;L2_hidden_target;Begin;1923060;6999;-7000;0;0
14;L2_hidden_target;Stopped;1993591;-3682;-6212;14545;10711
14;L2_hidden_target;Stopped;1993607;-3682;-6212;14545;10711
14;L2_hidden_target;Stopped;1993624;-3682;-6212;14545;10711
14;L2_hidden_target;Stopped;1993641;-3682;-6212;14545;10711
14;L2_hidden_target;Stopped;1993657;-3682;-6212;14545;10711
14;L2_hidden_target;Stopped;1993675;-3682;-6212;14545;10711
14;L2_hidden_target;Stopped;1993695;-3682;-6212;14545;10711
14;L2_hidden_target;Stopped;1993707;-3682;-6212;14545;10711
14;L2_hidden_target;Stopped;1993724;-3682;-6212;14545;10711
14;L2_hidden_target;Stopped;1993741;-3682;-6212;14545;10711
14;L2_hidden_target;Stopped;1993757;-3682;-6212;14545;10711
14;L2_hidden_target;Stopped;1993774;-3682;-6212;14545;10711
14;L2_hidden_target;Stopped;1993791;-3682;-6212;14545;10711
14;L2_hidden_target;Stopped;1993807;-3682;-6212;14545;10711
14;L2_hidden_target;Stopped;1993824;-3682;-6212;14545;10711
14;L2_hidden_target;End;2008623;-3682;-6212;14545;10711
15;M1_cued_target;Begin;2008623;7000;6999;0;0
15;M1_cued_target;Stopped;2148714;-3733;-5423;27695;16418
15;M1_cued_target;Stopped;2148731;-3733;-5423;27695;16418
15;M1_cued_target;Stopped;2148748;-3733;-5423;27695;16418
15;M1_cued_target;Stopped;2148764;-3733;-5423;27695;16418
15;M1_cued_target;Stopped;2148781;-3733;-5423;27695;16418
15;M1_cued_target;Stopped;2148798;-3733;-5423;27695;16418
15;M1_cued_target;Stopped;2148814;-3733;-5423;27695;16418
15;M1_cued_target;Stopped;2148831;-3733;-5423;27695;16418
15;M1_cued_target;Stopped;2148848;-3733;-5423;27695;16418
15;M1_cued_target;Stopped;2148864;-3733;-5423;27695;16418
15;M1_cued_target;Stopped;2148881;-3733;-5423;27695;16418
15;M1_cued_target;Stopped;2148898;-3733;-5423;27695;16418
15;M1_cued_target;Stopped;2148915;-3733;-5423;27695;16418
15;M1_cued_target;End;2163747;-3733;-5423;27695;16418
16;L3_hidden_target;Begin;2163747;-7000;7000;0;0
16;L3_hidden_target;Stopped;2312708;-3685;-5920;31821;13338
16;L3_hidden_target;Stopped;2312724;-3685;-5920;31821;13338
16;L3_hidden_target;Stopped;2312741;-3685;-5920;31821;13338
16;L3_hidden_target;Stopped;2312758;-3685;-5920;31821;13338
16;L3_hidden_target;Stopped;2312775;-3685;-5920;31821;13338
16;L3_hidden_target;Stopped;2312791;-3685;-5920;31821;13338
16;L3_hidden_target;Stopped;2312808;-3685;-5920;31821;13338
16;L3_hidden_target;Stopped;2312825;-3685;-5920;31821;13338
16;L3_hidden_target;Stopped;2312841;-3685;-5920;31821;13338
16;L3_hidden_target;Stopped;2312858;-3685;-5920;31821;13338
16;L3_hidden_target;Stopped;2312875;-3685;-5920;31821;13338
16;L3_hidden_target;Stopped;2312891;-3685;-5920;31821;13338
16;L3_hidden_target;Stopped;2312908;-3685;-5920;31821;13338
16;L3_hidden_target;End;2327724;-3685;-5920;31821;13338
16;L3_hidden_target;Begin;2327724;-3685;-5920;31821;13338
