1;M3_cued_target;Stopped;155818;-3685;-5755;27951;13179
1;M3_cued_target;Stopped;155834;-3685;-5755;27951;13179
1;M3_cued_target;Stopped;155851;-3685;-5755;27951;13179
1;M3_cued_target;Stopped;155868;-3685;-5755;27951;13179
1;M3_cued_target;Stopped;155884;-3685;-5755;27951;13179
1;M3_cued_target;Stopped;155901;-3685;-5755;27951;13179
1;M3_cued_target;Stopped;155918;-3685;-5755;27951;13179
1;M3_cued_target;Stopped;155939;-3685;-5755;27951;13179
1;M3_cued_target;Stopped;155953;-3685;-5755;27951;13179
1;M3_cued_target;Stopped;155968;-3685;-5755;27951;13179
1;M3_cued_target;Stopped;155984;-3685;-5755;27951;13179
1;M3_cued_target;Stopped;156001;-3685;-5755;27951;13179
1;M3_cued_target;Stopped;156018;-3685;-5755;27951;13179
1;M3_cued_target;Stopped;156034;-3685;-5755;27951;13179
1;M3_cued_target;Stopped;156051;-3685;-5755;27951;13179
1;M3_cued_target;Stopped;156068;-3685;-5755;27951;13179
1;M3_cued_target;Stopped;156084;-3685;-5755;27951;13179
1;M3_cued_target;Stopped;156101;-3685;-5755;27951;13179
1;M3_cued_target;Stopped;156118;-3685;-5755;27951;13179
1;M3_cued_target;Stopped;156134;-3685;-5755;27951;13179
1;M3_cued_target;Stopped;156151;-3685;-5755;27951;13179
1;M3_cued_target;Stopped;156168;-3685;-5755;27951;13179
1;M3_cued_target;Stopped;156184;-3685;-5755;27951;13179
1;M3_cued_target;End;170846;-3685;-5755;27951;13179
2;L2_hidden_target;Begin;170846;7000;-7000;0;0
2;L2_hidden_target;Stopped;367434;-4968;-5915;102973;12017
2;L2_hidden_target;Stopped;367451;-4968;-5915;102973;12017
2;L2_hidden_target;Stopped;367468;-4968;-5915;102973;12017
2;L2_hidden_target;Stopped;367485;-4968;-5915;102973;12017
2;L2_hidden_target;Stopped;367501;-4968;-5915;102973;12017
2;L2_hidden_target;Stopped;367535;-4968;-5915;102973;12017
2;L2_hidden_target;Stopped;367551;-4968;-5915;102973;12017
2;L2_hidden_target;Stopped;367568;-4968;-5915;102973;12017
2;L2_hidden_target;Stopped;367585;-4968;-5915;102973;12017
2;L2_hidden_target;Stopped;367601;-4968;-5915;102973;12017
2;L2_hidden_target;Stopped;367618;-4968;-5915;102973;12017
2;L2_hidden_target;Stopped;367635;-4968;-5915;102973;12017
2;L2_hidden_target;End;382465;-4968;-5915;102973;12017
3;M1_cued_target;Begin;382465;7000;7000;0;0
3;M1_cued_target;Stopped;505872;-3681;-6364;24791;17108
3;M1_cued_target;Stopped;505889;-3681;-6364;24791;17108
3;M1_cued_target;Stopped;505906;-3681;-6364;24791;17108
3;M1_cued_target;Stopped;505922;-3681;-6364;24791;17108
3;M1_cued_target;Stopped;505939;-3681;-6364;24791;17108
3;M1_cued_target;Stopped;505956;-3681;-6364;24791;17108
3;M1_cued_target;Stopped;505972;-3681;-6364;24791;17108
3;M1_cued_target;Stopped;505989;-3681;-6364;24791;17108
3;M1_cued_target;Stopped;506006;-3681;-6364;24791;17108
3;M1_cued_target;Stopped;506022;-3681;-6364;24791;17108
3;M1_cued_target;Stopped;506039;-3681;-6364;24791;17108
3;M1_cued_target;Stopped;506056;-3681;-6364;24791;17108
3;M1_cued_target;Stopped;506072;-3681;-6364;24791;17108
3;M1_cued_target;End;520901;-3681;-6364;24791;17108
4;L2_hidden_target;Begin;520901;7000;-7000;0;0
4;L2_hidden_target;Stopped;554042;-3780;-5421;13119;10895
4;L2_hidden_target;Stopped;554059;-3780;-5421;13119;10895
4;L2_hidden_target;Stopped;554076;-3780;-5421;13119;10895
4;L2_hidden_target;Stopped;554092;-3780;-5421;13119;10895
4;L2_hidden_target;Stopped;554109;-3780;-5421;13119;10895
4;L2_hidden_target;Stopped;554126;-3780;-5421;13119;10895
4;L2_hidden_target;Stopped;554142;-3780;-5421;13119;10895
4;L2_hidden_target;Stopped;554159;-3780;-5421;13119;10895
4;L2_hidden_target;Stopped;554176;-3780;-5421;13119;10895
4;L2_hidden_target;Stopped;554192;-3780;-5421;13119;10895
4;L2_hidden_target;Stopped;554209;-3780;-5421;13119;10895
4;L2_hidden_target;End;569071;-3780;-5421;13119;10895
5;M2_cued_target;Begin;569071;7000;-7000;0;0
5;M2_cued_target;Stopped;732666;-4360;-5418;36068;11470
5;M2_cued_target;Stopped;732683;-4360;-5418;36068;11470
5;M2_cued_target;Stopped;732700;-4360;-5418;36068;11470
5;M2_cued_target;Stopped;732716;-4360;-5418;36068;11470
5;M2_cued_target;Stopped;732733;-4360;-5418;36068;11470
5;M2_cued_target;Stopped;732754;-4360;-5418;36068;11470
5;M2_cued_target;Stopped;732771;-4360;-5418;36068;11470
5;M2_cued_target;Stopped;732784;-4360;-5418;36068;11470
5;M2_cued_target;Stopped;732801;-4360;-5418;36068;11470
5;M2_cued_target;End;747695;-4360;-5418;36068;11470
6;L2_hidden_target;Begin;747695;7000;-7000;0;0
6;L2_hidden_target;Stopped;999732;-4970;-5858;156049;12024
6;L2_hidden_target;Stopped;999748;-4970;-5858;156049;12024
6;L2_hidden_target;Stopped;999765;-4970;-5858;156049;12024
6;L2_hidden_target;Stopped;999782;-4970;-5858;156049;12024
6;L2_hidden_target;Stopped;999798;-4970;-5858;156049;12024
6;L2_hidden_target;Stopped;999815;-4970;-5858;156049;12024
6;L2_hidden_target;Stopped;999832;-4970;-5858;156049;12024
6;L2_hidden_target;Stopped;999848;-4970;-5858;156049;12024
6;L2_hidden_target;Stopped;999865;-4970;-5858;156049;12024
6;L2_hidden_target;Stopped;999882;-4970;-5858;156049;12024
6;L2_hidden_target;Stopped;999898;-4970;-5858;156049;12024
6;L2_hidden_target;Stopped;999915;-4970;-5858;156049;12024
6;L2_hidden_target;End;1014762;-4970;-5858;156049;12024
7;M1_cued_target;Begin;1014762;7000;6999;0;0
7;M1_cued_target;Stopped;1102465;-3681;-5875;19493;16729
7;M1_cued_target;Stopped;1102481;-3681;-5875;19493;16729
7;M1_cued_target;Stopped;1102515;-3681;-5875;19493;16729
7;M1_cued_target;Stopped;1102531;-3681;-5875;19493;16729
7;M1_cued_target;Stopped;1102548;-3681;-5875;19493;16729
7;M1_cued_target;Stopped;1102565;-3681;-5875;19493;16729
7;M1_cued_target;Stopped;1102581;-3681;-5875;19493;16729
7;M1_cued_target;Stopped;1102598;-3681;-5875;19493;16729
7;M1_cued_target;Stopped;1102615;-3681;-5875;19493;16729
7;M1_cued_target;Stopped;1102631;-3681;-5875;19493;16729
7;M1_cued_target;Stopped;1102648;-3681;-5875;19493;16729
7;M1_cued_target;End;1117493;-3681;-5875;19493;16729
8;L2_hidden_target;Begin;1117493;7000;-7000;0;0
8;L2_hidden_target;Stopped;1140104;-3682;-6341;11323;10702
8;L2_hidden_target;Stopped;1140121;-3682;-6341;11323;10702
8;L2_hidden_target;Stopped;1140138;-3682;-6341;11323;10702
8;L2_hidden_target;Stopped;1140154;-3682;-6341;11323;10702
8;L2_hidden_target;Stopped;1140171;-3682;-6341;11323;10702
8;L2_hidden_target;Stopped;1140187;-3682;-6341;11323;10702
8;L2_hidden_target;Stopped;1140204;-3682;-6341;11323;10702
8;L2_hidden_target;Stopped;1140221;-3682;-6341;11323;10702
8;L2_hidden_target;Stopped;1140238;-3682;-6341;11323;10702
8;L2_hidden_target;Stopped;1140254;-3682;-6341;11323;10702
8;L2_hidden_target;Stopped;1140270;-3682;-6341;11323;10702
8;L2_hidden_target;Stopped;1140287;-3682;-6341;11323;10702
8;L2_hidden_target;Stopped;1140304;-3682;-6341;11323;10702
8;L2_hidden_target;End;1155133;-3682;-6341;11323;10702
9;M3_cued_target;Begin;1155133;-7000;6999;0;0
9;M3_cued_target;Stopped;1280208;-3686;-5661;27006;13088
9;M3_cued_target;Stopped;1280224;-3686;-5661;27006;13088
9;M3_cued_target;Stopped;1280241;-3686;-5661;27006;13088
9;M3_cued_target;Stopped;1280258;-3686;-5661;27006;13088
9;M3_cued_target;Stopped;1280275;-3686;-5661;27006;13088
9;M3_cued_target;Stopped;1280291;-3686;-5661;27006;13088
9;M3_cued_target;Stopped;1280308;-3686;-5661;27006;13088
9;M3_cued_target;Stopped;1280325;-3686;-5661;27006;13088
9;M3_cued_target;Stopped;1280341;-3686;-5661;27006;13088
9;M3_cued_target;Stopped;1280358;-3686;-5661;27006;13088
9;M3_cued_target;Stopped;1280374;-3686;-5661;27006;13088
9;M3_cued_target;End;1295237;-3686;-5661;27006;13088
10;L2_hidden_target;Begin;1295237;7000;-7000;0;0
10;L2_hidden_target;Stopped;1315897;-3688;-6678;11358;10693
10;L2_hidden_target;Stopped;1315914;-3688;-6678;11358;10693
10;L2_hidden_target;Stopped;1315930;-3688;-6678;11358;10693
10;L2_hidden_target;Stopped;1315947;-3688;-6678;11358;10693
10;L2_hidden_target;Stopped;1315964;-3688;-6678;11358;10693
10;L2_hidden_target;Stopped;1315980;-3688;-6678;11358;10693
10;L2_hidden_target;Stopped;1315997;-3688;-6678;11358;10693
10;L2_hidden_target;Stopped;1316014;-3688;-6678;11358;10693
10;L2_hidden_target;Stopped;1316030;-3688;-6678;11358;10693
10;L2_hidden_target;Stopped;1316047;-3688;-6678;11358;10693
10;L2_hidden_target;Stopped;1316064;-3688;-6678;11358;10693
10;L2_hidden_target;Stopped;1316080;-3688;-6678;11358;10693
10;L2_hidden_target;End;1330928;-3688;-6678;11358;10693
11;M2_cued_target;Begin;1330928;7000;-7000;0;0
11;M2_cued_target;Stopped;1380409;-3681;-6319;10437;10703
11;M2_cued_target;Stopped;1380426;-3681;-6319;10437;10703
11;M2_cued_target;Stopped;1380443;-3681;-6319;10437;10703
11;M2_cued_target;Stopped;1380459;-3681;-6319;10437;10703
11;M2_cued_target;Stopped;1380476;-3681;-6319;10437;10703
11;M2_cued_target;Stopped;1380509;-3681;-6319;10437;10703
11;M2_cued_target;Stopped;1380526;-3681;-6319;10437;10703
11;M2_cued_target;Stopped;1380543;-3681;-6319;10437;10703
11;M2_cued_target;Stopped;1380559;-3681;-6319;10437;10703
11;M2_cued_target;Stopped;1380576;-3681;-6319;10437;10703
11;M2_cued_target;Stopped;1380592;-3681;-6319;10437;10703
11;M2_cued_target;Stopped;1380609;-3681;-6319;10437;10703
11;M2_cued_target;Stopped;1380626;-3681;-6319;10437;10703
11;M2_cued_target;Stopped;1380642;-3681;-6319;10437;10703
11;M2_cued_target;Stopped;1380660;-3681;-6319;10437;10703
11;M2_cued_target;Stopped;1380676;-3681;-6319;10437;10703
11;M2_cued_target;End;1395438;-3681;-6319;10437;10703
12;L2_hidden_target;Begin;1395438;7000;-7000;0;0
12;L2_hidden_target;Stopped;1415216;-3681;-6174;11325;10713
12;L2_hidden_target;Stopped;1415233;-3681;-6174;11325;10713
12;L2_hidden_target;Stopped;1415256;-3681;-6174;11325;10713
12;L2_hidden_target;Stopped;1415269;-3681;-6174;11325;10713
12;L2_hidden_target;Stopped;1415283;-3681;-6174;11325;10713
12;L2_hidden_target;Stopped;1415300;-3681;-6174;11325;10713
12;L2_hidden_target;Stopped;1415317;-3681;-6174;11325;10713
12;L2_hidden_target;Stopped;1415333;-3681;-6174;11325;10713
12;L2_hidden_target;Stopped;1415350;-3681;-6174;11325;10713
12;L2_hidden_target;Stopped;1415367;-3681;-6174;11325;10713
12;L2_hidden_target;Stopped;1415383;-3681;-6174;11325;10713
12;L2_hidden_target;Stopped;1415400;-3681;-6174;11325;10713
12;L2_hidden_target;Stopped;1415416;-3681;-6174;11325;10713
12;L2_hidden_target;Stopped;1415433;-3681;-6174;11325;10713
12;L2_hidden_target;Stopped;1415450;-3681;-6174;11325;10713
12;L2_hidden_target;End;1430245;-3681;-6174;11325;10713
13;M3_cued_target;Begin;1430245;-7000;6999;0;0
13;M3_cued_target;Stopped;1542940;-3682;-5782;25104;13206
13;M3_cued_target;Stopped;1542957;-3682;-5782;25104;13206
13;M3_cued_target;Stopped;1542974;-3682;-5782;25104;13206
13;M3_cued_target;Stopped;1542991;-3682;-5782;25104;13206
13;M3_cued_target;Stopped;1543007;-3682;-5782;25104;13206
13;M3_cued_target;Stopped;1543024;-3682;-5782;25104;13206
13;M3_cued_target;Stopped;1543040;-3682;-5782;25104;13206
13;M3_cued_target;Stopped;1543057;-3682;-5782;25104;13206
13;M3_cued_target;Stopped;1543074;-3682;-5782;25104;13206
13;M3_cued_target;Stopped;1543090;-3682;-5782;25104;13206
13;M3_cued_target;Stopped;1543107;-3682;-5782;25104;13206
13;M3_cued_target;Stopped;1543124;-3682;-5782;25104;13206
13;M3_cued_target;Stopped;1543140;-3682;-5782;25104;13206
13;M3_cued_target;Stopped;1543157;-3682;-5782;25104;13206
13;M3_cued_target;Stopped;1543174;-3682;-5782;25104;13206
13;M3_cued_target;Stopped;1543191;-3682;-5782;25104;13206
13;M3_cued_target;End;1557969;-3682;-5782;25104;13206
14;L2_hidden_target;Begin;1557969;7000;-7000;0;0
14;L2_hidden_target;Stopped;1578714;-3681;-5799;11430;10748
14;L2_hidden_target;Stopped;1578731;-3681;-5799;11430;10748
14;L2_hidden_target;Stopped;1578747;-3681;-5799;11430;10748
14;L2_hidden_target;Stopped;1578764;-3681;-5799;11430;10748
14;L2_hidden_target;Stopped;1578781;-3681;-5799;11430;10748
14;L2_hidden_target;Stopped;1578797;-3681;-5799;11430;10748
14;L2_hidden_target;Stopped;1578814;-3681;-5799;11430;10748
14;L2_hidden_target;Stopped;1578831;-3681;-5799;11430;10748
14;L2_hidden_target;Stopped;1578847;-3681;-5799;11430;10748
14;L2_hidden_target;Stopped;1578864;-3681;-5799;11430;10748
14;L2_hidden_target;Stopped;1578881;-3681;-5799;11430;10748
14;L2_hidden_target;End;1593742;-3681;-5799;11430;10748
15;M1_cued_target;Begin;1593742;7000;7000;0;0
15;M1_cued_target;Stopped;1691193;-3682;-5760;20662;16641
15;M1_cued_target;Stopped;1691210;-3682;-5760;20662;16641
15;M1_cued_target;Stopped;1691227;-3682;-5760;20662;16641
15;M1_cued_target;Stopped;1691243;-3682;-5760;20662;16641
15;M1_cued_target;Stopped;1691260;-3682;-5760;20662;16641
15;M1_cued_target;Stopped;1691277;-3682;-5760;20662;16641
15;M1_cued_target;Stopped;1691293;-3682;-5760;20662;16641
15;M1_cued_target;Stopped;1691310;-3682;-5760;20662;16641
15;M1_cued_target;Stopped;1691327;-3682;-5760;20662;16641
15;M1_cued_target;Stopped;1691343;-3682;-5760;20662;16641
15;M1_cued_target;Stopped;1691360;-3682;-5760;20662;16641
15;M1_cued_target;Stopped;1691377;-3682;-5760;20662;16641
15;M1_cued_target;Stopped;1691393;-3682;-5760;20662;16641
15;M1_cued_target;Stopped;1691410;-3682;-5760;20662;16641
15;M1_cued_target;End;1706222;-3682;-5760;20662;16641
16;L2_hidden_target;Begin;1706222;7000;-7000;0;0
16;L2_hidden_target;Stopped;1726567;-3682;-6345;11188;10702
16;L2_hidden_target;Stopped;1726584;-3682;-6345;11188;10702
16;L2_hidden_target;Stopped;1726601;-3682;-6345;11188;10702
16;L2_hidden_target;Stopped;1726618;-3682;-6345;11188;10702
16;L2_hidden_target;Stopped;1726634;-3682;-6345;11188;10702
16;L2_hidden_target;Stopped;1726651;-3682;-6345;11188;10702
16;L2_hidden_target;Stopped;1726668;-3682;-6345;11188;10702
16;L2_hidden_target;Stopped;1726684;-3682;-6345;11188;10702
16;L2_hidden_target;Stopped;1726701;-3682;-6345;11188;10702
16;L2_hidden_target;Stopped;1726718;-3682;-6345;11188;10702
16;L2_hidden_target;Stopped;1726734;-3682;-6345;11188;10702
16;L2_hidden_target;End;1741595;-3682;-6345;11188;10702
16;L2_hidden_target;Begin;1741595;-3682;-6345;11188;10702
