1;M3_cued_target;End;105834;-4361;-5420;15451;12697
2;L2_hidden_target;Begin;105834;7000;-7000;0;0
2;L2_hidden_target;Stopped;106068;7064;-7064;92;90
2;L2_hidden_target;Stopped;106085;7064;-7064;92;90
2;L2_hidden_target;Stopped;106102;7064;-7064;92;90
2;L2_hidden_target;Stopped;106118;7064;-7064;92;90
2;L2_hidden_target;Stopped;106135;7064;-7064;92;90
2;L2_hidden_target;Stopped;106152;7064;-7064;92;90
2;L2_hidden_target;Stopped;106168;7064;-7064;92;90
2;L2_hidden_target;Stopped;106185;7064;-7064;92;90
2;L2_hidden_target;Stopped;106202;7064;-7064;92;90
2;L2_hidden_target;Stopped;106223;7064;-7064;92;90
2;L2_hidden_target;Stopped;275849;-4586;-5412;62542;11694
2;L2_hidden_target;Stopped;275866;-4586;-5412;62542;11694
2;L2_hidden_target;Stopped;275883;-4586;-5412;62542;11694
2;L2_hidden_target;Stopped;275900;-4586;-5412;62542;11694
2;L2_hidden_target;Stopped;275916;-4586;-5412;62542;11694
2;L2_hidden_target;Stopped;275933;-4586;-5412;62542;11694
2;L2_hidden_target;Stopped;275950;-4586;-5412;62542;11694
2;L2_hidden_target;Stopped;275966;-4586;-5412;62542;11694
2;L2_hidden_target;Stopped;275983;-4586;-5412;62542;11694
2;L2_hidden_target;Stopped;276000;-4586;-5412;62542;11694
2;L2_hidden_target;Stopped;276016;-4586;-5412;62542;11694
2;L2_hidden_target;Stopped;276033;-4586;-5412;62542;11694
2;L2_hidden_target;Stopped;276050;-4586;-5412;62542;11694
2;L2_hidden_target;Stopped;276066;-4586;-5412;62542;11694
2;L2_hidden_target;Stopped;276083;-4586;-5412;62542;11694
2;L2_hidden_target;Stopped;276100;-4586;-5412;62542;11694
2;L2_hidden_target;Stopped;276116;-4586;-5412;62542;11694
2;L2_hidden_target;Stopped;276133;-4586;-5412;62542;11694
2;L2_hidden_target;Stopped;276150;-4586;-5412;62542;11694
2;L2_hidden_target;Stopped;276166;-4586;-5412;62542;11694
2;L2_hidden_target;Stopped;276183;-4586;-5412;62542;11694
2;L2_hidden_target;End;290878;-4586;-5412;62542;11694
3;M1_cued_target;Begin;290878;6999;7000;0;0
3;M1_cued_target;Stopped;403211;-3686;-5529;18748;16468
3;M1_cued_target;Stopped;403226;-3686;-5529;18748;16468
3;M1_cued_target;Stopped;403244;-3686;-5529;18748;16468
3;M1_cued_target;Stopped;403261;-3686;-5529;18748;16468
3;M1_cued_target;Stopped;403277;-3686;-5529;18748;16468
3;M1_cued_target;Stopped;403294;-3686;-5529;18748;16468
3;M1_cued_target;Stopped;403311;-3686;-5529;18748;16468
3;M1_cued_target;Stopped;403327;-3686;-5529;18748;16468
3;M1_cued_target;Stopped;403344;-3686;-5529;18748;16468
3;M1_cued_target;Stopped;403361;-3686;-5529;18748;16468
3;M1_cued_target;Stopped;403381;-3686;-5529;18748;16468
3;M1_cued_target;Stopped;403394;-3686;-5529;18748;16468
3;M1_cued_target;Stopped;403411;-3686;-5529;18748;16468
3;M1_cued_target;Stopped;403427;-3686;-5529;18748;16468
3;M1_cued_target;Stopped;403443;-3686;-5529;18748;16468
3;M1_cued_target;Stopped;403464;-3686;-5529;18748;16468
3;M1_cued_target;End;418239;-3686;-5529;18748;16468
4;L2_hidden_target;Begin;418239;7000;-7000;0;0
4;L2_hidden_target;Stopped;443649;-3682;-6559;10951;10691
4;L2_hidden_target;Stopped;443666;-3682;-6559;10951;10691
4;L2_hidden_target;Stopped;443682;-3682;-6559;10951;10691
4;L2_hidden_target;Stopped;443699;-3682;-6559;10951;10691
4;L2_hidden_target;Stopped;443716;-3682;-6559;10951;10691
4;L2_hidden_target;Stopped;443732;-3682;-6559;10951;10691
4;L2_hidden_target;Stopped;443749;-3682;-6559;10951;10691
4;L2_hidden_target;Stopped;443765;-3682;-6559;10951;10691
4;L2_hidden_target;Stopped;443782;-3682;-6559;10951;10691
4;L2_hidden_target;Stopped;443798;-3682;-6559;10951;10691
4;L2_hidden_target;Stopped;443815;-3682;-6559;10951;10691
4;L2_hidden_target;Stopped;443831;-3682;-6559;10951;10691
4;L2_hidden_target;Stopped;443848;-3682;-6559;10951;10691
4;L2_hidden_target;Stopped;443865;-3682;-6559;10951;10691
4;L2_hidden_target;Stopped;443881;-3682;-6559;10951;10691
4;L2_hidden_target;Stopped;443898;-3682;-6559;10951;10691
4;L2_hidden_target;Stopped;443915;-3682;-6559;10951;10691
4;L2_hidden_target;End;458677;-3682;-6559;10951;10691
5;M2_cued_target;Begin;458677;7000;-7000;0;0
5;M2_cued_target;Stopped;528871;-3680;-6155;10491;10714
5;M2_cued_target;Stopped;528888;-3680;-6155;10491;10714
5;M2_cued_target;Stopped;528905;-3680;-6155;10491;10714
5;M2_cued_target;Stopped;528921;-3680;-6155;10491;10714
5;M2_cued_target;Stopped;528938;-3680;-6155;10491;10714
5;M2_cued_target;Stopped;528954;-3680;-6155;10491;10714
5;M2_cued_target;Stopped;528971;-3680;-6155;10491;10714
5;M2_cued_target;Stopped;528988;-3680;-6155;10491;10714
5;M2_cued_target;Stopped;529005;-3680;-6155;10491;10714
5;M2_cued_target;Stopped;529021;-3680;-6155;10491;10714
5;M2_cued_target;Stopped;529038;-3680;-6155;10491;10714
5;M2_cued_target;Stopped;529054;-3680;-6155;10491;10714
5;M2_cued_target;Stopped;529071;-3680;-6155;10491;10714
5;M2_cued_target;Stopped;529088;-3680;-6155;10491;10714
5;M2_cued_target;Stopped;529104;-3680;-6155;10491;10714
5;M2_cued_target;Stopped;529121;-3680;-6155;10491;10714
5;M2_cued_target;Stopped;529138;-3680;-6155;10491;10714
5;M2_cued_target;End;543900;-3680;-6155;10491;10714
6;L2_hidden_target;Begin;543900;7000;-7000;0;0
6;L2_hidden_target;Stopped;567976;-3794;-6695;11363;10799
6;L2_hidden_target;Stopped;567993;-3794;-6695;11363;10799
6;L2_hidden_target;Stopped;568010;-3794;-6695;11363;10799
6;L2_hidden_target;Stopped;568026;-3794;-6695;11363;10799
6;L2_hidden_target;Stopped;568043;-3794;-6695;11363;10799
6;L2_hidden_target;Stopped;568060;-3794;-6695;11363;10799
6;L2_hidden_target;Stopped;568076;-3794;-6695;11363;10799
6;L2_hidden_target;Stopped;568093;-3794;-6695;11363;10799
6;L2_hidden_target;Stopped;568110;-3794;-6695;11363;10799
6;L2_hidden_target;Stopped;568126;-3794;-6695;11363;10799
6;L2_hidden_target;Stopped;568143;-3794;-6695;11363;10799
6;L2_hidden_target;Stopped;568160;-3794;-6695;11363;10799
6;L2_hidden_target;Stopped;568176;-3794;-6695;11363;10799
6;L2_hidden_target;Stopped;568193;-3794;-6695;11363;10799
6;L2_hidden_target;Stopped;568210;-3794;-6695;11363;10799
6;L2_hidden_target;Stopped;568226;-3794;-6695;11363;10799
6;L2_hidden_target;End;583005;-3794;-6695;11363;10799
7;M1_cued_target;Begin;583005;7000;7000;0;0
7;M1_cued_target;Stopped;726778;-4432;-5417;24616;16879
7;M1_cued_target;Stopped;726794;-4432;-5417;24616;16879
7;M1_cued_target;Stopped;726811;-4432;-5417;24616;16879
7;M1_cued_target;Stopped;726829;-4432;-5417;24616;16879
7;M1_cued_target;Stopped;726845;-4432;-5417;24616;16879
7;M1_cued_target;Stopped;726861;-4432;-5417;24616;16879
7;M1_cued_target;Stopped;726878;-4432;-5417;24616;16879
7;M1_cued_target;Stopped;726894;-4432;-5417;24616;16879
7;M1_cued_target;Stopped;726911;-4432;-5417;24616;16879
7;M1_cued_target;Stopped;726928;-4432;-5417;24616;16879
7;M1_cued_target;Stopped;726945;-4432;-5417;24616;16879
7;M1_cued_target;Stopped;726961;-4432;-5417;24616;16879
7;M1_cued_target;Stopped;726978;-4432;-5417;24616;16879
7;M1_cued_target;Stopped;726995;-4432;-5417;24616;16879
7;M1_cued_target;Stopped;727011;-4432;-5417;24616;16879
7;M1_cued_target;Stopped;727028;-4432;-5417;24616;16879
7;M1_cued_target;Stopped;727045;-4432;-5417;24616;16879
7;M1_cued_target;Stopped;727061;-4432;-5417;24616;16879
7;M1_cued_target;Stopped;727078;-4432;-5417;24616;16879
7;M1_cued_target;Stopped;727094;-4432;-5417;24616;16879
7;M1_cued_target;Stopped;727111;-4432;-5417;24616;16879
7;M1_cued_target;Stopped;727128;-4432;-5417;24616;16879
7;M1_cued_target;End;741806;-4432;-5417;24616;16879
8;L2_hidden_target;Begin;741806;7000;-7000;0;0
8;L2_hidden_target;Stopped;762817;-3680;-6538;11188;10690
8;L2_hidden_target;Stopped;762833;-3680;-6538;11188;10690
8;L2_hidden_target;Stopped;762850;-3680;-6538;11188;10690
8;L2_hidden_target;Stopped;762867;-3680;-6538;11188;10690
8;L2_hidden_target;Stopped;762884;-3680;-6538;11188;10690
8;L2_hidden_target;Stopped;762900;-3680;-6538;11188;10690
8;L2_hidden_target;Stopped;762917;-3680;-6538;11188;10690
8;L2_hidden_target;Stopped;762934;-3680;-6538;11188;10690
8;L2_hidden_target;Stopped;762950;-3680;-6538;11188;10690
8;L2_hidden_target;Stopped;762967;-3680;-6538;11188;10690
8;L2_hidden_target;Stopped;762984;-3680;-6538;11188;10690
8;L2_hidden_target;Stopped;763000;-3680;-6538;11188;10690
8;L2_hidden_target;Stopped;763017;-3680;-6538;11188;10690
8;L2_hidden_target;Stopped;763034;-3680;-6538;11188;10690
8;L2_hidden_target;Stopped;763050;-3680;-6538;11188;10690
8;L2_hidden_target;Stopped;763067;-3680;-6538;11188;10690
8;L2_hidden_target;End;777846;-3680;-6538;11188;10690
9;M3_cued_target;Begin;777846;-7000;7000;0;0
9;M3_cued_target;Stopped;850939;-4544;-5417;13170;12657
9;M3_cued_target;Stopped;850957;-4544;-5417;13170;12657
9;M3_cued_target;Stopped;850973;-4544;-5417;13170;12657
9;M3_cued_target;Stopped;850990;-4544;-5417;13170;12657
9;M3_cued_target;Stopped;851006;-4544;-5417;13170;12657
9;M3_cued_target;Stopped;851023;-4544;-5417;13170;12657
9;M3_cued_target;Stopped;851040;-4544;-5417;13170;12657
9;M3_cued_target;Stopped;851056;-4544;-5417;13170;12657
9;M3_cued_target;Stopped;851073;-4544;-5417;13170;12657
9;M3_cued_target;Stopped;851089;-4544;-5417;13170;12657
9;M3_cued_target;Stopped;851106;-4544;-5417;13170;12657
9;M3_cued_target;Stopped;851123;-4544;-5417;13170;12657
9;M3_cued_target;Stopped;851140;-4544;-5417;13170;12657
9;M3_cued_target;Stopped;851156;-4544;-5417;13170;12657
9;M3_cued_target;Stopped;851173;-4544;-5417;13170;12657
9;M3_cued_target;Stopped;851190;-4544;-5417;13170;12657
9;M3_cued_target;End;865968;-4544;-5417;13170;12657
10;L2_hidden_target;Begin;865968;7000;-7000;0;0
10;L2_hidden_target;Stopped;885932;-3681;-6337;10862;10702
10;L2_hidden_target;Stopped;885948;-3681;-6337;10862;10702
10;L2_hidden_target;Stopped;885965;-3681;-6337;10862;10702
10;L2_hidden_target;Stopped;885982;-3681;-6337;10862;10702
10;L2_hidden_target;Stopped;885999;-3681;-6337;10862;10702
10;L2_hidden_target;Stopped;886015;-3681;-6337;10862;10702
10;L2_hidden_target;Stopped;886032;-3681;-6337;10862;10702
10;L2_hidden_target;Stopped;886048;-3681;-6337;10862;10702
10;L2_hidden_target;Stopped;886065;-3681;-6337;10862;10702
10;L2_hidden_target;Stopped;886082;-3681;-6337;10862;10702
10;L2_hidden_target;Stopped;886098;-3681;-6337;10862;10702
10;L2_hidden_target;Stopped;886115;-3681;-6337;10862;10702
10;L2_hidden_target;Stopped;886132;-3681;-6337;10862;10702
10;L2_hidden_target;Stopped;886148;-3681;-6337;10862;10702
10;L2_hidden_target;Stopped;886165;-3681;-6337;10862;10702
10;L2_hidden_target;Stopped;886182;-3681;-6337;10862;10702
10;L2_hidden_target;Stopped;886199;-3681;-6337;10862;10702
10;L2_hidden_target;Stopped;886215;-3681;-6337;10862;10702
10;L2_hidden_target;Stopped;886232;-3681;-6337;10862;10702
10;L2_hidden_target;End;900959;-3681;-6337;10862;10702
11;M2_cued_target;Begin;900959;6999;-7000;0;0
11;M2_cued_target;Stopped;955191;-3681;-6167;10945;10713
11;M2_cued_target;Stopped;955208;-3681;-6167;10945;10713
11;M2_cued_target;Stopped;955224;-3681;-6167;10945;10713
11;M2_cued_target;Stopped;955241;-3681;-6167;10945;10713
11;M2_cued_target;Stopped;955258;-3681;-6167;10945;10713
11;M2_cued_target;Stopped;955274;-3681;-6167;10945;10713
11;M2_cued_target;Stopped;955291;-3681;-6167;10945;10713
11;M2_cued_target;Stopped;955313;-3681;-6167;10945;10713
11;M2_cued_target;Stopped;955327;-3681;-6167;10945;10713
11;M2_cued_target;Stopped;955343;-3681;-6167;10945;10713
11;M2_cued_target;Stopped;955358;-3681;-6167;10945;10713
11;M2_cued_target;Stopped;955374;-3681;-6167;10945;10713
11;M2_cued_target;Stopped;955391;-3681;-6167;10945;10713
11;M2_cued_target;Stopped;955408;-3681;-6167;10945;10713
11;M2_cued_target;Stopped;955424;-3681;-6167;10945;10713
11;M2_cued_target;Stopped;955445;-3681;-6167;10945;10713
11;M2_cued_target;Stopped;955459;-3681;-6167;10945;10713
11;M2_cued_target;Stopped;955476;-3681;-6167;10945;10713
11;M2_cued_target;Stopped;955491;-3681;-6167;10945;10713
11;M2_cued_target;End;970220;-3681;-6167;10945;10713
12;L2_hidden_target;Begin;970220;7000;-7000;0;0
12;L2_hidden_target;Stopped;991197;-3679;-6479;11265;10692
12;L2_hidden_target;Stopped;991213;-3679;-6479;11265;10692
12;L2_hidden_target;Stopped;991230;-3679;-6479;11265;10692
12;L2_hidden_target;Stopped;991247;-3679;-6479;11265;10692
12;L2_hidden_target;Stopped;991264;-3679;-6479;11265;10692
12;L2_hidden_target;Stopped;991280;-3679;-6479;11265;10692
12;L2_hidden_target;Stopped;991297;-3679;-6479;11265;10692
12;L2_hidden_target;Stopped;991313;-3679;-6479;11265;10692
12;L2_hidden_target;Stopped;991330;-3679;-6479;11265;10692
12;L2_hidden_target;Stopped;991347;-3679;-6479;11265;10692
12;L2_hidden_target;Stopped;991364;-3679;-6479;11265;10692
12;L2_hidden_target;Stopped;991380;-3679;-6479;11265;10692
12;L2_hidden_target;Stopped;991397;-3679;-6479;11265;10692
12;L2_hidden_target;Stopped;991413;-3679;-6479;11265;10692
12;L2_hidden_target;Stopped;991430;-3679;-6479;11265;10692
12;L2_hidden_target;Stopped;991447;-3679;-6479;11265;10692
12;L2_hidden_target;Stopped;991463;-3679;-6479;11265;10692
12;L2_hidden_target;Stopped;991480;-3679;-6479;11265;10692
12;L2_hidden_target;End;1006226;-3679;-6479;11265;10692
13;M3_cued_target;Begin;1006226;-7000;7000;0;0
13;M3_cued_target;Stopped;1080770;-4429;-5417;13006;12681
13;M3_cued_target;Stopped;1080786;-4429;-5417;13006;12681
13;M3_cued_target;Stopped;1080803;-4429;-5417;13006;12681
13;M3_cued_target;Stopped;1080820;-4429;-5417;13006;12681
13;M3_cued_target;Stopped;1080836;-4429;-5417;13006;12681
13;M3_cued_target;Stopped;1080853;-4429;-5417;13006;12681
13;M3_cued_target;Stopped;1080870;-4429;-5417;13006;12681
13;M3_cued_target;Stopped;1080886;-4429;-5417;13006;12681
13;M3_cued_target;Stopped;1080903;-4429;-5417;13006;12681
13;M3_cued_target;Stopped;1080920;-4429;-5417;13006;12681
13;M3_cued_target;Stopped;1080936;-4429;-5417;13006;12681
13;M3_cued_target;Stopped;1080953;-4429;-5417;13006;12681
13;M3_cued_target;Stopped;1080970;-4429;-5417;13006;12681
13;M3_cued_target;Stopped;1080986;-4429;-5417;13006;12681
13;M3_cued_target;Stopped;1081003;-4429;-5417;13006;12681
13;M3_cued_target;Stopped;1081020;-4429;-5417;13006;12681
13;M3_cued_target;End;1095798;-4429;-5417;13006;12681
14;L2_hidden_target;Begin;1095798;6999;-7000;0;0
14;L2_hidden_target;Stopped;1115377;-3681;-6349;11349;10700
14;L2_hidden_target;Stopped;1115393;-3681;-6349;11349;10700
14;L2_hidden_target;Stopped;1115410;-3681;-6349;11349;10700
14;L2_hidden_target;Stopped;1115427;-3681;-6349;11349;10700
14;L2_hidden_target;Stopped;1115444;-3681;-6349;11349;10700
14;L2_hidden_target;Stopped;1115465;-3681;-6349;11349;10700
14;L2_hidden_target;Stopped;1115478;-3681;-6349;11349;10700
14;L2_hidden_target;Stopped;1115495;-3681;-6349;11349;10700
14;L2_hidden_target;Stopped;1115527;-3681;-6349;11349;10700
14;L2_hidden_target;Stopped;1115544;-3681;-6349;11349;10700
14;L2_hidden_target;Stopped;1115560;-3681;-6349;11349;10700
14;L2_hidden_target;Stopped;1115577;-3681;-6349;11349;10700
14;L2_hidden_target;Stopped;1115593;-3681;-6349;11349;10700
14;L2_hidden_target;Stopped;1115610;-3681;-6349;11349;10700
14;L2_hidden_target;Stopped;1115627;-3681;-6349;11349;10700
14;L2_hidden_target;Stopped;1115643;-3681;-6349;11349;10700
14;L2_hidden_target;End;1130406;-3681;-6349;11349;10700
15;M1_cued_target;Begin;1130406;7000;6999;0;0
15;M1_cued_target;Stopped;1295921;-4181;-5419;20937;16711
15;M1_cued_target;Stopped;1295937;-4181;-5419;20937;16711
15;M1_cued_target;Stopped;1295954;-4181;-5419;20937;16711
15;M1_cued_target;Stopped;1295971;-4181;-5419;20937;16711
15;M1_cued_target;Stopped;1295987;-4181;-5419;20937;16711
15;M1_cued_target;Stopped;1296004;-4181;-5419;20937;16711
15;M1_cued_target;Stopped;1296021;-4181;-5419;20937;16711
15;M1_cued_target;Stopped;1296037;-4181;-5419;20937;16711
15;M1_cued_target;Stopped;1296054;-4181;-5419;20937;16711
15;M1_cued_target;Stopped;1296071;-4181;-5419;20937;16711
15;M1_cued_target;Stopped;1296087;-4181;-5419;20937;16711
15;M1_cued_target;Stopped;1296104;-4181;-5419;20937;16711
15;M1_cued_target;Stopped;1296121;-4181;-5419;20937;16711
15;M1_cued_target;Stopped;1296138;-4181;-5419;20937;16711
15;M1_cued_target;Stopped;1296154;-4181;-5419;20937;16711
15;M1_cued_target;Stopped;1296171;-4181;-5419;20937;16711
15;M1_cued_target;Stopped;1296187;-4181;-5419;20937;16711
15;M1_cued_target;End;1310949;-4181;-5419;20937;16711
16;L2_hidden_target;Begin;1310949;6999;-7000;0;0
16;L2_hidden_target;Stopped;1330960;-3680;-5976;11548;10729
16;L2_hidden_target;Stopped;1330977;-3680;-5976;11548;10729
16;L2_hidden_target;Stopped;1330994;-3680;-5976;11548;10729
16;L2_hidden_target;Stopped;1331010;-3680;-5976;11548;10729
16;L2_hidden_target;Stopped;1331032;-3680;-5976;11548;10729
16;L2_hidden_target;Stopped;1331047;-3680;-5976;11548;10729
16;L2_hidden_target;Stopped;1331062;-3680;-5976;11548;10729
16;L2_hidden_target;Stopped;1331077;-3680;-5976;11548;10729
16;L2_hidden_target;Stopped;1331094;-3680;-5976;11548;10729
16;L2_hidden_target;Stopped;1331110;-3680;-5976;11548;10729
16;L2_hidden_target;Stopped;1331127;-3680;-5976;11548;10729
16;L2_hidden_target;Stopped;1331144;-3680;-5976;11548;10729
16;L2_hidden_target;Stopped;1331160;-3680;-5976;11548;10729
16;L2_hidden_target;Stopped;1331178;-3680;-5976;11548;10729
16;L2_hidden_target;Stopped;1331194;-3680;-5976;11548;10729
16;L2_hidden_target;Stopped;1331210;-3680;-5976;11548;10729
16;L2_hidden_target;Stopped;1331228;-3680;-5976;11548;10729
16;L2_hidden_target;End;1345989;-3680;-5976;11548;10729
16;L2_hidden_target;Begin;1345989;-3680;-5976;11548;10729
