1;M3_cued_target;Stopped;227082;-3685;-5768;41574;13191
1;M3_cued_target;Stopped;227099;-3685;-5768;41574;13191
1;M3_cued_target;Stopped;227116;-3685;-5768;41574;13191
1;M3_cued_target;Stopped;227133;-3685;-5768;41574;13191
1;M3_cued_target;Stopped;227149;-3685;-5768;41574;13191
1;M3_cued_target;Stopped;227166;-3685;-5768;41574;13191
1;M3_cued_target;Stopped;227183;-3685;-5768;41574;13191
1;M3_cued_target;Stopped;227199;-3685;-5768;41574;13191
1;M3_cued_target;Stopped;227216;-3685;-5768;41574;13191
1;M3_cued_target;Stopped;227232;-3685;-5768;41574;13191
1;M3_cued_target;Stopped;227249;-3685;-5768;41574;13191
1;M3_cued_target;Stopped;227266;-3685;-5768;41574;13191
1;M3_cued_target;Stopped;227282;-3685;-5768;41574;13191
1;M3_cued_target;Stopped;227299;-3685;-5768;41574;13191
1;M3_cued_target;Stopped;227316;-3685;-5768;41574;13191
1;M3_cued_target;Stopped;227332;-3685;-5768;41574;13191
1;M3_cued_target;End;242111;-3685;-5768;41574;13191
2;L2_hidden_target;Begin;242111;7000;-7000;0;0
2;L2_hidden_target;Stopped;333383;-4966;-6661;41616;11971
2;L2_hidden_target;Stopped;333400;-4966;-6661;41616;11971
2;L2_hidden_target;Stopped;333416;-4966;-6661;41616;11971
2;L2_hidden_target;Stopped;333433;-4966;-6661;41616;11971
2;L2_hidden_target;Stopped;333450;-4966;-6661;41616;11971
2;L2_hidden_target;Stopped;333466;-4966;-6661;41616;11971
2;L2_hidden_target;Stopped;333483;-4966;-6661;41616;11971
2;L2_hidden_target;Stopped;333499;-4966;-6661;41616;11971
2;L2_hidden_target;Stopped;333533;-4966;-6661;41616;11971
2;L2_hidden_target;Stopped;333550;-4966;-6661;41616;11971
2;L2_hidden_target;Stopped;333566;-4966;-6661;41616;11971
2;L2_hidden_target;Stopped;333583;-4966;-6661;41616;11971
2;L2_hidden_target;Stopped;333600;-4966;-6661;41616;11971
2;L2_hidden_target;Stopped;333616;-4966;-6661;41616;11971
2;L2_hidden_target;Stopped;333633;-4966;-6661;41616;11971
2;L2_hidden_target;Stopped;333649;-4966;-6661;41616;11971
2;L2_hidden_target;End;348412;-4966;-6661;41616;11971
3;M1_cued_target;Begin;348412;6999;7000;0;0
3;M1_cued_target;Stopped;443613;-3973;-5421;20728;16574
3;M1_cued_target;Stopped;443630;-3973;-5421;20728;16574
3;M1_cued_target;Stopped;443647;-3973;-5421;20728;16574
3;M1_cued_target;Stopped;443663;-3973;-5421;20728;16574
3;M1_cued_target;Stopped;443680;-3973;-5421;20728;16574
3;M1_cued_target;Stopped;443697;-3973;-5421;20728;16574
3;M1_cued_target;Stopped;443713;-3973;-5421;20728;16574
3;M1_cued_target;Stopped;443730;-3973;-5421;20728;16574
3;M1_cued_target;Stopped;443747;-3973;-5421;20728;16574
3;M1_cued_target;Stopped;443763;-3973;-5421;20728;16574
3;M1_cued_target;Stopped;443780;-3973;-5421;20728;16574
3;M1_cued_target;Stopped;443797;-3973;-5421;20728;16574
3;M1_cued_target;Stopped;443813;-3973;-5421;20728;16574
3;M1_cued_target;Stopped;443830;-3973;-5421;20728;16574
3;M1_cued_target;Stopped;443847;-3973;-5421;20728;16574
3;M1_cued_target;Stopped;443863;-3973;-5421;20728;16574
3;M1_cued_target;End;458642;-3973;-5421;20728;16574
4;L2_hidden_target;Begin;458642;7000;-7000;0;0
4;L2_hidden_target;Stopped;757848;-3684;-6561;207709;10693
4;L2_hidden_target;Stopped;757864;-3684;-6561;207709;10693
4;L2_hidden_target;Stopped;757881;-3684;-6561;207709;10693
4;L2_hidden_target;Stopped;757898;-3684;-6561;207709;10693
4;L2_hidden_target;Stopped;757914;-3684;-6561;207709;10693
4;L2_hidden_target;Stopped;757931;-3684;-6561;207709;10693
4;L2_hidden_target;Stopped;757948;-3684;-6561;207709;10693
4;L2_hidden_target;Stopped;757964;-3684;-6561;207709;10693
4;L2_hidden_target;Stopped;757981;-3684;-6561;207709;10693
4;L2_hidden_target;Stopped;757998;-3684;-6561;207709;10693
4;L2_hidden_target;Stopped;758014;-3684;-6561;207709;10693
4;L2_hidden_target;Stopped;758031;-3684;-6561;207709;10693
4;L2_hidden_target;Stopped;758048;-3684;-6561;207709;10693
4;L2_hidden_target;Stopped;758064;-3684;-6561;207709;10693
4;L2_hidden_target;End;772876;-3684;-6561;207709;10693
5;M2_cued_target;Begin;772876;7000;-7000;0;0
5;M2_cued_target;Stopped;916863;-3682;-6006;31741;10728
5;M2_cued_target;Stopped;916880;-3682;-6006;31741;10728
5;M2_cued_target;Stopped;916897;-3682;-6006;31741;10728
5;M2_cued_target;Stopped;916914;-3682;-6006;31741;10728
5;M2_cued_target;Stopped;916930;-3682;-6006;31741;10728
5;M2_cued_target;Stopped;916947;-3682;-6006;31741;10728
5;M2_cued_target;Stopped;916963;-3682;-6006;31741;10728
5;M2_cued_target;Stopped;916980;-3682;-6006;31741;10728
5;M2_cued_target;Stopped;916997;-3682;-6006;31741;10728
5;M2_cued_target;Stopped;917013;-3682;-6006;31741;10728
5;M2_cued_target;Stopped;917030;-3682;-6006;31741;10728
5;M2_cued_target;Stopped;917047;-3682;-6006;31741;10728
5;M2_cued_target;Stopped;917063;-3682;-6006;31741;10728
5;M2_cued_target;Stopped;917080;-3682;-6006;31741;10728
5;M2_cued_target;End;931892;-3682;-6006;31741;10728
6;L2_hidden_target;Begin;931892;7000;-7000;0;0
6;L2_hidden_target;Stopped;1187162;-4736;-5421;168996;11842
6;L2_hidden_target;Stopped;1187179;-4736;-5421;168996;11842
6;L2_hidden_target;Stopped;1187196;-4736;-5421;168996;11842
6;L2_hidden_target;Stopped;1187212;-4736;-5421;168996;11842
6;L2_hidden_target;Stopped;1187229;-4736;-5421;168996;11842
6;L2_hidden_target;Stopped;1187245;-4736;-5421;168996;11842
6;L2_hidden_target;Stopped;1187262;-4736;-5421;168996;11842
6;L2_hidden_target;Stopped;1187279;-4736;-5421;168996;11842
6;L2_hidden_target;Stopped;1187300;-4736;-5421;168996;11842
6;L2_hidden_target;Stopped;1187316;-4736;-5421;168996;11842
6;L2_hidden_target;Stopped;1187329;-4736;-5421;168996;11842
6;L2_hidden_target;Stopped;1187346;-4736;-5421;168996;11842
6;L2_hidden_target;Stopped;1187362;-4736;-5421;168996;11842
6;L2_hidden_target;Stopped;1187379;-4736;-5421;168996;11842
6;L2_hidden_target;Stopped;1187396;-4736;-5421;168996;11842
6;L2_hidden_target;Stopped;1187412;-4736;-5421;168996;11842
6;L2_hidden_target;End;1202191;-4736;-5421;168996;11842
7;M1_cued_target;Begin;1202191;7000;7000;0;0
7;M1_cued_target;Stopped;1283081;-3682;-5836;17534;16699
7;M1_cued_target;Stopped;1283097;-3682;-5836;17534;16699
7;M1_cued_target;Stopped;1283114;-3682;-5836;17534;16699
7;M1_cued_target;Stopped;1283131;-3682;-5836;17534;16699
7;M1_cued_target;Stopped;1283147;-3682;-5836;17534;16699
7;M1_cued_target;Stopped;1283164;-3682;-5836;17534;16699
7;M1_cued_target;Stopped;1283181;-3682;-5836;17534;16699
7;M1_cued_target;Stopped;1283197;-3682;-5836;17534;16699
7;M1_cued_target;Stopped;1283214;-3682;-5836;17534;16699
7;M1_cued_target;Stopped;1283235;-3682;-5836;17534;16699
7;M1_cued_target;Stopped;1283251;-3682;-5836;17534;16699
7;M1_cued_target;Stopped;1283265;-3682;-5836;17534;16699
7;M1_cued_target;Stopped;1283281;-3682;-5836;17534;16699
7;M1_cued_target;Stopped;1283297;-3682;-5836;17534;16699
7;M1_cued_target;End;1298109;-3682;-5836;17534;16699
8;L2_hidden_target;Begin;1298109;7000;-7000;0;0
8;L2_hidden_target;Stopped;1455894;-4380;-5419;104143;11489
8;L2_hidden_target;Stopped;1455911;-4380;-5419;104143;11489
8;L2_hidden_target;Stopped;1455928;-4380;-5419;104143;11489
8;L2_hidden_target;Stopped;1455944;-4380;-5419;104143;11489
8;L2_hidden_target;Stopped;1455961;-4380;-5419;104143;11489
8;L2_hidden_target;Stopped;1455978;-4380;-5419;104143;11489
8;L2_hidden_target;Stopped;1455994;-4380;-5419;104143;11489
8;L2_hidden_target;Stopped;1456011;-4380;-5419;104143;11489
8;L2_hidden_target;Stopped;1456028;-4380;-5419;104143;11489
8;L2_hidden_target;Stopped;1456044;-4380;-5419;104143;11489
8;L2_hidden_target;Stopped;1456061;-4380;-5419;104143;11489
8;L2_hidden_target;Stopped;1456078;-4380;-5419;104143;11489
8;L2_hidden_target;Stopped;1456094;-4380;-5419;104143;11489
8;L2_hidden_target;End;1470923;-4380;-5419;104143;11489
9;M3_cued_target;Begin;1470923;-7000;7000;0;0
9;M3_cued_target;Stopped;1532735;-4350;-5417;12563;12696
9;M3_cued_target;Stopped;1532752;-4350;-5417;12563;12696
9;M3_cued_target;Stopped;1532768;-4350;-5417;12563;12696
9;M3_cued_target;Stopped;1532785;-4350;-5417;12563;12696
9;M3_cued_target;Stopped;1532802;-4350;-5417;12563;12696
9;M3_cued_target;Stopped;1532818;-4350;-5417;12563;12696
9;M3_cued_target;Stopped;1532835;-4350;-5417;12563;12696
9;M3_cued_target;Stopped;1532852;-4350;-5417;12563;12696
9;M3_cued_target;Stopped;1532868;-4350;-5417;12563;12696
9;M3_cued_target;Stopped;1532885;-4350;-5417;12563;12696
9;M3_cued_target;Stopped;1532902;-4350;-5417;12563;12696
9;M3_cued_target;Stopped;1532918;-4350;-5417;12563;12696
9;M3_cued_target;Stopped;1532935;-4350;-5417;12563;12696
9;M3_cued_target;Stopped;1532952;-4350;-5417;12563;12696
9;M3_cued_target;End;1547764;-4350;-5417;12563;12696
10;L2_hidden_target;Begin;1547764;7000;-7000;0;0
10;L2_hidden_target;Stopped;1677224;-3681;-6202;86009;10710
10;L2_hidden_target;Stopped;1677241;-3681;-6202;86009;10710
10;L2_hidden_target;Stopped;1677258;-3681;-6202;86009;10710
10;L2_hidden_target;Stopped;1677274;-3681;-6202;86009;10710
10;L2_hidden_target;Stopped;1677291;-3681;-6202;86009;10710
10;L2_hidden_target;Stopped;1677308;-3681;-6202;86009;10710
10;L2_hidden_target;Stopped;1677324;-3681;-6202;86009;10710
10;L2_hidden_target;Stopped;1677341;-3681;-6202;86009;10710
10;L2_hidden_target;Stopped;1677358;-3681;-6202;86009;10710
10;L2_hidden_target;Stopped;1677375;-3681;-6202;86009;10710
10;L2_hidden_target;Stopped;1677391;-3681;-6202;86009;10710
10;L2_hidden_target;Stopped;1677408;-3681;-6202;86009;10710
10;L2_hidden_target;Stopped;1677424;-3681;-6202;86009;10710
10;L2_hidden_target;End;1692253;-3681;-6202;86009;10710
11;M2_cued_target;Begin;1692253;7000;-7000;0;0
11;M2_cued_target;Stopped;1777524;-3689;-5460;17688;10799
11;M2_cued_target;Stopped;1777545;-3689;-5460;17688;10799
11;M2_cued_target;Stopped;1777558;-3689;-5460;17688;10799
11;M2_cued_target;Stopped;1777575;-3689;-5460;17688;10799
11;M2_cued_target;Stopped;1777591;-3689;-5460;17688;10799
11;M2_cued_target;Stopped;1777608;-3689;-5460;17688;10799
11;M2_cued_target;Stopped;1777625;-3689;-5460;17688;10799
11;M2_cued_target;Stopped;1777641;-3689;-5460;17688;10799
11;M2_cued_target;Stopped;1777658;-3689;-5460;17688;10799
11;M2_cued_target;End;1792553;-3689;-5460;17688;10799
12;L2_hidden_target;Begin;1792553;7000;-7000;0;0
12;L2_hidden_target;Stopped;1859416;-4970;-5900;38800;12020
12;L2_hidden_target;Stopped;1859432;-4970;-5900;38800;12020
12;L2_hidden_target;Stopped;1859449;-4970;-5900;38800;12020
12;L2_hidden_target;Stopped;1859466;-4970;-5900;38800;12020
12;L2_hidden_target;Stopped;1859499;-4970;-5900;38800;12020
12;L2_hidden_target;Stopped;1859516;-4970;-5900;38800;12020
12;L2_hidden_target;Stopped;1859533;-4970;-5900;38800;12020
12;L2_hidden_target;End;1874444;-4970;-5900;38800;12020
13;M3_cued_target;Begin;1874444;-7000;7000;0;0
13;M3_cued_target;Stopped;1936907;-4311;-5418;12393;12706
13;M3_cued_target;Stopped;1936924;-4311;-5418;12393;12706
13;M3_cued_target;Stopped;1936941;-4311;-5418;12393;12706
13;M3_cued_target;Stopped;1936961;-4311;-5418;12393;12706
13;M3_cued_target;Stopped;1936974;-4311;-5418;12393;12706
13;M3_cued_target;Stopped;1936990;-4311;-5418;12393;12706
13;M3_cued_target;Stopped;1937007;-4311;-5418;12393;12706
13;M3_cued_target;Stopped;1937024;-4311;-5418;12393;12706
13;M3_cued_target;Stopped;1937040;-4311;-5418;12393;12706
13;M3_cued_target;Stopped;1937057;-4311;-5418;12393;12706
13;M3_cued_target;Stopped;1937074;-4311;-5418;12393;12706
13;M3_cued_target;Stopped;1937090;-4311;-5418;12393;12706
13;M3_cued_target;Stopped;1937107;-4311;-5418;12393;12706
13;M3_cued_target;End;1951936;-4311;-5418;12393;12706
14;L2_hidden_target;Begin;1951936;7000;-7000;0;0
14;L2_hidden_target;Stopped;1996490;-4087;-5413;27145;11200
14;L2_hidden_target;Stopped;1996506;-4087;-5413;27145;11200
14;L2_hidden_target;Stopped;1996523;-4087;-5413;27145;11200
14;L2_hidden_target;Stopped;1996540;-4087;-5413;27145;11200
14;L2_hidden_target;Stopped;1996557;-4087;-5413;27145;11200
14;L2_hidden_target;Stopped;1996573;-4087;-5413;27145;11200
14;L2_hidden_target;Stopped;1996590;-4087;-5413;27145;11200
14;L2_hidden_target;Stopped;1996607;-4087;-5413;27145;11200
14;L2_hidden_target;Stopped;1996623;-4087;-5413;27145;11200
14;L2_hidden_target;Stopped;1996640;-4087;-5413;27145;11200
14;L2_hidden_target;Stopped;1996660;-4087;-5413;27145;11200
14;L2_hidden_target;End;2011518;-4087;-5413;27145;11200
15;M1_cued_target;Begin;2011518;7000;7000;0;0
15;M1_cued_target;Stopped;2121549;-3924;-5420;24054;16541
15;M1_cued_target;Stopped;2121565;-3924;-5420;24054;16541
15;M1_cued_target;Stopped;2121582;-3924;-5420;24054;16541
15;M1_cued_target;Stopped;2121599;-3924;-5420;24054;16541
15;M1_cued_target;Stopped;2121615;-3924;-5420;24054;16541
15;M1_cued_target;Stopped;2121633;-3924;-5420;24054;16541
15;M1_cued_target;Stopped;2121649;-3924;-5420;24054;16541
15;M1_cued_target;Stopped;2121665;-3924;-5420;24054;16541
15;M1_cued_target;Stopped;2121682;-3924;-5420;24054;16541
15;M1_cued_target;Stopped;2121699;-3924;-5420;24054;16541
15;M1_cued_target;Stopped;2121715;-3924;-5420;24054;16541
15;M1_cued_target;Stopped;2121732;-3924;-5420;24054;16541
15;M1_cued_target;Stopped;2121749;-3924;-5420;24054;16541
15;M1_cued_target;End;2136577;-3924;-5420;24054;16541
16;L2_hidden_target;Begin;2136577;7000;-7000;0;0
16;L2_hidden_target;Stopped;2202325;-4058;-5409;42351;11172
16;L2_hidden_target;Stopped;2202342;-4058;-5409;42351;11172
16;L2_hidden_target;Stopped;2202358;-4058;-5409;42351;11172
16;L2_hidden_target;Stopped;2202375;-4058;-5409;42351;11172
16;L2_hidden_target;Stopped;2202392;-4058;-5409;42351;11172
16;L2_hidden_target;Stopped;2202408;-4058;-5409;42351;11172
16;L2_hidden_target;Stopped;2202425;-4058;-5409;42351;11172
16;L2_hidden_target;Stopped;2202442;-4058;-5409;42351;11172
16;L2_hidden_target;Stopped;2202458;-4058;-5409;42351;11172
16;L2_hidden_target;Stopped;2202491;-4058;-5409;42351;11172
16;L2_hidden_target;End;2217353;-4058;-5409;42351;11172
16;L2_hidden_target;Begin;2217353;-4058;-5409;42351;11172
