1;M3_cued_target;Stopped;412574;-3681;-6308;71504;13716
1;M3_cued_target;Stopped;412591;-3681;-6308;71504;13716
1;M3_cued_target;Stopped;412607;-3681;-6308;71504;13716
1;M3_cued_target;Stopped;412624;-3681;-6308;71504;13716
1;M3_cued_target;Stopped;412641;-3681;-6308;71504;13716
1;M3_cued_target;Stopped;412657;-3681;-6308;71504;13716
1;M3_cued_target;Stopped;412674;-3681;-6308;71504;13716
1;M3_cued_target;Stopped;412691;-3681;-6308;71504;13716
1;M3_cued_target;Stopped;412707;-3681;-6308;71504;13716
1;M3_cued_target;Stopped;412724;-3681;-6308;71504;13716
1;M3_cued_target;Stopped;412741;-3681;-6308;71504;13716
1;M3_cued_target;Stopped;412757;-3681;-6308;71504;13716
1;M3_cued_target;Stopped;412774;-3681;-6308;71504;13716
1;M3_cued_target;End;427602;-3681;-6308;71504;13716
2;L2_hidden_target;Begin;427602;7000;-7000;0;0
2;L2_hidden_target;Stopped;530287;-4967;-5687;53570;12039
2;L2_hidden_target;Stopped;530304;-4967;-5687;53570;12039
2;L2_hidden_target;Stopped;530321;-4967;-5687;53570;12039
2;L2_hidden_target;Stopped;530337;-4967;-5687;53570;12039
2;L2_hidden_target;Stopped;530355;-4967;-5687;53570;12039
2;L2_hidden_target;Stopped;530371;-4967;-5687;53570;12039
2;L2_hidden_target;Stopped;530392;-4967;-5687;53570;12039
2;L2_hidden_target;Stopped;530409;-4967;-5687;53570;12039
2;L2_hidden_target;Stopped;530421;-4967;-5687;53570;12039
2;L2_hidden_target;Stopped;530438;-4967;-5687;53570;12039
2;L2_hidden_target;Stopped;530454;-4967;-5687;53570;12039
2;L2_hidden_target;Stopped;530471;-4967;-5687;53570;12039
2;L2_hidden_target;Stopped;530488;-4967;-5687;53570;12039
2;L2_hidden_target;Stopped;530538;-4967;-5687;53570;12039
2;L2_hidden_target;Stopped;530559;-4967;-5687;53570;12039
2;L2_hidden_target;Stopped;530576;-4967;-5687;53570;12039
2;L2_hidden_target;Stopped;530591;-4967;-5687;53570;12039
2;L2_hidden_target;Stopped;530604;-4967;-5687;53570;12039
2;L2_hidden_target;Stopped;530621;-4967;-5687;53570;12039
2;L2_hidden_target;End;545319;-4967;-5687;53570;12039
3;M1_cued_target;Begin;545319;6999;7000;0;0
3;M1_cued_target;Stopped;648671;-3682;-6098;20756;16901
3;M1_cued_target;Stopped;648687;-3682;-6098;20756;16901
3;M1_cued_target;Stopped;648701;-3682;-6098;20756;16901
3;M1_cued_target;Stopped;648716;-3682;-6098;20756;16901
3;M1_cued_target;Stopped;648733;-3682;-6098;20756;16901
3;M1_cued_target;Stopped;648750;-3682;-6098;20756;16901
3;M1_cued_target;Stopped;648767;-3682;-6098;20756;16901
3;M1_cued_target;Stopped;648783;-3682;-6098;20756;16901
3;M1_cued_target;Stopped;648800;-3682;-6098;20756;16901
3;M1_cued_target;Stopped;648816;-3682;-6098;20756;16901
3;M1_cued_target;Stopped;648833;-3682;-6098;20756;16901
3;M1_cued_target;Stopped;648850;-3682;-6098;20756;16901
3;M1_cued_target;Stopped;648867;-3682;-6098;20756;16901
3;M1_cued_target;Stopped;648883;-3682;-6098;20756;16901
3;M1_cued_target;Stopped;648900;-3682;-6098;20756;16901
3;M1_cued_target;Stopped;648917;-3682;-6098;20756;16901
3;M1_cued_target;Stopped;648933;-3682;-6098;20756;16901
3;M1_cued_target;Stopped;648950;-3682;-6098;20756;16901
3;M1_cued_target;Stopped;648967;-3682;-6098;20756;16901
3;M1_cued_target;Stopped;648983;-3682;-6098;20756;16901
3;M1_cued_target;Stopped;649000;-3682;-6098;20756;16901
3;M1_cued_target;Stopped;649016;-3682;-6098;20756;16901
3;M1_cued_target;Stopped;649033;-3682;-6098;20756;16901
3;M1_cued_target;End;663695;-3682;-6098;20756;16901
4;L2_hidden_target;Begin;663695;7000;-7000;0;0
4;L2_hidden_target;Stopped;698785;-4342;-5416;16488;11452
4;L2_hidden_target;Stopped;698802;-4342;-5416;16488;11452
4;L2_hidden_target;Stopped;698819;-4342;-5416;16488;11452
4;L2_hidden_target;Stopped;698835;-4342;-5416;16488;11452
4;L2_hidden_target;Stopped;698852;-4342;-5416;16488;11452
4;L2_hidden_target;Stopped;698873;-4342;-5416;16488;11452
4;L2_hidden_target;Stopped;698888;-4342;-5416;16488;11452
4;L2_hidden_target;Stopped;698902;-4342;-5416;16488;11452
4;L2_hidden_target;Stopped;698919;-4342;-5416;16488;11452
4;L2_hidden_target;Stopped;698936;-4342;-5416;16488;11452
4;L2_hidden_target;Stopped;698953;-4342;-5416;16488;11452
4;L2_hidden_target;Stopped;698969;-4342;-5416;16488;11452
4;L2_hidden_target;Stopped;698985;-4342;-5416;16488;11452
4;L2_hidden_target;Stopped;699002;-4342;-5416;16488;11452
4;L2_hidden_target;End;713813;-4342;-5416;16488;11452
5;M2_cued_target;Begin;713813;7000;-7000;0;0
5;M2_cued_target;Stopped;769528;-3681;-6319;11096;10702
5;M2_cued_target;Stopped;769545;-3681;-6319;11096;10702
5;M2_cued_target;Stopped;769561;-3681;-6319;11096;10702
5;M2_cued_target;Stopped;769578;-3681;-6319;11096;10702
5;M2_cued_target;Stopped;769595;-3681;-6319;11096;10702
5;M2_cued_target;Stopped;769611;-3681;-6319;11096;10702
5;M2_cued_target;Stopped;769628;-3681;-6319;11096;10702
5;M2_cued_target;Stopped;769645;-3681;-6319;11096;10702
5;M2_cued_target;Stopped;769661;-3681;-6319;11096;10702
5;M2_cued_target;Stopped;769678;-3681;-6319;11096;10702
5;M2_cued_target;Stopped;769695;-3681;-6319;11096;10702
5;M2_cued_target;Stopped;769711;-3681;-6319;11096;10702
5;M2_cued_target;End;784560;-3681;-6319;11096;10702
6;L2_hidden_target;Begin;784560;7000;-7000;0;0
6;L2_hidden_target;Stopped;858484;-4389;-6703;32626;11393
6;L2_hidden_target;Stopped;858518;-4389;-6703;32626;11393
6;L2_hidden_target;Stopped;858535;-4389;-6703;32626;11393
6;L2_hidden_target;Stopped;858555;-4389;-6703;32626;11393
6;L2_hidden_target;Stopped;858572;-4389;-6703;32626;11393
6;L2_hidden_target;Stopped;858585;-4389;-6703;32626;11393
6;L2_hidden_target;Stopped;858601;-4389;-6703;32626;11393
6;L2_hidden_target;Stopped;858618;-4389;-6703;32626;11393
6;L2_hidden_target;Stopped;858635;-4389;-6703;32626;11393
6;L2_hidden_target;Stopped;858651;-4389;-6703;32626;11393
6;L2_hidden_target;End;873513;-4389;-6703;32626;11393
7;M1_cued_target;Begin;873513;7000;7000;0;0
7;M1_cued_target;Stopped;969966;-3682;-6162;20547;16951
7;M1_cued_target;Stopped;969982;-3682;-6162;20547;16951
7;M1_cued_target;Stopped;969999;-3682;-6162;20547;16951
7;M1_cued_target;Stopped;970016;-3682;-6162;20547;16951
7;M1_cued_target;Stopped;970032;-3682;-6162;20547;16951
7;M1_cued_target;Stopped;970048;-3682;-6162;20547;16951
7;M1_cued_target;Stopped;970065;-3682;-6162;20547;16951
7;M1_cued_target;Stopped;970082;-3682;-6162;20547;16951
7;M1_cued_target;Stopped;970098;-3682;-6162;20547;16951
7;M1_cued_target;Stopped;970115;-3682;-6162;20547;16951
7;M1_cued_target;Stopped;970132;-3682;-6162;20547;16951
7;M1_cued_target;Stopped;970148;-3682;-6162;20547;16951
7;M1_cued_target;End;984993;-3682;-6162;20547;16951
8;L2_hidden_target;Begin;984993;7000;-7000;0;0
8;L2_hidden_target;Stopped;1016118;-3681;-6215;10921;10709
8;L2_hidden_target;Stopped;1016134;-3681;-6215;10921;10709
8;L2_hidden_target;Stopped;1016152;-3681;-6215;10921;10709
8;L2_hidden_target;Stopped;1016168;-3681;-6215;10921;10709
8;L2_hidden_target;Stopped;1016185;-3681;-6215;10921;10709
8;L2_hidden_target;Stopped;1016202;-3681;-6215;10921;10709
8;L2_hidden_target;Stopped;1016218;-3681;-6215;10921;10709
8;L2_hidden_target;Stopped;1016235;-3681;-6215;10921;10709
8;L2_hidden_target;Stopped;1016251;-3681;-6215;10921;10709
8;L2_hidden_target;Stopped;1016268;-3681;-6215;10921;10709
8;L2_hidden_target;Stopped;1016284;-3681;-6215;10921;10709
8;L2_hidden_target;Stopped;1016301;-3681;-6215;10921;10709
8;L2_hidden_target;End;1031148;-3681;-6215;10921;10709
9;M3_cued_target;Begin;1031148;-7000;6999;0;0
9;M3_cued_target;Stopped;1169485;-3690;-5566;28648;12994
9;M3_cued_target;Stopped;1169519;-3690;-5566;28648;12994
9;M3_cued_target;Stopped;1169536;-3690;-5566;28648;12994
9;M3_cued_target;Stopped;1169552;-3690;-5566;28648;12994
9;M3_cued_target;Stopped;1169569;-3690;-5566;28648;12994
9;M3_cued_target;Stopped;1169585;-3690;-5566;28648;12994
9;M3_cued_target;Stopped;1169602;-3690;-5566;28648;12994
9;M3_cued_target;Stopped;1169619;-3690;-5566;28648;12994
9;M3_cued_target;Stopped;1169635;-3690;-5566;28648;12994
9;M3_cued_target;Stopped;1169652;-3690;-5566;28648;12994
9;M3_cued_target;Stopped;1169669;-3690;-5566;28648;12994
9;M3_cued_target;Stopped;1169685;-3690;-5566;28648;12994
9;M3_cued_target;Stopped;1169702;-3690;-5566;28648;12994
9;M3_cued_target;Stopped;1169719;-3690;-5566;28648;12994
9;M3_cued_target;End;1184514;-3690;-5566;28648;12994
10;L2_hidden_target;Begin;1184514;7000;-7000;0;0
10;L2_hidden_target;Stopped;1214772;-3679;-6507;11162;10691
10;L2_hidden_target;Stopped;1214789;-3679;-6507;11162;10691
10;L2_hidden_target;Stopped;1214805;-3679;-6507;11162;10691
10;L2_hidden_target;Stopped;1214822;-3679;-6507;11162;10691
10;L2_hidden_target;Stopped;1214843;-3679;-6507;11162;10691
10;L2_hidden_target;Stopped;1214859;-3679;-6507;11162;10691
10;L2_hidden_target;Stopped;1214876;-3679;-6507;11162;10691
10;L2_hidden_target;Stopped;1214888;-3679;-6507;11162;10691
10;L2_hidden_target;Stopped;1214905;-3679;-6507;11162;10691
10;L2_hidden_target;Stopped;1214922;-3679;-6507;11162;10691
10;L2_hidden_target;Stopped;1214939;-3679;-6507;11162;10691
10;L2_hidden_target;Stopped;1214955;-3679;-6507;11162;10691
10;L2_hidden_target;Stopped;1214972;-3679;-6507;11162;10691
10;L2_hidden_target;End;1229800;-3679;-6507;11162;10691
11;M2_cued_target;Begin;1229800;7000;-7000;0;0
11;M2_cued_target;Stopped;1387401;-4452;-5417;36502;11561
11;M2_cued_target;Stopped;1387421;-4452;-5417;36502;11561
11;M2_cued_target;Stopped;1387438;-4452;-5417;36502;11561
11;M2_cued_target;Stopped;1387451;-4452;-5417;36502;11561
11;M2_cued_target;Stopped;1387467;-4452;-5417;36502;11561
11;M2_cued_target;Stopped;1387517;-4452;-5417;36502;11561
11;M2_cued_target;Stopped;1387534;-4452;-5417;36502;11561
11;M2_cued_target;Stopped;1387551;-4452;-5417;36502;11561
11;M2_cued_target;Stopped;1387567;-4452;-5417;36502;11561
11;M2_cued_target;Stopped;1387584;-4452;-5417;36502;11561
11;M2_cued_target;Stopped;1387601;-4452;-5417;36502;11561
11;M2_cued_target;Stopped;1387617;-4452;-5417;36502;11561
11;M2_cued_target;Stopped;1387634;-4452;-5417;36502;11561
11;M2_cued_target;End;1402429;-4452;-5417;36502;11561
12;L2_hidden_target;Begin;1402429;7000;-7000;0;0
12;L2_hidden_target;Stopped;1435686;-4299;-6706;12265;11302
12;L2_hidden_target;Stopped;1435703;-4299;-6706;12265;11302
12;L2_hidden_target;Stopped;1435721;-4299;-6706;12265;11302
12;L2_hidden_target;Stopped;1435739;-4299;-6706;12265;11302
12;L2_hidden_target;Stopped;1435758;-4299;-6706;12265;11302
12;L2_hidden_target;Stopped;1435771;-4299;-6706;12265;11302
12;L2_hidden_target;Stopped;1435787;-4299;-6706;12265;11302
12;L2_hidden_target;Stopped;1435803;-4299;-6706;12265;11302
12;L2_hidden_target;Stopped;1435820;-4299;-6706;12265;11302
12;L2_hidden_target;Stopped;1435841;-4299;-6706;12265;11302
12;L2_hidden_target;Stopped;1435857;-4299;-6706;12265;11302
12;L2_hidden_target;Stopped;1435870;-4299;-6706;12265;11302
12;L2_hidden_target;End;1450714;-4299;-6706;12265;11302
13;M3_cued_target;Begin;1450714;-7000;7000;0;0
13;M3_cued_target;Stopped;1586521;-3682;-5990;31302;13407
13;M3_cued_target;Stopped;1586538;-3682;-5990;31302;13407
13;M3_cued_target;Stopped;1586555;-3682;-5990;31302;13407
13;M3_cued_target;Stopped;1586571;-3682;-5990;31302;13407
13;M3_cued_target;Stopped;1586588;-3682;-5990;31302;13407
13;M3_cued_target;Stopped;1586605;-3682;-5990;31302;13407
13;M3_cued_target;Stopped;1586621;-3682;-5990;31302;13407
13;M3_cued_target;Stopped;1586638;-3682;-5990;31302;13407
13;M3_cued_target;Stopped;1586655;-3682;-5990;31302;13407
13;M3_cued_target;Stopped;1586671;-3682;-5990;31302;13407
13;M3_cued_target;Stopped;1586688;-3682;-5990;31302;13407
13;M3_cued_target;Stopped;1586705;-3682;-5990;31302;13407
13;M3_cued_target;Stopped;1586721;-3682;-5990;31302;13407
13;M3_cued_target;Stopped;1586738;-3682;-5990;31302;13407
13;M3_cued_target;Stopped;1586755;-3682;-5990;31302;13407
13;M3_cued_target;End;1601551;-3682;-5990;31302;13407
14;L2_hidden_target;Begin;1601551;7000;-7000;0;0
14;L2_hidden_target;Stopped;1628026;-3968;-6701;11564;10972
14;L2_hidden_target;Stopped;1628042;-3968;-6701;11564;10972
14;L2_hidden_target;Stopped;1628059;-3968;-6701;11564;10972
14;L2_hidden_target;Stopped;1628076;-3968;-6701;11564;10972
14;L2_hidden_target;Stopped;1628092;-3968;-6701;11564;10972
14;L2_hidden_target;Stopped;1628109;-3968;-6701;11564;10972
14;L2_hidden_target;Stopped;1628126;-3968;-6701;11564;10972
14;L2_hidden_target;Stopped;1628142;-3968;-6701;11564;10972
14;L2_hidden_target;Stopped;1628159;-3968;-6701;11564;10972
14;L2_hidden_target;End;1643054;-3968;-6701;11564;10972
15;M1_cued_target;Begin;1643054;7000;6999;0;0
15;M1_cued_target;Stopped;1749254;-3683;-6006;21248;16831
15;M1_cued_target;Stopped;1749270;-3683;-6006;21248;16831
15;M1_cued_target;Stopped;1749287;-3683;-6006;21248;16831
15;M1_cued_target;Stopped;1749304;-3683;-6006;21248;16831
15;M1_cued_target;Stopped;1749320;-3683;-6006;21248;16831
15;M1_cued_target;Stopped;1749337;-3683;-6006;21248;16831
15;M1_cued_target;Stopped;1749354;-3683;-6006;21248;16831
15;M1_cued_target;Stopped;1749370;-3683;-6006;21248;16831
15;M1_cued_target;Stopped;1749387;-3683;-6006;21248;16831
15;M1_cued_target;Stopped;1749404;-3683;-6006;21248;16831
15;M1_cued_target;Stopped;1749424;-3683;-6006;21248;16831
15;M1_cued_target;Stopped;1749441;-3683;-6006;21248;16831
15;M1_cued_target;End;1764282;-3683;-6006;21248;16831
16;L2_hidden_target;Begin;1764282;7000;-7000;0;0
16;L2_hidden_target;Stopped;1788025;-3681;-6630;12410;10687
16;L2_hidden_target;Stopped;1788042;-3681;-6630;12410;10687
16;L2_hidden_target;Stopped;1788058;-3681;-6630;12410;10687
16;L2_hidden_target;Stopped;1788075;-3681;-6630;12410;10687
16;L2_hidden_target;Stopped;1788092;-3681;-6630;12410;10687
16;L2_hidden_target;Stopped;1788108;-3681;-6630;12410;10687
16;L2_hidden_target;Stopped;1788125;-3681;-6630;12410;10687
16;L2_hidden_target;Stopped;1788142;-3681;-6630;12410;10687
16;L2_hidden_target;Stopped;1788158;-3681;-6630;12410;10687
16;L2_hidden_target;Stopped;1788175;-3681;-6630;12410;10687
16;L2_hidden_target;Stopped;1788192;-3681;-6630;12410;10687
16;L2_hidden_target;End;1803054;-3681;-6630;12410;10687
16;L2_hidden_target;Begin;1803054;-3681;-6630;12410;10687
