1;M3_cued_target;Stopped;81334;-4506;-5419;13720;12667
1;M3_cued_target;End;81350;-4506;-5419;13720;12667
2;L1_hidden_target;Begin;81350;7000;7000;0;0
2;L1_hidden_target;Stopped;81368;7000;7000;0;0
2;L1_hidden_target;Stopped;81387;7000;7000;0;0
2;L1_hidden_target;Stopped;81406;7000;7000;0;0
2;L1_hidden_target;Stopped;81426;7000;7000;0;0
2;L1_hidden_target;Stopped;81441;7000;7000;0;0
2;L1_hidden_target;Stopped;81453;7000;7000;0;0
2;L1_hidden_target;Stopped;81469;7000;7000;0;0
2;L1_hidden_target;Stopped;81487;7000;7000;0;0
2;L1_hidden_target;Stopped;81503;7000;7000;0;0
2;L1_hidden_target;Stopped;81536;7000;7000;0;0
2;L1_hidden_target;Stopped;81553;7000;7000;0;0
2;L1_hidden_target;Stopped;81569;7000;7000;0;0
2;L1_hidden_target;Stopped;81586;7000;7000;0;0
2;L1_hidden_target;End;96380;7000;7000;0;0
3;M1_cued_target;Begin;96380;7000;7000;0;0
3;M1_cued_target;Stopped;387222;-4172;-5416;63994;16702
3;M1_cued_target;Stopped;387239;-4172;-5416;63994;16702
3;M1_cued_target;Stopped;387256;-4172;-5416;63994;16702
3;M1_cued_target;Stopped;387276;-4172;-5416;63994;16702
3;M1_cued_target;Stopped;387289;-4172;-5416;63994;16702
3;M1_cued_target;Stopped;387306;-4172;-5416;63994;16702
3;M1_cued_target;Stopped;387322;-4172;-5416;63994;16702
3;M1_cued_target;Stopped;387339;-4172;-5416;63994;16702
3;M1_cued_target;Stopped;387356;-4172;-5416;63994;16702
3;M1_cued_target;Stopped;387372;-4172;-5416;63994;16702
3;M1_cued_target;Stopped;387389;-4172;-5416;63994;16702
3;M1_cued_target;Stopped;387406;-4172;-5416;63994;16702
3;M1_cued_target;Stopped;387422;-4172;-5416;63994;16702
3;M1_cued_target;Stopped;387439;-4172;-5416;63994;16702
3;M1_cued_target;Stopped;387455;-4172;-5416;63994;16702
3;M1_cued_target;Stopped;387472;-4172;-5416;63994;16702
3;M1_cued_target;Stopped;387489;-4172;-5416;63994;16702
3;M1_cued_target;Stopped;387506;-4172;-5416;63994;16702
3;M1_cued_target;Stopped;387539;-4172;-5416;63994;16702
3;M1_cued_target;End;402251;-4172;-5416;63994;16702
4;L2_hidden_target;Begin;402251;7000;-7000;0;0
4;L2_hidden_target;Stopped;460617;-4970;-5867;37115;12023
4;L2_hidden_target;Stopped;460634;-4970;-5867;37115;12023
4;L2_hidden_target;Stopped;460651;-4970;-5867;37115;12023
4;L2_hidden_target;Stopped;460667;-4970;-5867;37115;12023
4;L2_hidden_target;Stopped;460684;-4970;-5867;37115;12023
4;L2_hidden_target;Stopped;460701;-4970;-5867;37115;12023
4;L2_hidden_target;Stopped;460717;-4970;-5867;37115;12023
4;L2_hidden_target;Stopped;460734;-4970;-5867;37115;12023
4;L2_hidden_target;Stopped;460751;-4970;-5867;37115;12023
4;L2_hidden_target;Stopped;460767;-4970;-5867;37115;12023
4;L2_hidden_target;Stopped;460784;-4970;-5867;37115;12023
4;L2_hidden_target;Stopped;460801;-4970;-5867;37115;12023
4;L2_hidden_target;Stopped;460817;-4970;-5867;37115;12023
4;L2_hidden_target;Stopped;460834;-4970;-5867;37115;12023
4;L2_hidden_target;Stopped;460851;-4970;-5867;37115;12023
4;L2_hidden_target;Stopped;460867;-4970;-5867;37115;12023
4;L2_hidden_target;Stopped;460884;-4970;-5867;37115;12023
4;L2_hidden_target;Stopped;460901;-4970;-5867;37115;12023
4;L2_hidden_target;Stopped;460917;-4970;-5867;37115;12023
4;L2_hidden_target;Stopped;460934;-4970;-5867;37115;12023
4;L2_hidden_target;Stopped;460951;-4970;-5867;37115;12023
4;L2_hidden_target;Stopped;460967;-4970;-5867;37115;12023
4;L2_hidden_target;Stopped;460988;-4970;-5867;37115;12023
4;L2_hidden_target;Stopped;461001;-4970;-5867;37115;12023
4;L2_hidden_target;Stopped;461017;-4970;-5867;37115;12023
4;L2_hidden_target;End;475646;-4970;-5867;37115;12023
5;M2_cued_target;Begin;475646;7000;-7000;0;0
5;M2_cued_target;Stopped;692195;-4627;-5415;49455;11734
5;M2_cued_target;Stopped;692211;-4627;-5415;49455;11734
5;M2_cued_target;Stopped;692229;-4627;-5415;49455;11734
5;M2_cued_target;Stopped;692245;-4627;-5415;49455;11734
5;M2_cued_target;Stopped;692261;-4627;-5415;49455;11734
5;M2_cued_target;Stopped;692278;-4627;-5415;49455;11734
5;M2_cued_target;Stopped;692295;-4627;-5415;49455;11734
5;M2_cued_target;Stopped;692311;-4627;-5415;49455;11734
5;M2_cued_target;Stopped;692328;-4627;-5415;49455;11734
5;M2_cued_target;Stopped;692345;-4627;-5415;49455;11734
5;M2_cued_target;Stopped;692361;-4627;-5415;49455;11734
5;M2_cued_target;End;707224;-4627;-5415;49455;11734
6;L3_hidden_target;Begin;707224;-7000;7000;0;0
6;L3_hidden_target;Stopped;744929;-3842;-6701;21978;14060
6;L3_hidden_target;Stopped;744946;-3842;-6701;21978;14060
6;L3_hidden_target;Stopped;744963;-3842;-6701;21978;14060
6;L3_hidden_target;Stopped;744979;-3842;-6701;21978;14060
6;L3_hidden_target;Stopped;744996;-3842;-6701;21978;14060
6;L3_hidden_target;Stopped;745013;-3842;-6701;21978;14060
6;L3_hidden_target;Stopped;745029;-3842;-6701;21978;14060
6;L3_hidden_target;Stopped;745046;-3842;-6701;21978;14060
6;L3_hidden_target;Stopped;745063;-3842;-6701;21978;14060
6;L3_hidden_target;Stopped;745079;-3842;-6701;21978;14060
6;L3_hidden_target;Stopped;745096;-3842;-6701;21978;14060
6;L3_hidden_target;Stopped;745113;-3842;-6701;21978;14060
6;L3_hidden_target;Stopped;745129;-3842;-6701;21978;14060
6;L3_hidden_target;Stopped;745146;-3842;-6701;21978;14060
6;L3_hidden_target;Stopped;745162;-3842;-6701;21978;14060
6;L3_hidden_target;Stopped;745183;-3842;-6701;21978;14060
6;L3_hidden_target;Stopped;745200;-3842;-6701;21978;14060
6;L3_hidden_target;Stopped;745216;-3842;-6701;21978;14060
6;L3_hidden_target;Stopped;745229;-3842;-6701;21978;14060
6;L3_hidden_target;Stopped;745246;-3842;-6701;21978;14060
6;L3_hidden_target;Stopped;745263;-3842;-6701;21978;14060
6;L3_hidden_target;Stopped;745279;-3842;-6701;21978;14060
6;L3_hidden_target;Stopped;745296;-3842;-6701;21978;14060
6;L3_hidden_target;End;759958;-3842;-6701;21978;14060
7;M1_cued_target;Begin;759958;7000;7000;0;0
7;M1_cued_target;Stopped;845797;-3682;-5746;18741;16631
7;M1_cued_target;Stopped;845814;-3682;-5746;18741;16631
7;M1_cued_target;Stopped;845831;-3682;-5746;18741;16631
7;M1_cued_target;Stopped;845847;-3682;-5746;18741;16631
7;M1_cued_target;Stopped;845864;-3682;-5746;18741;16631
7;M1_cued_target;Stopped;845881;-3682;-5746;18741;16631
7;M1_cued_target;Stopped;845897;-3682;-5746;18741;16631
7;M1_cued_target;Stopped;845914;-3682;-5746;18741;16631
7;M1_cued_target;Stopped;845931;-3682;-5746;18741;16631
7;M1_cued_target;Stopped;845947;-3682;-5746;18741;16631
7;M1_cued_target;Stopped;845964;-3682;-5746;18741;16631
7;M1_cued_target;Stopped;845981;-3682;-5746;18741;16631
7;M1_cued_target;Stopped;845997;-3682;-5746;18741;16631
7;M1_cued_target;Stopped;846014;-3682;-5746;18741;16631
7;M1_cued_target;Stopped;846031;-3682;-5746;18741;16631
7;M1_cued_target;Stopped;846047;-3682;-5746;18741;16631
7;M1_cued_target;Stopped;846064;-3682;-5746;18741;16631
7;M1_cued_target;Stopped;846081;-3682;-5746;18741;16631
7;M1_cued_target;Stopped;846098;-3682;-5746;18741;16631
7;M1_cued_target;Stopped;846114;-3682;-5746;18741;16631
7;M1_cued_target;Stopped;846131;-3682;-5746;18741;16631
7;M1_cued_target;Stopped;846147;-3682;-5746;18741;16631
7;M1_cued_target;Stopped;846164;-3682;-5746;18741;16631
7;M1_cued_target;Stopped;846180;-3682;-5746;18741;16631
7;M1_cued_target;Stopped;846197;-3682;-5746;18741;16631
7;M1_cued_target;Stopped;846214;-3682;-5746;18741;16631
7;M1_cued_target;Stopped;846230;-3682;-5746;18741;16631
7;M1_cued_target;End;860826;-3682;-5746;18741;16631
8;L2_hidden_target;Begin;860826;7000;-7000;0;0
8;L2_hidden_target;Stopped;881455;-3683;-6277;11393;10707
8;L2_hidden_target;Stopped;881471;-3683;-6277;11393;10707
8;L2_hidden_target;Stopped;881488;-3683;-6277;11393;10707
8;L2_hidden_target;Stopped;881521;-3683;-6277;11393;10707
8;L2_hidden_target;Stopped;881538;-3683;-6277;11393;10707
8;L2_hidden_target;Stopped;881555;-3683;-6277;11393;10707
8;L2_hidden_target;Stopped;881571;-3683;-6277;11393;10707
8;L2_hidden_target;Stopped;881588;-3683;-6277;11393;10707
8;L2_hidden_target;Stopped;881605;-3683;-6277;11393;10707
8;L2_hidden_target;Stopped;881621;-3683;-6277;11393;10707
8;L2_hidden_target;Stopped;881638;-3683;-6277;11393;10707
8;L2_hidden_target;Stopped;881655;-3683;-6277;11393;10707
8;L2_hidden_target;Stopped;881671;-3683;-6277;11393;10707
8;L2_hidden_target;Stopped;881688;-3683;-6277;11393;10707
8;L2_hidden_target;Stopped;881705;-3683;-6277;11393;10707
8;L2_hidden_target;Stopped;881721;-3683;-6277;11393;10707
8;L2_hidden_target;Stopped;881738;-3683;-6277;11393;10707
8;L2_hidden_target;Stopped;881755;-3683;-6277;11393;10707
8;L2_hidden_target;Stopped;881771;-3683;-6277;11393;10707
8;L2_hidden_target;Stopped;881788;-3683;-6277;11393;10707
8;L2_hidden_target;Stopped;881805;-3683;-6277;11393;10707
8;L2_hidden_target;Stopped;881821;-3683;-6277;11393;10707
8;L2_hidden_target;Stopped;881838;-3683;-6277;11393;10707
8;L2_hidden_target;Stopped;881855;-3683;-6277;11393;10707
8;L2_hidden_target;Stopped;881871;-3683;-6277;11393;10707
8;L2_hidden_target;Stopped;881888;-3683;-6277;11393;10707
8;L2_hidden_target;Stopped;881905;-3683;-6277;11393;10707
8;L2_hidden_target;Stopped;881921;-3683;-6277;11393;10707
8;L2_hidden_target;Stopped;881942;-3683;-6277;11393;10707
8;L2_hidden_target;Stopped;881956;-3683;-6277;11393;10707
8;L2_hidden_target;Stopped;881972;-3683;-6277;11393;10707
8;L2_hidden_target;Stopped;881988;-3683;-6277;11393;10707
8;L2_hidden_target;End;896484;-3683;-6277;11393;10707
9;M3_cued_target;Begin;896484;-7000;6999;0;0
9;M3_cued_target;Stopped;1004915;-3683;-5726;24587;13151
9;M3_cued_target;Stopped;1004931;-3683;-5726;24587;13151
9;M3_cued_target;Stopped;1004948;-3683;-5726;24587;13151
9;M3_cued_target;Stopped;1004965;-3683;-5726;24587;13151
9;M3_cued_target;Stopped;1004982;-3683;-5726;24587;13151
9;M3_cued_target;Stopped;1004998;-3683;-5726;24587;13151
9;M3_cued_target;Stopped;1005015;-3683;-5726;24587;13151
9;M3_cued_target;Stopped;1005032;-3683;-5726;24587;13151
9;M3_cued_target;Stopped;1005048;-3683;-5726;24587;13151
9;M3_cued_target;Stopped;1005065;-3683;-5726;24587;13151
9;M3_cued_target;Stopped;1005082;-3683;-5726;24587;13151
9;M3_cued_target;Stopped;1005098;-3683;-5726;24587;13151
9;M3_cued_target;Stopped;1005115;-3683;-5726;24587;13151
9;M3_cued_target;Stopped;1005131;-3683;-5726;24587;13151
9;M3_cued_target;Stopped;1005148;-3683;-5726;24587;13151
9;M3_cued_target;Stopped;1005165;-3683;-5726;24587;13151
9;M3_cued_target;Stopped;1005181;-3683;-5726;24587;13151
9;M3_cued_target;Stopped;1005198;-3683;-5726;24587;13151
9;M3_cued_target;Stopped;1005215;-3683;-5726;24587;13151
9;M3_cued_target;Stopped;1005231;-3683;-5726;24587;13151
9;M3_cued_target;Stopped;1005248;-3683;-5726;24587;13151
9;M3_cued_target;Stopped;1005265;-3683;-5726;24587;13151
9;M3_cued_target;Stopped;1005281;-3683;-5726;24587;13151
9;M3_cued_target;Stopped;1005298;-3683;-5726;24587;13151
9;M3_cued_target;Stopped;1005315;-3683;-5726;24587;13151
9;M3_cued_target;Stopped;1005331;-3683;-5726;24587;13151
9;M3_cued_target;Stopped;1005348;-3683;-5726;24587;13151
9;M3_cued_target;End;1019944;-3683;-5726;24587;13151
10;L1_hidden_target;Begin;1019944;7000;7000;0;0
10;L1_hidden_target;Stopped;1051785;-3855;-6689;19119;17471
10;L1_hidden_target;Stopped;1051805;-3855;-6689;19119;17471
10;L1_hidden_target;Stopped;1051819;-3855;-6689;19119;17471
10;L1_hidden_target;Stopped;1051835;-3855;-6689;19119;17471
10;L1_hidden_target;Stopped;1051851;-3855;-6689;19119;17471
10;L1_hidden_target;Stopped;1051869;-3855;-6689;19119;17471
10;L1_hidden_target;Stopped;1051885;-3855;-6689;19119;17471
10;L1_hidden_target;Stopped;1051905;-3855;-6689;19119;17471
10;L1_hidden_target;Stopped;1051923;-3855;-6689;19119;17471
10;L1_hidden_target;Stopped;1051935;-3855;-6689;19119;17471
10;L1_hidden_target;Stopped;1051951;-3855;-6689;19119;17471
10;L1_hidden_target;Stopped;1051969;-3855;-6689;19119;17471
10;L1_hidden_target;Stopped;1051985;-3855;-6689;19119;17471
10;L1_hidden_target;Stopped;1052001;-3855;-6689;19119;17471
10;L1_hidden_target;Stopped;1052019;-3855;-6689;19119;17471
10;L1_hidden_target;Stopped;1052039;-3855;-6689;19119;17471
10;L1_hidden_target;Stopped;1052054;-3855;-6689;19119;17471
10;L1_hidden_target;Stopped;1052070;-3855;-6689;19119;17471
10;L1_hidden_target;Stopped;1052085;-3855;-6689;19119;17471
10;L1_hidden_target;Stopped;1052101;-3855;-6689;19119;17471
10;L1_hidden_target;Stopped;1052118;-3855;-6689;19119;17471
10;L1_hidden_target;Stopped;1052135;-3855;-6689;19119;17471
10;L1_hidden_target;Stopped;1052151;-3855;-6689;19119;17471
10;L1_hidden_target;End;1066813;-3855;-6689;19119;17471
11;M2_cued_target;Begin;1066813;7000;-7000;0;0
11;M2_cued_target;Stopped;1125095;-3680;-6068;12829;10721
11;M2_cued_target;Stopped;1125111;-3680;-6068;12829;10721
11;M2_cued_target;Stopped;1125128;-3680;-6068;12829;10721
11;M2_cued_target;Stopped;1125145;-3680;-6068;12829;10721
11;M2_cued_target;Stopped;1125162;-3680;-6068;12829;10721
11;M2_cued_target;Stopped;1125178;-3680;-6068;12829;10721
11;M2_cued_target;Stopped;1125195;-3680;-6068;12829;10721
11;M2_cued_target;Stopped;1125212;-3680;-6068;12829;10721
11;M2_cued_target;Stopped;1125228;-3680;-6068;12829;10721
11;M2_cued_target;Stopped;1125247;-3680;-6068;12829;10721
11;M2_cued_target;Stopped;1125266;-3680;-6068;12829;10721
11;M2_cued_target;Stopped;1125282;-3680;-6068;12829;10721
11;M2_cued_target;Stopped;1125296;-3680;-6068;12829;10721
11;M2_cued_target;Stopped;1125312;-3680;-6068;12829;10721
11;M2_cued_target;Stopped;1125329;-3680;-6068;12829;10721
11;M2_cued_target;Stopped;1125346;-3680;-6068;12829;10721
11;M2_cued_target;Stopped;1125362;-3680;-6068;12829;10721
11;M2_cued_target;Stopped;1125379;-3680;-6068;12829;10721
11;M2_cued_target;Stopped;1125396;-3680;-6068;12829;10721
11;M2_cued_target;Stopped;1125412;-3680;-6068;12829;10721
11;M2_cued_target;Stopped;1125429;-3680;-6068;12829;10721
11;M2_cued_target;Stopped;1125445;-3680;-6068;12829;10721
11;M2_cued_target;Stopped;1125462;-3680;-6068;12829;10721
11;M2_cued_target;Stopped;1125479;-3680;-6068;12829;10721
11;M2_cued_target;Stopped;1125496;-3680;-6068;12829;10721
11;M2_cued_target;Stopped;1125529;-3680;-6068;12829;10721
11;M2_cued_target;Stopped;1125546;-3680;-6068;12829;10721
11;M2_cued_target;Stopped;1125562;-3680;-6068;12829;10721
11;M2_cued_target;Stopped;1125579;-3680;-6068;12829;10721
11;M2_cued_target;Stopped;1125596;-3680;-6068;12829;10721
11;M2_cued_target;Stopped;1125612;-3680;-6068;12829;10721
11;M2_cued_target;Stopped;1125628;-3680;-6068;12829;10721
11;M2_cued_target;Stopped;1125645;-3680;-6068;12829;10721
11;M2_cued_target;Stopped;1125661;-3680;-6068;12829;10721
11;M2_cued_target;Stopped;1125678;-3680;-6068;12829;10721
11;M2_cued_target;Stopped;1125695;-3680;-6068;12829;10721
11;M2_cued_target;Stopped;1125711;-3680;-6068;12829;10721
11;M2_cued_target;Stopped;1125728;-3680;-6068;12829;10721
11;M2_cued_target;Stopped;1125745;-3680;-6068;12829;10721
11;M2_cued_target;Stopped;1125761;-3680;-6068;12829;10721
11;M2_cued_target;Stopped;1125778;-3680;-6068;12829;10721
11;M2_cued_target;Stopped;1125795;-3680;-6068;12829;10721
11;M2_cued_target;Stopped;1125811;-3680;-6068;12829;10721
11;M2_cued_target;Stopped;1125828;-3680;-6068;12829;10721
11;M2_cued_target;Stopped;1125845;-3680;-6068;12829;10721
11;M2_cued_target;Stopped;1125861;-3680;-6068;12829;10721
11;M2_cued_target;Stopped;1125878;-3680;-6068;12829;10721
11;M2_cued_target;End;1140127;-3680;-6068;12829;10721
12;L3_hidden_target;Begin;1140127;-7000;6999;0;0
12;L3_hidden_target;Stopped;1166999;-4971;-6020;14194;13177
12;L3_hidden_target;Stopped;1167016;-4971;-6020;14194;13177
12;L3_hidden_target;Stopped;1167033;-4971;-6020;14194;13177
12;L3_hidden_target;Stopped;1167049;-4971;-6020;14194;13177
12;L3_hidden_target;Stopped;1167066;-4971;-6020;14194;13177
12;L3_hidden_target;Stopped;1167083;-4971;-6020;14194;13177
12;L3_hidden_target;Stopped;1167099;-4971;-6020;14194;13177
12;L3_hidden_target;Stopped;1167116;-4971;-6020;14194;13177
12;L3_hidden_target;Stopped;1167132;-4971;-6020;14194;13177
12;L3_hidden_target;Stopped;1167149;-4971;-6020;14194;13177
12;L3_hidden_target;Stopped;1167166;-4971;-6020;14194;13177
12;L3_hidden_target;Stopped;1167182;-4971;-6020;14194;13177
12;L3_hidden_target;Stopped;1167199;-4971;-6020;14194;13177
12;L3_hidden_target;Stopped;1167216;-4971;-6020;14194;13177
12;L3_hidden_target;Stopped;1167232;-4971;-6020;14194;13177
12;L3_hidden_target;Stopped;1167249;-4971;-6020;14194;13177
12;L3_hidden_target;Stopped;1167266;-4971;-6020;14194;13177
12;L3_hidden_target;Stopped;1167282;-4971;-6020;14194;13177
12;L3_hidden_target;Stopped;1167299;-4971;-6020;14194;13177
12;L3_hidden_target;Stopped;1167316;-4971;-6020;14194;13177
12;L3_hidden_target;Stopped;1167333;-4971;-6020;14194;13177
12;L3_hidden_target;Stopped;1167349;-4971;-6020;14194;13177
12;L3_hidden_target;Stopped;1167366;-4971;-6020;14194;13177
12;L3_hidden_target;Stopped;1167382;-4971;-6020;14194;13177
12;L3_hidden_target;Stopped;1167403;-4971;-6020;14194;13177
12;L3_hidden_target;Stopped;1167420;-4971;-6020;14194;13177
12;L3_hidden_target;Stopped;1167433;-4971;-6020;14194;13177
12;L3_hidden_target;Stopped;1167449;-4971;-6020;14194;13177
12;L3_hidden_target;Stopped;1167468;-4971;-6020;14194;13177
12;L3_hidden_target;End;1182028;-4971;-6020;14194;13177
13;M3_cued_target;Begin;1182028;-7000;6999;0;0
13;M3_cued_target;Stopped;1358377;-3766;-5424;40995;12838
13;M3_cued_target;Stopped;1358390;-3766;-5424;40995;12838
13;M3_cued_target;Stopped;1358410;-3766;-5424;40995;12838
13;M3_cued_target;Stopped;1358423;-3766;-5424;40995;12838
13;M3_cued_target;Stopped;1358440;-3766;-5424;40995;12838
13;M3_cued_target;Stopped;1358456;-3766;-5424;40995;12838
13;M3_cued_target;Stopped;1358473;-3766;-5424;40995;12838
13;M3_cued_target;Stopped;1358490;-3766;-5424;40995;12838
13;M3_cued_target;Stopped;1358523;-3766;-5424;40995;12838
13;M3_cued_target;Stopped;1358540;-3766;-5424;40995;12838
13;M3_cued_target;Stopped;1358560;-3766;-5424;40995;12838
13;M3_cued_target;Stopped;1358573;-3766;-5424;40995;12838
13;M3_cued_target;Stopped;1358590;-3766;-5424;40995;12838
13;M3_cued_target;Stopped;1358606;-3766;-5424;40995;12838
13;M3_cued_target;Stopped;1358623;-3766;-5424;40995;12838
13;M3_cued_target;Stopped;1358639;-3766;-5424;40995;12838
13;M3_cued_target;Stopped;1358656;-3766;-5424;40995;12838
13;M3_cued_target;Stopped;1358673;-3766;-5424;40995;12838
13;M3_cued_target;Stopped;1358689;-3766;-5424;40995;12838
13;M3_cued_target;Stopped;1358706;-3766;-5424;40995;12838
13;M3_cued_target;Stopped;1358723;-3766;-5424;40995;12838
13;M3_cued_target;Stopped;1358739;-3766;-5424;40995;12838
13;M3_cued_target;Stopped;1358756;-3766;-5424;40995;12838
13;M3_cued_target;Stopped;1358773;-3766;-5424;40995;12838
13;M3_cued_target;Stopped;1358789;-3766;-5424;40995;12838
13;M3_cued_target;Stopped;1358806;-3766;-5424;40995;12838
13;M3_cued_target;Stopped;1358823;-3766;-5424;40995;12838
13;M3_cued_target;Stopped;1358839;-3766;-5424;40995;12838
13;M3_cued_target;Stopped;1358856;-3766;-5424;40995;12838
13;M3_cued_target;Stopped;1358873;-3766;-5424;40995;12838
13;M3_cued_target;Stopped;1358889;-3766;-5424;40995;12838
13;M3_cued_target;Stopped;1358906;-3766;-5424;40995;12838
13;M3_cued_target;Stopped;1358923;-3766;-5424;40995;12838
13;M3_cued_target;Stopped;1358939;-3766;-5424;40995;12838
13;M3_cued_target;End;1373405;-3766;-5424;40995;12838
14;L2_hidden_target;Begin;1373405;7000;-7000;0;0
14;L2_hidden_target;Stopped;1392879;-3757;-6695;11368;10761
14;L2_hidden_target;Stopped;1392896;-3757;-6695;11368;10761
14;L2_hidden_target;Stopped;1392913;-3757;-6695;11368;10761
14;L2_hidden_target;Stopped;1392930;-3757;-6695;11368;10761
14;L2_hidden_target;Stopped;1392946;-3757;-6695;11368;10761
14;L2_hidden_target;Stopped;1392963;-3757;-6695;11368;10761
14;L2_hidden_target;Stopped;1392980;-3757;-6695;11368;10761
14;L2_hidden_target;Stopped;1392996;-3757;-6695;11368;10761
14;L2_hidden_target;Stopped;1393013;-3757;-6695;11368;10761
14;L2_hidden_target;Stopped;1393030;-3757;-6695;11368;10761
14;L2_hidden_target;Stopped;1393046;-3757;-6695;11368;10761
14;L2_hidden_target;Stopped;1393063;-3757;-6695;11368;10761
14;L2_hidden_target;Stopped;1393079;-3757;-6695;11368;10761
14;L2_hidden_target;End;1407907;-3757;-6695;11368;10761
15;M1_cued_target;Begin;1407907;7000;7000;0;0
15;M1_cued_target;Stopped;1493864;-3682;-5932;19731;16773
15;M1_cued_target;Stopped;1493881;-3682;-5932;19731;16773
15;M1_cued_target;Stopped;1493901;-3682;-5932;19731;16773
15;M1_cued_target;Stopped;1493917;-3682;-5932;19731;16773
15;M1_cued_target;Stopped;1493931;-3682;-5932;19731;16773
15;M1_cued_target;Stopped;1493948;-3682;-5932;19731;16773
15;M1_cued_target;Stopped;1493969;-3682;-5932;19731;16773
15;M1_cued_target;Stopped;1493984;-3682;-5932;19731;16773
15;M1_cued_target;Stopped;1494000;-3682;-5932;19731;16773
15;M1_cued_target;Stopped;1494015;-3682;-5932;19731;16773
15;M1_cued_target;Stopped;1494032;-3682;-5932;19731;16773
15;M1_cued_target;Stopped;1494049;-3682;-5932;19731;16773
15;M1_cued_target;Stopped;1494065;-3682;-5932;19731;16773
15;M1_cued_target;Stopped;1494082;-3682;-5932;19731;16773
15;M1_cued_target;Stopped;1494099;-3682;-5932;19731;16773
15;M1_cued_target;Stopped;1494115;-3682;-5932;19731;16773
15;M1_cued_target;Stopped;1494132;-3682;-5932;19731;16773
15;M1_cued_target;Stopped;1494148;-3682;-5932;19731;16773
15;M1_cued_target;Stopped;1494165;-3682;-5932;19731;16773
15;M1_cued_target;Stopped;1494182;-3682;-5932;19731;16773
15;M1_cued_target;Stopped;1494198;-3682;-5932;19731;16773
15;M1_cued_target;Stopped;1494215;-3682;-5932;19731;16773
15;M1_cued_target;Stopped;1494232;-3682;-5932;19731;16773
15;M1_cued_target;Stopped;1494249;-3682;-5932;19731;16773
15;M1_cued_target;Stopped;1494265;-3682;-5932;19731;16773
15;M1_cued_target;Stopped;1494282;-3682;-5932;19731;16773
15;M1_cued_target;Stopped;1494299;-3682;-5932;19731;16773
15;M1_cued_target;Stopped;1494315;-3682;-5932;19731;16773
15;M1_cued_target;Stopped;1494332;-3682;-5932;19731;16773
15;M1_cued_target;End;1508893;-3682;-5932;19731;16773
16;L3_hidden_target;Begin;1508893;-7000;6999;0;0
16;L3_hidden_target;Stopped;1534053;-4613;-5408;14781;12635
16;L3_hidden_target;Stopped;1534069;-4613;-5408;14781;12635
16;L3_hidden_target;Stopped;1534086;-4613;-5408;14781;12635
16;L3_hidden_target;Stopped;1534103;-4613;-5408;14781;12635
16;L3_hidden_target;Stopped;1534119;-4613;-5408;14781;12635
16;L3_hidden_target;Stopped;1534136;-4613;-5408;14781;12635
16;L3_hidden_target;Stopped;1534153;-4613;-5408;14781;12635
16;L3_hidden_target;Stopped;1534169;-4613;-5408;14781;12635
16;L3_hidden_target;Stopped;1534186;-4613;-5408;14781;12635
16;L3_hidden_target;Stopped;1534203;-4613;-5408;14781;12635
16;L3_hidden_target;Stopped;1534219;-4613;-5408;14781;12635
16;L3_hidden_target;Stopped;1534236;-4613;-5408;14781;12635
16;L3_hidden_target;Stopped;1534253;-4613;-5408;14781;12635
16;L3_hidden_target;Stopped;1534269;-4613;-5408;14781;12635
16;L3_hidden_target;Stopped;1534286;-4613;-5408;14781;12635
16;L3_hidden_target;Stopped;1534303;-4613;-5408;14781;12635
16;L3_hidden_target;Stopped;1534319;-4613;-5408;14781;12635
16;L3_hidden_target;Stopped;1534336;-4613;-5408;14781;12635
16;L3_hidden_target;End;1549081;-4613;-5408;14781;12635
16;L3_hidden_target;Begin;1549081;-4613;-5408;14781;12635
