1;M3_cued_target;Stopped;173726;-4419;-5418;34119;12683
1;M3_cued_target;Stopped;173742;-4419;-5418;34119;12683
1;M3_cued_target;Stopped;173759;-4419;-5418;34119;12683
1;M3_cued_target;Stopped;173776;-4419;-5418;34119;12683
1;M3_cued_target;Stopped;173793;-4419;-5418;34119;12683
1;M3_cued_target;Stopped;173809;-4419;-5418;34119;12683
1;M3_cued_target;Stopped;173826;-4419;-5418;34119;12683
1;M3_cued_target;Stopped;173843;-4419;-5418;34119;12683
1;M3_cued_target;Stopped;173859;-4419;-5418;34119;12683
1;M3_cued_target;Stopped;173876;-4419;-5418;34119;12683
1;M3_cued_target;Stopped;173893;-4419;-5418;34119;12683
1;M3_cued_target;Stopped;173909;-4419;-5418;34119;12683
1;M3_cued_target;Stopped;173926;-4419;-5418;34119;12683
1;M3_cued_target;Stopped;173943;-4419;-5418;34119;12683
1;M3_cued_target;Stopped;173959;-4419;-5418;34119;12683
1;M3_cued_target;Stopped;173976;-4419;-5418;34119;12683
1;M3_cued_target;Stopped;173992;-4419;-5418;34119;12683
1;M3_cued_target;Stopped;174009;-4419;-5418;34119;12683
1;M3_cued_target;Stopped;174026;-4419;-5418;34119;12683
1;M3_cued_target;Stopped;174043;-4419;-5418;34119;12683
1;M3_cued_target;Stopped;174059;-4419;-5418;34119;12683
1;M3_cued_target;Stopped;174076;-4419;-5418;34119;12683
1;M3_cued_target;Stopped;174092;-4419;-5418;34119;12683
1;M3_cued_target;Stopped;174109;-4419;-5418;34119;12683
1;M3_cued_target;End;188754;-4419;-5418;34119;12683
2;L1_hidden_target;Begin;188754;7000;7000;0;0
2;L1_hidden_target;Stopped;233525;-3681;-5713;19384;16604
2;L1_hidden_target;Stopped;233542;-3681;-5713;19384;16604
2;L1_hidden_target;Stopped;233563;-3681;-5713;19384;16604
2;L1_hidden_target;Stopped;233580;-3681;-5713;19384;16604
2;L1_hidden_target;Stopped;233593;-3681;-5713;19384;16604
2;L1_hidden_target;Stopped;233609;-3681;-5713;19384;16604
2;L1_hidden_target;Stopped;233626;-3681;-5713;19384;16604
2;L1_hidden_target;Stopped;233643;-3681;-5713;19384;16604
2;L1_hidden_target;Stopped;233659;-3681;-5713;19384;16604
2;L1_hidden_target;Stopped;233676;-3681;-5713;19384;16604
2;L1_hidden_target;Stopped;233693;-3681;-5713;19384;16604
2;L1_hidden_target;Stopped;233709;-3681;-5713;19384;16604
2;L1_hidden_target;Stopped;233726;-3681;-5713;19384;16604
2;L1_hidden_target;Stopped;233743;-3681;-5713;19384;16604
2;L1_hidden_target;Stopped;233759;-3681;-5713;19384;16604
2;L1_hidden_target;Stopped;233780;-3681;-5713;19384;16604
2;L1_hidden_target;End;248553;-3681;-5713;19384;16604
3;M1_cued_target;Begin;248553;7000;7000;0;0
3;M1_cued_target;Stopped;358367;-4100;-5417;23261;16655
3;M1_cued_target;Stopped;358384;-4100;-5417;23261;16655
3;M1_cued_target;Stopped;358401;-4100;-5417;23261;16655
3;M1_cued_target;Stopped;358417;-4100;-5417;23261;16655
3;M1_cued_target;Stopped;358434;-4100;-5417;23261;16655
3;M1_cued_target;Stopped;358451;-4100;-5417;23261;16655
3;M1_cued_target;Stopped;358467;-4100;-5417;23261;16655
3;M1_cued_target;Stopped;358484;-4100;-5417;23261;16655
3;M1_cued_target;Stopped;358501;-4100;-5417;23261;16655
3;M1_cued_target;Stopped;358534;-4100;-5417;23261;16655
3;M1_cued_target;Stopped;358551;-4100;-5417;23261;16655
3;M1_cued_target;Stopped;358567;-4100;-5417;23261;16655
3;M1_cued_target;Stopped;358584;-4100;-5417;23261;16655
3;M1_cued_target;Stopped;358601;-4100;-5417;23261;16655
3;M1_cued_target;Stopped;358617;-4100;-5417;23261;16655
3;M1_cued_target;End;373396;-4100;-5417;23261;16655
4;L2_hidden_target;Begin;373396;7000;-7000;0;0
4;L2_hidden_target;Stopped;399223;-3687;-5639;12068;10773
4;L2_hidden_target;Stopped;399240;-3687;-5639;12068;10773
4;L2_hidden_target;Stopped;399257;-3687;-5639;12068;10773
4;L2_hidden_target;Stopped;399273;-3687;-5639;12068;10773
4;L2_hidden_target;Stopped;399290;-3687;-5639;12068;10773
4;L2_hidden_target;Stopped;399307;-3687;-5639;12068;10773
4;L2_hidden_target;Stopped;399323;-3687;-5639;12068;10773
4;L2_hidden_target;Stopped;399340;-3687;-5639;12068;10773
4;L2_hidden_target;Stopped;399357;-3687;-5639;12068;10773
4;L2_hidden_target;Stopped;399373;-3687;-5639;12068;10773
4;L2_hidden_target;Stopped;399390;-3687;-5639;12068;10773
4;L2_hidden_target;Stopped;399407;-3687;-5639;12068;10773
4;L2_hidden_target;Stopped;399423;-3687;-5639;12068;10773
4;L2_hidden_target;End;414251;-3687;-5639;12068;10773
5;M2_cued_target;Begin;414251;7000;-7000;0;0
5;M2_cued_target;Stopped;469083;-3683;-6301;11141;10706
5;M2_cued_target;Stopped;469099;-3683;-6301;11141;10706
5;M2_cued_target;Stopped;469116;-3683;-6301;11141;10706
5;M2_cued_target;Stopped;469132;-3683;-6301;11141;10706
5;M2_cued_target;Stopped;469149;-3683;-6301;11141;10706
5;M2_cued_target;Stopped;469165;-3683;-6301;11141;10706
5;M2_cued_target;Stopped;469182;-3683;-6301;11141;10706
5;M2_cued_target;Stopped;469199;-3683;-6301;11141;10706
5;M2_cued_target;Stopped;469215;-3683;-6301;11141;10706
5;M2_cued_target;Stopped;469232;-3683;-6301;11141;10706
5;M2_cued_target;Stopped;469249;-3683;-6301;11141;10706
5;M2_cued_target;Stopped;469265;-3683;-6301;11141;10706
5;M2_cued_target;Stopped;469282;-3683;-6301;11141;10706
5;M2_cued_target;Stopped;469299;-3683;-6301;11141;10706
5;M2_cued_target;Stopped;469315;-3683;-6301;11141;10706
5;M2_cued_target;Stopped;469332;-3683;-6301;11141;10706
5;M2_cued_target;End;484111;-3683;-6301;11141;10706
6;L3_hidden_target;Begin;484111;-7000;6999;0;0
6;L3_hidden_target;Stopped;553141;-3703;-5414;38176;12844
6;L3_hidden_target;Stopped;553158;-3703;-5414;38176;12844
6;L3_hidden_target;Stopped;553174;-3703;-5414;38176;12844
6;L3_hidden_target;Stopped;553191;-3703;-5414;38176;12844
6;L3_hidden_target;Stopped;553208;-3703;-5414;38176;12844
6;L3_hidden_target;Stopped;553224;-3703;-5414;38176;12844
6;L3_hidden_target;Stopped;553241;-3703;-5414;38176;12844
6;L3_hidden_target;Stopped;553257;-3703;-5414;38176;12844
6;L3_hidden_target;Stopped;553274;-3703;-5414;38176;12844
6;L3_hidden_target;Stopped;553290;-3703;-5414;38176;12844
6;L3_hidden_target;Stopped;553307;-3703;-5414;38176;12844
6;L3_hidden_target;Stopped;553324;-3703;-5414;38176;12844
6;L3_hidden_target;End;568170;-3703;-5414;38176;12844
7;M1_cued_target;Begin;568170;6999;6999;0;0
7;M1_cued_target;Stopped;657393;-3712;-5423;18337;16403
7;M1_cued_target;Stopped;657410;-3712;-5423;18337;16403
7;M1_cued_target;Stopped;657427;-3712;-5423;18337;16403
7;M1_cued_target;Stopped;657443;-3712;-5423;18337;16403
7;M1_cued_target;Stopped;657456;-3712;-5423;18337;16403
7;M1_cued_target;Stopped;657473;-3712;-5423;18337;16403
7;M1_cued_target;Stopped;657489;-3712;-5423;18337;16403
7;M1_cued_target;Stopped;657522;-3712;-5423;18337;16403
7;M1_cued_target;Stopped;657539;-3712;-5423;18337;16403
7;M1_cued_target;Stopped;657556;-3712;-5423;18337;16403
7;M1_cued_target;Stopped;657572;-3712;-5423;18337;16403
7;M1_cued_target;Stopped;657589;-3712;-5423;18337;16403
7;M1_cued_target;End;672422;-3712;-5423;18337;16403
8;L2_hidden_target;Begin;672422;7000;-7000;0;0
8;L2_hidden_target;Stopped;700092;-4313;-6705;12213;11317
8;L2_hidden_target;Stopped;700109;-4313;-6705;12213;11317
8;L2_hidden_target;Stopped;700126;-4313;-6705;12213;11317
8;L2_hidden_target;Stopped;700143;-4313;-6705;12213;11317
8;L2_hidden_target;Stopped;700159;-4313;-6705;12213;11317
8;L2_hidden_target;Stopped;700176;-4313;-6705;12213;11317
8;L2_hidden_target;Stopped;700193;-4313;-6705;12213;11317
8;L2_hidden_target;Stopped;700209;-4313;-6705;12213;11317
8;L2_hidden_target;Stopped;700226;-4313;-6705;12213;11317
8;L2_hidden_target;Stopped;700243;-4313;-6705;12213;11317
8;L2_hidden_target;Stopped;700259;-4313;-6705;12213;11317
8;L2_hidden_target;Stopped;700276;-4313;-6705;12213;11317
8;L2_hidden_target;Stopped;700293;-4313;-6705;12213;11317
8;L2_hidden_target;Stopped;700309;-4313;-6705;12213;11317
8;L2_hidden_target;Stopped;700326;-4313;-6705;12213;11317
8;L2_hidden_target;End;715123;-4313;-6705;12213;11317
9;M3_cued_target;Begin;715123;-7000;7000;0;0
9;M3_cued_target;Stopped;785416;-4228;-5417;14036;12723
9;M3_cued_target;Stopped;785432;-4228;-5417;14036;12723
9;M3_cued_target;Stopped;785449;-4228;-5417;14036;12723
9;M3_cued_target;Stopped;785466;-4228;-5417;14036;12723
9;M3_cued_target;Stopped;785483;-4228;-5417;14036;12723
9;M3_cued_target;Stopped;785520;-4228;-5417;14036;12723
9;M3_cued_target;Stopped;785536;-4228;-5417;14036;12723
9;M3_cued_target;Stopped;785549;-4228;-5417;14036;12723
9;M3_cued_target;Stopped;785566;-4228;-5417;14036;12723
9;M3_cued_target;Stopped;785583;-4228;-5417;14036;12723
9;M3_cued_target;End;800443;-4228;-5417;14036;12723
10;L1_hidden_target;Begin;800443;7000;7000;0;0
10;L1_hidden_target;Stopped;833240;-3837;-5412;17697;16477
10;L1_hidden_target;Stopped;833252;-3837;-5412;17697;16477
10;L1_hidden_target;Stopped;833269;-3837;-5412;17697;16477
10;L1_hidden_target;Stopped;833290;-3837;-5412;17697;16477
10;L1_hidden_target;Stopped;833303;-3837;-5412;17697;16477
10;L1_hidden_target;Stopped;833319;-3837;-5412;17697;16477
10;L1_hidden_target;Stopped;833336;-3837;-5412;17697;16477
10;L1_hidden_target;Stopped;833353;-3837;-5412;17697;16477
10;L1_hidden_target;Stopped;833369;-3837;-5412;17697;16477
10;L1_hidden_target;Stopped;833386;-3837;-5412;17697;16477
10;L1_hidden_target;Stopped;833402;-3837;-5412;17697;16477
10;L1_hidden_target;End;848265;-3837;-5412;17697;16477
11;M2_cued_target;Begin;848265;7000;-7000;0;0
11;M2_cued_target;Stopped;1008744;-4420;-5417;36189;11529
11;M2_cued_target;Stopped;1008761;-4420;-5417;36189;11529
11;M2_cued_target;Stopped;1008778;-4420;-5417;36189;11529
11;M2_cued_target;Stopped;1008794;-4420;-5417;36189;11529
11;M2_cued_target;Stopped;1008811;-4420;-5417;36189;11529
11;M2_cued_target;Stopped;1008828;-4420;-5417;36189;11529
11;M2_cued_target;Stopped;1008844;-4420;-5417;36189;11529
11;M2_cued_target;Stopped;1008861;-4420;-5417;36189;11529
11;M2_cued_target;Stopped;1008878;-4420;-5417;36189;11529
11;M2_cued_target;Stopped;1008894;-4420;-5417;36189;11529
11;M2_cued_target;Stopped;1008911;-4420;-5417;36189;11529
11;M2_cued_target;Stopped;1008928;-4420;-5417;36189;11529
11;M2_cued_target;Stopped;1008944;-4420;-5417;36189;11529
11;M2_cued_target;End;1023773;-4420;-5417;36189;11529
12;L3_hidden_target;Begin;1023773;-7000;7000;0;0
12;L3_hidden_target;Stopped;1058014;-4961;-6542;16230;13694
12;L3_hidden_target;Stopped;1058030;-4961;-6542;16230;13694
12;L3_hidden_target;Stopped;1058047;-4961;-6542;16230;13694
12;L3_hidden_target;Stopped;1058064;-4961;-6542;16230;13694
12;L3_hidden_target;Stopped;1058081;-4961;-6542;16230;13694
12;L3_hidden_target;Stopped;1058097;-4961;-6542;16230;13694
12;L3_hidden_target;Stopped;1058114;-4961;-6542;16230;13694
12;L3_hidden_target;Stopped;1058131;-4961;-6542;16230;13694
12;L3_hidden_target;Stopped;1058147;-4961;-6542;16230;13694
12;L3_hidden_target;Stopped;1058164;-4961;-6542;16230;13694
12;L3_hidden_target;Stopped;1058181;-4961;-6542;16230;13694
12;L3_hidden_target;Stopped;1058197;-4961;-6542;16230;13694
12;L3_hidden_target;Stopped;1058214;-4961;-6542;16230;13694
12;L3_hidden_target;End;1073043;-4961;-6542;16230;13694
13;M3_cued_target;Begin;1073043;-7000;7000;0;0
13;M3_cued_target;Stopped;1183406;-3688;-5548;25024;12977
13;M3_cued_target;Stopped;1183422;-3688;-5548;25024;12977
13;M3_cued_target;Stopped;1183439;-3688;-5548;25024;12977
13;M3_cued_target;Stopped;1183456;-3688;-5548;25024;12977
13;M3_cued_target;Stopped;1183472;-3688;-5548;25024;12977
13;M3_cued_target;Stopped;1183506;-3688;-5548;25024;12977
13;M3_cued_target;Stopped;1183522;-3688;-5548;25024;12977
13;M3_cued_target;Stopped;1183539;-3688;-5548;25024;12977
13;M3_cued_target;Stopped;1183556;-3688;-5548;25024;12977
13;M3_cued_target;Stopped;1183572;-3688;-5548;25024;12977
13;M3_cued_target;Stopped;1183589;-3688;-5548;25024;12977
13;M3_cued_target;End;1198434;-3688;-5548;25024;12977
14;L2_hidden_target;Begin;1198434;7000;-7000;0;0
14;L2_hidden_target;Stopped;1227743;-4964;-6403;14355;11979
14;L2_hidden_target;Stopped;1227759;-4964;-6403;14355;11979
14;L2_hidden_target;Stopped;1227776;-4964;-6403;14355;11979
14;L2_hidden_target;Stopped;1227793;-4964;-6403;14355;11979
14;L2_hidden_target;Stopped;1227809;-4964;-6403;14355;11979
14;L2_hidden_target;Stopped;1227826;-4964;-6403;14355;11979
14;L2_hidden_target;Stopped;1227843;-4964;-6403;14355;11979
14;L2_hidden_target;Stopped;1227860;-4964;-6403;14355;11979
14;L2_hidden_target;Stopped;1227876;-4964;-6403;14355;11979
14;L2_hidden_target;Stopped;1227893;-4964;-6403;14355;11979
14;L2_hidden_target;Stopped;1227909;-4964;-6403;14355;11979
14;L2_hidden_target;End;1242771;-4964;-6403;14355;11979
15;M1_cued_target;Begin;1242771;6999;7000;0;0
15;M1_cued_target;Stopped;1462517;-3681;-5933;48832;16773
15;M1_cued_target;Stopped;1462534;-3681;-5933;48832;16773
15;M1_cued_target;Stopped;1462551;-3681;-5933;48832;16773
15;M1_cued_target;Stopped;1462567;-3681;-5933;48832;16773
15;M1_cued_target;Stopped;1462584;-3681;-5933;48832;16773
15;M1_cued_target;Stopped;1462601;-3681;-5933;48832;16773
15;M1_cued_target;Stopped;1462617;-3681;-5933;48832;16773
15;M1_cued_target;Stopped;1462634;-3681;-5933;48832;16773
15;M1_cued_target;Stopped;1462651;-3681;-5933;48832;16773
15;M1_cued_target;Stopped;1462667;-3681;-5933;48832;16773
15;M1_cued_target;Stopped;1462684;-3681;-5933;48832;16773
15;M1_cued_target;Stopped;1462701;-3681;-5933;48832;16773
15;M1_cued_target;Stopped;1462717;-3681;-5933;48832;16773
15;M1_cued_target;Stopped;1462734;-3681;-5933;48832;16773
15;M1_cued_target;Stopped;1462751;-3681;-5933;48832;16773
15;M1_cued_target;Stopped;1462767;-3681;-5933;48832;16773
15;M1_cued_target;End;1477547;-3681;-5933;48832;16773
16;L3_hidden_target;Begin;1477547;-7000;7000;0;0
16;L3_hidden_target;Stopped;1515835;-4964;-6448;19886;13601
16;L3_hidden_target;Stopped;1515851;-4964;-6448;19886;13601
16;L3_hidden_target;Stopped;1515868;-4964;-6448;19886;13601
16;L3_hidden_target;Stopped;1515884;-4964;-6448;19886;13601
16;L3_hidden_target;Stopped;1515901;-4964;-6448;19886;13601
16;L3_hidden_target;Stopped;1515918;-4964;-6448;19886;13601
16;L3_hidden_target;Stopped;1515934;-4964;-6448;19886;13601
16;L3_hidden_target;Stopped;1515951;-4964;-6448;19886;13601
16;L3_hidden_target;Stopped;1515968;-4964;-6448;19886;13601
16;L3_hidden_target;Stopped;1515985;-4964;-6448;19886;13601
16;L3_hidden_target;Stopped;1516001;-4964;-6448;19886;13601
16;L3_hidden_target;Stopped;1516018;-4964;-6448;19886;13601
16;L3_hidden_target;End;1530863;-4964;-6448;19886;13601
16;L3_hidden_target;Begin;1530863;-4964;-6448;19886;13601
