1;M3_cued_target;Stopped;72476;-4553;-5418;13555;12657
1;M3_cued_target;Stopped;72493;-4553;-5418;13555;12657
1;M3_cued_target;Stopped;72543;-4553;-5418;13555;12657
1;M3_cued_target;Stopped;72559;-4553;-5418;13555;12657
1;M3_cued_target;Stopped;72576;-4553;-5418;13555;12657
1;M3_cued_target;Stopped;72593;-4553;-5418;13555;12657
1;M3_cued_target;Stopped;72609;-4553;-5418;13555;12657
1;M3_cued_target;Stopped;72626;-4553;-5418;13555;12657
1;M3_cued_target;Stopped;72643;-4553;-5418;13555;12657
1;M3_cued_target;End;80807;-4553;-5418;13555;12657
2;L2_hidden_target;Begin;80807;7000;-7000;0;0
2;L2_hidden_target;Stopped;143455;-9254;1990;37902;18575
2;L2_hidden_target;Stopped;143472;-9254;1990;37902;18575
2;L2_hidden_target;Stopped;143489;-9254;1990;37902;18575
2;L2_hidden_target;End;158484;-9254;1990;37902;18575
3;M1_cued_target;Begin;158484;7000;7000;0;0
3;M1_cued_target;Stopped;449823;-3681;-6322;65435;17075
3;M1_cued_target;Stopped;449839;-3681;-6322;65435;17075
3;M1_cued_target;Stopped;449856;-3681;-6322;65435;17075
3;M1_cued_target;Stopped;449873;-3681;-6322;65435;17075
3;M1_cued_target;Stopped;449890;-3681;-6322;65435;17075
3;M1_cued_target;Stopped;449906;-3681;-6322;65435;17075
3;M1_cued_target;Stopped;449923;-3681;-6322;65435;17075
3;M1_cued_target;Stopped;449940;-3681;-6322;65435;17075
3;M1_cued_target;Stopped;449956;-3681;-6322;65435;17075
3;M1_cued_target;Stopped;449973;-3681;-6322;65435;17075
3;M1_cued_target;End;464851;-3681;-6322;65435;17075
4;L2_hidden_target;Begin;464851;7000;-7000;0;0
4;L2_hidden_target;Stopped;485846;-3681;-6077;11375;10720
4;L2_hidden_target;Stopped;485863;-3681;-6077;11375;10720
4;L2_hidden_target;Stopped;485880;-3681;-6077;11375;10720
4;L2_hidden_target;Stopped;485896;-3681;-6077;11375;10720
4;L2_hidden_target;Stopped;485913;-3681;-6077;11375;10720
4;L2_hidden_target;Stopped;485930;-3681;-6077;11375;10720
4;L2_hidden_target;Stopped;485946;-3681;-6077;11375;10720
4;L2_hidden_target;Stopped;485963;-3681;-6077;11375;10720
4;L2_hidden_target;Stopped;485980;-3681;-6077;11375;10720
4;L2_hidden_target;Stopped;485996;-3681;-6077;11375;10720
4;L2_hidden_target;Stopped;486013;-3681;-6077;11375;10720
4;L2_hidden_target;Stopped;486030;-3681;-6077;11375;10720
4;L2_hidden_target;Stopped;486046;-3681;-6077;11375;10720
4;L2_hidden_target;End;500875;-3681;-6077;11375;10720
5;M2_cued_target;Begin;500875;6999;-7000;0;0
5;M2_cued_target;Stopped;676617;-3688;-5513;39759;10790
5;M2_cued_target;Stopped;676634;-3688;-5513;39759;10790
5;M2_cued_target;Stopped;676651;-3688;-5513;39759;10790
5;M2_cued_target;Stopped;676668;-3688;-5513;39759;10790
5;M2_cued_target;Stopped;676684;-3688;-5513;39759;10790
5;M2_cued_target;Stopped;676701;-3688;-5513;39759;10790
5;M2_cued_target;Stopped;676718;-3688;-5513;39759;10790
5;M2_cued_target;Stopped;676734;-3688;-5513;39759;10790
5;M2_cued_target;Stopped;676751;-3688;-5513;39759;10790
5;M2_cued_target;Stopped;676768;-3688;-5513;39759;10790
5;M2_cued_target;Stopped;676784;-3688;-5513;39759;10790
5;M2_cued_target;Stopped;676801;-3688;-5513;39759;10790
5;M2_cued_target;End;691646;-3688;-5513;39759;10790
6;L2_hidden_target;Begin;691646;7000;-7000;0;0
6;L2_hidden_target;Stopped;713558;-3682;-6290;11257;10705
6;L2_hidden_target;Stopped;713575;-3682;-6290;11257;10705
6;L2_hidden_target;Stopped;713595;-3682;-6290;11257;10705
6;L2_hidden_target;Stopped;713612;-3682;-6290;11257;10705
6;L2_hidden_target;Stopped;713625;-3682;-6290;11257;10705
6;L2_hidden_target;Stopped;713641;-3682;-6290;11257;10705
6;L2_hidden_target;Stopped;713658;-3682;-6290;11257;10705
6;L2_hidden_target;Stopped;713674;-3682;-6290;11257;10705
6;L2_hidden_target;Stopped;713691;-3682;-6290;11257;10705
6;L2_hidden_target;Stopped;713708;-3682;-6290;11257;10705
6;L2_hidden_target;Stopped;713724;-3682;-6290;11257;10705
6;L2_hidden_target;Stopped;713741;-3682;-6290;11257;10705
6;L2_hidden_target;End;728586;-3682;-6290;11257;10705
7;M1_cued_target;Begin;728586;7000;7000;0;0
7;M1_cued_target;Stopped;851762;-4528;-5417;26292;16943
7;M1_cued_target;Stopped;851779;-4528;-5417;26292;16943
7;M1_cued_target;Stopped;851795;-4528;-5417;26292;16943
7;M1_cued_target;Stopped;851812;-4528;-5417;26292;16943
7;M1_cued_target;Stopped;851829;-4528;-5417;26292;16943
7;M1_cued_target;Stopped;851845;-4528;-5417;26292;16943
7;M1_cued_target;Stopped;851862;-4528;-5417;26292;16943
7;M1_cued_target;Stopped;851879;-4528;-5417;26292;16943
7;M1_cued_target;Stopped;851895;-4528;-5417;26292;16943
7;M1_cued_target;Stopped;851912;-4528;-5417;26292;16943
7;M1_cued_target;Stopped;851929;-4528;-5417;26292;16943
7;M1_cued_target;Stopped;851945;-4528;-5417;26292;16943
7;M1_cued_target;Stopped;851962;-4528;-5417;26292;16943
7;M1_cued_target;End;866791;-4528;-5417;26292;16943
8;L2_hidden_target;Begin;866791;7000;-7000;0;0
8;L2_hidden_target;Stopped;889467;-3680;-6596;11064;10688
8;L2_hidden_target;Stopped;889484;-3680;-6596;11064;10688
8;L2_hidden_target;Stopped;889517;-3680;-6596;11064;10688
8;L2_hidden_target;Stopped;889534;-3680;-6596;11064;10688
8;L2_hidden_target;Stopped;889551;-3680;-6596;11064;10688
8;L2_hidden_target;Stopped;889568;-3680;-6596;11064;10688
8;L2_hidden_target;End;904496;-3680;-6596;11064;10688
9;M3_cued_target;Begin;904496;-7000;7000;0;0
9;M3_cued_target;Stopped;966875;-4349;-5418;12208;12697
9;M3_cued_target;Stopped;966892;-4349;-5418;12208;12697
9;M3_cued_target;Stopped;966909;-4349;-5418;12208;12697
9;M3_cued_target;Stopped;966926;-4349;-5418;12208;12697
9;M3_cued_target;Stopped;966942;-4349;-5418;12208;12697
9;M3_cued_target;Stopped;966959;-4349;-5418;12208;12697
9;M3_cued_target;Stopped;966976;-4349;-5418;12208;12697
9;M3_cued_target;Stopped;966992;-4349;-5418;12208;12697
9;M3_cued_target;Stopped;967013;-4349;-5418;12208;12697
9;M3_cued_target;Stopped;967029;-4349;-5418;12208;12697
9;M3_cued_target;End;981904;-4349;-5418;12208;12697
10;L2_hidden_target;Begin;981904;6999;-7000;0;0
10;L2_hidden_target;Stopped;1027224;-4830;-6707;12690;11834
10;L2_hidden_target;Stopped;1027241;-4830;-6707;12690;11834
10;L2_hidden_target;Stopped;1027258;-4830;-6707;12690;11834
10;L2_hidden_target;Stopped;1027274;-4830;-6707;12690;11834
10;L2_hidden_target;Stopped;1027291;-4830;-6707;12690;11834
10;L2_hidden_target;Stopped;1027308;-4830;-6707;12690;11834
10;L2_hidden_target;Stopped;1027324;-4830;-6707;12690;11834
10;L2_hidden_target;Stopped;1027341;-4830;-6707;12690;11834
10;L2_hidden_target;Stopped;1027358;-4830;-6707;12690;11834
10;L2_hidden_target;Stopped;1027375;-4830;-6707;12690;11834
10;L2_hidden_target;Stopped;1027391;-4830;-6707;12690;11834
10;L2_hidden_target;Stopped;1027408;-4830;-6707;12690;11834
10;L2_hidden_target;End;1042253;-4830;-6707;12690;11834
11;M2_cued_target;Begin;1042253;7000;-7000;0;0
11;M2_cued_target;Stopped;1198552;-3681;-6038;32619;10725
11;M2_cued_target;Stopped;1198569;-3681;-6038;32619;10725
11;M2_cued_target;Stopped;1198586;-3681;-6038;32619;10725
11;M2_cued_target;Stopped;1198603;-3681;-6038;32619;10725
11;M2_cued_target;Stopped;1198619;-3681;-6038;32619;10725
11;M2_cued_target;Stopped;1198636;-3681;-6038;32619;10725
11;M2_cued_target;Stopped;1198652;-3681;-6038;32619;10725
11;M2_cued_target;Stopped;1198669;-3681;-6038;32619;10725
11;M2_cued_target;Stopped;1198686;-3681;-6038;32619;10725
11;M2_cued_target;Stopped;1198702;-3681;-6038;32619;10725
11;M2_cued_target;Stopped;1198719;-3681;-6038;32619;10725
11;M2_cued_target;Stopped;1198736;-3681;-6038;32619;10725
11;M2_cued_target;Stopped;1198752;-3681;-6038;32619;10725
11;M2_cued_target;End;1213581;-3681;-6038;32619;10725
12;L2_hidden_target;Begin;1213581;7000;-7000;0;0
12;L2_hidden_target;Stopped;1236357;-3682;-6677;11142;10687
12;L2_hidden_target;Stopped;1236374;-3682;-6677;11142;10687
12;L2_hidden_target;Stopped;1236391;-3682;-6677;11142;10687
12;L2_hidden_target;Stopped;1236407;-3682;-6677;11142;10687
12;L2_hidden_target;Stopped;1236424;-3682;-6677;11142;10687
12;L2_hidden_target;Stopped;1236441;-3682;-6677;11142;10687
12;L2_hidden_target;Stopped;1236457;-3682;-6677;11142;10687
12;L2_hidden_target;Stopped;1236474;-3682;-6677;11142;10687
12;L2_hidden_target;Stopped;1236507;-3682;-6677;11142;10687
12;L2_hidden_target;End;1251386;-3682;-6677;11142;10687
13;M3_cued_target;Begin;1251386;-7000;7000;0;0
13;M3_cued_target;Stopped;1330794;-4964;-5531;14400;12695
13;M3_cued_target;Stopped;1330810;-4964;-5531;14400;12695
13;M3_cued_target;Stopped;1330827;-4964;-5531;14400;12695
13;M3_cued_target;Stopped;1330844;-4964;-5531;14400;12695
13;M3_cued_target;Stopped;1330861;-4964;-5531;14400;12695
13;M3_cued_target;Stopped;1330877;-4964;-5531;14400;12695
13;M3_cued_target;Stopped;1330894;-4964;-5531;14400;12695
13;M3_cued_target;Stopped;1330911;-4964;-5531;14400;12695
13;M3_cued_target;Stopped;1330927;-4964;-5531;14400;12695
13;M3_cued_target;Stopped;1330944;-4964;-5531;14400;12695
13;M3_cued_target;Stopped;1330961;-4964;-5531;14400;12695
13;M3_cued_target;Stopped;1330978;-4964;-5531;14400;12695
13;M3_cued_target;End;1345822;-4964;-5531;14400;12695
14;L2_hidden_target;Begin;1345822;6999;-7000;0;0
14;L2_hidden_target;Stopped;1368499;-3680;-5836;10930;10744
14;L2_hidden_target;Stopped;1368517;-3680;-5836;10930;10744
14;L2_hidden_target;Stopped;1368533;-3680;-5836;10930;10744
14;L2_hidden_target;Stopped;1368550;-3680;-5836;10930;10744
14;L2_hidden_target;Stopped;1368567;-3680;-5836;10930;10744
14;L2_hidden_target;Stopped;1368583;-3680;-5836;10930;10744
14;L2_hidden_target;Stopped;1368600;-3680;-5836;10930;10744
14;L2_hidden_target;Stopped;1368617;-3680;-5836;10930;10744
14;L2_hidden_target;End;1383529;-3680;-5836;10930;10744
15;M1_cued_target;Begin;1383529;6999;7000;0;0
15;M1_cued_target;Stopped;1471232;-3689;-5556;17237;16490
15;M1_cued_target;Stopped;1471249;-3689;-5556;17237;16490
15;M1_cued_target;Stopped;1471266;-3689;-5556;17237;16490
15;M1_cued_target;Stopped;1471283;-3689;-5556;17237;16490
15;M1_cued_target;Stopped;1471299;-3689;-5556;17237;16490
15;M1_cued_target;Stopped;1471316;-3689;-5556;17237;16490
15;M1_cued_target;Stopped;1471333;-3689;-5556;17237;16490
15;M1_cued_target;Stopped;1471349;-3689;-5556;17237;16490
15;M1_cued_target;Stopped;1471366;-3689;-5556;17237;16490
15;M1_cued_target;Stopped;1471382;-3689;-5556;17237;16490
15;M1_cued_target;End;1486261;-3689;-5556;17237;16490
16;L2_hidden_target;Begin;1486261;7000;-7000;0;0
16;L2_hidden_target;Stopped;1526000;-4590;-6701;16564;11594
16;L2_hidden_target;Stopped;1526017;-4590;-6701;16564;11594
16;L2_hidden_target;Stopped;1526033;-4590;-6701;16564;11594
16;L2_hidden_target;Stopped;1526050;-4590;-6701;16564;11594
16;L2_hidden_target;Stopped;1526067;-4590;-6701;16564;11594
16;L2_hidden_target;Stopped;1526083;-4590;-6701;16564;11594
16;L2_hidden_target;Stopped;1526100;-4590;-6701;16564;11594
16;L2_hidden_target;Stopped;1526117;-4590;-6701;16564;11594
16;L2_hidden_target;Stopped;1526133;-4590;-6701;16564;11594
16;L2_hidden_target;Stopped;1526150;-4590;-6701;16564;11594
16;L2_hidden_target;Stopped;1526167;-4590;-6701;16564;11594
16;L2_hidden_target;End;1541028;-4590;-6701;16564;11594
16;L2_hidden_target;Begin;1541028;-4590;-6701;16564;11594
