1;M3_cued_target;Stopped;74843;-4415;-5416;13446;12683
1;M3_cued_target;Stopped;74860;-4415;-5416;13446;12683
1;M3_cued_target;Stopped;74876;-4415;-5416;13446;12683
1;M3_cued_target;Stopped;74893;-4415;-5416;13446;12683
1;M3_cued_target;Stopped;74910;-4415;-5416;13446;12683
1;M3_cued_target;Stopped;74926;-4415;-5416;13446;12683
1;M3_cued_target;Stopped;74943;-4415;-5416;13446;12683
1;M3_cued_target;Stopped;74960;-4415;-5416;13446;12683
1;M3_cued_target;Stopped;74976;-4415;-5416;13446;12683
1;M3_cued_target;End;80813;-4415;-5416;13446;12683
2;L2_hidden_target;Begin;80813;7000;-7000;0;0
2;L2_hidden_target;Stopped;253304;-4823;-5422;91747;11928
2;L2_hidden_target;Stopped;253321;-4823;-5422;91747;11928
2;L2_hidden_target;Stopped;253337;-4823;-5422;91747;11928
2;L2_hidden_target;Stopped;253354;-4823;-5422;91747;11928
2;L2_hidden_target;Stopped;253371;-4823;-5422;91747;11928
2;L2_hidden_target;Stopped;253392;-4823;-5422;91747;11928
2;L2_hidden_target;Stopped;253408;-4823;-5422;91747;11928
2;L2_hidden_target;Stopped;253421;-4823;-5422;91747;11928
2;L2_hidden_target;Stopped;253438;-4823;-5422;91747;11928
2;L2_hidden_target;Stopped;253454;-4823;-5422;91747;11928
2;L2_hidden_target;End;268333;-4823;-5422;91747;11928
3;M1_cued_target;Begin;268333;6999;7000;0;0
3;M1_cued_target;Stopped;364385;-3685;-5549;19100;16483
3;M1_cued_target;Stopped;364402;-3685;-5549;19100;16483
3;M1_cued_target;Stopped;364418;-3685;-5549;19100;16483
3;M1_cued_target;Stopped;364435;-3685;-5549;19100;16483
3;M1_cued_target;Stopped;364455;-3685;-5549;19100;16483
3;M1_cued_target;Stopped;364469;-3685;-5549;19100;16483
3;M1_cued_target;Stopped;364485;-3685;-5549;19100;16483
3;M1_cued_target;Stopped;364501;-3685;-5549;19100;16483
3;M1_cued_target;Stopped;364535;-3685;-5549;19100;16483
3;M1_cued_target;End;379414;-3685;-5549;19100;16483
4;L2_hidden_target;Begin;379414;7000;-7000;0;0
4;L2_hidden_target;Stopped;414474;-3681;-5980;13178;10729
4;L2_hidden_target;Stopped;414487;-3681;-5980;13178;10729
4;L2_hidden_target;Stopped;414537;-3681;-5980;13178;10729
4;L2_hidden_target;Stopped;414558;-3681;-5980;13178;10729
4;L2_hidden_target;Stopped;414575;-3681;-5980;13178;10729
4;L2_hidden_target;End;429499;-3681;-5980;13178;10729
5;M2_cued_target;Begin;429499;7000;-7000;0;0
5;M2_cued_target;Stopped;581768;-4064;-5420;30177;11177
5;M2_cued_target;Stopped;581784;-4064;-5420;30177;11177
5;M2_cued_target;Stopped;581799;-4064;-5420;30177;11177
5;M2_cued_target;Stopped;581818;-4064;-5420;30177;11177
5;M2_cued_target;Stopped;581835;-4064;-5420;30177;11177
5;M2_cued_target;Stopped;581849;-4064;-5420;30177;11177
5;M2_cued_target;Stopped;581866;-4064;-5420;30177;11177
5;M2_cued_target;Stopped;581882;-4064;-5420;30177;11177
5;M2_cued_target;Stopped;581899;-4064;-5420;30177;11177
5;M2_cued_target;End;596795;-4064;-5420;30177;11177
6;L2_hidden_target;Begin;596795;7000;-7000;0;0
6;L2_hidden_target;Stopped;618872;-3680;-6448;12147;10694
6;L2_hidden_target;Stopped;618889;-3680;-6448;12147;10694
6;L2_hidden_target;Stopped;618905;-3680;-6448;12147;10694
6;L2_hidden_target;Stopped;618922;-3680;-6448;12147;10694
6;L2_hidden_target;Stopped;618939;-3680;-6448;12147;10694
6;L2_hidden_target;Stopped;618956;-3680;-6448;12147;10694
6;L2_hidden_target;Stopped;618976;-3680;-6448;12147;10694
6;L2_hidden_target;Stopped;618993;-3680;-6448;12147;10694
6;L2_hidden_target;End;633901;-3680;-6448;12147;10694
7;M1_cued_target;Begin;633901;7000;7000;0;0
7;M1_cued_target;Stopped;873527;-3906;-5420;49590;16529
7;M1_cued_target;Stopped;873541;-3906;-5420;49590;16529
7;M1_cued_target;Stopped;873557;-3906;-5420;49590;16529
7;M1_cued_target;Stopped;873573;-3906;-5420;49590;16529
7;M1_cued_target;Stopped;873590;-3906;-5420;49590;16529
7;M1_cued_target;Stopped;873611;-3906;-5420;49590;16529
7;M1_cued_target;Stopped;873627;-3906;-5420;49590;16529
7;M1_cued_target;Stopped;873644;-3906;-5420;49590;16529
7;M1_cued_target;End;888552;-3906;-5420;49590;16529
8;L2_hidden_target;Begin;888552;7000;-7000;0;0
8;L2_hidden_target;Stopped;918661;-3682;-6271;16085;10707
8;L2_hidden_target;Stopped;918678;-3682;-6271;16085;10707
8;L2_hidden_target;Stopped;918695;-3682;-6271;16085;10707
8;L2_hidden_target;Stopped;918713;-3682;-6271;16085;10707
8;L2_hidden_target;Stopped;918729;-3682;-6271;16085;10707
8;L2_hidden_target;Stopped;918745;-3682;-6271;16085;10707
8;L2_hidden_target;Stopped;918761;-3682;-6271;16085;10707
8;L2_hidden_target;Stopped;918780;-3682;-6271;16085;10707
8;L2_hidden_target;End;933690;-3682;-6271;16085;10707
9;M3_cued_target;Begin;933690;-7000;7000;0;0
9;M3_cued_target;Stopped;1058431;-3722;-5423;25095;12848
9;M3_cued_target;Stopped;1058448;-3722;-5423;25095;12848
9;M3_cued_target;Stopped;1058465;-3722;-5423;25095;12848
9;M3_cued_target;Stopped;1058481;-3722;-5423;25095;12848
9;M3_cued_target;Stopped;1058514;-3722;-5423;25095;12848
9;M3_cued_target;Stopped;1058531;-3722;-5423;25095;12848
9;M3_cued_target;Stopped;1058548;-3722;-5423;25095;12848
9;M3_cued_target;Stopped;1058564;-3722;-5423;25095;12848
9;M3_cued_target;Stopped;1058581;-3722;-5423;25095;12848
9;M3_cued_target;End;1073460;-3722;-5423;25095;12848
10;L2_hidden_target;Begin;1073460;7000;-7000;0;0
10;L2_hidden_target;Stopped;1094639;-3686;-5679;11857;10767
10;L2_hidden_target;Stopped;1094655;-3686;-5679;11857;10767
10;L2_hidden_target;Stopped;1094671;-3686;-5679;11857;10767
10;L2_hidden_target;Stopped;1094688;-3686;-5679;11857;10767
10;L2_hidden_target;Stopped;1094705;-3686;-5679;11857;10767
10;L2_hidden_target;Stopped;1094721;-3686;-5679;11857;10767
10;L2_hidden_target;Stopped;1094738;-3686;-5679;11857;10767
10;L2_hidden_target;End;1109667;-3686;-5679;11857;10767
11;M2_cued_target;Begin;1109667;7000;-7000;0;0
11;M2_cued_target;Stopped;1168180;-3680;-6337;10721;10701
11;M2_cued_target;Stopped;1168196;-3680;-6337;10721;10701
11;M2_cued_target;Stopped;1168213;-3680;-6337;10721;10701
11;M2_cued_target;Stopped;1168234;-3680;-6337;10721;10701
11;M2_cued_target;Stopped;1168249;-3680;-6337;10721;10701
11;M2_cued_target;Stopped;1168266;-3680;-6337;10721;10701
11;M2_cued_target;Stopped;1168280;-3680;-6337;10721;10701
11;M2_cued_target;Stopped;1168296;-3680;-6337;10721;10701
11;M2_cued_target;Stopped;1168313;-3680;-6337;10721;10701
11;M2_cued_target;Stopped;1168330;-3680;-6337;10721;10701
11;M2_cued_target;Stopped;1168346;-3680;-6337;10721;10701
11;M2_cued_target;Stopped;1168363;-3680;-6337;10721;10701
11;M2_cued_target;Stopped;1168380;-3680;-6337;10721;10701
11;M2_cued_target;Stopped;1168396;-3680;-6337;10721;10701
11;M2_cued_target;End;1183209;-3680;-6337;10721;10701
12;L2_hidden_target;Begin;1183209;7000;-7000;0;0
12;L2_hidden_target;Stopped;1201738;-3680;-6024;11597;10725
12;L2_hidden_target;Stopped;1201758;-3680;-6024;11597;10725
12;L2_hidden_target;Stopped;1201774;-3680;-6024;11597;10725
12;L2_hidden_target;Stopped;1201788;-3680;-6024;11597;10725
12;L2_hidden_target;Stopped;1201809;-3680;-6024;11597;10725
12;L2_hidden_target;Stopped;1201821;-3680;-6024;11597;10725
12;L2_hidden_target;Stopped;1201838;-3680;-6024;11597;10725
12;L2_hidden_target;Stopped;1201858;-3680;-6024;11597;10725
12;L2_hidden_target;End;1216766;-3680;-6024;11597;10725
13;M3_cued_target;Begin;1216766;-7000;7000;0;0
13;M3_cued_target;Stopped;1348956;-4178;-5418;28522;12734
13;M3_cued_target;Stopped;1348977;-4178;-5418;28522;12734
13;M3_cued_target;Stopped;1348989;-4178;-5418;28522;12734
13;M3_cued_target;Stopped;1349006;-4178;-5418;28522;12734
13;M3_cued_target;Stopped;1349023;-4178;-5418;28522;12734
13;M3_cued_target;Stopped;1349039;-4178;-5418;28522;12734
13;M3_cued_target;Stopped;1349056;-4178;-5418;28522;12734
13;M3_cued_target;Stopped;1349073;-4178;-5418;28522;12734
13;M3_cued_target;End;1363986;-4178;-5418;28522;12734
14;L2_hidden_target;Begin;1363986;7000;-7000;0;0
14;L2_hidden_target;Stopped;1382713;-3680;-6298;11584;10703
14;L2_hidden_target;Stopped;1382730;-3680;-6298;11584;10703
14;L2_hidden_target;Stopped;1382747;-3680;-6298;11584;10703
14;L2_hidden_target;Stopped;1382764;-3680;-6298;11584;10703
14;L2_hidden_target;Stopped;1382780;-3680;-6298;11584;10703
14;L2_hidden_target;Stopped;1382797;-3680;-6298;11584;10703
14;L2_hidden_target;Stopped;1382814;-3680;-6298;11584;10703
14;L2_hidden_target;Stopped;1382830;-3680;-6298;11584;10703
14;L2_hidden_target;End;1397743;-3680;-6298;11584;10703
15;M1_cued_target;Begin;1397743;7000;7000;0;0
15;M1_cued_target;Stopped;1480064;-3683;-5807;18235;16678
15;M1_cued_target;Stopped;1480081;-3683;-5807;18235;16678
15;M1_cued_target;Stopped;1480098;-3683;-5807;18235;16678
15;M1_cued_target;Stopped;1480114;-3683;-5807;18235;16678
15;M1_cued_target;Stopped;1480131;-3683;-5807;18235;16678
15;M1_cued_target;Stopped;1480148;-3683;-5807;18235;16678
15;M1_cued_target;Stopped;1480164;-3683;-5807;18235;16678
15;M1_cued_target;Stopped;1480181;-3683;-5807;18235;16678
15;M1_cued_target;Stopped;1480198;-3683;-5807;18235;16678
15;M1_cued_target;End;1495093;-3683;-5807;18235;16678
16;L2_hidden_target;Begin;1495093;7000;-7000;0;0
16;L2_hidden_target;Stopped;1514055;-3681;-6154;11472;10714
16;L2_hidden_target;Stopped;1514072;-3681;-6154;11472;10714
16;L2_hidden_target;Stopped;1514089;-3681;-6154;11472;10714
16;L2_hidden_target;Stopped;1514106;-3681;-6154;11472;10714
16;L2_hidden_target;Stopped;1514122;-3681;-6154;11472;10714
16;L2_hidden_target;Stopped;1514139;-3681;-6154;11472;10714
16;L2_hidden_target;Stopped;1514155;-3681;-6154;11472;10714
16;L2_hidden_target;Stopped;1514172;-3681;-6154;11472;10714
16;L2_hidden_target;Stopped;1514189;-3681;-6154;11472;10714
16;L2_hidden_target;End;1529085;-3681;-6154;11472;10714
16;L2_hidden_target;Begin;1529085;-3681;-6154;11472;10714
