1;M3_cued_target;Stopped;69539;-4514;-5418;13331;12664
1;M3_cued_target;Stopped;69556;-4514;-5418;13331;12664
1;M3_cued_target;Stopped;69573;-4514;-5418;13331;12664
1;M3_cued_target;Stopped;69589;-4514;-5418;13331;12664
1;M3_cued_target;Stopped;69606;-4514;-5418;13331;12664
1;M3_cued_target;Stopped;69623;-4514;-5418;13331;12664
1;M3_cued_target;Stopped;69643;-4514;-5418;13331;12664
1;M3_cued_target;Stopped;69660;-4514;-5418;13331;12664
1;M3_cued_target;Stopped;69673;-4514;-5418;13331;12664
1;M3_cued_target;Stopped;69690;-4514;-5418;13331;12664
1;M3_cued_target;Stopped;69706;-4514;-5418;13331;12664
1;M3_cued_target;Stopped;69723;-4514;-5418;13331;12664
1;M3_cued_target;Stopped;69744;-4514;-5418;13331;12664
1;M3_cued_target;Stopped;69757;-4514;-5418;13331;12664
1;M3_cued_target;Stopped;69773;-4514;-5418;13331;12664
1;M3_cued_target;Stopped;69789;-4514;-5418;13331;12664
1;M3_cued_target;Stopped;69806;-4514;-5418;13331;12664
1;M3_cued_target;Stopped;69823;-4514;-5418;13331;12664
1;M3_cued_target;Stopped;69839;-4514;-5418;13331;12664
1;M3_cued_target;Stopped;69856;-4514;-5418;13331;12664
1;M3_cued_target;Stopped;69873;-4514;-5418;13331;12664
1;M3_cued_target;End;80803;-4514;-5418;13331;12664
2;L2_hidden_target;Begin;80803;7000;-7000;0;0
2;L2_hidden_target;Stopped;210980;-3910;-5419;76894;11023
2;L2_hidden_target;Stopped;210997;-3910;-5419;76894;11023
2;L2_hidden_target;Stopped;211014;-3910;-5419;76894;11023
2;L2_hidden_target;Stopped;211031;-3910;-5419;76894;11023
2;L2_hidden_target;Stopped;211052;-3910;-5419;76894;11023
2;L2_hidden_target;Stopped;211065;-3910;-5419;76894;11023
2;L2_hidden_target;Stopped;211081;-3910;-5419;76894;11023
2;L2_hidden_target;Stopped;211098;-3910;-5419;76894;11023
2;L2_hidden_target;Stopped;211115;-3910;-5419;76894;11023
2;L2_hidden_target;Stopped;211131;-3910;-5419;76894;11023
2;L2_hidden_target;Stopped;211148;-3910;-5419;76894;11023
2;L2_hidden_target;End;226009;-3910;-5419;76894;11023
3;M1_cued_target;Begin;226009;7000;7000;0;0
3;M1_cued_target;Stopped;331691;-3950;-5420;22068;16558
3;M1_cued_target;Stopped;331708;-3950;-5420;22068;16558
3;M1_cued_target;Stopped;331725;-3950;-5420;22068;16558
3;M1_cued_target;Stopped;331742;-3950;-5420;22068;16558
3;M1_cued_target;Stopped;331758;-3950;-5420;22068;16558
3;M1_cued_target;Stopped;331775;-3950;-5420;22068;16558
3;M1_cued_target;Stopped;331792;-3950;-5420;22068;16558
3;M1_cued_target;Stopped;331808;-3950;-5420;22068;16558
3;M1_cued_target;Stopped;331825;-3950;-5420;22068;16558
3;M1_cued_target;Stopped;331842;-3950;-5420;22068;16558
3;M1_cued_target;Stopped;331858;-3950;-5420;22068;16558
3;M1_cued_target;Stopped;331875;-3950;-5420;22068;16558
3;M1_cued_target;Stopped;331892;-3950;-5420;22068;16558
3;M1_cued_target;Stopped;331908;-3950;-5420;22068;16558
3;M1_cued_target;Stopped;331925;-3950;-5420;22068;16558
3;M1_cued_target;Stopped;331942;-3950;-5420;22068;16558
3;M1_cued_target;Stopped;331958;-3950;-5420;22068;16558
3;M1_cued_target;Stopped;331975;-3950;-5420;22068;16558
3;M1_cued_target;Stopped;331992;-3950;-5420;22068;16558
3;M1_cued_target;Stopped;332009;-3950;-5420;22068;16558
3;M1_cued_target;Stopped;332026;-3950;-5420;22068;16558
3;M1_cued_target;End;346707;-3950;-5420;22068;16558
4;L2_hidden_target;Begin;346707;7000;-7000;0;0
4;L2_hidden_target;Stopped;361635;-888;-7988;8595;7950
4;L2_hidden_target;Stopped;361651;-888;-7988;8595;7950
4;L2_hidden_target;Stopped;361668;-888;-7988;8595;7950
4;L2_hidden_target;Stopped;361685;-888;-7988;8595;7950
4;L2_hidden_target;Stopped;361701;-888;-7988;8595;7950
4;L2_hidden_target;Stopped;361718;-888;-7988;8595;7950
4;L2_hidden_target;End;361734;-888;-7988;8595;7950
5;M2_cued_target;Begin;361734;7000;-7000;0;0
5;M2_cued_target;Stopped;361749;7000;-7000;0;0
5;M2_cued_target;Stopped;361767;7000;-7000;0;0
5;M2_cued_target;Stopped;361783;7000;-7000;0;0
5;M2_cued_target;Stopped;361800;7000;-7000;0;0
5;M2_cued_target;Stopped;361817;7000;-7000;0;0
5;M2_cued_target;Stopped;361833;7000;-7000;0;0
5;M2_cued_target;Stopped;361850;7000;-7000;0;0
5;M2_cued_target;Stopped;361867;7000;-7000;0;0
5;M2_cued_target;Stopped;361883;7000;-7000;0;0
5;M2_cued_target;End;376762;7000;-7000;0;0
6;L2_hidden_target;Begin;376762;7000;-7000;0;0
6;L2_hidden_target;Stopped;399072;-3682;-6055;11789;10724
6;L2_hidden_target;Stopped;399089;-3682;-6055;11789;10724
6;L2_hidden_target;Stopped;399106;-3682;-6055;11789;10724
6;L2_hidden_target;Stopped;399122;-3682;-6055;11789;10724
6;L2_hidden_target;Stopped;399139;-3682;-6055;11789;10724
6;L2_hidden_target;Stopped;399156;-3682;-6055;11789;10724
6;L2_hidden_target;Stopped;399172;-3682;-6055;11789;10724
6;L2_hidden_target;Stopped;399189;-3682;-6055;11789;10724
6;L2_hidden_target;Stopped;399206;-3682;-6055;11789;10724
6;L2_hidden_target;Stopped;399223;-3682;-6055;11789;10724
6;L2_hidden_target;Stopped;399239;-3682;-6055;11789;10724
6;L2_hidden_target;Stopped;399256;-3682;-6055;11789;10724
6;L2_hidden_target;Stopped;399272;-3682;-6055;11789;10724
6;L2_hidden_target;Stopped;399289;-3682;-6055;11789;10724
6;L2_hidden_target;Stopped;399306;-3682;-6055;11789;10724
6;L2_hidden_target;Stopped;399322;-3682;-6055;11789;10724
6;L2_hidden_target;Stopped;399339;-3682;-6055;11789;10724
6;L2_hidden_target;Stopped;399356;-3682;-6055;11789;10724
6;L2_hidden_target;Stopped;399372;-3682;-6055;11789;10724
6;L2_hidden_target;Stopped;399389;-3682;-6055;11789;10724
6;L2_hidden_target;Stopped;399406;-3682;-6055;11789;10724
6;L2_hidden_target;Stopped;399422;-3682;-6055;11789;10724
6;L2_hidden_target;Stopped;399439;-3682;-6055;11789;10724
6;L2_hidden_target;End;414101;-3682;-6055;11789;10724
7;M1_cued_target;Begin;414101;7000;7000;0;0
7;M1_cued_target;Stopped;552441;-4130;-5419;27529;16677
7;M1_cued_target;Stopped;552457;-4130;-5419;27529;16677
7;M1_cued_target;Stopped;552474;-4130;-5419;27529;16677
7;M1_cued_target;Stopped;552491;-4130;-5419;27529;16677
7;M1_cued_target;Stopped;552541;-4130;-5419;27529;16677
7;M1_cued_target;Stopped;552557;-4130;-5419;27529;16677
7;M1_cued_target;Stopped;552573;-4130;-5419;27529;16677
7;M1_cued_target;Stopped;552590;-4130;-5419;27529;16677
7;M1_cued_target;Stopped;552607;-4130;-5419;27529;16677
7;M1_cued_target;Stopped;552623;-4130;-5419;27529;16677
7;M1_cued_target;Stopped;552640;-4130;-5419;27529;16677
7;M1_cued_target;Stopped;552657;-4130;-5419;27529;16677
7;M1_cued_target;Stopped;552673;-4130;-5419;27529;16677
7;M1_cued_target;Stopped;552690;-4130;-5419;27529;16677
7;M1_cued_target;End;567469;-4130;-5419;27529;16677
8;L2_hidden_target;Begin;567469;7000;-7000;0;0
8;L2_hidden_target;Stopped;591530;-3683;-5980;11891;10731
8;L2_hidden_target;Stopped;591546;-3683;-5980;11891;10731
8;L2_hidden_target;Stopped;591563;-3683;-5980;11891;10731
8;L2_hidden_target;Stopped;591580;-3683;-5980;11891;10731
8;L2_hidden_target;Stopped;591596;-3683;-5980;11891;10731
8;L2_hidden_target;Stopped;591613;-3683;-5980;11891;10731
8;L2_hidden_target;Stopped;591630;-3683;-5980;11891;10731
8;L2_hidden_target;Stopped;591646;-3683;-5980;11891;10731
8;L2_hidden_target;Stopped;591663;-3683;-5980;11891;10731
8;L2_hidden_target;Stopped;591680;-3683;-5980;11891;10731
8;L2_hidden_target;Stopped;591696;-3683;-5980;11891;10731
8;L2_hidden_target;Stopped;591713;-3683;-5980;11891;10731
8;L2_hidden_target;Stopped;591730;-3683;-5980;11891;10731
8;L2_hidden_target;End;606560;-3683;-5980;11891;10731
9;M3_cued_target;Begin;606560;-7000;7000;0;0
9;M3_cued_target;Stopped;666821;-4814;-5420;12691;12611
9;M3_cued_target;Stopped;666838;-4814;-5420;12691;12611
9;M3_cued_target;Stopped;666855;-4814;-5420;12691;12611
9;M3_cued_target;Stopped;666871;-4814;-5420;12691;12611
9;M3_cued_target;Stopped;666888;-4814;-5420;12691;12611
9;M3_cued_target;Stopped;666905;-4814;-5420;12691;12611
9;M3_cued_target;Stopped;666921;-4814;-5420;12691;12611
9;M3_cued_target;Stopped;666938;-4814;-5420;12691;12611
9;M3_cued_target;Stopped;666955;-4814;-5420;12691;12611
9;M3_cued_target;Stopped;666971;-4814;-5420;12691;12611
9;M3_cued_target;Stopped;666988;-4814;-5420;12691;12611
9;M3_cued_target;Stopped;667005;-4814;-5420;12691;12611
9;M3_cued_target;Stopped;667021;-4814;-5420;12691;12611
9;M3_cued_target;Stopped;667038;-4814;-5420;12691;12611
9;M3_cued_target;End;681850;-4814;-5420;12691;12611
10;L2_hidden_target;Begin;681850;6999;-7000;0;0
10;L2_hidden_target;Stopped;707064;-3676;-5785;11851;10745
10;L2_hidden_target;Stopped;707077;-3676;-5785;11851;10745
10;L2_hidden_target;Stopped;707098;-3676;-5785;11851;10745
10;L2_hidden_target;Stopped;707115;-3676;-5785;11851;10745
10;L2_hidden_target;Stopped;707131;-3676;-5785;11851;10745
10;L2_hidden_target;Stopped;707144;-3676;-5785;11851;10745
10;L2_hidden_target;Stopped;707165;-3676;-5785;11851;10745
10;L2_hidden_target;Stopped;707182;-3676;-5785;11851;10745
10;L2_hidden_target;Stopped;707194;-3676;-5785;11851;10745
10;L2_hidden_target;Stopped;707211;-3676;-5785;11851;10745
10;L2_hidden_target;Stopped;707228;-3676;-5785;11851;10745
10;L2_hidden_target;Stopped;707244;-3676;-5785;11851;10745
10;L2_hidden_target;Stopped;707261;-3676;-5785;11851;10745
10;L2_hidden_target;Stopped;707277;-3676;-5785;11851;10745
10;L2_hidden_target;End;722089;-3676;-5785;11851;10745
11;M2_cued_target;Begin;722089;7000;-7000;0;0
11;M2_cued_target;Stopped;878806;-4263;-5417;35541;11374
11;M2_cued_target;Stopped;878823;-4263;-5417;35541;11374
11;M2_cued_target;Stopped;878839;-4263;-5417;35541;11374
11;M2_cued_target;Stopped;878856;-4263;-5417;35541;11374
11;M2_cued_target;Stopped;878873;-4263;-5417;35541;11374
11;M2_cued_target;Stopped;878889;-4263;-5417;35541;11374
11;M2_cued_target;Stopped;878906;-4263;-5417;35541;11374
11;M2_cued_target;Stopped;878923;-4263;-5417;35541;11374
11;M2_cued_target;Stopped;878940;-4263;-5417;35541;11374
11;M2_cued_target;Stopped;878957;-4263;-5417;35541;11374
11;M2_cued_target;Stopped;878973;-4263;-5417;35541;11374
11;M2_cued_target;Stopped;878990;-4263;-5417;35541;11374
11;M2_cued_target;Stopped;879007;-4263;-5417;35541;11374
11;M2_cued_target;Stopped;879023;-4263;-5417;35541;11374
11;M2_cued_target;Stopped;879040;-4263;-5417;35541;11374
11;M2_cued_target;End;893835;-4263;-5417;35541;11374
12;L2_hidden_target;Begin;893835;7000;-7000;0;0
12;L2_hidden_target;Stopped;920495;-3682;-6387;10924;10700
12;L2_hidden_target;Stopped;920528;-3682;-6387;10924;10700
12;L2_hidden_target;Stopped;920545;-3682;-6387;10924;10700
12;L2_hidden_target;Stopped;920562;-3682;-6387;10924;10700
12;L2_hidden_target;Stopped;920578;-3682;-6387;10924;10700
12;L2_hidden_target;Stopped;920595;-3682;-6387;10924;10700
12;L2_hidden_target;Stopped;920611;-3682;-6387;10924;10700
12;L2_hidden_target;Stopped;920627;-3682;-6387;10924;10700
12;L2_hidden_target;Stopped;920644;-3682;-6387;10924;10700
12;L2_hidden_target;Stopped;920660;-3682;-6387;10924;10700
12;L2_hidden_target;Stopped;920677;-3682;-6387;10924;10700
12;L2_hidden_target;Stopped;920694;-3682;-6387;10924;10700
12;L2_hidden_target;End;935523;-3682;-6387;10924;10700
13;M3_cued_target;Begin;935523;-7000;7000;0;0
13;M3_cued_target;Stopped;1003051;-4961;-5631;13531;12794
13;M3_cued_target;Stopped;1003068;-4961;-5631;13531;12794
13;M3_cued_target;Stopped;1003084;-4961;-5631;13531;12794
13;M3_cued_target;Stopped;1003101;-4961;-5631;13531;12794
13;M3_cued_target;Stopped;1003118;-4961;-5631;13531;12794
13;M3_cued_target;Stopped;1003134;-4961;-5631;13531;12794
13;M3_cued_target;Stopped;1003151;-4961;-5631;13531;12794
13;M3_cued_target;Stopped;1003168;-4961;-5631;13531;12794
13;M3_cued_target;Stopped;1003184;-4961;-5631;13531;12794
13;M3_cued_target;Stopped;1003201;-4961;-5631;13531;12794
13;M3_cued_target;Stopped;1003218;-4961;-5631;13531;12794
13;M3_cued_target;Stopped;1003234;-4961;-5631;13531;12794
13;M3_cued_target;End;1018080;-4961;-5631;13531;12794
14;L2_hidden_target;Begin;1018080;7000;-7000;0;0
14;L2_hidden_target;Stopped;1041841;-3684;-6126;10975;10719
14;L2_hidden_target;Stopped;1041857;-3684;-6126;10975;10719
14;L2_hidden_target;Stopped;1041874;-3684;-6126;10975;10719
14;L2_hidden_target;Stopped;1041891;-3684;-6126;10975;10719
14;L2_hidden_target;Stopped;1041908;-3684;-6126;10975;10719
14;L2_hidden_target;Stopped;1041924;-3684;-6126;10975;10719
14;L2_hidden_target;Stopped;1041941;-3684;-6126;10975;10719
14;L2_hidden_target;Stopped;1041958;-3684;-6126;10975;10719
14;L2_hidden_target;Stopped;1041974;-3684;-6126;10975;10719
14;L2_hidden_target;Stopped;1041991;-3684;-6126;10975;10719
14;L2_hidden_target;End;1056869;-3684;-6126;10975;10719
15;M1_cued_target;Begin;1056869;7000;7000;0;0
15;M1_cued_target;Stopped;1155737;-4494;-5419;22156;16922
15;M1_cued_target;Stopped;1155754;-4494;-5419;22156;16922
15;M1_cued_target;Stopped;1155771;-4494;-5419;22156;16922
15;M1_cued_target;Stopped;1155787;-4494;-5419;22156;16922
15;M1_cued_target;Stopped;1155804;-4494;-5419;22156;16922
15;M1_cued_target;Stopped;1155821;-4494;-5419;22156;16922
15;M1_cued_target;Stopped;1155837;-4494;-5419;22156;16922
15;M1_cued_target;Stopped;1155854;-4494;-5419;22156;16922
15;M1_cued_target;Stopped;1155871;-4494;-5419;22156;16922
15;M1_cued_target;Stopped;1155891;-4494;-5419;22156;16922
15;M1_cued_target;Stopped;1155907;-4494;-5419;22156;16922
15;M1_cued_target;Stopped;1155924;-4494;-5419;22156;16922
15;M1_cued_target;Stopped;1155937;-4494;-5419;22156;16922
15;M1_cued_target;Stopped;1155954;-4494;-5419;22156;16922
15;M1_cued_target;Stopped;1155975;-4494;-5419;22156;16922
15;M1_cued_target;Stopped;1155988;-4494;-5419;22156;16922
15;M1_cued_target;Stopped;1156008;-4494;-5419;22156;16922
15;M1_cued_target;Stopped;1156021;-4494;-5419;22156;16922
15;M1_cued_target;Stopped;1156042;-4494;-5419;22156;16922
15;M1_cued_target;Stopped;1156058;-4494;-5419;22156;16922
15;M1_cued_target;Stopped;1156075;-4494;-5419;22156;16922
15;M1_cued_target;Stopped;1156088;-4494;-5419;22156;16922
15;M1_cued_target;Stopped;1156105;-4494;-5419;22156;16922
15;M1_cued_target;Stopped;1156121;-4494;-5419;22156;16922
15;M1_cued_target;End;1170766;-4494;-5419;22156;16922
16;L2_hidden_target;Begin;1170766;6999;-7000;0;0
16;L2_hidden_target;Stopped;1191427;-3691;-6624;11398;10697
16;L2_hidden_target;Stopped;1191444;-3691;-6624;11398;10697
16;L2_hidden_target;Stopped;1191461;-3691;-6624;11398;10697
16;L2_hidden_target;Stopped;1191478;-3691;-6624;11398;10697
16;L2_hidden_target;Stopped;1191494;-3691;-6624;11398;10697
16;L2_hidden_target;Stopped;1191531;-3691;-6624;11398;10697
16;L2_hidden_target;Stopped;1191544;-3691;-6624;11398;10697
16;L2_hidden_target;Stopped;1191561;-3691;-6624;11398;10697
16;L2_hidden_target;Stopped;1191581;-3691;-6624;11398;10697
16;L2_hidden_target;Stopped;1191598;-3691;-6624;11398;10697
16;L2_hidden_target;End;1206455;-3691;-6624;11398;10697
16;L2_hidden_target;Begin;1206455;-3691;-6624;11398;10697
