1;M3_cued_target;Stopped;83873;-4304;-5419;15095;12708
1;M3_cued_target;End;83890;-4304;-5419;15095;12708
2;L2_hidden_target;Begin;83890;6999;-7000;0;0
2;L2_hidden_target;Stopped;83910;6999;-7000;0;0
2;L2_hidden_target;Stopped;83926;6999;-7000;0;0
2;L2_hidden_target;Stopped;83942;6999;-7000;0;0
2;L2_hidden_target;Stopped;83958;6999;-7000;0;0
2;L2_hidden_target;Stopped;83975;6999;-7000;0;0
2;L2_hidden_target;Stopped;83992;6999;-7000;0;0
2;L2_hidden_target;Stopped;84008;6999;-7000;0;0
2;L2_hidden_target;Stopped;84025;6999;-7000;0;0
2;L2_hidden_target;Stopped;84042;6999;-7000;0;0
2;L2_hidden_target;Stopped;84059;6999;-7000;0;0
2;L2_hidden_target;Stopped;84075;6999;-7000;0;0
2;L2_hidden_target;Stopped;84092;6999;-7000;0;0
2;L2_hidden_target;Stopped;84108;6999;-7000;0;0
2;L2_hidden_target;Stopped;84125;6999;-7000;0;0
2;L2_hidden_target;Stopped;84142;6999;-7000;0;0
2;L2_hidden_target;Stopped;84158;6999;-7000;0;0
2;L2_hidden_target;Stopped;84175;6999;-7000;0;0
2;L2_hidden_target;Stopped;84192;6999;-7000;0;0
2;L2_hidden_target;Stopped;84208;6999;-7000;0;0
2;L2_hidden_target;Stopped;84225;6999;-7000;0;0
2;L2_hidden_target;Stopped;84241;6999;-7000;0;0
2;L2_hidden_target;Stopped;84258;6999;-7000;0;0
2;L2_hidden_target;End;98920;6999;-7000;0;0
3;M1_cued_target;Begin;98920;7000;7000;0;0
3;M1_cued_target;Stopped;208936;-3682;-6053;22450;16867
3;M1_cued_target;Stopped;208956;-3682;-6053;22450;16867
3;M1_cued_target;Stopped;208972;-3682;-6053;22450;16867
3;M1_cued_target;Stopped;208989;-3682;-6053;22450;16867
3;M1_cued_target;Stopped;209003;-3682;-6053;22450;16867
3;M1_cued_target;Stopped;209019;-3682;-6053;22450;16867
3;M1_cued_target;Stopped;209036;-3682;-6053;22450;16867
3;M1_cued_target;Stopped;209052;-3682;-6053;22450;16867
3;M1_cued_target;Stopped;209069;-3682;-6053;22450;16867
3;M1_cued_target;Stopped;209086;-3682;-6053;22450;16867
3;M1_cued_target;Stopped;209102;-3682;-6053;22450;16867
3;M1_cued_target;Stopped;209119;-3682;-6053;22450;16867
3;M1_cued_target;Stopped;209136;-3682;-6053;22450;16867
3;M1_cued_target;Stopped;209152;-3682;-6053;22450;16867
3;M1_cued_target;Stopped;209169;-3682;-6053;22450;16867
3;M1_cued_target;Stopped;209189;-3682;-6053;22450;16867
3;M1_cued_target;Stopped;209203;-3682;-6053;22450;16867
3;M1_cued_target;Stopped;209219;-3682;-6053;22450;16867
3;M1_cued_target;Stopped;209235;-3682;-6053;22450;16867
3;M1_cued_target;Stopped;209251;-3682;-6053;22450;16867
3;M1_cued_target;Stopped;209268;-3682;-6053;22450;16867
3;M1_cued_target;Stopped;209285;-3682;-6053;22450;16867
3;M1_cued_target;Stopped;209301;-3682;-6053;22450;16867
3;M1_cued_target;Stopped;209318;-3682;-6053;22450;16867
3;M1_cued_target;End;223964;-3682;-6053;22450;16867
4;L2_hidden_target;Begin;223964;7000;-7000;0;0
4;L2_hidden_target;Stopped;374803;-3681;-5692;73816;10761
4;L2_hidden_target;Stopped;374819;-3681;-5692;73816;10761
4;L2_hidden_target;Stopped;374836;-3681;-5692;73816;10761
4;L2_hidden_target;Stopped;374853;-3681;-5692;73816;10761
4;L2_hidden_target;Stopped;374869;-3681;-5692;73816;10761
4;L2_hidden_target;Stopped;374886;-3681;-5692;73816;10761
4;L2_hidden_target;Stopped;374903;-3681;-5692;73816;10761
4;L2_hidden_target;Stopped;374919;-3681;-5692;73816;10761
4;L2_hidden_target;Stopped;374937;-3681;-5692;73816;10761
4;L2_hidden_target;Stopped;374953;-3681;-5692;73816;10761
4;L2_hidden_target;Stopped;374969;-3681;-5692;73816;10761
4;L2_hidden_target;Stopped;374986;-3681;-5692;73816;10761
4;L2_hidden_target;Stopped;375003;-3681;-5692;73816;10761
4;L2_hidden_target;Stopped;375019;-3681;-5692;73816;10761
4;L2_hidden_target;Stopped;375036;-3681;-5692;73816;10761
4;L2_hidden_target;Stopped;375053;-3681;-5692;73816;10761
4;L2_hidden_target;Stopped;375069;-3681;-5692;73816;10761
4;L2_hidden_target;Stopped;375086;-3681;-5692;73816;10761
4;L2_hidden_target;Stopped;375103;-3681;-5692;73816;10761
4;L2_hidden_target;Stopped;375119;-3681;-5692;73816;10761
4;L2_hidden_target;Stopped;375136;-3681;-5692;73816;10761
4;L2_hidden_target;Stopped;375153;-3681;-5692;73816;10761
4;L2_hidden_target;Stopped;375169;-3681;-5692;73816;10761
4;L2_hidden_target;Stopped;375187;-3681;-5692;73816;10761
4;L2_hidden_target;End;389831;-3681;-5692;73816;10761
5;M2_cued_target;Begin;389831;6999;-7000;0;0
5;M2_cued_target;Stopped;448445;-3682;-6016;12688;10727
5;M2_cued_target;Stopped;448461;-3682;-6016;12688;10727
5;M2_cued_target;Stopped;448478;-3682;-6016;12688;10727
5;M2_cued_target;Stopped;448495;-3682;-6016;12688;10727
5;M2_cued_target;Stopped;448528;-3682;-6016;12688;10727
5;M2_cued_target;Stopped;448545;-3682;-6016;12688;10727
5;M2_cued_target;Stopped;448561;-3682;-6016;12688;10727
5;M2_cued_target;Stopped;448578;-3682;-6016;12688;10727
5;M2_cued_target;Stopped;448595;-3682;-6016;12688;10727
5;M2_cued_target;Stopped;448611;-3682;-6016;12688;10727
5;M2_cued_target;Stopped;448628;-3682;-6016;12688;10727
5;M2_cued_target;Stopped;448645;-3682;-6016;12688;10727
5;M2_cued_target;Stopped;448661;-3682;-6016;12688;10727
5;M2_cued_target;Stopped;448678;-3682;-6016;12688;10727
5;M2_cued_target;Stopped;448695;-3682;-6016;12688;10727
5;M2_cued_target;Stopped;448711;-3682;-6016;12688;10727
5;M2_cued_target;Stopped;448728;-3682;-6016;12688;10727
5;M2_cued_target;End;463474;-3682;-6016;12688;10727
6;L2_hidden_target;Begin;463474;6999;-7000;0;0
6;L2_hidden_target;Stopped;488768;-3688;-5539;11871;10787
6;L2_hidden_target;Stopped;488784;-3688;-5539;11871;10787
6;L2_hidden_target;Stopped;488801;-3688;-5539;11871;10787
6;L2_hidden_target;Stopped;488818;-3688;-5539;11871;10787
6;L2_hidden_target;Stopped;488835;-3688;-5539;11871;10787
6;L2_hidden_target;Stopped;488851;-3688;-5539;11871;10787
6;L2_hidden_target;Stopped;488870;-3688;-5539;11871;10787
6;L2_hidden_target;Stopped;488889;-3688;-5539;11871;10787
6;L2_hidden_target;Stopped;488901;-3688;-5539;11871;10787
6;L2_hidden_target;Stopped;488918;-3688;-5539;11871;10787
6;L2_hidden_target;Stopped;488935;-3688;-5539;11871;10787
6;L2_hidden_target;Stopped;488951;-3688;-5539;11871;10787
6;L2_hidden_target;Stopped;488972;-3688;-5539;11871;10787
6;L2_hidden_target;Stopped;488984;-3688;-5539;11871;10787
6;L2_hidden_target;Stopped;489001;-3688;-5539;11871;10787
6;L2_hidden_target;Stopped;489018;-3688;-5539;11871;10787
6;L2_hidden_target;Stopped;489034;-3688;-5539;11871;10787
6;L2_hidden_target;Stopped;489051;-3688;-5539;11871;10787
6;L2_hidden_target;Stopped;489068;-3688;-5539;11871;10787
6;L2_hidden_target;Stopped;489086;-3688;-5539;11871;10787
6;L2_hidden_target;End;503797;-3688;-5539;11871;10787
7;M1_cued_target;Begin;503797;7000;7000;0;0
7;M1_cued_target;Stopped;589219;-3832;-5421;18138;16481
7;M1_cued_target;Stopped;589235;-3832;-5421;18138;16481
7;M1_cued_target;Stopped;589253;-3832;-5421;18138;16481
7;M1_cued_target;Stopped;589269;-3832;-5421;18138;16481
7;M1_cued_target;Stopped;589286;-3832;-5421;18138;16481
7;M1_cued_target;Stopped;589303;-3832;-5421;18138;16481
7;M1_cued_target;Stopped;589320;-3832;-5421;18138;16481
7;M1_cued_target;Stopped;589336;-3832;-5421;18138;16481
7;M1_cued_target;Stopped;589353;-3832;-5421;18138;16481
7;M1_cued_target;Stopped;589369;-3832;-5421;18138;16481
7;M1_cued_target;Stopped;589386;-3832;-5421;18138;16481
7;M1_cued_target;Stopped;589403;-3832;-5421;18138;16481
7;M1_cued_target;Stopped;589419;-3832;-5421;18138;16481
7;M1_cued_target;Stopped;589436;-3832;-5421;18138;16481
7;M1_cued_target;Stopped;589453;-3832;-5421;18138;16481
7;M1_cued_target;Stopped;589471;-3832;-5421;18138;16481
7;M1_cued_target;Stopped;589489;-3832;-5421;18138;16481
7;M1_cued_target;End;604247;-3832;-5421;18138;16481
8;L2_hidden_target;Begin;604247;7000;-7000;0;0
8;L2_hidden_target;Stopped;624114;-3682;-6338;11345;10703
8;L2_hidden_target;Stopped;624129;-3682;-6338;11345;10703
8;L2_hidden_target;Stopped;624143;-3682;-6338;11345;10703
8;L2_hidden_target;Stopped;624159;-3682;-6338;11345;10703
8;L2_hidden_target;Stopped;624175;-3682;-6338;11345;10703
8;L2_hidden_target;Stopped;624192;-3682;-6338;11345;10703
8;L2_hidden_target;Stopped;624209;-3682;-6338;11345;10703
8;L2_hidden_target;Stopped;624226;-3682;-6338;11345;10703
8;L2_hidden_target;Stopped;624242;-3682;-6338;11345;10703
8;L2_hidden_target;Stopped;624259;-3682;-6338;11345;10703
8;L2_hidden_target;Stopped;624275;-3682;-6338;11345;10703
8;L2_hidden_target;Stopped;624292;-3682;-6338;11345;10703
8;L2_hidden_target;Stopped;624309;-3682;-6338;11345;10703
8;L2_hidden_target;End;639138;-3682;-6338;11345;10703
9;M3_cued_target;Begin;639138;-7000;7000;0;0
9;M3_cued_target;Stopped;843741;-3827;-5421;43094;12820
9;M3_cued_target;Stopped;843758;-3827;-5421;43094;12820
9;M3_cued_target;Stopped;843774;-3827;-5421;43094;12820
9;M3_cued_target;Stopped;843791;-3827;-5421;43094;12820
9;M3_cued_target;Stopped;843808;-3827;-5421;43094;12820
9;M3_cued_target;Stopped;843824;-3827;-5421;43094;12820
9;M3_cued_target;Stopped;843841;-3827;-5421;43094;12820
9;M3_cued_target;Stopped;843858;-3827;-5421;43094;12820
9;M3_cued_target;Stopped;843874;-3827;-5421;43094;12820
9;M3_cued_target;Stopped;843891;-3827;-5421;43094;12820
9;M3_cued_target;Stopped;843908;-3827;-5421;43094;12820
9;M3_cued_target;Stopped;843925;-3827;-5421;43094;12820
9;M3_cued_target;Stopped;843941;-3827;-5421;43094;12820
9;M3_cued_target;Stopped;843958;-3827;-5421;43094;12820
9;M3_cued_target;Stopped;843974;-3827;-5421;43094;12820
9;M3_cued_target;Stopped;843991;-3827;-5421;43094;12820
9;M3_cued_target;Stopped;844008;-3827;-5421;43094;12820
9;M3_cued_target;Stopped;844024;-3827;-5421;43094;12820
9;M3_cued_target;Stopped;844041;-3827;-5421;43094;12820
9;M3_cued_target;Stopped;844058;-3827;-5421;43094;12820
9;M3_cued_target;Stopped;844074;-3827;-5421;43094;12820
9;M3_cued_target;End;858770;-3827;-5421;43094;12820
10;L2_hidden_target;Begin;858770;7000;-7000;0;0
10;L2_hidden_target;Stopped;885980;-3685;-5490;11496;10791
10;L2_hidden_target;Stopped;885997;-3685;-5490;11496;10791
10;L2_hidden_target;Stopped;886014;-3685;-5490;11496;10791
10;L2_hidden_target;Stopped;886031;-3685;-5490;11496;10791
10;L2_hidden_target;Stopped;886047;-3685;-5490;11496;10791
10;L2_hidden_target;Stopped;886064;-3685;-5490;11496;10791
10;L2_hidden_target;Stopped;886081;-3685;-5490;11496;10791
10;L2_hidden_target;Stopped;886097;-3685;-5490;11496;10791
10;L2_hidden_target;Stopped;886114;-3685;-5490;11496;10791
10;L2_hidden_target;Stopped;886131;-3685;-5490;11496;10791
10;L2_hidden_target;Stopped;886147;-3685;-5490;11496;10791
10;L2_hidden_target;Stopped;886164;-3685;-5490;11496;10791
10;L2_hidden_target;Stopped;886181;-3685;-5490;11496;10791
10;L2_hidden_target;Stopped;886197;-3685;-5490;11496;10791
10;L2_hidden_target;Stopped;886214;-3685;-5490;11496;10791
10;L2_hidden_target;End;901008;-3685;-5490;11496;10791
11;M2_cued_target;Begin;901008;7000;-7000;0;0
11;M2_cued_target;Stopped;969903;-3682;-6153;11205;10715
11;M2_cued_target;Stopped;969920;-3682;-6153;11205;10715
11;M2_cued_target;Stopped;969937;-3682;-6153;11205;10715
11;M2_cued_target;Stopped;969953;-3682;-6153;11205;10715
11;M2_cued_target;Stopped;969970;-3682;-6153;11205;10715
11;M2_cued_target;Stopped;969987;-3682;-6153;11205;10715
11;M2_cued_target;Stopped;970005;-3682;-6153;11205;10715
11;M2_cued_target;Stopped;970024;-3682;-6153;11205;10715
11;M2_cued_target;Stopped;970037;-3682;-6153;11205;10715
11;M2_cued_target;Stopped;970054;-3682;-6153;11205;10715
11;M2_cued_target;Stopped;970070;-3682;-6153;11205;10715
11;M2_cued_target;Stopped;970090;-3682;-6153;11205;10715
11;M2_cued_target;Stopped;970107;-3682;-6153;11205;10715
11;M2_cued_target;Stopped;970120;-3682;-6153;11205;10715
11;M2_cued_target;Stopped;970137;-3682;-6153;11205;10715
11;M2_cued_target;Stopped;970153;-3682;-6153;11205;10715
11;M2_cued_target;Stopped;970170;-3682;-6153;11205;10715
11;M2_cued_target;Stopped;970187;-3682;-6153;11205;10715
11;M2_cued_target;End;984931;-3682;-6153;11205;10715
12;L2_hidden_target;Begin;984931;7000;-7000;0;0
12;L2_hidden_target;Stopped;1011674;-3682;-5931;12401;10735
12;L2_hidden_target;Stopped;1011691;-3682;-5931;12401;10735
12;L2_hidden_target;Stopped;1011708;-3682;-5931;12401;10735
12;L2_hidden_target;Stopped;1011725;-3682;-5931;12401;10735
12;L2_hidden_target;Stopped;1011741;-3682;-5931;12401;10735
12;L2_hidden_target;Stopped;1011758;-3682;-5931;12401;10735
12;L2_hidden_target;Stopped;1011774;-3682;-5931;12401;10735
12;L2_hidden_target;Stopped;1011791;-3682;-5931;12401;10735
12;L2_hidden_target;Stopped;1011808;-3682;-5931;12401;10735
12;L2_hidden_target;Stopped;1011824;-3682;-5931;12401;10735
12;L2_hidden_target;Stopped;1011841;-3682;-5931;12401;10735
12;L2_hidden_target;Stopped;1011858;-3682;-5931;12401;10735
12;L2_hidden_target;Stopped;1011874;-3682;-5931;12401;10735
12;L2_hidden_target;Stopped;1011891;-3682;-5931;12401;10735
12;L2_hidden_target;Stopped;1011908;-3682;-5931;12401;10735
12;L2_hidden_target;Stopped;1011925;-3682;-5931;12401;10735
12;L2_hidden_target;End;1026704;-3682;-5931;12401;10735
13;M3_cued_target;Begin;1026704;-7000;7000;0;0
13;M3_cued_target;Stopped;1102795;-4236;-5418;13761;12721
13;M3_cued_target;Stopped;1102812;-4236;-5418;13761;12721
13;M3_cued_target;Stopped;1102829;-4236;-5418;13761;12721
13;M3_cued_target;Stopped;1102845;-4236;-5418;13761;12721
13;M3_cued_target;Stopped;1102863;-4236;-5418;13761;12721
13;M3_cued_target;Stopped;1102879;-4236;-5418;13761;12721
13;M3_cued_target;Stopped;1102895;-4236;-5418;13761;12721
13;M3_cued_target;Stopped;1102912;-4236;-5418;13761;12721
13;M3_cued_target;Stopped;1102929;-4236;-5418;13761;12721
13;M3_cued_target;Stopped;1102950;-4236;-5418;13761;12721
13;M3_cued_target;Stopped;1102966;-4236;-5418;13761;12721
13;M3_cued_target;End;1117824;-4236;-5418;13761;12721
14;L2_hidden_target;Begin;1117824;6999;-7000;0;0
14;L2_hidden_target;Stopped;1137269;-3683;-6164;11254;10716
14;L2_hidden_target;Stopped;1137286;-3683;-6164;11254;10716
14;L2_hidden_target;Stopped;1137303;-3683;-6164;11254;10716
14;L2_hidden_target;Stopped;1137319;-3683;-6164;11254;10716
14;L2_hidden_target;Stopped;1137336;-3683;-6164;11254;10716
14;L2_hidden_target;Stopped;1137353;-3683;-6164;11254;10716
14;L2_hidden_target;Stopped;1137369;-3683;-6164;11254;10716
14;L2_hidden_target;Stopped;1137386;-3683;-6164;11254;10716
14;L2_hidden_target;Stopped;1137403;-3683;-6164;11254;10716
14;L2_hidden_target;Stopped;1137419;-3683;-6164;11254;10716
14;L2_hidden_target;Stopped;1137436;-3683;-6164;11254;10716
14;L2_hidden_target;Stopped;1137453;-3683;-6164;11254;10716
14;L2_hidden_target;Stopped;1137470;-3683;-6164;11254;10716
14;L2_hidden_target;End;1152298;-3683;-6164;11254;10716
15;M1_cued_target;Begin;1152298;7000;7000;0;0
15;M1_cued_target;Stopped;1242886;-3688;-5467;18036;16422
15;M1_cued_target;Stopped;1242902;-3688;-5467;18036;16422
15;M1_cued_target;Stopped;1242920;-3688;-5467;18036;16422
15;M1_cued_target;Stopped;1242936;-3688;-5467;18036;16422
15;M1_cued_target;Stopped;1242953;-3688;-5467;18036;16422
15;M1_cued_target;Stopped;1242969;-3688;-5467;18036;16422
15;M1_cued_target;Stopped;1242986;-3688;-5467;18036;16422
15;M1_cued_target;Stopped;1243003;-3688;-5467;18036;16422
15;M1_cued_target;Stopped;1243024;-3688;-5467;18036;16422
15;M1_cued_target;Stopped;1243040;-3688;-5467;18036;16422
15;M1_cued_target;Stopped;1243056;-3688;-5467;18036;16422
15;M1_cued_target;Stopped;1243070;-3688;-5467;18036;16422
15;M1_cued_target;Stopped;1243086;-3688;-5467;18036;16422
15;M1_cued_target;Stopped;1243102;-3688;-5467;18036;16422
15;M1_cued_target;Stopped;1243119;-3688;-5467;18036;16422
15;M1_cued_target;Stopped;1243136;-3688;-5467;18036;16422
15;M1_cued_target;End;1257915;-3688;-5467;18036;16422
16;L2_hidden_target;Begin;1257915;6999;-7000;0;0
16;L2_hidden_target;Stopped;1277044;-3682;-6221;11351;10710
16;L2_hidden_target;Stopped;1277060;-3682;-6221;11351;10710
16;L2_hidden_target;Stopped;1277077;-3682;-6221;11351;10710
16;L2_hidden_target;Stopped;1277098;-3682;-6221;11351;10710
16;L2_hidden_target;Stopped;1277111;-3682;-6221;11351;10710
16;L2_hidden_target;Stopped;1277128;-3682;-6221;11351;10710
16;L2_hidden_target;Stopped;1277144;-3682;-6221;11351;10710
16;L2_hidden_target;Stopped;1277161;-3682;-6221;11351;10710
16;L2_hidden_target;Stopped;1277177;-3682;-6221;11351;10710
16;L2_hidden_target;Stopped;1277194;-3682;-6221;11351;10710
16;L2_hidden_target;Stopped;1277210;-3682;-6221;11351;10710
16;L2_hidden_target;Stopped;1277227;-3682;-6221;11351;10710
16;L2_hidden_target;Stopped;1277244;-3682;-6221;11351;10710
16;L2_hidden_target;Stopped;1277260;-3682;-6221;11351;10710
16;L2_hidden_target;End;1292073;-3682;-6221;11351;10710
16;L2_hidden_target;Begin;1292073;-3682;-6221;11351;10710
