1;M3_cued_target;Stopped;107212;-4179;-5325;17838;12643
1;M3_cued_target;Stopped;107226;-4179;-5325;17838;12643
1;M3_cued_target;Stopped;107239;-4179;-5325;17838;12643
1;M3_cued_target;Stopped;107253;-4179;-5325;17838;12643
1;M3_cued_target;Stopped;107266;-4179;-5325;17838;12643
1;M3_cued_target;Stopped;107279;-4179;-5325;17838;12643
1;M3_cued_target;Stopped;107293;-4179;-5325;17838;12643
1;M3_cued_target;Stopped;107306;-4179;-5325;17838;12643
1;M3_cued_target;Stopped;107319;-4179;-5325;17838;12643
1;M3_cued_target;Stopped;107333;-4179;-5325;17838;12643
1;M3_cued_target;Stopped;107346;-4179;-5325;17838;12643
1;M3_cued_target;Stopped;107359;-4179;-5325;17838;12643
1;M3_cued_target;Stopped;107373;-4179;-5325;17838;12643
1;M3_cued_target;Stopped;107386;-4179;-5325;17838;12643
1;M3_cued_target;Stopped;107399;-4179;-5325;17838;12643
1;M3_cued_target;Stopped;107412;-4179;-5325;17838;12643
1;M3_cued_target;Stopped;107426;-4179;-5325;17838;12643
1;M3_cued_target;End;122234;-4179;-5325;17838;12643
2;L1_hidden_target;Begin;122234;6999;7000;0;0
2;L1_hidden_target;Stopped;331921;-3687;-6044;22522;16863
2;L1_hidden_target;Stopped;331934;-3687;-6044;22522;16863
2;L1_hidden_target;Stopped;331948;-3687;-6044;22522;16863
2;L1_hidden_target;Stopped;331961;-3687;-6044;22522;16863
2;L1_hidden_target;Stopped;331974;-3687;-6044;22522;16863
2;L1_hidden_target;Stopped;331988;-3687;-6044;22522;16863
2;L1_hidden_target;Stopped;332001;-3687;-6044;22522;16863
2;L1_hidden_target;Stopped;332014;-3687;-6044;22522;16863
2;L1_hidden_target;Stopped;332028;-3687;-6044;22522;16863
2;L1_hidden_target;Stopped;332041;-3687;-6044;22522;16863
2;L1_hidden_target;Stopped;332054;-3687;-6044;22522;16863
2;L1_hidden_target;Stopped;332068;-3687;-6044;22522;16863
2;L1_hidden_target;End;346942;-3687;-6044;22522;16863
3;M1_cued_target;Begin;346942;7000;6999;0;0
3;M1_cued_target;Stopped;455596;-3584;-5851;21084;16648
3;M1_cued_target;Stopped;455613;-3584;-5851;21084;16648
3;M1_cued_target;Stopped;455625;-3584;-5851;21084;16648
3;M1_cued_target;Stopped;455639;-3584;-5851;21084;16648
3;M1_cued_target;Stopped;455648;-3584;-5851;21084;16648
3;M1_cued_target;Stopped;455662;-3584;-5851;21084;16648
3;M1_cued_target;Stopped;455675;-3584;-5851;21084;16648
3;M1_cued_target;Stopped;455688;-3584;-5851;21084;16648
3;M1_cued_target;Stopped;455701;-3584;-5851;21084;16648
3;M1_cued_target;Stopped;455715;-3584;-5851;21084;16648
3;M1_cued_target;Stopped;455728;-3584;-5851;21084;16648
3;M1_cued_target;End;470616;-3584;-5851;21084;16648
4;L2_hidden_target;Begin;470616;7000;-7000;0;0
4;L2_hidden_target;Stopped;553747;-3681;-6420;12777;10697
4;L2_hidden_target;Stopped;553760;-3681;-6420;12777;10697
4;L2_hidden_target;Stopped;553774;-3681;-6420;12777;10697
4;L2_hidden_target;Stopped;553787;-3681;-6420;12777;10697
4;L2_hidden_target;Stopped;553804;-3681;-6420;12777;10697
4;L2_hidden_target;Stopped;553817;-3681;-6420;12777;10697
4;L2_hidden_target;Stopped;553830;-3681;-6420;12777;10697
4;L2_hidden_target;Stopped;553840;-3681;-6420;12777;10697
4;L2_hidden_target;Stopped;553854;-3681;-6420;12777;10697
4;L2_hidden_target;Stopped;553867;-3681;-6420;12777;10697
4;L2_hidden_target;Stopped;553880;-3681;-6420;12777;10697
4;L2_hidden_target;End;568768;-3681;-6420;12777;10697
5;M2_cued_target;Begin;568768;7000;-7000;0;0
5;M2_cued_target;Stopped;659681;-3590;-5741;19336;10665
5;M2_cued_target;Stopped;659695;-3590;-5741;19336;10665
5;M2_cued_target;Stopped;659708;-3590;-5741;19336;10665
5;M2_cued_target;Stopped;659721;-3590;-5741;19336;10665
5;M2_cued_target;Stopped;659735;-3590;-5741;19336;10665
5;M2_cued_target;Stopped;659748;-3590;-5741;19336;10665
5;M2_cued_target;Stopped;659761;-3590;-5741;19336;10665
5;M2_cued_target;Stopped;659775;-3590;-5741;19336;10665
5;M2_cued_target;Stopped;659788;-3590;-5741;19336;10665
5;M2_cued_target;Stopped;659801;-3590;-5741;19336;10665
5;M2_cued_target;Stopped;659815;-3590;-5741;19336;10665
5;M2_cued_target;Stopped;659828;-3590;-5741;19336;10665
5;M2_cued_target;Stopped;659841;-3590;-5741;19336;10665
5;M2_cued_target;Stopped;659855;-3590;-5741;19336;10665
5;M2_cued_target;Stopped;659868;-3590;-5741;19336;10665
5;M2_cued_target;Stopped;659881;-3590;-5741;19336;10665
5;M2_cued_target;Stopped;659895;-3590;-5741;19336;10665
5;M2_cued_target;Stopped;659908;-3590;-5741;19336;10665
5;M2_cued_target;Stopped;659921;-3590;-5741;19336;10665
5;M2_cued_target;End;674702;-3590;-5741;19336;10665
6;L3_hidden_target;Begin;674702;-7000;7000;0;0
6;L3_hidden_target;Stopped;759127;-4847;-5421;16136;12606
6;L3_hidden_target;Stopped;759140;-4847;-5421;16136;12606
6;L3_hidden_target;Stopped;759153;-4847;-5421;16136;12606
6;L3_hidden_target;Stopped;759167;-4847;-5421;16136;12606
6;L3_hidden_target;Stopped;759180;-4847;-5421;16136;12606
6;L3_hidden_target;Stopped;759193;-4847;-5421;16136;12606
6;L3_hidden_target;Stopped;759207;-4847;-5421;16136;12606
6;L3_hidden_target;Stopped;759220;-4847;-5421;16136;12606
6;L3_hidden_target;Stopped;759233;-4847;-5421;16136;12606
6;L3_hidden_target;Stopped;759247;-4847;-5421;16136;12606
6;L3_hidden_target;Stopped;759260;-4847;-5421;16136;12606
6;L3_hidden_target;End;774148;-4847;-5421;16136;12606
7;M1_cued_target;Begin;774148;6999;7000;0;0
7;M1_cued_target;Stopped;889720;-3613;-5900;21740;16705
7;M1_cued_target;Stopped;889733;-3613;-5900;21740;16705
7;M1_cued_target;Stopped;889747;-3613;-5900;21740;16705
7;M1_cued_target;Stopped;889760;-3613;-5900;21740;16705
7;M1_cued_target;Stopped;889773;-3613;-5900;21740;16705
7;M1_cued_target;Stopped;889789;-3613;-5900;21740;16705
7;M1_cued_target;Stopped;889804;-3613;-5900;21740;16705
7;M1_cued_target;Stopped;889817;-3613;-5900;21740;16705
7;M1_cued_target;Stopped;889829;-3613;-5900;21740;16705
7;M1_cued_target;Stopped;889844;-3613;-5900;21740;16705
7;M1_cued_target;Stopped;889858;-3613;-5900;21740;16705
7;M1_cued_target;Stopped;889867;-3613;-5900;21740;16705
7;M1_cued_target;Stopped;889881;-3613;-5900;21740;16705
7;M1_cued_target;Stopped;889893;-3613;-5900;21740;16705
7;M1_cued_target;Stopped;889906;-3613;-5900;21740;16705
7;M1_cued_target;Stopped;889920;-3613;-5900;21740;16705
7;M1_cued_target;Stopped;889933;-3613;-5900;21740;16705
7;M1_cued_target;Stopped;889946;-3613;-5900;21740;16705
7;M1_cued_target;End;904741;-3613;-5900;21740;16705
8;L2_hidden_target;Begin;904741;6999;-7000;0;0
8;L2_hidden_target;Stopped;963986;-3687;-6586;11621;10695
8;L2_hidden_target;Stopped;963999;-3687;-6586;11621;10695
8;L2_hidden_target;Stopped;964012;-3687;-6586;11621;10695
8;L2_hidden_target;Stopped;964030;-3687;-6586;11621;10695
8;L2_hidden_target;Stopped;964044;-3687;-6586;11621;10695
8;L2_hidden_target;Stopped;964053;-3687;-6586;11621;10695
8;L2_hidden_target;Stopped;964066;-3687;-6586;11621;10695
8;L2_hidden_target;Stopped;964079;-3687;-6586;11621;10695
8;L2_hidden_target;Stopped;964092;-3687;-6586;11621;10695
8;L2_hidden_target;Stopped;964106;-3687;-6586;11621;10695
8;L2_hidden_target;Stopped;964119;-3687;-6586;11621;10695
8;L2_hidden_target;End;979008;-3687;-6586;11621;10695
9;M3_cued_target;Begin;979008;-7000;7000;0;0
9;M3_cued_target;Stopped;1274200;-3300;-6122;64191;13634
9;M3_cued_target;Stopped;1274213;-3300;-6122;64191;13634
9;M3_cued_target;Stopped;1274223;-3300;-6122;64191;13634
9;M3_cued_target;Stopped;1274236;-3300;-6122;64191;13634
9;M3_cued_target;Stopped;1274250;-3300;-6122;64191;13634
9;M3_cued_target;Stopped;1274263;-3300;-6122;64191;13634
9;M3_cued_target;Stopped;1274276;-3300;-6122;64191;13634
9;M3_cued_target;Stopped;1274289;-3300;-6122;64191;13634
9;M3_cued_target;Stopped;1274302;-3300;-6122;64191;13634
9;M3_cued_target;Stopped;1274315;-3300;-6122;64191;13634
9;M3_cued_target;Stopped;1274329;-3300;-6122;64191;13634
9;M3_cued_target;Stopped;1274342;-3300;-6122;64191;13634
9;M3_cued_target;Stopped;1274355;-3300;-6122;64191;13634
9;M3_cued_target;Stopped;1274369;-3300;-6122;64191;13634
9;M3_cued_target;Stopped;1274382;-3300;-6122;64191;13634
9;M3_cued_target;Stopped;1274395;-3300;-6122;64191;13634
9;M3_cued_target;Stopped;1274409;-3300;-6122;64191;13634
9;M3_cued_target;End;1289216;-3300;-6122;64191;13634
10;L1_hidden_target;Begin;1289216;7000;7000;0;0
10;L1_hidden_target;Stopped;1391367;-4253;-6766;20704;17780
10;L1_hidden_target;Stopped;1391380;-4253;-6766;20704;17780
10;L1_hidden_target;Stopped;1391398;-4253;-6766;20704;17780
10;L1_hidden_target;Stopped;1391411;-4253;-6766;20704;17780
10;L1_hidden_target;Stopped;1391425;-4253;-6766;20704;17780
10;L1_hidden_target;Stopped;1391434;-4253;-6766;20704;17780
10;L1_hidden_target;Stopped;1391447;-4253;-6766;20704;17780
10;L1_hidden_target;Stopped;1391460;-4253;-6766;20704;17780
10;L1_hidden_target;Stopped;1391474;-4253;-6766;20704;17780
10;L1_hidden_target;Stopped;1391487;-4253;-6766;20704;17780
10;L1_hidden_target;End;1406389;-4253;-6766;20704;17780
11;M2_cued_target;Begin;1406389;7000;-7000;0;0
11;M2_cued_target;Stopped;1477722;-3417;-6287;14515;10441
11;M2_cued_target;Stopped;1477735;-3417;-6287;14515;10441
11;M2_cued_target;Stopped;1477748;-3417;-6287;14515;10441
11;M2_cued_target;Stopped;1477762;-3417;-6287;14515;10441
11;M2_cued_target;Stopped;1477775;-3417;-6287;14515;10441
11;M2_cued_target;Stopped;1477788;-3417;-6287;14515;10441
11;M2_cued_target;Stopped;1477802;-3417;-6287;14515;10441
11;M2_cued_target;Stopped;1477815;-3417;-6287;14515;10441
11;M2_cued_target;Stopped;1477828;-3417;-6287;14515;10441
11;M2_cued_target;Stopped;1477842;-3417;-6287;14515;10441
11;M2_cued_target;Stopped;1477855;-3417;-6287;14515;10441
11;M2_cued_target;Stopped;1477868;-3417;-6287;14515;10441
11;M2_cued_target;Stopped;1477882;-3417;-6287;14515;10441
11;M2_cued_target;Stopped;1477895;-3417;-6287;14515;10441
11;M2_cued_target;End;1492744;-3417;-6287;14515;10441
12;L3_hidden_target;Begin;1492744;-7000;7000;0;0
12;L3_hidden_target;Stopped;1604290;-4966;-5956;19523;13114
12;L3_hidden_target;Stopped;1604304;-4966;-5956;19523;13114
12;L3_hidden_target;Stopped;1604317;-4966;-5956;19523;13114
12;L3_hidden_target;Stopped;1604330;-4966;-5956;19523;13114
12;L3_hidden_target;Stopped;1604344;-4966;-5956;19523;13114
12;L3_hidden_target;Stopped;1604357;-4966;-5956;19523;13114
12;L3_hidden_target;Stopped;1604370;-4966;-5956;19523;13114
12;L3_hidden_target;Stopped;1604384;-4966;-5956;19523;13114
12;L3_hidden_target;Stopped;1604397;-4966;-5956;19523;13114
12;L3_hidden_target;Stopped;1604410;-4966;-5956;19523;13114
12;L3_hidden_target;Stopped;1604424;-4966;-5956;19523;13114
12;L3_hidden_target;Stopped;1604437;-4966;-5956;19523;13114
12;L3_hidden_target;Stopped;1604450;-4966;-5956;19523;13114
12;L3_hidden_target;End;1619312;-4966;-5956;19523;13114
13;M3_cued_target;Begin;1619312;-7000;7000;0;0
13;M3_cued_target;Stopped;1670933;-5389;-1530;10557;8681
13;M3_cued_target;Stopped;1670946;-5389;-1530;10557;8681
13;M3_cued_target;Stopped;1670960;-5389;-1530;10557;8681
13;M3_cued_target;Stopped;1670973;-5389;-1530;10557;8681
13;M3_cued_target;Stopped;1670986;-5389;-1530;10557;8681
13;M3_cued_target;Stopped;1670999;-5389;-1530;10557;8681
13;M3_cued_target;Stopped;1671013;-5389;-1530;10557;8681
13;M3_cued_target;Stopped;1671026;-5389;-1530;10557;8681
13;M3_cued_target;Stopped;1671040;-5389;-1530;10557;8681
13;M3_cued_target;Stopped;1671053;-5389;-1530;10557;8681
13;M3_cued_target;Stopped;1671066;-5389;-1530;10557;8681
13;M3_cued_target;Stopped;1671079;-5389;-1530;10557;8681
13;M3_cued_target;Stopped;1671097;-5389;-1530;10557;8681
13;M3_cued_target;Stopped;1671106;-5389;-1530;10557;8681
13;M3_cued_target;Stopped;1671120;-5389;-1530;10557;8681
13;M3_cued_target;Stopped;1671133;-5389;-1530;10557;8681
13;M3_cued_target;Stopped;1671146;-5389;-1530;10557;8681
13;M3_cued_target;Stopped;1671159;-5389;-1530;10557;8681
13;M3_cued_target;Stopped;1671173;-5389;-1530;10557;8681
13;M3_cued_target;Stopped;1671190;-5389;-1530;10557;8681
13;M3_cued_target;Stopped;1671204;-5389;-1530;10557;8681
13;M3_cued_target;Stopped;1671215;-5389;-1530;10557;8681
13;M3_cued_target;Stopped;1671228;-5389;-1530;10557;8681
13;M3_cued_target;Stopped;1671240;-5389;-1530;10557;8681
13;M3_cued_target;Stopped;1671253;-5389;-1530;10557;8681
13;M3_cued_target;End;1685955;-5389;-1530;10557;8681
14;L2_hidden_target;Begin;1685955;7000;-7000;0;0
14;L2_hidden_target;Stopped;1835421;-4966;-5872;29610;12019
14;L2_hidden_target;Stopped;1835434;-4966;-5872;29610;12019
14;L2_hidden_target;Stopped;1835448;-4966;-5872;29610;12019
14;L2_hidden_target;Stopped;1835461;-4966;-5872;29610;12019
14;L2_hidden_target;Stopped;1835474;-4966;-5872;29610;12019
14;L2_hidden_target;Stopped;1835514;-4966;-5872;29610;12019
14;L2_hidden_target;Stopped;1835528;-4966;-5872;29610;12019
14;L2_hidden_target;Stopped;1835541;-4966;-5872;29610;12019
14;L2_hidden_target;Stopped;1835554;-4966;-5872;29610;12019
14;L2_hidden_target;Stopped;1835568;-4966;-5872;29610;12019
14;L2_hidden_target;End;1850444;-4966;-5872;29610;12019
15;M1_cued_target;Begin;1850444;6999;7000;0;0
15;M1_cued_target;Stopped;2046026;-2119;-5014;41593;15083
15;M1_cued_target;Stopped;2046040;-2119;-5014;41593;15083
15;M1_cued_target;Stopped;2046053;-2119;-5014;41593;15083
15;M1_cued_target;Stopped;2046067;-2119;-5014;41593;15083
15;M1_cued_target;Stopped;2046080;-2119;-5014;41593;15083
15;M1_cued_target;Stopped;2046093;-2119;-5014;41593;15083
15;M1_cued_target;Stopped;2046107;-2119;-5014;41593;15083
15;M1_cued_target;Stopped;2046120;-2119;-5014;41593;15083
15;M1_cued_target;Stopped;2046133;-2119;-5014;41593;15083
15;M1_cued_target;Stopped;2046147;-2119;-5014;41593;15083
15;M1_cued_target;Stopped;2046159;-2119;-5014;41593;15083
15;M1_cued_target;Stopped;2046173;-2119;-5014;41593;15083
15;M1_cued_target;End;2061047;-2119;-5014;41593;15083
16;L3_hidden_target;Begin;2061047;-7000;7000;0;0
16;L3_hidden_target;Stopped;2141699;-4965;-5721;14783;12883
16;L3_hidden_target;Stopped;2141712;-4965;-5721;14783;12883
16;L3_hidden_target;Stopped;2141725;-4965;-5721;14783;12883
16;L3_hidden_target;Stopped;2141739;-4965;-5721;14783;12883
16;L3_hidden_target;Stopped;2141752;-4965;-5721;14783;12883
16;L3_hidden_target;Stopped;2141766;-4965;-5721;14783;12883
16;L3_hidden_target;End;2156721;-4965;-5721;14783;12883
16;L3_hidden_target;Begin;2156721;-4965;-5721;14783;12883
16;L3_hidden_target;Stopped;2165411;-4965;-5721;14783;12883
16;L3_hidden_target;Stopped;2165424;-4965;-5721;14783;12883
16;L3_hidden_target;Stopped;2165437;-4965;-5721;14783;12883
16;L3_hidden_target;Stopped;2165451;-4965;-5721;14783;12883
16;L3_hidden_target;Stopped;2165464;-4965;-5721;14783;12883
16;L3_hidden_target;Stopped;2165477;-4965;-5721;14783;12883
16;L3_hidden_target;Stopped;2165504;-4965;-5721;14783;12883
16;L3_hidden_target;Stopped;2165517;-4965;-5721;14783;12883
16;L3_hidden_target;Stopped;2165531;-4965;-5721;14783;12883
16;L3_hidden_target;Stopped;2165544;-4965;-5721;14783;12883
16;L3_hidden_target;Stopped;2165557;-4965;-5721;14783;12883
16;L3_hidden_target;Stopped;2165571;-4965;-5721;14783;12883
16;L3_hidden_target;Stopped;2165584;-4965;-5721;14783;12883
16;L3_hidden_target;Stopped;2165597;-4965;-5721;14783;12883
16;L3_hidden_target;Stopped;2165611;-4965;-5721;14783;12883
16;L3_hidden_target;Stopped;2165624;-4965;-5721;14783;12883
16;L3_hidden_target;Stopped;2165637;-4965;-5721;14783;12883
16;L3_hidden_target;Stopped;2165651;-4965;-5721;14783;12883
16;L3_hidden_target;Stopped;2165664;-4965;-5721;14783;12883
16;L3_hidden_target;Stopped;2165677;-4965;-5721;14783;12883
16;L3_hidden_target;End;2171741;-4965;-5721;14783;12883
16;L3_hidden_target;Begin;2171741;-4965;-5721;14783;12883
