1;M3_cued_target;Stopped;116968;-3687;-5537;20480;12968
1;M3_cued_target;Stopped;116991;-3687;-5537;20480;12968
1;M3_cued_target;Stopped;117006;-3687;-5537;20480;12968
1;M3_cued_target;Stopped;117022;-3687;-5537;20480;12968
1;M3_cued_target;Stopped;117039;-3687;-5537;20480;12968
1;M3_cued_target;Stopped;117056;-3687;-5537;20480;12968
1;M3_cued_target;Stopped;117069;-3687;-5537;20480;12968
1;M3_cued_target;Stopped;117085;-3687;-5537;20480;12968
1;M3_cued_target;Stopped;117107;-3687;-5537;20480;12968
1;M3_cued_target;Stopped;117120;-3687;-5537;20480;12968
1;M3_cued_target;Stopped;117137;-3687;-5537;20480;12968
1;M3_cued_target;Stopped;117157;-3687;-5537;20480;12968
1;M3_cued_target;Stopped;117172;-3687;-5537;20480;12968
1;M3_cued_target;Stopped;117186;-3687;-5537;20480;12968
1;M3_cued_target;Stopped;117207;-3687;-5537;20480;12968
1;M3_cued_target;Stopped;117223;-3687;-5537;20480;12968
1;M3_cued_target;Stopped;117238;-3687;-5537;20480;12968
1;M3_cued_target;Stopped;117253;-3687;-5537;20480;12968
1;M3_cued_target;Stopped;117269;-3687;-5537;20480;12968
1;M3_cued_target;Stopped;117286;-3687;-5537;20480;12968
1;M3_cued_target;Stopped;117302;-3687;-5537;20480;12968
1;M3_cued_target;Stopped;117319;-3687;-5537;20480;12968
1;M3_cued_target;Stopped;117336;-3687;-5537;20480;12968
1;M3_cued_target;Stopped;118068;-3687;-5537;20480;12968
1;M3_cued_target;Stopped;118085;-3687;-5537;20480;12968
1;M3_cued_target;Stopped;118101;-3687;-5537;20480;12968
1;M3_cued_target;Stopped;118118;-3687;-5537;20480;12968
1;M3_cued_target;Stopped;118139;-3687;-5537;20480;12968
1;M3_cued_target;Stopped;118155;-3687;-5537;20480;12968
1;M3_cued_target;Stopped;118169;-3687;-5537;20480;12968
1;M3_cued_target;Stopped;118189;-3687;-5537;20480;12968
1;M3_cued_target;Stopped;118204;-3687;-5537;20480;12968
1;M3_cued_target;Stopped;118221;-3687;-5537;20480;12968
1;M3_cued_target;Stopped;118239;-3687;-5537;20480;12968
1;M3_cued_target;Stopped;118256;-3687;-5537;20480;12968
1;M3_cued_target;Stopped;118270;-3687;-5537;20480;12968
1;M3_cued_target;Stopped;118286;-3687;-5537;20480;12968
1;M3_cued_target;Stopped;118302;-3687;-5537;20480;12968
1;M3_cued_target;Stopped;118319;-3687;-5537;20480;12968
1;M3_cued_target;Stopped;118336;-3687;-5537;20480;12968
1;M3_cued_target;Stopped;118353;-3687;-5537;20480;12968
1;M3_cued_target;Stopped;118369;-3687;-5537;20480;12968
1;M3_cued_target;Stopped;118386;-3687;-5537;20480;12968
1;M3_cued_target;Stopped;118402;-3687;-5537;20480;12968
1;M3_cued_target;Stopped;118419;-3687;-5537;20480;12968
1;M3_cued_target;Stopped;118436;-3687;-5537;20480;12968
1;M3_cued_target;Stopped;118452;-3687;-5537;20480;12968
1;M3_cued_target;Stopped;118468;-3687;-5537;20480;12968
1;M3_cued_target;Stopped;118485;-3687;-5537;20480;12968
1;M3_cued_target;Stopped;118501;-3687;-5537;20480;12968
1;M3_cued_target;Stopped;118535;-3687;-5537;20480;12968
1;M3_cued_target;Stopped;118551;-3687;-5537;20480;12968
1;M3_cued_target;Stopped;118568;-3687;-5537;20480;12968
1;M3_cued_target;Stopped;118585;-3687;-5537;20480;12968
1;M3_cued_target;Stopped;118601;-3687;-5537;20480;12968
1;M3_cued_target;Stopped;118618;-3687;-5537;20480;12968
1;M3_cued_target;Stopped;118635;-3687;-5537;20480;12968
1;M3_cued_target;Stopped;118652;-3687;-5537;20480;12968
1;M3_cued_target;Stopped;118668;-3687;-5537;20480;12968
1;M3_cued_target;Stopped;118685;-3687;-5537;20480;12968
1;M3_cued_target;Stopped;118701;-3687;-5537;20480;12968
1;M3_cued_target;Stopped;118718;-3687;-5537;20480;12968
1;M3_cued_target;Stopped;118735;-3687;-5537;20480;12968
1;M3_cued_target;Stopped;118751;-3687;-5537;20480;12968
1;M3_cued_target;Stopped;118768;-3687;-5537;20480;12968
1;M3_cued_target;Stopped;118785;-3687;-5537;20480;12968
1;M3_cued_target;Stopped;118801;-3687;-5537;20480;12968
1;M3_cued_target;Stopped;118818;-3687;-5537;20480;12968
1;M3_cued_target;Stopped;118835;-3687;-5537;20480;12968
1;M3_cued_target;End;131997;-3687;-5537;20480;12968
2;L2_hidden_target;Begin;131997;7000;-7000;0;0
2;L2_hidden_target;Stopped;261724;-3993;-5420;72097;11106
2;L2_hidden_target;Stopped;261741;-3993;-5420;72097;11106
2;L2_hidden_target;Stopped;261758;-3993;-5420;72097;11106
2;L2_hidden_target;Stopped;261774;-3993;-5420;72097;11106
2;L2_hidden_target;Stopped;261791;-3993;-5420;72097;11106
2;L2_hidden_target;Stopped;261808;-3993;-5420;72097;11106
2;L2_hidden_target;Stopped;261824;-3993;-5420;72097;11106
2;L2_hidden_target;Stopped;261841;-3993;-5420;72097;11106
2;L2_hidden_target;Stopped;261858;-3993;-5420;72097;11106
2;L2_hidden_target;Stopped;261874;-3993;-5420;72097;11106
2;L2_hidden_target;Stopped;261891;-3993;-5420;72097;11106
2;L2_hidden_target;Stopped;261908;-3993;-5420;72097;11106
2;L2_hidden_target;Stopped;261924;-3993;-5420;72097;11106
2;L2_hidden_target;Stopped;261941;-3993;-5420;72097;11106
2;L2_hidden_target;Stopped;261958;-3993;-5420;72097;11106
2;L2_hidden_target;Stopped;261974;-3993;-5420;72097;11106
2;L2_hidden_target;Stopped;261991;-3993;-5420;72097;11106
2;L2_hidden_target;Stopped;262007;-3993;-5420;72097;11106
2;L2_hidden_target;Stopped;262024;-3993;-5420;72097;11106
2;L2_hidden_target;Stopped;262041;-3993;-5420;72097;11106
2;L2_hidden_target;Stopped;262058;-3993;-5420;72097;11106
2;L2_hidden_target;Stopped;262074;-3993;-5420;72097;11106
2;L2_hidden_target;Stopped;262091;-3993;-5420;72097;11106
2;L2_hidden_target;Stopped;262108;-3993;-5420;72097;11106
2;L2_hidden_target;Stopped;262124;-3993;-5420;72097;11106
2;L2_hidden_target;Stopped;262141;-3993;-5420;72097;11106
2;L2_hidden_target;Stopped;262157;-3993;-5420;72097;11106
2;L2_hidden_target;Stopped;262174;-3993;-5420;72097;11106
2;L2_hidden_target;Stopped;262191;-3993;-5420;72097;11106
2;L2_hidden_target;Stopped;262208;-3993;-5420;72097;11106
2;L2_hidden_target;Stopped;262224;-3993;-5420;72097;11106
2;L2_hidden_target;End;276754;-3993;-5420;72097;11106
3;M1_cued_target;Begin;276754;7000;6999;0;0
3;M1_cued_target;Stopped;361075;-3682;-5970;18597;16803
3;M1_cued_target;Stopped;361091;-3682;-5970;18597;16803
3;M1_cued_target;Stopped;361108;-3682;-5970;18597;16803
3;M1_cued_target;Stopped;361125;-3682;-5970;18597;16803
3;M1_cued_target;Stopped;361141;-3682;-5970;18597;16803
3;M1_cued_target;Stopped;361158;-3682;-5970;18597;16803
3;M1_cued_target;Stopped;361175;-3682;-5970;18597;16803
3;M1_cued_target;Stopped;361191;-3682;-5970;18597;16803
3;M1_cued_target;Stopped;361208;-3682;-5970;18597;16803
3;M1_cued_target;Stopped;361225;-3682;-5970;18597;16803
3;M1_cued_target;Stopped;361242;-3682;-5970;18597;16803
3;M1_cued_target;Stopped;361258;-3682;-5970;18597;16803
3;M1_cued_target;Stopped;361275;-3682;-5970;18597;16803
3;M1_cued_target;Stopped;361291;-3682;-5970;18597;16803
3;M1_cued_target;Stopped;361308;-3682;-5970;18597;16803
3;M1_cued_target;Stopped;361325;-3682;-5970;18597;16803
3;M1_cued_target;Stopped;361341;-3682;-5970;18597;16803
3;M1_cued_target;Stopped;361357;-3682;-5970;18597;16803
3;M1_cued_target;End;376103;-3682;-5970;18597;16803
4;L2_hidden_target;Begin;376103;7000;-7000;0;0
4;L2_hidden_target;Stopped;397482;-3670;-6197;11472;10700
4;L2_hidden_target;Stopped;397499;-3670;-6197;11472;10700
4;L2_hidden_target;Stopped;397532;-3670;-6197;11472;10700
4;L2_hidden_target;Stopped;397549;-3670;-6197;11472;10700
4;L2_hidden_target;Stopped;397566;-3670;-6197;11472;10700
4;L2_hidden_target;Stopped;397582;-3670;-6197;11472;10700
4;L2_hidden_target;Stopped;397603;-3670;-6197;11472;10700
4;L2_hidden_target;Stopped;397616;-3670;-6197;11472;10700
4;L2_hidden_target;Stopped;397632;-3670;-6197;11472;10700
4;L2_hidden_target;End;412513;-3670;-6197;11472;10700
5;M2_cued_target;Begin;412513;6999;-7000;0;0
5;M2_cued_target;Stopped;464442;-3667;-6203;10580;10696
5;M2_cued_target;Stopped;464458;-3667;-6203;10580;10696
5;M2_cued_target;Stopped;464475;-3667;-6203;10580;10696
5;M2_cued_target;Stopped;464492;-3667;-6203;10580;10696
5;M2_cued_target;Stopped;464525;-3667;-6203;10580;10696
5;M2_cued_target;Stopped;464542;-3667;-6203;10580;10696
5;M2_cued_target;Stopped;464559;-3667;-6203;10580;10696
5;M2_cued_target;Stopped;464575;-3667;-6203;10580;10696
5;M2_cued_target;Stopped;464592;-3667;-6203;10580;10696
5;M2_cued_target;Stopped;464608;-3667;-6203;10580;10696
5;M2_cued_target;Stopped;464625;-3667;-6203;10580;10696
5;M2_cued_target;Stopped;464642;-3667;-6203;10580;10696
5;M2_cued_target;Stopped;464658;-3667;-6203;10580;10696
5;M2_cued_target;Stopped;464675;-3667;-6203;10580;10696
5;M2_cued_target;End;479470;-3667;-6203;10580;10696
6;L2_hidden_target;Begin;479470;7000;-7000;0;0
6;L2_hidden_target;Stopped;504830;-4021;-5429;11778;11132
6;L2_hidden_target;Stopped;504846;-4021;-5429;11778;11132
6;L2_hidden_target;Stopped;504863;-4021;-5429;11778;11132
6;L2_hidden_target;Stopped;504880;-4021;-5429;11778;11132
6;L2_hidden_target;Stopped;504896;-4021;-5429;11778;11132
6;L2_hidden_target;Stopped;504913;-4021;-5429;11778;11132
6;L2_hidden_target;Stopped;504930;-4021;-5429;11778;11132
6;L2_hidden_target;Stopped;504948;-4021;-5429;11778;11132
6;L2_hidden_target;Stopped;504968;-4021;-5429;11778;11132
6;L2_hidden_target;Stopped;504982;-4021;-5429;11778;11132
6;L2_hidden_target;Stopped;504997;-4021;-5429;11778;11132
6;L2_hidden_target;Stopped;505014;-4021;-5429;11778;11132
6;L2_hidden_target;Stopped;505031;-4021;-5429;11778;11132
6;L2_hidden_target;End;519859;-4021;-5429;11778;11132
7;M1_cued_target;Begin;519859;7000;7000;0;0
7;M1_cued_target;Stopped;618827;-3722;-5295;18389;16313
7;M1_cued_target;Stopped;618843;-3722;-5295;18389;16313
7;M1_cued_target;Stopped;618860;-3722;-5295;18389;16313
7;M1_cued_target;Stopped;618876;-3722;-5295;18389;16313
7;M1_cued_target;Stopped;618893;-3722;-5295;18389;16313
7;M1_cued_target;Stopped;618910;-3722;-5295;18389;16313
7;M1_cued_target;Stopped;618927;-3722;-5295;18389;16313
7;M1_cued_target;Stopped;618943;-3722;-5295;18389;16313
7;M1_cued_target;Stopped;618960;-3722;-5295;18389;16313
7;M1_cued_target;Stopped;618977;-3722;-5295;18389;16313
7;M1_cued_target;Stopped;618993;-3722;-5295;18389;16313
7;M1_cued_target;End;633854;-3722;-5295;18389;16313
8;L2_hidden_target;Begin;633854;6999;-7000;0;0
8;L2_hidden_target;Stopped;655016;-3562;-5432;11502;10677
8;L2_hidden_target;Stopped;655032;-3562;-5432;11502;10677
8;L2_hidden_target;Stopped;655049;-3562;-5432;11502;10677
8;L2_hidden_target;Stopped;655066;-3562;-5432;11502;10677
8;L2_hidden_target;Stopped;655082;-3562;-5432;11502;10677
8;L2_hidden_target;Stopped;655099;-3562;-5432;11502;10677
8;L2_hidden_target;Stopped;655116;-3562;-5432;11502;10677
8;L2_hidden_target;Stopped;655132;-3562;-5432;11502;10677
8;L2_hidden_target;Stopped;655149;-3562;-5432;11502;10677
8;L2_hidden_target;Stopped;655166;-3562;-5432;11502;10677
8;L2_hidden_target;Stopped;655182;-3562;-5432;11502;10677
8;L2_hidden_target;Stopped;655199;-3562;-5432;11502;10677
8;L2_hidden_target;End;670045;-3562;-5432;11502;10677
9;M3_cued_target;Begin;670045;-7000;7000;0;0
9;M3_cued_target;Stopped;766596;-3822;-5093;17952;12503
9;M3_cued_target;Stopped;766612;-3822;-5093;17952;12503
9;M3_cued_target;Stopped;766629;-3822;-5093;17952;12503
9;M3_cued_target;Stopped;766646;-3822;-5093;17952;12503
9;M3_cued_target;Stopped;766662;-3822;-5093;17952;12503
9;M3_cued_target;Stopped;766679;-3822;-5093;17952;12503
9;M3_cued_target;Stopped;766696;-3822;-5093;17952;12503
9;M3_cued_target;Stopped;766713;-3822;-5093;17952;12503
9;M3_cued_target;Stopped;766729;-3822;-5093;17952;12503
9;M3_cued_target;Stopped;766746;-3822;-5093;17952;12503
9;M3_cued_target;Stopped;766762;-3822;-5093;17952;12503
9;M3_cued_target;Stopped;766779;-3822;-5093;17952;12503
9;M3_cued_target;Stopped;766796;-3822;-5093;17952;12503
9;M3_cued_target;Stopped;766812;-3822;-5093;17952;12503
9;M3_cued_target;Stopped;766829;-3822;-5093;17952;12503
9;M3_cued_target;Stopped;766846;-3822;-5093;17952;12503
9;M3_cued_target;End;781624;-3822;-5093;17952;12503
10;L2_hidden_target;Begin;781624;7000;-7000;0;0
10;L2_hidden_target;Stopped;801152;-3661;-5990;11432;10709
10;L2_hidden_target;Stopped;801170;-3661;-5990;11432;10709
10;L2_hidden_target;Stopped;801187;-3661;-5990;11432;10709
10;L2_hidden_target;Stopped;801203;-3661;-5990;11432;10709
10;L2_hidden_target;Stopped;801220;-3661;-5990;11432;10709
10;L2_hidden_target;Stopped;801242;-3661;-5990;11432;10709
10;L2_hidden_target;Stopped;801257;-3661;-5990;11432;10709
10;L2_hidden_target;Stopped;801270;-3661;-5990;11432;10709
10;L2_hidden_target;Stopped;801287;-3661;-5990;11432;10709
10;L2_hidden_target;Stopped;801304;-3661;-5990;11432;10709
10;L2_hidden_target;End;816180;-3661;-5990;11432;10709
11;M2_cued_target;Begin;816180;6999;-7000;0;0
11;M2_cued_target;Stopped;863515;-3452;-6262;10333;10478
11;M2_cued_target;Stopped;863531;-3452;-6262;10333;10478
11;M2_cued_target;Stopped;863549;-3452;-6262;10333;10478
11;M2_cued_target;Stopped;863565;-3452;-6262;10333;10478
11;M2_cued_target;Stopped;863582;-3452;-6262;10333;10478
11;M2_cued_target;Stopped;863599;-3452;-6262;10333;10478
11;M2_cued_target;Stopped;863615;-3452;-6262;10333;10478
11;M2_cued_target;Stopped;863632;-3452;-6262;10333;10478
11;M2_cued_target;Stopped;863649;-3452;-6262;10333;10478
11;M2_cued_target;Stopped;863666;-3452;-6262;10333;10478
11;M2_cued_target;Stopped;863682;-3452;-6262;10333;10478
11;M2_cued_target;End;878544;-3452;-6262;10333;10478
12;L2_hidden_target;Begin;878544;7000;-7000;0;0
12;L2_hidden_target;Stopped;897857;-3675;-6485;11645;10687
12;L2_hidden_target;Stopped;897874;-3675;-6485;11645;10687
12;L2_hidden_target;Stopped;897891;-3675;-6485;11645;10687
12;L2_hidden_target;Stopped;897907;-3675;-6485;11645;10687
12;L2_hidden_target;Stopped;897924;-3675;-6485;11645;10687
12;L2_hidden_target;Stopped;897941;-3675;-6485;11645;10687
12;L2_hidden_target;Stopped;897957;-3675;-6485;11645;10687
12;L2_hidden_target;Stopped;897974;-3675;-6485;11645;10687
12;L2_hidden_target;Stopped;897991;-3675;-6485;11645;10687
12;L2_hidden_target;Stopped;898007;-3675;-6485;11645;10687
12;L2_hidden_target;Stopped;898024;-3675;-6485;11645;10687
12;L2_hidden_target;End;912884;-3675;-6485;11645;10687
13;M3_cued_target;Begin;912884;-7000;7000;0;0
13;M3_cued_target;Stopped;1146108;-3625;-6436;49602;13853
13;M3_cued_target;Stopped;1146125;-3625;-6436;49602;13853
13;M3_cued_target;Stopped;1146142;-3625;-6436;49602;13853
13;M3_cued_target;Stopped;1146159;-3625;-6436;49602;13853
13;M3_cued_target;Stopped;1146175;-3625;-6436;49602;13853
13;M3_cued_target;Stopped;1146192;-3625;-6436;49602;13853
13;M3_cued_target;Stopped;1146209;-3625;-6436;49602;13853
13;M3_cued_target;Stopped;1146225;-3625;-6436;49602;13853
13;M3_cued_target;Stopped;1146242;-3625;-6436;49602;13853
13;M3_cued_target;Stopped;1146259;-3625;-6436;49602;13853
13;M3_cued_target;Stopped;1146275;-3625;-6436;49602;13853
13;M3_cued_target;Stopped;1146292;-3625;-6436;49602;13853
13;M3_cued_target;Stopped;1146309;-3625;-6436;49602;13853
13;M3_cued_target;Stopped;1146325;-3625;-6436;49602;13853
13;M3_cued_target;Stopped;1146342;-3625;-6436;49602;13853
13;M3_cued_target;Stopped;1146359;-3625;-6436;49602;13853
13;M3_cued_target;Stopped;1146375;-3625;-6436;49602;13853
13;M3_cued_target;End;1161137;-3625;-6436;49602;13853
14;L2_hidden_target;Begin;1161137;7000;-7000;0;0
14;L2_hidden_target;Stopped;1182314;-3678;-6546;11529;10688
14;L2_hidden_target;Stopped;1182332;-3678;-6546;11529;10688
14;L2_hidden_target;Stopped;1182349;-3678;-6546;11529;10688
14;L2_hidden_target;Stopped;1182365;-3678;-6546;11529;10688
14;L2_hidden_target;Stopped;1182382;-3678;-6546;11529;10688
14;L2_hidden_target;Stopped;1182399;-3678;-6546;11529;10688
14;L2_hidden_target;Stopped;1182415;-3678;-6546;11529;10688
14;L2_hidden_target;Stopped;1182432;-3678;-6546;11529;10688
14;L2_hidden_target;Stopped;1182449;-3678;-6546;11529;10688
14;L2_hidden_target;Stopped;1182465;-3678;-6546;11529;10688
14;L2_hidden_target;Stopped;1182482;-3678;-6546;11529;10688
14;L2_hidden_target;End;1197344;-3678;-6546;11529;10688
15;M1_cued_target;Begin;1197344;7000;7000;0;0
15;M1_cued_target;Stopped;1282633;-3683;-5771;17688;16650
15;M1_cued_target;Stopped;1282649;-3683;-5771;17688;16650
15;M1_cued_target;Stopped;1282666;-3683;-5771;17688;16650
15;M1_cued_target;Stopped;1282683;-3683;-5771;17688;16650
15;M1_cued_target;Stopped;1282700;-3683;-5771;17688;16650
15;M1_cued_target;Stopped;1282716;-3683;-5771;17688;16650
15;M1_cued_target;Stopped;1282733;-3683;-5771;17688;16650
15;M1_cued_target;Stopped;1282750;-3683;-5771;17688;16650
15;M1_cued_target;Stopped;1282766;-3683;-5771;17688;16650
15;M1_cued_target;Stopped;1282783;-3683;-5771;17688;16650
15;M1_cued_target;Stopped;1282800;-3683;-5771;17688;16650
15;M1_cued_target;Stopped;1282816;-3683;-5771;17688;16650
15;M1_cued_target;Stopped;1282833;-3683;-5771;17688;16650
15;M1_cued_target;Stopped;1282850;-3683;-5771;17688;16650
15;M1_cued_target;End;1297661;-3683;-5771;17688;16650
16;L2_hidden_target;Begin;1297661;7000;-7000;0;0
16;L2_hidden_target;Stopped;1316957;-3661;-6329;11368;10682
16;L2_hidden_target;Stopped;1316978;-3661;-6329;11368;10682
16;L2_hidden_target;Stopped;1316994;-3661;-6329;11368;10682
16;L2_hidden_target;Stopped;1317009;-3661;-6329;11368;10682
16;L2_hidden_target;Stopped;1317024;-3661;-6329;11368;10682
16;L2_hidden_target;Stopped;1317040;-3661;-6329;11368;10682
16;L2_hidden_target;Stopped;1317057;-3661;-6329;11368;10682
16;L2_hidden_target;Stopped;1317073;-3661;-6329;11368;10682
16;L2_hidden_target;Stopped;1317090;-3661;-6329;11368;10682
16;L2_hidden_target;Stopped;1317107;-3661;-6329;11368;10682
16;L2_hidden_target;End;1331986;-3661;-6329;11368;10682
16;L2_hidden_target;Begin;1331986;-3661;-6329;11368;10682
