1;M3_cued_target;Stopped;81471;-4590;-5415;14320;12647
1;M3_cued_target;End;81488;-4590;-5415;14320;12647
2;L2_hidden_target;Begin;81488;7000;-7000;0;0
2;L2_hidden_target;Stopped;81506;7000;-7000;0;0
2;L2_hidden_target;Stopped;81540;7000;-7000;0;0
2;L2_hidden_target;Stopped;81563;7000;-7000;0;0
2;L2_hidden_target;Stopped;81575;7000;-7000;0;0
2;L2_hidden_target;Stopped;81591;7000;-7000;0;0
2;L2_hidden_target;Stopped;81608;7000;-7000;0;0
2;L2_hidden_target;Stopped;81624;7000;-7000;0;0
2;L2_hidden_target;Stopped;81641;7000;-7000;0;0
2;L2_hidden_target;Stopped;81657;7000;-7000;0;0
2;L2_hidden_target;Stopped;81673;7000;-7000;0;0
2;L2_hidden_target;Stopped;81690;7000;-7000;0;0
2;L2_hidden_target;Stopped;81707;7000;-7000;0;0
2;L2_hidden_target;Stopped;81723;7000;-7000;0;0
2;L2_hidden_target;Stopped;81740;7000;-7000;0;0
2;L2_hidden_target;Stopped;81757;7000;-7000;0;0
2;L2_hidden_target;Stopped;81773;7000;-7000;0;0
2;L2_hidden_target;Stopped;81790;7000;-7000;0;0
2;L2_hidden_target;Stopped;81807;7000;-7000;0;0
2;L2_hidden_target;Stopped;81823;7000;-7000;0;0
2;L2_hidden_target;Stopped;81840;7000;-7000;0;0
2;L2_hidden_target;End;96520;7000;-7000;0;0
3;M1_cued_target;Begin;96520;7000;7000;0;0
3;M1_cued_target;Stopped;182089;-3681;-5937;18879;16777
3;M1_cued_target;Stopped;182106;-3681;-5937;18879;16777
3;M1_cued_target;Stopped;182123;-3681;-5937;18879;16777
3;M1_cued_target;Stopped;182139;-3681;-5937;18879;16777
3;M1_cued_target;Stopped;182156;-3681;-5937;18879;16777
3;M1_cued_target;Stopped;182173;-3681;-5937;18879;16777
3;M1_cued_target;Stopped;182189;-3681;-5937;18879;16777
3;M1_cued_target;Stopped;182206;-3681;-5937;18879;16777
3;M1_cued_target;Stopped;182223;-3681;-5937;18879;16777
3;M1_cued_target;Stopped;182239;-3681;-5937;18879;16777
3;M1_cued_target;Stopped;182256;-3681;-5937;18879;16777
3;M1_cued_target;Stopped;182273;-3681;-5937;18879;16777
3;M1_cued_target;Stopped;182289;-3681;-5937;18879;16777
3;M1_cued_target;Stopped;182306;-3681;-5937;18879;16777
3;M1_cued_target;Stopped;182323;-3681;-5937;18879;16777
3;M1_cued_target;Stopped;182339;-3681;-5937;18879;16777
3;M1_cued_target;Stopped;182356;-3681;-5937;18879;16777
3;M1_cued_target;End;197118;-3681;-5937;18879;16777
4;L2_hidden_target;Begin;197118;6999;-7000;0;0
4;L2_hidden_target;Stopped;367865;-4687;-5419;94737;11794
4;L2_hidden_target;Stopped;367882;-4687;-5419;94737;11794
4;L2_hidden_target;Stopped;367898;-4687;-5419;94737;11794
4;L2_hidden_target;Stopped;367915;-4687;-5419;94737;11794
4;L2_hidden_target;Stopped;367932;-4687;-5419;94737;11794
4;L2_hidden_target;Stopped;367948;-4687;-5419;94737;11794
4;L2_hidden_target;Stopped;367965;-4687;-5419;94737;11794
4;L2_hidden_target;Stopped;367982;-4687;-5419;94737;11794
4;L2_hidden_target;Stopped;367998;-4687;-5419;94737;11794
4;L2_hidden_target;Stopped;368015;-4687;-5419;94737;11794
4;L2_hidden_target;Stopped;368032;-4687;-5419;94737;11794
4;L2_hidden_target;Stopped;368048;-4687;-5419;94737;11794
4;L2_hidden_target;Stopped;368065;-4687;-5419;94737;11794
4;L2_hidden_target;Stopped;368082;-4687;-5419;94737;11794
4;L2_hidden_target;Stopped;368098;-4687;-5419;94737;11794
4;L2_hidden_target;Stopped;368115;-4687;-5419;94737;11794
4;L2_hidden_target;End;382893;-4687;-5419;94737;11794
5;M2_cued_target;Begin;382893;7000;-7000;0;0
5;M2_cued_target;Stopped;580648;-4158;-5418;40383;11270
5;M2_cued_target;Stopped;580664;-4158;-5418;40383;11270
5;M2_cued_target;Stopped;580680;-4158;-5418;40383;11270
5;M2_cued_target;Stopped;580697;-4158;-5418;40383;11270
5;M2_cued_target;Stopped;580714;-4158;-5418;40383;11270
5;M2_cued_target;Stopped;580730;-4158;-5418;40383;11270
5;M2_cued_target;Stopped;580747;-4158;-5418;40383;11270
5;M2_cued_target;Stopped;580764;-4158;-5418;40383;11270
5;M2_cued_target;Stopped;580780;-4158;-5418;40383;11270
5;M2_cued_target;Stopped;580798;-4158;-5418;40383;11270
5;M2_cued_target;Stopped;580814;-4158;-5418;40383;11270
5;M2_cued_target;Stopped;580830;-4158;-5418;40383;11270
5;M2_cued_target;Stopped;580847;-4158;-5418;40383;11270
5;M2_cued_target;Stopped;580864;-4158;-5418;40383;11270
5;M2_cued_target;Stopped;580880;-4158;-5418;40383;11270
5;M2_cued_target;Stopped;580898;-4158;-5418;40383;11270
5;M2_cued_target;Stopped;580914;-4158;-5418;40383;11270
5;M2_cued_target;End;595676;-4158;-5418;40383;11270
6;L2_hidden_target;Begin;595676;7000;-7000;0;0
6;L2_hidden_target;Stopped;617553;-3743;-6698;11693;10747
6;L2_hidden_target;Stopped;617569;-3743;-6698;11693;10747
6;L2_hidden_target;Stopped;617586;-3743;-6698;11693;10747
6;L2_hidden_target;Stopped;617603;-3743;-6698;11693;10747
6;L2_hidden_target;Stopped;617619;-3743;-6698;11693;10747
6;L2_hidden_target;Stopped;617636;-3743;-6698;11693;10747
6;L2_hidden_target;Stopped;617653;-3743;-6698;11693;10747
6;L2_hidden_target;Stopped;617669;-3743;-6698;11693;10747
6;L2_hidden_target;Stopped;617686;-3743;-6698;11693;10747
6;L2_hidden_target;Stopped;617703;-3743;-6698;11693;10747
6;L2_hidden_target;Stopped;617719;-3743;-6698;11693;10747
6;L2_hidden_target;Stopped;617736;-3743;-6698;11693;10747
6;L2_hidden_target;Stopped;617753;-3743;-6698;11693;10747
6;L2_hidden_target;Stopped;617769;-3743;-6698;11693;10747
6;L2_hidden_target;End;632569;-3743;-6698;11693;10747
7;M1_cued_target;Begin;632569;7000;6999;0;0
7;M1_cued_target;Stopped;729367;-3683;-6150;19918;16943
7;M1_cued_target;Stopped;729384;-3683;-6150;19918;16943
7;M1_cued_target;Stopped;729400;-3683;-6150;19918;16943
7;M1_cued_target;Stopped;729417;-3683;-6150;19918;16943
7;M1_cued_target;Stopped;729434;-3683;-6150;19918;16943
7;M1_cued_target;Stopped;729450;-3683;-6150;19918;16943
7;M1_cued_target;Stopped;729467;-3683;-6150;19918;16943
7;M1_cued_target;Stopped;729484;-3683;-6150;19918;16943
7;M1_cued_target;Stopped;729517;-3683;-6150;19918;16943
7;M1_cued_target;Stopped;729538;-3683;-6150;19918;16943
7;M1_cued_target;Stopped;729554;-3683;-6150;19918;16943
7;M1_cued_target;Stopped;729567;-3683;-6150;19918;16943
7;M1_cued_target;Stopped;729584;-3683;-6150;19918;16943
7;M1_cued_target;Stopped;729601;-3683;-6150;19918;16943
7;M1_cued_target;Stopped;729618;-3683;-6150;19918;16943
7;M1_cued_target;Stopped;729634;-3683;-6150;19918;16943
7;M1_cued_target;Stopped;729651;-3683;-6150;19918;16943
7;M1_cued_target;Stopped;729668;-3683;-6150;19918;16943
7;M1_cued_target;Stopped;729684;-3683;-6150;19918;16943
7;M1_cued_target;End;744396;-3683;-6150;19918;16943
8;L2_hidden_target;Begin;744396;7000;-7000;0;0
8;L2_hidden_target;Stopped;767356;-3684;-6574;11265;10692
8;L2_hidden_target;Stopped;767372;-3684;-6574;11265;10692
8;L2_hidden_target;Stopped;767389;-3684;-6574;11265;10692
8;L2_hidden_target;Stopped;767406;-3684;-6574;11265;10692
8;L2_hidden_target;Stopped;767422;-3684;-6574;11265;10692
8;L2_hidden_target;Stopped;767444;-3684;-6574;11265;10692
8;L2_hidden_target;Stopped;767456;-3684;-6574;11265;10692
8;L2_hidden_target;Stopped;767472;-3684;-6574;11265;10692
8;L2_hidden_target;Stopped;767489;-3684;-6574;11265;10692
8;L2_hidden_target;Stopped;767522;-3684;-6574;11265;10692
8;L2_hidden_target;Stopped;767539;-3684;-6574;11265;10692
8;L2_hidden_target;Stopped;767555;-3684;-6574;11265;10692
8;L2_hidden_target;Stopped;767572;-3684;-6574;11265;10692
8;L2_hidden_target;Stopped;767589;-3684;-6574;11265;10692
8;L2_hidden_target;Stopped;767605;-3684;-6574;11265;10692
8;L2_hidden_target;Stopped;767622;-3684;-6574;11265;10692
8;L2_hidden_target;Stopped;767639;-3684;-6574;11265;10692
8;L2_hidden_target;Stopped;767656;-3684;-6574;11265;10692
8;L2_hidden_target;Stopped;767672;-3684;-6574;11265;10692
8;L2_hidden_target;End;782385;-3684;-6574;11265;10692
9;M3_cued_target;Begin;782385;-7000;7000;0;0
9;M3_cued_target;Stopped;853728;-4373;-5417;13035;12692
9;M3_cued_target;Stopped;853745;-4373;-5417;13035;12692
9;M3_cued_target;Stopped;853762;-4373;-5417;13035;12692
9;M3_cued_target;Stopped;853778;-4373;-5417;13035;12692
9;M3_cued_target;Stopped;853795;-4373;-5417;13035;12692
9;M3_cued_target;Stopped;853812;-4373;-5417;13035;12692
9;M3_cued_target;Stopped;853828;-4373;-5417;13035;12692
9;M3_cued_target;Stopped;853846;-4373;-5417;13035;12692
9;M3_cued_target;Stopped;853862;-4373;-5417;13035;12692
9;M3_cued_target;Stopped;853878;-4373;-5417;13035;12692
9;M3_cued_target;Stopped;853895;-4373;-5417;13035;12692
9;M3_cued_target;Stopped;853912;-4373;-5417;13035;12692
9;M3_cued_target;Stopped;853928;-4373;-5417;13035;12692
9;M3_cued_target;Stopped;853946;-4373;-5417;13035;12692
9;M3_cued_target;Stopped;853962;-4373;-5417;13035;12692
9;M3_cued_target;Stopped;853978;-4373;-5417;13035;12692
9;M3_cued_target;Stopped;853995;-4373;-5417;13035;12692
9;M3_cued_target;Stopped;854012;-4373;-5417;13035;12692
9;M3_cued_target;Stopped;854028;-4373;-5417;13035;12692
9;M3_cued_target;Stopped;854045;-4373;-5417;13035;12692
9;M3_cued_target;Stopped;854062;-4373;-5417;13035;12692
9;M3_cued_target;Stopped;854078;-4373;-5417;13035;12692
9;M3_cued_target;Stopped;854095;-4373;-5417;13035;12692
9;M3_cued_target;Stopped;854111;-4373;-5417;13035;12692
9;M3_cued_target;End;868757;-4373;-5417;13035;12692
10;L2_hidden_target;Begin;868757;6999;-7000;0;0
10;L2_hidden_target;Stopped;890518;-3682;-5882;11334;10741
10;L2_hidden_target;Stopped;890539;-3682;-5882;11334;10741
10;L2_hidden_target;Stopped;890556;-3682;-5882;11334;10741
10;L2_hidden_target;Stopped;890571;-3682;-5882;11334;10741
10;L2_hidden_target;Stopped;890585;-3682;-5882;11334;10741
10;L2_hidden_target;Stopped;890601;-3682;-5882;11334;10741
10;L2_hidden_target;Stopped;890618;-3682;-5882;11334;10741
10;L2_hidden_target;Stopped;890635;-3682;-5882;11334;10741
10;L2_hidden_target;Stopped;890651;-3682;-5882;11334;10741
10;L2_hidden_target;Stopped;890671;-3682;-5882;11334;10741
10;L2_hidden_target;Stopped;890689;-3682;-5882;11334;10741
10;L2_hidden_target;Stopped;890705;-3682;-5882;11334;10741
10;L2_hidden_target;Stopped;890721;-3682;-5882;11334;10741
10;L2_hidden_target;Stopped;890735;-3682;-5882;11334;10741
10;L2_hidden_target;Stopped;890752;-3682;-5882;11334;10741
10;L2_hidden_target;End;905547;-3682;-5882;11334;10741
11;M2_cued_target;Begin;905547;7000;-7000;0;0
11;M2_cued_target;Stopped;964127;-3681;-6501;11051;10693
11;M2_cued_target;Stopped;964144;-3681;-6501;11051;10693
11;M2_cued_target;Stopped;964160;-3681;-6501;11051;10693
11;M2_cued_target;Stopped;964177;-3681;-6501;11051;10693
11;M2_cued_target;Stopped;964194;-3681;-6501;11051;10693
11;M2_cued_target;Stopped;964210;-3681;-6501;11051;10693
11;M2_cued_target;Stopped;964227;-3681;-6501;11051;10693
11;M2_cued_target;Stopped;964244;-3681;-6501;11051;10693
11;M2_cued_target;Stopped;964260;-3681;-6501;11051;10693
11;M2_cued_target;Stopped;964277;-3681;-6501;11051;10693
11;M2_cued_target;Stopped;964294;-3681;-6501;11051;10693
11;M2_cued_target;Stopped;964310;-3681;-6501;11051;10693
11;M2_cued_target;Stopped;964330;-3681;-6501;11051;10693
11;M2_cued_target;Stopped;964347;-3681;-6501;11051;10693
11;M2_cued_target;Stopped;964364;-3681;-6501;11051;10693
11;M2_cued_target;Stopped;964377;-3681;-6501;11051;10693
11;M2_cued_target;End;979155;-3681;-6501;11051;10693
12;L2_hidden_target;Begin;979155;7000;-7000;0;0
12;L2_hidden_target;Stopped;1047272;-4969;-5883;35806;12021
12;L2_hidden_target;Stopped;1047288;-4969;-5883;35806;12021
12;L2_hidden_target;Stopped;1047302;-4969;-5883;35806;12021
12;L2_hidden_target;Stopped;1047318;-4969;-5883;35806;12021
12;L2_hidden_target;Stopped;1047335;-4969;-5883;35806;12021
12;L2_hidden_target;Stopped;1047352;-4969;-5883;35806;12021
12;L2_hidden_target;Stopped;1047368;-4969;-5883;35806;12021
12;L2_hidden_target;Stopped;1047385;-4969;-5883;35806;12021
12;L2_hidden_target;Stopped;1047402;-4969;-5883;35806;12021
12;L2_hidden_target;Stopped;1047418;-4969;-5883;35806;12021
12;L2_hidden_target;Stopped;1047435;-4969;-5883;35806;12021
12;L2_hidden_target;Stopped;1047452;-4969;-5883;35806;12021
12;L2_hidden_target;Stopped;1047468;-4969;-5883;35806;12021
12;L2_hidden_target;End;1062296;-4969;-5883;35806;12021
13;M3_cued_target;Begin;1062296;-7000;7000;0;0
13;M3_cued_target;Stopped;1123797;-4331;-5416;12877;12700
13;M3_cued_target;Stopped;1123813;-4331;-5416;12877;12700
13;M3_cued_target;Stopped;1123827;-4331;-5416;12877;12700
13;M3_cued_target;Stopped;1123844;-4331;-5416;12877;12700
13;M3_cued_target;Stopped;1123861;-4331;-5416;12877;12700
13;M3_cued_target;Stopped;1123877;-4331;-5416;12877;12700
13;M3_cued_target;Stopped;1123894;-4331;-5416;12877;12700
13;M3_cued_target;Stopped;1123911;-4331;-5416;12877;12700
13;M3_cued_target;Stopped;1123927;-4331;-5416;12877;12700
13;M3_cued_target;Stopped;1123944;-4331;-5416;12877;12700
13;M3_cued_target;Stopped;1123960;-4331;-5416;12877;12700
13;M3_cued_target;Stopped;1123977;-4331;-5416;12877;12700
13;M3_cued_target;Stopped;1123994;-4331;-5416;12877;12700
13;M3_cued_target;Stopped;1124010;-4331;-5416;12877;12700
13;M3_cued_target;End;1138823;-4331;-5416;12877;12700
14;L2_hidden_target;Begin;1138823;7000;-7000;0;0
14;L2_hidden_target;Stopped;1166180;-4806;-6700;14380;11810
14;L2_hidden_target;Stopped;1166197;-4806;-6700;14380;11810
14;L2_hidden_target;Stopped;1166214;-4806;-6700;14380;11810
14;L2_hidden_target;Stopped;1166231;-4806;-6700;14380;11810
14;L2_hidden_target;Stopped;1166247;-4806;-6700;14380;11810
14;L2_hidden_target;Stopped;1166264;-4806;-6700;14380;11810
14;L2_hidden_target;Stopped;1166280;-4806;-6700;14380;11810
14;L2_hidden_target;Stopped;1166297;-4806;-6700;14380;11810
14;L2_hidden_target;Stopped;1166314;-4806;-6700;14380;11810
14;L2_hidden_target;Stopped;1166330;-4806;-6700;14380;11810
14;L2_hidden_target;Stopped;1166347;-4806;-6700;14380;11810
14;L2_hidden_target;Stopped;1166364;-4806;-6700;14380;11810
14;L2_hidden_target;End;1181210;-4806;-6700;14380;11810
15;M1_cued_target;Begin;1181210;6999;6999;0;0
15;M1_cued_target;Stopped;1262133;-3682;-5854;17920;16713
15;M1_cued_target;Stopped;1262149;-3682;-5854;17920;16713
15;M1_cued_target;Stopped;1262166;-3682;-5854;17920;16713
15;M1_cued_target;Stopped;1262183;-3682;-5854;17920;16713
15;M1_cued_target;Stopped;1262200;-3682;-5854;17920;16713
15;M1_cued_target;Stopped;1262216;-3682;-5854;17920;16713
15;M1_cued_target;Stopped;1262233;-3682;-5854;17920;16713
15;M1_cued_target;Stopped;1262249;-3682;-5854;17920;16713
15;M1_cued_target;Stopped;1262266;-3682;-5854;17920;16713
15;M1_cued_target;Stopped;1262283;-3682;-5854;17920;16713
15;M1_cued_target;Stopped;1262300;-3682;-5854;17920;16713
15;M1_cued_target;Stopped;1262316;-3682;-5854;17920;16713
15;M1_cued_target;Stopped;1262333;-3682;-5854;17920;16713
15;M1_cued_target;Stopped;1262350;-3682;-5854;17920;16713
15;M1_cued_target;End;1277161;-3682;-5854;17920;16713
16;L2_hidden_target;Begin;1277161;7000;-7000;0;0
16;L2_hidden_target;Stopped;1302521;-3922;-6697;11382;10926
16;L2_hidden_target;Stopped;1302538;-3922;-6697;11382;10926
16;L2_hidden_target;Stopped;1302554;-3922;-6697;11382;10926
16;L2_hidden_target;Stopped;1302571;-3922;-6697;11382;10926
16;L2_hidden_target;Stopped;1302588;-3922;-6697;11382;10926
16;L2_hidden_target;Stopped;1302604;-3922;-6697;11382;10926
16;L2_hidden_target;Stopped;1302621;-3922;-6697;11382;10926
16;L2_hidden_target;Stopped;1302638;-3922;-6697;11382;10926
16;L2_hidden_target;Stopped;1302654;-3922;-6697;11382;10926
16;L2_hidden_target;Stopped;1302671;-3922;-6697;11382;10926
16;L2_hidden_target;Stopped;1302688;-3922;-6697;11382;10926
16;L2_hidden_target;Stopped;1302704;-3922;-6697;11382;10926
16;L2_hidden_target;Stopped;1302721;-3922;-6697;11382;10926
16;L2_hidden_target;End;1317554;-3922;-6697;11382;10926
16;L2_hidden_target;Begin;1317554;-3922;-6697;11382;10926
