1;M3_cued_target;Stopped;100187;-3689;-5471;18243;12903
1;M3_cued_target;Stopped;100203;-3689;-5471;18243;12903
1;M3_cued_target;Stopped;100220;-3689;-5471;18243;12903
1;M3_cued_target;Stopped;100237;-3689;-5471;18243;12903
1;M3_cued_target;Stopped;100253;-3689;-5471;18243;12903
1;M3_cued_target;Stopped;100270;-3689;-5471;18243;12903
1;M3_cued_target;Stopped;100287;-3689;-5471;18243;12903
1;M3_cued_target;Stopped;100303;-3689;-5471;18243;12903
1;M3_cued_target;Stopped;100320;-3689;-5471;18243;12903
1;M3_cued_target;Stopped;100336;-3689;-5471;18243;12903
1;M3_cued_target;Stopped;100353;-3689;-5471;18243;12903
1;M3_cued_target;Stopped;100370;-3689;-5471;18243;12903
1;M3_cued_target;Stopped;100386;-3689;-5471;18243;12903
1;M3_cued_target;Stopped;100403;-3689;-5471;18243;12903
1;M3_cued_target;Stopped;100420;-3689;-5471;18243;12903
1;M3_cued_target;Stopped;100436;-3689;-5471;18243;12903
1;M3_cued_target;Stopped;100453;-3689;-5471;18243;12903
1;M3_cued_target;Stopped;100470;-3689;-5471;18243;12903
1;M3_cued_target;Stopped;100487;-3689;-5471;18243;12903
1;M3_cued_target;Stopped;100503;-3689;-5471;18243;12903
1;M3_cued_target;Stopped;100537;-3689;-5471;18243;12903
1;M3_cued_target;Stopped;100553;-3689;-5471;18243;12903
1;M3_cued_target;Stopped;100570;-3689;-5471;18243;12903
1;M3_cued_target;Stopped;100586;-3689;-5471;18243;12903
1;M3_cued_target;Stopped;100603;-3689;-5471;18243;12903
1;M3_cued_target;Stopped;100620;-3689;-5471;18243;12903
1;M3_cued_target;End;100836;-3689;-5471;18243;12903
2;L2_hidden_target;Begin;100836;7000;-7000;0;0
2;L2_hidden_target;Stopped;257805;-4553;-5422;80625;11660
2;L2_hidden_target;Stopped;257823;-4553;-5422;80625;11660
2;L2_hidden_target;Stopped;257843;-4553;-5422;80625;11660
2;L2_hidden_target;Stopped;257859;-4553;-5422;80625;11660
2;L2_hidden_target;Stopped;257872;-4553;-5422;80625;11660
2;L2_hidden_target;Stopped;257889;-4553;-5422;80625;11660
2;L2_hidden_target;Stopped;257905;-4553;-5422;80625;11660
2;L2_hidden_target;Stopped;257922;-4553;-5422;80625;11660
2;L2_hidden_target;Stopped;257938;-4553;-5422;80625;11660
2;L2_hidden_target;Stopped;257954;-4553;-5422;80625;11660
2;L2_hidden_target;Stopped;257971;-4553;-5422;80625;11660
2;L2_hidden_target;Stopped;257988;-4553;-5422;80625;11660
2;L2_hidden_target;Stopped;258004;-4553;-5422;80625;11660
2;L2_hidden_target;Stopped;258021;-4553;-5422;80625;11660
2;L2_hidden_target;Stopped;258038;-4553;-5422;80625;11660
2;L2_hidden_target;Stopped;258058;-4553;-5422;80625;11660
2;L2_hidden_target;Stopped;258073;-4553;-5422;80625;11660
2;L2_hidden_target;End;272834;-4553;-5422;80625;11660
3;M1_cued_target;Begin;272834;6999;6999;0;0
3;M1_cued_target;Stopped;356372;-3689;-5631;16953;16547
3;M1_cued_target;Stopped;356389;-3689;-5631;16953;16547
3;M1_cued_target;Stopped;356406;-3689;-5631;16953;16547
3;M1_cued_target;Stopped;356422;-3689;-5631;16953;16547
3;M1_cued_target;Stopped;356439;-3689;-5631;16953;16547
3;M1_cued_target;Stopped;356456;-3689;-5631;16953;16547
3;M1_cued_target;Stopped;356473;-3689;-5631;16953;16547
3;M1_cued_target;Stopped;356493;-3689;-5631;16953;16547
3;M1_cued_target;Stopped;356527;-3689;-5631;16953;16547
3;M1_cued_target;Stopped;356540;-3689;-5631;16953;16547
3;M1_cued_target;Stopped;356557;-3689;-5631;16953;16547
3;M1_cued_target;Stopped;356573;-3689;-5631;16953;16547
3;M1_cued_target;Stopped;356589;-3689;-5631;16953;16547
3;M1_cued_target;End;371401;-3689;-5631;16953;16547
4;L2_hidden_target;Begin;371401;7000;-7000;0;0
4;L2_hidden_target;Stopped;516889;-3969;-6693;51108;10973
4;L2_hidden_target;Stopped;516906;-3969;-6693;51108;10973
4;L2_hidden_target;Stopped;516922;-3969;-6693;51108;10973
4;L2_hidden_target;Stopped;516939;-3969;-6693;51108;10973
4;L2_hidden_target;Stopped;516956;-3969;-6693;51108;10973
4;L2_hidden_target;Stopped;516973;-3969;-6693;51108;10973
4;L2_hidden_target;Stopped;516989;-3969;-6693;51108;10973
4;L2_hidden_target;Stopped;517006;-3969;-6693;51108;10973
4;L2_hidden_target;Stopped;517022;-3969;-6693;51108;10973
4;L2_hidden_target;Stopped;517039;-3969;-6693;51108;10973
4;L2_hidden_target;Stopped;517056;-3969;-6693;51108;10973
4;L2_hidden_target;Stopped;517072;-3969;-6693;51108;10973
4;L2_hidden_target;Stopped;517089;-3969;-6693;51108;10973
4;L2_hidden_target;Stopped;517106;-3969;-6693;51108;10973
4;L2_hidden_target;Stopped;517122;-3969;-6693;51108;10973
4;L2_hidden_target;Stopped;517139;-3969;-6693;51108;10973
4;L2_hidden_target;Stopped;517156;-3969;-6693;51108;10973
4;L2_hidden_target;Stopped;517172;-3969;-6693;51108;10973
4;L2_hidden_target;End;531918;-3969;-6693;51108;10973
5;M2_cued_target;Begin;531918;7000;-7000;0;0
5;M2_cued_target;Stopped;619424;-3814;-5421;19672;10929
5;M2_cued_target;Stopped;619440;-3814;-5421;19672;10929
5;M2_cued_target;Stopped;619456;-3814;-5421;19672;10929
5;M2_cued_target;Stopped;619474;-3814;-5421;19672;10929
5;M2_cued_target;Stopped;619490;-3814;-5421;19672;10929
5;M2_cued_target;Stopped;619524;-3814;-5421;19672;10929
5;M2_cued_target;Stopped;619540;-3814;-5421;19672;10929
5;M2_cued_target;Stopped;619556;-3814;-5421;19672;10929
5;M2_cued_target;Stopped;619574;-3814;-5421;19672;10929
5;M2_cued_target;Stopped;619590;-3814;-5421;19672;10929
5;M2_cued_target;Stopped;619606;-3814;-5421;19672;10929
5;M2_cued_target;Stopped;619624;-3814;-5421;19672;10929
5;M2_cued_target;Stopped;619640;-3814;-5421;19672;10929
5;M2_cued_target;Stopped;619656;-3814;-5421;19672;10929
5;M2_cued_target;End;634452;-3814;-5421;19672;10929
6;L2_hidden_target;Begin;634452;7000;-7000;0;0
6;L2_hidden_target;Stopped;828093;-3694;-5609;72619;10784
6;L2_hidden_target;Stopped;828109;-3694;-5609;72619;10784
6;L2_hidden_target;Stopped;828126;-3694;-5609;72619;10784
6;L2_hidden_target;Stopped;828142;-3694;-5609;72619;10784
6;L2_hidden_target;Stopped;828159;-3694;-5609;72619;10784
6;L2_hidden_target;Stopped;828176;-3694;-5609;72619;10784
6;L2_hidden_target;Stopped;828192;-3694;-5609;72619;10784
6;L2_hidden_target;Stopped;828209;-3694;-5609;72619;10784
6;L2_hidden_target;Stopped;828226;-3694;-5609;72619;10784
6;L2_hidden_target;Stopped;828242;-3694;-5609;72619;10784
6;L2_hidden_target;Stopped;828259;-3694;-5609;72619;10784
6;L2_hidden_target;Stopped;828276;-3694;-5609;72619;10784
6;L2_hidden_target;Stopped;828292;-3694;-5609;72619;10784
6;L2_hidden_target;Stopped;828309;-3694;-5609;72619;10784
6;L2_hidden_target;Stopped;828326;-3694;-5609;72619;10784
6;L2_hidden_target;End;843120;-3694;-5609;72619;10784
7;M1_cued_target;Begin;843120;7000;7000;0;0
7;M1_cued_target;Stopped;963015;-3687;-5548;26785;16483
7;M1_cued_target;Stopped;963032;-3687;-5548;26785;16483
7;M1_cued_target;Stopped;963048;-3687;-5548;26785;16483
7;M1_cued_target;Stopped;963065;-3687;-5548;26785;16483
7;M1_cued_target;Stopped;963082;-3687;-5548;26785;16483
7;M1_cued_target;Stopped;963098;-3687;-5548;26785;16483
7;M1_cued_target;Stopped;963115;-3687;-5548;26785;16483
7;M1_cued_target;Stopped;963132;-3687;-5548;26785;16483
7;M1_cued_target;Stopped;963148;-3687;-5548;26785;16483
7;M1_cued_target;Stopped;963165;-3687;-5548;26785;16483
7;M1_cued_target;Stopped;963182;-3687;-5548;26785;16483
7;M1_cued_target;Stopped;963198;-3687;-5548;26785;16483
7;M1_cued_target;Stopped;963215;-3687;-5548;26785;16483
7;M1_cued_target;Stopped;963232;-3687;-5548;26785;16483
7;M1_cued_target;Stopped;963249;-3687;-5548;26785;16483
7;M1_cued_target;End;978044;-3687;-5548;26785;16483
8;L2_hidden_target;Begin;978044;7000;-7000;0;0
8;L2_hidden_target;Stopped;1066867;-3682;-5780;26394;10751
8;L2_hidden_target;Stopped;1066883;-3682;-5780;26394;10751
8;L2_hidden_target;Stopped;1066900;-3682;-5780;26394;10751
8;L2_hidden_target;Stopped;1066917;-3682;-5780;26394;10751
8;L2_hidden_target;Stopped;1066933;-3682;-5780;26394;10751
8;L2_hidden_target;Stopped;1066950;-3682;-5780;26394;10751
8;L2_hidden_target;Stopped;1066967;-3682;-5780;26394;10751
8;L2_hidden_target;Stopped;1066983;-3682;-5780;26394;10751
8;L2_hidden_target;Stopped;1067000;-3682;-5780;26394;10751
8;L2_hidden_target;Stopped;1067017;-3682;-5780;26394;10751
8;L2_hidden_target;Stopped;1067038;-3682;-5780;26394;10751
8;L2_hidden_target;Stopped;1067051;-3682;-5780;26394;10751
8;L2_hidden_target;Stopped;1067067;-3682;-5780;26394;10751
8;L2_hidden_target;End;1081895;-3682;-5780;26394;10751
9;M3_cued_target;Begin;1081895;-7000;7000;0;0
9;M3_cued_target;Stopped;1139447;-4304;-5420;12615;12709
9;M3_cued_target;Stopped;1139461;-4304;-5420;12615;12709
9;M3_cued_target;Stopped;1139477;-4304;-5420;12615;12709
9;M3_cued_target;Stopped;1139510;-4304;-5420;12615;12709
9;M3_cued_target;Stopped;1139527;-4304;-5420;12615;12709
9;M3_cued_target;Stopped;1139543;-4304;-5420;12615;12709
9;M3_cued_target;Stopped;1139560;-4304;-5420;12615;12709
9;M3_cued_target;Stopped;1139580;-4304;-5420;12615;12709
9;M3_cued_target;Stopped;1139597;-4304;-5420;12615;12709
9;M3_cued_target;Stopped;1139611;-4304;-5420;12615;12709
9;M3_cued_target;Stopped;1139627;-4304;-5420;12615;12709
9;M3_cued_target;Stopped;1139643;-4304;-5420;12615;12709
9;M3_cued_target;Stopped;1139659;-4304;-5420;12615;12709
9;M3_cued_target;Stopped;1139676;-4304;-5420;12615;12709
9;M3_cued_target;Stopped;1139693;-4304;-5420;12615;12709
9;M3_cued_target;Stopped;1139709;-4304;-5420;12615;12709
9;M3_cued_target;Stopped;1139729;-4304;-5420;12615;12709
9;M3_cued_target;End;1154471;-4304;-5420;12615;12709
10;L2_hidden_target;Begin;1154471;7000;-7000;0;0
10;L2_hidden_target;Stopped;1205823;-4955;-6541;25067;11964
10;L2_hidden_target;Stopped;1205840;-4955;-6541;25067;11964
10;L2_hidden_target;Stopped;1205857;-4955;-6541;25067;11964
10;L2_hidden_target;Stopped;1205873;-4955;-6541;25067;11964
10;L2_hidden_target;Stopped;1205890;-4955;-6541;25067;11964
10;L2_hidden_target;Stopped;1205907;-4955;-6541;25067;11964
10;L2_hidden_target;Stopped;1205923;-4955;-6541;25067;11964
10;L2_hidden_target;Stopped;1205940;-4955;-6541;25067;11964
10;L2_hidden_target;Stopped;1205957;-4955;-6541;25067;11964
10;L2_hidden_target;Stopped;1205978;-4955;-6541;25067;11964
10;L2_hidden_target;Stopped;1205994;-4955;-6541;25067;11964
10;L2_hidden_target;Stopped;1206007;-4955;-6541;25067;11964
10;L2_hidden_target;Stopped;1206023;-4955;-6541;25067;11964
10;L2_hidden_target;Stopped;1206039;-4955;-6541;25067;11964
10;L2_hidden_target;Stopped;1206056;-4955;-6541;25067;11964
10;L2_hidden_target;Stopped;1206072;-4955;-6541;25067;11964
10;L2_hidden_target;Stopped;1206089;-4955;-6541;25067;11964
10;L2_hidden_target;Stopped;1206106;-4955;-6541;25067;11964
10;L2_hidden_target;End;1220852;-4955;-6541;25067;11964
11;M2_cued_target;Begin;1220852;7000;-7000;0;0
11;M2_cued_target;Stopped;1269835;-3681;-6328;10576;10702
11;M2_cued_target;Stopped;1269852;-3681;-6328;10576;10702
11;M2_cued_target;Stopped;1269869;-3681;-6328;10576;10702
11;M2_cued_target;Stopped;1269886;-3681;-6328;10576;10702
11;M2_cued_target;Stopped;1269902;-3681;-6328;10576;10702
11;M2_cued_target;Stopped;1269919;-3681;-6328;10576;10702
11;M2_cued_target;Stopped;1269935;-3681;-6328;10576;10702
11;M2_cued_target;Stopped;1269952;-3681;-6328;10576;10702
11;M2_cued_target;Stopped;1269969;-3681;-6328;10576;10702
11;M2_cued_target;Stopped;1269985;-3681;-6328;10576;10702
11;M2_cued_target;Stopped;1270002;-3681;-6328;10576;10702
11;M2_cued_target;Stopped;1270019;-3681;-6328;10576;10702
11;M2_cued_target;Stopped;1270035;-3681;-6328;10576;10702
11;M2_cued_target;Stopped;1270052;-3681;-6328;10576;10702
11;M2_cued_target;Stopped;1270072;-3681;-6328;10576;10702
11;M2_cued_target;Stopped;1270086;-3681;-6328;10576;10702
11;M2_cued_target;End;1284864;-3681;-6328;10576;10702
12;L2_hidden_target;Begin;1284864;7000;-7000;0;0
12;L2_hidden_target;Stopped;1315639;-3698;-5430;16073;10812
12;L2_hidden_target;Stopped;1315656;-3698;-5430;16073;10812
12;L2_hidden_target;Stopped;1315673;-3698;-5430;16073;10812
12;L2_hidden_target;Stopped;1315689;-3698;-5430;16073;10812
12;L2_hidden_target;Stopped;1315706;-3698;-5430;16073;10812
12;L2_hidden_target;Stopped;1315723;-3698;-5430;16073;10812
12;L2_hidden_target;Stopped;1315739;-3698;-5430;16073;10812
12;L2_hidden_target;Stopped;1315756;-3698;-5430;16073;10812
12;L2_hidden_target;Stopped;1315773;-3698;-5430;16073;10812
12;L2_hidden_target;Stopped;1315789;-3698;-5430;16073;10812
12;L2_hidden_target;Stopped;1315806;-3698;-5430;16073;10812
12;L2_hidden_target;Stopped;1315823;-3698;-5430;16073;10812
12;L2_hidden_target;Stopped;1315839;-3698;-5430;16073;10812
12;L2_hidden_target;Stopped;1315860;-3698;-5430;16073;10812
12;L2_hidden_target;Stopped;1315876;-3698;-5430;16073;10812
12;L2_hidden_target;Stopped;1315889;-3698;-5430;16073;10812
12;L2_hidden_target;Stopped;1315907;-3698;-5430;16073;10812
12;L2_hidden_target;Stopped;1315923;-3698;-5430;16073;10812
12;L2_hidden_target;Stopped;1315939;-3698;-5430;16073;10812
12;L2_hidden_target;Stopped;1315956;-3698;-5430;16073;10812
12;L2_hidden_target;End;1330668;-3698;-5430;16073;10812
13;M3_cued_target;Begin;1330668;-7000;6999;0;0
13;M3_cued_target;Stopped;1421704;-3719;-5424;19973;12850
13;M3_cued_target;Stopped;1421721;-3719;-5424;19973;12850
13;M3_cued_target;Stopped;1421738;-3719;-5424;19973;12850
13;M3_cued_target;Stopped;1421758;-3719;-5424;19973;12850
13;M3_cued_target;Stopped;1421774;-3719;-5424;19973;12850
13;M3_cued_target;Stopped;1421789;-3719;-5424;19973;12850
13;M3_cued_target;Stopped;1421808;-3719;-5424;19973;12850
13;M3_cued_target;Stopped;1421821;-3719;-5424;19973;12850
13;M3_cued_target;Stopped;1421842;-3719;-5424;19973;12850
13;M3_cued_target;Stopped;1421856;-3719;-5424;19973;12850
13;M3_cued_target;Stopped;1421873;-3719;-5424;19973;12850
13;M3_cued_target;Stopped;1421888;-3719;-5424;19973;12850
13;M3_cued_target;Stopped;1421904;-3719;-5424;19973;12850
13;M3_cued_target;Stopped;1421921;-3719;-5424;19973;12850
13;M3_cued_target;Stopped;1421937;-3719;-5424;19973;12850
13;M3_cued_target;Stopped;1421954;-3719;-5424;19973;12850
13;M3_cued_target;Stopped;1421971;-3719;-5424;19973;12850
13;M3_cued_target;Stopped;1421988;-3719;-5424;19973;12850
13;M3_cued_target;Stopped;1422004;-3719;-5424;19973;12850
13;M3_cued_target;End;1436733;-3719;-5424;19973;12850
14;L2_hidden_target;Begin;1436733;7000;-7000;0;0
14;L2_hidden_target;Stopped;1461961;-4768;-6701;14795;11772
14;L2_hidden_target;Stopped;1461978;-4768;-6701;14795;11772
14;L2_hidden_target;Stopped;1461993;-4768;-6701;14795;11772
14;L2_hidden_target;Stopped;1462009;-4768;-6701;14795;11772
14;L2_hidden_target;Stopped;1462026;-4768;-6701;14795;11772
14;L2_hidden_target;Stopped;1462043;-4768;-6701;14795;11772
14;L2_hidden_target;Stopped;1462059;-4768;-6701;14795;11772
14;L2_hidden_target;Stopped;1462076;-4768;-6701;14795;11772
14;L2_hidden_target;Stopped;1462093;-4768;-6701;14795;11772
14;L2_hidden_target;Stopped;1462109;-4768;-6701;14795;11772
14;L2_hidden_target;Stopped;1462126;-4768;-6701;14795;11772
14;L2_hidden_target;Stopped;1462143;-4768;-6701;14795;11772
14;L2_hidden_target;Stopped;1462159;-4768;-6701;14795;11772
14;L2_hidden_target;Stopped;1462176;-4768;-6701;14795;11772
14;L2_hidden_target;Stopped;1462193;-4768;-6701;14795;11772
14;L2_hidden_target;Stopped;1462209;-4768;-6701;14795;11772
14;L2_hidden_target;Stopped;1462225;-4768;-6701;14795;11772
14;L2_hidden_target;End;1476988;-4768;-6701;14795;11772
15;M1_cued_target;Begin;1476988;6999;7000;0;0
15;M1_cued_target;Stopped;1627573;-3688;-5563;33672;16494
15;M1_cued_target;Stopped;1627590;-3688;-5563;33672;16494
15;M1_cued_target;Stopped;1627606;-3688;-5563;33672;16494
15;M1_cued_target;Stopped;1627627;-3688;-5563;33672;16494
15;M1_cued_target;Stopped;1627643;-3688;-5563;33672;16494
15;M1_cued_target;Stopped;1627656;-3688;-5563;33672;16494
15;M1_cued_target;Stopped;1627673;-3688;-5563;33672;16494
15;M1_cued_target;Stopped;1627690;-3688;-5563;33672;16494
15;M1_cued_target;Stopped;1627706;-3688;-5563;33672;16494
15;M1_cued_target;Stopped;1627723;-3688;-5563;33672;16494
15;M1_cued_target;Stopped;1627740;-3688;-5563;33672;16494
15;M1_cued_target;Stopped;1627756;-3688;-5563;33672;16494
15;M1_cued_target;Stopped;1627773;-3688;-5563;33672;16494
15;M1_cued_target;Stopped;1627790;-3688;-5563;33672;16494
15;M1_cued_target;End;1642601;-3688;-5563;33672;16494
16;L2_hidden_target;Begin;1642601;7000;-7000;0;0
16;L2_hidden_target;Stopped;1668611;-4499;-6704;14383;11503
16;L2_hidden_target;Stopped;1668628;-4499;-6704;14383;11503
16;L2_hidden_target;Stopped;1668645;-4499;-6704;14383;11503
16;L2_hidden_target;Stopped;1668662;-4499;-6704;14383;11503
16;L2_hidden_target;Stopped;1668678;-4499;-6704;14383;11503
16;L2_hidden_target;Stopped;1668695;-4499;-6704;14383;11503
16;L2_hidden_target;Stopped;1668712;-4499;-6704;14383;11503
16;L2_hidden_target;Stopped;1668728;-4499;-6704;14383;11503
16;L2_hidden_target;Stopped;1668745;-4499;-6704;14383;11503
16;L2_hidden_target;Stopped;1668762;-4499;-6704;14383;11503
16;L2_hidden_target;Stopped;1668778;-4499;-6704;14383;11503
16;L2_hidden_target;Stopped;1668795;-4499;-6704;14383;11503
16;L2_hidden_target;Stopped;1668817;-4499;-6704;14383;11503
16;L2_hidden_target;End;1683639;-4499;-6704;14383;11503
16;L2_hidden_target;Begin;1683639;-4499;-6704;14383;11503
