1;M3_cued_target;Stopped;79457;-4913;-5417;12632;12591
1;M3_cued_target;Stopped;79474;-4913;-5417;12632;12591
1;M3_cued_target;Stopped;79491;-4913;-5417;12632;12591
1;M3_cued_target;Stopped;79512;-4913;-5417;12632;12591
1;M3_cued_target;Stopped;79543;-4913;-5417;12632;12591
1;M3_cued_target;Stopped;79558;-4913;-5417;12632;12591
1;M3_cued_target;Stopped;79574;-4913;-5417;12632;12591
1;M3_cued_target;Stopped;79591;-4913;-5417;12632;12591
1;M3_cued_target;Stopped;79608;-4913;-5417;12632;12591
1;M3_cued_target;Stopped;79628;-4913;-5417;12632;12591
1;M3_cued_target;Stopped;79643;-4913;-5417;12632;12591
1;M3_cued_target;Stopped;79662;-4913;-5417;12632;12591
1;M3_cued_target;Stopped;79676;-4913;-5417;12632;12591
1;M3_cued_target;Stopped;79692;-4913;-5417;12632;12591
1;M3_cued_target;End;80807;-4913;-5417;12632;12591
2;L1_hidden_target;Begin;80807;6999;7000;0;0
2;L1_hidden_target;Stopped;140789;-4887;-5419;26049;17191
2;L1_hidden_target;Stopped;140806;-4887;-5419;26049;17191
2;L1_hidden_target;Stopped;140823;-4887;-5419;26049;17191
2;L1_hidden_target;Stopped;140840;-4887;-5419;26049;17191
2;L1_hidden_target;Stopped;140856;-4887;-5419;26049;17191
2;L1_hidden_target;Stopped;140873;-4887;-5419;26049;17191
2;L1_hidden_target;Stopped;140889;-4887;-5419;26049;17191
2;L1_hidden_target;Stopped;140906;-4887;-5419;26049;17191
2;L1_hidden_target;Stopped;140923;-4887;-5419;26049;17191
2;L1_hidden_target;Stopped;140939;-4887;-5419;26049;17191
2;L1_hidden_target;End;155818;-4887;-5419;26049;17191
3;M1_cued_target;Begin;155818;6999;7000;0;0
3;M1_cued_target;Stopped;249388;-3829;-5423;20381;16480
3;M1_cued_target;Stopped;249406;-3829;-5423;20381;16480
3;M1_cued_target;Stopped;249422;-3829;-5423;20381;16480
3;M1_cued_target;Stopped;249438;-3829;-5423;20381;16480
3;M1_cued_target;Stopped;249455;-3829;-5423;20381;16480
3;M1_cued_target;Stopped;249472;-3829;-5423;20381;16480
3;M1_cued_target;Stopped;249494;-3829;-5423;20381;16480
3;M1_cued_target;End;264417;-3829;-5423;20381;16480
4;L2_hidden_target;Begin;264417;7000;-7000;0;0
4;L2_hidden_target;Stopped;319618;-4964;-6341;29757;11982
4;L2_hidden_target;Stopped;319635;-4964;-6341;29757;11982
4;L2_hidden_target;Stopped;319652;-4964;-6341;29757;11982
4;L2_hidden_target;Stopped;319668;-4964;-6341;29757;11982
4;L2_hidden_target;Stopped;319685;-4964;-6341;29757;11982
4;L2_hidden_target;Stopped;319702;-4964;-6341;29757;11982
4;L2_hidden_target;Stopped;319718;-4964;-6341;29757;11982
4;L2_hidden_target;Stopped;319735;-4964;-6341;29757;11982
4;L2_hidden_target;Stopped;319752;-4964;-6341;29757;11982
4;L2_hidden_target;Stopped;319769;-4964;-6341;29757;11982
4;L2_hidden_target;Stopped;319791;-4964;-6341;29757;11982
4;L2_hidden_target;End;334653;-4964;-6341;29757;11982
5;M2_cued_target;Begin;334653;7000;-7000;0;0
5;M2_cued_target;Stopped;550629;-3684;-5735;40434;10759
5;M2_cued_target;Stopped;550645;-3684;-5735;40434;10759
5;M2_cued_target;Stopped;550662;-3684;-5735;40434;10759
5;M2_cued_target;Stopped;550679;-3684;-5735;40434;10759
5;M2_cued_target;Stopped;550695;-3684;-5735;40434;10759
5;M2_cued_target;Stopped;550712;-3684;-5735;40434;10759
5;M2_cued_target;Stopped;550729;-3684;-5735;40434;10759
5;M2_cued_target;Stopped;550750;-3684;-5735;40434;10759
5;M2_cued_target;Stopped;550763;-3684;-5735;40434;10759
5;M2_cued_target;Stopped;550780;-3684;-5735;40434;10759
5;M2_cued_target;End;565657;-3684;-5735;40434;10759
6;L3_hidden_target;Begin;565657;-7000;7000;0;0
6;L3_hidden_target;Stopped;600415;-4977;-5563;15311;12725
6;L3_hidden_target;Stopped;600431;-4977;-5563;15311;12725
6;L3_hidden_target;Stopped;600448;-4977;-5563;15311;12725
6;L3_hidden_target;Stopped;600470;-4977;-5563;15311;12725
6;L3_hidden_target;Stopped;600486;-4977;-5563;15311;12725
6;L3_hidden_target;Stopped;600500;-4977;-5563;15311;12725
6;L3_hidden_target;Stopped;600531;-4977;-5563;15311;12725
6;L3_hidden_target;Stopped;600547;-4977;-5563;15311;12725
6;L3_hidden_target;Stopped;600564;-4977;-5563;15311;12725
6;L3_hidden_target;Stopped;600581;-4977;-5563;15311;12725
6;L3_hidden_target;End;615442;-4977;-5563;15311;12725
7;M1_cued_target;Begin;615442;6999;7000;0;0
7;M1_cued_target;Stopped;717197;-4208;-5340;18960;16670
7;M1_cued_target;Stopped;717211;-4208;-5340;18960;16670
7;M1_cued_target;Stopped;717227;-4208;-5340;18960;16670
7;M1_cued_target;Stopped;717244;-4208;-5340;18960;16670
7;M1_cued_target;Stopped;717261;-4208;-5340;18960;16670
7;M1_cued_target;Stopped;717277;-4208;-5340;18960;16670
7;M1_cued_target;Stopped;717294;-4208;-5340;18960;16670
7;M1_cued_target;Stopped;717311;-4208;-5340;18960;16670
7;M1_cued_target;Stopped;717331;-4208;-5340;18960;16670
7;M1_cued_target;End;732224;-4208;-5340;18960;16670
8;L2_hidden_target;Begin;732224;6999;-7000;0;0
8;L2_hidden_target;Stopped;786640;-4920;-5430;32860;12023
8;L2_hidden_target;Stopped;786657;-4920;-5430;32860;12023
8;L2_hidden_target;Stopped;786674;-4920;-5430;32860;12023
8;L2_hidden_target;Stopped;786690;-4920;-5430;32860;12023
8;L2_hidden_target;Stopped;786707;-4920;-5430;32860;12023
8;L2_hidden_target;Stopped;786724;-4920;-5430;32860;12023
8;L2_hidden_target;Stopped;786740;-4920;-5430;32860;12023
8;L2_hidden_target;Stopped;786757;-4920;-5430;32860;12023
8;L2_hidden_target;Stopped;786774;-4920;-5430;32860;12023
8;L2_hidden_target;End;801668;-4920;-5430;32860;12023
9;M3_cued_target;Begin;801668;-7000;7000;0;0
9;M3_cued_target;Stopped;862182;-4424;-5274;12343;12541
9;M3_cued_target;Stopped;862199;-4424;-5274;12343;12541
9;M3_cued_target;Stopped;862215;-4424;-5274;12343;12541
9;M3_cued_target;Stopped;862232;-4424;-5274;12343;12541
9;M3_cued_target;Stopped;862249;-4424;-5274;12343;12541
9;M3_cued_target;Stopped;862265;-4424;-5274;12343;12541
9;M3_cued_target;Stopped;862282;-4424;-5274;12343;12541
9;M3_cued_target;Stopped;862299;-4424;-5274;12343;12541
9;M3_cued_target;Stopped;862316;-4424;-5274;12343;12541
9;M3_cued_target;End;877211;-4424;-5274;12343;12541
10;L1_hidden_target;Begin;877211;7000;7000;0;0
10;L1_hidden_target;Stopped;918432;-3682;-6333;21454;17084
10;L1_hidden_target;Stopped;918449;-3682;-6333;21454;17084
10;L1_hidden_target;Stopped;918466;-3682;-6333;21454;17084
10;L1_hidden_target;Stopped;918482;-3682;-6333;21454;17084
10;L1_hidden_target;Stopped;918532;-3682;-6333;21454;17084
10;L1_hidden_target;Stopped;918549;-3682;-6333;21454;17084
10;L1_hidden_target;Stopped;918565;-3682;-6333;21454;17084
10;L1_hidden_target;Stopped;918582;-3682;-6333;21454;17084
10;L1_hidden_target;End;933462;-3682;-6333;21454;17084
11;M2_cued_target;Begin;933462;7000;-7000;0;0
11;M2_cued_target;Stopped;1091578;-3694;-5431;34605;10808
11;M2_cued_target;Stopped;1091595;-3694;-5431;34605;10808
11;M2_cued_target;Stopped;1091612;-3694;-5431;34605;10808
11;M2_cued_target;Stopped;1091628;-3694;-5431;34605;10808
11;M2_cued_target;Stopped;1091645;-3694;-5431;34605;10808
11;M2_cued_target;Stopped;1091663;-3694;-5431;34605;10808
11;M2_cued_target;Stopped;1091678;-3694;-5431;34605;10808
11;M2_cued_target;Stopped;1091695;-3694;-5431;34605;10808
11;M2_cued_target;Stopped;1091712;-3694;-5431;34605;10808
11;M2_cued_target;Stopped;1091728;-3694;-5431;34605;10808
11;M2_cued_target;End;1106611;-3694;-5431;34605;10808
12;L3_hidden_target;Begin;1106611;-7000;7000;0;0
12;L3_hidden_target;Stopped;1140281;-1260;-9920;18730;17867
12;L3_hidden_target;Stopped;1162957;-4272;-6797;27694;14064
12;L3_hidden_target;Stopped;1162974;-4272;-6797;27694;14064
12;L3_hidden_target;Stopped;1162991;-4272;-6797;27694;14064
12;L3_hidden_target;Stopped;1163007;-4272;-6797;27694;14064
12;L3_hidden_target;Stopped;1163024;-4272;-6797;27694;14064
12;L3_hidden_target;Stopped;1163041;-4272;-6797;27694;14064
12;L3_hidden_target;Stopped;1163057;-4272;-6797;27694;14064
12;L3_hidden_target;Stopped;1163074;-4272;-6797;27694;14064
12;L3_hidden_target;Stopped;1163091;-4272;-6797;27694;14064
12;L3_hidden_target;End;1177986;-4272;-6797;27694;14064
13;M3_cued_target;Begin;1177986;-7000;7000;0;0
13;M3_cued_target;Stopped;1239903;-4264;-5418;12618;12715
13;M3_cued_target;Stopped;1239920;-4264;-5418;12618;12715
13;M3_cued_target;Stopped;1239937;-4264;-5418;12618;12715
13;M3_cued_target;Stopped;1239950;-4264;-5418;12618;12715
13;M3_cued_target;Stopped;1239966;-4264;-5418;12618;12715
13;M3_cued_target;Stopped;1239983;-4264;-5418;12618;12715
13;M3_cued_target;Stopped;1239999;-4264;-5418;12618;12715
13;M3_cued_target;Stopped;1240016;-4264;-5418;12618;12715
13;M3_cued_target;Stopped;1240033;-4264;-5418;12618;12715
13;M3_cued_target;Stopped;1240050;-4264;-5418;12618;12715
13;M3_cued_target;End;1254928;-4264;-5418;12618;12715
14;L2_hidden_target;Begin;1254928;7000;-7000;0;0
14;L2_hidden_target;Stopped;1343484;-4957;-5501;57107;12050
14;L2_hidden_target;Stopped;1343518;-4957;-5501;57107;12050
14;L2_hidden_target;Stopped;1343535;-4957;-5501;57107;12050
14;L2_hidden_target;Stopped;1343551;-4957;-5501;57107;12050
14;L2_hidden_target;Stopped;1343568;-4957;-5501;57107;12050
14;L2_hidden_target;Stopped;1343584;-4957;-5501;57107;12050
14;L2_hidden_target;Stopped;1343601;-4957;-5501;57107;12050
14;L2_hidden_target;Stopped;1343618;-4957;-5501;57107;12050
14;L2_hidden_target;Stopped;1343635;-4957;-5501;57107;12050
14;L2_hidden_target;End;1358513;-4957;-5501;57107;12050
15;M1_cued_target;Begin;1358513;7000;6999;0;0
15;M1_cued_target;Stopped;1438221;-3685;-5638;17197;16549
15;M1_cued_target;Stopped;1438238;-3685;-5638;17197;16549
15;M1_cued_target;Stopped;1438255;-3685;-5638;17197;16549
15;M1_cued_target;Stopped;1438272;-3685;-5638;17197;16549
15;M1_cued_target;Stopped;1438289;-3685;-5638;17197;16549
15;M1_cued_target;Stopped;1438305;-3685;-5638;17197;16549
15;M1_cued_target;Stopped;1438322;-3685;-5638;17197;16549
15;M1_cued_target;Stopped;1438339;-3685;-5638;17197;16549
15;M1_cued_target;Stopped;1438355;-3685;-5638;17197;16549
15;M1_cued_target;End;1453250;-3685;-5638;17197;16549
16;L3_hidden_target;Begin;1453250;-7000;7000;0;0
16;L3_hidden_target;Stopped;1481942;-5015;-5982;15037;13133
16;L3_hidden_target;Stopped;1481959;-5015;-5982;15037;13133
16;L3_hidden_target;Stopped;1481975;-5015;-5982;15037;13133
16;L3_hidden_target;Stopped;1481992;-5015;-5982;15037;13133
16;L3_hidden_target;Stopped;1482009;-5015;-5982;15037;13133
16;L3_hidden_target;Stopped;1482025;-5015;-5982;15037;13133
16;L3_hidden_target;End;1496971;-5015;-5982;15037;13133
16;L3_hidden_target;Begin;1496971;-5015;-5982;15037;13133
