1;M3_cued_target;Stopped;100805;-4474;-5419;16917;12673
1;M3_cued_target;Stopped;100822;-4474;-5419;16917;12673
1;M3_cued_target;End;100839;-4474;-5419;16917;12673
2;L2_hidden_target;Begin;100839;7000;-7000;0;0
2;L2_hidden_target;Stopped;100859;7000;-7000;0;0
2;L2_hidden_target;Stopped;100875;7000;-7000;0;0
2;L2_hidden_target;Stopped;100891;7000;-7000;0;0
2;L2_hidden_target;Stopped;100907;7000;-7000;0;0
2;L2_hidden_target;Stopped;100924;7000;-7000;0;0
2;L2_hidden_target;Stopped;100941;7000;-7000;0;0
2;L2_hidden_target;Stopped;100957;7000;-7000;0;0
2;L2_hidden_target;Stopped;100974;7000;-7000;0;0
2;L2_hidden_target;Stopped;100991;7000;-7000;0;0
2;L2_hidden_target;Stopped;101007;7000;-7000;0;0
2;L2_hidden_target;Stopped;101024;7000;-7000;0;0
2;L2_hidden_target;Stopped;101041;7000;-7000;0;0
2;L2_hidden_target;Stopped;101057;7000;-7000;0;0
2;L2_hidden_target;Stopped;101074;7000;-7000;0;0
2;L2_hidden_target;Stopped;101091;7000;-7000;0;0
2;L2_hidden_target;End;115870;7000;-7000;0;0
3;M1_cued_target;Begin;115870;7000;7000;0;0
3;M1_cued_target;Stopped;361961;-3923;-6699;49141;17521
3;M1_cued_target;Stopped;361975;-3923;-6699;49141;17521
3;M1_cued_target;Stopped;361991;-3923;-6699;49141;17521
3;M1_cued_target;Stopped;362008;-3923;-6699;49141;17521
3;M1_cued_target;Stopped;362024;-3923;-6699;49141;17521
3;M1_cued_target;Stopped;362041;-3923;-6699;49141;17521
3;M1_cued_target;Stopped;362058;-3923;-6699;49141;17521
3;M1_cued_target;Stopped;362074;-3923;-6699;49141;17521
3;M1_cued_target;Stopped;362091;-3923;-6699;49141;17521
3;M1_cued_target;Stopped;362108;-3923;-6699;49141;17521
3;M1_cued_target;Stopped;362124;-3923;-6699;49141;17521
3;M1_cued_target;Stopped;362141;-3923;-6699;49141;17521
3;M1_cued_target;Stopped;362158;-3923;-6699;49141;17521
3;M1_cued_target;Stopped;362174;-3923;-6699;49141;17521
3;M1_cued_target;Stopped;362191;-3923;-6699;49141;17521
3;M1_cued_target;Stopped;362207;-3923;-6699;49141;17521
3;M1_cued_target;End;376987;-3923;-6699;49141;17521
4;L2_hidden_target;Begin;376987;7000;-7000;0;0
4;L2_hidden_target;Stopped;629377;-3688;-5601;123352;10779
4;L2_hidden_target;Stopped;629394;-3688;-5601;123352;10779
4;L2_hidden_target;Stopped;629415;-3688;-5601;123352;10779
4;L2_hidden_target;Stopped;629428;-3688;-5601;123352;10779
4;L2_hidden_target;Stopped;629444;-3688;-5601;123352;10779
4;L2_hidden_target;Stopped;629464;-3688;-5601;123352;10779
4;L2_hidden_target;Stopped;629478;-3688;-5601;123352;10779
4;L2_hidden_target;Stopped;629494;-3688;-5601;123352;10779
4;L2_hidden_target;Stopped;629527;-3688;-5601;123352;10779
4;L2_hidden_target;Stopped;629548;-3688;-5601;123352;10779
4;L2_hidden_target;Stopped;629565;-3688;-5601;123352;10779
4;L2_hidden_target;End;644405;-3688;-5601;123352;10779
5;M2_cued_target;Begin;644405;7000;-7000;0;0
5;M2_cued_target;Stopped;861887;-3689;-5517;46793;10791
5;M2_cued_target;Stopped;861903;-3689;-5517;46793;10791
5;M2_cued_target;Stopped;861920;-3689;-5517;46793;10791
5;M2_cued_target;Stopped;861937;-3689;-5517;46793;10791
5;M2_cued_target;Stopped;861958;-3689;-5517;46793;10791
5;M2_cued_target;Stopped;861974;-3689;-5517;46793;10791
5;M2_cued_target;Stopped;861987;-3689;-5517;46793;10791
5;M2_cued_target;Stopped;862004;-3689;-5517;46793;10791
5;M2_cued_target;Stopped;862020;-3689;-5517;46793;10791
5;M2_cued_target;Stopped;862037;-3689;-5517;46793;10791
5;M2_cued_target;Stopped;862054;-3689;-5517;46793;10791
5;M2_cued_target;Stopped;862070;-3689;-5517;46793;10791
5;M2_cued_target;Stopped;862087;-3689;-5517;46793;10791
5;M2_cued_target;Stopped;862104;-3689;-5517;46793;10791
5;M2_cued_target;Stopped;862120;-3689;-5517;46793;10791
5;M2_cued_target;End;876916;-3689;-5517;46793;10791
6;L2_hidden_target;Begin;876916;7000;-7000;0;0
6;L2_hidden_target;Stopped;905990;-3758;-6702;14291;10762
6;L2_hidden_target;Stopped;906007;-3758;-6702;14291;10762
6;L2_hidden_target;Stopped;906024;-3758;-6702;14291;10762
6;L2_hidden_target;Stopped;906041;-3758;-6702;14291;10762
6;L2_hidden_target;Stopped;906057;-3758;-6702;14291;10762
6;L2_hidden_target;Stopped;906074;-3758;-6702;14291;10762
6;L2_hidden_target;Stopped;906091;-3758;-6702;14291;10762
6;L2_hidden_target;Stopped;906107;-3758;-6702;14291;10762
6;L2_hidden_target;Stopped;906124;-3758;-6702;14291;10762
6;L2_hidden_target;Stopped;906140;-3758;-6702;14291;10762
6;L2_hidden_target;Stopped;906161;-3758;-6702;14291;10762
6;L2_hidden_target;Stopped;906175;-3758;-6702;14291;10762
6;L2_hidden_target;Stopped;906191;-3758;-6702;14291;10762
6;L2_hidden_target;Stopped;906207;-3758;-6702;14291;10762
6;L2_hidden_target;Stopped;906224;-3758;-6702;14291;10762
6;L2_hidden_target;Stopped;906241;-3758;-6702;14291;10762
6;L2_hidden_target;End;921019;-3758;-6702;14291;10762
7;M1_cued_target;Begin;921019;7000;7000;0;0
7;M1_cued_target;Stopped;1022321;-3682;-5859;18724;16718
7;M1_cued_target;Stopped;1022337;-3682;-5859;18724;16718
7;M1_cued_target;Stopped;1022354;-3682;-5859;18724;16718
7;M1_cued_target;Stopped;1022371;-3682;-5859;18724;16718
7;M1_cued_target;Stopped;1022387;-3682;-5859;18724;16718
7;M1_cued_target;Stopped;1022404;-3682;-5859;18724;16718
7;M1_cued_target;Stopped;1022421;-3682;-5859;18724;16718
7;M1_cued_target;Stopped;1022437;-3682;-5859;18724;16718
7;M1_cued_target;Stopped;1022454;-3682;-5859;18724;16718
7;M1_cued_target;Stopped;1022471;-3682;-5859;18724;16718
7;M1_cued_target;Stopped;1022487;-3682;-5859;18724;16718
7;M1_cued_target;Stopped;1022521;-3682;-5859;18724;16718
7;M1_cued_target;Stopped;1022537;-3682;-5859;18724;16718
7;M1_cued_target;Stopped;1022554;-3682;-5859;18724;16718
7;M1_cued_target;Stopped;1022571;-3682;-5859;18724;16718
7;M1_cued_target;Stopped;1022591;-3682;-5859;18724;16718
7;M1_cued_target;End;1037349;-3682;-5859;18724;16718
8;L2_hidden_target;Begin;1037349;7000;-7000;0;0
8;L2_hidden_target;Stopped;1065260;-4964;-6380;14767;11980
8;L2_hidden_target;Stopped;1065276;-4964;-6380;14767;11980
8;L2_hidden_target;Stopped;1065293;-4964;-6380;14767;11980
8;L2_hidden_target;Stopped;1065314;-4964;-6380;14767;11980
8;L2_hidden_target;Stopped;1065328;-4964;-6380;14767;11980
8;L2_hidden_target;Stopped;1065344;-4964;-6380;14767;11980
8;L2_hidden_target;Stopped;1065360;-4964;-6380;14767;11980
8;L2_hidden_target;Stopped;1065376;-4964;-6380;14767;11980
8;L2_hidden_target;Stopped;1065393;-4964;-6380;14767;11980
8;L2_hidden_target;Stopped;1065410;-4964;-6380;14767;11980
8;L2_hidden_target;Stopped;1065426;-4964;-6380;14767;11980
8;L2_hidden_target;Stopped;1065443;-4964;-6380;14767;11980
8;L2_hidden_target;Stopped;1065460;-4964;-6380;14767;11980
8;L2_hidden_target;Stopped;1065482;-4964;-6380;14767;11980
8;L2_hidden_target;End;1080288;-4964;-6380;14767;11980
9;M3_cued_target;Begin;1080288;-7000;7000;0;0
9;M3_cued_target;Stopped;1273410;-4314;-5420;34220;12707
9;M3_cued_target;Stopped;1273427;-4314;-5420;34220;12707
9;M3_cued_target;Stopped;1273443;-4314;-5420;34220;12707
9;M3_cued_target;Stopped;1273460;-4314;-5420;34220;12707
9;M3_cued_target;Stopped;1273477;-4314;-5420;34220;12707
9;M3_cued_target;Stopped;1273527;-4314;-5420;34220;12707
9;M3_cued_target;Stopped;1273543;-4314;-5420;34220;12707
9;M3_cued_target;Stopped;1273560;-4314;-5420;34220;12707
9;M3_cued_target;Stopped;1273577;-4314;-5420;34220;12707
9;M3_cued_target;Stopped;1273593;-4314;-5420;34220;12707
9;M3_cued_target;Stopped;1273610;-4314;-5420;34220;12707
9;M3_cued_target;Stopped;1273627;-4314;-5420;34220;12707
9;M3_cued_target;End;1288439;-4314;-5420;34220;12707
10;L2_hidden_target;Begin;1288439;7000;-7000;0;0
10;L2_hidden_target;Stopped;1327577;-3989;-6704;15266;10993
10;L2_hidden_target;Stopped;1327594;-3989;-6704;15266;10993
10;L2_hidden_target;Stopped;1327610;-3989;-6704;15266;10993
10;L2_hidden_target;Stopped;1327627;-3989;-6704;15266;10993
10;L2_hidden_target;Stopped;1327644;-3989;-6704;15266;10993
10;L2_hidden_target;Stopped;1327660;-3989;-6704;15266;10993
10;L2_hidden_target;Stopped;1327677;-3989;-6704;15266;10993
10;L2_hidden_target;Stopped;1327694;-3989;-6704;15266;10993
10;L2_hidden_target;Stopped;1327710;-3989;-6704;15266;10993
10;L2_hidden_target;Stopped;1327727;-3989;-6704;15266;10993
10;L2_hidden_target;End;1342606;-3989;-6704;15266;10993
11;M2_cued_target;Begin;1342606;7000;-7000;0;0
11;M2_cued_target;Stopped;1424380;-3682;-5990;13295;10729
11;M2_cued_target;Stopped;1424397;-3682;-5990;13295;10729
11;M2_cued_target;Stopped;1424413;-3682;-5990;13295;10729
11;M2_cued_target;Stopped;1424430;-3682;-5990;13295;10729
11;M2_cued_target;Stopped;1424447;-3682;-5990;13295;10729
11;M2_cued_target;Stopped;1424464;-3682;-5990;13295;10729
11;M2_cued_target;Stopped;1424480;-3682;-5990;13295;10729
11;M2_cued_target;Stopped;1424513;-3682;-5990;13295;10729
11;M2_cued_target;Stopped;1424530;-3682;-5990;13295;10729
11;M2_cued_target;Stopped;1424547;-3682;-5990;13295;10729
11;M2_cued_target;Stopped;1424563;-3682;-5990;13295;10729
11;M2_cued_target;End;1439409;-3682;-5990;13295;10729
12;L2_hidden_target;Begin;1439409;7000;-7000;0;0
12;L2_hidden_target;Stopped;1464220;-3675;-6429;11588;10690
12;L2_hidden_target;Stopped;1464237;-3675;-6429;11588;10690
12;L2_hidden_target;Stopped;1464254;-3675;-6429;11588;10690
12;L2_hidden_target;Stopped;1464270;-3675;-6429;11588;10690
12;L2_hidden_target;Stopped;1464287;-3675;-6429;11588;10690
12;L2_hidden_target;Stopped;1464303;-3675;-6429;11588;10690
12;L2_hidden_target;Stopped;1464320;-3675;-6429;11588;10690
12;L2_hidden_target;Stopped;1464337;-3675;-6429;11588;10690
12;L2_hidden_target;Stopped;1464354;-3675;-6429;11588;10690
12;L2_hidden_target;Stopped;1464370;-3675;-6429;11588;10690
12;L2_hidden_target;Stopped;1464387;-3675;-6429;11588;10690
12;L2_hidden_target;End;1479249;-3675;-6429;11588;10690
13;M3_cued_target;Begin;1479249;-7000;7000;0;0
13;M3_cued_target;Stopped;1564937;-4303;-5418;13367;12707
13;M3_cued_target;Stopped;1564953;-4303;-5418;13367;12707
13;M3_cued_target;Stopped;1564970;-4303;-5418;13367;12707
13;M3_cued_target;Stopped;1564987;-4303;-5418;13367;12707
13;M3_cued_target;Stopped;1565004;-4303;-5418;13367;12707
13;M3_cued_target;Stopped;1565020;-4303;-5418;13367;12707
13;M3_cued_target;Stopped;1565037;-4303;-5418;13367;12707
13;M3_cued_target;Stopped;1565054;-4303;-5418;13367;12707
13;M3_cued_target;Stopped;1565070;-4303;-5418;13367;12707
13;M3_cued_target;Stopped;1565087;-4303;-5418;13367;12707
13;M3_cued_target;End;1579965;-4303;-5418;13367;12707
14;L2_hidden_target;Begin;1579965;6999;-7000;0;0
14;L2_hidden_target;Stopped;1602459;-3671;-5817;11091;10737
14;L2_hidden_target;Stopped;1602476;-3671;-5817;11091;10737
14;L2_hidden_target;Stopped;1602509;-3671;-5817;11091;10737
14;L2_hidden_target;Stopped;1602526;-3671;-5817;11091;10737
14;L2_hidden_target;Stopped;1602543;-3671;-5817;11091;10737
14;L2_hidden_target;Stopped;1602561;-3671;-5817;11091;10737
14;L2_hidden_target;Stopped;1602580;-3671;-5817;11091;10737
14;L2_hidden_target;Stopped;1602593;-3671;-5817;11091;10737
14;L2_hidden_target;Stopped;1602610;-3671;-5817;11091;10737
14;L2_hidden_target;Stopped;1602626;-3671;-5817;11091;10737
14;L2_hidden_target;Stopped;1602643;-3671;-5817;11091;10737
14;L2_hidden_target;End;1617489;-3671;-5817;11091;10737
15;M1_cued_target;Begin;1617489;7000;7000;0;0
15;M1_cued_target;Stopped;1734567;-3913;-5422;18954;16535
15;M1_cued_target;Stopped;1734584;-3913;-5422;18954;16535
15;M1_cued_target;Stopped;1734601;-3913;-5422;18954;16535
15;M1_cued_target;Stopped;1734617;-3913;-5422;18954;16535
15;M1_cued_target;Stopped;1734634;-3913;-5422;18954;16535
15;M1_cued_target;Stopped;1734651;-3913;-5422;18954;16535
15;M1_cued_target;Stopped;1734668;-3913;-5422;18954;16535
15;M1_cued_target;Stopped;1734684;-3913;-5422;18954;16535
15;M1_cued_target;Stopped;1734701;-3913;-5422;18954;16535
15;M1_cued_target;Stopped;1734717;-3913;-5422;18954;16535
15;M1_cued_target;Stopped;1734734;-3913;-5422;18954;16535
15;M1_cued_target;Stopped;1734751;-3913;-5422;18954;16535
15;M1_cued_target;Stopped;1734767;-3913;-5422;18954;16535
15;M1_cued_target;End;1749597;-3913;-5422;18954;16535
16;L2_hidden_target;Begin;1749597;7000;-7000;0;0
16;L2_hidden_target;Stopped;1774690;-3828;-5420;11897;10943
16;L2_hidden_target;Stopped;1774711;-3828;-5420;11897;10943
16;L2_hidden_target;Stopped;1774728;-3828;-5420;11897;10943
16;L2_hidden_target;Stopped;1774744;-3828;-5420;11897;10943
16;L2_hidden_target;Stopped;1774757;-3828;-5420;11897;10943
16;L2_hidden_target;Stopped;1774774;-3828;-5420;11897;10943
16;L2_hidden_target;Stopped;1774791;-3828;-5420;11897;10943
16;L2_hidden_target;Stopped;1774807;-3828;-5420;11897;10943
16;L2_hidden_target;Stopped;1774824;-3828;-5420;11897;10943
16;L2_hidden_target;Stopped;1774845;-3828;-5420;11897;10943
16;L2_hidden_target;End;1789719;-3828;-5420;11897;10943
16;L2_hidden_target;Begin;1789719;-3828;-5420;11897;10943
