1;M3_cued_target;Stopped;92341;-4358;-5418;14794;12695
1;M3_cued_target;Stopped;92358;-4358;-5418;14794;12695
1;M3_cued_target;Stopped;92375;-4358;-5418;14794;12695
1;M3_cued_target;Stopped;92391;-4358;-5418;14794;12695
1;M3_cued_target;Stopped;92412;-4358;-5418;14794;12695
1;M3_cued_target;Stopped;92429;-4358;-5418;14794;12695
1;M3_cued_target;Stopped;92441;-4358;-5418;14794;12695
1;M3_cued_target;Stopped;92462;-4358;-5418;14794;12695
1;M3_cued_target;Stopped;92477;-4358;-5418;14794;12695
1;M3_cued_target;Stopped;92494;-4358;-5418;14794;12695
1;M3_cued_target;Stopped;92508;-4358;-5418;14794;12695
1;M3_cued_target;Stopped;92542;-4358;-5418;14794;12695
1;M3_cued_target;Stopped;92558;-4358;-5418;14794;12695
1;M3_cued_target;Stopped;92575;-4358;-5418;14794;12695
1;M3_cued_target;Stopped;92591;-4358;-5418;14794;12695
1;M3_cued_target;Stopped;92608;-4358;-5418;14794;12695
1;M3_cued_target;Stopped;92625;-4358;-5418;14794;12695
1;M3_cued_target;Stopped;92641;-4358;-5418;14794;12695
1;M3_cued_target;Stopped;92658;-4358;-5418;14794;12695
1;M3_cued_target;Stopped;92675;-4358;-5418;14794;12695
1;M3_cued_target;Stopped;92691;-4358;-5418;14794;12695
1;M3_cued_target;Stopped;92708;-4358;-5418;14794;12695
1;M3_cued_target;Stopped;92725;-4358;-5418;14794;12695
1;M3_cued_target;Stopped;92741;-4358;-5418;14794;12695
1;M3_cued_target;End;100839;-4358;-5418;14794;12695
2;L1_hidden_target;Begin;100839;6999;7000;0;0
2;L1_hidden_target;Stopped;161072;-4389;-5417;20932;16850
2;L1_hidden_target;Stopped;161089;-4389;-5417;20932;16850
2;L1_hidden_target;Stopped;161106;-4389;-5417;20932;16850
2;L1_hidden_target;Stopped;161122;-4389;-5417;20932;16850
2;L1_hidden_target;Stopped;161139;-4389;-5417;20932;16850
2;L1_hidden_target;Stopped;161156;-4389;-5417;20932;16850
2;L1_hidden_target;Stopped;161172;-4389;-5417;20932;16850
2;L1_hidden_target;Stopped;161189;-4389;-5417;20932;16850
2;L1_hidden_target;Stopped;161206;-4389;-5417;20932;16850
2;L1_hidden_target;Stopped;161222;-4389;-5417;20932;16850
2;L1_hidden_target;Stopped;161239;-4389;-5417;20932;16850
2;L1_hidden_target;Stopped;161256;-4389;-5417;20932;16850
2;L1_hidden_target;Stopped;161272;-4389;-5417;20932;16850
2;L1_hidden_target;Stopped;161289;-4389;-5417;20932;16850
2;L1_hidden_target;Stopped;161305;-4389;-5417;20932;16850
2;L1_hidden_target;Stopped;161322;-4389;-5417;20932;16850
2;L1_hidden_target;Stopped;161339;-4389;-5417;20932;16850
2;L1_hidden_target;Stopped;161356;-4389;-5417;20932;16850
2;L1_hidden_target;Stopped;161372;-4389;-5417;20932;16850
2;L1_hidden_target;Stopped;161389;-4389;-5417;20932;16850
2;L1_hidden_target;Stopped;161405;-4389;-5417;20932;16850
2;L1_hidden_target;Stopped;161422;-4389;-5417;20932;16850
2;L1_hidden_target;Stopped;161439;-4389;-5417;20932;16850
2;L1_hidden_target;Stopped;161455;-4389;-5417;20932;16850
2;L1_hidden_target;End;176101;-4389;-5417;20932;16850
3;M1_cued_target;Begin;176101;7000;7000;0;0
3;M1_cued_target;Stopped;301960;-4334;-5418;24610;16813
3;M1_cued_target;Stopped;301978;-4334;-5418;24610;16813
3;M1_cued_target;Stopped;301994;-4334;-5418;24610;16813
3;M1_cued_target;Stopped;302010;-4334;-5418;24610;16813
3;M1_cued_target;Stopped;302027;-4334;-5418;24610;16813
3;M1_cued_target;Stopped;302044;-4334;-5418;24610;16813
3;M1_cued_target;Stopped;302065;-4334;-5418;24610;16813
3;M1_cued_target;Stopped;302078;-4334;-5418;24610;16813
3;M1_cued_target;Stopped;302094;-4334;-5418;24610;16813
3;M1_cued_target;Stopped;302110;-4334;-5418;24610;16813
3;M1_cued_target;Stopped;302128;-4334;-5418;24610;16813
3;M1_cued_target;Stopped;302144;-4334;-5418;24610;16813
3;M1_cued_target;Stopped;302161;-4334;-5418;24610;16813
3;M1_cued_target;Stopped;302178;-4334;-5418;24610;16813
3;M1_cued_target;Stopped;302195;-4334;-5418;24610;16813
3;M1_cued_target;Stopped;302211;-4334;-5418;24610;16813
3;M1_cued_target;Stopped;302228;-4334;-5418;24610;16813
3;M1_cued_target;Stopped;302244;-4334;-5418;24610;16813
3;M1_cued_target;Stopped;302261;-4334;-5418;24610;16813
3;M1_cued_target;Stopped;302278;-4334;-5418;24610;16813
3;M1_cued_target;Stopped;302294;-4334;-5418;24610;16813
3;M1_cued_target;Stopped;302311;-4334;-5418;24610;16813
3;M1_cued_target;Stopped;302328;-4334;-5418;24610;16813
3;M1_cued_target;Stopped;302344;-4334;-5418;24610;16813
3;M1_cued_target;Stopped;302361;-4334;-5418;24610;16813
3;M1_cued_target;End;316989;-4334;-5418;24610;16813
4;L2_hidden_target;Begin;316989;7000;-7000;0;0
4;L2_hidden_target;Stopped;348564;-3885;-5431;13045;10997
4;L2_hidden_target;Stopped;348580;-3885;-5431;13045;10997
4;L2_hidden_target;Stopped;348597;-3885;-5431;13045;10997
4;L2_hidden_target;Stopped;348614;-3885;-5431;13045;10997
4;L2_hidden_target;Stopped;348630;-3885;-5431;13045;10997
4;L2_hidden_target;Stopped;348647;-3885;-5431;13045;10997
4;L2_hidden_target;Stopped;348664;-3885;-5431;13045;10997
4;L2_hidden_target;Stopped;348685;-3885;-5431;13045;10997
4;L2_hidden_target;Stopped;348697;-3885;-5431;13045;10997
4;L2_hidden_target;Stopped;348714;-3885;-5431;13045;10997
4;L2_hidden_target;Stopped;348731;-3885;-5431;13045;10997
4;L2_hidden_target;Stopped;348747;-3885;-5431;13045;10997
4;L2_hidden_target;Stopped;348768;-3885;-5431;13045;10997
4;L2_hidden_target;Stopped;348783;-3885;-5431;13045;10997
4;L2_hidden_target;Stopped;348797;-3885;-5431;13045;10997
4;L2_hidden_target;Stopped;348814;-3885;-5431;13045;10997
4;L2_hidden_target;Stopped;348830;-3885;-5431;13045;10997
4;L2_hidden_target;End;363593;-3885;-5431;13045;10997
5;M2_cued_target;Begin;363593;6999;-7000;0;0
5;M2_cued_target;Stopped;418091;-3683;-6367;11430;10701
5;M2_cued_target;Stopped;418108;-3683;-6367;11430;10701
5;M2_cued_target;Stopped;418124;-3683;-6367;11430;10701
5;M2_cued_target;Stopped;418141;-3683;-6367;11430;10701
5;M2_cued_target;Stopped;418158;-3683;-6367;11430;10701
5;M2_cued_target;Stopped;418174;-3683;-6367;11430;10701
5;M2_cued_target;Stopped;418191;-3683;-6367;11430;10701
5;M2_cued_target;Stopped;418208;-3683;-6367;11430;10701
5;M2_cued_target;Stopped;418224;-3683;-6367;11430;10701
5;M2_cued_target;Stopped;418241;-3683;-6367;11430;10701
5;M2_cued_target;Stopped;418262;-3683;-6367;11430;10701
5;M2_cued_target;Stopped;418278;-3683;-6367;11430;10701
5;M2_cued_target;Stopped;418293;-3683;-6367;11430;10701
5;M2_cued_target;Stopped;418308;-3683;-6367;11430;10701
5;M2_cued_target;Stopped;418324;-3683;-6367;11430;10701
5;M2_cued_target;Stopped;418341;-3683;-6367;11430;10701
5;M2_cued_target;Stopped;418358;-3683;-6367;11430;10701
5;M2_cued_target;Stopped;418374;-3683;-6367;11430;10701
5;M2_cued_target;Stopped;418391;-3683;-6367;11430;10701
5;M2_cued_target;Stopped;418408;-3683;-6367;11430;10701
5;M2_cued_target;Stopped;418424;-3683;-6367;11430;10701
5;M2_cued_target;Stopped;418441;-3683;-6367;11430;10701
5;M2_cued_target;Stopped;418458;-3683;-6367;11430;10701
5;M2_cued_target;Stopped;418474;-3683;-6367;11430;10701
5;M2_cued_target;End;433119;-3683;-6367;11430;10701
6;L3_hidden_target;Begin;433119;-7000;7000;0;0
6;L3_hidden_target;Stopped;465481;-4599;-5410;14139;12640
6;L3_hidden_target;Stopped;465494;-4599;-5410;14139;12640
6;L3_hidden_target;Stopped;465532;-4599;-5410;14139;12640
6;L3_hidden_target;Stopped;465546;-4599;-5410;14139;12640
6;L3_hidden_target;Stopped;465562;-4599;-5410;14139;12640
6;L3_hidden_target;Stopped;465578;-4599;-5410;14139;12640
6;L3_hidden_target;Stopped;465595;-4599;-5410;14139;12640
6;L3_hidden_target;Stopped;465611;-4599;-5410;14139;12640
6;L3_hidden_target;Stopped;465628;-4599;-5410;14139;12640
6;L3_hidden_target;Stopped;465645;-4599;-5410;14139;12640
6;L3_hidden_target;Stopped;465661;-4599;-5410;14139;12640
6;L3_hidden_target;Stopped;465678;-4599;-5410;14139;12640
6;L3_hidden_target;Stopped;465695;-4599;-5410;14139;12640
6;L3_hidden_target;Stopped;465711;-4599;-5410;14139;12640
6;L3_hidden_target;Stopped;465728;-4599;-5410;14139;12640
6;L3_hidden_target;Stopped;465745;-4599;-5410;14139;12640
6;L3_hidden_target;End;480506;-4599;-5410;14139;12640
7;M1_cued_target;Begin;480506;7000;6999;0;0
7;M1_cued_target;Stopped;575260;-3933;-5420;19730;16547
7;M1_cued_target;Stopped;575277;-3933;-5420;19730;16547
7;M1_cued_target;Stopped;575293;-3933;-5420;19730;16547
7;M1_cued_target;Stopped;575310;-3933;-5420;19730;16547
7;M1_cued_target;Stopped;575327;-3933;-5420;19730;16547
7;M1_cued_target;Stopped;575343;-3933;-5420;19730;16547
7;M1_cued_target;Stopped;575360;-3933;-5420;19730;16547
7;M1_cued_target;Stopped;575377;-3933;-5420;19730;16547
7;M1_cued_target;Stopped;575393;-3933;-5420;19730;16547
7;M1_cued_target;Stopped;575409;-3933;-5420;19730;16547
7;M1_cued_target;Stopped;575427;-3933;-5420;19730;16547
7;M1_cued_target;Stopped;575443;-3933;-5420;19730;16547
7;M1_cued_target;Stopped;575460;-3933;-5420;19730;16547
7;M1_cued_target;Stopped;575477;-3933;-5420;19730;16547
7;M1_cued_target;Stopped;575493;-3933;-5420;19730;16547
7;M1_cued_target;Stopped;575527;-3933;-5420;19730;16547
7;M1_cued_target;Stopped;575543;-3933;-5420;19730;16547
7;M1_cued_target;Stopped;575560;-3933;-5420;19730;16547
7;M1_cued_target;Stopped;575580;-3933;-5420;19730;16547
7;M1_cued_target;End;590287;-3933;-5420;19730;16547
8;L2_hidden_target;Begin;590287;7000;-7000;0;0
8;L2_hidden_target;Stopped;617880;-4962;-6619;14356;11969
8;L2_hidden_target;Stopped;617897;-4962;-6619;14356;11969
8;L2_hidden_target;Stopped;617915;-4962;-6619;14356;11969
8;L2_hidden_target;Stopped;617936;-4962;-6619;14356;11969
8;L2_hidden_target;Stopped;617947;-4962;-6619;14356;11969
8;L2_hidden_target;Stopped;617964;-4962;-6619;14356;11969
8;L2_hidden_target;Stopped;617980;-4962;-6619;14356;11969
8;L2_hidden_target;Stopped;617997;-4962;-6619;14356;11969
8;L2_hidden_target;Stopped;618013;-4962;-6619;14356;11969
8;L2_hidden_target;Stopped;618030;-4962;-6619;14356;11969
8;L2_hidden_target;Stopped;618047;-4962;-6619;14356;11969
8;L2_hidden_target;Stopped;618063;-4962;-6619;14356;11969
8;L2_hidden_target;Stopped;618080;-4962;-6619;14356;11969
8;L2_hidden_target;Stopped;618097;-4962;-6619;14356;11969
8;L2_hidden_target;Stopped;618118;-4962;-6619;14356;11969
8;L2_hidden_target;Stopped;618135;-4962;-6619;14356;11969
8;L2_hidden_target;Stopped;618151;-4962;-6619;14356;11969
8;L2_hidden_target;Stopped;618169;-4962;-6619;14356;11969
8;L2_hidden_target;Stopped;618183;-4962;-6619;14356;11969
8;L2_hidden_target;Stopped;618197;-4962;-6619;14356;11969
8;L2_hidden_target;Stopped;618214;-4962;-6619;14356;11969
8;L2_hidden_target;Stopped;618231;-4962;-6619;14356;11969
8;L2_hidden_target;End;632909;-4962;-6619;14356;11969
9;M3_cued_target;Begin;632909;-7000;7000;0;0
9;M3_cued_target;Stopped;638456;-6953;7180;280;185
9;M3_cued_target;Stopped;638473;-6953;7180;280;185
9;M3_cued_target;Stopped;638493;-6953;7180;280;185
9;M3_cued_target;Stopped;638523;-6953;7180;280;185
9;M3_cued_target;Stopped;638543;-6953;7180;280;185
9;M3_cued_target;Stopped;638560;-6953;7180;280;185
9;M3_cued_target;Stopped;638577;-6953;7180;280;185
9;M3_cued_target;Stopped;638590;-6953;7180;280;185
9;M3_cued_target;Stopped;638606;-6953;7180;280;185
9;M3_cued_target;End;647936;-6953;7180;280;185
10;L1_hidden_target;Begin;647936;6999;7000;0;0
10;L1_hidden_target;Stopped;693957;-4578;-5419;18452;16979
10;L1_hidden_target;Stopped;693974;-4578;-5419;18452;16979
10;L1_hidden_target;Stopped;693990;-4578;-5419;18452;16979
10;L1_hidden_target;Stopped;694007;-4578;-5419;18452;16979
10;L1_hidden_target;Stopped;694023;-4578;-5419;18452;16979
10;L1_hidden_target;Stopped;694040;-4578;-5419;18452;16979
10;L1_hidden_target;Stopped;694057;-4578;-5419;18452;16979
10;L1_hidden_target;Stopped;694073;-4578;-5419;18452;16979
10;L1_hidden_target;Stopped;694090;-4578;-5419;18452;16979
10;L1_hidden_target;End;708990;-4578;-5419;18452;16979
11;M2_cued_target;Begin;708990;7000;-7000;0;0
11;M2_cued_target;Stopped;765601;-3682;-6313;11615;10704
11;M2_cued_target;Stopped;765617;-3682;-6313;11615;10704
11;M2_cued_target;Stopped;765638;-3682;-6313;11615;10704
11;M2_cued_target;Stopped;765654;-3682;-6313;11615;10704
11;M2_cued_target;Stopped;765668;-3682;-6313;11615;10704
11;M2_cued_target;Stopped;765685;-3682;-6313;11615;10704
11;M2_cued_target;Stopped;765701;-3682;-6313;11615;10704
11;M2_cued_target;Stopped;765717;-3682;-6313;11615;10704
11;M2_cued_target;Stopped;765735;-3682;-6313;11615;10704
11;M2_cued_target;Stopped;765751;-3682;-6313;11615;10704
11;M2_cued_target;Stopped;765767;-3682;-6313;11615;10704
11;M2_cued_target;Stopped;765788;-3682;-6313;11615;10704
11;M2_cued_target;Stopped;765805;-3682;-6313;11615;10704
11;M2_cued_target;Stopped;765818;-3682;-6313;11615;10704
11;M2_cued_target;Stopped;765835;-3682;-6313;11615;10704
11;M2_cued_target;Stopped;765851;-3682;-6313;11615;10704
11;M2_cued_target;Stopped;765868;-3682;-6313;11615;10704
11;M2_cued_target;Stopped;765884;-3682;-6313;11615;10704
11;M2_cued_target;Stopped;765901;-3682;-6313;11615;10704
11;M2_cued_target;Stopped;765918;-3682;-6313;11615;10704
11;M2_cued_target;Stopped;765934;-3682;-6313;11615;10704
11;M2_cued_target;Stopped;765951;-3682;-6313;11615;10704
11;M2_cued_target;Stopped;765968;-3682;-6313;11615;10704
11;M2_cued_target;End;780629;-3682;-6313;11615;10704
12;L3_hidden_target;Begin;780629;-7000;7000;0;0
12;L3_hidden_target;Stopped;838530;-4176;-5417;20701;12734
12;L3_hidden_target;Stopped;838546;-4176;-5417;20701;12734
12;L3_hidden_target;Stopped;838563;-4176;-5417;20701;12734
12;L3_hidden_target;Stopped;838580;-4176;-5417;20701;12734
12;L3_hidden_target;Stopped;838596;-4176;-5417;20701;12734
12;L3_hidden_target;Stopped;838613;-4176;-5417;20701;12734
12;L3_hidden_target;Stopped;838630;-4176;-5417;20701;12734
12;L3_hidden_target;Stopped;838646;-4176;-5417;20701;12734
12;L3_hidden_target;Stopped;838663;-4176;-5417;20701;12734
12;L3_hidden_target;Stopped;838680;-4176;-5417;20701;12734
12;L3_hidden_target;Stopped;838696;-4176;-5417;20701;12734
12;L3_hidden_target;Stopped;838713;-4176;-5417;20701;12734
12;L3_hidden_target;Stopped;838730;-4176;-5417;20701;12734
12;L3_hidden_target;Stopped;838746;-4176;-5417;20701;12734
12;L3_hidden_target;Stopped;838763;-4176;-5417;20701;12734
12;L3_hidden_target;Stopped;838780;-4176;-5417;20701;12734
12;L3_hidden_target;End;853557;-4176;-5417;20701;12734
13;M3_cued_target;Begin;853557;-7000;7000;0;0
13;M3_cued_target;Stopped;969321;-3688;-5684;24344;13109
13;M3_cued_target;Stopped;969338;-3688;-5684;24344;13109
13;M3_cued_target;Stopped;969354;-3688;-5684;24344;13109
13;M3_cued_target;Stopped;969371;-3688;-5684;24344;13109
13;M3_cued_target;Stopped;969388;-3688;-5684;24344;13109
13;M3_cued_target;Stopped;969404;-3688;-5684;24344;13109
13;M3_cued_target;Stopped;969421;-3688;-5684;24344;13109
13;M3_cued_target;Stopped;969438;-3688;-5684;24344;13109
13;M3_cued_target;Stopped;969454;-3688;-5684;24344;13109
13;M3_cued_target;Stopped;969471;-3688;-5684;24344;13109
13;M3_cued_target;Stopped;969488;-3688;-5684;24344;13109
13;M3_cued_target;Stopped;969521;-3688;-5684;24344;13109
13;M3_cued_target;Stopped;969538;-3688;-5684;24344;13109
13;M3_cued_target;Stopped;969554;-3688;-5684;24344;13109
13;M3_cued_target;Stopped;969571;-3688;-5684;24344;13109
13;M3_cued_target;Stopped;969588;-3688;-5684;24344;13109
13;M3_cued_target;Stopped;969604;-3688;-5684;24344;13109
13;M3_cued_target;Stopped;969621;-3688;-5684;24344;13109
13;M3_cued_target;Stopped;969641;-3688;-5684;24344;13109
13;M3_cued_target;Stopped;969658;-3688;-5684;24344;13109
13;M3_cued_target;Stopped;969672;-3688;-5684;24344;13109
13;M3_cued_target;Stopped;969688;-3688;-5684;24344;13109
13;M3_cued_target;Stopped;969704;-3688;-5684;24344;13109
13;M3_cued_target;Stopped;969721;-3688;-5684;24344;13109
13;M3_cued_target;End;984354;-3688;-5684;24344;13109
14;L2_hidden_target;Begin;984354;7000;-7000;0;0
14;L2_hidden_target;Stopped;1044915;-4483;-6703;23144;11487
14;L2_hidden_target;Stopped;1044932;-4483;-6703;23144;11487
14;L2_hidden_target;Stopped;1044949;-4483;-6703;23144;11487
14;L2_hidden_target;Stopped;1044965;-4483;-6703;23144;11487
14;L2_hidden_target;Stopped;1044982;-4483;-6703;23144;11487
14;L2_hidden_target;Stopped;1044999;-4483;-6703;23144;11487
14;L2_hidden_target;Stopped;1045015;-4483;-6703;23144;11487
14;L2_hidden_target;Stopped;1045032;-4483;-6703;23144;11487
14;L2_hidden_target;Stopped;1045049;-4483;-6703;23144;11487
14;L2_hidden_target;Stopped;1045065;-4483;-6703;23144;11487
14;L2_hidden_target;Stopped;1045082;-4483;-6703;23144;11487
14;L2_hidden_target;Stopped;1045099;-4483;-6703;23144;11487
14;L2_hidden_target;Stopped;1045116;-4483;-6703;23144;11487
14;L2_hidden_target;Stopped;1045132;-4483;-6703;23144;11487
14;L2_hidden_target;Stopped;1045150;-4483;-6703;23144;11487
14;L2_hidden_target;Stopped;1045171;-4483;-6703;23144;11487
14;L2_hidden_target;Stopped;1045187;-4483;-6703;23144;11487
14;L2_hidden_target;Stopped;1045200;-4483;-6703;23144;11487
14;L2_hidden_target;Stopped;1045215;-4483;-6703;23144;11487
14;L2_hidden_target;Stopped;1045232;-4483;-6703;23144;11487
14;L2_hidden_target;Stopped;1045249;-4483;-6703;23144;11487
14;L2_hidden_target;Stopped;1045271;-4483;-6703;23144;11487
14;L2_hidden_target;Stopped;1045287;-4483;-6703;23144;11487
14;L2_hidden_target;Stopped;1045299;-4483;-6703;23144;11487
14;L2_hidden_target;Stopped;1045316;-4483;-6703;23144;11487
14;L2_hidden_target;End;1059945;-4483;-6703;23144;11487
15;M1_cued_target;Begin;1059945;6999;7000;0;0
15;M1_cued_target;Stopped;1166877;-3992;-5420;20982;16586
15;M1_cued_target;Stopped;1166893;-3992;-5420;20982;16586
15;M1_cued_target;Stopped;1166910;-3992;-5420;20982;16586
15;M1_cued_target;Stopped;1166927;-3992;-5420;20982;16586
15;M1_cued_target;Stopped;1166943;-3992;-5420;20982;16586
15;M1_cued_target;Stopped;1166960;-3992;-5420;20982;16586
15;M1_cued_target;Stopped;1166977;-3992;-5420;20982;16586
15;M1_cued_target;Stopped;1166993;-3992;-5420;20982;16586
15;M1_cued_target;Stopped;1167010;-3992;-5420;20982;16586
15;M1_cued_target;Stopped;1167027;-3992;-5420;20982;16586
15;M1_cued_target;Stopped;1167043;-3992;-5420;20982;16586
15;M1_cued_target;Stopped;1167060;-3992;-5420;20982;16586
15;M1_cued_target;Stopped;1167077;-3992;-5420;20982;16586
15;M1_cued_target;Stopped;1167093;-3992;-5420;20982;16586
15;M1_cued_target;Stopped;1167110;-3992;-5420;20982;16586
15;M1_cued_target;Stopped;1167127;-3992;-5420;20982;16586
15;M1_cued_target;Stopped;1167143;-3992;-5420;20982;16586
15;M1_cued_target;Stopped;1167160;-3992;-5420;20982;16586
15;M1_cued_target;Stopped;1167177;-3992;-5420;20982;16586
15;M1_cued_target;Stopped;1167193;-3992;-5420;20982;16586
15;M1_cued_target;Stopped;1167210;-3992;-5420;20982;16586
15;M1_cued_target;Stopped;1167227;-3992;-5420;20982;16586
15;M1_cued_target;Stopped;1167243;-3992;-5420;20982;16586
15;M1_cued_target;Stopped;1167260;-3992;-5420;20982;16586
15;M1_cued_target;Stopped;1167277;-3992;-5420;20982;16586
15;M1_cued_target;End;1181905;-3992;-5420;20982;16586
16;L3_hidden_target;Begin;1181905;-7000;7000;0;0
16;L3_hidden_target;Stopped;1211746;-4969;-5965;13687;13123
16;L3_hidden_target;Stopped;1211763;-4969;-5965;13687;13123
16;L3_hidden_target;Stopped;1211780;-4969;-5965;13687;13123
16;L3_hidden_target;Stopped;1211797;-4969;-5965;13687;13123
16;L3_hidden_target;Stopped;1211813;-4969;-5965;13687;13123
16;L3_hidden_target;Stopped;1211830;-4969;-5965;13687;13123
16;L3_hidden_target;Stopped;1211847;-4969;-5965;13687;13123
16;L3_hidden_target;Stopped;1211863;-4969;-5965;13687;13123
16;L3_hidden_target;Stopped;1211880;-4969;-5965;13687;13123
16;L3_hidden_target;Stopped;1211897;-4969;-5965;13687;13123
16;L3_hidden_target;Stopped;1211913;-4969;-5965;13687;13123
16;L3_hidden_target;Stopped;1211930;-4969;-5965;13687;13123
16;L3_hidden_target;Stopped;1211946;-4969;-5965;13687;13123
16;L3_hidden_target;Stopped;1211963;-4969;-5965;13687;13123
16;L3_hidden_target;Stopped;1211980;-4969;-5965;13687;13123
16;L3_hidden_target;Stopped;1211997;-4969;-5965;13687;13123
16;L3_hidden_target;Stopped;1212013;-4969;-5965;13687;13123
16;L3_hidden_target;Stopped;1212030;-4969;-5965;13687;13123
16;L3_hidden_target;End;1226776;-4969;-5965;13687;13123
16;L3_hidden_target;Begin;1226776;-4969;-5965;13687;13123
