1;M3_cued_target;Stopped;205447;-4962;-5697;42229;12859
1;M3_cued_target;Stopped;205464;-4962;-5697;42229;12859
1;M3_cued_target;Stopped;205482;-4962;-5697;42229;12859
1;M3_cued_target;Stopped;205497;-4962;-5697;42229;12859
1;M3_cued_target;Stopped;205532;-4962;-5697;42229;12859
1;M3_cued_target;Stopped;205548;-4962;-5697;42229;12859
1;M3_cued_target;Stopped;205564;-4962;-5697;42229;12859
1;M3_cued_target;Stopped;205582;-4962;-5697;42229;12859
1;M3_cued_target;Stopped;205597;-4962;-5697;42229;12859
1;M3_cued_target;Stopped;205614;-4962;-5697;42229;12859
1;M3_cued_target;Stopped;205632;-4962;-5697;42229;12859
1;M3_cued_target;Stopped;205647;-4962;-5697;42229;12859
1;M3_cued_target;Stopped;205664;-4962;-5697;42229;12859
1;M3_cued_target;Stopped;205682;-4962;-5697;42229;12859
1;M3_cued_target;Stopped;205697;-4962;-5697;42229;12859
1;M3_cued_target;Stopped;205714;-4962;-5697;42229;12859
1;M3_cued_target;End;220476;-4962;-5697;42229;12859
2;L1_hidden_target;Begin;220476;7000;7000;0;0
2;L1_hidden_target;Stopped;276293;-3716;-6698;26908;17392
2;L1_hidden_target;Stopped;276310;-3716;-6698;26908;17392
2;L1_hidden_target;Stopped;276327;-3716;-6698;26908;17392
2;L1_hidden_target;Stopped;276342;-3716;-6698;26908;17392
2;L1_hidden_target;Stopped;276360;-3716;-6698;26908;17392
2;L1_hidden_target;Stopped;276377;-3716;-6698;26908;17392
2;L1_hidden_target;Stopped;276393;-3716;-6698;26908;17392
2;L1_hidden_target;Stopped;276410;-3716;-6698;26908;17392
2;L1_hidden_target;Stopped;276426;-3716;-6698;26908;17392
2;L1_hidden_target;Stopped;276443;-3716;-6698;26908;17392
2;L1_hidden_target;Stopped;276460;-3716;-6698;26908;17392
2;L1_hidden_target;Stopped;276477;-3716;-6698;26908;17392
2;L1_hidden_target;Stopped;276493;-3716;-6698;26908;17392
2;L1_hidden_target;End;291322;-3716;-6698;26908;17392
3;M1_cued_target;Begin;291322;7000;7000;0;0
3;M1_cued_target;Stopped;402986;-3683;-6165;24820;16954
3;M1_cued_target;Stopped;403002;-3683;-6165;24820;16954
3;M1_cued_target;Stopped;403019;-3683;-6165;24820;16954
3;M1_cued_target;Stopped;403036;-3683;-6165;24820;16954
3;M1_cued_target;Stopped;403052;-3683;-6165;24820;16954
3;M1_cued_target;Stopped;403069;-3683;-6165;24820;16954
3;M1_cued_target;Stopped;403086;-3683;-6165;24820;16954
3;M1_cued_target;Stopped;403102;-3683;-6165;24820;16954
3;M1_cued_target;Stopped;403119;-3683;-6165;24820;16954
3;M1_cued_target;Stopped;403136;-3683;-6165;24820;16954
3;M1_cued_target;Stopped;403152;-3683;-6165;24820;16954
3;M1_cued_target;Stopped;403169;-3683;-6165;24820;16954
3;M1_cued_target;Stopped;403186;-3683;-6165;24820;16954
3;M1_cued_target;Stopped;403202;-3683;-6165;24820;16954
3;M1_cued_target;Stopped;403219;-3683;-6165;24820;16954
3;M1_cued_target;End;418014;-3683;-6165;24820;16954
4;L2_hidden_target;Begin;418014;7000;-7000;0;0
4;L2_hidden_target;Stopped;441407;-3682;-6146;11200;10716
4;L2_hidden_target;Stopped;441424;-3682;-6146;11200;10716
4;L2_hidden_target;Stopped;441441;-3682;-6146;11200;10716
4;L2_hidden_target;Stopped;441457;-3682;-6146;11200;10716
4;L2_hidden_target;Stopped;441474;-3682;-6146;11200;10716
4;L2_hidden_target;Stopped;441491;-3682;-6146;11200;10716
4;L2_hidden_target;Stopped;441524;-3682;-6146;11200;10716
4;L2_hidden_target;Stopped;441545;-3682;-6146;11200;10716
4;L2_hidden_target;Stopped;441560;-3682;-6146;11200;10716
4;L2_hidden_target;Stopped;441574;-3682;-6146;11200;10716
4;L2_hidden_target;Stopped;441591;-3682;-6146;11200;10716
4;L2_hidden_target;Stopped;441608;-3682;-6146;11200;10716
4;L2_hidden_target;Stopped;441624;-3682;-6146;11200;10716
4;L2_hidden_target;End;456436;-3682;-6146;11200;10716
5;M2_cued_target;Begin;456436;7000;-7000;0;0
5;M2_cued_target;Stopped;510584;-3682;-6303;11579;10705
5;M2_cued_target;Stopped;510600;-3682;-6303;11579;10705
5;M2_cued_target;Stopped;510617;-3682;-6303;11579;10705
5;M2_cued_target;Stopped;510634;-3682;-6303;11579;10705
5;M2_cued_target;Stopped;510651;-3682;-6303;11579;10705
5;M2_cued_target;Stopped;510667;-3682;-6303;11579;10705
5;M2_cued_target;Stopped;510684;-3682;-6303;11579;10705
5;M2_cued_target;Stopped;510700;-3682;-6303;11579;10705
5;M2_cued_target;Stopped;510717;-3682;-6303;11579;10705
5;M2_cued_target;Stopped;510734;-3682;-6303;11579;10705
5;M2_cued_target;Stopped;510750;-3682;-6303;11579;10705
5;M2_cued_target;Stopped;510767;-3682;-6303;11579;10705
5;M2_cued_target;Stopped;510784;-3682;-6303;11579;10705
5;M2_cued_target;Stopped;510800;-3682;-6303;11579;10705
5;M2_cued_target;Stopped;510817;-3682;-6303;11579;10705
5;M2_cued_target;Stopped;510834;-3682;-6303;11579;10705
5;M2_cued_target;Stopped;510850;-3682;-6303;11579;10705
5;M2_cued_target;End;525612;-3682;-6303;11579;10705
6;L3_hidden_target;Begin;525612;-7000;7000;0;0
6;L3_hidden_target;Stopped;582214;-3975;-5417;31482;12780
6;L3_hidden_target;Stopped;582231;-3975;-5417;31482;12780
6;L3_hidden_target;Stopped;582247;-3975;-5417;31482;12780
6;L3_hidden_target;Stopped;582264;-3975;-5417;31482;12780
6;L3_hidden_target;Stopped;582280;-3975;-5417;31482;12780
6;L3_hidden_target;Stopped;582297;-3975;-5417;31482;12780
6;L3_hidden_target;Stopped;582314;-3975;-5417;31482;12780
6;L3_hidden_target;Stopped;582331;-3975;-5417;31482;12780
6;L3_hidden_target;Stopped;582347;-3975;-5417;31482;12780
6;L3_hidden_target;Stopped;582364;-3975;-5417;31482;12780
6;L3_hidden_target;Stopped;582381;-3975;-5417;31482;12780
6;L3_hidden_target;Stopped;582397;-3975;-5417;31482;12780
6;L3_hidden_target;Stopped;582414;-3975;-5417;31482;12780
6;L3_hidden_target;Stopped;582430;-3975;-5417;31482;12780
6;L3_hidden_target;End;597241;-3975;-5417;31482;12780
7;M1_cued_target;Begin;597241;6999;7000;0;0
7;M1_cued_target;Stopped;728648;-4738;-5418;28762;17088
7;M1_cued_target;Stopped;728665;-4738;-5418;28762;17088
7;M1_cued_target;Stopped;728681;-4738;-5418;28762;17088
7;M1_cued_target;Stopped;728698;-4738;-5418;28762;17088
7;M1_cued_target;Stopped;728715;-4738;-5418;28762;17088
7;M1_cued_target;Stopped;728731;-4738;-5418;28762;17088
7;M1_cued_target;Stopped;728748;-4738;-5418;28762;17088
7;M1_cued_target;Stopped;728765;-4738;-5418;28762;17088
7;M1_cued_target;Stopped;728781;-4738;-5418;28762;17088
7;M1_cued_target;Stopped;728798;-4738;-5418;28762;17088
7;M1_cued_target;Stopped;728815;-4738;-5418;28762;17088
7;M1_cued_target;Stopped;728831;-4738;-5418;28762;17088
7;M1_cued_target;Stopped;728848;-4738;-5418;28762;17088
7;M1_cued_target;End;743678;-4738;-5418;28762;17088
8;L2_hidden_target;Begin;743678;6999;-7000;0;0
8;L2_hidden_target;Stopped;884851;-4965;-5803;83546;12024
8;L2_hidden_target;Stopped;884867;-4965;-5803;83546;12024
8;L2_hidden_target;Stopped;884884;-4965;-5803;83546;12024
8;L2_hidden_target;Stopped;884901;-4965;-5803;83546;12024
8;L2_hidden_target;Stopped;884917;-4965;-5803;83546;12024
8;L2_hidden_target;Stopped;884934;-4965;-5803;83546;12024
8;L2_hidden_target;Stopped;884951;-4965;-5803;83546;12024
8;L2_hidden_target;Stopped;884967;-4965;-5803;83546;12024
8;L2_hidden_target;Stopped;884984;-4965;-5803;83546;12024
8;L2_hidden_target;Stopped;885001;-4965;-5803;83546;12024
8;L2_hidden_target;Stopped;885017;-4965;-5803;83546;12024
8;L2_hidden_target;Stopped;885034;-4965;-5803;83546;12024
8;L2_hidden_target;End;899878;-4965;-5803;83546;12024
9;M3_cued_target;Begin;899878;-7000;6999;0;0
9;M3_cued_target;Stopped;967956;-4550;-5418;14219;12658
9;M3_cued_target;Stopped;967973;-4550;-5418;14219;12658
9;M3_cued_target;Stopped;967990;-4550;-5418;14219;12658
9;M3_cued_target;Stopped;968006;-4550;-5418;14219;12658
9;M3_cued_target;Stopped;968023;-4550;-5418;14219;12658
9;M3_cued_target;Stopped;968040;-4550;-5418;14219;12658
9;M3_cued_target;Stopped;968056;-4550;-5418;14219;12658
9;M3_cued_target;Stopped;968073;-4550;-5418;14219;12658
9;M3_cued_target;Stopped;968090;-4550;-5418;14219;12658
9;M3_cued_target;Stopped;968106;-4550;-5418;14219;12658
9;M3_cued_target;Stopped;968123;-4550;-5418;14219;12658
9;M3_cued_target;Stopped;968140;-4550;-5418;14219;12658
9;M3_cued_target;Stopped;968156;-4550;-5418;14219;12658
9;M3_cued_target;Stopped;968173;-4550;-5418;14219;12658
9;M3_cued_target;Stopped;968190;-4550;-5418;14219;12658
9;M3_cued_target;End;982985;-4550;-5418;14219;12658
10;L1_hidden_target;Begin;982985;7000;6999;0;0
10;L1_hidden_target;Stopped;1044917;-3780;-5430;33814;16453
10;L1_hidden_target;Stopped;1044934;-3780;-5430;33814;16453
10;L1_hidden_target;Stopped;1044951;-3780;-5430;33814;16453
10;L1_hidden_target;Stopped;1044967;-3780;-5430;33814;16453
10;L1_hidden_target;Stopped;1044984;-3780;-5430;33814;16453
10;L1_hidden_target;Stopped;1045001;-3780;-5430;33814;16453
10;L1_hidden_target;Stopped;1045017;-3780;-5430;33814;16453
10;L1_hidden_target;Stopped;1045034;-3780;-5430;33814;16453
10;L1_hidden_target;Stopped;1045051;-3780;-5430;33814;16453
10;L1_hidden_target;Stopped;1045067;-3780;-5430;33814;16453
10;L1_hidden_target;Stopped;1045084;-3780;-5430;33814;16453
10;L1_hidden_target;Stopped;1045100;-3780;-5430;33814;16453
10;L1_hidden_target;Stopped;1045117;-3780;-5430;33814;16453
10;L1_hidden_target;End;1059944;-3780;-5430;33814;16453
11;M2_cued_target;Begin;1059944;6999;-7000;0;0
11;M2_cued_target;Stopped;1115675;-3681;-6262;11599;10707
11;M2_cued_target;Stopped;1115692;-3681;-6262;11599;10707
11;M2_cued_target;Stopped;1115709;-3681;-6262;11599;10707
11;M2_cued_target;Stopped;1115725;-3681;-6262;11599;10707
11;M2_cued_target;Stopped;1115742;-3681;-6262;11599;10707
11;M2_cued_target;Stopped;1115759;-3681;-6262;11599;10707
11;M2_cued_target;Stopped;1115775;-3681;-6262;11599;10707
11;M2_cued_target;Stopped;1115792;-3681;-6262;11599;10707
11;M2_cued_target;Stopped;1115809;-3681;-6262;11599;10707
11;M2_cued_target;Stopped;1115825;-3681;-6262;11599;10707
11;M2_cued_target;Stopped;1115842;-3681;-6262;11599;10707
11;M2_cued_target;Stopped;1115862;-3681;-6262;11599;10707
11;M2_cued_target;Stopped;1115879;-3681;-6262;11599;10707
11;M2_cued_target;Stopped;1115892;-3681;-6262;11599;10707
11;M2_cued_target;Stopped;1115909;-3681;-6262;11599;10707
11;M2_cued_target;Stopped;1115925;-3681;-6262;11599;10707
11;M2_cued_target;Stopped;1115942;-3681;-6262;11599;10707
11;M2_cued_target;Stopped;1115959;-3681;-6262;11599;10707
11;M2_cued_target;Stopped;1115975;-3681;-6262;11599;10707
11;M2_cued_target;End;1130689;-3681;-6262;11599;10707
12;L3_hidden_target;Begin;1130689;-7000;7000;0;0
12;L3_hidden_target;Stopped;1162595;-4439;-5418;15320;12679
12;L3_hidden_target;Stopped;1162612;-4439;-5418;15320;12679
12;L3_hidden_target;Stopped;1162629;-4439;-5418;15320;12679
12;L3_hidden_target;Stopped;1162645;-4439;-5418;15320;12679
12;L3_hidden_target;Stopped;1162666;-4439;-5418;15320;12679
12;L3_hidden_target;Stopped;1162683;-4439;-5418;15320;12679
12;L3_hidden_target;Stopped;1162695;-4439;-5418;15320;12679
12;L3_hidden_target;Stopped;1162712;-4439;-5418;15320;12679
12;L3_hidden_target;Stopped;1162729;-4439;-5418;15320;12679
12;L3_hidden_target;Stopped;1162745;-4439;-5418;15320;12679
12;L3_hidden_target;Stopped;1162762;-4439;-5418;15320;12679
12;L3_hidden_target;Stopped;1162779;-4439;-5418;15320;12679
12;L3_hidden_target;Stopped;1162795;-4439;-5418;15320;12679
12;L3_hidden_target;Stopped;1162812;-4439;-5418;15320;12679
12;L3_hidden_target;End;1177624;-4439;-5418;15320;12679
13;M3_cued_target;Begin;1177624;-7000;7000;0;0
13;M3_cued_target;Stopped;1247767;-4378;-5417;13994;12690
13;M3_cued_target;Stopped;1247783;-4378;-5417;13994;12690
13;M3_cued_target;Stopped;1247800;-4378;-5417;13994;12690
13;M3_cued_target;Stopped;1247822;-4378;-5417;13994;12690
13;M3_cued_target;Stopped;1247838;-4378;-5417;13994;12690
13;M3_cued_target;Stopped;1247855;-4378;-5417;13994;12690
13;M3_cued_target;Stopped;1247867;-4378;-5417;13994;12690
13;M3_cued_target;Stopped;1247885;-4378;-5417;13994;12690
13;M3_cued_target;Stopped;1247901;-4378;-5417;13994;12690
13;M3_cued_target;Stopped;1247918;-4378;-5417;13994;12690
13;M3_cued_target;Stopped;1247935;-4378;-5417;13994;12690
13;M3_cued_target;Stopped;1247951;-4378;-5417;13994;12690
13;M3_cued_target;Stopped;1247968;-4378;-5417;13994;12690
13;M3_cued_target;Stopped;1247985;-4378;-5417;13994;12690
13;M3_cued_target;Stopped;1248001;-4378;-5417;13994;12690
13;M3_cued_target;Stopped;1248018;-4378;-5417;13994;12690
13;M3_cued_target;End;1262795;-4378;-5417;13994;12690
14;L2_hidden_target;Begin;1262795;6999;-7000;0;0
14;L2_hidden_target;Stopped;1310816;-4339;-5418;27120;11449
14;L2_hidden_target;Stopped;1310833;-4339;-5418;27120;11449
14;L2_hidden_target;Stopped;1310850;-4339;-5418;27120;11449
14;L2_hidden_target;Stopped;1310866;-4339;-5418;27120;11449
14;L2_hidden_target;Stopped;1310883;-4339;-5418;27120;11449
14;L2_hidden_target;Stopped;1310900;-4339;-5418;27120;11449
14;L2_hidden_target;Stopped;1310916;-4339;-5418;27120;11449
14;L2_hidden_target;Stopped;1310933;-4339;-5418;27120;11449
14;L2_hidden_target;Stopped;1310950;-4339;-5418;27120;11449
14;L2_hidden_target;Stopped;1310966;-4339;-5418;27120;11449
14;L2_hidden_target;Stopped;1310983;-4339;-5418;27120;11449
14;L2_hidden_target;Stopped;1311000;-4339;-5418;27120;11449
14;L2_hidden_target;End;1325845;-4339;-5418;27120;11449
15;M1_cued_target;Begin;1325845;6999;6999;0;0
15;M1_cued_target;Stopped;1462016;-3684;-5674;30172;16576
15;M1_cued_target;Stopped;1462033;-3684;-5674;30172;16576
15;M1_cued_target;Stopped;1462050;-3684;-5674;30172;16576
15;M1_cued_target;Stopped;1462067;-3684;-5674;30172;16576
15;M1_cued_target;Stopped;1462083;-3684;-5674;30172;16576
15;M1_cued_target;Stopped;1462100;-3684;-5674;30172;16576
15;M1_cued_target;Stopped;1462117;-3684;-5674;30172;16576
15;M1_cued_target;Stopped;1462133;-3684;-5674;30172;16576
15;M1_cued_target;Stopped;1462150;-3684;-5674;30172;16576
15;M1_cued_target;Stopped;1462167;-3684;-5674;30172;16576
15;M1_cued_target;Stopped;1462183;-3684;-5674;30172;16576
15;M1_cued_target;Stopped;1462200;-3684;-5674;30172;16576
15;M1_cued_target;Stopped;1462217;-3684;-5674;30172;16576
15;M1_cued_target;End;1477044;-3684;-5674;30172;16576
16;L3_hidden_target;Begin;1477044;-7000;7000;0;0
16;L3_hidden_target;Stopped;1520931;-4568;-6704;21084;13918
16;L3_hidden_target;Stopped;1520948;-4568;-6704;21084;13918
16;L3_hidden_target;Stopped;1520965;-4568;-6704;21084;13918
16;L3_hidden_target;Stopped;1520981;-4568;-6704;21084;13918
16;L3_hidden_target;Stopped;1520998;-4568;-6704;21084;13918
16;L3_hidden_target;Stopped;1521015;-4568;-6704;21084;13918
16;L3_hidden_target;Stopped;1521031;-4568;-6704;21084;13918
16;L3_hidden_target;Stopped;1521048;-4568;-6704;21084;13918
16;L3_hidden_target;Stopped;1521065;-4568;-6704;21084;13918
16;L3_hidden_target;Stopped;1521081;-4568;-6704;21084;13918
16;L3_hidden_target;End;1535960;-4568;-6704;21084;13918
16;L3_hidden_target;Begin;1535960;-4568;-6704;21084;13918
