1;M3_cued_target;End;85815;-4472;-5418;14276;12672
2;L1_hidden_target;Begin;85815;7000;6999;0;0
2;L1_hidden_target;Stopped;177171;-4365;-5419;44376;16834
2;L1_hidden_target;Stopped;177189;-4365;-5419;44376;16834
2;L1_hidden_target;Stopped;177205;-4365;-5419;44376;16834
2;L1_hidden_target;Stopped;177221;-4365;-5419;44376;16834
2;L1_hidden_target;Stopped;177238;-4365;-5419;44376;16834
2;L1_hidden_target;Stopped;177255;-4365;-5419;44376;16834
2;L1_hidden_target;Stopped;177271;-4365;-5419;44376;16834
2;L1_hidden_target;Stopped;177289;-4365;-5419;44376;16834
2;L1_hidden_target;Stopped;177305;-4365;-5419;44376;16834
2;L1_hidden_target;Stopped;177321;-4365;-5419;44376;16834
2;L1_hidden_target;Stopped;177338;-4365;-5419;44376;16834
2;L1_hidden_target;Stopped;177355;-4365;-5419;44376;16834
2;L1_hidden_target;Stopped;177371;-4365;-5419;44376;16834
2;L1_hidden_target;Stopped;177388;-4365;-5419;44376;16834
2;L1_hidden_target;Stopped;177405;-4365;-5419;44376;16834
2;L1_hidden_target;Stopped;177421;-4365;-5419;44376;16834
2;L1_hidden_target;End;192199;-4365;-5419;44376;16834
3;M1_cued_target;Begin;192199;6999;7000;0;0
3;M1_cued_target;Stopped;292200;-3681;-5911;21627;16756
3;M1_cued_target;Stopped;292216;-3681;-5911;21627;16756
3;M1_cued_target;Stopped;292237;-3681;-5911;21627;16756
3;M1_cued_target;Stopped;292251;-3681;-5911;21627;16756
3;M1_cued_target;Stopped;292267;-3681;-5911;21627;16756
3;M1_cued_target;Stopped;292283;-3681;-5911;21627;16756
3;M1_cued_target;Stopped;292300;-3681;-5911;21627;16756
3;M1_cued_target;Stopped;292316;-3681;-5911;21627;16756
3;M1_cued_target;Stopped;292333;-3681;-5911;21627;16756
3;M1_cued_target;Stopped;292350;-3681;-5911;21627;16756
3;M1_cued_target;Stopped;292366;-3681;-5911;21627;16756
3;M1_cued_target;Stopped;292383;-3681;-5911;21627;16756
3;M1_cued_target;Stopped;292400;-3681;-5911;21627;16756
3;M1_cued_target;Stopped;292416;-3681;-5911;21627;16756
3;M1_cued_target;Stopped;292433;-3681;-5911;21627;16756
3;M1_cued_target;Stopped;292450;-3681;-5911;21627;16756
3;M1_cued_target;Stopped;292466;-3681;-5911;21627;16756
3;M1_cued_target;End;307228;-3681;-5911;21627;16756
4;L2_hidden_target;Begin;307228;7000;-7000;0;0
4;L2_hidden_target;Stopped;348317;-3682;-6227;15940;10710
4;L2_hidden_target;Stopped;348334;-3682;-6227;15940;10710
4;L2_hidden_target;Stopped;348350;-3682;-6227;15940;10710
4;L2_hidden_target;Stopped;348367;-3682;-6227;15940;10710
4;L2_hidden_target;Stopped;348384;-3682;-6227;15940;10710
4;L2_hidden_target;Stopped;348406;-3682;-6227;15940;10710
4;L2_hidden_target;Stopped;348421;-3682;-6227;15940;10710
4;L2_hidden_target;Stopped;348437;-3682;-6227;15940;10710
4;L2_hidden_target;Stopped;348451;-3682;-6227;15940;10710
4;L2_hidden_target;Stopped;348468;-3682;-6227;15940;10710
4;L2_hidden_target;Stopped;348485;-3682;-6227;15940;10710
4;L2_hidden_target;Stopped;348501;-3682;-6227;15940;10710
4;L2_hidden_target;Stopped;348534;-3682;-6227;15940;10710
4;L2_hidden_target;Stopped;348551;-3682;-6227;15940;10710
4;L2_hidden_target;Stopped;348568;-3682;-6227;15940;10710
4;L2_hidden_target;Stopped;348585;-3682;-6227;15940;10710
4;L2_hidden_target;End;363346;-3682;-6227;15940;10710
5;M2_cued_target;Begin;363346;7000;-7000;0;0
5;M2_cued_target;Stopped;419059;-3681;-6250;11236;10707
5;M2_cued_target;Stopped;419076;-3681;-6250;11236;10707
5;M2_cued_target;Stopped;419094;-3681;-6250;11236;10707
5;M2_cued_target;Stopped;419110;-3681;-6250;11236;10707
5;M2_cued_target;Stopped;419126;-3681;-6250;11236;10707
5;M2_cued_target;Stopped;419144;-3681;-6250;11236;10707
5;M2_cued_target;Stopped;419160;-3681;-6250;11236;10707
5;M2_cued_target;Stopped;419176;-3681;-6250;11236;10707
5;M2_cued_target;Stopped;419193;-3681;-6250;11236;10707
5;M2_cued_target;Stopped;419210;-3681;-6250;11236;10707
5;M2_cued_target;Stopped;419226;-3681;-6250;11236;10707
5;M2_cued_target;Stopped;419243;-3681;-6250;11236;10707
5;M2_cued_target;Stopped;419260;-3681;-6250;11236;10707
5;M2_cued_target;Stopped;419276;-3681;-6250;11236;10707
5;M2_cued_target;Stopped;419293;-3681;-6250;11236;10707
5;M2_cued_target;Stopped;419310;-3681;-6250;11236;10707
5;M2_cued_target;Stopped;419326;-3681;-6250;11236;10707
5;M2_cued_target;End;434088;-3681;-6250;11236;10707
6;L3_hidden_target;Begin;434088;-7000;7000;0;0
6;L3_hidden_target;Stopped;459981;-4802;-5417;13599;12610
6;L3_hidden_target;Stopped;459997;-4802;-5417;13599;12610
6;L3_hidden_target;Stopped;460014;-4802;-5417;13599;12610
6;L3_hidden_target;Stopped;460031;-4802;-5417;13599;12610
6;L3_hidden_target;Stopped;460047;-4802;-5417;13599;12610
6;L3_hidden_target;Stopped;460064;-4802;-5417;13599;12610
6;L3_hidden_target;Stopped;460081;-4802;-5417;13599;12610
6;L3_hidden_target;Stopped;460098;-4802;-5417;13599;12610
6;L3_hidden_target;Stopped;460115;-4802;-5417;13599;12610
6;L3_hidden_target;Stopped;460131;-4802;-5417;13599;12610
6;L3_hidden_target;Stopped;460148;-4802;-5417;13599;12610
6;L3_hidden_target;Stopped;460164;-4802;-5417;13599;12610
6;L3_hidden_target;Stopped;460181;-4802;-5417;13599;12610
6;L3_hidden_target;Stopped;460198;-4802;-5417;13599;12610
6;L3_hidden_target;End;475009;-4802;-5417;13599;12610
7;M1_cued_target;Begin;475009;7000;7000;0;0
7;M1_cued_target;Stopped;616581;-3681;-5910;31131;16755
7;M1_cued_target;Stopped;616597;-3681;-5910;31131;16755
7;M1_cued_target;Stopped;616617;-3681;-5910;31131;16755
7;M1_cued_target;Stopped;616633;-3681;-5910;31131;16755
7;M1_cued_target;Stopped;616647;-3681;-5910;31131;16755
7;M1_cued_target;Stopped;616664;-3681;-5910;31131;16755
7;M1_cued_target;Stopped;616680;-3681;-5910;31131;16755
7;M1_cued_target;Stopped;616697;-3681;-5910;31131;16755
7;M1_cued_target;Stopped;616718;-3681;-5910;31131;16755
7;M1_cued_target;Stopped;616734;-3681;-5910;31131;16755
7;M1_cued_target;Stopped;616751;-3681;-5910;31131;16755
7;M1_cued_target;Stopped;616764;-3681;-5910;31131;16755
7;M1_cued_target;Stopped;616781;-3681;-5910;31131;16755
7;M1_cued_target;Stopped;616796;-3681;-5910;31131;16755
7;M1_cued_target;Stopped;616813;-3681;-5910;31131;16755
7;M1_cued_target;End;631609;-3681;-5910;31131;16755
8;L2_hidden_target;Begin;631609;7000;-7000;0;0
8;L2_hidden_target;Stopped;657906;-3681;-5893;13308;10738
8;L2_hidden_target;Stopped;657919;-3681;-5893;13308;10738
8;L2_hidden_target;Stopped;657935;-3681;-5893;13308;10738
8;L2_hidden_target;Stopped;657951;-3681;-5893;13308;10738
8;L2_hidden_target;Stopped;657968;-3681;-5893;13308;10738
8;L2_hidden_target;Stopped;657985;-3681;-5893;13308;10738
8;L2_hidden_target;Stopped;658001;-3681;-5893;13308;10738
8;L2_hidden_target;Stopped;658017;-3681;-5893;13308;10738
8;L2_hidden_target;Stopped;658035;-3681;-5893;13308;10738
8;L2_hidden_target;Stopped;658052;-3681;-5893;13308;10738
8;L2_hidden_target;Stopped;658069;-3681;-5893;13308;10738
8;L2_hidden_target;Stopped;658085;-3681;-5893;13308;10738
8;L2_hidden_target;Stopped;658103;-3681;-5893;13308;10738
8;L2_hidden_target;Stopped;658119;-3681;-5893;13308;10738
8;L2_hidden_target;Stopped;658135;-3681;-5893;13308;10738
8;L2_hidden_target;Stopped;658153;-3681;-5893;13308;10738
8;L2_hidden_target;End;672931;-3681;-5893;13308;10738
9;M3_cued_target;Begin;672931;-7000;6999;0;0
9;M3_cued_target;Stopped;785543;-3806;-5423;24649;12827
9;M3_cued_target;Stopped;785560;-3806;-5423;24649;12827
9;M3_cued_target;Stopped;785577;-3806;-5423;24649;12827
9;M3_cued_target;Stopped;785593;-3806;-5423;24649;12827
9;M3_cued_target;Stopped;785610;-3806;-5423;24649;12827
9;M3_cued_target;Stopped;785627;-3806;-5423;24649;12827
9;M3_cued_target;Stopped;785643;-3806;-5423;24649;12827
9;M3_cued_target;Stopped;785664;-3806;-5423;24649;12827
9;M3_cued_target;Stopped;785680;-3806;-5423;24649;12827
9;M3_cued_target;Stopped;785694;-3806;-5423;24649;12827
9;M3_cued_target;Stopped;785711;-3806;-5423;24649;12827
9;M3_cued_target;Stopped;785731;-3806;-5423;24649;12827
9;M3_cued_target;Stopped;785743;-3806;-5423;24649;12827
9;M3_cued_target;Stopped;785760;-3806;-5423;24649;12827
9;M3_cued_target;Stopped;785777;-3806;-5423;24649;12827
9;M3_cued_target;Stopped;785793;-3806;-5423;24649;12827
9;M3_cued_target;End;800572;-3806;-5423;24649;12827
10;L1_hidden_target;Begin;800572;7000;7000;0;0
10;L1_hidden_target;Stopped;835630;-3681;-6296;19871;17055
10;L1_hidden_target;Stopped;835646;-3681;-6296;19871;17055
10;L1_hidden_target;Stopped;835662;-3681;-6296;19871;17055
10;L1_hidden_target;Stopped;835680;-3681;-6296;19871;17055
10;L1_hidden_target;Stopped;835696;-3681;-6296;19871;17055
10;L1_hidden_target;Stopped;835712;-3681;-6296;19871;17055
10;L1_hidden_target;Stopped;835730;-3681;-6296;19871;17055
10;L1_hidden_target;Stopped;835746;-3681;-6296;19871;17055
10;L1_hidden_target;Stopped;835762;-3681;-6296;19871;17055
10;L1_hidden_target;Stopped;835780;-3681;-6296;19871;17055
10;L1_hidden_target;Stopped;835796;-3681;-6296;19871;17055
10;L1_hidden_target;Stopped;835812;-3681;-6296;19871;17055
10;L1_hidden_target;Stopped;835830;-3681;-6296;19871;17055
10;L1_hidden_target;End;850658;-3681;-6296;19871;17055
11;M2_cued_target;Begin;850658;7000;-7000;0;0
11;M2_cued_target;Stopped;912553;-3683;-6060;12731;10724
11;M2_cued_target;Stopped;912570;-3683;-6060;12731;10724
11;M2_cued_target;Stopped;912586;-3683;-6060;12731;10724
11;M2_cued_target;Stopped;912603;-3683;-6060;12731;10724
11;M2_cued_target;Stopped;912624;-3683;-6060;12731;10724
11;M2_cued_target;Stopped;912639;-3683;-6060;12731;10724
11;M2_cued_target;Stopped;912654;-3683;-6060;12731;10724
11;M2_cued_target;Stopped;912670;-3683;-6060;12731;10724
11;M2_cued_target;Stopped;912687;-3683;-6060;12731;10724
11;M2_cued_target;Stopped;912703;-3683;-6060;12731;10724
11;M2_cued_target;Stopped;912720;-3683;-6060;12731;10724
11;M2_cued_target;Stopped;912736;-3683;-6060;12731;10724
11;M2_cued_target;Stopped;912753;-3683;-6060;12731;10724
11;M2_cued_target;Stopped;912770;-3683;-6060;12731;10724
11;M2_cued_target;Stopped;912787;-3683;-6060;12731;10724
11;M2_cued_target;End;927582;-3683;-6060;12731;10724
12;L3_hidden_target;Begin;927582;-7000;7000;0;0
12;L3_hidden_target;Stopped;955790;-4556;-5419;13131;12657
12;L3_hidden_target;Stopped;955807;-4556;-5419;13131;12657
12;L3_hidden_target;Stopped;955824;-4556;-5419;13131;12657
12;L3_hidden_target;Stopped;955840;-4556;-5419;13131;12657
12;L3_hidden_target;Stopped;955857;-4556;-5419;13131;12657
12;L3_hidden_target;Stopped;955874;-4556;-5419;13131;12657
12;L3_hidden_target;Stopped;955895;-4556;-5419;13131;12657
12;L3_hidden_target;Stopped;955910;-4556;-5419;13131;12657
12;L3_hidden_target;Stopped;955927;-4556;-5419;13131;12657
12;L3_hidden_target;Stopped;955940;-4556;-5419;13131;12657
12;L3_hidden_target;Stopped;955957;-4556;-5419;13131;12657
12;L3_hidden_target;Stopped;955973;-4556;-5419;13131;12657
12;L3_hidden_target;Stopped;955990;-4556;-5419;13131;12657
12;L3_hidden_target;Stopped;956007;-4556;-5419;13131;12657
12;L3_hidden_target;Stopped;956023;-4556;-5419;13131;12657
12;L3_hidden_target;End;970819;-4556;-5419;13131;12657
13;M3_cued_target;Begin;970819;-7000;7000;0;0
13;M3_cued_target;Stopped;1052976;-4006;-5421;18018;12777
13;M3_cued_target;Stopped;1052992;-4006;-5421;18018;12777
13;M3_cued_target;Stopped;1053008;-4006;-5421;18018;12777
13;M3_cued_target;Stopped;1053025;-4006;-5421;18018;12777
13;M3_cued_target;Stopped;1053042;-4006;-5421;18018;12777
13;M3_cued_target;Stopped;1053058;-4006;-5421;18018;12777
13;M3_cued_target;Stopped;1053075;-4006;-5421;18018;12777
13;M3_cued_target;Stopped;1053092;-4006;-5421;18018;12777
13;M3_cued_target;Stopped;1053108;-4006;-5421;18018;12777
13;M3_cued_target;Stopped;1053125;-4006;-5421;18018;12777
13;M3_cued_target;Stopped;1053142;-4006;-5421;18018;12777
13;M3_cued_target;Stopped;1053158;-4006;-5421;18018;12777
13;M3_cued_target;Stopped;1053175;-4006;-5421;18018;12777
13;M3_cued_target;Stopped;1053192;-4006;-5421;18018;12777
13;M3_cued_target;End;1068004;-4006;-5421;18018;12777
14;L2_hidden_target;Begin;1068004;7000;-7000;0;0
14;L2_hidden_target;Stopped;1099295;-4289;-5420;14617;11399
14;L2_hidden_target;Stopped;1099312;-4289;-5420;14617;11399
14;L2_hidden_target;Stopped;1099329;-4289;-5420;14617;11399
14;L2_hidden_target;Stopped;1099345;-4289;-5420;14617;11399
14;L2_hidden_target;Stopped;1099362;-4289;-5420;14617;11399
14;L2_hidden_target;Stopped;1099379;-4289;-5420;14617;11399
14;L2_hidden_target;Stopped;1099395;-4289;-5420;14617;11399
14;L2_hidden_target;Stopped;1099412;-4289;-5420;14617;11399
14;L2_hidden_target;Stopped;1099429;-4289;-5420;14617;11399
14;L2_hidden_target;Stopped;1099445;-4289;-5420;14617;11399
14;L2_hidden_target;Stopped;1099462;-4289;-5420;14617;11399
14;L2_hidden_target;Stopped;1099479;-4289;-5420;14617;11399
14;L2_hidden_target;Stopped;1099512;-4289;-5420;14617;11399
14;L2_hidden_target;End;1114324;-4289;-5420;14617;11399
15;M1_cued_target;Begin;1114324;7000;7000;0;0
15;M1_cued_target;Stopped;1223688;-4281;-5418;20685;16777
15;M1_cued_target;Stopped;1223704;-4281;-5418;20685;16777
15;M1_cued_target;Stopped;1223721;-4281;-5418;20685;16777
15;M1_cued_target;Stopped;1223738;-4281;-5418;20685;16777
15;M1_cued_target;Stopped;1223754;-4281;-5418;20685;16777
15;M1_cued_target;Stopped;1223772;-4281;-5418;20685;16777
15;M1_cued_target;Stopped;1223788;-4281;-5418;20685;16777
15;M1_cued_target;Stopped;1223804;-4281;-5418;20685;16777
15;M1_cued_target;Stopped;1223822;-4281;-5418;20685;16777
15;M1_cued_target;Stopped;1223838;-4281;-5418;20685;16777
15;M1_cued_target;Stopped;1223854;-4281;-5418;20685;16777
15;M1_cued_target;Stopped;1223872;-4281;-5418;20685;16777
15;M1_cued_target;Stopped;1223888;-4281;-5418;20685;16777
15;M1_cued_target;Stopped;1223904;-4281;-5418;20685;16777
15;M1_cued_target;Stopped;1223922;-4281;-5418;20685;16777
15;M1_cued_target;Stopped;1223938;-4281;-5418;20685;16777
15;M1_cued_target;Stopped;1223954;-4281;-5418;20685;16777
15;M1_cued_target;Stopped;1223972;-4281;-5418;20685;16777
15;M1_cued_target;Stopped;1223988;-4281;-5418;20685;16777
15;M1_cued_target;End;1238716;-4281;-5418;20685;16777
16;L3_hidden_target;Begin;1238716;-7000;7000;0;0
16;L3_hidden_target;Stopped;1264709;-4964;-5632;13510;12795
16;L3_hidden_target;Stopped;1264726;-4964;-5632;13510;12795
16;L3_hidden_target;Stopped;1264743;-4964;-5632;13510;12795
16;L3_hidden_target;Stopped;1264760;-4964;-5632;13510;12795
16;L3_hidden_target;Stopped;1264780;-4964;-5632;13510;12795
16;L3_hidden_target;Stopped;1264797;-4964;-5632;13510;12795
16;L3_hidden_target;Stopped;1264809;-4964;-5632;13510;12795
16;L3_hidden_target;Stopped;1264826;-4964;-5632;13510;12795
16;L3_hidden_target;Stopped;1264842;-4964;-5632;13510;12795
16;L3_hidden_target;Stopped;1264859;-4964;-5632;13510;12795
16;L3_hidden_target;Stopped;1264876;-4964;-5632;13510;12795
16;L3_hidden_target;Stopped;1264892;-4964;-5632;13510;12795
16;L3_hidden_target;Stopped;1264909;-4964;-5632;13510;12795
16;L3_hidden_target;Stopped;1264925;-4964;-5632;13510;12795
16;L3_hidden_target;Stopped;1264942;-4964;-5632;13510;12795
16;L3_hidden_target;End;1279737;-4964;-5632;13510;12795
16;L3_hidden_target;Begin;1279737;-4964;-5632;13510;12795
