1;M3_cued_target;Stopped;339194;-3686;-5647;50752;13074
1;M3_cued_target;Stopped;339207;-3686;-5647;50752;13074
1;M3_cued_target;Stopped;339224;-3686;-5647;50752;13074
1;M3_cued_target;Stopped;339240;-3686;-5647;50752;13074
1;M3_cued_target;Stopped;339257;-3686;-5647;50752;13074
1;M3_cued_target;Stopped;339274;-3686;-5647;50752;13074
1;M3_cued_target;Stopped;339290;-3686;-5647;50752;13074
1;M3_cued_target;Stopped;339307;-3686;-5647;50752;13074
1;M3_cued_target;Stopped;339324;-3686;-5647;50752;13074
1;M3_cued_target;Stopped;339773;-3686;-5647;50752;13074
1;M3_cued_target;Stopped;339790;-3686;-5647;50752;13074
1;M3_cued_target;Stopped;339807;-3686;-5647;50752;13074
1;M3_cued_target;Stopped;339823;-3686;-5647;50752;13074
1;M3_cued_target;Stopped;339840;-3686;-5647;50752;13074
1;M3_cued_target;Stopped;339857;-3686;-5647;50752;13074
1;M3_cued_target;Stopped;339873;-3686;-5647;50752;13074
1;M3_cued_target;Stopped;339890;-3686;-5647;50752;13074
1;M3_cued_target;Stopped;339907;-3686;-5647;50752;13074
1;M3_cued_target;Stopped;339923;-3686;-5647;50752;13074
1;M3_cued_target;Stopped;339940;-3686;-5647;50752;13074
1;M3_cued_target;Stopped;339961;-3686;-5647;50752;13074
1;M3_cued_target;Stopped;339977;-3686;-5647;50752;13074
1;M3_cued_target;Stopped;339990;-3686;-5647;50752;13074
1;M3_cued_target;Stopped;340007;-3686;-5647;50752;13074
1;M3_cued_target;Stopped;340023;-3686;-5647;50752;13074
1;M3_cued_target;Stopped;340040;-3686;-5647;50752;13074
1;M3_cued_target;Stopped;340057;-3686;-5647;50752;13074
1;M3_cued_target;Stopped;340073;-3686;-5647;50752;13074
1;M3_cued_target;Stopped;340090;-3686;-5647;50752;13074
1;M3_cued_target;Stopped;340107;-3686;-5647;50752;13074
1;M3_cued_target;Stopped;340124;-3686;-5647;50752;13074
1;M3_cued_target;Stopped;340140;-3686;-5647;50752;13074
1;M3_cued_target;Stopped;340157;-3686;-5647;50752;13074
1;M3_cued_target;Stopped;340173;-3686;-5647;50752;13074
1;M3_cued_target;Stopped;340190;-3686;-5647;50752;13074
1;M3_cued_target;Stopped;340207;-3686;-5647;50752;13074
1;M3_cued_target;Stopped;343905;-3686;-5647;50752;13074
1;M3_cued_target;Stopped;343922;-3686;-5647;50752;13074
1;M3_cued_target;Stopped;343939;-3686;-5647;50752;13074
1;M3_cued_target;Stopped;343955;-3686;-5647;50752;13074
1;M3_cued_target;Stopped;343972;-3686;-5647;50752;13074
1;M3_cued_target;Stopped;343993;-3686;-5647;50752;13074
1;M3_cued_target;Stopped;344006;-3686;-5647;50752;13074
1;M3_cued_target;Stopped;344022;-3686;-5647;50752;13074
1;M3_cued_target;Stopped;344039;-3686;-5647;50752;13074
1;M3_cued_target;Stopped;344056;-3686;-5647;50752;13074
1;M3_cued_target;Stopped;344072;-3686;-5647;50752;13074
1;M3_cued_target;Stopped;344089;-3686;-5647;50752;13074
1;M3_cued_target;Stopped;344106;-3686;-5647;50752;13074
1;M3_cued_target;Stopped;344122;-3686;-5647;50752;13074
1;M3_cued_target;Stopped;344139;-3686;-5647;50752;13074
1;M3_cued_target;Stopped;344155;-3686;-5647;50752;13074
1;M3_cued_target;Stopped;344172;-3686;-5647;50752;13074
1;M3_cued_target;Stopped;344189;-3686;-5647;50752;13074
1;M3_cued_target;Stopped;344205;-3686;-5647;50752;13074
1;M3_cued_target;Stopped;344222;-3686;-5647;50752;13074
1;M3_cued_target;Stopped;344239;-3686;-5647;50752;13074
1;M3_cued_target;Stopped;344256;-3686;-5647;50752;13074
1;M3_cued_target;Stopped;344272;-3686;-5647;50752;13074
1;M3_cued_target;Stopped;344289;-3686;-5647;50752;13074
1;M3_cued_target;Stopped;344309;-3686;-5647;50752;13074
1;M3_cued_target;Stopped;344326;-3686;-5647;50752;13074
1;M3_cued_target;Stopped;344339;-3686;-5647;50752;13074
1;M3_cued_target;Stopped;344356;-3686;-5647;50752;13074
1;M3_cued_target;Stopped;344372;-3686;-5647;50752;13074
1;M3_cued_target;Stopped;344389;-3686;-5647;50752;13074
1;M3_cued_target;Stopped;344405;-3686;-5647;50752;13074
1;M3_cued_target;Stopped;344422;-3686;-5647;50752;13074
1;M3_cued_target;End;354219;-3686;-5647;50752;13074
2;L2_hidden_target;Begin;354219;6999;-7000;0;0
2;L2_hidden_target;Stopped;405305;-4767;-6701;14023;11771
2;L2_hidden_target;Stopped;405322;-4767;-6701;14023;11771
2;L2_hidden_target;Stopped;405339;-4767;-6701;14023;11771
2;L2_hidden_target;Stopped;405355;-4767;-6701;14023;11771
2;L2_hidden_target;Stopped;405372;-4767;-6701;14023;11771
2;L2_hidden_target;Stopped;405389;-4767;-6701;14023;11771
2;L2_hidden_target;Stopped;405405;-4767;-6701;14023;11771
2;L2_hidden_target;Stopped;405422;-4767;-6701;14023;11771
2;L2_hidden_target;Stopped;405439;-4767;-6701;14023;11771
2;L2_hidden_target;Stopped;405455;-4767;-6701;14023;11771
2;L2_hidden_target;Stopped;405472;-4767;-6701;14023;11771
2;L2_hidden_target;Stopped;405489;-4767;-6701;14023;11771
2;L2_hidden_target;Stopped;405505;-4767;-6701;14023;11771
2;L2_hidden_target;Stopped;405539;-4767;-6701;14023;11771
2;L2_hidden_target;Stopped;405555;-4767;-6701;14023;11771
2;L2_hidden_target;Stopped;405572;-4767;-6701;14023;11771
2;L2_hidden_target;Stopped;405589;-4767;-6701;14023;11771
2;L2_hidden_target;Stopped;405605;-4767;-6701;14023;11771
2;L2_hidden_target;Stopped;405622;-4767;-6701;14023;11771
2;L2_hidden_target;Stopped;405639;-4767;-6701;14023;11771
2;L2_hidden_target;Stopped;405655;-4767;-6701;14023;11771
2;L2_hidden_target;Stopped;405672;-4767;-6701;14023;11771
2;L2_hidden_target;Stopped;405689;-4767;-6701;14023;11771
2;L2_hidden_target;Stopped;405705;-4767;-6701;14023;11771
2;L2_hidden_target;End;420334;-4767;-6701;14023;11771
3;M1_cued_target;Begin;420334;7000;7000;0;0
3;M1_cued_target;Stopped;522821;-4135;-5416;19995;16678
3;M1_cued_target;Stopped;522834;-4135;-5416;19995;16678
3;M1_cued_target;Stopped;522851;-4135;-5416;19995;16678
3;M1_cued_target;Stopped;522868;-4135;-5416;19995;16678
3;M1_cued_target;Stopped;522885;-4135;-5416;19995;16678
3;M1_cued_target;Stopped;522901;-4135;-5416;19995;16678
3;M1_cued_target;Stopped;522918;-4135;-5416;19995;16678
3;M1_cued_target;Stopped;522934;-4135;-5416;19995;16678
3;M1_cued_target;Stopped;522951;-4135;-5416;19995;16678
3;M1_cued_target;Stopped;522968;-4135;-5416;19995;16678
3;M1_cued_target;Stopped;522985;-4135;-5416;19995;16678
3;M1_cued_target;Stopped;523001;-4135;-5416;19995;16678
3;M1_cued_target;Stopped;523018;-4135;-5416;19995;16678
3;M1_cued_target;Stopped;523034;-4135;-5416;19995;16678
3;M1_cued_target;Stopped;523050;-4135;-5416;19995;16678
3;M1_cued_target;End;537845;-4135;-5416;19995;16678
4;L2_hidden_target;Begin;537845;6999;-7000;0;0
4;L2_hidden_target;Stopped;1045257;-4969;-6035;248504;12008
4;L2_hidden_target;Stopped;1045273;-4969;-6035;248504;12008
4;L2_hidden_target;Stopped;1045291;-4969;-6035;248504;12008
4;L2_hidden_target;Stopped;1045311;-4969;-6035;248504;12008
4;L2_hidden_target;Stopped;1045323;-4969;-6035;248504;12008
4;L2_hidden_target;Stopped;1045340;-4969;-6035;248504;12008
4;L2_hidden_target;Stopped;1045356;-4969;-6035;248504;12008
4;L2_hidden_target;Stopped;1045373;-4969;-6035;248504;12008
4;L2_hidden_target;Stopped;1045390;-4969;-6035;248504;12008
4;L2_hidden_target;Stopped;1045407;-4969;-6035;248504;12008
4;L2_hidden_target;Stopped;1045423;-4969;-6035;248504;12008
4;L2_hidden_target;Stopped;1045440;-4969;-6035;248504;12008
4;L2_hidden_target;Stopped;1045456;-4969;-6035;248504;12008
4;L2_hidden_target;Stopped;1045474;-4969;-6035;248504;12008
4;L2_hidden_target;Stopped;1045491;-4969;-6035;248504;12008
4;L2_hidden_target;Stopped;1045524;-4969;-6035;248504;12008
4;L2_hidden_target;Stopped;1045540;-4969;-6035;248504;12008
4;L2_hidden_target;End;1060286;-4969;-6035;248504;12008
5;M2_cued_target;Begin;1060286;7000;-7000;0;0
5;M2_cued_target;Stopped;1113884;-3682;-6361;10875;10701
5;M2_cued_target;Stopped;1113901;-3682;-6361;10875;10701
5;M2_cued_target;Stopped;1113918;-3682;-6361;10875;10701
5;M2_cued_target;Stopped;1113934;-3682;-6361;10875;10701
5;M2_cued_target;Stopped;1113951;-3682;-6361;10875;10701
5;M2_cued_target;Stopped;1113968;-3682;-6361;10875;10701
5;M2_cued_target;Stopped;1113984;-3682;-6361;10875;10701
5;M2_cued_target;Stopped;1114001;-3682;-6361;10875;10701
5;M2_cued_target;Stopped;1114018;-3682;-6361;10875;10701
5;M2_cued_target;Stopped;1114035;-3682;-6361;10875;10701
5;M2_cued_target;Stopped;1114052;-3682;-6361;10875;10701
5;M2_cued_target;Stopped;1114068;-3682;-6361;10875;10701
5;M2_cued_target;Stopped;1114085;-3682;-6361;10875;10701
5;M2_cued_target;Stopped;1114102;-3682;-6361;10875;10701
5;M2_cued_target;Stopped;1114118;-3682;-6361;10875;10701
5;M2_cued_target;Stopped;1114135;-3682;-6361;10875;10701
5;M2_cued_target;End;1128913;-3682;-6361;10875;10701
6;L2_hidden_target;Begin;1128913;7000;-7000;0;0
6;L2_hidden_target;Stopped;1192594;-4139;-6754;23155;11142
6;L2_hidden_target;Stopped;1192611;-4139;-6754;23155;11142
6;L2_hidden_target;Stopped;1192628;-4139;-6754;23155;11142
6;L2_hidden_target;Stopped;1192644;-4139;-6754;23155;11142
6;L2_hidden_target;Stopped;1192661;-4139;-6754;23155;11142
6;L2_hidden_target;Stopped;1192678;-4139;-6754;23155;11142
6;L2_hidden_target;Stopped;1192694;-4139;-6754;23155;11142
6;L2_hidden_target;Stopped;1192711;-4139;-6754;23155;11142
6;L2_hidden_target;Stopped;1192728;-4139;-6754;23155;11142
6;L2_hidden_target;Stopped;1192744;-4139;-6754;23155;11142
6;L2_hidden_target;Stopped;1192761;-4139;-6754;23155;11142
6;L2_hidden_target;Stopped;1192777;-4139;-6754;23155;11142
6;L2_hidden_target;Stopped;1192794;-4139;-6754;23155;11142
6;L2_hidden_target;Stopped;1192811;-4139;-6754;23155;11142
6;L2_hidden_target;Stopped;1192827;-4139;-6754;23155;11142
6;L2_hidden_target;Stopped;1192844;-4139;-6754;23155;11142
6;L2_hidden_target;Stopped;1192861;-4139;-6754;23155;11142
6;L2_hidden_target;Stopped;1192878;-4139;-6754;23155;11142
6;L2_hidden_target;Stopped;1192894;-4139;-6754;23155;11142
6;L2_hidden_target;Stopped;1192911;-4139;-6754;23155;11142
6;L2_hidden_target;Stopped;1192928;-4139;-6754;23155;11142
6;L2_hidden_target;Stopped;1192944;-4139;-6754;23155;11142
6;L2_hidden_target;Stopped;1192961;-4139;-6754;23155;11142
6;L2_hidden_target;Stopped;1192977;-4139;-6754;23155;11142
6;L2_hidden_target;Stopped;1192994;-4139;-6754;23155;11142
6;L2_hidden_target;Stopped;1193011;-4139;-6754;23155;11142
6;L2_hidden_target;Stopped;1193028;-4139;-6754;23155;11142
6;L2_hidden_target;Stopped;1193044;-4139;-6754;23155;11142
6;L2_hidden_target;Stopped;1193061;-4139;-6754;23155;11142
6;L2_hidden_target;Stopped;1193077;-4139;-6754;23155;11142
6;L2_hidden_target;End;1207623;-4139;-6754;23155;11142
7;M1_cued_target;Begin;1207623;6999;7000;0;0
7;M1_cued_target;Stopped;1301527;-3685;-5754;19148;16638
7;M1_cued_target;Stopped;1301543;-3685;-5754;19148;16638
7;M1_cued_target;Stopped;1301560;-3685;-5754;19148;16638
7;M1_cued_target;Stopped;1301577;-3685;-5754;19148;16638
7;M1_cued_target;Stopped;1301594;-3685;-5754;19148;16638
7;M1_cued_target;Stopped;1301610;-3685;-5754;19148;16638
7;M1_cued_target;Stopped;1301627;-3685;-5754;19148;16638
7;M1_cued_target;Stopped;1301643;-3685;-5754;19148;16638
7;M1_cued_target;Stopped;1301660;-3685;-5754;19148;16638
7;M1_cued_target;Stopped;1301677;-3685;-5754;19148;16638
7;M1_cued_target;Stopped;1301694;-3685;-5754;19148;16638
7;M1_cued_target;Stopped;1301710;-3685;-5754;19148;16638
7;M1_cued_target;Stopped;1301727;-3685;-5754;19148;16638
7;M1_cued_target;Stopped;1301743;-3685;-5754;19148;16638
7;M1_cued_target;Stopped;1301760;-3685;-5754;19148;16638
7;M1_cued_target;Stopped;1301777;-3685;-5754;19148;16638
7;M1_cued_target;Stopped;1301793;-3685;-5754;19148;16638
7;M1_cued_target;Stopped;1301810;-3685;-5754;19148;16638
7;M1_cued_target;Stopped;1301827;-3685;-5754;19148;16638
7;M1_cued_target;Stopped;1301843;-3685;-5754;19148;16638
7;M1_cued_target;Stopped;1301860;-3685;-5754;19148;16638
7;M1_cued_target;Stopped;1301877;-3685;-5754;19148;16638
7;M1_cued_target;End;1316555;-3685;-5754;19148;16638
8;L2_hidden_target;Begin;1316555;7000;-7000;0;0
8;L2_hidden_target;Stopped;1374939;-3683;-5958;16111;10734
8;L2_hidden_target;Stopped;1374956;-3683;-5958;16111;10734
8;L2_hidden_target;Stopped;1374972;-3683;-5958;16111;10734
8;L2_hidden_target;Stopped;1374989;-3683;-5958;16111;10734
8;L2_hidden_target;Stopped;1375006;-3683;-5958;16111;10734
8;L2_hidden_target;Stopped;1375022;-3683;-5958;16111;10734
8;L2_hidden_target;Stopped;1375039;-3683;-5958;16111;10734
8;L2_hidden_target;Stopped;1375056;-3683;-5958;16111;10734
8;L2_hidden_target;Stopped;1375072;-3683;-5958;16111;10734
8;L2_hidden_target;Stopped;1375089;-3683;-5958;16111;10734
8;L2_hidden_target;Stopped;1375106;-3683;-5958;16111;10734
8;L2_hidden_target;Stopped;1375122;-3683;-5958;16111;10734
8;L2_hidden_target;Stopped;1375139;-3683;-5958;16111;10734
8;L2_hidden_target;Stopped;1375156;-3683;-5958;16111;10734
8;L2_hidden_target;Stopped;1375172;-3683;-5958;16111;10734
8;L2_hidden_target;Stopped;1375189;-3683;-5958;16111;10734
8;L2_hidden_target;Stopped;1375206;-3683;-5958;16111;10734
8;L2_hidden_target;Stopped;1375222;-3683;-5958;16111;10734
8;L2_hidden_target;Stopped;1375239;-3683;-5958;16111;10734
8;L2_hidden_target;Stopped;1375256;-3683;-5958;16111;10734
8;L2_hidden_target;End;1389967;-3683;-5958;16111;10734
9;M3_cued_target;Begin;1389967;-7000;7000;0;0
9;M3_cued_target;Stopped;1519276;-3683;-5618;25097;13047
9;M3_cued_target;Stopped;1519293;-3683;-5618;25097;13047
9;M3_cued_target;Stopped;1519310;-3683;-5618;25097;13047
9;M3_cued_target;Stopped;1519326;-3683;-5618;25097;13047
9;M3_cued_target;Stopped;1519343;-3683;-5618;25097;13047
9;M3_cued_target;Stopped;1519360;-3683;-5618;25097;13047
9;M3_cued_target;Stopped;1519376;-3683;-5618;25097;13047
9;M3_cued_target;Stopped;1519393;-3683;-5618;25097;13047
9;M3_cued_target;Stopped;1519409;-3683;-5618;25097;13047
9;M3_cued_target;Stopped;1519426;-3683;-5618;25097;13047
9;M3_cued_target;Stopped;1519443;-3683;-5618;25097;13047
9;M3_cued_target;Stopped;1519459;-3683;-5618;25097;13047
9;M3_cued_target;End;1534306;-3683;-5618;25097;13047
10;L2_hidden_target;Begin;1534306;7000;-7000;0;0
10;L2_hidden_target;Stopped;1594454;-3685;-6590;26554;10693
10;L2_hidden_target;Stopped;1594470;-3685;-6590;26554;10693
10;L2_hidden_target;Stopped;1594488;-3685;-6590;26554;10693
10;L2_hidden_target;Stopped;1594521;-3685;-6590;26554;10693
10;L2_hidden_target;Stopped;1594537;-3685;-6590;26554;10693
10;L2_hidden_target;Stopped;1594554;-3685;-6590;26554;10693
10;L2_hidden_target;Stopped;1594571;-3685;-6590;26554;10693
10;L2_hidden_target;Stopped;1594587;-3685;-6590;26554;10693
10;L2_hidden_target;Stopped;1594604;-3685;-6590;26554;10693
10;L2_hidden_target;Stopped;1594620;-3685;-6590;26554;10693
10;L2_hidden_target;Stopped;1594642;-3685;-6590;26554;10693
10;L2_hidden_target;Stopped;1594659;-3685;-6590;26554;10693
10;L2_hidden_target;Stopped;1594671;-3685;-6590;26554;10693
10;L2_hidden_target;Stopped;1594688;-3685;-6590;26554;10693
10;L2_hidden_target;Stopped;1594704;-3685;-6590;26554;10693
10;L2_hidden_target;Stopped;1594725;-3685;-6590;26554;10693
10;L2_hidden_target;Stopped;1594741;-3685;-6590;26554;10693
10;L2_hidden_target;Stopped;1594754;-3685;-6590;26554;10693
10;L2_hidden_target;Stopped;1594771;-3685;-6590;26554;10693
10;L2_hidden_target;Stopped;1594788;-3685;-6590;26554;10693
10;L2_hidden_target;Stopped;1594804;-3685;-6590;26554;10693
10;L2_hidden_target;Stopped;1594821;-3685;-6590;26554;10693
10;L2_hidden_target;End;1609482;-3685;-6590;26554;10693
11;M2_cued_target;Begin;1609482;7000;-7000;0;0
11;M2_cued_target;Stopped;1667331;-3680;-6338;10725;10700
11;M2_cued_target;Stopped;1667347;-3680;-6338;10725;10700
11;M2_cued_target;Stopped;1667364;-3680;-6338;10725;10700
11;M2_cued_target;Stopped;1667381;-3680;-6338;10725;10700
11;M2_cued_target;Stopped;1667397;-3680;-6338;10725;10700
11;M2_cued_target;Stopped;1667414;-3680;-6338;10725;10700
11;M2_cued_target;Stopped;1667431;-3680;-6338;10725;10700
11;M2_cued_target;Stopped;1667448;-3680;-6338;10725;10700
11;M2_cued_target;Stopped;1667464;-3680;-6338;10725;10700
11;M2_cued_target;Stopped;1667481;-3680;-6338;10725;10700
11;M2_cued_target;Stopped;1667514;-3680;-6338;10725;10700
11;M2_cued_target;Stopped;1667531;-3680;-6338;10725;10700
11;M2_cued_target;Stopped;1667548;-3680;-6338;10725;10700
11;M2_cued_target;Stopped;1667564;-3680;-6338;10725;10700
11;M2_cued_target;Stopped;1667581;-3680;-6338;10725;10700
11;M2_cued_target;Stopped;1667597;-3680;-6338;10725;10700
11;M2_cued_target;End;1682359;-3680;-6338;10725;10700
12;L2_hidden_target;Begin;1682359;7000;-7000;0;0
12;L2_hidden_target;Stopped;1729686;-4525;-5418;22351;11633
12;L2_hidden_target;Stopped;1729701;-4525;-5418;22351;11633
12;L2_hidden_target;Stopped;1729718;-4525;-5418;22351;11633
12;L2_hidden_target;Stopped;1729730;-4525;-5418;22351;11633
12;L2_hidden_target;Stopped;1729747;-4525;-5418;22351;11633
12;L2_hidden_target;Stopped;1729763;-4525;-5418;22351;11633
12;L2_hidden_target;Stopped;1729780;-4525;-5418;22351;11633
12;L2_hidden_target;Stopped;1729797;-4525;-5418;22351;11633
12;L2_hidden_target;Stopped;1729813;-4525;-5418;22351;11633
12;L2_hidden_target;Stopped;1729830;-4525;-5418;22351;11633
12;L2_hidden_target;Stopped;1729847;-4525;-5418;22351;11633
12;L2_hidden_target;Stopped;1729863;-4525;-5418;22351;11633
12;L2_hidden_target;Stopped;1729880;-4525;-5418;22351;11633
12;L2_hidden_target;Stopped;1729897;-4525;-5418;22351;11633
12;L2_hidden_target;Stopped;1729913;-4525;-5418;22351;11633
12;L2_hidden_target;Stopped;1729930;-4525;-5418;22351;11633
12;L2_hidden_target;End;1744707;-4525;-5418;22351;11633
13;M3_cued_target;Begin;1744707;-7000;6999;0;0
13;M3_cued_target;Stopped;1977618;-3984;-5420;50198;12781
13;M3_cued_target;Stopped;1977635;-3984;-5420;50198;12781
13;M3_cued_target;Stopped;1977652;-3984;-5420;50198;12781
13;M3_cued_target;Stopped;1977668;-3984;-5420;50198;12781
13;M3_cued_target;Stopped;1977685;-3984;-5420;50198;12781
13;M3_cued_target;Stopped;1977702;-3984;-5420;50198;12781
13;M3_cued_target;Stopped;1977719;-3984;-5420;50198;12781
13;M3_cued_target;Stopped;1977738;-3984;-5420;50198;12781
13;M3_cued_target;Stopped;1977755;-3984;-5420;50198;12781
13;M3_cued_target;Stopped;1977768;-3984;-5420;50198;12781
13;M3_cued_target;Stopped;1977785;-3984;-5420;50198;12781
13;M3_cued_target;Stopped;1977802;-3984;-5420;50198;12781
13;M3_cued_target;Stopped;1977818;-3984;-5420;50198;12781
13;M3_cued_target;End;1992647;-3984;-5420;50198;12781
14;L2_hidden_target;Begin;1992647;7000;-7000;0;0
14;L2_hidden_target;Stopped;2035302;-4600;-5415;22402;11707
14;L2_hidden_target;Stopped;2035319;-4600;-5415;22402;11707
14;L2_hidden_target;Stopped;2035335;-4600;-5415;22402;11707
14;L2_hidden_target;Stopped;2035352;-4600;-5415;22402;11707
14;L2_hidden_target;Stopped;2035368;-4600;-5415;22402;11707
14;L2_hidden_target;Stopped;2035385;-4600;-5415;22402;11707
14;L2_hidden_target;Stopped;2035402;-4600;-5415;22402;11707
14;L2_hidden_target;Stopped;2035419;-4600;-5415;22402;11707
14;L2_hidden_target;Stopped;2035435;-4600;-5415;22402;11707
14;L2_hidden_target;Stopped;2035452;-4600;-5415;22402;11707
14;L2_hidden_target;Stopped;2035469;-4600;-5415;22402;11707
14;L2_hidden_target;Stopped;2035502;-4600;-5415;22402;11707
14;L2_hidden_target;End;2050331;-4600;-5415;22402;11707
15;M1_cued_target;Begin;2050331;7000;7000;0;0
15;M1_cued_target;Stopped;2139502;-3685;-5648;19316;16558
15;M1_cued_target;Stopped;2139519;-3685;-5648;19316;16558
15;M1_cued_target;Stopped;2139536;-3685;-5648;19316;16558
15;M1_cued_target;Stopped;2139553;-3685;-5648;19316;16558
15;M1_cued_target;Stopped;2139569;-3685;-5648;19316;16558
15;M1_cued_target;Stopped;2139586;-3685;-5648;19316;16558
15;M1_cued_target;Stopped;2139602;-3685;-5648;19316;16558
15;M1_cued_target;Stopped;2139619;-3685;-5648;19316;16558
15;M1_cued_target;Stopped;2139636;-3685;-5648;19316;16558
15;M1_cued_target;Stopped;2139652;-3685;-5648;19316;16558
15;M1_cued_target;Stopped;2139669;-3685;-5648;19316;16558
15;M1_cued_target;Stopped;2139686;-3685;-5648;19316;16558
15;M1_cued_target;Stopped;2139702;-3685;-5648;19316;16558
15;M1_cued_target;Stopped;2139719;-3685;-5648;19316;16558
15;M1_cued_target;Stopped;2139736;-3685;-5648;19316;16558
15;M1_cued_target;Stopped;2139752;-3685;-5648;19316;16558
15;M1_cued_target;Stopped;2139769;-3685;-5648;19316;16558
15;M1_cued_target;Stopped;2139786;-3685;-5648;19316;16558
15;M1_cued_target;Stopped;2139803;-3685;-5648;19316;16558
15;M1_cued_target;Stopped;2139819;-3685;-5648;19316;16558
15;M1_cued_target;Stopped;2139836;-3685;-5648;19316;16558
15;M1_cued_target;Stopped;2139852;-3685;-5648;19316;16558
15;M1_cued_target;Stopped;2139869;-3685;-5648;19316;16558
15;M1_cued_target;Stopped;2139886;-3685;-5648;19316;16558
15;M1_cued_target;Stopped;2139902;-3685;-5648;19316;16558
15;M1_cued_target;Stopped;2139919;-3685;-5648;19316;16558
15;M1_cued_target;End;2154531;-3685;-5648;19316;16558
16;L2_hidden_target;Begin;2154531;7000;-7000;0;0
16;L2_hidden_target;Stopped;2200034;-4968;-6056;21834;12006
16;L2_hidden_target;Stopped;2200050;-4968;-6056;21834;12006
16;L2_hidden_target;Stopped;2200067;-4968;-6056;21834;12006
16;L2_hidden_target;Stopped;2200084;-4968;-6056;21834;12006
16;L2_hidden_target;Stopped;2200100;-4968;-6056;21834;12006
16;L2_hidden_target;Stopped;2200117;-4968;-6056;21834;12006
16;L2_hidden_target;Stopped;2200134;-4968;-6056;21834;12006
16;L2_hidden_target;Stopped;2200150;-4968;-6056;21834;12006
16;L2_hidden_target;Stopped;2200167;-4968;-6056;21834;12006
16;L2_hidden_target;Stopped;2200184;-4968;-6056;21834;12006
16;L2_hidden_target;Stopped;2200201;-4968;-6056;21834;12006
16;L2_hidden_target;Stopped;2200217;-4968;-6056;21834;12006
16;L2_hidden_target;Stopped;2200234;-4968;-6056;21834;12006
16;L2_hidden_target;End;2215062;-4968;-6056;21834;12006
16;L2_hidden_target;Begin;2215062;-4968;-6056;21834;12006
