1;M3_cued_target;Stopped;6909;-7070;7070;102;100
1;M3_cued_target;Stopped;6922;-7070;7070;102;100
1;M3_cued_target;Stopped;6939;-7070;7070;102;100
1;M3_cued_target;Stopped;6955;-7070;7070;102;100
1;M3_cued_target;Stopped;6972;-7070;7070;102;100
1;M3_cued_target;Stopped;6988;-7070;7070;102;100
1;M3_cued_target;Stopped;7005;-7070;7070;102;100
1;M3_cued_target;Stopped;7022;-7070;7070;102;100
1;M3_cued_target;Stopped;7038;-7070;7070;102;100
1;M3_cued_target;Stopped;7055;-7070;7070;102;100
1;M3_cued_target;Stopped;7072;-7070;7070;102;100
1;M3_cued_target;Stopped;7088;-7070;7070;102;100
1;M3_cued_target;Stopped;7105;-7070;7070;102;100
1;M3_cued_target;Stopped;7121;-7070;7070;102;100
1;M3_cued_target;Stopped;7138;-7070;7070;102;100
1;M3_cued_target;Stopped;7155;-7070;7070;102;100
1;M3_cued_target;Stopped;7172;-7070;7070;102;100
1;M3_cued_target;Stopped;116004;-3895;-5424;23642;12806
1;M3_cued_target;Stopped;116021;-3895;-5424;23642;12806
1;M3_cued_target;Stopped;116038;-3895;-5424;23642;12806
1;M3_cued_target;Stopped;116054;-3895;-5424;23642;12806
1;M3_cued_target;Stopped;116071;-3895;-5424;23642;12806
1;M3_cued_target;Stopped;116088;-3895;-5424;23642;12806
1;M3_cued_target;Stopped;116104;-3895;-5424;23642;12806
1;M3_cued_target;Stopped;116121;-3895;-5424;23642;12806
1;M3_cued_target;Stopped;116138;-3895;-5424;23642;12806
1;M3_cued_target;Stopped;116154;-3895;-5424;23642;12806
1;M3_cued_target;Stopped;116171;-3895;-5424;23642;12806
1;M3_cued_target;End;131033;-3895;-5424;23642;12806
2;L1_hidden_target;Begin;131033;7000;7000;0;0
2;L1_hidden_target;Stopped;162741;-3687;-5450;18230;16408
2;L1_hidden_target;Stopped;162758;-3687;-5450;18230;16408
2;L1_hidden_target;Stopped;162775;-3687;-5450;18230;16408
2;L1_hidden_target;Stopped;162791;-3687;-5450;18230;16408
2;L1_hidden_target;Stopped;162808;-3687;-5450;18230;16408
2;L1_hidden_target;Stopped;162824;-3687;-5450;18230;16408
2;L1_hidden_target;Stopped;162841;-3687;-5450;18230;16408
2;L1_hidden_target;Stopped;162858;-3687;-5450;18230;16408
2;L1_hidden_target;Stopped;162875;-3687;-5450;18230;16408
2;L1_hidden_target;Stopped;162891;-3687;-5450;18230;16408
2;L1_hidden_target;Stopped;162908;-3687;-5450;18230;16408
2;L1_hidden_target;Stopped;162924;-3687;-5450;18230;16408
2;L1_hidden_target;Stopped;162941;-3687;-5450;18230;16408
2;L1_hidden_target;Stopped;162958;-3687;-5450;18230;16408
2;L1_hidden_target;Stopped;162975;-3687;-5450;18230;16408
2;L1_hidden_target;Stopped;162995;-3687;-5450;18230;16408
2;L1_hidden_target;Stopped;163012;-3687;-5450;18230;16408
2;L1_hidden_target;End;177769;-3687;-5450;18230;16408
3;M1_cued_target;Begin;177769;7000;7000;0;0
3;M1_cued_target;Stopped;269539;-4266;-5419;20446;16768
3;M1_cued_target;Stopped;269556;-4266;-5419;20446;16768
3;M1_cued_target;Stopped;269573;-4266;-5419;20446;16768
3;M1_cued_target;Stopped;269590;-4266;-5419;20446;16768
3;M1_cued_target;Stopped;269610;-4266;-5419;20446;16768
3;M1_cued_target;Stopped;269627;-4266;-5419;20446;16768
3;M1_cued_target;Stopped;269641;-4266;-5419;20446;16768
3;M1_cued_target;Stopped;269657;-4266;-5419;20446;16768
3;M1_cued_target;Stopped;269673;-4266;-5419;20446;16768
3;M1_cued_target;Stopped;269690;-4266;-5419;20446;16768
3;M1_cued_target;Stopped;269706;-4266;-5419;20446;16768
3;M1_cued_target;Stopped;269724;-4266;-5419;20446;16768
3;M1_cued_target;Stopped;269741;-4266;-5419;20446;16768
3;M1_cued_target;Stopped;269756;-4266;-5419;20446;16768
3;M1_cued_target;Stopped;269773;-4266;-5419;20446;16768
3;M1_cued_target;End;284568;-4266;-5419;20446;16768
4;L2_hidden_target;Begin;284568;7000;-7000;0;0
4;L2_hidden_target;Stopped;314309;-3688;-6685;15061;10692
4;L2_hidden_target;Stopped;314326;-3688;-6685;15061;10692
4;L2_hidden_target;Stopped;314343;-3688;-6685;15061;10692
4;L2_hidden_target;Stopped;314360;-3688;-6685;15061;10692
4;L2_hidden_target;Stopped;314376;-3688;-6685;15061;10692
4;L2_hidden_target;Stopped;314393;-3688;-6685;15061;10692
4;L2_hidden_target;Stopped;314409;-3688;-6685;15061;10692
4;L2_hidden_target;Stopped;314426;-3688;-6685;15061;10692
4;L2_hidden_target;Stopped;314443;-3688;-6685;15061;10692
4;L2_hidden_target;Stopped;314460;-3688;-6685;15061;10692
4;L2_hidden_target;End;329340;-3688;-6685;15061;10692
5;M2_cued_target;Begin;329340;7000;-7000;0;0
5;M2_cued_target;Stopped;483689;-4375;-5418;32936;11484
5;M2_cued_target;Stopped;483710;-4375;-5418;32936;11484
5;M2_cued_target;Stopped;483727;-4375;-5418;32936;11484
5;M2_cued_target;Stopped;483740;-4375;-5418;32936;11484
5;M2_cued_target;Stopped;483756;-4375;-5418;32936;11484
5;M2_cued_target;Stopped;483773;-4375;-5418;32936;11484
5;M2_cued_target;Stopped;483790;-4375;-5418;32936;11484
5;M2_cued_target;Stopped;483806;-4375;-5418;32936;11484
5;M2_cued_target;Stopped;483823;-4375;-5418;32936;11484
5;M2_cued_target;Stopped;483839;-4375;-5418;32936;11484
5;M2_cued_target;Stopped;483856;-4375;-5418;32936;11484
5;M2_cued_target;Stopped;483873;-4375;-5418;32936;11484
5;M2_cued_target;Stopped;483890;-4375;-5418;32936;11484
5;M2_cued_target;Stopped;483906;-4375;-5418;32936;11484
5;M2_cued_target;Stopped;483923;-4375;-5418;32936;11484
5;M2_cued_target;Stopped;483939;-4375;-5418;32936;11484
5;M2_cued_target;Stopped;483956;-4375;-5418;32936;11484
5;M2_cued_target;Stopped;483973;-4375;-5418;32936;11484
5;M2_cued_target;Stopped;483989;-4375;-5418;32936;11484
5;M2_cued_target;Stopped;484006;-4375;-5418;32936;11484
5;M2_cued_target;Stopped;484023;-4375;-5418;32936;11484
5;M2_cued_target;Stopped;484039;-4375;-5418;32936;11484
5;M2_cued_target;End;498722;-4375;-5418;32936;11484
6;L3_hidden_target;Begin;498722;-7000;7000;0;0
6;L3_hidden_target;Stopped;540457;-4971;-5901;18103;13059
6;L3_hidden_target;Stopped;540473;-4971;-5901;18103;13059
6;L3_hidden_target;Stopped;540490;-4971;-5901;18103;13059
6;L3_hidden_target;Stopped;540523;-4971;-5901;18103;13059
6;L3_hidden_target;Stopped;540539;-4971;-5901;18103;13059
6;L3_hidden_target;Stopped;540557;-4971;-5901;18103;13059
6;L3_hidden_target;Stopped;540573;-4971;-5901;18103;13059
6;L3_hidden_target;Stopped;540589;-4971;-5901;18103;13059
6;L3_hidden_target;Stopped;540606;-4971;-5901;18103;13059
6;L3_hidden_target;Stopped;540623;-4971;-5901;18103;13059
6;L3_hidden_target;Stopped;540639;-4971;-5901;18103;13059
6;L3_hidden_target;Stopped;540657;-4971;-5901;18103;13059
6;L3_hidden_target;Stopped;540673;-4971;-5901;18103;13059
6;L3_hidden_target;Stopped;540689;-4971;-5901;18103;13059
6;L3_hidden_target;Stopped;540707;-4971;-5901;18103;13059
6;L3_hidden_target;Stopped;540723;-4971;-5901;18103;13059
6;L3_hidden_target;Stopped;540739;-4971;-5901;18103;13059
6;L3_hidden_target;Stopped;540757;-4971;-5901;18103;13059
6;L3_hidden_target;Stopped;540773;-4971;-5901;18103;13059
6;L3_hidden_target;End;555486;-4971;-5901;18103;13059
7;M1_cued_target;Begin;555486;7000;7000;0;0
7;M1_cued_target;Stopped;668148;-4473;-5417;24100;16906
7;M1_cued_target;Stopped;668165;-4473;-5417;24100;16906
7;M1_cued_target;Stopped;668182;-4473;-5417;24100;16906
7;M1_cued_target;Stopped;668199;-4473;-5417;24100;16906
7;M1_cued_target;Stopped;668215;-4473;-5417;24100;16906
7;M1_cued_target;Stopped;668232;-4473;-5417;24100;16906
7;M1_cued_target;Stopped;668249;-4473;-5417;24100;16906
7;M1_cued_target;Stopped;668265;-4473;-5417;24100;16906
7;M1_cued_target;Stopped;668282;-4473;-5417;24100;16906
7;M1_cued_target;Stopped;668299;-4473;-5417;24100;16906
7;M1_cued_target;Stopped;668315;-4473;-5417;24100;16906
7;M1_cued_target;Stopped;668332;-4473;-5417;24100;16906
7;M1_cued_target;Stopped;668349;-4473;-5417;24100;16906
7;M1_cued_target;Stopped;668365;-4473;-5417;24100;16906
7;M1_cued_target;End;683177;-4473;-5417;24100;16906
8;L2_hidden_target;Begin;683177;7000;-7000;0;0
8;L2_hidden_target;Stopped;704939;-3681;-5963;11410;10731
8;L2_hidden_target;Stopped;704956;-3681;-5963;11410;10731
8;L2_hidden_target;Stopped;704972;-3681;-5963;11410;10731
8;L2_hidden_target;Stopped;704989;-3681;-5963;11410;10731
8;L2_hidden_target;Stopped;705006;-3681;-5963;11410;10731
8;L2_hidden_target;Stopped;705022;-3681;-5963;11410;10731
8;L2_hidden_target;Stopped;705039;-3681;-5963;11410;10731
8;L2_hidden_target;Stopped;705056;-3681;-5963;11410;10731
8;L2_hidden_target;Stopped;705076;-3681;-5963;11410;10731
8;L2_hidden_target;Stopped;705093;-3681;-5963;11410;10731
8;L2_hidden_target;Stopped;705106;-3681;-5963;11410;10731
8;L2_hidden_target;Stopped;705122;-3681;-5963;11410;10731
8;L2_hidden_target;End;719972;-3681;-5963;11410;10731
9;M3_cued_target;Begin;719972;-7000;7000;0;0
9;M3_cued_target;Stopped;833630;-3891;-5422;25920;12804
9;M3_cued_target;Stopped;833647;-3891;-5422;25920;12804
9;M3_cued_target;Stopped;833664;-3891;-5422;25920;12804
9;M3_cued_target;Stopped;833681;-3891;-5422;25920;12804
9;M3_cued_target;Stopped;833697;-3891;-5422;25920;12804
9;M3_cued_target;Stopped;833718;-3891;-5422;25920;12804
9;M3_cued_target;Stopped;833735;-3891;-5422;25920;12804
9;M3_cued_target;Stopped;833747;-3891;-5422;25920;12804
9;M3_cued_target;Stopped;833764;-3891;-5422;25920;12804
9;M3_cued_target;Stopped;833780;-3891;-5422;25920;12804
9;M3_cued_target;Stopped;833797;-3891;-5422;25920;12804
9;M3_cued_target;Stopped;833814;-3891;-5422;25920;12804
9;M3_cued_target;Stopped;833830;-3891;-5422;25920;12804
9;M3_cued_target;Stopped;833847;-3891;-5422;25920;12804
9;M3_cued_target;Stopped;833864;-3891;-5422;25920;12804
9;M3_cued_target;Stopped;833880;-3891;-5422;25920;12804
9;M3_cued_target;End;848659;-3891;-5422;25920;12804
10;L1_hidden_target;Begin;848659;7000;7000;0;0
10;L1_hidden_target;Stopped;886815;-4972;-5909;18645;17607
10;L1_hidden_target;Stopped;886832;-4972;-5909;18645;17607
10;L1_hidden_target;Stopped;886848;-4972;-5909;18645;17607
10;L1_hidden_target;Stopped;886870;-4972;-5909;18645;17607
10;L1_hidden_target;Stopped;886882;-4972;-5909;18645;17607
10;L1_hidden_target;Stopped;886899;-4972;-5909;18645;17607
10;L1_hidden_target;Stopped;886915;-4972;-5909;18645;17607
10;L1_hidden_target;Stopped;886932;-4972;-5909;18645;17607
10;L1_hidden_target;Stopped;886948;-4972;-5909;18645;17607
10;L1_hidden_target;Stopped;886965;-4972;-5909;18645;17607
10;L1_hidden_target;Stopped;886982;-4972;-5909;18645;17607
10;L1_hidden_target;Stopped;886998;-4972;-5909;18645;17607
10;L1_hidden_target;Stopped;887020;-4972;-5909;18645;17607
10;L1_hidden_target;Stopped;887037;-4972;-5909;18645;17607
10;L1_hidden_target;Stopped;887052;-4972;-5909;18645;17607
10;L1_hidden_target;Stopped;887065;-4972;-5909;18645;17607
10;L1_hidden_target;Stopped;887082;-4972;-5909;18645;17607
10;L1_hidden_target;End;901843;-4972;-5909;18645;17607
11;M2_cued_target;Begin;901843;7000;-7000;0;0
11;M2_cued_target;Stopped;962074;-3681;-6153;10931;10714
11;M2_cued_target;Stopped;962090;-3681;-6153;10931;10714
11;M2_cued_target;Stopped;962107;-3681;-6153;10931;10714
11;M2_cued_target;Stopped;962124;-3681;-6153;10931;10714
11;M2_cued_target;Stopped;962141;-3681;-6153;10931;10714
11;M2_cued_target;Stopped;962157;-3681;-6153;10931;10714
11;M2_cued_target;Stopped;962174;-3681;-6153;10931;10714
11;M2_cued_target;Stopped;962190;-3681;-6153;10931;10714
11;M2_cued_target;Stopped;962207;-3681;-6153;10931;10714
11;M2_cued_target;Stopped;962224;-3681;-6153;10931;10714
11;M2_cued_target;Stopped;962240;-3681;-6153;10931;10714
11;M2_cued_target;Stopped;962257;-3681;-6153;10931;10714
11;M2_cued_target;Stopped;962274;-3681;-6153;10931;10714
11;M2_cued_target;Stopped;962294;-3681;-6153;10931;10714
11;M2_cued_target;Stopped;962311;-3681;-6153;10931;10714
11;M2_cued_target;Stopped;962328;-3681;-6153;10931;10714
11;M2_cued_target;Stopped;962344;-3681;-6153;10931;10714
11;M2_cued_target;Stopped;962357;-3681;-6153;10931;10714
11;M2_cued_target;Stopped;962374;-3681;-6153;10931;10714
11;M2_cued_target;Stopped;962390;-3681;-6153;10931;10714
11;M2_cued_target;Stopped;962407;-3681;-6153;10931;10714
11;M2_cued_target;Stopped;962428;-3681;-6153;10931;10714
11;M2_cued_target;Stopped;962443;-3681;-6153;10931;10714
11;M2_cued_target;Stopped;962458;-3681;-6153;10931;10714
11;M2_cued_target;Stopped;962474;-3681;-6153;10931;10714
11;M2_cued_target;Stopped;962490;-3681;-6153;10931;10714
11;M2_cued_target;End;977102;-3681;-6153;10931;10714
12;L3_hidden_target;Begin;977102;-7000;7000;0;0
12;L3_hidden_target;Stopped;1003712;-4968;-5821;14031;12981
12;L3_hidden_target;Stopped;1003728;-4968;-5821;14031;12981
12;L3_hidden_target;Stopped;1003745;-4968;-5821;14031;12981
12;L3_hidden_target;Stopped;1003766;-4968;-5821;14031;12981
12;L3_hidden_target;Stopped;1003782;-4968;-5821;14031;12981
12;L3_hidden_target;Stopped;1003796;-4968;-5821;14031;12981
12;L3_hidden_target;Stopped;1003812;-4968;-5821;14031;12981
12;L3_hidden_target;Stopped;1003828;-4968;-5821;14031;12981
12;L3_hidden_target;Stopped;1003845;-4968;-5821;14031;12981
12;L3_hidden_target;Stopped;1003862;-4968;-5821;14031;12981
12;L3_hidden_target;Stopped;1003878;-4968;-5821;14031;12981
12;L3_hidden_target;Stopped;1003895;-4968;-5821;14031;12981
12;L3_hidden_target;Stopped;1003912;-4968;-5821;14031;12981
12;L3_hidden_target;Stopped;1003928;-4968;-5821;14031;12981
12;L3_hidden_target;Stopped;1003945;-4968;-5821;14031;12981
12;L3_hidden_target;Stopped;1003962;-4968;-5821;14031;12981
12;L3_hidden_target;Stopped;1003978;-4968;-5821;14031;12981
12;L3_hidden_target;Stopped;1003995;-4968;-5821;14031;12981
12;L3_hidden_target;Stopped;1004012;-4968;-5821;14031;12981
12;L3_hidden_target;Stopped;1004028;-4968;-5821;14031;12981
12;L3_hidden_target;Stopped;1004045;-4968;-5821;14031;12981
12;L3_hidden_target;Stopped;1004062;-4968;-5821;14031;12981
12;L3_hidden_target;End;1018741;-4968;-5821;14031;12981
13;M3_cued_target;Begin;1018741;-7000;7000;0;0
13;M3_cued_target;Stopped;1144554;-3687;-5569;26516;12998
13;M3_cued_target;Stopped;1144569;-3687;-5569;26516;12998
13;M3_cued_target;Stopped;1144584;-3687;-5569;26516;12998
13;M3_cued_target;Stopped;1144600;-3687;-5569;26516;12998
13;M3_cued_target;Stopped;1144621;-3687;-5569;26516;12998
13;M3_cued_target;Stopped;1144638;-3687;-5569;26516;12998
13;M3_cued_target;Stopped;1144655;-3687;-5569;26516;12998
13;M3_cued_target;Stopped;1144667;-3687;-5569;26516;12998
13;M3_cued_target;Stopped;1144684;-3687;-5569;26516;12998
13;M3_cued_target;Stopped;1144704;-3687;-5569;26516;12998
13;M3_cued_target;Stopped;1144720;-3687;-5569;26516;12998
13;M3_cued_target;Stopped;1144735;-3687;-5569;26516;12998
13;M3_cued_target;Stopped;1144751;-3687;-5569;26516;12998
13;M3_cued_target;Stopped;1144772;-3687;-5569;26516;12998
13;M3_cued_target;Stopped;1144784;-3687;-5569;26516;12998
13;M3_cued_target;Stopped;1144801;-3687;-5569;26516;12998
13;M3_cued_target;Stopped;1144817;-3687;-5569;26516;12998
13;M3_cued_target;Stopped;1144834;-3687;-5569;26516;12998
13;M3_cued_target;Stopped;1144850;-3687;-5569;26516;12998
13;M3_cued_target;Stopped;1144867;-3687;-5569;26516;12998
13;M3_cued_target;Stopped;1144884;-3687;-5569;26516;12998
13;M3_cued_target;Stopped;1144900;-3687;-5569;26516;12998
13;M3_cued_target;End;1159579;-3687;-5569;26516;12998
14;L2_hidden_target;Begin;1159579;6999;-7000;0;0
14;L2_hidden_target;Stopped;1181510;-3685;-6675;11505;10690
14;L2_hidden_target;Stopped;1181527;-3685;-6675;11505;10690
14;L2_hidden_target;Stopped;1181540;-3685;-6675;11505;10690
14;L2_hidden_target;Stopped;1181556;-3685;-6675;11505;10690
14;L2_hidden_target;Stopped;1181573;-3685;-6675;11505;10690
14;L2_hidden_target;Stopped;1181589;-3685;-6675;11505;10690
14;L2_hidden_target;Stopped;1181606;-3685;-6675;11505;10690
14;L2_hidden_target;Stopped;1181627;-3685;-6675;11505;10690
14;L2_hidden_target;Stopped;1181644;-3685;-6675;11505;10690
14;L2_hidden_target;Stopped;1181657;-3685;-6675;11505;10690
14;L2_hidden_target;Stopped;1181674;-3685;-6675;11505;10690
14;L2_hidden_target;Stopped;1181690;-3685;-6675;11505;10690
14;L2_hidden_target;End;1196536;-3685;-6675;11505;10690
15;M1_cued_target;Begin;1196536;6999;7000;0;0
15;M1_cued_target;Stopped;1278309;-3705;-5426;18398;16402
15;M1_cued_target;Stopped;1278325;-3705;-5426;18398;16402
15;M1_cued_target;Stopped;1278342;-3705;-5426;18398;16402
15;M1_cued_target;Stopped;1278359;-3705;-5426;18398;16402
15;M1_cued_target;Stopped;1278375;-3705;-5426;18398;16402
15;M1_cued_target;Stopped;1278392;-3705;-5426;18398;16402
15;M1_cued_target;Stopped;1278409;-3705;-5426;18398;16402
15;M1_cued_target;Stopped;1278425;-3705;-5426;18398;16402
15;M1_cued_target;Stopped;1278442;-3705;-5426;18398;16402
15;M1_cued_target;Stopped;1278459;-3705;-5426;18398;16402
15;M1_cued_target;Stopped;1278475;-3705;-5426;18398;16402
15;M1_cued_target;Stopped;1278530;-3705;-5426;18398;16402
15;M1_cued_target;Stopped;1278546;-3705;-5426;18398;16402
15;M1_cued_target;Stopped;1278560;-3705;-5426;18398;16402
15;M1_cued_target;Stopped;1278576;-3705;-5426;18398;16402
15;M1_cued_target;Stopped;1278592;-3705;-5426;18398;16402
15;M1_cued_target;Stopped;1278609;-3705;-5426;18398;16402
15;M1_cued_target;Stopped;1278625;-3705;-5426;18398;16402
15;M1_cued_target;Stopped;1278642;-3705;-5426;18398;16402
15;M1_cued_target;Stopped;1278659;-3705;-5426;18398;16402
15;M1_cued_target;Stopped;1278675;-3705;-5426;18398;16402
15;M1_cued_target;Stopped;1278692;-3705;-5426;18398;16402
15;M1_cued_target;Stopped;1278709;-3705;-5426;18398;16402
15;M1_cued_target;Stopped;1278729;-3705;-5426;18398;16402
15;M1_cued_target;Stopped;1278746;-3705;-5426;18398;16402
15;M1_cued_target;Stopped;1278759;-3705;-5426;18398;16402
15;M1_cued_target;Stopped;1278776;-3705;-5426;18398;16402
15;M1_cued_target;End;1293337;-3705;-5426;18398;16402
16;L3_hidden_target;Begin;1293337;-7000;7000;0;0
16;L3_hidden_target;Stopped;1322563;-4961;-5511;14088;12676
16;L3_hidden_target;Stopped;1322579;-4961;-5511;14088;12676
16;L3_hidden_target;Stopped;1322596;-4961;-5511;14088;12676
16;L3_hidden_target;Stopped;1322613;-4961;-5511;14088;12676
16;L3_hidden_target;Stopped;1322629;-4961;-5511;14088;12676
16;L3_hidden_target;Stopped;1322646;-4961;-5511;14088;12676
16;L3_hidden_target;Stopped;1322663;-4961;-5511;14088;12676
16;L3_hidden_target;Stopped;1322679;-4961;-5511;14088;12676
16;L3_hidden_target;Stopped;1322696;-4961;-5511;14088;12676
16;L3_hidden_target;Stopped;1322717;-4961;-5511;14088;12676
16;L3_hidden_target;Stopped;1322734;-4961;-5511;14088;12676
16;L3_hidden_target;Stopped;1322746;-4961;-5511;14088;12676
16;L3_hidden_target;Stopped;1322763;-4961;-5511;14088;12676
16;L3_hidden_target;Stopped;1322779;-4961;-5511;14088;12676
16;L3_hidden_target;Stopped;1322796;-4961;-5511;14088;12676
16;L3_hidden_target;Stopped;1322813;-4961;-5511;14088;12676
16;L3_hidden_target;End;1337592;-4961;-5511;14088;12676
16;L3_hidden_target;Begin;1337592;-4961;-5511;14088;12676
