1;M3_cued_target;Stopped;279956;-3681;-5976;41198;13394
1;M3_cued_target;Stopped;279970;-3681;-5976;41198;13394
1;M3_cued_target;Stopped;279983;-3681;-5976;41198;13394
1;M3_cued_target;Stopped;279996;-3681;-5976;41198;13394
1;M3_cued_target;Stopped;280010;-3681;-5976;41198;13394
1;M3_cued_target;Stopped;280026;-3681;-5976;41198;13394
1;M3_cued_target;Stopped;280040;-3681;-5976;41198;13394
1;M3_cued_target;Stopped;280050;-3681;-5976;41198;13394
1;M3_cued_target;Stopped;280063;-3681;-5976;41198;13394
1;M3_cued_target;Stopped;280076;-3681;-5976;41198;13394
1;M3_cued_target;Stopped;280090;-3681;-5976;41198;13394
1;M3_cued_target;Stopped;280103;-3681;-5976;41198;13394
1;M3_cued_target;Stopped;280117;-3681;-5976;41198;13394
1;M3_cued_target;Stopped;280130;-3681;-5976;41198;13394
1;M3_cued_target;Stopped;280143;-3681;-5976;41198;13394
1;M3_cued_target;Stopped;280156;-3681;-5976;41198;13394
1;M3_cued_target;Stopped;280170;-3681;-5976;41198;13394
1;M3_cued_target;Stopped;280183;-3681;-5976;41198;13394
1;M3_cued_target;Stopped;280196;-3681;-5976;41198;13394
1;M3_cued_target;Stopped;280210;-3681;-5976;41198;13394
1;M3_cued_target;Stopped;280224;-3681;-5976;41198;13394
1;M3_cued_target;Stopped;280236;-3681;-5976;41198;13394
1;M3_cued_target;Stopped;280250;-3681;-5976;41198;13394
1;M3_cued_target;Stopped;280266;-3681;-5976;41198;13394
1;M3_cued_target;Stopped;280280;-3681;-5976;41198;13394
1;M3_cued_target;Stopped;280291;-3681;-5976;41198;13394
1;M3_cued_target;Stopped;280304;-3681;-5976;41198;13394
1;M3_cued_target;Stopped;280316;-3681;-5976;41198;13394
1;M3_cued_target;Stopped;280330;-3681;-5976;41198;13394
1;M3_cued_target;Stopped;280347;-3681;-5976;41198;13394
1;M3_cued_target;Stopped;280361;-3681;-5976;41198;13394
1;M3_cued_target;Stopped;280372;-3681;-5976;41198;13394
1;M3_cued_target;Stopped;280387;-3681;-5976;41198;13394
1;M3_cued_target;Stopped;280401;-3681;-5976;41198;13394
1;M3_cued_target;Stopped;280410;-3681;-5976;41198;13394
1;M3_cued_target;Stopped;280425;-3681;-5976;41198;13394
1;M3_cued_target;Stopped;280442;-3681;-5976;41198;13394
1;M3_cued_target;Stopped;280455;-3681;-5976;41198;13394
1;M3_cued_target;Stopped;280465;-3681;-5976;41198;13394
1;M3_cued_target;Stopped;280478;-3681;-5976;41198;13394
1;M3_cued_target;Stopped;280491;-3681;-5976;41198;13394
1;M3_cued_target;Stopped;280530;-3681;-5976;41198;13394
1;M3_cued_target;End;294977;-3681;-5976;41198;13394
2;L1_hidden_target;Begin;294977;6999;7000;0;0
2;L1_hidden_target;Stopped;446021;-3936;-5422;19097;16550
2;L1_hidden_target;Stopped;446033;-3936;-5422;19097;16550
2;L1_hidden_target;Stopped;446045;-3936;-5422;19097;16550
2;L1_hidden_target;Stopped;446058;-3936;-5422;19097;16550
2;L1_hidden_target;Stopped;446072;-3936;-5422;19097;16550
2;L1_hidden_target;Stopped;446085;-3936;-5422;19097;16550
2;L1_hidden_target;Stopped;446098;-3936;-5422;19097;16550
2;L1_hidden_target;Stopped;446112;-3936;-5422;19097;16550
2;L1_hidden_target;Stopped;446125;-3936;-5422;19097;16550
2;L1_hidden_target;Stopped;446138;-3936;-5422;19097;16550
2;L1_hidden_target;Stopped;446152;-3936;-5422;19097;16550
2;L1_hidden_target;Stopped;446165;-3936;-5422;19097;16550
2;L1_hidden_target;Stopped;446178;-3936;-5422;19097;16550
2;L1_hidden_target;Stopped;446192;-3936;-5422;19097;16550
2;L1_hidden_target;Stopped;446205;-3936;-5422;19097;16550
2;L1_hidden_target;Stopped;446218;-3936;-5422;19097;16550
2;L1_hidden_target;Stopped;446236;-3936;-5422;19097;16550
2;L1_hidden_target;Stopped;446246;-3936;-5422;19097;16550
2;L1_hidden_target;Stopped;446259;-3936;-5422;19097;16550
2;L1_hidden_target;Stopped;446272;-3936;-5422;19097;16550
2;L1_hidden_target;Stopped;446285;-3936;-5422;19097;16550
2;L1_hidden_target;Stopped;446298;-3936;-5422;19097;16550
2;L1_hidden_target;Stopped;446311;-3936;-5422;19097;16550
2;L1_hidden_target;Stopped;446329;-3936;-5422;19097;16550
2;L1_hidden_target;Stopped;446341;-3936;-5422;19097;16550
2;L1_hidden_target;Stopped;446355;-3936;-5422;19097;16550
2;L1_hidden_target;Stopped;446365;-3936;-5422;19097;16550
2;L1_hidden_target;Stopped;446378;-3936;-5422;19097;16550
2;L1_hidden_target;Stopped;446392;-3936;-5422;19097;16550
2;L1_hidden_target;Stopped;446405;-3936;-5422;19097;16550
2;L1_hidden_target;Stopped;446418;-3936;-5422;19097;16550
2;L1_hidden_target;Stopped;446431;-3936;-5422;19097;16550
2;L1_hidden_target;Stopped;446445;-3936;-5422;19097;16550
2;L1_hidden_target;Stopped;446458;-3936;-5422;19097;16550
2;L1_hidden_target;Stopped;446471;-3936;-5422;19097;16550
2;L1_hidden_target;Stopped;446485;-3936;-5422;19097;16550
2;L1_hidden_target;Stopped;446498;-3936;-5422;19097;16550
2;L1_hidden_target;Stopped;446525;-3936;-5422;19097;16550
2;L1_hidden_target;Stopped;446538;-3936;-5422;19097;16550
2;L1_hidden_target;Stopped;446551;-3936;-5422;19097;16550
2;L1_hidden_target;Stopped;446565;-3936;-5422;19097;16550
2;L1_hidden_target;Stopped;446578;-3936;-5422;19097;16550
2;L1_hidden_target;Stopped;446591;-3936;-5422;19097;16550
2;L1_hidden_target;Stopped;446605;-3936;-5422;19097;16550
2;L1_hidden_target;Stopped;446618;-3936;-5422;19097;16550
2;L1_hidden_target;Stopped;446631;-3936;-5422;19097;16550
2;L1_hidden_target;Stopped;446645;-3936;-5422;19097;16550
2;L1_hidden_target;Stopped;446658;-3936;-5422;19097;16550
2;L1_hidden_target;Stopped;446671;-3936;-5422;19097;16550
2;L1_hidden_target;Stopped;446685;-3936;-5422;19097;16550
2;L1_hidden_target;Stopped;446698;-3936;-5422;19097;16550
2;L1_hidden_target;Stopped;446711;-3936;-5422;19097;16550
2;L1_hidden_target;Stopped;446725;-3936;-5422;19097;16550
2;L1_hidden_target;Stopped;446738;-3936;-5422;19097;16550
2;L1_hidden_target;Stopped;446751;-3936;-5422;19097;16550
2;L1_hidden_target;Stopped;446765;-3936;-5422;19097;16550
2;L1_hidden_target;Stopped;446778;-3936;-5422;19097;16550
2;L1_hidden_target;Stopped;446791;-3936;-5422;19097;16550
2;L1_hidden_target;Stopped;446805;-3936;-5422;19097;16550
2;L1_hidden_target;Stopped;446818;-3936;-5422;19097;16550
2;L1_hidden_target;Stopped;446836;-3936;-5422;19097;16550
2;L1_hidden_target;Stopped;446846;-3936;-5422;19097;16550
2;L1_hidden_target;Stopped;446858;-3936;-5422;19097;16550
2;L1_hidden_target;Stopped;446872;-3936;-5422;19097;16550
2;L1_hidden_target;Stopped;446885;-3936;-5422;19097;16550
2;L1_hidden_target;Stopped;446898;-3936;-5422;19097;16550
2;L1_hidden_target;Stopped;446911;-3936;-5422;19097;16550
2;L1_hidden_target;Stopped;446925;-3936;-5422;19097;16550
2;L1_hidden_target;Stopped;446938;-3936;-5422;19097;16550
2;L1_hidden_target;Stopped;446951;-3936;-5422;19097;16550
2;L1_hidden_target;Stopped;446964;-3936;-5422;19097;16550
2;L1_hidden_target;Stopped;446977;-3936;-5422;19097;16550
2;L1_hidden_target;Stopped;446991;-3936;-5422;19097;16550
2;L1_hidden_target;Stopped;447008;-3936;-5422;19097;16550
2;L1_hidden_target;Stopped;447021;-3936;-5422;19097;16550
2;L1_hidden_target;Stopped;447036;-3936;-5422;19097;16550
2;L1_hidden_target;Stopped;447049;-3936;-5422;19097;16550
2;L1_hidden_target;Stopped;447058;-3936;-5422;19097;16550
2;L1_hidden_target;Stopped;447071;-3936;-5422;19097;16550
2;L1_hidden_target;Stopped;447085;-3936;-5422;19097;16550
2;L1_hidden_target;Stopped;447098;-3936;-5422;19097;16550
2;L1_hidden_target;Stopped;447111;-3936;-5422;19097;16550
2;L1_hidden_target;Stopped;447124;-3936;-5422;19097;16550
2;L1_hidden_target;Stopped;447138;-3936;-5422;19097;16550
2;L1_hidden_target;Stopped;447151;-3936;-5422;19097;16550
2;L1_hidden_target;Stopped;447164;-3936;-5422;19097;16550
2;L1_hidden_target;Stopped;447178;-3936;-5422;19097;16550
2;L1_hidden_target;Stopped;447191;-3936;-5422;19097;16550
2;L1_hidden_target;Stopped;447205;-3936;-5422;19097;16550
2;L1_hidden_target;Stopped;447218;-3936;-5422;19097;16550
2;L1_hidden_target;Stopped;447233;-3936;-5422;19097;16550
2;L1_hidden_target;Stopped;447245;-3936;-5422;19097;16550
2;L1_hidden_target;Stopped;447258;-3936;-5422;19097;16550
2;L1_hidden_target;Stopped;447270;-3936;-5422;19097;16550
2;L1_hidden_target;Stopped;447288;-3936;-5422;19097;16550
2;L1_hidden_target;Stopped;447301;-3936;-5422;19097;16550
2;L1_hidden_target;Stopped;447314;-3936;-5422;19097;16550
2;L1_hidden_target;Stopped;447324;-3936;-5422;19097;16550
2;L1_hidden_target;End;461037;-3936;-5422;19097;16550
3;M1_cued_target;Begin;461037;7000;7000;0;0
3;M1_cued_target;Stopped;619620;-3683;-6224;27373;17000
3;M1_cued_target;Stopped;619637;-3683;-6224;27373;17000
3;M1_cued_target;Stopped;619648;-3683;-6224;27373;17000
3;M1_cued_target;Stopped;619662;-3683;-6224;27373;17000
3;M1_cued_target;Stopped;619673;-3683;-6224;27373;17000
3;M1_cued_target;Stopped;619687;-3683;-6224;27373;17000
3;M1_cued_target;Stopped;619700;-3683;-6224;27373;17000
3;M1_cued_target;Stopped;619713;-3683;-6224;27373;17000
3;M1_cued_target;Stopped;619727;-3683;-6224;27373;17000
3;M1_cued_target;Stopped;619742;-3683;-6224;27373;17000
3;M1_cued_target;Stopped;619757;-3683;-6224;27373;17000
3;M1_cued_target;Stopped;619768;-3683;-6224;27373;17000
3;M1_cued_target;Stopped;619781;-3683;-6224;27373;17000
3;M1_cued_target;Stopped;619793;-3683;-6224;27373;17000
3;M1_cued_target;Stopped;619807;-3683;-6224;27373;17000
3;M1_cued_target;Stopped;619820;-3683;-6224;27373;17000
3;M1_cued_target;Stopped;619833;-3683;-6224;27373;17000
3;M1_cued_target;Stopped;619847;-3683;-6224;27373;17000
3;M1_cued_target;Stopped;619860;-3683;-6224;27373;17000
3;M1_cued_target;Stopped;619873;-3683;-6224;27373;17000
3;M1_cued_target;Stopped;619887;-3683;-6224;27373;17000
3;M1_cued_target;Stopped;619900;-3683;-6224;27373;17000
3;M1_cued_target;Stopped;619913;-3683;-6224;27373;17000
3;M1_cued_target;Stopped;619926;-3683;-6224;27373;17000
3;M1_cued_target;Stopped;619940;-3683;-6224;27373;17000
3;M1_cued_target;Stopped;619953;-3683;-6224;27373;17000
3;M1_cued_target;Stopped;619967;-3683;-6224;27373;17000
3;M1_cued_target;Stopped;619980;-3683;-6224;27373;17000
3;M1_cued_target;Stopped;619993;-3683;-6224;27373;17000
3;M1_cued_target;Stopped;620006;-3683;-6224;27373;17000
3;M1_cued_target;Stopped;620020;-3683;-6224;27373;17000
3;M1_cued_target;Stopped;620033;-3683;-6224;27373;17000
3;M1_cued_target;Stopped;620046;-3683;-6224;27373;17000
3;M1_cued_target;Stopped;620060;-3683;-6224;27373;17000
3;M1_cued_target;Stopped;620073;-3683;-6224;27373;17000
3;M1_cued_target;Stopped;620087;-3683;-6224;27373;17000
3;M1_cued_target;Stopped;620100;-3683;-6224;27373;17000
3;M1_cued_target;Stopped;620113;-3683;-6224;27373;17000
3;M1_cued_target;Stopped;620126;-3683;-6224;27373;17000
3;M1_cued_target;Stopped;620140;-3683;-6224;27373;17000
3;M1_cued_target;Stopped;620153;-3683;-6224;27373;17000
3;M1_cued_target;Stopped;620166;-3683;-6224;27373;17000
3;M1_cued_target;Stopped;620180;-3683;-6224;27373;17000
3;M1_cued_target;Stopped;620193;-3683;-6224;27373;17000
3;M1_cued_target;Stopped;620206;-3683;-6224;27373;17000
3;M1_cued_target;Stopped;620220;-3683;-6224;27373;17000
3;M1_cued_target;Stopped;620233;-3683;-6224;27373;17000
3;M1_cued_target;Stopped;620246;-3683;-6224;27373;17000
3;M1_cued_target;Stopped;620260;-3683;-6224;27373;17000
3;M1_cued_target;Stopped;620273;-3683;-6224;27373;17000
3;M1_cued_target;Stopped;620286;-3683;-6224;27373;17000
3;M1_cued_target;Stopped;620300;-3683;-6224;27373;17000
3;M1_cued_target;Stopped;620317;-3683;-6224;27373;17000
3;M1_cued_target;Stopped;620330;-3683;-6224;27373;17000
3;M1_cued_target;Stopped;620340;-3683;-6224;27373;17000
3;M1_cued_target;Stopped;620353;-3683;-6224;27373;17000
3;M1_cued_target;Stopped;620366;-3683;-6224;27373;17000
3;M1_cued_target;Stopped;620379;-3683;-6224;27373;17000
3;M1_cued_target;Stopped;620392;-3683;-6224;27373;17000
3;M1_cued_target;Stopped;620406;-3683;-6224;27373;17000
3;M1_cued_target;Stopped;620419;-3683;-6224;27373;17000
3;M1_cued_target;Stopped;620432;-3683;-6224;27373;17000
3;M1_cued_target;Stopped;620446;-3683;-6224;27373;17000
3;M1_cued_target;Stopped;620459;-3683;-6224;27373;17000
3;M1_cued_target;Stopped;620477;-3683;-6224;27373;17000
3;M1_cued_target;Stopped;620490;-3683;-6224;27373;17000
3;M1_cued_target;Stopped;620527;-3683;-6224;27373;17000
3;M1_cued_target;Stopped;620540;-3683;-6224;27373;17000
3;M1_cued_target;Stopped;620553;-3683;-6224;27373;17000
3;M1_cued_target;Stopped;620566;-3683;-6224;27373;17000
3;M1_cued_target;Stopped;620580;-3683;-6224;27373;17000
3;M1_cued_target;Stopped;620593;-3683;-6224;27373;17000
3;M1_cued_target;Stopped;620606;-3683;-6224;27373;17000
3;M1_cued_target;Stopped;620620;-3683;-6224;27373;17000
3;M1_cued_target;Stopped;620633;-3683;-6224;27373;17000
3;M1_cued_target;Stopped;620646;-3683;-6224;27373;17000
3;M1_cued_target;Stopped;620660;-3683;-6224;27373;17000
3;M1_cued_target;Stopped;620673;-3683;-6224;27373;17000
3;M1_cued_target;Stopped;620686;-3683;-6224;27373;17000
3;M1_cued_target;Stopped;620700;-3683;-6224;27373;17000
3;M1_cued_target;Stopped;620713;-3683;-6224;27373;17000
3;M1_cued_target;Stopped;620726;-3683;-6224;27373;17000
3;M1_cued_target;Stopped;620740;-3683;-6224;27373;17000
3;M1_cued_target;Stopped;620753;-3683;-6224;27373;17000
3;M1_cued_target;Stopped;620766;-3683;-6224;27373;17000
3;M1_cued_target;Stopped;620780;-3683;-6224;27373;17000
3;M1_cued_target;Stopped;620793;-3683;-6224;27373;17000
3;M1_cued_target;Stopped;620806;-3683;-6224;27373;17000
3;M1_cued_target;Stopped;620820;-3683;-6224;27373;17000
3;M1_cued_target;Stopped;620833;-3683;-6224;27373;17000
3;M1_cued_target;Stopped;620846;-3683;-6224;27373;17000
3;M1_cued_target;Stopped;620860;-3683;-6224;27373;17000
3;M1_cued_target;Stopped;620873;-3683;-6224;27373;17000
3;M1_cued_target;End;634641;-3683;-6224;27373;17000
4;L2_hidden_target;Begin;634641;7000;-7000;0;0
4;L2_hidden_target;Stopped;804286;5057;8626;31392;15746
4;L2_hidden_target;Stopped;804300;5057;8626;31392;15746
4;L2_hidden_target;Stopped;804313;5057;8626;31392;15746
4;L2_hidden_target;Stopped;804326;5057;8626;31392;15746
4;L2_hidden_target;Stopped;1259574;-3689;-5619;94147;10778
4;L2_hidden_target;Stopped;1259587;-3689;-5619;94147;10778
4;L2_hidden_target;Stopped;1259601;-3689;-5619;94147;10778
4;L2_hidden_target;Stopped;1259614;-3689;-5619;94147;10778
4;L2_hidden_target;Stopped;1259628;-3689;-5619;94147;10778
4;L2_hidden_target;Stopped;1259641;-3689;-5619;94147;10778
4;L2_hidden_target;Stopped;1259654;-3689;-5619;94147;10778
4;L2_hidden_target;Stopped;1259668;-3689;-5619;94147;10778
4;L2_hidden_target;Stopped;1259681;-3689;-5619;94147;10778
4;L2_hidden_target;Stopped;1259694;-3689;-5619;94147;10778
4;L2_hidden_target;Stopped;1259708;-3689;-5619;94147;10778
4;L2_hidden_target;Stopped;1259721;-3689;-5619;94147;10778
4;L2_hidden_target;Stopped;1259734;-3689;-5619;94147;10778
4;L2_hidden_target;Stopped;1259748;-3689;-5619;94147;10778
4;L2_hidden_target;Stopped;1259761;-3689;-5619;94147;10778
4;L2_hidden_target;Stopped;1259774;-3689;-5619;94147;10778
4;L2_hidden_target;Stopped;1259788;-3689;-5619;94147;10778
4;L2_hidden_target;Stopped;1259801;-3689;-5619;94147;10778
4;L2_hidden_target;Stopped;1259814;-3689;-5619;94147;10778
4;L2_hidden_target;Stopped;1259828;-3689;-5619;94147;10778
4;L2_hidden_target;Stopped;1259841;-3689;-5619;94147;10778
4;L2_hidden_target;Stopped;1259854;-3689;-5619;94147;10778
4;L2_hidden_target;Stopped;1259868;-3689;-5619;94147;10778
4;L2_hidden_target;Stopped;1259881;-3689;-5619;94147;10778
4;L2_hidden_target;Stopped;1259894;-3689;-5619;94147;10778
4;L2_hidden_target;Stopped;1259908;-3689;-5619;94147;10778
4;L2_hidden_target;Stopped;1259921;-3689;-5619;94147;10778
4;L2_hidden_target;Stopped;1259934;-3689;-5619;94147;10778
4;L2_hidden_target;Stopped;1259948;-3689;-5619;94147;10778
4;L2_hidden_target;Stopped;1259961;-3689;-5619;94147;10778
4;L2_hidden_target;Stopped;1259974;-3689;-5619;94147;10778
4;L2_hidden_target;Stopped;1259988;-3689;-5619;94147;10778
4;L2_hidden_target;Stopped;1260001;-3689;-5619;94147;10778
4;L2_hidden_target;Stopped;1260014;-3689;-5619;94147;10778
4;L2_hidden_target;Stopped;1260028;-3689;-5619;94147;10778
4;L2_hidden_target;Stopped;1260041;-3689;-5619;94147;10778
4;L2_hidden_target;Stopped;1260054;-3689;-5619;94147;10778
4;L2_hidden_target;Stopped;1260067;-3689;-5619;94147;10778
4;L2_hidden_target;Stopped;1260081;-3689;-5619;94147;10778
4;L2_hidden_target;Stopped;1260094;-3689;-5619;94147;10778
4;L2_hidden_target;Stopped;1260107;-3689;-5619;94147;10778
4;L2_hidden_target;End;1274600;-3689;-5619;94147;10778
5;M2_cued_target;Begin;1274600;7000;-7000;0;0
5;M2_cued_target;Stopped;1347316;-3683;-6581;11966;10691
5;M2_cued_target;Stopped;1347329;-3683;-6581;11966;10691
5;M2_cued_target;Stopped;1347343;-3683;-6581;11966;10691
5;M2_cued_target;Stopped;1347355;-3683;-6581;11966;10691
5;M2_cued_target;Stopped;1347369;-3683;-6581;11966;10691
5;M2_cued_target;Stopped;1347382;-3683;-6581;11966;10691
5;M2_cued_target;Stopped;1347395;-3683;-6581;11966;10691
5;M2_cued_target;Stopped;1347408;-3683;-6581;11966;10691
5;M2_cued_target;Stopped;1347425;-3683;-6581;11966;10691
5;M2_cued_target;Stopped;1347439;-3683;-6581;11966;10691
5;M2_cued_target;Stopped;1347452;-3683;-6581;11966;10691
5;M2_cued_target;Stopped;1347463;-3683;-6581;11966;10691
5;M2_cued_target;Stopped;1347476;-3683;-6581;11966;10691
5;M2_cued_target;Stopped;1347515;-3683;-6581;11966;10691
5;M2_cued_target;Stopped;1347529;-3683;-6581;11966;10691
5;M2_cued_target;Stopped;1347542;-3683;-6581;11966;10691
5;M2_cued_target;Stopped;1347560;-3683;-6581;11966;10691
5;M2_cued_target;Stopped;1347573;-3683;-6581;11966;10691
5;M2_cued_target;Stopped;1347584;-3683;-6581;11966;10691
5;M2_cued_target;Stopped;1347596;-3683;-6581;11966;10691
5;M2_cued_target;Stopped;1347609;-3683;-6581;11966;10691
5;M2_cued_target;Stopped;1347622;-3683;-6581;11966;10691
5;M2_cued_target;Stopped;1347635;-3683;-6581;11966;10691
5;M2_cued_target;Stopped;1347649;-3683;-6581;11966;10691
5;M2_cued_target;Stopped;1347662;-3683;-6581;11966;10691
5;M2_cued_target;Stopped;1347675;-3683;-6581;11966;10691
5;M2_cued_target;Stopped;1347689;-3683;-6581;11966;10691
5;M2_cued_target;Stopped;1347702;-3683;-6581;11966;10691
5;M2_cued_target;Stopped;1347715;-3683;-6581;11966;10691
5;M2_cued_target;Stopped;1347729;-3683;-6581;11966;10691
5;M2_cued_target;Stopped;1347742;-3683;-6581;11966;10691
5;M2_cued_target;Stopped;1347755;-3683;-6581;11966;10691
5;M2_cued_target;Stopped;1347769;-3683;-6581;11966;10691
5;M2_cued_target;Stopped;1347782;-3683;-6581;11966;10691
5;M2_cued_target;Stopped;1347795;-3683;-6581;11966;10691
5;M2_cued_target;Stopped;1347809;-3683;-6581;11966;10691
5;M2_cued_target;Stopped;1347822;-3683;-6581;11966;10691
5;M2_cued_target;Stopped;1347835;-3683;-6581;11966;10691
5;M2_cued_target;Stopped;1347848;-3683;-6581;11966;10691
5;M2_cued_target;Stopped;1347862;-3683;-6581;11966;10691
5;M2_cued_target;Stopped;1347875;-3683;-6581;11966;10691
5;M2_cued_target;Stopped;1347889;-3683;-6581;11966;10691
5;M2_cued_target;Stopped;1347902;-3683;-6581;11966;10691
5;M2_cued_target;Stopped;1347915;-3683;-6581;11966;10691
5;M2_cued_target;Stopped;1347928;-3683;-6581;11966;10691
5;M2_cued_target;Stopped;1347942;-3683;-6581;11966;10691
5;M2_cued_target;Stopped;1347955;-3683;-6581;11966;10691
5;M2_cued_target;Stopped;1347968;-3683;-6581;11966;10691
5;M2_cued_target;Stopped;1347982;-3683;-6581;11966;10691
5;M2_cued_target;Stopped;1347999;-3683;-6581;11966;10691
5;M2_cued_target;Stopped;1348012;-3683;-6581;11966;10691
5;M2_cued_target;Stopped;1348025;-3683;-6581;11966;10691
5;M2_cued_target;Stopped;1348035;-3683;-6581;11966;10691
5;M2_cued_target;Stopped;1348052;-3683;-6581;11966;10691
5;M2_cued_target;Stopped;1348064;-3683;-6581;11966;10691
5;M2_cued_target;Stopped;1348075;-3683;-6581;11966;10691
5;M2_cued_target;Stopped;1348089;-3683;-6581;11966;10691
5;M2_cued_target;Stopped;1348102;-3683;-6581;11966;10691
5;M2_cued_target;Stopped;1348115;-3683;-6581;11966;10691
5;M2_cued_target;Stopped;1348128;-3683;-6581;11966;10691
5;M2_cued_target;Stopped;1348142;-3683;-6581;11966;10691
5;M2_cued_target;Stopped;1348155;-3683;-6581;11966;10691
5;M2_cued_target;Stopped;1348168;-3683;-6581;11966;10691
5;M2_cued_target;Stopped;1348182;-3683;-6581;11966;10691
5;M2_cued_target;Stopped;1348195;-3683;-6581;11966;10691
5;M2_cued_target;Stopped;1348208;-3683;-6581;11966;10691
5;M2_cued_target;Stopped;1348222;-3683;-6581;11966;10691
5;M2_cued_target;Stopped;1348235;-3683;-6581;11966;10691
5;M2_cued_target;Stopped;1348248;-3683;-6581;11966;10691
5;M2_cued_target;Stopped;1348262;-3683;-6581;11966;10691
5;M2_cued_target;Stopped;1348275;-3683;-6581;11966;10691
5;M2_cued_target;Stopped;1348288;-3683;-6581;11966;10691
5;M2_cued_target;Stopped;1348302;-3683;-6581;11966;10691
5;M2_cued_target;Stopped;1348315;-3683;-6581;11966;10691
5;M2_cued_target;Stopped;1348327;-3683;-6581;11966;10691
5;M2_cued_target;Stopped;1348341;-3683;-6581;11966;10691
5;M2_cued_target;Stopped;1348354;-3683;-6581;11966;10691
5;M2_cued_target;Stopped;1348368;-3683;-6581;11966;10691
5;M2_cued_target;Stopped;1348381;-3683;-6581;11966;10691
5;M2_cued_target;Stopped;1348394;-3683;-6581;11966;10691
5;M2_cued_target;Stopped;1348407;-3683;-6581;11966;10691
5;M2_cued_target;Stopped;1348421;-3683;-6581;11966;10691
5;M2_cued_target;Stopped;1348434;-3683;-6581;11966;10691
5;M2_cued_target;Stopped;1348447;-3683;-6581;11966;10691
5;M2_cued_target;Stopped;1348461;-3683;-6581;11966;10691
5;M2_cued_target;Stopped;1348474;-3683;-6581;11966;10691
5;M2_cued_target;Stopped;1348514;-3683;-6581;11966;10691
5;M2_cued_target;Stopped;1348527;-3683;-6581;11966;10691
5;M2_cued_target;Stopped;1348541;-3683;-6581;11966;10691
5;M2_cued_target;Stopped;1348554;-3683;-6581;11966;10691
5;M2_cued_target;Stopped;1348567;-3683;-6581;11966;10691
5;M2_cued_target;End;1362340;-3683;-6581;11966;10691
6;L3_hidden_target;Begin;1362340;-7000;7000;0;0
6;L3_hidden_target;End;1497368;-4966;-5883;19354;13043
7;M1_cued_target;Begin;1497368;7000;7000;0;0
7;M1_cued_target;Stopped;1629733;-3682;-6098;23372;16902
7;M1_cued_target;Stopped;1629746;-3682;-6098;23372;16902
7;M1_cued_target;Stopped;1629760;-3682;-6098;23372;16902
7;M1_cued_target;Stopped;1629772;-3682;-6098;23372;16902
7;M1_cued_target;Stopped;1629786;-3682;-6098;23372;16902
7;M1_cued_target;Stopped;1629799;-3682;-6098;23372;16902
7;M1_cued_target;Stopped;1629812;-3682;-6098;23372;16902
7;M1_cued_target;Stopped;1629826;-3682;-6098;23372;16902
7;M1_cued_target;Stopped;1629839;-3682;-6098;23372;16902
7;M1_cued_target;Stopped;1629852;-3682;-6098;23372;16902
7;M1_cued_target;Stopped;1629866;-3682;-6098;23372;16902
7;M1_cued_target;Stopped;1629879;-3682;-6098;23372;16902
7;M1_cued_target;Stopped;1629892;-3682;-6098;23372;16902
7;M1_cued_target;Stopped;1629906;-3682;-6098;23372;16902
7;M1_cued_target;Stopped;1629919;-3682;-6098;23372;16902
7;M1_cued_target;Stopped;1629933;-3682;-6098;23372;16902
7;M1_cued_target;Stopped;1629946;-3682;-6098;23372;16902
7;M1_cued_target;Stopped;1629959;-3682;-6098;23372;16902
7;M1_cued_target;Stopped;1629972;-3682;-6098;23372;16902
7;M1_cued_target;Stopped;1629985;-3682;-6098;23372;16902
7;M1_cued_target;Stopped;1629998;-3682;-6098;23372;16902
7;M1_cued_target;Stopped;1630012;-3682;-6098;23372;16902
7;M1_cued_target;Stopped;1630025;-3682;-6098;23372;16902
7;M1_cued_target;Stopped;1630038;-3682;-6098;23372;16902
7;M1_cued_target;Stopped;1630052;-3682;-6098;23372;16902
7;M1_cued_target;Stopped;1630065;-3682;-6098;23372;16902
7;M1_cued_target;Stopped;1630078;-3682;-6098;23372;16902
7;M1_cued_target;Stopped;1630092;-3682;-6098;23372;16902
7;M1_cued_target;Stopped;1630106;-3682;-6098;23372;16902
7;M1_cued_target;Stopped;1630119;-3682;-6098;23372;16902
7;M1_cued_target;Stopped;1630132;-3682;-6098;23372;16902
7;M1_cued_target;Stopped;1630146;-3682;-6098;23372;16902
7;M1_cued_target;Stopped;1630159;-3682;-6098;23372;16902
7;M1_cued_target;Stopped;1630172;-3682;-6098;23372;16902
7;M1_cued_target;Stopped;1630186;-3682;-6098;23372;16902
7;M1_cued_target;Stopped;1630199;-3682;-6098;23372;16902
7;M1_cued_target;Stopped;1630216;-3682;-6098;23372;16902
7;M1_cued_target;Stopped;1630229;-3682;-6098;23372;16902
7;M1_cued_target;Stopped;1630241;-3682;-6098;23372;16902
7;M1_cued_target;End;1644753;-3682;-6098;23372;16902
8;L2_hidden_target;Begin;1644753;7000;-7000;0;0
8;L2_hidden_target;Stopped;1771095;2331;8274;21646;15972
8;L2_hidden_target;Stopped;1771108;2331;8274;21646;15972
8;L2_hidden_target;Stopped;1771122;2331;8274;21646;15972
8;L2_hidden_target;Stopped;1771135;2331;8274;21646;15972
8;L2_hidden_target;Stopped;1771149;2331;8274;21646;15972
8;L2_hidden_target;Stopped;1771162;2331;8274;21646;15972
8;L2_hidden_target;Stopped;1771175;2331;8274;21646;15972
8;L2_hidden_target;End;1779785;2331;8274;21646;15972
9;M3_cued_target;Begin;1779785;-7000;7000;0;0
9;M3_cued_target;Stopped;1912390;-3682;-6029;23965;13445
9;M3_cued_target;Stopped;1912406;-3682;-6029;23965;13445
9;M3_cued_target;Stopped;1912418;-3682;-6029;23965;13445
9;M3_cued_target;Stopped;1912430;-3682;-6029;23965;13445
9;M3_cued_target;Stopped;1912444;-3682;-6029;23965;13445
9;M3_cued_target;Stopped;1912456;-3682;-6029;23965;13445
9;M3_cued_target;Stopped;1912470;-3682;-6029;23965;13445
9;M3_cued_target;Stopped;1912497;-3682;-6029;23965;13445
9;M3_cued_target;Stopped;1912514;-3682;-6029;23965;13445
9;M3_cued_target;Stopped;1912527;-3682;-6029;23965;13445
9;M3_cued_target;Stopped;1912538;-3682;-6029;23965;13445
9;M3_cued_target;Stopped;1912550;-3682;-6029;23965;13445
9;M3_cued_target;Stopped;1912563;-3682;-6029;23965;13445
9;M3_cued_target;Stopped;1912576;-3682;-6029;23965;13445
9;M3_cued_target;Stopped;1912594;-3682;-6029;23965;13445
9;M3_cued_target;Stopped;1912606;-3682;-6029;23965;13445
9;M3_cued_target;Stopped;1912619;-3682;-6029;23965;13445
9;M3_cued_target;Stopped;1912629;-3682;-6029;23965;13445
9;M3_cued_target;Stopped;1912642;-3682;-6029;23965;13445
9;M3_cued_target;Stopped;1912656;-3682;-6029;23965;13445
9;M3_cued_target;Stopped;1912673;-3682;-6029;23965;13445
9;M3_cued_target;Stopped;1912686;-3682;-6029;23965;13445
9;M3_cued_target;Stopped;1912697;-3682;-6029;23965;13445
9;M3_cued_target;Stopped;1912711;-3682;-6029;23965;13445
9;M3_cued_target;Stopped;1912723;-3682;-6029;23965;13445
9;M3_cued_target;Stopped;1912736;-3682;-6029;23965;13445
9;M3_cued_target;Stopped;1912750;-3682;-6029;23965;13445
9;M3_cued_target;Stopped;1912763;-3682;-6029;23965;13445
9;M3_cued_target;Stopped;1912777;-3682;-6029;23965;13445
9;M3_cued_target;Stopped;1912790;-3682;-6029;23965;13445
9;M3_cued_target;Stopped;1912803;-3682;-6029;23965;13445
9;M3_cued_target;Stopped;1912817;-3682;-6029;23965;13445
9;M3_cued_target;Stopped;1912830;-3682;-6029;23965;13445
9;M3_cued_target;End;1927410;-3682;-6029;23965;13445
10;L1_hidden_target;Begin;1927410;7000;7000;0;0
10;L1_hidden_target;Stopped;2104841;-3691;-5632;31990;16549
10;L1_hidden_target;Stopped;2104859;-3691;-5632;31990;16549
10;L1_hidden_target;Stopped;2104870;-3691;-5632;31990;16549
10;L1_hidden_target;Stopped;2104883;-3691;-5632;31990;16549
10;L1_hidden_target;Stopped;2104895;-3691;-5632;31990;16549
10;L1_hidden_target;Stopped;2104908;-3691;-5632;31990;16549
10;L1_hidden_target;Stopped;2104921;-3691;-5632;31990;16549
10;L1_hidden_target;Stopped;2104935;-3691;-5632;31990;16549
10;L1_hidden_target;Stopped;2104948;-3691;-5632;31990;16549
10;L1_hidden_target;Stopped;2104961;-3691;-5632;31990;16549
10;L1_hidden_target;Stopped;2104975;-3691;-5632;31990;16549
10;L1_hidden_target;Stopped;2104992;-3691;-5632;31990;16549
10;L1_hidden_target;Stopped;2105001;-3691;-5632;31990;16549
10;L1_hidden_target;Stopped;2105015;-3691;-5632;31990;16549
10;L1_hidden_target;Stopped;2105028;-3691;-5632;31990;16549
10;L1_hidden_target;Stopped;2105041;-3691;-5632;31990;16549
10;L1_hidden_target;Stopped;2105055;-3691;-5632;31990;16549
10;L1_hidden_target;Stopped;2105072;-3691;-5632;31990;16549
10;L1_hidden_target;Stopped;2105082;-3691;-5632;31990;16549
10;L1_hidden_target;Stopped;2105096;-3691;-5632;31990;16549
10;L1_hidden_target;Stopped;2105108;-3691;-5632;31990;16549
10;L1_hidden_target;Stopped;2105122;-3691;-5632;31990;16549
10;L1_hidden_target;Stopped;2105135;-3691;-5632;31990;16549
10;L1_hidden_target;Stopped;2105148;-3691;-5632;31990;16549
10;L1_hidden_target;Stopped;2105161;-3691;-5632;31990;16549
10;L1_hidden_target;Stopped;2105178;-3691;-5632;31990;16549
10;L1_hidden_target;Stopped;2105191;-3691;-5632;31990;16549
10;L1_hidden_target;Stopped;2105201;-3691;-5632;31990;16549
10;L1_hidden_target;Stopped;2105214;-3691;-5632;31990;16549
10;L1_hidden_target;Stopped;2105227;-3691;-5632;31990;16549
10;L1_hidden_target;Stopped;2105241;-3691;-5632;31990;16549
10;L1_hidden_target;Stopped;2105254;-3691;-5632;31990;16549
10;L1_hidden_target;Stopped;2105267;-3691;-5632;31990;16549
10;L1_hidden_target;Stopped;2105281;-3691;-5632;31990;16549
10;L1_hidden_target;Stopped;2105294;-3691;-5632;31990;16549
10;L1_hidden_target;Stopped;2105307;-3691;-5632;31990;16549
10;L1_hidden_target;Stopped;2105321;-3691;-5632;31990;16549
10;L1_hidden_target;Stopped;2105334;-3691;-5632;31990;16549
10;L1_hidden_target;Stopped;2105347;-3691;-5632;31990;16549
10;L1_hidden_target;Stopped;2105360;-3691;-5632;31990;16549
10;L1_hidden_target;Stopped;2105374;-3691;-5632;31990;16549
10;L1_hidden_target;End;2119862;-3691;-5632;31990;16549
11;M2_cued_target;Begin;2119862;7000;-7000;0;0
11;M2_cued_target;Stopped;2183784;-3682;-6400;11998;10699
11;M2_cued_target;Stopped;2183797;-3682;-6400;11998;10699
11;M2_cued_target;Stopped;2183811;-3682;-6400;11998;10699
11;M2_cued_target;Stopped;2183824;-3682;-6400;11998;10699
11;M2_cued_target;Stopped;2183838;-3682;-6400;11998;10699
11;M2_cued_target;Stopped;2183851;-3682;-6400;11998;10699
11;M2_cued_target;Stopped;2183864;-3682;-6400;11998;10699
11;M2_cued_target;Stopped;2183878;-3682;-6400;11998;10699
11;M2_cued_target;Stopped;2183891;-3682;-6400;11998;10699
11;M2_cued_target;Stopped;2183904;-3682;-6400;11998;10699
11;M2_cued_target;Stopped;2183922;-3682;-6400;11998;10699
11;M2_cued_target;Stopped;2183935;-3682;-6400;11998;10699
11;M2_cued_target;Stopped;2183946;-3682;-6400;11998;10699
11;M2_cued_target;Stopped;2183958;-3682;-6400;11998;10699
11;M2_cued_target;Stopped;2183971;-3682;-6400;11998;10699
11;M2_cued_target;Stopped;2183984;-3682;-6400;11998;10699
11;M2_cued_target;Stopped;2183998;-3682;-6400;11998;10699
11;M2_cued_target;Stopped;2184011;-3682;-6400;11998;10699
11;M2_cued_target;Stopped;2184024;-3682;-6400;11998;10699
11;M2_cued_target;Stopped;2184038;-3682;-6400;11998;10699
11;M2_cued_target;Stopped;2184051;-3682;-6400;11998;10699
11;M2_cued_target;Stopped;2184064;-3682;-6400;11998;10699
11;M2_cued_target;Stopped;2184078;-3682;-6400;11998;10699
11;M2_cued_target;Stopped;2184091;-3682;-6400;11998;10699
11;M2_cued_target;Stopped;2184104;-3682;-6400;11998;10699
11;M2_cued_target;Stopped;2184118;-3682;-6400;11998;10699
11;M2_cued_target;Stopped;2184131;-3682;-6400;11998;10699
11;M2_cued_target;Stopped;2184144;-3682;-6400;11998;10699
11;M2_cued_target;Stopped;2184158;-3682;-6400;11998;10699
11;M2_cued_target;Stopped;2184171;-3682;-6400;11998;10699
11;M2_cued_target;Stopped;2184184;-3682;-6400;11998;10699
11;M2_cued_target;Stopped;2184198;-3682;-6400;11998;10699
11;M2_cued_target;Stopped;2184213;-3682;-6400;11998;10699
11;M2_cued_target;Stopped;2184227;-3682;-6400;11998;10699
11;M2_cued_target;Stopped;2184241;-3682;-6400;11998;10699
11;M2_cued_target;Stopped;2184254;-3682;-6400;11998;10699
11;M2_cued_target;Stopped;2184267;-3682;-6400;11998;10699
11;M2_cued_target;Stopped;2184277;-3682;-6400;11998;10699
11;M2_cued_target;Stopped;2184291;-3682;-6400;11998;10699
11;M2_cued_target;Stopped;2184304;-3682;-6400;11998;10699
11;M2_cued_target;Stopped;2184318;-3682;-6400;11998;10699
11;M2_cued_target;Stopped;2184331;-3682;-6400;11998;10699
11;M2_cued_target;Stopped;2184344;-3682;-6400;11998;10699
11;M2_cued_target;Stopped;2184358;-3682;-6400;11998;10699
11;M2_cued_target;Stopped;2184371;-3682;-6400;11998;10699
11;M2_cued_target;Stopped;2184384;-3682;-6400;11998;10699
11;M2_cued_target;Stopped;2184398;-3682;-6400;11998;10699
11;M2_cued_target;Stopped;2184411;-3682;-6400;11998;10699
11;M2_cued_target;Stopped;2184424;-3682;-6400;11998;10699
11;M2_cued_target;Stopped;2184437;-3682;-6400;11998;10699
11;M2_cued_target;Stopped;2184451;-3682;-6400;11998;10699
11;M2_cued_target;End;2198805;-3682;-6400;11998;10699
12;L3_hidden_target;Begin;2198805;-7000;7000;0;0
12;L3_hidden_target;End;2333837;-4149;-5420;25366;12743
13;M3_cued_target;Begin;2333837;-7000;7000;0;0
13;M3_cued_target;Stopped;2481049;-3681;-6071;29517;13485
13;M3_cued_target;Stopped;2481062;-3681;-6071;29517;13485
13;M3_cued_target;Stopped;2481076;-3681;-6071;29517;13485
13;M3_cued_target;Stopped;2481089;-3681;-6071;29517;13485
13;M3_cued_target;Stopped;2481102;-3681;-6071;29517;13485
13;M3_cued_target;Stopped;2481116;-3681;-6071;29517;13485
13;M3_cued_target;Stopped;2481129;-3681;-6071;29517;13485
13;M3_cued_target;Stopped;2481142;-3681;-6071;29517;13485
13;M3_cued_target;Stopped;2481156;-3681;-6071;29517;13485
13;M3_cued_target;Stopped;2481169;-3681;-6071;29517;13485
13;M3_cued_target;Stopped;2481182;-3681;-6071;29517;13485
13;M3_cued_target;Stopped;2481196;-3681;-6071;29517;13485
13;M3_cued_target;Stopped;2481209;-3681;-6071;29517;13485
13;M3_cued_target;Stopped;2481222;-3681;-6071;29517;13485
13;M3_cued_target;Stopped;2481236;-3681;-6071;29517;13485
13;M3_cued_target;Stopped;2481249;-3681;-6071;29517;13485
13;M3_cued_target;Stopped;2481262;-3681;-6071;29517;13485
13;M3_cued_target;Stopped;2481276;-3681;-6071;29517;13485
13;M3_cued_target;Stopped;2481289;-3681;-6071;29517;13485
13;M3_cued_target;Stopped;2481302;-3681;-6071;29517;13485
13;M3_cued_target;Stopped;2481315;-3681;-6071;29517;13485
13;M3_cued_target;Stopped;2481329;-3681;-6071;29517;13485
13;M3_cued_target;Stopped;2481342;-3681;-6071;29517;13485
13;M3_cued_target;Stopped;2481355;-3681;-6071;29517;13485
13;M3_cued_target;Stopped;2481369;-3681;-6071;29517;13485
13;M3_cued_target;Stopped;2481382;-3681;-6071;29517;13485
13;M3_cued_target;Stopped;2481395;-3681;-6071;29517;13485
13;M3_cued_target;Stopped;2481409;-3681;-6071;29517;13485
13;M3_cued_target;Stopped;2481422;-3681;-6071;29517;13485
13;M3_cued_target;Stopped;2481435;-3681;-6071;29517;13485
13;M3_cued_target;Stopped;2481449;-3681;-6071;29517;13485
13;M3_cued_target;Stopped;2481462;-3681;-6071;29517;13485
13;M3_cued_target;Stopped;2481489;-3681;-6071;29517;13485
13;M3_cued_target;Stopped;2481502;-3681;-6071;29517;13485
13;M3_cued_target;Stopped;2481516;-3681;-6071;29517;13485
13;M3_cued_target;Stopped;2481529;-3681;-6071;29517;13485
13;M3_cued_target;Stopped;2481542;-3681;-6071;29517;13485
13;M3_cued_target;Stopped;2481556;-3681;-6071;29517;13485
13;M3_cued_target;End;2496071;-3681;-6071;29517;13485
14;L2_hidden_target;Begin;2496071;6999;-7000;0;0
14;L2_hidden_target;Stopped;2604697;-3857;-6698;17690;10861
14;L2_hidden_target;Stopped;2604711;-3857;-6698;17690;10861
14;L2_hidden_target;Stopped;2604724;-3857;-6698;17690;10861
14;L2_hidden_target;Stopped;2604738;-3857;-6698;17690;10861
14;L2_hidden_target;Stopped;2604751;-3857;-6698;17690;10861
14;L2_hidden_target;Stopped;2604764;-3857;-6698;17690;10861
14;L2_hidden_target;Stopped;2604778;-3857;-6698;17690;10861
14;L2_hidden_target;Stopped;2604791;-3857;-6698;17690;10861
14;L2_hidden_target;Stopped;2604804;-3857;-6698;17690;10861
14;L2_hidden_target;Stopped;2604818;-3857;-6698;17690;10861
14;L2_hidden_target;Stopped;2604831;-3857;-6698;17690;10861
14;L2_hidden_target;Stopped;2604844;-3857;-6698;17690;10861
14;L2_hidden_target;Stopped;2604858;-3857;-6698;17690;10861
14;L2_hidden_target;Stopped;2604871;-3857;-6698;17690;10861
14;L2_hidden_target;Stopped;2604884;-3857;-6698;17690;10861
14;L2_hidden_target;Stopped;2604897;-3857;-6698;17690;10861
14;L2_hidden_target;Stopped;2604911;-3857;-6698;17690;10861
14;L2_hidden_target;Stopped;2604924;-3857;-6698;17690;10861
14;L2_hidden_target;End;2619719;-3857;-6698;17690;10861
15;M1_cued_target;Begin;2619719;7000;7000;0;0
15;M1_cued_target;Stopped;2735490;-3682;-6190;23258;16973
15;M1_cued_target;Stopped;2735507;-3682;-6190;23258;16973
15;M1_cued_target;Stopped;2735520;-3682;-6190;23258;16973
15;M1_cued_target;Stopped;2735530;-3682;-6190;23258;16973
15;M1_cued_target;Stopped;2735543;-3682;-6190;23258;16973
15;M1_cued_target;Stopped;2735557;-3682;-6190;23258;16973
15;M1_cued_target;Stopped;2735570;-3682;-6190;23258;16973
15;M1_cued_target;Stopped;2735587;-3682;-6190;23258;16973
15;M1_cued_target;Stopped;2735601;-3682;-6190;23258;16973
15;M1_cued_target;Stopped;2735610;-3682;-6190;23258;16973
15;M1_cued_target;Stopped;2735623;-3682;-6190;23258;16973
15;M1_cued_target;Stopped;2735637;-3682;-6190;23258;16973
15;M1_cued_target;Stopped;2735653;-3682;-6190;23258;16973
15;M1_cued_target;Stopped;2735663;-3682;-6190;23258;16973
15;M1_cued_target;Stopped;2735677;-3682;-6190;23258;16973
15;M1_cued_target;Stopped;2735690;-3682;-6190;23258;16973
15;M1_cued_target;Stopped;2735707;-3682;-6190;23258;16973
15;M1_cued_target;Stopped;2735720;-3682;-6190;23258;16973
15;M1_cued_target;Stopped;2735730;-3682;-6190;23258;16973
15;M1_cued_target;Stopped;2735743;-3682;-6190;23258;16973
15;M1_cued_target;Stopped;2735756;-3682;-6190;23258;16973
15;M1_cued_target;Stopped;2735770;-3682;-6190;23258;16973
15;M1_cued_target;Stopped;2735783;-3682;-6190;23258;16973
15;M1_cued_target;Stopped;2735797;-3682;-6190;23258;16973
15;M1_cued_target;Stopped;2735810;-3682;-6190;23258;16973
15;M1_cued_target;Stopped;2735823;-3682;-6190;23258;16973
15;M1_cued_target;Stopped;2735837;-3682;-6190;23258;16973
15;M1_cued_target;Stopped;2735853;-3682;-6190;23258;16973
15;M1_cued_target;Stopped;2735867;-3682;-6190;23258;16973
15;M1_cued_target;Stopped;2735879;-3682;-6190;23258;16973
15;M1_cued_target;Stopped;2735893;-3682;-6190;23258;16973
15;M1_cued_target;Stopped;2735907;-3682;-6190;23258;16973
15;M1_cued_target;Stopped;2735917;-3682;-6190;23258;16973
15;M1_cued_target;Stopped;2735931;-3682;-6190;23258;16973
15;M1_cued_target;Stopped;2735943;-3682;-6190;23258;16973
15;M1_cued_target;Stopped;2735956;-3682;-6190;23258;16973
15;M1_cued_target;Stopped;2735973;-3682;-6190;23258;16973
15;M1_cued_target;Stopped;2735988;-3682;-6190;23258;16973
15;M1_cued_target;Stopped;2736000;-3682;-6190;23258;16973
15;M1_cued_target;Stopped;2736011;-3682;-6190;23258;16973
15;M1_cued_target;Stopped;2736024;-3682;-6190;23258;16973
15;M1_cued_target;Stopped;2736037;-3682;-6190;23258;16973
15;M1_cued_target;Stopped;2736050;-3682;-6190;23258;16973
15;M1_cued_target;Stopped;2736064;-3682;-6190;23258;16973
15;M1_cued_target;Stopped;2736077;-3682;-6190;23258;16973
15;M1_cued_target;Stopped;2736090;-3682;-6190;23258;16973
15;M1_cued_target;Stopped;2736104;-3682;-6190;23258;16973
15;M1_cued_target;Stopped;2736117;-3682;-6190;23258;16973
15;M1_cued_target;Stopped;2736130;-3682;-6190;23258;16973
15;M1_cued_target;Stopped;2736144;-3682;-6190;23258;16973
15;M1_cued_target;Stopped;2736157;-3682;-6190;23258;16973
15;M1_cued_target;Stopped;2736170;-3682;-6190;23258;16973
15;M1_cued_target;Stopped;2736184;-3682;-6190;23258;16973
15;M1_cued_target;Stopped;2736197;-3682;-6190;23258;16973
15;M1_cued_target;Stopped;2736212;-3682;-6190;23258;16973
15;M1_cued_target;Stopped;2736226;-3682;-6190;23258;16973
15;M1_cued_target;Stopped;2736239;-3682;-6190;23258;16973
15;M1_cued_target;Stopped;2736250;-3682;-6190;23258;16973
15;M1_cued_target;Stopped;2736263;-3682;-6190;23258;16973
15;M1_cued_target;Stopped;2736276;-3682;-6190;23258;16973
15;M1_cued_target;Stopped;2736290;-3682;-6190;23258;16973
15;M1_cued_target;Stopped;2736307;-3682;-6190;23258;16973
15;M1_cued_target;Stopped;2736321;-3682;-6190;23258;16973
15;M1_cued_target;Stopped;2736331;-3682;-6190;23258;16973
15;M1_cued_target;Stopped;2736343;-3682;-6190;23258;16973
15;M1_cued_target;Stopped;2736357;-3682;-6190;23258;16973
15;M1_cued_target;Stopped;2736370;-3682;-6190;23258;16973
15;M1_cued_target;Stopped;2736383;-3682;-6190;23258;16973
15;M1_cued_target;End;2750511;-3682;-6190;23258;16973
16;L3_hidden_target;Begin;2750511;-7000;7000;0;0
16;L3_hidden_target;Stopped;2919492;-3686;-5501;28433;12932
16;L3_hidden_target;Stopped;2919505;-3686;-5501;28433;12932
16;L3_hidden_target;Stopped;2919519;-3686;-5501;28433;12932
16;L3_hidden_target;Stopped;2919532;-3686;-5501;28433;12932
16;L3_hidden_target;Stopped;2919545;-3686;-5501;28433;12932
16;L3_hidden_target;Stopped;2919559;-3686;-5501;28433;12932
16;L3_hidden_target;Stopped;2919572;-3686;-5501;28433;12932
16;L3_hidden_target;Stopped;2919585;-3686;-5501;28433;12932
16;L3_hidden_target;Stopped;2919599;-3686;-5501;28433;12932
16;L3_hidden_target;Stopped;2919612;-3686;-5501;28433;12932
16;L3_hidden_target;Stopped;2919625;-3686;-5501;28433;12932
16;L3_hidden_target;Stopped;2919639;-3686;-5501;28433;12932
16;L3_hidden_target;Stopped;2919652;-3686;-5501;28433;12932
16;L3_hidden_target;Stopped;2919665;-3686;-5501;28433;12932
16;L3_hidden_target;Stopped;2919679;-3686;-5501;28433;12932
16;L3_hidden_target;Stopped;2919692;-3686;-5501;28433;12932
16;L3_hidden_target;Stopped;2919705;-3686;-5501;28433;12932
16;L3_hidden_target;Stopped;2919719;-3686;-5501;28433;12932
16;L3_hidden_target;End;2934512;-3686;-5501;28433;12932
16;L3_hidden_target;Begin;2934512;-3686;-5501;28433;12932
16;L3_hidden_target;Stopped;2945441;-3686;-5501;28433;12932
16;L3_hidden_target;Stopped;2945455;-3686;-5501;28433;12932
16;L3_hidden_target;Stopped;2945481;-3686;-5501;28433;12932
16;L3_hidden_target;Stopped;2945495;-3686;-5501;28433;12932
16;L3_hidden_target;Stopped;2945508;-3686;-5501;28433;12932
16;L3_hidden_target;Stopped;2945521;-3686;-5501;28433;12932
16;L3_hidden_target;Stopped;2945535;-3686;-5501;28433;12932
16;L3_hidden_target;Stopped;2945548;-3686;-5501;28433;12932
16;L3_hidden_target;Stopped;2945561;-3686;-5501;28433;12932
16;L3_hidden_target;Stopped;2945575;-3686;-5501;28433;12932
16;L3_hidden_target;Stopped;2945588;-3686;-5501;28433;12932
16;L3_hidden_target;Stopped;2945601;-3686;-5501;28433;12932
16;L3_hidden_target;Stopped;2945615;-3686;-5501;28433;12932
16;L3_hidden_target;Stopped;2945628;-3686;-5501;28433;12932
16;L3_hidden_target;Stopped;2945641;-3686;-5501;28433;12932
16;L3_hidden_target;Stopped;2945655;-3686;-5501;28433;12932
16;L3_hidden_target;Stopped;2945668;-3686;-5501;28433;12932
16;L3_hidden_target;Stopped;2945681;-3686;-5501;28433;12932
16;L3_hidden_target;End;2949532;-3686;-5501;28433;12932
16;L3_hidden_target;Begin;2949532;-3686;-5501;28433;12932
