1;M3_cued_target;Stopped;62455;-4539;-5416;12709;12658
1;M3_cued_target;Stopped;62472;-4539;-5416;12709;12658
1;M3_cued_target;Stopped;62489;-4539;-5416;12709;12658
1;M3_cued_target;Stopped;62505;-4539;-5416;12709;12658
1;M3_cued_target;Stopped;62539;-4539;-5416;12709;12658
1;M3_cued_target;Stopped;62555;-4539;-5416;12709;12658
1;M3_cued_target;Stopped;62572;-4539;-5416;12709;12658
1;M3_cued_target;Stopped;62589;-4539;-5416;12709;12658
1;M3_cued_target;Stopped;62605;-4539;-5416;12709;12658
1;M3_cued_target;Stopped;62622;-4539;-5416;12709;12658
1;M3_cued_target;Stopped;62639;-4539;-5416;12709;12658
1;M3_cued_target;Stopped;62655;-4539;-5416;12709;12658
1;M3_cued_target;Stopped;62672;-4539;-5416;12709;12658
1;M3_cued_target;Stopped;62689;-4539;-5416;12709;12658
1;M3_cued_target;Stopped;62705;-4539;-5416;12709;12658
1;M3_cued_target;Stopped;62722;-4539;-5416;12709;12658
1;M3_cued_target;Stopped;62739;-4539;-5416;12709;12658
1;M3_cued_target;Stopped;62755;-4539;-5416;12709;12658
1;M3_cued_target;Stopped;62772;-4539;-5416;12709;12658
1;M3_cued_target;Stopped;62789;-4539;-5416;12709;12658
1;M3_cued_target;Stopped;62805;-4539;-5416;12709;12658
1;M3_cued_target;Stopped;62822;-4539;-5416;12709;12658
1;M3_cued_target;Stopped;62839;-4539;-5416;12709;12658
1;M3_cued_target;Stopped;62855;-4539;-5416;12709;12658
1;M3_cued_target;Stopped;62872;-4539;-5416;12709;12658
1;M3_cued_target;Stopped;62889;-4539;-5416;12709;12658
1;M3_cued_target;Stopped;62905;-4539;-5416;12709;12658
1;M3_cued_target;Stopped;62922;-4539;-5416;12709;12658
1;M3_cued_target;Stopped;62939;-4539;-5416;12709;12658
1;M3_cued_target;Stopped;62955;-4539;-5416;12709;12658
1;M3_cued_target;Stopped;62972;-4539;-5416;12709;12658
1;M3_cued_target;Stopped;62989;-4539;-5416;12709;12658
1;M3_cued_target;End;80817;-4539;-5416;12709;12658
2;L2_hidden_target;Begin;80817;7000;-7000;0;0
2;L2_hidden_target;Stopped;209477;-3682;-6036;90818;10725
2;L2_hidden_target;Stopped;209494;-3682;-6036;90818;10725
2;L2_hidden_target;Stopped;209527;-3682;-6036;90818;10725
2;L2_hidden_target;Stopped;209544;-3682;-6036;90818;10725
2;L2_hidden_target;Stopped;209561;-3682;-6036;90818;10725
2;L2_hidden_target;Stopped;209579;-3682;-6036;90818;10725
2;L2_hidden_target;Stopped;209597;-3682;-6036;90818;10725
2;L2_hidden_target;Stopped;209613;-3682;-6036;90818;10725
2;L2_hidden_target;Stopped;209627;-3682;-6036;90818;10725
2;L2_hidden_target;Stopped;209644;-3682;-6036;90818;10725
2;L2_hidden_target;Stopped;209661;-3682;-6036;90818;10725
2;L2_hidden_target;Stopped;209677;-3682;-6036;90818;10725
2;L2_hidden_target;Stopped;209694;-3682;-6036;90818;10725
2;L2_hidden_target;Stopped;209711;-3682;-6036;90818;10725
2;L2_hidden_target;Stopped;209727;-3682;-6036;90818;10725
2;L2_hidden_target;Stopped;209744;-3682;-6036;90818;10725
2;L2_hidden_target;Stopped;209761;-3682;-6036;90818;10725
2;L2_hidden_target;Stopped;209778;-3682;-6036;90818;10725
2;L2_hidden_target;Stopped;209796;-3682;-6036;90818;10725
2;L2_hidden_target;Stopped;209812;-3682;-6036;90818;10725
2;L2_hidden_target;Stopped;209827;-3682;-6036;90818;10725
2;L2_hidden_target;Stopped;209844;-3682;-6036;90818;10725
2;L2_hidden_target;Stopped;209860;-3682;-6036;90818;10725
2;L2_hidden_target;End;224504;-3682;-6036;90818;10725
3;M1_cued_target;Begin;224504;6999;6999;0;0
3;M1_cued_target;Stopped;303961;-3710;-5423;17402;16403
3;M1_cued_target;Stopped;303978;-3710;-5423;17402;16403
3;M1_cued_target;Stopped;303999;-3710;-5423;17402;16403
3;M1_cued_target;Stopped;304016;-3710;-5423;17402;16403
3;M1_cued_target;Stopped;304028;-3710;-5423;17402;16403
3;M1_cued_target;Stopped;304045;-3710;-5423;17402;16403
3;M1_cued_target;Stopped;304061;-3710;-5423;17402;16403
3;M1_cued_target;Stopped;304078;-3710;-5423;17402;16403
3;M1_cued_target;Stopped;304095;-3710;-5423;17402;16403
3;M1_cued_target;Stopped;304111;-3710;-5423;17402;16403
3;M1_cued_target;Stopped;304128;-3710;-5423;17402;16403
3;M1_cued_target;Stopped;304145;-3710;-5423;17402;16403
3;M1_cued_target;Stopped;304161;-3710;-5423;17402;16403
3;M1_cued_target;Stopped;304178;-3710;-5423;17402;16403
3;M1_cued_target;Stopped;304198;-3710;-5423;17402;16403
3;M1_cued_target;Stopped;304214;-3710;-5423;17402;16403
3;M1_cued_target;Stopped;304231;-3710;-5423;17402;16403
3;M1_cued_target;End;318990;-3710;-5423;17402;16403
4;L2_hidden_target;Begin;318990;7000;-7000;0;0
4;L2_hidden_target;Stopped;387403;-3971;-5414;46023;11085
4;L2_hidden_target;Stopped;387420;-3971;-5414;46023;11085
4;L2_hidden_target;Stopped;387437;-3971;-5414;46023;11085
4;L2_hidden_target;Stopped;387453;-3971;-5414;46023;11085
4;L2_hidden_target;Stopped;387470;-3971;-5414;46023;11085
4;L2_hidden_target;Stopped;387487;-3971;-5414;46023;11085
4;L2_hidden_target;Stopped;387503;-3971;-5414;46023;11085
4;L2_hidden_target;Stopped;387537;-3971;-5414;46023;11085
4;L2_hidden_target;Stopped;387557;-3971;-5414;46023;11085
4;L2_hidden_target;Stopped;387571;-3971;-5414;46023;11085
4;L2_hidden_target;Stopped;387585;-3971;-5414;46023;11085
4;L2_hidden_target;Stopped;387602;-3971;-5414;46023;11085
4;L2_hidden_target;Stopped;387624;-3971;-5414;46023;11085
4;L2_hidden_target;Stopped;387637;-3971;-5414;46023;11085
4;L2_hidden_target;Stopped;387653;-3971;-5414;46023;11085
4;L2_hidden_target;Stopped;387669;-3971;-5414;46023;11085
4;L2_hidden_target;Stopped;387687;-3971;-5414;46023;11085
4;L2_hidden_target;Stopped;387703;-3971;-5414;46023;11085
4;L2_hidden_target;End;402430;-3971;-5414;46023;11085
5;M2_cued_target;Begin;402430;7000;-7000;0;0
5;M2_cued_target;Stopped;451464;-3684;-6472;10455;10697
5;M2_cued_target;Stopped;451481;-3684;-6472;10455;10697
5;M2_cued_target;Stopped;451497;-3684;-6472;10455;10697
5;M2_cued_target;Stopped;451531;-3684;-6472;10455;10697
5;M2_cued_target;Stopped;451547;-3684;-6472;10455;10697
5;M2_cued_target;Stopped;451564;-3684;-6472;10455;10697
5;M2_cued_target;Stopped;451581;-3684;-6472;10455;10697
5;M2_cued_target;Stopped;451597;-3684;-6472;10455;10697
5;M2_cued_target;Stopped;451614;-3684;-6472;10455;10697
5;M2_cued_target;Stopped;451631;-3684;-6472;10455;10697
5;M2_cued_target;Stopped;451647;-3684;-6472;10455;10697
5;M2_cued_target;Stopped;451664;-3684;-6472;10455;10697
5;M2_cued_target;Stopped;451681;-3684;-6472;10455;10697
5;M2_cued_target;Stopped;451697;-3684;-6472;10455;10697
5;M2_cued_target;Stopped;451714;-3684;-6472;10455;10697
5;M2_cued_target;Stopped;451731;-3684;-6472;10455;10697
5;M2_cued_target;End;466497;-3684;-6472;10455;10697
6;L2_hidden_target;Begin;466497;6999;-7000;0;0
6;L2_hidden_target;Stopped;487787;-3720;-6692;11626;10724
6;L2_hidden_target;Stopped;487803;-3720;-6692;11626;10724
6;L2_hidden_target;Stopped;487820;-3720;-6692;11626;10724
6;L2_hidden_target;Stopped;487837;-3720;-6692;11626;10724
6;L2_hidden_target;Stopped;487854;-3720;-6692;11626;10724
6;L2_hidden_target;Stopped;487870;-3720;-6692;11626;10724
6;L2_hidden_target;Stopped;487887;-3720;-6692;11626;10724
6;L2_hidden_target;Stopped;487904;-3720;-6692;11626;10724
6;L2_hidden_target;Stopped;487920;-3720;-6692;11626;10724
6;L2_hidden_target;Stopped;487937;-3720;-6692;11626;10724
6;L2_hidden_target;Stopped;487954;-3720;-6692;11626;10724
6;L2_hidden_target;Stopped;487970;-3720;-6692;11626;10724
6;L2_hidden_target;Stopped;487987;-3720;-6692;11626;10724
6;L2_hidden_target;Stopped;488003;-3720;-6692;11626;10724
6;L2_hidden_target;Stopped;488019;-3720;-6692;11626;10724
6;L2_hidden_target;Stopped;488036;-3720;-6692;11626;10724
6;L2_hidden_target;Stopped;488053;-3720;-6692;11626;10724
6;L2_hidden_target;Stopped;488070;-3720;-6692;11626;10724
6;L2_hidden_target;Stopped;488090;-3720;-6692;11626;10724
6;L2_hidden_target;Stopped;488104;-3720;-6692;11626;10724
6;L2_hidden_target;Stopped;488121;-3720;-6692;11626;10724
6;L2_hidden_target;Stopped;488137;-3720;-6692;11626;10724
6;L2_hidden_target;End;502815;-3720;-6692;11626;10724
7;M1_cued_target;Begin;502815;7000;6999;0;0
7;M1_cued_target;Stopped;582689;-3683;-5810;18022;16680
7;M1_cued_target;Stopped;582705;-3683;-5810;18022;16680
7;M1_cued_target;Stopped;582722;-3683;-5810;18022;16680
7;M1_cued_target;Stopped;582739;-3683;-5810;18022;16680
7;M1_cued_target;Stopped;582755;-3683;-5810;18022;16680
7;M1_cued_target;Stopped;582772;-3683;-5810;18022;16680
7;M1_cued_target;Stopped;582789;-3683;-5810;18022;16680
7;M1_cued_target;Stopped;582805;-3683;-5810;18022;16680
7;M1_cued_target;Stopped;582822;-3683;-5810;18022;16680
7;M1_cued_target;Stopped;582839;-3683;-5810;18022;16680
7;M1_cued_target;Stopped;582855;-3683;-5810;18022;16680
7;M1_cued_target;Stopped;582872;-3683;-5810;18022;16680
7;M1_cued_target;End;597717;-3683;-5810;18022;16680
8;L2_hidden_target;Begin;597717;7000;-7000;0;0
8;L2_hidden_target;Stopped;620529;-3681;-6021;11693;10726
8;L2_hidden_target;Stopped;620546;-3681;-6021;11693;10726
8;L2_hidden_target;Stopped;620567;-3681;-6021;11693;10726
8;L2_hidden_target;Stopped;620580;-3681;-6021;11693;10726
8;L2_hidden_target;Stopped;620597;-3681;-6021;11693;10726
8;L2_hidden_target;Stopped;620612;-3681;-6021;11693;10726
8;L2_hidden_target;Stopped;620629;-3681;-6021;11693;10726
8;L2_hidden_target;Stopped;620646;-3681;-6021;11693;10726
8;L2_hidden_target;Stopped;620662;-3681;-6021;11693;10726
8;L2_hidden_target;Stopped;620679;-3681;-6021;11693;10726
8;L2_hidden_target;Stopped;620696;-3681;-6021;11693;10726
8;L2_hidden_target;Stopped;620712;-3681;-6021;11693;10726
8;L2_hidden_target;Stopped;620729;-3681;-6021;11693;10726
8;L2_hidden_target;Stopped;620746;-3681;-6021;11693;10726
8;L2_hidden_target;Stopped;620762;-3681;-6021;11693;10726
8;L2_hidden_target;Stopped;620779;-3681;-6021;11693;10726
8;L2_hidden_target;End;635557;-3681;-6021;11693;10726
9;M3_cued_target;Begin;635557;-7000;7000;0;0
9;M3_cued_target;Stopped;775627;-3682;-5807;31802;13230
9;M3_cued_target;Stopped;775643;-3682;-5807;31802;13230
9;M3_cued_target;Stopped;775660;-3682;-5807;31802;13230
9;M3_cued_target;Stopped;775677;-3682;-5807;31802;13230
9;M3_cued_target;Stopped;775694;-3682;-5807;31802;13230
9;M3_cued_target;Stopped;775710;-3682;-5807;31802;13230
9;M3_cued_target;Stopped;775727;-3682;-5807;31802;13230
9;M3_cued_target;Stopped;775744;-3682;-5807;31802;13230
9;M3_cued_target;Stopped;775760;-3682;-5807;31802;13230
9;M3_cued_target;Stopped;775777;-3682;-5807;31802;13230
9;M3_cued_target;Stopped;775794;-3682;-5807;31802;13230
9;M3_cued_target;Stopped;775810;-3682;-5807;31802;13230
9;M3_cued_target;Stopped;775827;-3682;-5807;31802;13230
9;M3_cued_target;Stopped;775843;-3682;-5807;31802;13230
9;M3_cued_target;Stopped;775860;-3682;-5807;31802;13230
9;M3_cued_target;End;790659;-3682;-5807;31802;13230
10;L2_hidden_target;Begin;790659;7000;-7000;0;0
10;L2_hidden_target;Stopped;843207;-4312;-5419;32550;11422
10;L2_hidden_target;Stopped;843224;-4312;-5419;32550;11422
10;L2_hidden_target;Stopped;843244;-4312;-5419;32550;11422
10;L2_hidden_target;Stopped;843261;-4312;-5419;32550;11422
10;L2_hidden_target;Stopped;843274;-4312;-5419;32550;11422
10;L2_hidden_target;Stopped;843290;-4312;-5419;32550;11422
10;L2_hidden_target;Stopped;843307;-4312;-5419;32550;11422
10;L2_hidden_target;Stopped;843324;-4312;-5419;32550;11422
10;L2_hidden_target;Stopped;843344;-4312;-5419;32550;11422
10;L2_hidden_target;Stopped;843357;-4312;-5419;32550;11422
10;L2_hidden_target;Stopped;843374;-4312;-5419;32550;11422
10;L2_hidden_target;Stopped;843390;-4312;-5419;32550;11422
10;L2_hidden_target;End;858235;-4312;-5419;32550;11422
11;M2_cued_target;Begin;858235;7000;-7000;0;0
11;M2_cued_target;Stopped;905523;-3680;-6338;10348;10701
11;M2_cued_target;Stopped;905540;-3680;-6338;10348;10701
11;M2_cued_target;Stopped;905553;-3680;-6338;10348;10701
11;M2_cued_target;Stopped;905569;-3680;-6338;10348;10701
11;M2_cued_target;Stopped;905586;-3680;-6338;10348;10701
11;M2_cued_target;Stopped;905602;-3680;-6338;10348;10701
11;M2_cued_target;Stopped;905619;-3680;-6338;10348;10701
11;M2_cued_target;Stopped;905636;-3680;-6338;10348;10701
11;M2_cued_target;Stopped;905653;-3680;-6338;10348;10701
11;M2_cued_target;Stopped;905669;-3680;-6338;10348;10701
11;M2_cued_target;Stopped;905686;-3680;-6338;10348;10701
11;M2_cued_target;Stopped;905703;-3680;-6338;10348;10701
11;M2_cued_target;Stopped;905719;-3680;-6338;10348;10701
11;M2_cued_target;Stopped;905736;-3680;-6338;10348;10701
11;M2_cued_target;Stopped;905753;-3680;-6338;10348;10701
11;M2_cued_target;Stopped;905769;-3680;-6338;10348;10701
11;M2_cued_target;End;920547;-3680;-6338;10348;10701
12;L2_hidden_target;Begin;920547;7000;-7000;0;0
12;L2_hidden_target;Stopped;939944;-3681;-6470;11369;10694
12;L2_hidden_target;Stopped;939961;-3681;-6470;11369;10694
12;L2_hidden_target;Stopped;939977;-3681;-6470;11369;10694
12;L2_hidden_target;Stopped;939994;-3681;-6470;11369;10694
12;L2_hidden_target;Stopped;940011;-3681;-6470;11369;10694
12;L2_hidden_target;Stopped;940027;-3681;-6470;11369;10694
12;L2_hidden_target;Stopped;940044;-3681;-6470;11369;10694
12;L2_hidden_target;Stopped;940061;-3681;-6470;11369;10694
12;L2_hidden_target;Stopped;940077;-3681;-6470;11369;10694
12;L2_hidden_target;Stopped;940094;-3681;-6470;11369;10694
12;L2_hidden_target;Stopped;940111;-3681;-6470;11369;10694
12;L2_hidden_target;End;954972;-3681;-6470;11369;10694
13;M3_cued_target;Begin;954972;-7000;7000;0;0
13;M3_cued_target;Stopped;1015101;-4399;-5394;13354;12664
13;M3_cued_target;Stopped;1015118;-4399;-5394;13354;12664
13;M3_cued_target;Stopped;1015134;-4399;-5394;13354;12664
13;M3_cued_target;Stopped;1015151;-4399;-5394;13354;12664
13;M3_cued_target;Stopped;1015168;-4399;-5394;13354;12664
13;M3_cued_target;Stopped;1015184;-4399;-5394;13354;12664
13;M3_cued_target;Stopped;1015200;-4399;-5394;13354;12664
13;M3_cued_target;Stopped;1015218;-4399;-5394;13354;12664
13;M3_cued_target;Stopped;1015234;-4399;-5394;13354;12664
13;M3_cued_target;Stopped;1015251;-4399;-5394;13354;12664
13;M3_cued_target;Stopped;1015271;-4399;-5394;13354;12664
13;M3_cued_target;Stopped;1015284;-4399;-5394;13354;12664
13;M3_cued_target;Stopped;1015301;-4399;-5394;13354;12664
13;M3_cued_target;Stopped;1015317;-4399;-5394;13354;12664
13;M3_cued_target;Stopped;1015334;-4399;-5394;13354;12664
13;M3_cued_target;End;1030129;-4399;-5394;13354;12664
14;L2_hidden_target;Begin;1030129;7000;-7000;0;0
14;L2_hidden_target;Stopped;1050324;-3682;-5854;11549;10744
14;L2_hidden_target;Stopped;1050341;-3682;-5854;11549;10744
14;L2_hidden_target;Stopped;1050357;-3682;-5854;11549;10744
14;L2_hidden_target;Stopped;1050374;-3682;-5854;11549;10744
14;L2_hidden_target;Stopped;1050391;-3682;-5854;11549;10744
14;L2_hidden_target;Stopped;1050407;-3682;-5854;11549;10744
14;L2_hidden_target;Stopped;1050425;-3682;-5854;11549;10744
14;L2_hidden_target;Stopped;1050441;-3682;-5854;11549;10744
14;L2_hidden_target;Stopped;1050458;-3682;-5854;11549;10744
14;L2_hidden_target;Stopped;1050479;-3682;-5854;11549;10744
14;L2_hidden_target;End;1065353;-3682;-5854;11549;10744
15;M1_cued_target;Begin;1065353;6999;7000;0;0
15;M1_cued_target;Stopped;1146508;-3681;-5885;18503;16737
15;M1_cued_target;Stopped;1146525;-3681;-5885;18503;16737
15;M1_cued_target;Stopped;1146542;-3681;-5885;18503;16737
15;M1_cued_target;Stopped;1146558;-3681;-5885;18503;16737
15;M1_cued_target;Stopped;1146575;-3681;-5885;18503;16737
15;M1_cued_target;Stopped;1146592;-3681;-5885;18503;16737
15;M1_cued_target;Stopped;1146608;-3681;-5885;18503;16737
15;M1_cued_target;Stopped;1146625;-3681;-5885;18503;16737
15;M1_cued_target;Stopped;1146642;-3681;-5885;18503;16737
15;M1_cued_target;Stopped;1146658;-3681;-5885;18503;16737
15;M1_cued_target;End;1161541;-3681;-5885;18503;16737
16;L2_hidden_target;Begin;1161541;7000;-7000;0;0
16;L2_hidden_target;Stopped;1181099;-3680;-5603;11255;10771
16;L2_hidden_target;Stopped;1181116;-3680;-5603;11255;10771
16;L2_hidden_target;Stopped;1181133;-3680;-5603;11255;10771
16;L2_hidden_target;Stopped;1181149;-3680;-5603;11255;10771
16;L2_hidden_target;Stopped;1181166;-3680;-5603;11255;10771
16;L2_hidden_target;Stopped;1181182;-3680;-5603;11255;10771
16;L2_hidden_target;Stopped;1181199;-3680;-5603;11255;10771
16;L2_hidden_target;Stopped;1181216;-3680;-5603;11255;10771
16;L2_hidden_target;Stopped;1181232;-3680;-5603;11255;10771
16;L2_hidden_target;Stopped;1181249;-3680;-5603;11255;10771
16;L2_hidden_target;End;1196127;-3680;-5603;11255;10771
16;L2_hidden_target;Begin;1196127;-3680;-5603;11255;10771
