1;M3_cued_target;Stopped;208531;-4410;-5416;40952;12683
1;M3_cued_target;Stopped;208547;-4410;-5416;40952;12683
1;M3_cued_target;Stopped;208564;-4410;-5416;40952;12683
1;M3_cued_target;Stopped;208581;-4410;-5416;40952;12683
1;M3_cued_target;Stopped;208598;-4410;-5416;40952;12683
1;M3_cued_target;Stopped;208614;-4410;-5416;40952;12683
1;M3_cued_target;Stopped;208631;-4410;-5416;40952;12683
1;M3_cued_target;Stopped;208648;-4410;-5416;40952;12683
1;M3_cued_target;Stopped;208664;-4410;-5416;40952;12683
1;M3_cued_target;Stopped;208681;-4410;-5416;40952;12683
1;M3_cued_target;Stopped;208698;-4410;-5416;40952;12683
1;M3_cued_target;Stopped;208714;-4410;-5416;40952;12683
1;M3_cued_target;Stopped;208731;-4410;-5416;40952;12683
1;M3_cued_target;Stopped;208748;-4410;-5416;40952;12683
1;M3_cued_target;Stopped;208764;-4410;-5416;40952;12683
1;M3_cued_target;Stopped;208781;-4410;-5416;40952;12683
1;M3_cued_target;Stopped;208798;-4410;-5416;40952;12683
1;M3_cued_target;Stopped;208814;-4410;-5416;40952;12683
1;M3_cued_target;Stopped;208831;-4410;-5416;40952;12683
1;M3_cued_target;Stopped;208848;-4410;-5416;40952;12683
1;M3_cued_target;Stopped;208864;-4410;-5416;40952;12683
1;M3_cued_target;Stopped;208881;-4410;-5416;40952;12683
1;M3_cued_target;Stopped;208898;-4410;-5416;40952;12683
1;M3_cued_target;Stopped;208914;-4410;-5416;40952;12683
1;M3_cued_target;Stopped;208931;-4410;-5416;40952;12683
1;M3_cued_target;Stopped;208948;-4410;-5416;40952;12683
1;M3_cued_target;Stopped;208964;-4410;-5416;40952;12683
1;M3_cued_target;Stopped;208981;-4410;-5416;40952;12683
1;M3_cued_target;End;223563;-4410;-5416;40952;12683
2;L2_hidden_target;Begin;223563;7000;-7000;0;0
2;L2_hidden_target;Stopped;722541;-4970;-5690;261699;12041
2;L2_hidden_target;Stopped;722557;-4970;-5690;261699;12041
2;L2_hidden_target;Stopped;722574;-4970;-5690;261699;12041
2;L2_hidden_target;Stopped;722591;-4970;-5690;261699;12041
2;L2_hidden_target;Stopped;722608;-4970;-5690;261699;12041
2;L2_hidden_target;Stopped;722624;-4970;-5690;261699;12041
2;L2_hidden_target;Stopped;722641;-4970;-5690;261699;12041
2;L2_hidden_target;Stopped;722658;-4970;-5690;261699;12041
2;L2_hidden_target;Stopped;722674;-4970;-5690;261699;12041
2;L2_hidden_target;Stopped;722691;-4970;-5690;261699;12041
2;L2_hidden_target;Stopped;722707;-4970;-5690;261699;12041
2;L2_hidden_target;Stopped;722724;-4970;-5690;261699;12041
2;L2_hidden_target;Stopped;722741;-4970;-5690;261699;12041
2;L2_hidden_target;Stopped;722758;-4970;-5690;261699;12041
2;L2_hidden_target;Stopped;722774;-4970;-5690;261699;12041
2;L2_hidden_target;Stopped;722791;-4970;-5690;261699;12041
2;L2_hidden_target;Stopped;722808;-4970;-5690;261699;12041
2;L2_hidden_target;Stopped;722824;-4970;-5690;261699;12041
2;L2_hidden_target;Stopped;722841;-4970;-5690;261699;12041
2;L2_hidden_target;Stopped;722858;-4970;-5690;261699;12041
2;L2_hidden_target;Stopped;722874;-4970;-5690;261699;12041
2;L2_hidden_target;Stopped;722891;-4970;-5690;261699;12041
2;L2_hidden_target;Stopped;722908;-4970;-5690;261699;12041
2;L2_hidden_target;Stopped;722924;-4970;-5690;261699;12041
2;L2_hidden_target;Stopped;722941;-4970;-5690;261699;12041
2;L2_hidden_target;Stopped;722957;-4970;-5690;261699;12041
2;L2_hidden_target;End;737568;-4970;-5690;261699;12041
3;M1_cued_target;Begin;737568;6999;7000;0;0
3;M1_cued_target;Stopped;831356;-3688;-5634;20493;16549
3;M1_cued_target;Stopped;831373;-3688;-5634;20493;16549
3;M1_cued_target;Stopped;831390;-3688;-5634;20493;16549
3;M1_cued_target;Stopped;831406;-3688;-5634;20493;16549
3;M1_cued_target;Stopped;831426;-3688;-5634;20493;16549
3;M1_cued_target;Stopped;831443;-3688;-5634;20493;16549
3;M1_cued_target;Stopped;831455;-3688;-5634;20493;16549
3;M1_cued_target;Stopped;831472;-3688;-5634;20493;16549
3;M1_cued_target;Stopped;831488;-3688;-5634;20493;16549
3;M1_cued_target;Stopped;831526;-3688;-5634;20493;16549
3;M1_cued_target;Stopped;831540;-3688;-5634;20493;16549
3;M1_cued_target;Stopped;831556;-3688;-5634;20493;16549
3;M1_cued_target;Stopped;831573;-3688;-5634;20493;16549
3;M1_cued_target;Stopped;831589;-3688;-5634;20493;16549
3;M1_cued_target;Stopped;831606;-3688;-5634;20493;16549
3;M1_cued_target;Stopped;831623;-3688;-5634;20493;16549
3;M1_cued_target;Stopped;831640;-3688;-5634;20493;16549
3;M1_cued_target;Stopped;831656;-3688;-5634;20493;16549
3;M1_cued_target;Stopped;831672;-3688;-5634;20493;16549
3;M1_cued_target;Stopped;831689;-3688;-5634;20493;16549
3;M1_cued_target;Stopped;831705;-3688;-5634;20493;16549
3;M1_cued_target;Stopped;831722;-3688;-5634;20493;16549
3;M1_cued_target;End;846384;-3688;-5634;20493;16549
4;L2_hidden_target;Begin;846384;7000;-7000;0;0
4;L2_hidden_target;Stopped;870744;-4329;-6707;12211;11332
4;L2_hidden_target;Stopped;870760;-4329;-6707;12211;11332
4;L2_hidden_target;Stopped;870777;-4329;-6707;12211;11332
4;L2_hidden_target;Stopped;870794;-4329;-6707;12211;11332
4;L2_hidden_target;Stopped;870811;-4329;-6707;12211;11332
4;L2_hidden_target;Stopped;870827;-4329;-6707;12211;11332
4;L2_hidden_target;Stopped;870844;-4329;-6707;12211;11332
4;L2_hidden_target;Stopped;870861;-4329;-6707;12211;11332
4;L2_hidden_target;Stopped;870877;-4329;-6707;12211;11332
4;L2_hidden_target;Stopped;870894;-4329;-6707;12211;11332
4;L2_hidden_target;Stopped;870910;-4329;-6707;12211;11332
4;L2_hidden_target;Stopped;870927;-4329;-6707;12211;11332
4;L2_hidden_target;Stopped;870943;-4329;-6707;12211;11332
4;L2_hidden_target;Stopped;870960;-4329;-6707;12211;11332
4;L2_hidden_target;Stopped;870977;-4329;-6707;12211;11332
4;L2_hidden_target;Stopped;870993;-4329;-6707;12211;11332
4;L2_hidden_target;Stopped;871010;-4329;-6707;12211;11332
4;L2_hidden_target;Stopped;871027;-4329;-6707;12211;11332
4;L2_hidden_target;Stopped;871043;-4329;-6707;12211;11332
4;L2_hidden_target;Stopped;871060;-4329;-6707;12211;11332
4;L2_hidden_target;Stopped;871076;-4329;-6707;12211;11332
4;L2_hidden_target;End;885773;-4329;-6707;12211;11332
5;M2_cued_target;Begin;885773;7000;-7000;0;0
5;M2_cued_target;Stopped;940056;-3682;-6384;11267;10700
5;M2_cued_target;Stopped;940073;-3682;-6384;11267;10700
5;M2_cued_target;Stopped;940089;-3682;-6384;11267;10700
5;M2_cued_target;Stopped;940106;-3682;-6384;11267;10700
5;M2_cued_target;Stopped;940122;-3682;-6384;11267;10700
5;M2_cued_target;Stopped;940139;-3682;-6384;11267;10700
5;M2_cued_target;Stopped;940155;-3682;-6384;11267;10700
5;M2_cued_target;Stopped;940172;-3682;-6384;11267;10700
5;M2_cued_target;Stopped;940193;-3682;-6384;11267;10700
5;M2_cued_target;Stopped;940206;-3682;-6384;11267;10700
5;M2_cued_target;Stopped;940223;-3682;-6384;11267;10700
5;M2_cued_target;Stopped;940240;-3682;-6384;11267;10700
5;M2_cued_target;Stopped;940255;-3682;-6384;11267;10700
5;M2_cued_target;Stopped;940272;-3682;-6384;11267;10700
5;M2_cued_target;Stopped;940289;-3682;-6384;11267;10700
5;M2_cued_target;Stopped;940306;-3682;-6384;11267;10700
5;M2_cued_target;Stopped;940323;-3682;-6384;11267;10700
5;M2_cued_target;Stopped;940339;-3682;-6384;11267;10700
5;M2_cued_target;Stopped;940356;-3682;-6384;11267;10700
5;M2_cued_target;Stopped;940373;-3682;-6384;11267;10700
5;M2_cued_target;Stopped;940389;-3682;-6384;11267;10700
5;M2_cued_target;Stopped;940406;-3682;-6384;11267;10700
5;M2_cued_target;Stopped;940422;-3682;-6384;11267;10700
5;M2_cued_target;Stopped;940439;-3682;-6384;11267;10700
5;M2_cued_target;Stopped;940456;-3682;-6384;11267;10700
5;M2_cued_target;Stopped;940473;-3682;-6384;11267;10700
5;M2_cued_target;Stopped;940489;-3682;-6384;11267;10700
5;M2_cued_target;Stopped;940523;-3682;-6384;11267;10700
5;M2_cued_target;End;955084;-3682;-6384;11267;10700
6;L2_hidden_target;Begin;955084;7000;-7000;0;0
6;L2_hidden_target;Stopped;978727;-3971;-6701;11798;10975
6;L2_hidden_target;Stopped;978744;-3971;-6701;11798;10975
6;L2_hidden_target;Stopped;978761;-3971;-6701;11798;10975
6;L2_hidden_target;Stopped;978777;-3971;-6701;11798;10975
6;L2_hidden_target;Stopped;978794;-3971;-6701;11798;10975
6;L2_hidden_target;Stopped;978810;-3971;-6701;11798;10975
6;L2_hidden_target;Stopped;978827;-3971;-6701;11798;10975
6;L2_hidden_target;Stopped;978844;-3971;-6701;11798;10975
6;L2_hidden_target;Stopped;978860;-3971;-6701;11798;10975
6;L2_hidden_target;Stopped;978877;-3971;-6701;11798;10975
6;L2_hidden_target;Stopped;978894;-3971;-6701;11798;10975
6;L2_hidden_target;Stopped;978910;-3971;-6701;11798;10975
6;L2_hidden_target;Stopped;978927;-3971;-6701;11798;10975
6;L2_hidden_target;Stopped;978944;-3971;-6701;11798;10975
6;L2_hidden_target;Stopped;978961;-3971;-6701;11798;10975
6;L2_hidden_target;Stopped;978977;-3971;-6701;11798;10975
6;L2_hidden_target;Stopped;978994;-3971;-6701;11798;10975
6;L2_hidden_target;Stopped;979011;-3971;-6701;11798;10975
6;L2_hidden_target;Stopped;979027;-3971;-6701;11798;10975
6;L2_hidden_target;Stopped;979044;-3971;-6701;11798;10975
6;L2_hidden_target;Stopped;979060;-3971;-6701;11798;10975
6;L2_hidden_target;Stopped;979077;-3971;-6701;11798;10975
6;L2_hidden_target;End;993755;-3971;-6701;11798;10975
7;M1_cued_target;Begin;993755;7000;7000;0;0
7;M1_cued_target;Stopped;1092792;-3684;-5605;17771;16524
7;M1_cued_target;Stopped;1092809;-3684;-5605;17771;16524
7;M1_cued_target;Stopped;1092825;-3684;-5605;17771;16524
7;M1_cued_target;Stopped;1092842;-3684;-5605;17771;16524
7;M1_cued_target;Stopped;1092859;-3684;-5605;17771;16524
7;M1_cued_target;Stopped;1092875;-3684;-5605;17771;16524
7;M1_cued_target;Stopped;1092896;-3684;-5605;17771;16524
7;M1_cued_target;Stopped;1092912;-3684;-5605;17771;16524
7;M1_cued_target;Stopped;1092925;-3684;-5605;17771;16524
7;M1_cued_target;Stopped;1092942;-3684;-5605;17771;16524
7;M1_cued_target;Stopped;1092958;-3684;-5605;17771;16524
7;M1_cued_target;Stopped;1092975;-3684;-5605;17771;16524
7;M1_cued_target;Stopped;1092991;-3684;-5605;17771;16524
7;M1_cued_target;Stopped;1093008;-3684;-5605;17771;16524
7;M1_cued_target;Stopped;1093025;-3684;-5605;17771;16524
7;M1_cued_target;Stopped;1093041;-3684;-5605;17771;16524
7;M1_cued_target;Stopped;1093058;-3684;-5605;17771;16524
7;M1_cued_target;Stopped;1093075;-3684;-5605;17771;16524
7;M1_cued_target;Stopped;1093091;-3684;-5605;17771;16524
7;M1_cued_target;Stopped;1093108;-3684;-5605;17771;16524
7;M1_cued_target;Stopped;1093126;-3684;-5605;17771;16524
7;M1_cued_target;Stopped;1093142;-3684;-5605;17771;16524
7;M1_cued_target;Stopped;1093159;-3684;-5605;17771;16524
7;M1_cued_target;Stopped;1093175;-3684;-5605;17771;16524
7;M1_cued_target;Stopped;1093191;-3684;-5605;17771;16524
7;M1_cued_target;Stopped;1093208;-3684;-5605;17771;16524
7;M1_cued_target;Stopped;1093225;-3684;-5605;17771;16524
7;M1_cued_target;Stopped;1093241;-3684;-5605;17771;16524
7;M1_cued_target;Stopped;1093258;-3684;-5605;17771;16524
7;M1_cued_target;Stopped;1093275;-3684;-5605;17771;16524
7;M1_cued_target;Stopped;1093295;-3684;-5605;17771;16524
7;M1_cued_target;Stopped;1093312;-3684;-5605;17771;16524
7;M1_cued_target;Stopped;1093326;-3684;-5605;17771;16524
7;M1_cued_target;Stopped;1093343;-3684;-5605;17771;16524
7;M1_cued_target;Stopped;1093358;-3684;-5605;17771;16524
7;M1_cued_target;Stopped;1093375;-3684;-5605;17771;16524
7;M1_cued_target;Stopped;1093391;-3684;-5605;17771;16524
7;M1_cued_target;Stopped;1093408;-3684;-5605;17771;16524
7;M1_cued_target;Stopped;1093425;-3684;-5605;17771;16524
7;M1_cued_target;Stopped;1093442;-3684;-5605;17771;16524
7;M1_cued_target;Stopped;1093459;-3684;-5605;17771;16524
7;M1_cued_target;Stopped;1093475;-3684;-5605;17771;16524
7;M1_cued_target;End;1107821;-3684;-5605;17771;16524
8;L2_hidden_target;Begin;1107821;7000;-7000;0;0
8;L2_hidden_target;Stopped;1132382;-3752;-5439;11545;10864
8;L2_hidden_target;Stopped;1132398;-3752;-5439;11545;10864
8;L2_hidden_target;Stopped;1132415;-3752;-5439;11545;10864
8;L2_hidden_target;Stopped;1132432;-3752;-5439;11545;10864
8;L2_hidden_target;Stopped;1132448;-3752;-5439;11545;10864
8;L2_hidden_target;Stopped;1132465;-3752;-5439;11545;10864
8;L2_hidden_target;Stopped;1132482;-3752;-5439;11545;10864
8;L2_hidden_target;Stopped;1132515;-3752;-5439;11545;10864
8;L2_hidden_target;Stopped;1132532;-3752;-5439;11545;10864
8;L2_hidden_target;Stopped;1132548;-3752;-5439;11545;10864
8;L2_hidden_target;Stopped;1132565;-3752;-5439;11545;10864
8;L2_hidden_target;Stopped;1132582;-3752;-5439;11545;10864
8;L2_hidden_target;Stopped;1132598;-3752;-5439;11545;10864
8;L2_hidden_target;Stopped;1132615;-3752;-5439;11545;10864
8;L2_hidden_target;Stopped;1132632;-3752;-5439;11545;10864
8;L2_hidden_target;Stopped;1132648;-3752;-5439;11545;10864
8;L2_hidden_target;Stopped;1132665;-3752;-5439;11545;10864
8;L2_hidden_target;Stopped;1132682;-3752;-5439;11545;10864
8;L2_hidden_target;Stopped;1132698;-3752;-5439;11545;10864
8;L2_hidden_target;Stopped;1132715;-3752;-5439;11545;10864
8;L2_hidden_target;End;1147409;-3752;-5439;11545;10864
9;M3_cued_target;Begin;1147409;-7000;7000;0;0
9;M3_cued_target;Stopped;1305192;-3688;-5499;31657;12930
9;M3_cued_target;Stopped;1305209;-3688;-5499;31657;12930
9;M3_cued_target;Stopped;1305226;-3688;-5499;31657;12930
9;M3_cued_target;Stopped;1305242;-3688;-5499;31657;12930
9;M3_cued_target;Stopped;1305259;-3688;-5499;31657;12930
9;M3_cued_target;Stopped;1305276;-3688;-5499;31657;12930
9;M3_cued_target;Stopped;1305292;-3688;-5499;31657;12930
9;M3_cued_target;Stopped;1305309;-3688;-5499;31657;12930
9;M3_cued_target;Stopped;1305326;-3688;-5499;31657;12930
9;M3_cued_target;Stopped;1305342;-3688;-5499;31657;12930
9;M3_cued_target;Stopped;1305359;-3688;-5499;31657;12930
9;M3_cued_target;Stopped;1305376;-3688;-5499;31657;12930
9;M3_cued_target;Stopped;1305397;-3688;-5499;31657;12930
9;M3_cued_target;Stopped;1305412;-3688;-5499;31657;12930
9;M3_cued_target;Stopped;1305427;-3688;-5499;31657;12930
9;M3_cued_target;Stopped;1305443;-3688;-5499;31657;12930
9;M3_cued_target;Stopped;1305460;-3688;-5499;31657;12930
9;M3_cued_target;Stopped;1305476;-3688;-5499;31657;12930
9;M3_cued_target;Stopped;1305513;-3688;-5499;31657;12930
9;M3_cued_target;Stopped;1305529;-3688;-5499;31657;12930
9;M3_cued_target;Stopped;1305543;-3688;-5499;31657;12930
9;M3_cued_target;Stopped;1305560;-3688;-5499;31657;12930
9;M3_cued_target;Stopped;1305576;-3688;-5499;31657;12930
9;M3_cued_target;Stopped;1305593;-3688;-5499;31657;12930
9;M3_cued_target;Stopped;1305610;-3688;-5499;31657;12930
9;M3_cued_target;Stopped;1305626;-3688;-5499;31657;12930
9;M3_cued_target;Stopped;1305643;-3688;-5499;31657;12930
9;M3_cued_target;End;1320222;-3688;-5499;31657;12930
10;L2_hidden_target;Begin;1320222;7000;-7000;0;0
10;L2_hidden_target;Stopped;1350380;-3683;-5931;11095;10736
10;L2_hidden_target;Stopped;1350397;-3683;-5931;11095;10736
10;L2_hidden_target;Stopped;1350414;-3683;-5931;11095;10736
10;L2_hidden_target;Stopped;1350430;-3683;-5931;11095;10736
10;L2_hidden_target;Stopped;1350447;-3683;-5931;11095;10736
10;L2_hidden_target;Stopped;1350463;-3683;-5931;11095;10736
10;L2_hidden_target;Stopped;1350480;-3683;-5931;11095;10736
10;L2_hidden_target;Stopped;1350514;-3683;-5931;11095;10736
10;L2_hidden_target;Stopped;1350530;-3683;-5931;11095;10736
10;L2_hidden_target;Stopped;1350547;-3683;-5931;11095;10736
10;L2_hidden_target;Stopped;1350563;-3683;-5931;11095;10736
10;L2_hidden_target;Stopped;1350580;-3683;-5931;11095;10736
10;L2_hidden_target;Stopped;1350597;-3683;-5931;11095;10736
10;L2_hidden_target;Stopped;1350613;-3683;-5931;11095;10736
10;L2_hidden_target;Stopped;1350630;-3683;-5931;11095;10736
10;L2_hidden_target;Stopped;1350651;-3683;-5931;11095;10736
10;L2_hidden_target;Stopped;1350668;-3683;-5931;11095;10736
10;L2_hidden_target;Stopped;1350683;-3683;-5931;11095;10736
10;L2_hidden_target;Stopped;1350698;-3683;-5931;11095;10736
10;L2_hidden_target;Stopped;1350713;-3683;-5931;11095;10736
10;L2_hidden_target;Stopped;1350730;-3683;-5931;11095;10736
10;L2_hidden_target;Stopped;1350746;-3683;-5931;11095;10736
10;L2_hidden_target;Stopped;1350763;-3683;-5931;11095;10736
10;L2_hidden_target;Stopped;1350779;-3683;-5931;11095;10736
10;L2_hidden_target;Stopped;1350796;-3683;-5931;11095;10736
10;L2_hidden_target;Stopped;1350813;-3683;-5931;11095;10736
10;L2_hidden_target;Stopped;1350829;-3683;-5931;11095;10736
10;L2_hidden_target;Stopped;1350846;-3683;-5931;11095;10736
10;L2_hidden_target;Stopped;1350863;-3683;-5931;11095;10736
10;L2_hidden_target;Stopped;1350879;-3683;-5931;11095;10736
10;L2_hidden_target;Stopped;1350896;-3683;-5931;11095;10736
10;L2_hidden_target;Stopped;1350913;-3683;-5931;11095;10736
10;L2_hidden_target;Stopped;1350929;-3683;-5931;11095;10736
10;L2_hidden_target;Stopped;1350946;-3683;-5931;11095;10736
10;L2_hidden_target;Stopped;1350963;-3683;-5931;11095;10736
10;L2_hidden_target;Stopped;1350979;-3683;-5931;11095;10736
10;L2_hidden_target;End;1365410;-3683;-5931;11095;10736
11;M2_cued_target;Begin;1365410;7000;-7000;0;0
11;M2_cued_target;Stopped;1442400;-3681;-5789;13842;10749
11;M2_cued_target;Stopped;1442417;-3681;-5789;13842;10749
11;M2_cued_target;Stopped;1442434;-3681;-5789;13842;10749
11;M2_cued_target;Stopped;1442450;-3681;-5789;13842;10749
11;M2_cued_target;Stopped;1442467;-3681;-5789;13842;10749
11;M2_cued_target;Stopped;1442484;-3681;-5789;13842;10749
11;M2_cued_target;Stopped;1442517;-3681;-5789;13842;10749
11;M2_cued_target;Stopped;1442534;-3681;-5789;13842;10749
11;M2_cued_target;Stopped;1442550;-3681;-5789;13842;10749
11;M2_cued_target;Stopped;1442567;-3681;-5789;13842;10749
11;M2_cued_target;Stopped;1442584;-3681;-5789;13842;10749
11;M2_cued_target;Stopped;1442600;-3681;-5789;13842;10749
11;M2_cued_target;Stopped;1442617;-3681;-5789;13842;10749
11;M2_cued_target;Stopped;1442634;-3681;-5789;13842;10749
11;M2_cued_target;Stopped;1442650;-3681;-5789;13842;10749
11;M2_cued_target;Stopped;1442667;-3681;-5789;13842;10749
11;M2_cued_target;Stopped;1442684;-3681;-5789;13842;10749
11;M2_cued_target;Stopped;1442700;-3681;-5789;13842;10749
11;M2_cued_target;Stopped;1442717;-3681;-5789;13842;10749
11;M2_cued_target;Stopped;1442734;-3681;-5789;13842;10749
11;M2_cued_target;Stopped;1442750;-3681;-5789;13842;10749
11;M2_cued_target;Stopped;1442767;-3681;-5789;13842;10749
11;M2_cued_target;Stopped;1442784;-3681;-5789;13842;10749
11;M2_cued_target;Stopped;1442800;-3681;-5789;13842;10749
11;M2_cued_target;Stopped;1442817;-3681;-5789;13842;10749
11;M2_cued_target;Stopped;1442834;-3681;-5789;13842;10749
11;M2_cued_target;Stopped;1442850;-3681;-5789;13842;10749
11;M2_cued_target;End;1457429;-3681;-5789;13842;10749
12;L2_hidden_target;Begin;1457429;7000;-7000;0;0
12;L2_hidden_target;Stopped;1626228;-3680;-6141;72195;10715
12;L2_hidden_target;Stopped;1626245;-3680;-6141;72195;10715
12;L2_hidden_target;Stopped;1626262;-3680;-6141;72195;10715
12;L2_hidden_target;Stopped;1626278;-3680;-6141;72195;10715
12;L2_hidden_target;Stopped;1626295;-3680;-6141;72195;10715
12;L2_hidden_target;Stopped;1626312;-3680;-6141;72195;10715
12;L2_hidden_target;Stopped;1626328;-3680;-6141;72195;10715
12;L2_hidden_target;Stopped;1626345;-3680;-6141;72195;10715
12;L2_hidden_target;Stopped;1626362;-3680;-6141;72195;10715
12;L2_hidden_target;Stopped;1626379;-3680;-6141;72195;10715
12;L2_hidden_target;End;1641258;-3680;-6141;72195;10715
13;M3_cued_target;Begin;1641258;-7000;7000;0;0
13;M3_cued_target;Stopped;1737693;-4366;-5417;15082;12693
13;M3_cued_target;Stopped;1737710;-4366;-5417;15082;12693
13;M3_cued_target;Stopped;1737727;-4366;-5417;15082;12693
13;M3_cued_target;Stopped;1737743;-4366;-5417;15082;12693
13;M3_cued_target;Stopped;1737760;-4366;-5417;15082;12693
13;M3_cued_target;Stopped;1737777;-4366;-5417;15082;12693
13;M3_cued_target;Stopped;1737794;-4366;-5417;15082;12693
13;M3_cued_target;Stopped;1737810;-4366;-5417;15082;12693
13;M3_cued_target;Stopped;1737827;-4366;-5417;15082;12693
13;M3_cued_target;Stopped;1737844;-4366;-5417;15082;12693
13;M3_cued_target;Stopped;1737860;-4366;-5417;15082;12693
13;M3_cued_target;Stopped;1737877;-4366;-5417;15082;12693
13;M3_cued_target;Stopped;1737894;-4366;-5417;15082;12693
13;M3_cued_target;Stopped;1737910;-4366;-5417;15082;12693
13;M3_cued_target;Stopped;1737927;-4366;-5417;15082;12693
13;M3_cued_target;Stopped;1737943;-4366;-5417;15082;12693
13;M3_cued_target;Stopped;1737960;-4366;-5417;15082;12693
13;M3_cued_target;Stopped;1737977;-4366;-5417;15082;12693
13;M3_cued_target;Stopped;1737997;-4366;-5417;15082;12693
13;M3_cued_target;End;1752721;-4366;-5417;15082;12693
14;L2_hidden_target;Begin;1752721;6999;-7000;0;0
14;L2_hidden_target;Stopped;1779097;-3718;-6697;11326;10722
14;L2_hidden_target;Stopped;1779114;-3718;-6697;11326;10722
14;L2_hidden_target;Stopped;1779131;-3718;-6697;11326;10722
14;L2_hidden_target;Stopped;1779147;-3718;-6697;11326;10722
14;L2_hidden_target;Stopped;1779164;-3718;-6697;11326;10722
14;L2_hidden_target;Stopped;1779181;-3718;-6697;11326;10722
14;L2_hidden_target;Stopped;1779197;-3718;-6697;11326;10722
14;L2_hidden_target;Stopped;1779214;-3718;-6697;11326;10722
14;L2_hidden_target;Stopped;1779231;-3718;-6697;11326;10722
14;L2_hidden_target;Stopped;1779247;-3718;-6697;11326;10722
14;L2_hidden_target;Stopped;1779264;-3718;-6697;11326;10722
14;L2_hidden_target;Stopped;1779280;-3718;-6697;11326;10722
14;L2_hidden_target;Stopped;1779297;-3718;-6697;11326;10722
14;L2_hidden_target;Stopped;1779314;-3718;-6697;11326;10722
14;L2_hidden_target;Stopped;1779331;-3718;-6697;11326;10722
14;L2_hidden_target;Stopped;1779347;-3718;-6697;11326;10722
14;L2_hidden_target;Stopped;1779364;-3718;-6697;11326;10722
14;L2_hidden_target;Stopped;1779381;-3718;-6697;11326;10722
14;L2_hidden_target;End;1794130;-3718;-6697;11326;10722
15;M1_cued_target;Begin;1794130;6999;7000;0;0
15;M1_cued_target;Stopped;1893078;-3688;-5583;19797;16510
15;M1_cued_target;Stopped;1893095;-3688;-5583;19797;16510
15;M1_cued_target;Stopped;1893112;-3688;-5583;19797;16510
15;M1_cued_target;Stopped;1893128;-3688;-5583;19797;16510
15;M1_cued_target;Stopped;1893145;-3688;-5583;19797;16510
15;M1_cued_target;Stopped;1893162;-3688;-5583;19797;16510
15;M1_cued_target;Stopped;1893179;-3688;-5583;19797;16510
15;M1_cued_target;Stopped;1893199;-3688;-5583;19797;16510
15;M1_cued_target;Stopped;1893216;-3688;-5583;19797;16510
15;M1_cued_target;Stopped;1893229;-3688;-5583;19797;16510
15;M1_cued_target;Stopped;1893249;-3688;-5583;19797;16510
15;M1_cued_target;Stopped;1893263;-3688;-5583;19797;16510
15;M1_cued_target;Stopped;1893279;-3688;-5583;19797;16510
15;M1_cued_target;Stopped;1893295;-3688;-5583;19797;16510
15;M1_cued_target;Stopped;1893312;-3688;-5583;19797;16510
15;M1_cued_target;Stopped;1893328;-3688;-5583;19797;16510
15;M1_cued_target;Stopped;1893345;-3688;-5583;19797;16510
15;M1_cued_target;Stopped;1893362;-3688;-5583;19797;16510
15;M1_cued_target;Stopped;1893378;-3688;-5583;19797;16510
15;M1_cued_target;Stopped;1893395;-3688;-5583;19797;16510
15;M1_cued_target;Stopped;1893411;-3688;-5583;19797;16510
15;M1_cued_target;Stopped;1893428;-3688;-5583;19797;16510
15;M1_cued_target;Stopped;1893445;-3688;-5583;19797;16510
15;M1_cued_target;Stopped;1893462;-3688;-5583;19797;16510
15;M1_cued_target;Stopped;1893479;-3688;-5583;19797;16510
15;M1_cued_target;End;1908107;-3688;-5583;19797;16510
16;L2_hidden_target;Begin;1908107;7000;-7000;0;0
16;L2_hidden_target;Stopped;2028205;-4391;-6706;58616;11395
16;L2_hidden_target;Stopped;2028221;-4391;-6706;58616;11395
16;L2_hidden_target;Stopped;2028238;-4391;-6706;58616;11395
16;L2_hidden_target;Stopped;2028255;-4391;-6706;58616;11395
16;L2_hidden_target;Stopped;2028271;-4391;-6706;58616;11395
16;L2_hidden_target;Stopped;2028288;-4391;-6706;58616;11395
16;L2_hidden_target;Stopped;2028310;-4391;-6706;58616;11395
16;L2_hidden_target;Stopped;2028326;-4391;-6706;58616;11395
16;L2_hidden_target;Stopped;2028343;-4391;-6706;58616;11395
16;L2_hidden_target;Stopped;2028355;-4391;-6706;58616;11395
16;L2_hidden_target;Stopped;2028371;-4391;-6706;58616;11395
16;L2_hidden_target;Stopped;2028388;-4391;-6706;58616;11395
16;L2_hidden_target;Stopped;2028405;-4391;-6706;58616;11395
16;L2_hidden_target;Stopped;2028422;-4391;-6706;58616;11395
16;L2_hidden_target;Stopped;2028438;-4391;-6706;58616;11395
16;L2_hidden_target;Stopped;2028455;-4391;-6706;58616;11395
16;L2_hidden_target;Stopped;2028471;-4391;-6706;58616;11395
16;L2_hidden_target;Stopped;2028510;-4391;-6706;58616;11395
16;L2_hidden_target;Stopped;2028526;-4391;-6706;58616;11395
16;L2_hidden_target;Stopped;2028538;-4391;-6706;58616;11395
16;L2_hidden_target;Stopped;2028555;-4391;-6706;58616;11395
16;L2_hidden_target;Stopped;2028571;-4391;-6706;58616;11395
16;L2_hidden_target;Stopped;2028588;-4391;-6706;58616;11395
16;L2_hidden_target;Stopped;2028605;-4391;-6706;58616;11395
16;L2_hidden_target;Stopped;2028621;-4391;-6706;58616;11395
16;L2_hidden_target;Stopped;2028638;-4391;-6706;58616;11395
16;L2_hidden_target;Stopped;2028655;-4391;-6706;58616;11395
16;L2_hidden_target;Stopped;2028671;-4391;-6706;58616;11395
16;L2_hidden_target;Stopped;2028688;-4391;-6706;58616;11395
16;L2_hidden_target;Stopped;2028705;-4391;-6706;58616;11395
16;L2_hidden_target;Stopped;2028721;-4391;-6706;58616;11395
16;L2_hidden_target;Stopped;2028738;-4391;-6706;58616;11395
16;L2_hidden_target;End;2043233;-4391;-6706;58616;11395
16;L2_hidden_target;Begin;2043233;-4391;-6706;58616;11395
