1;M3_cued_target;Stopped;235775;-3884;-5421;38586;12805
1;M3_cued_target;Stopped;235791;-3884;-5421;38586;12805
1;M3_cued_target;Stopped;235808;-3884;-5421;38586;12805
1;M3_cued_target;Stopped;235825;-3884;-5421;38586;12805
1;M3_cued_target;Stopped;235841;-3884;-5421;38586;12805
1;M3_cued_target;Stopped;235858;-3884;-5421;38586;12805
1;M3_cued_target;Stopped;235875;-3884;-5421;38586;12805
1;M3_cued_target;Stopped;235891;-3884;-5421;38586;12805
1;M3_cued_target;Stopped;235908;-3884;-5421;38586;12805
1;M3_cued_target;Stopped;235925;-3884;-5421;38586;12805
1;M3_cued_target;Stopped;235941;-3884;-5421;38586;12805
1;M3_cued_target;Stopped;235958;-3884;-5421;38586;12805
1;M3_cued_target;Stopped;235975;-3884;-5421;38586;12805
1;M3_cued_target;Stopped;235991;-3884;-5421;38586;12805
1;M3_cued_target;Stopped;236008;-3884;-5421;38586;12805
1;M3_cued_target;Stopped;236025;-3884;-5421;38586;12805
1;M3_cued_target;Stopped;236041;-3884;-5421;38586;12805
1;M3_cued_target;Stopped;236058;-3884;-5421;38586;12805
1;M3_cued_target;Stopped;236075;-3884;-5421;38586;12805
1;M3_cued_target;Stopped;236091;-3884;-5421;38586;12805
1;M3_cued_target;Stopped;236108;-3884;-5421;38586;12805
1;M3_cued_target;Stopped;236125;-3884;-5421;38586;12805
1;M3_cued_target;Stopped;236141;-3884;-5421;38586;12805
1;M3_cued_target;Stopped;236158;-3884;-5421;38586;12805
1;M3_cued_target;Stopped;236175;-3884;-5421;38586;12805
1;M3_cued_target;Stopped;236191;-3884;-5421;38586;12805
1;M3_cued_target;Stopped;236208;-3884;-5421;38586;12805
1;M3_cued_target;Stopped;236225;-3884;-5421;38586;12805
1;M3_cued_target;Stopped;236241;-3884;-5421;38586;12805
1;M3_cued_target;Stopped;236258;-3884;-5421;38586;12805
1;M3_cued_target;Stopped;236275;-3884;-5421;38586;12805
1;M3_cued_target;Stopped;236291;-3884;-5421;38586;12805
1;M3_cued_target;End;250804;-3884;-5421;38586;12805
2;L2_hidden_target;Begin;250804;7000;-7000;0;0
2;L2_hidden_target;Stopped;398859;-4548;-6705;41731;11551
2;L2_hidden_target;Stopped;398876;-4548;-6705;41731;11551
2;L2_hidden_target;Stopped;398893;-4548;-6705;41731;11551
2;L2_hidden_target;Stopped;398909;-4548;-6705;41731;11551
2;L2_hidden_target;Stopped;398926;-4548;-6705;41731;11551
2;L2_hidden_target;Stopped;398942;-4548;-6705;41731;11551
2;L2_hidden_target;End;413885;-4548;-6705;41731;11551
3;M1_cued_target;Begin;413885;7000;7000;0;0
3;M1_cued_target;Stopped;510071;-3680;-5817;19038;16684
3;M1_cued_target;Stopped;510087;-3680;-5817;19038;16684
3;M1_cued_target;Stopped;510104;-3680;-5817;19038;16684
3;M1_cued_target;Stopped;510121;-3680;-5817;19038;16684
3;M1_cued_target;Stopped;510138;-3680;-5817;19038;16684
3;M1_cued_target;Stopped;510154;-3680;-5817;19038;16684
3;M1_cued_target;Stopped;510171;-3680;-5817;19038;16684
3;M1_cued_target;Stopped;510188;-3680;-5817;19038;16684
3;M1_cued_target;Stopped;510204;-3680;-5817;19038;16684
3;M1_cued_target;Stopped;510221;-3680;-5817;19038;16684
3;M1_cued_target;Stopped;510238;-3680;-5817;19038;16684
3;M1_cued_target;Stopped;510254;-3680;-5817;19038;16684
3;M1_cued_target;Stopped;510271;-3680;-5817;19038;16684
3;M1_cued_target;End;525099;-3680;-5817;19038;16684
4;L2_hidden_target;Begin;525099;7000;-7000;0;0
4;L2_hidden_target;Stopped;546644;-3682;-6270;11309;10707
4;L2_hidden_target;Stopped;546661;-3682;-6270;11309;10707
4;L2_hidden_target;Stopped;546678;-3682;-6270;11309;10707
4;L2_hidden_target;Stopped;546695;-3682;-6270;11309;10707
4;L2_hidden_target;Stopped;546711;-3682;-6270;11309;10707
4;L2_hidden_target;Stopped;546732;-3682;-6270;11309;10707
4;L2_hidden_target;Stopped;546748;-3682;-6270;11309;10707
4;L2_hidden_target;Stopped;546761;-3682;-6270;11309;10707
4;L2_hidden_target;Stopped;546778;-3682;-6270;11309;10707
4;L2_hidden_target;Stopped;546794;-3682;-6270;11309;10707
4;L2_hidden_target;Stopped;546811;-3682;-6270;11309;10707
4;L2_hidden_target;Stopped;546828;-3682;-6270;11309;10707
4;L2_hidden_target;Stopped;546844;-3682;-6270;11309;10707
4;L2_hidden_target;End;561673;-3682;-6270;11309;10707
5;M2_cued_target;Begin;561673;7000;-7000;0;0
5;M2_cued_target;Stopped;614755;-3681;-6207;10780;10710
5;M2_cued_target;Stopped;614771;-3681;-6207;10780;10710
5;M2_cued_target;Stopped;614788;-3681;-6207;10780;10710
5;M2_cued_target;Stopped;614805;-3681;-6207;10780;10710
5;M2_cued_target;Stopped;614821;-3681;-6207;10780;10710
5;M2_cued_target;Stopped;614838;-3681;-6207;10780;10710
5;M2_cued_target;Stopped;614855;-3681;-6207;10780;10710
5;M2_cued_target;Stopped;614871;-3681;-6207;10780;10710
5;M2_cued_target;Stopped;614888;-3681;-6207;10780;10710
5;M2_cued_target;Stopped;614905;-3681;-6207;10780;10710
5;M2_cued_target;Stopped;614921;-3681;-6207;10780;10710
5;M2_cued_target;Stopped;614938;-3681;-6207;10780;10710
5;M2_cued_target;Stopped;614955;-3681;-6207;10780;10710
5;M2_cued_target;Stopped;614972;-3681;-6207;10780;10710
5;M2_cued_target;Stopped;614988;-3681;-6207;10780;10710
5;M2_cued_target;Stopped;615005;-3681;-6207;10780;10710
5;M2_cued_target;Stopped;615021;-3681;-6207;10780;10710
5;M2_cued_target;Stopped;615038;-3681;-6207;10780;10710
5;M2_cued_target;Stopped;615055;-3681;-6207;10780;10710
5;M2_cued_target;Stopped;615071;-3681;-6207;10780;10710
5;M2_cued_target;End;629787;-3681;-6207;10780;10710
6;L2_hidden_target;Begin;629787;6999;-7000;0;0
6;L2_hidden_target;Stopped;652378;-3681;-6292;11006;10704
6;L2_hidden_target;Stopped;652395;-3681;-6292;11006;10704
6;L2_hidden_target;Stopped;652411;-3681;-6292;11006;10704
6;L2_hidden_target;Stopped;652428;-3681;-6292;11006;10704
6;L2_hidden_target;Stopped;652445;-3681;-6292;11006;10704
6;L2_hidden_target;Stopped;652466;-3681;-6292;11006;10704
6;L2_hidden_target;Stopped;652482;-3681;-6292;11006;10704
6;L2_hidden_target;Stopped;652528;-3681;-6292;11006;10704
6;L2_hidden_target;Stopped;652545;-3681;-6292;11006;10704
6;L2_hidden_target;Stopped;652561;-3681;-6292;11006;10704
6;L2_hidden_target;Stopped;652578;-3681;-6292;11006;10704
6;L2_hidden_target;Stopped;652595;-3681;-6292;11006;10704
6;L2_hidden_target;Stopped;652615;-3681;-6292;11006;10704
6;L2_hidden_target;End;667406;-3681;-6292;11006;10704
7;M1_cued_target;Begin;667406;7000;7000;0;0
7;M1_cued_target;Stopped;764041;-3726;-4797;16579;15945
7;M1_cued_target;Stopped;764057;-3726;-4797;16579;15945
7;M1_cued_target;Stopped;764074;-3726;-4797;16579;15945
7;M1_cued_target;Stopped;764091;-3726;-4797;16579;15945
7;M1_cued_target;Stopped;764108;-3726;-4797;16579;15945
7;M1_cued_target;Stopped;764124;-3726;-4797;16579;15945
7;M1_cued_target;Stopped;764141;-3726;-4797;16579;15945
7;M1_cued_target;Stopped;764158;-3726;-4797;16579;15945
7;M1_cued_target;Stopped;764174;-3726;-4797;16579;15945
7;M1_cued_target;Stopped;764191;-3726;-4797;16579;15945
7;M1_cued_target;Stopped;764207;-3726;-4797;16579;15945
7;M1_cued_target;Stopped;764224;-3726;-4797;16579;15945
7;M1_cued_target;Stopped;764241;-3726;-4797;16579;15945
7;M1_cued_target;Stopped;764257;-3726;-4797;16579;15945
7;M1_cued_target;Stopped;764274;-3726;-4797;16579;15945
7;M1_cued_target;Stopped;764291;-3726;-4797;16579;15945
7;M1_cued_target;Stopped;764307;-3726;-4797;16579;15945
7;M1_cued_target;Stopped;764324;-3726;-4797;16579;15945
7;M1_cued_target;Stopped;764341;-3726;-4797;16579;15945
7;M1_cued_target;Stopped;764357;-3726;-4797;16579;15945
7;M1_cued_target;Stopped;764379;-3726;-4797;16579;15945
7;M1_cued_target;End;779069;-3726;-4797;16579;15945
8;L2_hidden_target;Begin;779069;6999;-7000;0;0
8;L2_hidden_target;Stopped;802398;-3679;-5826;11380;10744
8;L2_hidden_target;Stopped;802414;-3679;-5826;11380;10744
8;L2_hidden_target;Stopped;802431;-3679;-5826;11380;10744
8;L2_hidden_target;Stopped;802447;-3679;-5826;11380;10744
8;L2_hidden_target;Stopped;802465;-3679;-5826;11380;10744
8;L2_hidden_target;Stopped;802481;-3679;-5826;11380;10744
8;L2_hidden_target;Stopped;802514;-3679;-5826;11380;10744
8;L2_hidden_target;Stopped;802532;-3679;-5826;11380;10744
8;L2_hidden_target;Stopped;802551;-3679;-5826;11380;10744
8;L2_hidden_target;Stopped;802564;-3679;-5826;11380;10744
8;L2_hidden_target;Stopped;802580;-3679;-5826;11380;10744
8;L2_hidden_target;Stopped;802597;-3679;-5826;11380;10744
8;L2_hidden_target;Stopped;802615;-3679;-5826;11380;10744
8;L2_hidden_target;End;817425;-3679;-5826;11380;10744
9;M3_cued_target;Begin;817425;-7000;7000;0;0
9;M3_cued_target;Stopped;889984;-4207;-4939;13277;12261
9;M3_cued_target;Stopped;890002;-4207;-4939;13277;12261
9;M3_cued_target;Stopped;890017;-4207;-4939;13277;12261
9;M3_cued_target;Stopped;890034;-4207;-4939;13277;12261
9;M3_cued_target;Stopped;890052;-4207;-4939;13277;12261
9;M3_cued_target;Stopped;890067;-4207;-4939;13277;12261
9;M3_cued_target;Stopped;890084;-4207;-4939;13277;12261
9;M3_cued_target;Stopped;890101;-4207;-4939;13277;12261
9;M3_cued_target;Stopped;890117;-4207;-4939;13277;12261
9;M3_cued_target;Stopped;890134;-4207;-4939;13277;12261
9;M3_cued_target;Stopped;890152;-4207;-4939;13277;12261
9;M3_cued_target;End;905013;-4207;-4939;13277;12261
10;L2_hidden_target;Begin;905013;7000;-7000;0;0
10;L2_hidden_target;Stopped;929038;-3687;-6430;11166;10703
10;L2_hidden_target;Stopped;929055;-3687;-6430;11166;10703
10;L2_hidden_target;Stopped;929072;-3687;-6430;11166;10703
10;L2_hidden_target;Stopped;929089;-3687;-6430;11166;10703
10;L2_hidden_target;Stopped;929105;-3687;-6430;11166;10703
10;L2_hidden_target;Stopped;929122;-3687;-6430;11166;10703
10;L2_hidden_target;Stopped;929139;-3687;-6430;11166;10703
10;L2_hidden_target;Stopped;929155;-3687;-6430;11166;10703
10;L2_hidden_target;Stopped;929172;-3687;-6430;11166;10703
10;L2_hidden_target;End;944067;-3687;-6430;11166;10703
11;M2_cued_target;Begin;944067;6999;-7000;0;0
11;M2_cued_target;Stopped;1035204;-3320;-5574;14661;10418
11;M2_cued_target;Stopped;1035221;-3320;-5574;14661;10418
11;M2_cued_target;Stopped;1035238;-3320;-5574;14661;10418
11;M2_cued_target;Stopped;1035254;-3320;-5574;14661;10418
11;M2_cued_target;Stopped;1035271;-3320;-5574;14661;10418
11;M2_cued_target;Stopped;1035288;-3320;-5574;14661;10418
11;M2_cued_target;Stopped;1035305;-3320;-5574;14661;10418
11;M2_cued_target;Stopped;1035321;-3320;-5574;14661;10418
11;M2_cued_target;Stopped;1035338;-3320;-5574;14661;10418
11;M2_cued_target;Stopped;1035354;-3320;-5574;14661;10418
11;M2_cued_target;Stopped;1035371;-3320;-5574;14661;10418
11;M2_cued_target;Stopped;1035388;-3320;-5574;14661;10418
11;M2_cued_target;Stopped;1035405;-3320;-5574;14661;10418
11;M2_cued_target;Stopped;1035421;-3320;-5574;14661;10418
11;M2_cued_target;Stopped;1035438;-3320;-5574;14661;10418
11;M2_cued_target;Stopped;1035454;-3320;-5574;14661;10418
11;M2_cued_target;Stopped;1035471;-3320;-5574;14661;10418
11;M2_cued_target;Stopped;1035488;-3320;-5574;14661;10418
11;M2_cued_target;Stopped;1035521;-3320;-5574;14661;10418
11;M2_cued_target;Stopped;1035538;-3320;-5574;14661;10418
11;M2_cued_target;Stopped;1035554;-3320;-5574;14661;10418
11;M2_cued_target;Stopped;1035571;-3320;-5574;14661;10418
11;M2_cued_target;Stopped;1035588;-3320;-5574;14661;10418
11;M2_cued_target;Stopped;1035604;-3320;-5574;14661;10418
11;M2_cued_target;Stopped;1035621;-3320;-5574;14661;10418
11;M2_cued_target;Stopped;1035638;-3320;-5574;14661;10418
11;M2_cued_target;Stopped;1035654;-3320;-5574;14661;10418
11;M2_cued_target;End;1050233;-3320;-5574;14661;10418
12;L2_hidden_target;Begin;1050233;7000;-7000;0;0
12;L2_hidden_target;Stopped;1072794;-3681;-6335;10917;10702
12;L2_hidden_target;Stopped;1072811;-3681;-6335;10917;10702
12;L2_hidden_target;Stopped;1072828;-3681;-6335;10917;10702
12;L2_hidden_target;Stopped;1072844;-3681;-6335;10917;10702
12;L2_hidden_target;Stopped;1072861;-3681;-6335;10917;10702
12;L2_hidden_target;Stopped;1072878;-3681;-6335;10917;10702
12;L2_hidden_target;End;1087823;-3681;-6335;10917;10702
13;M3_cued_target;Begin;1087823;-7000;7000;0;0
13;M3_cued_target;Stopped;1170512;-3810;-4089;13239;11539
13;M3_cued_target;Stopped;1170528;-3810;-4089;13239;11539
13;M3_cued_target;Stopped;1170546;-3810;-4089;13239;11539
13;M3_cued_target;Stopped;1170562;-3810;-4089;13239;11539
13;M3_cued_target;Stopped;1170581;-3810;-4089;13239;11539
13;M3_cued_target;Stopped;1170601;-3810;-4089;13239;11539
13;M3_cued_target;Stopped;1170616;-3810;-4089;13239;11539
13;M3_cued_target;Stopped;1170629;-3810;-4089;13239;11539
13;M3_cued_target;Stopped;1170646;-3810;-4089;13239;11539
13;M3_cued_target;Stopped;1170662;-3810;-4089;13239;11539
13;M3_cued_target;End;1185540;-3810;-4089;13239;11539
14;L2_hidden_target;Begin;1185540;7000;-7000;0;0
14;L2_hidden_target;Stopped;1208768;-3682;-6120;11066;10718
14;L2_hidden_target;Stopped;1208784;-3682;-6120;11066;10718
14;L2_hidden_target;Stopped;1208801;-3682;-6120;11066;10718
14;L2_hidden_target;Stopped;1208818;-3682;-6120;11066;10718
14;L2_hidden_target;Stopped;1208835;-3682;-6120;11066;10718
14;L2_hidden_target;Stopped;1208851;-3682;-6120;11066;10718
14;L2_hidden_target;Stopped;1208868;-3682;-6120;11066;10718
14;L2_hidden_target;Stopped;1208885;-3682;-6120;11066;10718
14;L2_hidden_target;Stopped;1208901;-3682;-6120;11066;10718
14;L2_hidden_target;Stopped;1208918;-3682;-6120;11066;10718
14;L2_hidden_target;Stopped;1208935;-3682;-6120;11066;10718
14;L2_hidden_target;Stopped;1208951;-3682;-6120;11066;10718
14;L2_hidden_target;Stopped;1208968;-3682;-6120;11066;10718
14;L2_hidden_target;End;1223800;-3682;-6120;11066;10718
15;M1_cued_target;Begin;1223800;6999;7000;0;0
15;M1_cued_target;Stopped;1330078;-1466;-2705;13891;12879
15;M1_cued_target;Stopped;1330094;-1466;-2705;13891;12879
15;M1_cued_target;Stopped;1330111;-1466;-2705;13891;12879
15;M1_cued_target;Stopped;1330128;-1466;-2705;13891;12879
15;M1_cued_target;Stopped;1330144;-1466;-2705;13891;12879
15;M1_cued_target;Stopped;1330161;-1466;-2705;13891;12879
15;M1_cued_target;Stopped;1330178;-1466;-2705;13891;12879
15;M1_cued_target;Stopped;1330195;-1466;-2705;13891;12879
15;M1_cued_target;Stopped;1330211;-1466;-2705;13891;12879
15;M1_cued_target;Stopped;1330228;-1466;-2705;13891;12879
15;M1_cued_target;Stopped;1330244;-1466;-2705;13891;12879
15;M1_cued_target;Stopped;1330261;-1466;-2705;13891;12879
15;M1_cued_target;End;1345094;-1466;-2705;13891;12879
16;L2_hidden_target;Begin;1345094;7000;-7000;0;0
16;L2_hidden_target;Stopped;1368316;-3683;-6329;11286;10704
16;L2_hidden_target;Stopped;1368333;-3683;-6329;11286;10704
16;L2_hidden_target;Stopped;1368350;-3683;-6329;11286;10704
16;L2_hidden_target;Stopped;1368366;-3683;-6329;11286;10704
16;L2_hidden_target;Stopped;1368383;-3683;-6329;11286;10704
16;L2_hidden_target;Stopped;1368400;-3683;-6329;11286;10704
16;L2_hidden_target;Stopped;1368416;-3683;-6329;11286;10704
16;L2_hidden_target;Stopped;1368433;-3683;-6329;11286;10704
16;L2_hidden_target;Stopped;1368449;-3683;-6329;11286;10704
16;L2_hidden_target;Stopped;1368470;-3683;-6329;11286;10704
16;L2_hidden_target;Stopped;1368499;-3683;-6329;11286;10704
16;L2_hidden_target;Stopped;1368516;-3683;-6329;11286;10704
16;L2_hidden_target;Stopped;1368533;-3683;-6329;11286;10704
16;L2_hidden_target;Stopped;1368550;-3683;-6329;11286;10704
16;L2_hidden_target;Stopped;1368570;-3683;-6329;11286;10704
16;L2_hidden_target;Stopped;1368583;-3683;-6329;11286;10704
16;L2_hidden_target;Stopped;1368599;-3683;-6329;11286;10704
16;L2_hidden_target;Stopped;1368618;-3683;-6329;11286;10704
16;L2_hidden_target;Stopped;1368638;-3683;-6329;11286;10704
16;L2_hidden_target;Stopped;1368649;-3683;-6329;11286;10704
16;L2_hidden_target;Stopped;1368666;-3683;-6329;11286;10704
16;L2_hidden_target;Stopped;1368683;-3683;-6329;11286;10704
16;L2_hidden_target;End;1383348;-3683;-6329;11286;10704
16;L2_hidden_target;Begin;1383348;-3683;-6329;11286;10704
