1;M3_cued_target;Stopped;72320;-4644;-5418;12359;12639
1;M3_cued_target;Stopped;72337;-4644;-5418;12359;12639
1;M3_cued_target;Stopped;72354;-4644;-5418;12359;12639
1;M3_cued_target;Stopped;72370;-4644;-5418;12359;12639
1;M3_cued_target;Stopped;72391;-4644;-5418;12359;12639
1;M3_cued_target;Stopped;72407;-4644;-5418;12359;12639
1;M3_cued_target;Stopped;72421;-4644;-5418;12359;12639
1;M3_cued_target;Stopped;72438;-4644;-5418;12359;12639
1;M3_cued_target;Stopped;72454;-4644;-5418;12359;12639
1;M3_cued_target;Stopped;72475;-4644;-5418;12359;12639
1;M3_cued_target;Stopped;72488;-4644;-5418;12359;12639
1;M3_cued_target;Stopped;72504;-4644;-5418;12359;12639
1;M3_cued_target;Stopped;72538;-4644;-5418;12359;12639
1;M3_cued_target;Stopped;72554;-4644;-5418;12359;12639
1;M3_cued_target;End;80801;-4644;-5418;12359;12639
2;L1_hidden_target;Begin;80801;7000;7000;0;0
2;L1_hidden_target;Stopped;114859;-3681;-5921;21157;16764
2;L1_hidden_target;Stopped;114875;-3681;-5921;21157;16764
2;L1_hidden_target;Stopped;114892;-3681;-5921;21157;16764
2;L1_hidden_target;Stopped;114909;-3681;-5921;21157;16764
2;L1_hidden_target;Stopped;114925;-3681;-5921;21157;16764
2;L1_hidden_target;Stopped;114942;-3681;-5921;21157;16764
2;L1_hidden_target;Stopped;114959;-3681;-5921;21157;16764
2;L1_hidden_target;Stopped;114976;-3681;-5921;21157;16764
2;L1_hidden_target;Stopped;114997;-3681;-5921;21157;16764
2;L1_hidden_target;Stopped;115010;-3681;-5921;21157;16764
2;L1_hidden_target;Stopped;115025;-3681;-5921;21157;16764
2;L1_hidden_target;End;129888;-3681;-5921;21157;16764
3;M1_cued_target;Begin;129888;7000;7000;0;0
3;M1_cued_target;Stopped;231754;-4470;-5417;23074;16904
3;M1_cued_target;Stopped;231771;-4470;-5417;23074;16904
3;M1_cued_target;Stopped;231788;-4470;-5417;23074;16904
3;M1_cued_target;Stopped;231804;-4470;-5417;23074;16904
3;M1_cued_target;Stopped;231821;-4470;-5417;23074;16904
3;M1_cued_target;Stopped;231838;-4470;-5417;23074;16904
3;M1_cued_target;Stopped;231855;-4470;-5417;23074;16904
3;M1_cued_target;Stopped;231871;-4470;-5417;23074;16904
3;M1_cued_target;Stopped;231888;-4470;-5417;23074;16904
3;M1_cued_target;Stopped;231904;-4470;-5417;23074;16904
3;M1_cued_target;Stopped;231921;-4470;-5417;23074;16904
3;M1_cued_target;Stopped;231938;-4470;-5417;23074;16904
3;M1_cued_target;End;246784;-4470;-5417;23074;16904
4;L2_hidden_target;Begin;246784;7000;-7000;0;0
4;L2_hidden_target;Stopped;268794;-4041;-6704;11862;11045
4;L2_hidden_target;Stopped;268810;-4041;-6704;11862;11045
4;L2_hidden_target;Stopped;268827;-4041;-6704;11862;11045
4;L2_hidden_target;Stopped;268844;-4041;-6704;11862;11045
4;L2_hidden_target;Stopped;268860;-4041;-6704;11862;11045
4;L2_hidden_target;Stopped;268877;-4041;-6704;11862;11045
4;L2_hidden_target;Stopped;268894;-4041;-6704;11862;11045
4;L2_hidden_target;Stopped;268910;-4041;-6704;11862;11045
4;L2_hidden_target;End;283822;-4041;-6704;11862;11045
5;M2_cued_target;Begin;283822;7000;-7000;0;0
5;M2_cued_target;Stopped;333873;-3680;-6226;10509;10708
5;M2_cued_target;Stopped;333889;-3680;-6226;10509;10708
5;M2_cued_target;Stopped;333906;-3680;-6226;10509;10708
5;M2_cued_target;Stopped;333923;-3680;-6226;10509;10708
5;M2_cued_target;Stopped;333940;-3680;-6226;10509;10708
5;M2_cued_target;Stopped;333956;-3680;-6226;10509;10708
5;M2_cued_target;Stopped;333973;-3680;-6226;10509;10708
5;M2_cued_target;Stopped;333989;-3680;-6226;10509;10708
5;M2_cued_target;Stopped;334006;-3680;-6226;10509;10708
5;M2_cued_target;Stopped;334023;-3680;-6226;10509;10708
5;M2_cued_target;End;348901;-3680;-6226;10509;10708
6;L3_hidden_target;Begin;348901;-7000;7000;0;0
6;L3_hidden_target;Stopped;398937;-3682;-5594;24687;13023
6;L3_hidden_target;Stopped;398954;-3682;-5594;24687;13023
6;L3_hidden_target;Stopped;398971;-3682;-5594;24687;13023
6;L3_hidden_target;Stopped;398988;-3682;-5594;24687;13023
6;L3_hidden_target;Stopped;399005;-3682;-5594;24687;13023
6;L3_hidden_target;Stopped;399022;-3682;-5594;24687;13023
6;L3_hidden_target;Stopped;399039;-3682;-5594;24687;13023
6;L3_hidden_target;Stopped;399055;-3682;-5594;24687;13023
6;L3_hidden_target;Stopped;399072;-3682;-5594;24687;13023
6;L3_hidden_target;Stopped;399088;-3682;-5594;24687;13023
6;L3_hidden_target;End;413965;-3682;-5594;24687;13023
7;M1_cued_target;Begin;413965;7000;7000;0;0
7;M1_cued_target;Stopped;512486;-4391;-5420;22176;16853
7;M1_cued_target;Stopped;512503;-4391;-5420;22176;16853
7;M1_cued_target;Stopped;512535;-4391;-5420;22176;16853
7;M1_cued_target;Stopped;512552;-4391;-5420;22176;16853
7;M1_cued_target;Stopped;512569;-4391;-5420;22176;16853
7;M1_cued_target;Stopped;512585;-4391;-5420;22176;16853
7;M1_cued_target;Stopped;512602;-4391;-5420;22176;16853
7;M1_cued_target;Stopped;512619;-4391;-5420;22176;16853
7;M1_cued_target;Stopped;512636;-4391;-5420;22176;16853
7;M1_cued_target;Stopped;512652;-4391;-5420;22176;16853
7;M1_cued_target;End;527513;-4391;-5420;22176;16853
8;L2_hidden_target;Begin;527513;6999;-7000;0;0
8;L2_hidden_target;Stopped;548729;-4151;-6704;12394;11154
8;L2_hidden_target;Stopped;548745;-4151;-6704;12394;11154
8;L2_hidden_target;Stopped;548759;-4151;-6704;12394;11154
8;L2_hidden_target;Stopped;548775;-4151;-6704;12394;11154
8;L2_hidden_target;Stopped;548791;-4151;-6704;12394;11154
8;L2_hidden_target;Stopped;548808;-4151;-6704;12394;11154
8;L2_hidden_target;Stopped;548824;-4151;-6704;12394;11154
8;L2_hidden_target;Stopped;548841;-4151;-6704;12394;11154
8;L2_hidden_target;Stopped;548858;-4151;-6704;12394;11154
8;L2_hidden_target;Stopped;548874;-4151;-6704;12394;11154
8;L2_hidden_target;Stopped;548891;-4151;-6704;12394;11154
8;L2_hidden_target;End;563752;-4151;-6704;12394;11154
9;M3_cued_target;Begin;563752;-7000;7000;0;0
9;M3_cued_target;Stopped;647810;-3966;-5423;18869;12788
9;M3_cued_target;Stopped;647826;-3966;-5423;18869;12788
9;M3_cued_target;Stopped;647843;-3966;-5423;18869;12788
9;M3_cued_target;Stopped;647860;-3966;-5423;18869;12788
9;M3_cued_target;Stopped;647876;-3966;-5423;18869;12788
9;M3_cued_target;Stopped;647893;-3966;-5423;18869;12788
9;M3_cued_target;Stopped;647910;-3966;-5423;18869;12788
9;M3_cued_target;Stopped;647926;-3966;-5423;18869;12788
9;M3_cued_target;Stopped;647943;-3966;-5423;18869;12788
9;M3_cued_target;Stopped;647960;-3966;-5423;18869;12788
9;M3_cued_target;Stopped;647976;-3966;-5423;18869;12788
9;M3_cued_target;Stopped;647993;-3966;-5423;18869;12788
9;M3_cued_target;End;662839;-3966;-5423;18869;12788
10;L1_hidden_target;Begin;662839;7000;6999;0;0
10;L1_hidden_target;Stopped;695912;-3987;-5413;17602;16577
10;L1_hidden_target;Stopped;695929;-3987;-5413;17602;16577
10;L1_hidden_target;Stopped;695946;-3987;-5413;17602;16577
10;L1_hidden_target;Stopped;695962;-3987;-5413;17602;16577
10;L1_hidden_target;Stopped;695979;-3987;-5413;17602;16577
10;L1_hidden_target;Stopped;695996;-3987;-5413;17602;16577
10;L1_hidden_target;Stopped;696012;-3987;-5413;17602;16577
10;L1_hidden_target;Stopped;696029;-3987;-5413;17602;16577
10;L1_hidden_target;Stopped;696046;-3987;-5413;17602;16577
10;L1_hidden_target;Stopped;696062;-3987;-5413;17602;16577
10;L1_hidden_target;Stopped;696079;-3987;-5413;17602;16577
10;L1_hidden_target;Stopped;696096;-3987;-5413;17602;16577
10;L1_hidden_target;End;710941;-3987;-5413;17602;16577
11;M2_cued_target;Begin;710941;7000;-7000;0;0
11;M2_cued_target;Stopped;852264;-4404;-5419;32292;11513
11;M2_cued_target;Stopped;852280;-4404;-5419;32292;11513
11;M2_cued_target;Stopped;852297;-4404;-5419;32292;11513
11;M2_cued_target;Stopped;852314;-4404;-5419;32292;11513
11;M2_cued_target;End;867292;-4404;-5419;32292;11513
12;L3_hidden_target;Begin;867292;-7000;7000;0;0
12;L3_hidden_target;Stopped;893053;-4969;-6340;15249;13494
12;L3_hidden_target;Stopped;893070;-4969;-6340;15249;13494
12;L3_hidden_target;Stopped;893087;-4969;-6340;15249;13494
12;L3_hidden_target;Stopped;893104;-4969;-6340;15249;13494
12;L3_hidden_target;Stopped;893120;-4969;-6340;15249;13494
12;L3_hidden_target;Stopped;893137;-4969;-6340;15249;13494
12;L3_hidden_target;Stopped;893154;-4969;-6340;15249;13494
12;L3_hidden_target;Stopped;893170;-4969;-6340;15249;13494
12;L3_hidden_target;Stopped;893187;-4969;-6340;15249;13494
12;L3_hidden_target;Stopped;893204;-4969;-6340;15249;13494
12;L3_hidden_target;Stopped;893220;-4969;-6340;15249;13494
12;L3_hidden_target;Stopped;893236;-4969;-6340;15249;13494
12;L3_hidden_target;End;908081;-4969;-6340;15249;13494
13;M3_cued_target;Begin;908081;-7000;7000;0;0
13;M3_cued_target;Stopped;1006349;-3914;-5422;21806;12800
13;M3_cued_target;Stopped;1006366;-3914;-5422;21806;12800
13;M3_cued_target;Stopped;1006383;-3914;-5422;21806;12800
13;M3_cued_target;Stopped;1006400;-3914;-5422;21806;12800
13;M3_cued_target;Stopped;1006416;-3914;-5422;21806;12800
13;M3_cued_target;Stopped;1006433;-3914;-5422;21806;12800
13;M3_cued_target;Stopped;1006450;-3914;-5422;21806;12800
13;M3_cued_target;Stopped;1006466;-3914;-5422;21806;12800
13;M3_cued_target;Stopped;1006483;-3914;-5422;21806;12800
13;M3_cued_target;Stopped;1006533;-3914;-5422;21806;12800
13;M3_cued_target;End;1021381;-3914;-5422;21806;12800
14;L2_hidden_target;Begin;1021381;7000;-7000;0;0
14;L2_hidden_target;Stopped;1040522;-3683;-6045;11346;10725
14;L2_hidden_target;Stopped;1040539;-3683;-6045;11346;10725
14;L2_hidden_target;Stopped;1040556;-3683;-6045;11346;10725
14;L2_hidden_target;Stopped;1040572;-3683;-6045;11346;10725
14;L2_hidden_target;Stopped;1040589;-3683;-6045;11346;10725
14;L2_hidden_target;Stopped;1040606;-3683;-6045;11346;10725
14;L2_hidden_target;Stopped;1040622;-3683;-6045;11346;10725
14;L2_hidden_target;Stopped;1040639;-3683;-6045;11346;10725
14;L2_hidden_target;Stopped;1040656;-3683;-6045;11346;10725
14;L2_hidden_target;Stopped;1040672;-3683;-6045;11346;10725
14;L2_hidden_target;Stopped;1040689;-3683;-6045;11346;10725
14;L2_hidden_target;End;1055535;-3683;-6045;11346;10725
15;M1_cued_target;Begin;1055535;7000;7000;0;0
15;M1_cued_target;Stopped;1145905;-4204;-5417;19789;16725
15;M1_cued_target;Stopped;1145922;-4204;-5417;19789;16725
15;M1_cued_target;Stopped;1145939;-4204;-5417;19789;16725
15;M1_cued_target;Stopped;1145959;-4204;-5417;19789;16725
15;M1_cued_target;Stopped;1145976;-4204;-5417;19789;16725
15;M1_cued_target;Stopped;1145989;-4204;-5417;19789;16725
15;M1_cued_target;Stopped;1146006;-4204;-5417;19789;16725
15;M1_cued_target;Stopped;1146022;-4204;-5417;19789;16725
15;M1_cued_target;Stopped;1146042;-4204;-5417;19789;16725
15;M1_cued_target;Stopped;1146060;-4204;-5417;19789;16725
15;M1_cued_target;Stopped;1146073;-4204;-5417;19789;16725
15;M1_cued_target;Stopped;1146089;-4204;-5417;19789;16725
15;M1_cued_target;Stopped;1146106;-4204;-5417;19789;16725
15;M1_cued_target;End;1160935;-4204;-5417;19789;16725
16;L3_hidden_target;Begin;1160935;-7000;7000;0;0
16;L3_hidden_target;Stopped;1184528;-4766;-5419;14173;12618
16;L3_hidden_target;Stopped;1184545;-4766;-5419;14173;12618
16;L3_hidden_target;Stopped;1184562;-4766;-5419;14173;12618
16;L3_hidden_target;Stopped;1184579;-4766;-5419;14173;12618
16;L3_hidden_target;Stopped;1184595;-4766;-5419;14173;12618
16;L3_hidden_target;Stopped;1184612;-4766;-5419;14173;12618
16;L3_hidden_target;Stopped;1184628;-4766;-5419;14173;12618
16;L3_hidden_target;Stopped;1184645;-4766;-5419;14173;12618
16;L3_hidden_target;Stopped;1184663;-4766;-5419;14173;12618
16;L3_hidden_target;Stopped;1184678;-4766;-5419;14173;12618
16;L3_hidden_target;Stopped;1184695;-4766;-5419;14173;12618
16;L3_hidden_target;Stopped;1184712;-4766;-5419;14173;12618
16;L3_hidden_target;Stopped;1184728;-4766;-5419;14173;12618
16;L3_hidden_target;Stopped;1184745;-4766;-5419;14173;12618
16;L3_hidden_target;End;1199557;-4766;-5419;14173;12618
16;L3_hidden_target;Begin;1199557;-4766;-5419;14173;12618
