1;M3_cued_target;Stopped;13050;-7070;7070;96;100
1;M3_cued_target;Stopped;13064;-7070;7070;96;100
1;M3_cued_target;Stopped;13080;-7070;7070;96;100
1;M3_cued_target;Stopped;13096;-7070;7070;96;100
1;M3_cued_target;Stopped;13112;-7070;7070;96;100
1;M3_cued_target;Stopped;13129;-7070;7070;96;100
1;M3_cued_target;Stopped;13146;-7070;7070;96;100
1;M3_cued_target;Stopped;13162;-7070;7070;96;100
1;M3_cued_target;Stopped;13179;-7070;7070;96;100
1;M3_cued_target;Stopped;13199;-7070;7070;96;100
1;M3_cued_target;Stopped;13215;-7070;7070;96;100
1;M3_cued_target;Stopped;13230;-7070;7070;96;100
1;M3_cued_target;Stopped;13249;-7070;7070;96;100
1;M3_cued_target;Stopped;13264;-7070;7070;96;100
1;M3_cued_target;Stopped;13281;-7070;7070;96;100
1;M3_cued_target;Stopped;195355;-4214;-5417;24156;12726
1;M3_cued_target;Stopped;195372;-4214;-5417;24156;12726
1;M3_cued_target;Stopped;195388;-4214;-5417;24156;12726
1;M3_cued_target;Stopped;195405;-4214;-5417;24156;12726
1;M3_cued_target;Stopped;195422;-4214;-5417;24156;12726
1;M3_cued_target;Stopped;195438;-4214;-5417;24156;12726
1;M3_cued_target;Stopped;195455;-4214;-5417;24156;12726
1;M3_cued_target;Stopped;195472;-4214;-5417;24156;12726
1;M3_cued_target;Stopped;195488;-4214;-5417;24156;12726
1;M3_cued_target;Stopped;195505;-4214;-5417;24156;12726
1;M3_cued_target;Stopped;195538;-4214;-5417;24156;12726
1;M3_cued_target;Stopped;195555;-4214;-5417;24156;12726
1;M3_cued_target;Stopped;195572;-4214;-5417;24156;12726
1;M3_cued_target;Stopped;195588;-4214;-5417;24156;12726
1;M3_cued_target;End;210384;-4214;-5417;24156;12726
2;L1_hidden_target;Begin;210384;7000;7000;0;0
2;L1_hidden_target;Stopped;364669;-4629;-5418;96760;17013
2;L1_hidden_target;Stopped;364686;-4629;-5418;96760;17013
2;L1_hidden_target;Stopped;364703;-4629;-5418;96760;17013
2;L1_hidden_target;Stopped;364720;-4629;-5418;96760;17013
2;L1_hidden_target;Stopped;364740;-4629;-5418;96760;17013
2;L1_hidden_target;Stopped;364758;-4629;-5418;96760;17013
2;L1_hidden_target;Stopped;364771;-4629;-5418;96760;17013
2;L1_hidden_target;Stopped;364787;-4629;-5418;96760;17013
2;L1_hidden_target;Stopped;364802;-4629;-5418;96760;17013
2;L1_hidden_target;Stopped;364819;-4629;-5418;96760;17013
2;L1_hidden_target;Stopped;364836;-4629;-5418;96760;17013
2;L1_hidden_target;Stopped;364852;-4629;-5418;96760;17013
2;L1_hidden_target;Stopped;364869;-4629;-5418;96760;17013
2;L1_hidden_target;End;379697;-4629;-5418;96760;17013
3;M1_cued_target;Begin;379697;7000;6999;0;0
3;M1_cued_target;Stopped;469652;-3820;-5422;19586;16474
3;M1_cued_target;Stopped;469668;-3820;-5422;19586;16474
3;M1_cued_target;Stopped;469685;-3820;-5422;19586;16474
3;M1_cued_target;Stopped;469702;-3820;-5422;19586;16474
3;M1_cued_target;Stopped;469719;-3820;-5422;19586;16474
3;M1_cued_target;Stopped;469735;-3820;-5422;19586;16474
3;M1_cued_target;Stopped;469752;-3820;-5422;19586;16474
3;M1_cued_target;Stopped;469768;-3820;-5422;19586;16474
3;M1_cued_target;Stopped;469785;-3820;-5422;19586;16474
3;M1_cued_target;Stopped;469802;-3820;-5422;19586;16474
3;M1_cued_target;Stopped;469818;-3820;-5422;19586;16474
3;M1_cued_target;Stopped;469835;-3820;-5422;19586;16474
3;M1_cued_target;Stopped;469852;-3820;-5422;19586;16474
3;M1_cued_target;Stopped;469868;-3820;-5422;19586;16474
3;M1_cued_target;Stopped;469885;-3820;-5422;19586;16474
3;M1_cued_target;Stopped;469902;-3820;-5422;19586;16474
3;M1_cued_target;Stopped;469918;-3820;-5422;19586;16474
3;M1_cued_target;Stopped;469935;-3820;-5422;19586;16474
3;M1_cued_target;Stopped;469952;-3820;-5422;19586;16474
3;M1_cued_target;Stopped;469968;-3820;-5422;19586;16474
3;M1_cued_target;Stopped;469985;-3820;-5422;19586;16474
3;M1_cued_target;Stopped;470002;-3820;-5422;19586;16474
3;M1_cued_target;Stopped;470018;-3820;-5422;19586;16474
3;M1_cued_target;Stopped;470035;-3820;-5422;19586;16474
3;M1_cued_target;Stopped;470052;-3820;-5422;19586;16474
3;M1_cued_target;Stopped;470068;-3820;-5422;19586;16474
3;M1_cued_target;End;484680;-3820;-5422;19586;16474
4;L2_hidden_target;Begin;484680;7000;-7000;0;0
4;L2_hidden_target;Stopped;599463;-4421;-5419;77527;11530
4;L2_hidden_target;Stopped;599479;-4421;-5419;77527;11530
4;L2_hidden_target;Stopped;599496;-4421;-5419;77527;11530
4;L2_hidden_target;Stopped;599534;-4421;-5419;77527;11530
4;L2_hidden_target;Stopped;599547;-4421;-5419;77527;11530
4;L2_hidden_target;Stopped;599568;-4421;-5419;77527;11530
4;L2_hidden_target;Stopped;599580;-4421;-5419;77527;11530
4;L2_hidden_target;Stopped;599597;-4421;-5419;77527;11530
4;L2_hidden_target;Stopped;599614;-4421;-5419;77527;11530
4;L2_hidden_target;Stopped;599630;-4421;-5419;77527;11530
4;L2_hidden_target;Stopped;599651;-4421;-5419;77527;11530
4;L2_hidden_target;Stopped;599665;-4421;-5419;77527;11530
4;L2_hidden_target;Stopped;599679;-4421;-5419;77527;11530
4;L2_hidden_target;Stopped;599696;-4421;-5419;77527;11530
4;L2_hidden_target;Stopped;599712;-4421;-5419;77527;11530
4;L2_hidden_target;Stopped;599732;-4421;-5419;77527;11530
4;L2_hidden_target;Stopped;599749;-4421;-5419;77527;11530
4;L2_hidden_target;Stopped;599762;-4421;-5419;77527;11530
4;L2_hidden_target;Stopped;599779;-4421;-5419;77527;11530
4;L2_hidden_target;Stopped;599800;-4421;-5419;77527;11530
4;L2_hidden_target;Stopped;599812;-4421;-5419;77527;11530
4;L2_hidden_target;Stopped;599829;-4421;-5419;77527;11530
4;L2_hidden_target;Stopped;599845;-4421;-5419;77527;11530
4;L2_hidden_target;Stopped;599867;-4421;-5419;77527;11530
4;L2_hidden_target;End;614491;-4421;-5419;77527;11530
5;M2_cued_target;Begin;614491;7000;-7000;0;0
5;M2_cued_target;Stopped;668039;-3681;-6312;10706;10704
5;M2_cued_target;Stopped;668056;-3681;-6312;10706;10704
5;M2_cued_target;Stopped;668073;-3681;-6312;10706;10704
5;M2_cued_target;Stopped;668089;-3681;-6312;10706;10704
5;M2_cued_target;Stopped;668106;-3681;-6312;10706;10704
5;M2_cued_target;Stopped;668123;-3681;-6312;10706;10704
5;M2_cued_target;Stopped;668139;-3681;-6312;10706;10704
5;M2_cued_target;Stopped;668156;-3681;-6312;10706;10704
5;M2_cued_target;Stopped;668173;-3681;-6312;10706;10704
5;M2_cued_target;Stopped;668190;-3681;-6312;10706;10704
5;M2_cued_target;Stopped;668206;-3681;-6312;10706;10704
5;M2_cued_target;Stopped;668223;-3681;-6312;10706;10704
5;M2_cued_target;Stopped;668240;-3681;-6312;10706;10704
5;M2_cued_target;Stopped;668256;-3681;-6312;10706;10704
5;M2_cued_target;Stopped;668273;-3681;-6312;10706;10704
5;M2_cued_target;Stopped;668289;-3681;-6312;10706;10704
5;M2_cued_target;Stopped;668306;-3681;-6312;10706;10704
5;M2_cued_target;Stopped;668323;-3681;-6312;10706;10704
5;M2_cued_target;End;683072;-3681;-6312;10706;10704
6;L3_hidden_target;Begin;683072;-7000;7000;0;0
6;L3_hidden_target;Stopped;848739;-3849;-5420;110384;12813
6;L3_hidden_target;Stopped;848753;-3849;-5420;110384;12813
6;L3_hidden_target;Stopped;848768;-3849;-5420;110384;12813
6;L3_hidden_target;Stopped;848785;-3849;-5420;110384;12813
6;L3_hidden_target;Stopped;848802;-3849;-5420;110384;12813
6;L3_hidden_target;Stopped;848821;-3849;-5420;110384;12813
6;L3_hidden_target;Stopped;848838;-3849;-5420;110384;12813
6;L3_hidden_target;Stopped;848851;-3849;-5420;110384;12813
6;L3_hidden_target;Stopped;848872;-3849;-5420;110384;12813
6;L3_hidden_target;Stopped;848888;-3849;-5420;110384;12813
6;L3_hidden_target;Stopped;848902;-3849;-5420;110384;12813
6;L3_hidden_target;Stopped;848922;-3849;-5420;110384;12813
6;L3_hidden_target;Stopped;848935;-3849;-5420;110384;12813
6;L3_hidden_target;Stopped;848951;-3849;-5420;110384;12813
6;L3_hidden_target;End;863767;-3849;-5420;110384;12813
7;M1_cued_target;Begin;863767;6999;7000;0;0
7;M1_cued_target;Stopped;965179;-3681;-5823;21935;16689
7;M1_cued_target;Stopped;965196;-3681;-5823;21935;16689
7;M1_cued_target;Stopped;965213;-3681;-5823;21935;16689
7;M1_cued_target;Stopped;965229;-3681;-5823;21935;16689
7;M1_cued_target;Stopped;965246;-3681;-5823;21935;16689
7;M1_cued_target;Stopped;965263;-3681;-5823;21935;16689
7;M1_cued_target;Stopped;965279;-3681;-5823;21935;16689
7;M1_cued_target;Stopped;965296;-3681;-5823;21935;16689
7;M1_cued_target;Stopped;965313;-3681;-5823;21935;16689
7;M1_cued_target;Stopped;965329;-3681;-5823;21935;16689
7;M1_cued_target;Stopped;965346;-3681;-5823;21935;16689
7;M1_cued_target;Stopped;965367;-3681;-5823;21935;16689
7;M1_cued_target;Stopped;965383;-3681;-5823;21935;16689
7;M1_cued_target;Stopped;965396;-3681;-5823;21935;16689
7;M1_cued_target;Stopped;965413;-3681;-5823;21935;16689
7;M1_cued_target;Stopped;965431;-3681;-5823;21935;16689
7;M1_cued_target;Stopped;965446;-3681;-5823;21935;16689
7;M1_cued_target;Stopped;965463;-3681;-5823;21935;16689
7;M1_cued_target;End;980208;-3681;-5823;21935;16689
8;L2_hidden_target;Begin;980208;6999;-7000;0;0
8;L2_hidden_target;Stopped;1212603;-3930;-5413;155604;11045
8;L2_hidden_target;Stopped;1212620;-3930;-5413;155604;11045
8;L2_hidden_target;Stopped;1212637;-3930;-5413;155604;11045
8;L2_hidden_target;Stopped;1212653;-3930;-5413;155604;11045
8;L2_hidden_target;Stopped;1212670;-3930;-5413;155604;11045
8;L2_hidden_target;Stopped;1212687;-3930;-5413;155604;11045
8;L2_hidden_target;Stopped;1212708;-3930;-5413;155604;11045
8;L2_hidden_target;Stopped;1212725;-3930;-5413;155604;11045
8;L2_hidden_target;Stopped;1212737;-3930;-5413;155604;11045
8;L2_hidden_target;Stopped;1212753;-3930;-5413;155604;11045
8;L2_hidden_target;Stopped;1212769;-3930;-5413;155604;11045
8;L2_hidden_target;Stopped;1212786;-3930;-5413;155604;11045
8;L2_hidden_target;Stopped;1212803;-3930;-5413;155604;11045
8;L2_hidden_target;End;1227617;-3930;-5413;155604;11045
9;M3_cued_target;Begin;1227617;-7000;6999;0;0
9;M3_cued_target;Stopped;1286345;-4324;-5418;12459;12703
9;M3_cued_target;Stopped;1286362;-4324;-5418;12459;12703
9;M3_cued_target;Stopped;1286378;-4324;-5418;12459;12703
9;M3_cued_target;Stopped;1286395;-4324;-5418;12459;12703
9;M3_cued_target;Stopped;1286412;-4324;-5418;12459;12703
9;M3_cued_target;Stopped;1286429;-4324;-5418;12459;12703
9;M3_cued_target;Stopped;1286445;-4324;-5418;12459;12703
9;M3_cued_target;Stopped;1286462;-4324;-5418;12459;12703
9;M3_cued_target;Stopped;1286479;-4324;-5418;12459;12703
9;M3_cued_target;Stopped;1286512;-4324;-5418;12459;12703
9;M3_cued_target;Stopped;1286529;-4324;-5418;12459;12703
9;M3_cued_target;Stopped;1286545;-4324;-5418;12459;12703
9;M3_cued_target;Stopped;1286565;-4324;-5418;12459;12703
9;M3_cued_target;Stopped;1286579;-4324;-5418;12459;12703
9;M3_cued_target;Stopped;1286595;-4324;-5418;12459;12703
9;M3_cued_target;Stopped;1286612;-4324;-5418;12459;12703
9;M3_cued_target;Stopped;1286629;-4324;-5418;12459;12703
9;M3_cued_target;Stopped;1286645;-4324;-5418;12459;12703
9;M3_cued_target;Stopped;1286662;-4324;-5418;12459;12703
9;M3_cued_target;Stopped;1286678;-4324;-5418;12459;12703
9;M3_cued_target;Stopped;1286695;-4324;-5418;12459;12703
9;M3_cued_target;End;1301374;-4324;-5418;12459;12703
10;L1_hidden_target;Begin;1301374;7000;7000;0;0
10;L1_hidden_target;Stopped;1349543;-4969;-6073;27679;17725
10;L1_hidden_target;Stopped;1349563;-4969;-6073;27679;17725
10;L1_hidden_target;Stopped;1349577;-4969;-6073;27679;17725
10;L1_hidden_target;Stopped;1349594;-4969;-6073;27679;17725
10;L1_hidden_target;Stopped;1349609;-4969;-6073;27679;17725
10;L1_hidden_target;Stopped;1349626;-4969;-6073;27679;17725
10;L1_hidden_target;Stopped;1349642;-4969;-6073;27679;17725
10;L1_hidden_target;Stopped;1349659;-4969;-6073;27679;17725
10;L1_hidden_target;Stopped;1349676;-4969;-6073;27679;17725
10;L1_hidden_target;Stopped;1349692;-4969;-6073;27679;17725
10;L1_hidden_target;Stopped;1349709;-4969;-6073;27679;17725
10;L1_hidden_target;Stopped;1349726;-4969;-6073;27679;17725
10;L1_hidden_target;Stopped;1349742;-4969;-6073;27679;17725
10;L1_hidden_target;Stopped;1349761;-4969;-6073;27679;17725
10;L1_hidden_target;Stopped;1349780;-4969;-6073;27679;17725
10;L1_hidden_target;End;1364571;-4969;-6073;27679;17725
11;M2_cued_target;Begin;1364571;7000;-7000;0;0
11;M2_cued_target;Stopped;1423071;-3682;-6074;12448;10722
11;M2_cued_target;Stopped;1423085;-3682;-6074;12448;10722
11;M2_cued_target;Stopped;1423102;-3682;-6074;12448;10722
11;M2_cued_target;Stopped;1423119;-3682;-6074;12448;10722
11;M2_cued_target;Stopped;1423135;-3682;-6074;12448;10722
11;M2_cued_target;Stopped;1423152;-3682;-6074;12448;10722
11;M2_cued_target;Stopped;1423169;-3682;-6074;12448;10722
11;M2_cued_target;Stopped;1423185;-3682;-6074;12448;10722
11;M2_cued_target;Stopped;1423206;-3682;-6074;12448;10722
11;M2_cued_target;Stopped;1423219;-3682;-6074;12448;10722
11;M2_cued_target;Stopped;1423236;-3682;-6074;12448;10722
11;M2_cued_target;Stopped;1423252;-3682;-6074;12448;10722
11;M2_cued_target;Stopped;1423273;-3682;-6074;12448;10722
11;M2_cued_target;Stopped;1423290;-3682;-6074;12448;10722
11;M2_cued_target;Stopped;1423304;-3682;-6074;12448;10722
11;M2_cued_target;Stopped;1423319;-3682;-6074;12448;10722
11;M2_cued_target;Stopped;1423335;-3682;-6074;12448;10722
11;M2_cued_target;Stopped;1423352;-3682;-6074;12448;10722
11;M2_cued_target;Stopped;1423369;-3682;-6074;12448;10722
11;M2_cued_target;End;1438097;-3682;-6074;12448;10722
12;L3_hidden_target;Begin;1438097;-7000;7000;0;0
12;L3_hidden_target;Stopped;1531403;-3683;-6118;59686;13531
12;L3_hidden_target;Stopped;1531420;-3683;-6118;59686;13531
12;L3_hidden_target;Stopped;1531437;-3683;-6118;59686;13531
12;L3_hidden_target;Stopped;1531454;-3683;-6118;59686;13531
12;L3_hidden_target;Stopped;1531470;-3683;-6118;59686;13531
12;L3_hidden_target;Stopped;1531508;-3683;-6118;59686;13531
12;L3_hidden_target;Stopped;1531520;-3683;-6118;59686;13531
12;L3_hidden_target;Stopped;1531537;-3683;-6118;59686;13531
12;L3_hidden_target;Stopped;1531554;-3683;-6118;59686;13531
12;L3_hidden_target;Stopped;1531574;-3683;-6118;59686;13531
12;L3_hidden_target;Stopped;1531590;-3683;-6118;59686;13531
12;L3_hidden_target;Stopped;1531603;-3683;-6118;59686;13531
12;L3_hidden_target;Stopped;1531620;-3683;-6118;59686;13531
12;L3_hidden_target;Stopped;1531637;-3683;-6118;59686;13531
12;L3_hidden_target;End;1546433;-3683;-6118;59686;13531
13;M3_cued_target;Begin;1546433;-7000;7000;0;0
13;M3_cued_target;Stopped;1614909;-4251;-5417;13412;12717
13;M3_cued_target;Stopped;1614925;-4251;-5417;13412;12717
13;M3_cued_target;Stopped;1614942;-4251;-5417;13412;12717
13;M3_cued_target;Stopped;1614959;-4251;-5417;13412;12717
13;M3_cued_target;Stopped;1614975;-4251;-5417;13412;12717
13;M3_cued_target;Stopped;1614992;-4251;-5417;13412;12717
13;M3_cued_target;Stopped;1615009;-4251;-5417;13412;12717
13;M3_cued_target;Stopped;1615025;-4251;-5417;13412;12717
13;M3_cued_target;Stopped;1615042;-4251;-5417;13412;12717
13;M3_cued_target;Stopped;1615059;-4251;-5417;13412;12717
13;M3_cued_target;Stopped;1615075;-4251;-5417;13412;12717
13;M3_cued_target;Stopped;1615092;-4251;-5417;13412;12717
13;M3_cued_target;Stopped;1615109;-4251;-5417;13412;12717
13;M3_cued_target;Stopped;1615125;-4251;-5417;13412;12717
13;M3_cued_target;Stopped;1615142;-4251;-5417;13412;12717
13;M3_cued_target;Stopped;1615159;-4251;-5417;13412;12717
13;M3_cued_target;Stopped;1615175;-4251;-5417;13412;12717
13;M3_cued_target;Stopped;1615192;-4251;-5417;13412;12717
13;M3_cued_target;Stopped;1615208;-4251;-5417;13412;12717
13;M3_cued_target;Stopped;1615225;-4251;-5417;13412;12717
13;M3_cued_target;Stopped;1615242;-4251;-5417;13412;12717
13;M3_cued_target;Stopped;1615258;-4251;-5417;13412;12717
13;M3_cued_target;Stopped;1615275;-4251;-5417;13412;12717
13;M3_cued_target;End;1629940;-4251;-5417;13412;12717
14;L2_hidden_target;Begin;1629940;7000;-7000;0;0
14;L2_hidden_target;Stopped;1808782;-4287;-6705;92123;11291
14;L2_hidden_target;Stopped;1808801;-4287;-6705;92123;11291
14;L2_hidden_target;Stopped;1808815;-4287;-6705;92123;11291
14;L2_hidden_target;Stopped;1808832;-4287;-6705;92123;11291
14;L2_hidden_target;Stopped;1808848;-4287;-6705;92123;11291
14;L2_hidden_target;Stopped;1808865;-4287;-6705;92123;11291
14;L2_hidden_target;Stopped;1808882;-4287;-6705;92123;11291
14;L2_hidden_target;Stopped;1808898;-4287;-6705;92123;11291
14;L2_hidden_target;Stopped;1808915;-4287;-6705;92123;11291
14;L2_hidden_target;Stopped;1808931;-4287;-6705;92123;11291
14;L2_hidden_target;Stopped;1808948;-4287;-6705;92123;11291
14;L2_hidden_target;Stopped;1808966;-4287;-6705;92123;11291
14;L2_hidden_target;Stopped;1808982;-4287;-6705;92123;11291
14;L2_hidden_target;Stopped;1808998;-4287;-6705;92123;11291
14;L2_hidden_target;Stopped;1809015;-4287;-6705;92123;11291
14;L2_hidden_target;Stopped;1809031;-4287;-6705;92123;11291
14;L2_hidden_target;Stopped;1809048;-4287;-6705;92123;11291
14;L2_hidden_target;Stopped;1809065;-4287;-6705;92123;11291
14;L2_hidden_target;Stopped;1809081;-4287;-6705;92123;11291
14;L2_hidden_target;End;1823810;-4287;-6705;92123;11291
15;M1_cued_target;Begin;1823810;7000;7000;0;0
15;M1_cued_target;Stopped;1959167;-3902;-5421;25028;16527
15;M1_cued_target;Stopped;1959183;-3902;-5421;25028;16527
15;M1_cued_target;Stopped;1959200;-3902;-5421;25028;16527
15;M1_cued_target;Stopped;1959217;-3902;-5421;25028;16527
15;M1_cued_target;Stopped;1959234;-3902;-5421;25028;16527
15;M1_cued_target;Stopped;1959255;-3902;-5421;25028;16527
15;M1_cued_target;Stopped;1959271;-3902;-5421;25028;16527
15;M1_cued_target;Stopped;1959284;-3902;-5421;25028;16527
15;M1_cued_target;Stopped;1959305;-3902;-5421;25028;16527
15;M1_cued_target;Stopped;1959318;-3902;-5421;25028;16527
15;M1_cued_target;Stopped;1959335;-3902;-5421;25028;16527
15;M1_cued_target;Stopped;1959350;-3902;-5421;25028;16527
15;M1_cued_target;Stopped;1959367;-3902;-5421;25028;16527
15;M1_cued_target;Stopped;1959383;-3902;-5421;25028;16527
15;M1_cued_target;Stopped;1959400;-3902;-5421;25028;16527
15;M1_cued_target;Stopped;1959417;-3902;-5421;25028;16527
15;M1_cued_target;Stopped;1959433;-3902;-5421;25028;16527
15;M1_cued_target;Stopped;1959450;-3902;-5421;25028;16527
15;M1_cued_target;Stopped;1959467;-3902;-5421;25028;16527
15;M1_cued_target;Stopped;1959483;-3902;-5421;25028;16527
15;M1_cued_target;Stopped;1959501;-3902;-5421;25028;16527
15;M1_cued_target;Stopped;1959517;-3902;-5421;25028;16527
15;M1_cued_target;End;1974196;-3902;-5421;25028;16527
16;L3_hidden_target;Begin;1974196;-7000;7000;0;0
16;L3_hidden_target;Stopped;2001722;-3791;-5416;13432;12824
16;L3_hidden_target;Stopped;2001738;-3791;-5416;13432;12824
16;L3_hidden_target;Stopped;2001755;-3791;-5416;13432;12824
16;L3_hidden_target;Stopped;2001776;-3791;-5416;13432;12824
16;L3_hidden_target;Stopped;2001790;-3791;-5416;13432;12824
16;L3_hidden_target;Stopped;2001807;-3791;-5416;13432;12824
16;L3_hidden_target;Stopped;2001822;-3791;-5416;13432;12824
16;L3_hidden_target;Stopped;2001838;-3791;-5416;13432;12824
16;L3_hidden_target;Stopped;2001855;-3791;-5416;13432;12824
16;L3_hidden_target;Stopped;2001872;-3791;-5416;13432;12824
16;L3_hidden_target;Stopped;2001889;-3791;-5416;13432;12824
16;L3_hidden_target;Stopped;2001909;-3791;-5416;13432;12824
16;L3_hidden_target;Stopped;2001925;-3791;-5416;13432;12824
16;L3_hidden_target;Stopped;2001938;-3791;-5416;13432;12824
16;L3_hidden_target;Stopped;2001955;-3791;-5416;13432;12824
16;L3_hidden_target;Stopped;2001972;-3791;-5416;13432;12824
16;L3_hidden_target;Stopped;2001988;-3791;-5416;13432;12824
16;L3_hidden_target;End;2016751;-3791;-5416;13432;12824
16;L3_hidden_target;Begin;2016751;-3791;-5416;13432;12824
