1;M3_cued_target;Stopped;211971;-3681;-6134;39440;13546
1;M3_cued_target;Stopped;211988;-3681;-6134;39440;13546
1;M3_cued_target;Stopped;212004;-3681;-6134;39440;13546
1;M3_cued_target;Stopped;212021;-3681;-6134;39440;13546
1;M3_cued_target;Stopped;212037;-3681;-6134;39440;13546
1;M3_cued_target;Stopped;212054;-3681;-6134;39440;13546
1;M3_cued_target;Stopped;212071;-3681;-6134;39440;13546
1;M3_cued_target;Stopped;212087;-3681;-6134;39440;13546
1;M3_cued_target;Stopped;212106;-3681;-6134;39440;13546
1;M3_cued_target;Stopped;212125;-3681;-6134;39440;13546
1;M3_cued_target;Stopped;212139;-3681;-6134;39440;13546
1;M3_cued_target;Stopped;212155;-3681;-6134;39440;13546
1;M3_cued_target;Stopped;212171;-3681;-6134;39440;13546
1;M3_cued_target;Stopped;212193;-3681;-6134;39440;13546
1;M3_cued_target;Stopped;212205;-3681;-6134;39440;13546
1;M3_cued_target;Stopped;212221;-3681;-6134;39440;13546
1;M3_cued_target;Stopped;212238;-3681;-6134;39440;13546
1;M3_cued_target;Stopped;212255;-3681;-6134;39440;13546
1;M3_cued_target;Stopped;212271;-3681;-6134;39440;13546
1;M3_cued_target;End;227000;-3681;-6134;39440;13546
2;L1_hidden_target;Begin;227000;7000;7000;0;0
2;L1_hidden_target;Stopped;579522;-3683;-5954;183906;16791
2;L1_hidden_target;Stopped;579539;-3683;-5954;183906;16791
2;L1_hidden_target;Stopped;579556;-3683;-5954;183906;16791
2;L1_hidden_target;Stopped;579573;-3683;-5954;183906;16791
2;L1_hidden_target;Stopped;579589;-3683;-5954;183906;16791
2;L1_hidden_target;Stopped;579606;-3683;-5954;183906;16791
2;L1_hidden_target;Stopped;579623;-3683;-5954;183906;16791
2;L1_hidden_target;Stopped;579639;-3683;-5954;183906;16791
2;L1_hidden_target;Stopped;579655;-3683;-5954;183906;16791
2;L1_hidden_target;Stopped;579672;-3683;-5954;183906;16791
2;L1_hidden_target;Stopped;579688;-3683;-5954;183906;16791
2;L1_hidden_target;Stopped;579705;-3683;-5954;183906;16791
2;L1_hidden_target;Stopped;579722;-3683;-5954;183906;16791
2;L1_hidden_target;End;594550;-3683;-5954;183906;16791
3;M1_cued_target;Begin;594550;7000;7000;0;0
3;M1_cued_target;Stopped;698151;-3682;-5958;21489;16794
3;M1_cued_target;Stopped;698168;-3682;-5958;21489;16794
3;M1_cued_target;Stopped;698189;-3682;-5958;21489;16794
3;M1_cued_target;Stopped;698205;-3682;-5958;21489;16794
3;M1_cued_target;Stopped;698220;-3682;-5958;21489;16794
3;M1_cued_target;Stopped;698235;-3682;-5958;21489;16794
3;M1_cued_target;Stopped;698251;-3682;-5958;21489;16794
3;M1_cued_target;Stopped;698268;-3682;-5958;21489;16794
3;M1_cued_target;Stopped;698284;-3682;-5958;21489;16794
3;M1_cued_target;Stopped;698301;-3682;-5958;21489;16794
3;M1_cued_target;Stopped;698318;-3682;-5958;21489;16794
3;M1_cued_target;Stopped;698334;-3682;-5958;21489;16794
3;M1_cued_target;Stopped;698351;-3682;-5958;21489;16794
3;M1_cued_target;Stopped;698367;-3682;-5958;21489;16794
3;M1_cued_target;Stopped;698384;-3682;-5958;21489;16794
3;M1_cued_target;Stopped;698400;-3682;-5958;21489;16794
3;M1_cued_target;Stopped;698417;-3682;-5958;21489;16794
3;M1_cued_target;Stopped;698434;-3682;-5958;21489;16794
3;M1_cued_target;Stopped;698450;-3682;-5958;21489;16794
3;M1_cued_target;Stopped;698467;-3682;-5958;21489;16794
3;M1_cued_target;Stopped;698484;-3682;-5958;21489;16794
3;M1_cued_target;End;713179;-3682;-5958;21489;16794
4;L2_hidden_target;Begin;713179;6999;-7000;0;0
4;L2_hidden_target;Stopped;740304;-4171;-6706;12870;11175
4;L2_hidden_target;Stopped;740320;-4171;-6706;12870;11175
4;L2_hidden_target;Stopped;740337;-4171;-6706;12870;11175
4;L2_hidden_target;Stopped;740354;-4171;-6706;12870;11175
4;L2_hidden_target;Stopped;740371;-4171;-6706;12870;11175
4;L2_hidden_target;Stopped;740387;-4171;-6706;12870;11175
4;L2_hidden_target;Stopped;740404;-4171;-6706;12870;11175
4;L2_hidden_target;Stopped;740421;-4171;-6706;12870;11175
4;L2_hidden_target;Stopped;740437;-4171;-6706;12870;11175
4;L2_hidden_target;Stopped;740454;-4171;-6706;12870;11175
4;L2_hidden_target;Stopped;740474;-4171;-6706;12870;11175
4;L2_hidden_target;Stopped;740490;-4171;-6706;12870;11175
4;L2_hidden_target;Stopped;740521;-4171;-6706;12870;11175
4;L2_hidden_target;Stopped;740538;-4171;-6706;12870;11175
4;L2_hidden_target;End;755332;-4171;-6706;12870;11175
5;M2_cued_target;Begin;755332;7000;-7000;0;0
5;M2_cued_target;Stopped;809332;-3681;-6162;10440;10714
5;M2_cued_target;Stopped;809349;-3681;-6162;10440;10714
5;M2_cued_target;Stopped;809366;-3681;-6162;10440;10714
5;M2_cued_target;Stopped;809382;-3681;-6162;10440;10714
5;M2_cued_target;Stopped;809399;-3681;-6162;10440;10714
5;M2_cued_target;Stopped;809416;-3681;-6162;10440;10714
5;M2_cued_target;Stopped;809432;-3681;-6162;10440;10714
5;M2_cued_target;Stopped;809449;-3681;-6162;10440;10714
5;M2_cued_target;Stopped;809466;-3681;-6162;10440;10714
5;M2_cued_target;Stopped;809482;-3681;-6162;10440;10714
5;M2_cued_target;Stopped;809515;-3681;-6162;10440;10714
5;M2_cued_target;Stopped;809531;-3681;-6162;10440;10714
5;M2_cued_target;Stopped;809548;-3681;-6162;10440;10714
5;M2_cued_target;End;824361;-3681;-6162;10440;10714
6;L3_hidden_target;Begin;824361;-7000;7000;0;0
6;L3_hidden_target;Stopped;883979;-4969;-6007;36028;13164
6;L3_hidden_target;Stopped;883993;-4969;-6007;36028;13164
6;L3_hidden_target;Stopped;884009;-4969;-6007;36028;13164
6;L3_hidden_target;Stopped;884025;-4969;-6007;36028;13164
6;L3_hidden_target;Stopped;884042;-4969;-6007;36028;13164
6;L3_hidden_target;Stopped;884058;-4969;-6007;36028;13164
6;L3_hidden_target;Stopped;884075;-4969;-6007;36028;13164
6;L3_hidden_target;Stopped;884092;-4969;-6007;36028;13164
6;L3_hidden_target;Stopped;884108;-4969;-6007;36028;13164
6;L3_hidden_target;Stopped;884125;-4969;-6007;36028;13164
6;L3_hidden_target;Stopped;884142;-4969;-6007;36028;13164
6;L3_hidden_target;Stopped;884158;-4969;-6007;36028;13164
6;L3_hidden_target;Stopped;884175;-4969;-6007;36028;13164
6;L3_hidden_target;Stopped;884192;-4969;-6007;36028;13164
6;L3_hidden_target;Stopped;884208;-4969;-6007;36028;13164
6;L3_hidden_target;Stopped;884229;-4969;-6007;36028;13164
6;L3_hidden_target;Stopped;884247;-4969;-6007;36028;13164
6;L3_hidden_target;Stopped;884259;-4969;-6007;36028;13164
6;L3_hidden_target;Stopped;884276;-4969;-6007;36028;13164
6;L3_hidden_target;End;899004;-4969;-6007;36028;13164
7;M1_cued_target;Begin;899004;7000;7000;0;0
7;M1_cued_target;Stopped;1012733;-3682;-5932;24636;16774
7;M1_cued_target;Stopped;1012750;-3682;-5932;24636;16774
7;M1_cued_target;Stopped;1012767;-3682;-5932;24636;16774
7;M1_cued_target;Stopped;1012783;-3682;-5932;24636;16774
7;M1_cued_target;Stopped;1012800;-3682;-5932;24636;16774
7;M1_cued_target;Stopped;1012817;-3682;-5932;24636;16774
7;M1_cued_target;Stopped;1012833;-3682;-5932;24636;16774
7;M1_cued_target;Stopped;1012850;-3682;-5932;24636;16774
7;M1_cued_target;Stopped;1012867;-3682;-5932;24636;16774
7;M1_cued_target;Stopped;1012883;-3682;-5932;24636;16774
7;M1_cued_target;Stopped;1012900;-3682;-5932;24636;16774
7;M1_cued_target;Stopped;1012917;-3682;-5932;24636;16774
7;M1_cued_target;Stopped;1012933;-3682;-5932;24636;16774
7;M1_cued_target;Stopped;1012950;-3682;-5932;24636;16774
7;M1_cued_target;Stopped;1012967;-3682;-5932;24636;16774
7;M1_cued_target;Stopped;1012983;-3682;-5932;24636;16774
7;M1_cued_target;Stopped;1013000;-3682;-5932;24636;16774
7;M1_cued_target;End;1027762;-3682;-5932;24636;16774
8;L2_hidden_target;Begin;1027762;7000;-7000;0;0
8;L2_hidden_target;Stopped;1050723;-3683;-6322;13271;10705
8;L2_hidden_target;Stopped;1050740;-3683;-6322;13271;10705
8;L2_hidden_target;Stopped;1050756;-3683;-6322;13271;10705
8;L2_hidden_target;Stopped;1050773;-3683;-6322;13271;10705
8;L2_hidden_target;Stopped;1050790;-3683;-6322;13271;10705
8;L2_hidden_target;Stopped;1050806;-3683;-6322;13271;10705
8;L2_hidden_target;Stopped;1050823;-3683;-6322;13271;10705
8;L2_hidden_target;Stopped;1050840;-3683;-6322;13271;10705
8;L2_hidden_target;Stopped;1050856;-3683;-6322;13271;10705
8;L2_hidden_target;Stopped;1050876;-3683;-6322;13271;10705
8;L2_hidden_target;End;1065751;-3683;-6322;13271;10705
9;M3_cued_target;Begin;1065751;-7000;7000;0;0
9;M3_cued_target;Stopped;1159287;-4128;-5417;20887;12745
9;M3_cued_target;Stopped;1159304;-4128;-5417;20887;12745
9;M3_cued_target;Stopped;1159321;-4128;-5417;20887;12745
9;M3_cued_target;Stopped;1159337;-4128;-5417;20887;12745
9;M3_cued_target;Stopped;1159354;-4128;-5417;20887;12745
9;M3_cued_target;Stopped;1159371;-4128;-5417;20887;12745
9;M3_cued_target;Stopped;1159388;-4128;-5417;20887;12745
9;M3_cued_target;Stopped;1159405;-4128;-5417;20887;12745
9;M3_cued_target;Stopped;1159422;-4128;-5417;20887;12745
9;M3_cued_target;Stopped;1159441;-4128;-5417;20887;12745
9;M3_cued_target;Stopped;1159455;-4128;-5417;20887;12745
9;M3_cued_target;Stopped;1159472;-4128;-5417;20887;12745
9;M3_cued_target;Stopped;1159509;-4128;-5417;20887;12745
9;M3_cued_target;Stopped;1159524;-4128;-5417;20887;12745
9;M3_cued_target;Stopped;1159538;-4128;-5417;20887;12745
9;M3_cued_target;End;1174316;-4128;-5417;20887;12745
10;L1_hidden_target;Begin;1174316;7000;6999;0;0
10;L1_hidden_target;Stopped;1203292;-3824;-5416;18061;16471
10;L1_hidden_target;Stopped;1203313;-3824;-5416;18061;16471
10;L1_hidden_target;Stopped;1203325;-3824;-5416;18061;16471
10;L1_hidden_target;Stopped;1203342;-3824;-5416;18061;16471
10;L1_hidden_target;Stopped;1203359;-3824;-5416;18061;16471
10;L1_hidden_target;Stopped;1203375;-3824;-5416;18061;16471
10;L1_hidden_target;Stopped;1203392;-3824;-5416;18061;16471
10;L1_hidden_target;Stopped;1203409;-3824;-5416;18061;16471
10;L1_hidden_target;Stopped;1203425;-3824;-5416;18061;16471
10;L1_hidden_target;Stopped;1203442;-3824;-5416;18061;16471
10;L1_hidden_target;Stopped;1203458;-3824;-5416;18061;16471
10;L1_hidden_target;Stopped;1203475;-3824;-5416;18061;16471
10;L1_hidden_target;End;1218319;-3824;-5416;18061;16471
11;M2_cued_target;Begin;1218319;7000;-7000;0;0
11;M2_cued_target;Stopped;1266587;-3680;-6294;10431;10703
11;M2_cued_target;Stopped;1266604;-3680;-6294;10431;10703
11;M2_cued_target;Stopped;1266621;-3680;-6294;10431;10703
11;M2_cued_target;Stopped;1266638;-3680;-6294;10431;10703
11;M2_cued_target;Stopped;1266654;-3680;-6294;10431;10703
11;M2_cued_target;Stopped;1266671;-3680;-6294;10431;10703
11;M2_cued_target;Stopped;1266688;-3680;-6294;10431;10703
11;M2_cued_target;Stopped;1266704;-3680;-6294;10431;10703
11;M2_cued_target;Stopped;1266721;-3680;-6294;10431;10703
11;M2_cued_target;Stopped;1266737;-3680;-6294;10431;10703
11;M2_cued_target;Stopped;1266754;-3680;-6294;10431;10703
11;M2_cued_target;Stopped;1266771;-3680;-6294;10431;10703
11;M2_cued_target;Stopped;1266787;-3680;-6294;10431;10703
11;M2_cued_target;Stopped;1266803;-3680;-6294;10431;10703
11;M2_cued_target;Stopped;1266821;-3680;-6294;10431;10703
11;M2_cued_target;Stopped;1266837;-3680;-6294;10431;10703
11;M2_cued_target;Stopped;1266854;-3680;-6294;10431;10703
11;M2_cued_target;Stopped;1266871;-3680;-6294;10431;10703
11;M2_cued_target;Stopped;1266887;-3680;-6294;10431;10703
11;M2_cued_target;End;1281615;-3680;-6294;10431;10703
12;L3_hidden_target;Begin;1281615;-7000;7000;0;0
12;L3_hidden_target;Stopped;1310811;-4995;-6227;16756;13378
12;L3_hidden_target;Stopped;1310825;-4995;-6227;16756;13378
12;L3_hidden_target;Stopped;1310842;-4995;-6227;16756;13378
12;L3_hidden_target;Stopped;1310859;-4995;-6227;16756;13378
12;L3_hidden_target;Stopped;1310876;-4995;-6227;16756;13378
12;L3_hidden_target;Stopped;1310893;-4995;-6227;16756;13378
12;L3_hidden_target;Stopped;1310909;-4995;-6227;16756;13378
12;L3_hidden_target;Stopped;1310926;-4995;-6227;16756;13378
12;L3_hidden_target;Stopped;1310942;-4995;-6227;16756;13378
12;L3_hidden_target;Stopped;1310959;-4995;-6227;16756;13378
12;L3_hidden_target;Stopped;1310975;-4995;-6227;16756;13378
12;L3_hidden_target;Stopped;1310992;-4995;-6227;16756;13378
12;L3_hidden_target;Stopped;1311009;-4995;-6227;16756;13378
12;L3_hidden_target;Stopped;1311025;-4995;-6227;16756;13378
12;L3_hidden_target;End;1325835;-4995;-6227;16756;13378
13;M3_cued_target;Begin;1325835;-7000;7000;0;0
13;M3_cued_target;Stopped;1416972;-3833;-5422;20647;12819
13;M3_cued_target;Stopped;1416989;-3833;-5422;20647;12819
13;M3_cued_target;Stopped;1417006;-3833;-5422;20647;12819
13;M3_cued_target;Stopped;1417023;-3833;-5422;20647;12819
13;M3_cued_target;Stopped;1417039;-3833;-5422;20647;12819
13;M3_cued_target;Stopped;1417056;-3833;-5422;20647;12819
13;M3_cued_target;Stopped;1417072;-3833;-5422;20647;12819
13;M3_cued_target;Stopped;1417089;-3833;-5422;20647;12819
13;M3_cued_target;Stopped;1417106;-3833;-5422;20647;12819
13;M3_cued_target;Stopped;1417122;-3833;-5422;20647;12819
13;M3_cued_target;Stopped;1417143;-3833;-5422;20647;12819
13;M3_cued_target;Stopped;1417159;-3833;-5422;20647;12819
13;M3_cued_target;Stopped;1417177;-3833;-5422;20647;12819
13;M3_cued_target;Stopped;1417191;-3833;-5422;20647;12819
13;M3_cued_target;Stopped;1417207;-3833;-5422;20647;12819
13;M3_cued_target;Stopped;1417223;-3833;-5422;20647;12819
13;M3_cued_target;Stopped;1417239;-3833;-5422;20647;12819
13;M3_cued_target;Stopped;1417256;-3833;-5422;20647;12819
13;M3_cued_target;End;1432002;-3833;-5422;20647;12819
14;L2_hidden_target;Begin;1432002;7000;-7000;0;0
14;L2_hidden_target;Stopped;1451929;-3680;-6341;11538;10701
14;L2_hidden_target;Stopped;1451946;-3680;-6341;11538;10701
14;L2_hidden_target;Stopped;1451963;-3680;-6341;11538;10701
14;L2_hidden_target;Stopped;1451979;-3680;-6341;11538;10701
14;L2_hidden_target;Stopped;1451996;-3680;-6341;11538;10701
14;L2_hidden_target;Stopped;1452013;-3680;-6341;11538;10701
14;L2_hidden_target;Stopped;1452029;-3680;-6341;11538;10701
14;L2_hidden_target;Stopped;1452046;-3680;-6341;11538;10701
14;L2_hidden_target;Stopped;1452063;-3680;-6341;11538;10701
14;L2_hidden_target;Stopped;1452079;-3680;-6341;11538;10701
14;L2_hidden_target;Stopped;1452096;-3680;-6341;11538;10701
14;L2_hidden_target;Stopped;1452113;-3680;-6341;11538;10701
14;L2_hidden_target;Stopped;1452129;-3680;-6341;11538;10701
14;L2_hidden_target;Stopped;1452146;-3680;-6341;11538;10701
14;L2_hidden_target;Stopped;1452163;-3680;-6341;11538;10701
14;L2_hidden_target;End;1466959;-3680;-6341;11538;10701
15;M1_cued_target;Begin;1466959;7000;7000;0;0
15;M1_cued_target;Stopped;1560876;-3680;-5930;20257;16771
15;M1_cued_target;Stopped;1560893;-3680;-5930;20257;16771
15;M1_cued_target;Stopped;1560910;-3680;-5930;20257;16771
15;M1_cued_target;Stopped;1560926;-3680;-5930;20257;16771
15;M1_cued_target;Stopped;1560943;-3680;-5930;20257;16771
15;M1_cued_target;Stopped;1560965;-3680;-5930;20257;16771
15;M1_cued_target;Stopped;1560978;-3680;-5930;20257;16771
15;M1_cued_target;Stopped;1560994;-3680;-5930;20257;16771
15;M1_cued_target;Stopped;1561010;-3680;-5930;20257;16771
15;M1_cued_target;Stopped;1561026;-3680;-5930;20257;16771
15;M1_cued_target;Stopped;1561043;-3680;-5930;20257;16771
15;M1_cued_target;Stopped;1561060;-3680;-5930;20257;16771
15;M1_cued_target;Stopped;1561076;-3680;-5930;20257;16771
15;M1_cued_target;Stopped;1561093;-3680;-5930;20257;16771
15;M1_cued_target;Stopped;1561110;-3680;-5930;20257;16771
15;M1_cued_target;Stopped;1561126;-3680;-5930;20257;16771
15;M1_cued_target;Stopped;1561143;-3680;-5930;20257;16771
15;M1_cued_target;Stopped;1561164;-3680;-5930;20257;16771
15;M1_cued_target;End;1575905;-3680;-5930;20257;16771
16;L3_hidden_target;Begin;1575905;-7000;7000;0;0
16;L3_hidden_target;Stopped;1603501;-4968;-5799;17540;12959
16;L3_hidden_target;Stopped;1603517;-4968;-5799;17540;12959
16;L3_hidden_target;Stopped;1603531;-4968;-5799;17540;12959
16;L3_hidden_target;Stopped;1603548;-4968;-5799;17540;12959
16;L3_hidden_target;Stopped;1603564;-4968;-5799;17540;12959
16;L3_hidden_target;Stopped;1603581;-4968;-5799;17540;12959
16;L3_hidden_target;Stopped;1603598;-4968;-5799;17540;12959
16;L3_hidden_target;Stopped;1603614;-4968;-5799;17540;12959
16;L3_hidden_target;Stopped;1603631;-4968;-5799;17540;12959
16;L3_hidden_target;Stopped;1603648;-4968;-5799;17540;12959
16;L3_hidden_target;Stopped;1603664;-4968;-5799;17540;12959
16;L3_hidden_target;Stopped;1603681;-4968;-5799;17540;12959
16;L3_hidden_target;Stopped;1603698;-4968;-5799;17540;12959
16;L3_hidden_target;Stopped;1603714;-4968;-5799;17540;12959
16;L3_hidden_target;End;1618526;-4968;-5799;17540;12959
16;L3_hidden_target;Begin;1618526;-4968;-5799;17540;12959
