1;M3_cued_target;Stopped;126768;-4437;-5417;18524;12679
1;M3_cued_target;Stopped;126786;-4437;-5417;18524;12679
1;M3_cued_target;Stopped;126802;-4437;-5417;18524;12679
1;M3_cued_target;Stopped;126818;-4437;-5417;18524;12679
1;M3_cued_target;Stopped;126835;-4437;-5417;18524;12679
1;M3_cued_target;Stopped;126852;-4437;-5417;18524;12679
1;M3_cued_target;Stopped;126868;-4437;-5417;18524;12679
1;M3_cued_target;Stopped;126885;-4437;-5417;18524;12679
1;M3_cued_target;Stopped;126902;-4437;-5417;18524;12679
1;M3_cued_target;Stopped;126918;-4437;-5417;18524;12679
1;M3_cued_target;Stopped;126935;-4437;-5417;18524;12679
1;M3_cued_target;Stopped;126952;-4437;-5417;18524;12679
1;M3_cued_target;Stopped;126968;-4437;-5417;18524;12679
1;M3_cued_target;Stopped;126985;-4437;-5417;18524;12679
1;M3_cued_target;End;141796;-4437;-5417;18524;12679
2;L2_hidden_target;Begin;141796;7000;-7000;0;0
2;L2_hidden_target;Stopped;526048;-5528;-8090;187094;12575
2;L2_hidden_target;Stopped;526063;-5528;-8090;187094;12575
2;L2_hidden_target;Stopped;526079;-5528;-8090;187094;12575
2;L2_hidden_target;Stopped;526095;-5528;-8090;187094;12575
2;L2_hidden_target;Stopped;526112;-5528;-8090;187094;12575
2;L2_hidden_target;Stopped;526129;-5528;-8090;187094;12575
2;L2_hidden_target;Stopped;526145;-5528;-8090;187094;12575
2;L2_hidden_target;Stopped;526162;-5528;-8090;187094;12575
2;L2_hidden_target;Stopped;526179;-5528;-8090;187094;12575
2;L2_hidden_target;Stopped;526195;-5528;-8090;187094;12575
2;L2_hidden_target;Stopped;526212;-5528;-8090;187094;12575
2;L2_hidden_target;Stopped;526229;-5528;-8090;187094;12575
2;L2_hidden_target;Stopped;526245;-5528;-8090;187094;12575
2;L2_hidden_target;Stopped;526262;-5528;-8090;187094;12575
2;L2_hidden_target;Stopped;526279;-5528;-8090;187094;12575
2;L2_hidden_target;Stopped;526295;-5528;-8090;187094;12575
2;L2_hidden_target;Stopped;526312;-5528;-8090;187094;12575
2;L2_hidden_target;Stopped;526329;-5528;-8090;187094;12575
2;L2_hidden_target;Stopped;526345;-5528;-8090;187094;12575
2;L2_hidden_target;Stopped;526362;-5528;-8090;187094;12575
2;L2_hidden_target;Stopped;526379;-5528;-8090;187094;12575
2;L2_hidden_target;Stopped;526395;-5528;-8090;187094;12575
2;L2_hidden_target;Stopped;526412;-5528;-8090;187094;12575
2;L2_hidden_target;Stopped;526429;-5528;-8090;187094;12575
2;L2_hidden_target;Stopped;526445;-5528;-8090;187094;12575
2;L2_hidden_target;End;541075;-5528;-8090;187094;12575
3;M1_cued_target;Begin;541075;7000;6999;0;0
3;M1_cued_target;Stopped;701007;-4967;-5801;29079;17524
3;M1_cued_target;Stopped;701022;-4967;-5801;29079;17524
3;M1_cued_target;Stopped;701039;-4967;-5801;29079;17524
3;M1_cued_target;Stopped;701056;-4967;-5801;29079;17524
3;M1_cued_target;Stopped;701072;-4967;-5801;29079;17524
3;M1_cued_target;Stopped;701089;-4967;-5801;29079;17524
3;M1_cued_target;Stopped;701107;-4967;-5801;29079;17524
3;M1_cued_target;Stopped;701123;-4967;-5801;29079;17524
3;M1_cued_target;Stopped;701139;-4967;-5801;29079;17524
3;M1_cued_target;Stopped;701156;-4967;-5801;29079;17524
3;M1_cued_target;Stopped;701173;-4967;-5801;29079;17524
3;M1_cued_target;Stopped;701189;-4967;-5801;29079;17524
3;M1_cued_target;Stopped;701207;-4967;-5801;29079;17524
3;M1_cued_target;Stopped;701223;-4967;-5801;29079;17524
3;M1_cued_target;End;716035;-4967;-5801;29079;17524
4;L2_hidden_target;Begin;716035;7000;-7000;0;0
4;L2_hidden_target;Stopped;884532;-3927;-5427;69342;11040
4;L2_hidden_target;Stopped;884549;-3927;-5427;69342;11040
4;L2_hidden_target;Stopped;884566;-3927;-5427;69342;11040
4;L2_hidden_target;Stopped;884582;-3927;-5427;69342;11040
4;L2_hidden_target;Stopped;884604;-3927;-5427;69342;11040
4;L2_hidden_target;Stopped;884619;-3927;-5427;69342;11040
4;L2_hidden_target;Stopped;884634;-3927;-5427;69342;11040
4;L2_hidden_target;Stopped;884649;-3927;-5427;69342;11040
4;L2_hidden_target;Stopped;884666;-3927;-5427;69342;11040
4;L2_hidden_target;Stopped;884682;-3927;-5427;69342;11040
4;L2_hidden_target;Stopped;884699;-3927;-5427;69342;11040
4;L2_hidden_target;Stopped;884716;-3927;-5427;69342;11040
4;L2_hidden_target;Stopped;884733;-3927;-5427;69342;11040
4;L2_hidden_target;Stopped;884749;-3927;-5427;69342;11040
4;L2_hidden_target;Stopped;884766;-3927;-5427;69342;11040
4;L2_hidden_target;Stopped;884782;-3927;-5427;69342;11040
4;L2_hidden_target;End;899561;-3927;-5427;69342;11040
5;M2_cued_target;Begin;899561;7000;-7000;0;0
5;M2_cued_target;Stopped;1082903;-3692;-5496;31426;10797
5;M2_cued_target;Stopped;1082920;-3692;-5496;31426;10797
5;M2_cued_target;Stopped;1082937;-3692;-5496;31426;10797
5;M2_cued_target;Stopped;1082954;-3692;-5496;31426;10797
5;M2_cued_target;Stopped;1082970;-3692;-5496;31426;10797
5;M2_cued_target;Stopped;1082987;-3692;-5496;31426;10797
5;M2_cued_target;Stopped;1083004;-3692;-5496;31426;10797
5;M2_cued_target;Stopped;1083020;-3692;-5496;31426;10797
5;M2_cued_target;Stopped;1083037;-3692;-5496;31426;10797
5;M2_cued_target;Stopped;1083054;-3692;-5496;31426;10797
5;M2_cued_target;Stopped;1083070;-3692;-5496;31426;10797
5;M2_cued_target;Stopped;1083087;-3692;-5496;31426;10797
5;M2_cued_target;Stopped;1083104;-3692;-5496;31426;10797
5;M2_cued_target;Stopped;1083120;-3692;-5496;31426;10797
5;M2_cued_target;End;1097932;-3692;-5496;31426;10797
6;L2_hidden_target;Begin;1097932;7000;-7000;0;0
6;L2_hidden_target;Stopped;1136056;-3701;-5427;12537;10816
6;L2_hidden_target;Stopped;1136072;-3701;-5427;12537;10816
6;L2_hidden_target;Stopped;1136089;-3701;-5427;12537;10816
6;L2_hidden_target;Stopped;1136106;-3701;-5427;12537;10816
6;L2_hidden_target;Stopped;1136122;-3701;-5427;12537;10816
6;L2_hidden_target;Stopped;1136139;-3701;-5427;12537;10816
6;L2_hidden_target;Stopped;1136156;-3701;-5427;12537;10816
6;L2_hidden_target;Stopped;1136172;-3701;-5427;12537;10816
6;L2_hidden_target;Stopped;1136189;-3701;-5427;12537;10816
6;L2_hidden_target;Stopped;1136206;-3701;-5427;12537;10816
6;L2_hidden_target;Stopped;1136222;-3701;-5427;12537;10816
6;L2_hidden_target;Stopped;1136239;-3701;-5427;12537;10816
6;L2_hidden_target;Stopped;1136256;-3701;-5427;12537;10816
6;L2_hidden_target;End;1151084;-3701;-5427;12537;10816
7;M1_cued_target;Begin;1151084;7000;7000;0;0
7;M1_cued_target;Stopped;1301036;-3792;-5421;18460;16454
7;M1_cued_target;Stopped;1301052;-3792;-5421;18460;16454
7;M1_cued_target;Stopped;1301069;-3792;-5421;18460;16454
7;M1_cued_target;Stopped;1301086;-3792;-5421;18460;16454
7;M1_cued_target;Stopped;1301102;-3792;-5421;18460;16454
7;M1_cued_target;Stopped;1301119;-3792;-5421;18460;16454
7;M1_cued_target;Stopped;1301136;-3792;-5421;18460;16454
7;M1_cued_target;Stopped;1301152;-3792;-5421;18460;16454
7;M1_cued_target;Stopped;1301169;-3792;-5421;18460;16454
7;M1_cued_target;Stopped;1301186;-3792;-5421;18460;16454
7;M1_cued_target;Stopped;1301202;-3792;-5421;18460;16454
7;M1_cued_target;Stopped;1301219;-3792;-5421;18460;16454
7;M1_cued_target;End;1316064;-3792;-5421;18460;16454
8;L2_hidden_target;Begin;1316064;6999;-7000;0;0
8;L2_hidden_target;Stopped;1352804;-3683;-6215;10737;10711
8;L2_hidden_target;Stopped;1352821;-3683;-6215;10737;10711
8;L2_hidden_target;Stopped;1352837;-3683;-6215;10737;10711
8;L2_hidden_target;Stopped;1352854;-3683;-6215;10737;10711
8;L2_hidden_target;Stopped;1352871;-3683;-6215;10737;10711
8;L2_hidden_target;Stopped;1352888;-3683;-6215;10737;10711
8;L2_hidden_target;Stopped;1352904;-3683;-6215;10737;10711
8;L2_hidden_target;Stopped;1352921;-3683;-6215;10737;10711
8;L2_hidden_target;Stopped;1352938;-3683;-6215;10737;10711
8;L2_hidden_target;Stopped;1352959;-3683;-6215;10737;10711
8;L2_hidden_target;Stopped;1352973;-3683;-6215;10737;10711
8;L2_hidden_target;Stopped;1352987;-3683;-6215;10737;10711
8;L2_hidden_target;Stopped;1353009;-3683;-6215;10737;10711
8;L2_hidden_target;Stopped;1353026;-3683;-6215;10737;10711
8;L2_hidden_target;Stopped;1353037;-3683;-6215;10737;10711
8;L2_hidden_target;Stopped;1353054;-3683;-6215;10737;10711
8;L2_hidden_target;Stopped;1353071;-3683;-6215;10737;10711
8;L2_hidden_target;Stopped;1353087;-3683;-6215;10737;10711
8;L2_hidden_target;End;1367837;-3683;-6215;10737;10711
9;M3_cued_target;Begin;1367837;-7000;6999;0;0
9;M3_cued_target;Stopped;1883188;-4319;-5418;43162;12704
9;M3_cued_target;Stopped;1883205;-4319;-5418;43162;12704
9;M3_cued_target;Stopped;1883221;-4319;-5418;43162;12704
9;M3_cued_target;Stopped;1883238;-4319;-5418;43162;12704
9;M3_cued_target;Stopped;1883255;-4319;-5418;43162;12704
9;M3_cued_target;Stopped;1883271;-4319;-5418;43162;12704
9;M3_cued_target;Stopped;1883288;-4319;-5418;43162;12704
9;M3_cued_target;Stopped;1883305;-4319;-5418;43162;12704
9;M3_cued_target;Stopped;1883321;-4319;-5418;43162;12704
9;M3_cued_target;Stopped;1883338;-4319;-5418;43162;12704
9;M3_cued_target;Stopped;1883358;-4319;-5418;43162;12704
9;M3_cued_target;Stopped;1883374;-4319;-5418;43162;12704
9;M3_cued_target;Stopped;1883393;-4319;-5418;43162;12704
9;M3_cued_target;Stopped;1883406;-4319;-5418;43162;12704
9;M3_cued_target;Stopped;1883422;-4319;-5418;43162;12704
9;M3_cued_target;Stopped;1883438;-4319;-5418;43162;12704
9;M3_cued_target;End;1898216;-4319;-5418;43162;12704
10;L2_hidden_target;Begin;1898216;6999;-7000;0;0
10;L2_hidden_target;Stopped;1924293;-3928;-5426;11633;11040
10;L2_hidden_target;Stopped;1924310;-3928;-5426;11633;11040
10;L2_hidden_target;Stopped;1924327;-3928;-5426;11633;11040
10;L2_hidden_target;Stopped;1924343;-3928;-5426;11633;11040
10;L2_hidden_target;Stopped;1924360;-3928;-5426;11633;11040
10;L2_hidden_target;Stopped;1924377;-3928;-5426;11633;11040
10;L2_hidden_target;Stopped;1924393;-3928;-5426;11633;11040
10;L2_hidden_target;Stopped;1924410;-3928;-5426;11633;11040
10;L2_hidden_target;Stopped;1924427;-3928;-5426;11633;11040
10;L2_hidden_target;Stopped;1924443;-3928;-5426;11633;11040
10;L2_hidden_target;Stopped;1924460;-3928;-5426;11633;11040
10;L2_hidden_target;End;1939326;-3928;-5426;11633;11040
11;M2_cued_target;Begin;1939326;7000;-7000;0;0
11;M2_cued_target;Stopped;2037140;-3681;-5917;18061;10736
11;M2_cued_target;Stopped;2037157;-3681;-5917;18061;10736
11;M2_cued_target;Stopped;2037174;-3681;-5917;18061;10736
11;M2_cued_target;Stopped;2037190;-3681;-5917;18061;10736
11;M2_cued_target;Stopped;2037207;-3681;-5917;18061;10736
11;M2_cued_target;Stopped;2037224;-3681;-5917;18061;10736
11;M2_cued_target;Stopped;2037240;-3681;-5917;18061;10736
11;M2_cued_target;Stopped;2037257;-3681;-5917;18061;10736
11;M2_cued_target;Stopped;2037274;-3681;-5917;18061;10736
11;M2_cued_target;Stopped;2037290;-3681;-5917;18061;10736
11;M2_cued_target;Stopped;2037307;-3681;-5917;18061;10736
11;M2_cued_target;Stopped;2037323;-3681;-5917;18061;10736
11;M2_cued_target;Stopped;2037344;-3681;-5917;18061;10736
11;M2_cued_target;Stopped;2037361;-3681;-5917;18061;10736
11;M2_cued_target;Stopped;2037378;-3681;-5917;18061;10736
11;M2_cued_target;End;2052172;-3681;-5917;18061;10736
12;L2_hidden_target;Begin;2052172;7000;-7000;0;0
12;L2_hidden_target;Stopped;2079012;-3680;-6136;11140;10715
12;L2_hidden_target;Stopped;2079028;-3680;-6136;11140;10715
12;L2_hidden_target;Stopped;2079045;-3680;-6136;11140;10715
12;L2_hidden_target;Stopped;2079062;-3680;-6136;11140;10715
12;L2_hidden_target;Stopped;2079078;-3680;-6136;11140;10715
12;L2_hidden_target;Stopped;2079095;-3680;-6136;11140;10715
12;L2_hidden_target;Stopped;2079112;-3680;-6136;11140;10715
12;L2_hidden_target;Stopped;2079128;-3680;-6136;11140;10715
12;L2_hidden_target;Stopped;2079145;-3680;-6136;11140;10715
12;L2_hidden_target;Stopped;2079162;-3680;-6136;11140;10715
12;L2_hidden_target;Stopped;2079178;-3680;-6136;11140;10715
12;L2_hidden_target;Stopped;2079195;-3680;-6136;11140;10715
12;L2_hidden_target;End;2094044;-3680;-6136;11140;10715
13;M3_cued_target;Begin;2094044;-7000;7000;0;0
13;M3_cued_target;Stopped;2189442;-4856;-5419;13228;12602
13;M3_cued_target;Stopped;2189459;-4856;-5419;13228;12602
13;M3_cued_target;Stopped;2189509;-4856;-5419;13228;12602
13;M3_cued_target;Stopped;2189526;-4856;-5419;13228;12602
13;M3_cued_target;Stopped;2189543;-4856;-5419;13228;12602
13;M3_cued_target;Stopped;2189559;-4856;-5419;13228;12602
13;M3_cued_target;Stopped;2189576;-4856;-5419;13228;12602
13;M3_cued_target;Stopped;2189592;-4856;-5419;13228;12602
13;M3_cued_target;Stopped;2189609;-4856;-5419;13228;12602
13;M3_cued_target;Stopped;2189626;-4856;-5419;13228;12602
13;M3_cued_target;Stopped;2189643;-4856;-5419;13228;12602
13;M3_cued_target;Stopped;2189659;-4856;-5419;13228;12602
13;M3_cued_target;Stopped;2189676;-4856;-5419;13228;12602
13;M3_cued_target;End;2204472;-4856;-5419;13228;12602
14;L2_hidden_target;Begin;2204472;7000;-7000;0;0
14;L2_hidden_target;Stopped;2279433;-4275;-5419;27378;11385
14;L2_hidden_target;Stopped;2279449;-4275;-5419;27378;11385
14;L2_hidden_target;Stopped;2279466;-4275;-5419;27378;11385
14;L2_hidden_target;Stopped;2279500;-4275;-5419;27378;11385
14;L2_hidden_target;Stopped;2279516;-4275;-5419;27378;11385
14;L2_hidden_target;Stopped;2279533;-4275;-5419;27378;11385
14;L2_hidden_target;Stopped;2279549;-4275;-5419;27378;11385
14;L2_hidden_target;Stopped;2279566;-4275;-5419;27378;11385
14;L2_hidden_target;Stopped;2279583;-4275;-5419;27378;11385
14;L2_hidden_target;Stopped;2279599;-4275;-5419;27378;11385
14;L2_hidden_target;Stopped;2279616;-4275;-5419;27378;11385
14;L2_hidden_target;Stopped;2279634;-4275;-5419;27378;11385
14;L2_hidden_target;Stopped;2279650;-4275;-5419;27378;11385
14;L2_hidden_target;Stopped;2279666;-4275;-5419;27378;11385
14;L2_hidden_target;Stopped;2279683;-4275;-5419;27378;11385
14;L2_hidden_target;End;2294461;-4275;-5419;27378;11385
15;M1_cued_target;Begin;2294461;7000;7000;0;0
15;M1_cued_target;Stopped;2421320;-3842;-5423;19902;16489
15;M1_cued_target;Stopped;2421337;-3842;-5423;19902;16489
15;M1_cued_target;Stopped;2421353;-3842;-5423;19902;16489
15;M1_cued_target;Stopped;2421370;-3842;-5423;19902;16489
15;M1_cued_target;Stopped;2421387;-3842;-5423;19902;16489
15;M1_cued_target;Stopped;2421403;-3842;-5423;19902;16489
15;M1_cued_target;Stopped;2421420;-3842;-5423;19902;16489
15;M1_cued_target;Stopped;2421437;-3842;-5423;19902;16489
15;M1_cued_target;Stopped;2421453;-3842;-5423;19902;16489
15;M1_cued_target;End;2436349;-3842;-5423;19902;16489
16;L2_hidden_target;Begin;2436349;7000;-7000;0;0
16;L2_hidden_target;Stopped;2483302;-3682;-6118;11126;10719
16;L2_hidden_target;Stopped;2483319;-3682;-6118;11126;10719
16;L2_hidden_target;Stopped;2483336;-3682;-6118;11126;10719
16;L2_hidden_target;Stopped;2483352;-3682;-6118;11126;10719
16;L2_hidden_target;Stopped;2483369;-3682;-6118;11126;10719
16;L2_hidden_target;Stopped;2483386;-3682;-6118;11126;10719
16;L2_hidden_target;Stopped;2483402;-3682;-6118;11126;10719
16;L2_hidden_target;Stopped;2483419;-3682;-6118;11126;10719
16;L2_hidden_target;Stopped;2483436;-3682;-6118;11126;10719
16;L2_hidden_target;Stopped;2483452;-3682;-6118;11126;10719
16;L2_hidden_target;End;2498330;-3682;-6118;11126;10719
16;L2_hidden_target;Begin;2498330;-3682;-6118;11126;10719
