1;M3_cued_target;Stopped;98510;-4197;-5419;19027;12731
1;M3_cued_target;Stopped;98543;-4197;-5419;19027;12731
1;M3_cued_target;Stopped;98560;-4197;-5419;19027;12731
1;M3_cued_target;Stopped;98577;-4197;-5419;19027;12731
1;M3_cued_target;Stopped;98593;-4197;-5419;19027;12731
1;M3_cued_target;Stopped;98610;-4197;-5419;19027;12731
1;M3_cued_target;Stopped;98627;-4197;-5419;19027;12731
1;M3_cued_target;Stopped;98643;-4197;-5419;19027;12731
1;M3_cued_target;Stopped;98660;-4197;-5419;19027;12731
1;M3_cued_target;Stopped;98677;-4197;-5419;19027;12731
1;M3_cued_target;Stopped;98693;-4197;-5419;19027;12731
1;M3_cued_target;Stopped;98710;-4197;-5419;19027;12731
1;M3_cued_target;Stopped;98726;-4197;-5419;19027;12731
1;M3_cued_target;Stopped;98743;-4197;-5419;19027;12731
1;M3_cued_target;Stopped;98760;-4197;-5419;19027;12731
1;M3_cued_target;Stopped;98777;-4197;-5419;19027;12731
1;M3_cued_target;Stopped;98793;-4197;-5419;19027;12731
1;M3_cued_target;Stopped;98810;-4197;-5419;19027;12731
1;M3_cued_target;Stopped;98827;-4197;-5419;19027;12731
1;M3_cued_target;End;100842;-4197;-5419;19027;12731
2;L1_hidden_target;Begin;100842;7000;7000;0;0
2;L1_hidden_target;Stopped;147311;-3681;-6634;24839;17320
2;L1_hidden_target;Stopped;147328;-3681;-6634;24839;17320
2;L1_hidden_target;Stopped;147346;-3681;-6634;24839;17320
2;L1_hidden_target;Stopped;147362;-3681;-6634;24839;17320
2;L1_hidden_target;Stopped;147378;-3681;-6634;24839;17320
2;L1_hidden_target;Stopped;147395;-3681;-6634;24839;17320
2;L1_hidden_target;Stopped;147412;-3681;-6634;24839;17320
2;L1_hidden_target;Stopped;147428;-3681;-6634;24839;17320
2;L1_hidden_target;Stopped;147445;-3681;-6634;24839;17320
2;L1_hidden_target;Stopped;147461;-3681;-6634;24839;17320
2;L1_hidden_target;Stopped;147478;-3681;-6634;24839;17320
2;L1_hidden_target;Stopped;147495;-3681;-6634;24839;17320
2;L1_hidden_target;End;162340;-3681;-6634;24839;17320
3;M1_cued_target;Begin;162340;6999;7000;0;0
3;M1_cued_target;Stopped;255393;-3685;-5601;18558;16521
3;M1_cued_target;Stopped;255410;-3685;-5601;18558;16521
3;M1_cued_target;Stopped;255427;-3685;-5601;18558;16521
3;M1_cued_target;Stopped;255443;-3685;-5601;18558;16521
3;M1_cued_target;Stopped;255460;-3685;-5601;18558;16521
3;M1_cued_target;Stopped;255477;-3685;-5601;18558;16521
3;M1_cued_target;Stopped;255493;-3685;-5601;18558;16521
3;M1_cued_target;Stopped;255527;-3685;-5601;18558;16521
3;M1_cued_target;Stopped;255543;-3685;-5601;18558;16521
3;M1_cued_target;Stopped;255560;-3685;-5601;18558;16521
3;M1_cued_target;Stopped;255577;-3685;-5601;18558;16521
3;M1_cued_target;End;270422;-3685;-5601;18558;16521
4;L2_hidden_target;Begin;270422;6999;-7000;0;0
4;L2_hidden_target;Stopped;302613;-3682;-6014;11994;10727
4;L2_hidden_target;Stopped;302630;-3682;-6014;11994;10727
4;L2_hidden_target;Stopped;302649;-3682;-6014;11994;10727
4;L2_hidden_target;Stopped;302664;-3682;-6014;11994;10727
4;L2_hidden_target;Stopped;302680;-3682;-6014;11994;10727
4;L2_hidden_target;Stopped;302696;-3682;-6014;11994;10727
4;L2_hidden_target;Stopped;302713;-3682;-6014;11994;10727
4;L2_hidden_target;Stopped;302730;-3682;-6014;11994;10727
4;L2_hidden_target;Stopped;302746;-3682;-6014;11994;10727
4;L2_hidden_target;Stopped;302763;-3682;-6014;11994;10727
4;L2_hidden_target;Stopped;302784;-3682;-6014;11994;10727
4;L2_hidden_target;End;317642;-3682;-6014;11994;10727
5;M2_cued_target;Begin;317642;7000;-7000;0;0
5;M2_cued_target;Stopped;376571;-3680;-6188;10429;10711
5;M2_cued_target;Stopped;376588;-3680;-6188;10429;10711
5;M2_cued_target;Stopped;376605;-3680;-6188;10429;10711
5;M2_cued_target;Stopped;376621;-3680;-6188;10429;10711
5;M2_cued_target;Stopped;376638;-3680;-6188;10429;10711
5;M2_cued_target;Stopped;376654;-3680;-6188;10429;10711
5;M2_cued_target;Stopped;376671;-3680;-6188;10429;10711
5;M2_cued_target;Stopped;376688;-3680;-6188;10429;10711
5;M2_cued_target;Stopped;376704;-3680;-6188;10429;10711
5;M2_cued_target;Stopped;376721;-3680;-6188;10429;10711
5;M2_cued_target;End;391600;-3680;-6188;10429;10711
6;L3_hidden_target;Begin;391600;-7000;7000;0;0
6;L3_hidden_target;Stopped;459485;-3889;-5415;21013;12798
6;L3_hidden_target;Stopped;459501;-3889;-5415;21013;12798
6;L3_hidden_target;Stopped;459535;-3889;-5415;21013;12798
6;L3_hidden_target;Stopped;459550;-3889;-5415;21013;12798
6;L3_hidden_target;Stopped;459566;-3889;-5415;21013;12798
6;L3_hidden_target;Stopped;459581;-3889;-5415;21013;12798
6;L3_hidden_target;Stopped;459600;-3889;-5415;21013;12798
6;L3_hidden_target;Stopped;459617;-3889;-5415;21013;12798
6;L3_hidden_target;Stopped;459634;-3889;-5415;21013;12798
6;L3_hidden_target;Stopped;459647;-3889;-5415;21013;12798
6;L3_hidden_target;End;474508;-3889;-5415;21013;12798
7;M1_cued_target;Begin;474508;7000;7000;0;0
7;M1_cued_target;Stopped;564245;-3684;-5609;17318;16527
7;M1_cued_target;Stopped;564262;-3684;-5609;17318;16527
7;M1_cued_target;Stopped;564279;-3684;-5609;17318;16527
7;M1_cued_target;Stopped;564295;-3684;-5609;17318;16527
7;M1_cued_target;Stopped;564312;-3684;-5609;17318;16527
7;M1_cued_target;Stopped;564329;-3684;-5609;17318;16527
7;M1_cued_target;Stopped;564345;-3684;-5609;17318;16527
7;M1_cued_target;Stopped;564362;-3684;-5609;17318;16527
7;M1_cued_target;Stopped;564379;-3684;-5609;17318;16527
7;M1_cued_target;End;579274;-3684;-5609;17318;16527
8;L2_hidden_target;Begin;579274;6999;-7000;0;0
8;L2_hidden_target;Stopped;606933;-4845;-6698;14250;11849
8;L2_hidden_target;Stopped;606950;-4845;-6698;14250;11849
8;L2_hidden_target;Stopped;606966;-4845;-6698;14250;11849
8;L2_hidden_target;Stopped;606983;-4845;-6698;14250;11849
8;L2_hidden_target;Stopped;607000;-4845;-6698;14250;11849
8;L2_hidden_target;Stopped;607016;-4845;-6698;14250;11849
8;L2_hidden_target;Stopped;607033;-4845;-6698;14250;11849
8;L2_hidden_target;Stopped;607050;-4845;-6698;14250;11849
8;L2_hidden_target;Stopped;607066;-4845;-6698;14250;11849
8;L2_hidden_target;Stopped;607083;-4845;-6698;14250;11849
8;L2_hidden_target;End;621960;-4845;-6698;14250;11849
9;M3_cued_target;Begin;621960;-7000;7000;0;0
9;M3_cued_target;Stopped;739273;-3820;-5422;22984;12823
9;M3_cued_target;Stopped;739290;-3820;-5422;22984;12823
9;M3_cued_target;Stopped;739306;-3820;-5422;22984;12823
9;M3_cued_target;Stopped;739323;-3820;-5422;22984;12823
9;M3_cued_target;Stopped;739340;-3820;-5422;22984;12823
9;M3_cued_target;Stopped;739357;-3820;-5422;22984;12823
9;M3_cued_target;Stopped;739373;-3820;-5422;22984;12823
9;M3_cued_target;Stopped;739390;-3820;-5422;22984;12823
9;M3_cued_target;Stopped;739406;-3820;-5422;22984;12823
9;M3_cued_target;Stopped;739423;-3820;-5422;22984;12823
9;M3_cued_target;End;754302;-3820;-5422;22984;12823
10;L1_hidden_target;Begin;754302;7000;7000;0;0
10;L1_hidden_target;Stopped;787242;-3681;-5743;18014;16628
10;L1_hidden_target;Stopped;787259;-3681;-5743;18014;16628
10;L1_hidden_target;Stopped;787276;-3681;-5743;18014;16628
10;L1_hidden_target;Stopped;787292;-3681;-5743;18014;16628
10;L1_hidden_target;Stopped;787309;-3681;-5743;18014;16628
10;L1_hidden_target;Stopped;787330;-3681;-5743;18014;16628
10;L1_hidden_target;Stopped;787347;-3681;-5743;18014;16628
10;L1_hidden_target;Stopped;787359;-3681;-5743;18014;16628
10;L1_hidden_target;Stopped;787376;-3681;-5743;18014;16628
10;L1_hidden_target;Stopped;787392;-3681;-5743;18014;16628
10;L1_hidden_target;Stopped;787409;-3681;-5743;18014;16628
10;L1_hidden_target;Stopped;787426;-3681;-5743;18014;16628
10;L1_hidden_target;Stopped;787442;-3681;-5743;18014;16628
10;L1_hidden_target;End;802271;-3681;-5743;18014;16628
11;M2_cued_target;Begin;802271;6999;-7000;0;0
11;M2_cued_target;Stopped;856536;-3681;-6180;10314;10712
11;M2_cued_target;Stopped;856552;-3681;-6180;10314;10712
11;M2_cued_target;Stopped;856569;-3681;-6180;10314;10712
11;M2_cued_target;Stopped;856586;-3681;-6180;10314;10712
11;M2_cued_target;Stopped;856603;-3681;-6180;10314;10712
11;M2_cued_target;Stopped;856620;-3681;-6180;10314;10712
11;M2_cued_target;Stopped;856636;-3681;-6180;10314;10712
11;M2_cued_target;Stopped;856653;-3681;-6180;10314;10712
11;M2_cued_target;Stopped;856669;-3681;-6180;10314;10712
11;M2_cued_target;Stopped;856686;-3681;-6180;10314;10712
11;M2_cued_target;Stopped;856703;-3681;-6180;10314;10712
11;M2_cued_target;Stopped;856719;-3681;-6180;10314;10712
11;M2_cued_target;Stopped;856736;-3681;-6180;10314;10712
11;M2_cued_target;Stopped;856753;-3681;-6180;10314;10712
11;M2_cued_target;End;871564;-3681;-6180;10314;10712
12;L3_hidden_target;Begin;871564;-7000;6999;0;0
12;L3_hidden_target;Stopped;899373;-4717;-5413;15011;12621
12;L3_hidden_target;Stopped;899390;-4717;-5413;15011;12621
12;L3_hidden_target;Stopped;899407;-4717;-5413;15011;12621
12;L3_hidden_target;Stopped;899423;-4717;-5413;15011;12621
12;L3_hidden_target;Stopped;899440;-4717;-5413;15011;12621
12;L3_hidden_target;Stopped;899457;-4717;-5413;15011;12621
12;L3_hidden_target;Stopped;899473;-4717;-5413;15011;12621
12;L3_hidden_target;Stopped;899490;-4717;-5413;15011;12621
12;L3_hidden_target;End;914401;-4717;-5413;15011;12621
13;M3_cued_target;Begin;914401;-7000;7000;0;0
13;M3_cued_target;Stopped;1013553;-3815;-5423;20324;12824
13;M3_cued_target;Stopped;1013569;-3815;-5423;20324;12824
13;M3_cued_target;Stopped;1013587;-3815;-5423;20324;12824
13;M3_cued_target;Stopped;1013603;-3815;-5423;20324;12824
13;M3_cued_target;Stopped;1013619;-3815;-5423;20324;12824
13;M3_cued_target;Stopped;1013636;-3815;-5423;20324;12824
13;M3_cued_target;Stopped;1013653;-3815;-5423;20324;12824
13;M3_cued_target;Stopped;1013669;-3815;-5423;20324;12824
13;M3_cued_target;Stopped;1013686;-3815;-5423;20324;12824
13;M3_cued_target;Stopped;1013703;-3815;-5423;20324;12824
13;M3_cued_target;End;1028581;-3815;-5423;20324;12824
14;L2_hidden_target;Begin;1028581;6999;-7000;0;0
14;L2_hidden_target;Stopped;1058511;-4630;-6701;12793;11634
14;L2_hidden_target;Stopped;1058523;-4630;-6701;12793;11634
14;L2_hidden_target;Stopped;1058540;-4630;-6701;12793;11634
14;L2_hidden_target;Stopped;1058556;-4630;-6701;12793;11634
14;L2_hidden_target;Stopped;1058572;-4630;-6701;12793;11634
14;L2_hidden_target;Stopped;1058590;-4630;-6701;12793;11634
14;L2_hidden_target;Stopped;1058606;-4630;-6701;12793;11634
14;L2_hidden_target;Stopped;1058622;-4630;-6701;12793;11634
14;L2_hidden_target;Stopped;1058639;-4630;-6701;12793;11634
14;L2_hidden_target;Stopped;1058656;-4630;-6701;12793;11634
14;L2_hidden_target;End;1073534;-4630;-6701;12793;11634
15;M1_cued_target;Begin;1073534;7000;6999;0;0
15;M1_cued_target;Stopped;1160806;-3684;-5747;18826;16632
15;M1_cued_target;Stopped;1160822;-3684;-5747;18826;16632
15;M1_cued_target;Stopped;1160839;-3684;-5747;18826;16632
15;M1_cued_target;Stopped;1160856;-3684;-5747;18826;16632
15;M1_cued_target;Stopped;1160872;-3684;-5747;18826;16632
15;M1_cued_target;Stopped;1160889;-3684;-5747;18826;16632
15;M1_cued_target;Stopped;1160906;-3684;-5747;18826;16632
15;M1_cued_target;Stopped;1160922;-3684;-5747;18826;16632
15;M1_cued_target;Stopped;1160940;-3684;-5747;18826;16632
15;M1_cued_target;End;1175838;-3684;-5747;18826;16632
16;L3_hidden_target;Begin;1175838;-7000;6999;0;0
16;L3_hidden_target;Stopped;1207142;-4965;-5493;14515;12658
16;L3_hidden_target;Stopped;1207159;-4965;-5493;14515;12658
16;L3_hidden_target;Stopped;1207176;-4965;-5493;14515;12658
16;L3_hidden_target;Stopped;1207192;-4965;-5493;14515;12658
16;L3_hidden_target;Stopped;1207209;-4965;-5493;14515;12658
16;L3_hidden_target;Stopped;1207225;-4965;-5493;14515;12658
16;L3_hidden_target;Stopped;1207242;-4965;-5493;14515;12658
16;L3_hidden_target;Stopped;1207258;-4965;-5493;14515;12658
16;L3_hidden_target;End;1222171;-4965;-5493;14515;12658
16;L3_hidden_target;Begin;1222171;-4965;-5493;14515;12658
