1;M3_cued_target;Stopped;182349;-3682;-6206;34937;13616
1;M3_cued_target;Stopped;182366;-3682;-6206;34937;13616
1;M3_cued_target;Stopped;182382;-3682;-6206;34937;13616
1;M3_cued_target;Stopped;182399;-3682;-6206;34937;13616
1;M3_cued_target;Stopped;182416;-3682;-6206;34937;13616
1;M3_cued_target;Stopped;182432;-3682;-6206;34937;13616
1;M3_cued_target;Stopped;182449;-3682;-6206;34937;13616
1;M3_cued_target;Stopped;182466;-3682;-6206;34937;13616
1;M3_cued_target;Stopped;182482;-3682;-6206;34937;13616
1;M3_cued_target;Stopped;182503;-3682;-6206;34937;13616
1;M3_cued_target;Stopped;182533;-3682;-6206;34937;13616
1;M3_cued_target;Stopped;182549;-3682;-6206;34937;13616
1;M3_cued_target;Stopped;182566;-3682;-6206;34937;13616
1;M3_cued_target;Stopped;182586;-3682;-6206;34937;13616
1;M3_cued_target;Stopped;182599;-3682;-6206;34937;13616
1;M3_cued_target;Stopped;182616;-3682;-6206;34937;13616
1;M3_cued_target;Stopped;182632;-3682;-6206;34937;13616
1;M3_cued_target;Stopped;182649;-3682;-6206;34937;13616
1;M3_cued_target;Stopped;182665;-3682;-6206;34937;13616
1;M3_cued_target;Stopped;182682;-3682;-6206;34937;13616
1;M3_cued_target;Stopped;182699;-3682;-6206;34937;13616
1;M3_cued_target;Stopped;182716;-3682;-6206;34937;13616
1;M3_cued_target;Stopped;182732;-3682;-6206;34937;13616
1;M3_cued_target;Stopped;182749;-3682;-6206;34937;13616
1;M3_cued_target;Stopped;182765;-3682;-6206;34937;13616
1;M3_cued_target;Stopped;182782;-3682;-6206;34937;13616
1;M3_cued_target;Stopped;182799;-3682;-6206;34937;13616
1;M3_cued_target;End;197378;-3682;-6206;34937;13616
2;L1_hidden_target;Begin;197378;7000;7000;0;0
2;L1_hidden_target;Stopped;282119;-4966;-6306;44013;17895
2;L1_hidden_target;Stopped;282136;-4966;-6306;44013;17895
2;L1_hidden_target;Stopped;282153;-4966;-6306;44013;17895
2;L1_hidden_target;Stopped;282169;-4966;-6306;44013;17895
2;L1_hidden_target;Stopped;282186;-4966;-6306;44013;17895
2;L1_hidden_target;Stopped;282203;-4966;-6306;44013;17895
2;L1_hidden_target;Stopped;282219;-4966;-6306;44013;17895
2;L1_hidden_target;Stopped;282236;-4966;-6306;44013;17895
2;L1_hidden_target;Stopped;282253;-4966;-6306;44013;17895
2;L1_hidden_target;Stopped;282269;-4966;-6306;44013;17895
2;L1_hidden_target;Stopped;282286;-4966;-6306;44013;17895
2;L1_hidden_target;Stopped;282303;-4966;-6306;44013;17895
2;L1_hidden_target;Stopped;282319;-4966;-6306;44013;17895
2;L1_hidden_target;Stopped;282336;-4966;-6306;44013;17895
2;L1_hidden_target;Stopped;282353;-4966;-6306;44013;17895
2;L1_hidden_target;Stopped;282369;-4966;-6306;44013;17895
2;L1_hidden_target;Stopped;282386;-4966;-6306;44013;17895
2;L1_hidden_target;Stopped;282403;-4966;-6306;44013;17895
2;L1_hidden_target;Stopped;282419;-4966;-6306;44013;17895
2;L1_hidden_target;Stopped;282436;-4966;-6306;44013;17895
2;L1_hidden_target;End;297131;-4966;-6306;44013;17895
3;M1_cued_target;Begin;297131;6999;6999;0;0
3;M1_cued_target;Stopped;380769;-3681;-6080;18316;16888
3;M1_cued_target;Stopped;380786;-3681;-6080;18316;16888
3;M1_cued_target;Stopped;380803;-3681;-6080;18316;16888
3;M1_cued_target;Stopped;380819;-3681;-6080;18316;16888
3;M1_cued_target;Stopped;380836;-3681;-6080;18316;16888
3;M1_cued_target;Stopped;380853;-3681;-6080;18316;16888
3;M1_cued_target;Stopped;380869;-3681;-6080;18316;16888
3;M1_cued_target;Stopped;380887;-3681;-6080;18316;16888
3;M1_cued_target;Stopped;380906;-3681;-6080;18316;16888
3;M1_cued_target;Stopped;380923;-3681;-6080;18316;16888
3;M1_cued_target;Stopped;380940;-3681;-6080;18316;16888
3;M1_cued_target;Stopped;380953;-3681;-6080;18316;16888
3;M1_cued_target;Stopped;380972;-3681;-6080;18316;16888
3;M1_cued_target;Stopped;380987;-3681;-6080;18316;16888
3;M1_cued_target;Stopped;381003;-3681;-6080;18316;16888
3;M1_cued_target;Stopped;381019;-3681;-6080;18316;16888
3;M1_cued_target;Stopped;381036;-3681;-6080;18316;16888
3;M1_cued_target;Stopped;381053;-3681;-6080;18316;16888
3;M1_cued_target;Stopped;381069;-3681;-6080;18316;16888
3;M1_cued_target;Stopped;381086;-3681;-6080;18316;16888
3;M1_cued_target;Stopped;381103;-3681;-6080;18316;16888
3;M1_cued_target;Stopped;381124;-3681;-6080;18316;16888
3;M1_cued_target;Stopped;381141;-3681;-6080;18316;16888
3;M1_cued_target;Stopped;381153;-3681;-6080;18316;16888
3;M1_cued_target;Stopped;381169;-3681;-6080;18316;16888
3;M1_cued_target;Stopped;381186;-3681;-6080;18316;16888
3;M1_cued_target;Stopped;381203;-3681;-6080;18316;16888
3;M1_cued_target;Stopped;381219;-3681;-6080;18316;16888
3;M1_cued_target;End;395798;-3681;-6080;18316;16888
4;L2_hidden_target;Begin;395798;7000;-7000;0;0
4;L2_hidden_target;Stopped;650551;-3683;-6656;112683;10689
4;L2_hidden_target;Stopped;650568;-3683;-6656;112683;10689
4;L2_hidden_target;Stopped;650585;-3683;-6656;112683;10689
4;L2_hidden_target;Stopped;650602;-3683;-6656;112683;10689
4;L2_hidden_target;Stopped;650618;-3683;-6656;112683;10689
4;L2_hidden_target;Stopped;650635;-3683;-6656;112683;10689
4;L2_hidden_target;Stopped;650655;-3683;-6656;112683;10689
4;L2_hidden_target;Stopped;650670;-3683;-6656;112683;10689
4;L2_hidden_target;Stopped;650686;-3683;-6656;112683;10689
4;L2_hidden_target;Stopped;650703;-3683;-6656;112683;10689
4;L2_hidden_target;Stopped;650719;-3683;-6656;112683;10689
4;L2_hidden_target;Stopped;650735;-3683;-6656;112683;10689
4;L2_hidden_target;Stopped;650757;-3683;-6656;112683;10689
4;L2_hidden_target;Stopped;650768;-3683;-6656;112683;10689
4;L2_hidden_target;End;665580;-3683;-6656;112683;10689
5;M2_cued_target;Begin;665580;7000;-7000;0;0
5;M2_cued_target;Stopped;733407;-3683;-6284;13208;10707
5;M2_cued_target;Stopped;733424;-3683;-6284;13208;10707
5;M2_cued_target;Stopped;733441;-3683;-6284;13208;10707
5;M2_cued_target;Stopped;733462;-3683;-6284;13208;10707
5;M2_cued_target;Stopped;733478;-3683;-6284;13208;10707
5;M2_cued_target;Stopped;733524;-3683;-6284;13208;10707
5;M2_cued_target;Stopped;733541;-3683;-6284;13208;10707
5;M2_cued_target;Stopped;733557;-3683;-6284;13208;10707
5;M2_cued_target;Stopped;733574;-3683;-6284;13208;10707
5;M2_cued_target;Stopped;733591;-3683;-6284;13208;10707
5;M2_cued_target;Stopped;733607;-3683;-6284;13208;10707
5;M2_cued_target;Stopped;733624;-3683;-6284;13208;10707
5;M2_cued_target;Stopped;733641;-3683;-6284;13208;10707
5;M2_cued_target;Stopped;733658;-3683;-6284;13208;10707
5;M2_cued_target;Stopped;733677;-3683;-6284;13208;10707
5;M2_cued_target;End;748436;-3683;-6284;13208;10707
6;L3_hidden_target;Begin;748436;-7000;7000;0;0
6;L3_hidden_target;Stopped;790974;-4549;-6704;17404;13922
6;L3_hidden_target;Stopped;790991;-4549;-6704;17404;13922
6;L3_hidden_target;Stopped;791007;-4549;-6704;17404;13922
6;L3_hidden_target;Stopped;791024;-4549;-6704;17404;13922
6;L3_hidden_target;Stopped;791041;-4549;-6704;17404;13922
6;L3_hidden_target;Stopped;791057;-4549;-6704;17404;13922
6;L3_hidden_target;Stopped;791074;-4549;-6704;17404;13922
6;L3_hidden_target;Stopped;791091;-4549;-6704;17404;13922
6;L3_hidden_target;Stopped;791107;-4549;-6704;17404;13922
6;L3_hidden_target;Stopped;791124;-4549;-6704;17404;13922
6;L3_hidden_target;Stopped;791141;-4549;-6704;17404;13922
6;L3_hidden_target;Stopped;791157;-4549;-6704;17404;13922
6;L3_hidden_target;Stopped;791174;-4549;-6704;17404;13922
6;L3_hidden_target;End;806002;-4549;-6704;17404;13922
7;M1_cued_target;Begin;806002;7000;7000;0;0
7;M1_cued_target;Stopped;888725;-3680;-6073;17260;16881
7;M1_cued_target;Stopped;888741;-3680;-6073;17260;16881
7;M1_cued_target;Stopped;888758;-3680;-6073;17260;16881
7;M1_cued_target;Stopped;888775;-3680;-6073;17260;16881
7;M1_cued_target;Stopped;888792;-3680;-6073;17260;16881
7;M1_cued_target;Stopped;888808;-3680;-6073;17260;16881
7;M1_cued_target;Stopped;888825;-3680;-6073;17260;16881
7;M1_cued_target;Stopped;888841;-3680;-6073;17260;16881
7;M1_cued_target;Stopped;888858;-3680;-6073;17260;16881
7;M1_cued_target;Stopped;888875;-3680;-6073;17260;16881
7;M1_cued_target;Stopped;888892;-3680;-6073;17260;16881
7;M1_cued_target;Stopped;888908;-3680;-6073;17260;16881
7;M1_cued_target;Stopped;888925;-3680;-6073;17260;16881
7;M1_cued_target;Stopped;888942;-3680;-6073;17260;16881
7;M1_cued_target;Stopped;888962;-3680;-6073;17260;16881
7;M1_cued_target;Stopped;888978;-3680;-6073;17260;16881
7;M1_cued_target;Stopped;888992;-3680;-6073;17260;16881
7;M1_cued_target;Stopped;889008;-3680;-6073;17260;16881
7;M1_cued_target;Stopped;889025;-3680;-6073;17260;16881
7;M1_cued_target;End;903753;-3680;-6073;17260;16881
8;L2_hidden_target;Begin;903753;7000;-7000;0;0
8;L2_hidden_target;Stopped;939159;-4646;-6702;18841;11650
8;L2_hidden_target;Stopped;939177;-4646;-6702;18841;11650
8;L2_hidden_target;Stopped;939193;-4646;-6702;18841;11650
8;L2_hidden_target;Stopped;939210;-4646;-6702;18841;11650
8;L2_hidden_target;Stopped;939226;-4646;-6702;18841;11650
8;L2_hidden_target;Stopped;939243;-4646;-6702;18841;11650
8;L2_hidden_target;Stopped;939260;-4646;-6702;18841;11650
8;L2_hidden_target;Stopped;939276;-4646;-6702;18841;11650
8;L2_hidden_target;Stopped;939293;-4646;-6702;18841;11650
8;L2_hidden_target;Stopped;939310;-4646;-6702;18841;11650
8;L2_hidden_target;Stopped;939327;-4646;-6702;18841;11650
8;L2_hidden_target;Stopped;939343;-4646;-6702;18841;11650
8;L2_hidden_target;Stopped;939360;-4646;-6702;18841;11650
8;L2_hidden_target;Stopped;939376;-4646;-6702;18841;11650
8;L2_hidden_target;End;954189;-4646;-6702;18841;11650
9;M3_cued_target;Begin;954189;-7000;7000;0;0
9;M3_cued_target;Stopped;1014202;-4089;-5416;12780;12752
9;M3_cued_target;Stopped;1014218;-4089;-5416;12780;12752
9;M3_cued_target;Stopped;1014236;-4089;-5416;12780;12752
9;M3_cued_target;Stopped;1014252;-4089;-5416;12780;12752
9;M3_cued_target;Stopped;1014268;-4089;-5416;12780;12752
9;M3_cued_target;Stopped;1014285;-4089;-5416;12780;12752
9;M3_cued_target;Stopped;1014302;-4089;-5416;12780;12752
9;M3_cued_target;Stopped;1014318;-4089;-5416;12780;12752
9;M3_cued_target;Stopped;1014336;-4089;-5416;12780;12752
9;M3_cued_target;Stopped;1014352;-4089;-5416;12780;12752
9;M3_cued_target;Stopped;1014368;-4089;-5416;12780;12752
9;M3_cued_target;Stopped;1014385;-4089;-5416;12780;12752
9;M3_cued_target;Stopped;1014402;-4089;-5416;12780;12752
9;M3_cued_target;End;1029230;-4089;-5416;12780;12752
10;L1_hidden_target;Begin;1029230;6999;7000;0;0
10;L1_hidden_target;Stopped;1066770;-3682;-5865;17577;16721
10;L1_hidden_target;Stopped;1066787;-3682;-5865;17577;16721
10;L1_hidden_target;Stopped;1066803;-3682;-5865;17577;16721
10;L1_hidden_target;Stopped;1066820;-3682;-5865;17577;16721
10;L1_hidden_target;Stopped;1066837;-3682;-5865;17577;16721
10;L1_hidden_target;Stopped;1066854;-3682;-5865;17577;16721
10;L1_hidden_target;Stopped;1066870;-3682;-5865;17577;16721
10;L1_hidden_target;Stopped;1066887;-3682;-5865;17577;16721
10;L1_hidden_target;Stopped;1066903;-3682;-5865;17577;16721
10;L1_hidden_target;Stopped;1066920;-3682;-5865;17577;16721
10;L1_hidden_target;Stopped;1066937;-3682;-5865;17577;16721
10;L1_hidden_target;Stopped;1066957;-3682;-5865;17577;16721
10;L1_hidden_target;Stopped;1066972;-3682;-5865;17577;16721
10;L1_hidden_target;Stopped;1066987;-3682;-5865;17577;16721
10;L1_hidden_target;Stopped;1067004;-3682;-5865;17577;16721
10;L1_hidden_target;Stopped;1067020;-3682;-5865;17577;16721
10;L1_hidden_target;Stopped;1067041;-3682;-5865;17577;16721
10;L1_hidden_target;End;1081799;-3682;-5865;17577;16721
11;M2_cued_target;Begin;1081799;7000;-7000;0;0
11;M2_cued_target;Stopped;1246611;-4664;-5421;32633;11770
11;M2_cued_target;Stopped;1246628;-4664;-5421;32633;11770
11;M2_cued_target;Stopped;1246645;-4664;-5421;32633;11770
11;M2_cued_target;Stopped;1246665;-4664;-5421;32633;11770
11;M2_cued_target;Stopped;1246681;-4664;-5421;32633;11770
11;M2_cued_target;Stopped;1246698;-4664;-5421;32633;11770
11;M2_cued_target;Stopped;1246711;-4664;-5421;32633;11770
11;M2_cued_target;Stopped;1246728;-4664;-5421;32633;11770
11;M2_cued_target;Stopped;1246745;-4664;-5421;32633;11770
11;M2_cued_target;Stopped;1246761;-4664;-5421;32633;11770
11;M2_cued_target;Stopped;1246778;-4664;-5421;32633;11770
11;M2_cued_target;Stopped;1246795;-4664;-5421;32633;11770
11;M2_cued_target;Stopped;1246812;-4664;-5421;32633;11770
11;M2_cued_target;Stopped;1246828;-4664;-5421;32633;11770
11;M2_cued_target;Stopped;1246845;-4664;-5421;32633;11770
11;M2_cued_target;End;1261640;-4664;-5421;32633;11770
12;L3_hidden_target;Begin;1261640;-7000;7000;0;0
12;L3_hidden_target;Stopped;1322188;-4967;-5978;34076;13136
12;L3_hidden_target;Stopped;1322205;-4967;-5978;34076;13136
12;L3_hidden_target;Stopped;1322223;-4967;-5978;34076;13136
12;L3_hidden_target;Stopped;1322239;-4967;-5978;34076;13136
12;L3_hidden_target;Stopped;1322255;-4967;-5978;34076;13136
12;L3_hidden_target;Stopped;1322273;-4967;-5978;34076;13136
12;L3_hidden_target;Stopped;1322289;-4967;-5978;34076;13136
12;L3_hidden_target;Stopped;1322305;-4967;-5978;34076;13136
12;L3_hidden_target;Stopped;1322322;-4967;-5978;34076;13136
12;L3_hidden_target;Stopped;1322338;-4967;-5978;34076;13136
12;L3_hidden_target;Stopped;1322355;-4967;-5978;34076;13136
12;L3_hidden_target;Stopped;1322372;-4967;-5978;34076;13136
12;L3_hidden_target;Stopped;1322388;-4967;-5978;34076;13136
12;L3_hidden_target;Stopped;1322405;-4967;-5978;34076;13136
12;L3_hidden_target;End;1337217;-4967;-5978;34076;13136
13;M3_cued_target;Begin;1337217;-7000;7000;0;0
13;M3_cued_target;Stopped;1426621;-3681;-5921;20341;13340
13;M3_cued_target;Stopped;1426638;-3681;-5921;20341;13340
13;M3_cued_target;Stopped;1426654;-3681;-5921;20341;13340
13;M3_cued_target;Stopped;1426671;-3681;-5921;20341;13340
13;M3_cued_target;Stopped;1426688;-3681;-5921;20341;13340
13;M3_cued_target;Stopped;1426704;-3681;-5921;20341;13340
13;M3_cued_target;Stopped;1426721;-3681;-5921;20341;13340
13;M3_cued_target;Stopped;1426738;-3681;-5921;20341;13340
13;M3_cued_target;Stopped;1426754;-3681;-5921;20341;13340
13;M3_cued_target;Stopped;1426771;-3681;-5921;20341;13340
13;M3_cued_target;Stopped;1426788;-3681;-5921;20341;13340
13;M3_cued_target;Stopped;1426805;-3681;-5921;20341;13340
13;M3_cued_target;Stopped;1426821;-3681;-5921;20341;13340
13;M3_cued_target;Stopped;1426838;-3681;-5921;20341;13340
13;M3_cued_target;Stopped;1426854;-3681;-5921;20341;13340
13;M3_cued_target;End;1441650;-3681;-5921;20341;13340
14;L2_hidden_target;Begin;1441650;7000;-7000;0;0
14;L2_hidden_target;Stopped;1477605;-3928;-6700;16669;10932
14;L2_hidden_target;Stopped;1477622;-3928;-6700;16669;10932
14;L2_hidden_target;Stopped;1477640;-3928;-6700;16669;10932
14;L2_hidden_target;Stopped;1477655;-3928;-6700;16669;10932
14;L2_hidden_target;Stopped;1477672;-3928;-6700;16669;10932
14;L2_hidden_target;Stopped;1477689;-3928;-6700;16669;10932
14;L2_hidden_target;Stopped;1477705;-3928;-6700;16669;10932
14;L2_hidden_target;Stopped;1477722;-3928;-6700;16669;10932
14;L2_hidden_target;Stopped;1477739;-3928;-6700;16669;10932
14;L2_hidden_target;Stopped;1477755;-3928;-6700;16669;10932
14;L2_hidden_target;Stopped;1477772;-3928;-6700;16669;10932
14;L2_hidden_target;Stopped;1477789;-3928;-6700;16669;10932
14;L2_hidden_target;End;1492634;-3928;-6700;16669;10932
15;M1_cued_target;Begin;1492634;7000;7000;0;0
15;M1_cued_target;Stopped;1573624;-3688;-5654;17075;16564
15;M1_cued_target;Stopped;1573641;-3688;-5654;17075;16564
15;M1_cued_target;Stopped;1573658;-3688;-5654;17075;16564
15;M1_cued_target;Stopped;1573675;-3688;-5654;17075;16564
15;M1_cued_target;Stopped;1573691;-3688;-5654;17075;16564
15;M1_cued_target;Stopped;1573708;-3688;-5654;17075;16564
15;M1_cued_target;Stopped;1573725;-3688;-5654;17075;16564
15;M1_cued_target;Stopped;1573741;-3688;-5654;17075;16564
15;M1_cued_target;Stopped;1573758;-3688;-5654;17075;16564
15;M1_cued_target;Stopped;1573775;-3688;-5654;17075;16564
15;M1_cued_target;Stopped;1573791;-3688;-5654;17075;16564
15;M1_cued_target;Stopped;1573808;-3688;-5654;17075;16564
15;M1_cued_target;Stopped;1573824;-3688;-5654;17075;16564
15;M1_cued_target;Stopped;1573841;-3688;-5654;17075;16564
15;M1_cued_target;Stopped;1573858;-3688;-5654;17075;16564
15;M1_cued_target;Stopped;1573874;-3688;-5654;17075;16564
15;M1_cued_target;Stopped;1573891;-3688;-5654;17075;16564
15;M1_cued_target;Stopped;1573908;-3688;-5654;17075;16564
15;M1_cued_target;Stopped;1573924;-3688;-5654;17075;16564
15;M1_cued_target;Stopped;1573941;-3688;-5654;17075;16564
15;M1_cued_target;End;1588653;-3688;-5654;17075;16564
16;L3_hidden_target;Begin;1588653;-7000;7000;0;0
16;L3_hidden_target;Stopped;1665797;-4451;-6703;32576;13938
16;L3_hidden_target;Stopped;1665814;-4451;-6703;32576;13938
16;L3_hidden_target;Stopped;1665830;-4451;-6703;32576;13938
16;L3_hidden_target;Stopped;1665848;-4451;-6703;32576;13938
16;L3_hidden_target;Stopped;1665864;-4451;-6703;32576;13938
16;L3_hidden_target;Stopped;1665880;-4451;-6703;32576;13938
16;L3_hidden_target;Stopped;1665897;-4451;-6703;32576;13938
16;L3_hidden_target;Stopped;1665914;-4451;-6703;32576;13938
16;L3_hidden_target;Stopped;1665930;-4451;-6703;32576;13938
16;L3_hidden_target;Stopped;1665948;-4451;-6703;32576;13938
16;L3_hidden_target;Stopped;1665964;-4451;-6703;32576;13938
16;L3_hidden_target;Stopped;1665980;-4451;-6703;32576;13938
16;L3_hidden_target;Stopped;1665998;-4451;-6703;32576;13938
16;L3_hidden_target;End;1680825;-4451;-6703;32576;13938
16;L3_hidden_target;Begin;1680825;-4451;-6703;32576;13938
