1;M3_cued_target;Stopped;115021;-4224;-5417;18854;12724
1;M3_cued_target;Stopped;115037;-4224;-5417;18854;12724
1;M3_cued_target;Stopped;115054;-4224;-5417;18854;12724
1;M3_cued_target;Stopped;115071;-4224;-5417;18854;12724
1;M3_cued_target;Stopped;115087;-4224;-5417;18854;12724
1;M3_cued_target;Stopped;115104;-4224;-5417;18854;12724
1;M3_cued_target;Stopped;115121;-4224;-5417;18854;12724
1;M3_cued_target;Stopped;115137;-4224;-5417;18854;12724
1;M3_cued_target;Stopped;115154;-4224;-5417;18854;12724
1;M3_cued_target;Stopped;115171;-4224;-5417;18854;12724
1;M3_cued_target;Stopped;115187;-4224;-5417;18854;12724
1;M3_cued_target;Stopped;115204;-4224;-5417;18854;12724
1;M3_cued_target;Stopped;115221;-4224;-5417;18854;12724
1;M3_cued_target;Stopped;115238;-4224;-5417;18854;12724
1;M3_cued_target;Stopped;115255;-4224;-5417;18854;12724
1;M3_cued_target;Stopped;115271;-4224;-5417;18854;12724
1;M3_cued_target;Stopped;115288;-4224;-5417;18854;12724
1;M3_cued_target;Stopped;115305;-4224;-5417;18854;12724
1;M3_cued_target;Stopped;115321;-4224;-5417;18854;12724
1;M3_cued_target;Stopped;115338;-4224;-5417;18854;12724
1;M3_cued_target;Stopped;115355;-4224;-5417;18854;12724
1;M3_cued_target;Stopped;115371;-4224;-5417;18854;12724
1;M3_cued_target;Stopped;115388;-4224;-5417;18854;12724
1;M3_cued_target;End;130054;-4224;-5417;18854;12724
2;L2_hidden_target;Begin;130054;6999;-7000;0;0
2;L2_hidden_target;Stopped;253864;-4966;-5506;63332;12059
2;L2_hidden_target;Stopped;253881;-4966;-5506;63332;12059
2;L2_hidden_target;Stopped;253897;-4966;-5506;63332;12059
2;L2_hidden_target;Stopped;253914;-4966;-5506;63332;12059
2;L2_hidden_target;Stopped;253931;-4966;-5506;63332;12059
2;L2_hidden_target;Stopped;253947;-4966;-5506;63332;12059
2;L2_hidden_target;Stopped;253964;-4966;-5506;63332;12059
2;L2_hidden_target;Stopped;253981;-4966;-5506;63332;12059
2;L2_hidden_target;Stopped;253997;-4966;-5506;63332;12059
2;L2_hidden_target;Stopped;254014;-4966;-5506;63332;12059
2;L2_hidden_target;Stopped;254031;-4966;-5506;63332;12059
2;L2_hidden_target;Stopped;254047;-4966;-5506;63332;12059
2;L2_hidden_target;Stopped;254064;-4966;-5506;63332;12059
2;L2_hidden_target;Stopped;254081;-4966;-5506;63332;12059
2;L2_hidden_target;Stopped;254097;-4966;-5506;63332;12059
2;L2_hidden_target;Stopped;254114;-4966;-5506;63332;12059
2;L2_hidden_target;Stopped;254131;-4966;-5506;63332;12059
2;L2_hidden_target;Stopped;254147;-4966;-5506;63332;12059
2;L2_hidden_target;Stopped;254164;-4966;-5506;63332;12059
2;L2_hidden_target;Stopped;254181;-4966;-5506;63332;12059
2;L2_hidden_target;Stopped;254197;-4966;-5506;63332;12059
2;L2_hidden_target;Stopped;254214;-4966;-5506;63332;12059
2;L2_hidden_target;Stopped;254231;-4966;-5506;63332;12059
2;L2_hidden_target;Stopped;254247;-4966;-5506;63332;12059
2;L2_hidden_target;Stopped;254264;-4966;-5506;63332;12059
2;L2_hidden_target;End;268897;-4966;-5506;63332;12059
3;M1_cued_target;Begin;268897;7000;7000;0;0
3;M1_cued_target;Stopped;440154;-4713;-5418;31800;17071
3;M1_cued_target;Stopped;440171;-4713;-5418;31800;17071
3;M1_cued_target;Stopped;440188;-4713;-5418;31800;17071
3;M1_cued_target;Stopped;440205;-4713;-5418;31800;17071
3;M1_cued_target;Stopped;440221;-4713;-5418;31800;17071
3;M1_cued_target;Stopped;440238;-4713;-5418;31800;17071
3;M1_cued_target;Stopped;440255;-4713;-5418;31800;17071
3;M1_cued_target;Stopped;440271;-4713;-5418;31800;17071
3;M1_cued_target;Stopped;440288;-4713;-5418;31800;17071
3;M1_cued_target;Stopped;440305;-4713;-5418;31800;17071
3;M1_cued_target;Stopped;440321;-4713;-5418;31800;17071
3;M1_cued_target;Stopped;440338;-4713;-5418;31800;17071
3;M1_cued_target;Stopped;440355;-4713;-5418;31800;17071
3;M1_cued_target;Stopped;440371;-4713;-5418;31800;17071
3;M1_cued_target;Stopped;440388;-4713;-5418;31800;17071
3;M1_cued_target;Stopped;440405;-4713;-5418;31800;17071
3;M1_cued_target;Stopped;440421;-4713;-5418;31800;17071
3;M1_cued_target;Stopped;440438;-4713;-5418;31800;17071
3;M1_cued_target;Stopped;440455;-4713;-5418;31800;17071
3;M1_cued_target;Stopped;440471;-4713;-5418;31800;17071
3;M1_cued_target;Stopped;440488;-4713;-5418;31800;17071
3;M1_cued_target;Stopped;440538;-4713;-5418;31800;17071
3;M1_cued_target;End;455187;-4713;-5418;31800;17071
4;L2_hidden_target;Begin;455187;7000;-7000;0;0
4;L2_hidden_target;Stopped;606264;-4305;-6704;63051;11309
4;L2_hidden_target;Stopped;606281;-4305;-6704;63051;11309
4;L2_hidden_target;Stopped;606298;-4305;-6704;63051;11309
4;L2_hidden_target;Stopped;606315;-4305;-6704;63051;11309
4;L2_hidden_target;Stopped;606331;-4305;-6704;63051;11309
4;L2_hidden_target;Stopped;606348;-4305;-6704;63051;11309
4;L2_hidden_target;Stopped;606365;-4305;-6704;63051;11309
4;L2_hidden_target;Stopped;606383;-4305;-6704;63051;11309
4;L2_hidden_target;Stopped;606403;-4305;-6704;63051;11309
4;L2_hidden_target;Stopped;606418;-4305;-6704;63051;11309
4;L2_hidden_target;Stopped;606431;-4305;-6704;63051;11309
4;L2_hidden_target;Stopped;606448;-4305;-6704;63051;11309
4;L2_hidden_target;Stopped;606465;-4305;-6704;63051;11309
4;L2_hidden_target;Stopped;606482;-4305;-6704;63051;11309
4;L2_hidden_target;Stopped;606498;-4305;-6704;63051;11309
4;L2_hidden_target;Stopped;606531;-4305;-6704;63051;11309
4;L2_hidden_target;Stopped;606548;-4305;-6704;63051;11309
4;L2_hidden_target;Stopped;606565;-4305;-6704;63051;11309
4;L2_hidden_target;Stopped;606581;-4305;-6704;63051;11309
4;L2_hidden_target;Stopped;606598;-4305;-6704;63051;11309
4;L2_hidden_target;Stopped;606615;-4305;-6704;63051;11309
4;L2_hidden_target;End;621297;-4305;-6704;63051;11309
5;M2_cued_target;Begin;621297;7000;-7000;0;0
5;M2_cued_target;Stopped;678642;-3681;-5851;11967;10742
5;M2_cued_target;Stopped;678658;-3681;-5851;11967;10742
5;M2_cued_target;Stopped;678675;-3681;-5851;11967;10742
5;M2_cued_target;Stopped;678692;-3681;-5851;11967;10742
5;M2_cued_target;Stopped;678709;-3681;-5851;11967;10742
5;M2_cued_target;Stopped;678725;-3681;-5851;11967;10742
5;M2_cued_target;Stopped;678742;-3681;-5851;11967;10742
5;M2_cued_target;Stopped;678758;-3681;-5851;11967;10742
5;M2_cued_target;Stopped;678775;-3681;-5851;11967;10742
5;M2_cued_target;Stopped;678792;-3681;-5851;11967;10742
5;M2_cued_target;Stopped;678808;-3681;-5851;11967;10742
5;M2_cued_target;Stopped;678825;-3681;-5851;11967;10742
5;M2_cued_target;Stopped;678842;-3681;-5851;11967;10742
5;M2_cued_target;Stopped;678859;-3681;-5851;11967;10742
5;M2_cued_target;Stopped;678875;-3681;-5851;11967;10742
5;M2_cued_target;Stopped;678892;-3681;-5851;11967;10742
5;M2_cued_target;Stopped;678909;-3681;-5851;11967;10742
5;M2_cued_target;End;693674;-3681;-5851;11967;10742
6;L2_hidden_target;Begin;693674;7000;-7000;0;0
6;L2_hidden_target;Stopped;867083;-4965;-5605;91943;12046
6;L2_hidden_target;Stopped;867100;-4965;-5605;91943;12046
6;L2_hidden_target;Stopped;867121;-4965;-5605;91943;12046
6;L2_hidden_target;Stopped;867138;-4965;-5605;91943;12046
6;L2_hidden_target;Stopped;867150;-4965;-5605;91943;12046
6;L2_hidden_target;Stopped;867167;-4965;-5605;91943;12046
6;L2_hidden_target;Stopped;867183;-4965;-5605;91943;12046
6;L2_hidden_target;Stopped;867200;-4965;-5605;91943;12046
6;L2_hidden_target;Stopped;867216;-4965;-5605;91943;12046
6;L2_hidden_target;Stopped;867233;-4965;-5605;91943;12046
6;L2_hidden_target;Stopped;867250;-4965;-5605;91943;12046
6;L2_hidden_target;Stopped;867266;-4965;-5605;91943;12046
6;L2_hidden_target;Stopped;867283;-4965;-5605;91943;12046
6;L2_hidden_target;Stopped;867300;-4965;-5605;91943;12046
6;L2_hidden_target;End;882115;-4965;-5605;91943;12046
7;M1_cued_target;Begin;882115;7000;7000;0;0
7;M1_cued_target;Stopped;981327;-3683;-5747;21434;16632
7;M1_cued_target;Stopped;981343;-3683;-5747;21434;16632
7;M1_cued_target;Stopped;981360;-3683;-5747;21434;16632
7;M1_cued_target;Stopped;981377;-3683;-5747;21434;16632
7;M1_cued_target;Stopped;981394;-3683;-5747;21434;16632
7;M1_cued_target;Stopped;981411;-3683;-5747;21434;16632
7;M1_cued_target;Stopped;981427;-3683;-5747;21434;16632
7;M1_cued_target;Stopped;981444;-3683;-5747;21434;16632
7;M1_cued_target;Stopped;981460;-3683;-5747;21434;16632
7;M1_cued_target;Stopped;981477;-3683;-5747;21434;16632
7;M1_cued_target;End;996343;-3683;-5747;21434;16632
8;L2_hidden_target;Begin;996343;7000;-7000;0;0
8;L2_hidden_target;Stopped;1484253;-4965;-6663;283550;11970
8;L2_hidden_target;Stopped;1484270;-4965;-6663;283550;11970
8;L2_hidden_target;Stopped;1484286;-4965;-6663;283550;11970
8;L2_hidden_target;Stopped;1484303;-4965;-6663;283550;11970
8;L2_hidden_target;Stopped;1484320;-4965;-6663;283550;11970
8;L2_hidden_target;Stopped;1484336;-4965;-6663;283550;11970
8;L2_hidden_target;Stopped;1484353;-4965;-6663;283550;11970
8;L2_hidden_target;Stopped;1484370;-4965;-6663;283550;11970
8;L2_hidden_target;Stopped;1484386;-4965;-6663;283550;11970
8;L2_hidden_target;Stopped;1484403;-4965;-6663;283550;11970
8;L2_hidden_target;Stopped;1484420;-4965;-6663;283550;11970
8;L2_hidden_target;Stopped;1484436;-4965;-6663;283550;11970
8;L2_hidden_target;Stopped;1484453;-4965;-6663;283550;11970
8;L2_hidden_target;Stopped;1484470;-4965;-6663;283550;11970
8;L2_hidden_target;Stopped;1484503;-4965;-6663;283550;11970
8;L2_hidden_target;Stopped;1484520;-4965;-6663;283550;11970
8;L2_hidden_target;Stopped;1484537;-4965;-6663;283550;11970
8;L2_hidden_target;Stopped;1484553;-4965;-6663;283550;11970
8;L2_hidden_target;End;1499285;-4965;-6663;283550;11970
9;M3_cued_target;Begin;1499285;-7000;7000;0;0
9;M3_cued_target;Stopped;1593746;-4222;-5417;20525;12723
9;M3_cued_target;Stopped;1593763;-4222;-5417;20525;12723
9;M3_cued_target;Stopped;1593779;-4222;-5417;20525;12723
9;M3_cued_target;Stopped;1593796;-4222;-5417;20525;12723
9;M3_cued_target;Stopped;1593813;-4222;-5417;20525;12723
9;M3_cued_target;Stopped;1593829;-4222;-5417;20525;12723
9;M3_cued_target;Stopped;1593846;-4222;-5417;20525;12723
9;M3_cued_target;Stopped;1593863;-4222;-5417;20525;12723
9;M3_cued_target;Stopped;1593879;-4222;-5417;20525;12723
9;M3_cued_target;Stopped;1593896;-4222;-5417;20525;12723
9;M3_cued_target;Stopped;1593913;-4222;-5417;20525;12723
9;M3_cued_target;Stopped;1593929;-4222;-5417;20525;12723
9;M3_cued_target;Stopped;1593946;-4222;-5417;20525;12723
9;M3_cued_target;Stopped;1593963;-4222;-5417;20525;12723
9;M3_cued_target;Stopped;1593979;-4222;-5417;20525;12723
9;M3_cued_target;Stopped;1593996;-4222;-5417;20525;12723
9;M3_cued_target;Stopped;1594013;-4222;-5417;20525;12723
9;M3_cued_target;Stopped;1594029;-4222;-5417;20525;12723
9;M3_cued_target;Stopped;1594046;-4222;-5417;20525;12723
9;M3_cued_target;Stopped;1594063;-4222;-5417;20525;12723
9;M3_cued_target;Stopped;1594079;-4222;-5417;20525;12723
9;M3_cued_target;Stopped;1594096;-4222;-5417;20525;12723
9;M3_cued_target;Stopped;1594114;-4222;-5417;20525;12723
9;M3_cued_target;Stopped;1594130;-4222;-5417;20525;12723
9;M3_cued_target;Stopped;1594147;-4222;-5417;20525;12723
9;M3_cued_target;Stopped;1594163;-4222;-5417;20525;12723
9;M3_cued_target;End;1608778;-4222;-5417;20525;12723
10;L2_hidden_target;Begin;1608778;6999;-7000;0;0
10;L2_hidden_target;Stopped;2028825;-4385;-6706;246949;11389
10;L2_hidden_target;Stopped;2028842;-4385;-6706;246949;11389
10;L2_hidden_target;Stopped;2028858;-4385;-6706;246949;11389
10;L2_hidden_target;Stopped;2028875;-4385;-6706;246949;11389
10;L2_hidden_target;Stopped;2028892;-4385;-6706;246949;11389
10;L2_hidden_target;Stopped;2028908;-4385;-6706;246949;11389
10;L2_hidden_target;Stopped;2028925;-4385;-6706;246949;11389
10;L2_hidden_target;Stopped;2028942;-4385;-6706;246949;11389
10;L2_hidden_target;Stopped;2028959;-4385;-6706;246949;11389
10;L2_hidden_target;Stopped;2028975;-4385;-6706;246949;11389
10;L2_hidden_target;Stopped;2028992;-4385;-6706;246949;11389
10;L2_hidden_target;Stopped;2029009;-4385;-6706;246949;11389
10;L2_hidden_target;Stopped;2029025;-4385;-6706;246949;11389
10;L2_hidden_target;Stopped;2029042;-4385;-6706;246949;11389
10;L2_hidden_target;Stopped;2029059;-4385;-6706;246949;11389
10;L2_hidden_target;Stopped;2029075;-4385;-6706;246949;11389
10;L2_hidden_target;Stopped;2029092;-4385;-6706;246949;11389
10;L2_hidden_target;Stopped;2029112;-4385;-6706;246949;11389
10;L2_hidden_target;End;2043858;-4385;-6706;246949;11389
11;M2_cued_target;Begin;2043858;6999;-7000;0;0
11;M2_cued_target;Stopped;2096587;-3680;-6151;10662;10714
11;M2_cued_target;Stopped;2096604;-3680;-6151;10662;10714
11;M2_cued_target;Stopped;2096621;-3680;-6151;10662;10714
11;M2_cued_target;Stopped;2096637;-3680;-6151;10662;10714
11;M2_cued_target;Stopped;2096654;-3680;-6151;10662;10714
11;M2_cued_target;Stopped;2096671;-3680;-6151;10662;10714
11;M2_cued_target;Stopped;2096687;-3680;-6151;10662;10714
11;M2_cued_target;Stopped;2096704;-3680;-6151;10662;10714
11;M2_cued_target;Stopped;2096721;-3680;-6151;10662;10714
11;M2_cued_target;Stopped;2096737;-3680;-6151;10662;10714
11;M2_cued_target;Stopped;2096754;-3680;-6151;10662;10714
11;M2_cued_target;Stopped;2096771;-3680;-6151;10662;10714
11;M2_cued_target;Stopped;2096787;-3680;-6151;10662;10714
11;M2_cued_target;Stopped;2096804;-3680;-6151;10662;10714
11;M2_cued_target;Stopped;2096821;-3680;-6151;10662;10714
11;M2_cued_target;Stopped;2096837;-3680;-6151;10662;10714
11;M2_cued_target;End;2111620;-3680;-6151;10662;10714
12;L2_hidden_target;Begin;2111620;7000;-7000;0;0
12;L2_hidden_target;Stopped;2156886;-4605;-6700;15713;11609
12;L2_hidden_target;Stopped;2156902;-4605;-6700;15713;11609
12;L2_hidden_target;Stopped;2156919;-4605;-6700;15713;11609
12;L2_hidden_target;Stopped;2156936;-4605;-6700;15713;11609
12;L2_hidden_target;Stopped;2156953;-4605;-6700;15713;11609
12;L2_hidden_target;Stopped;2156969;-4605;-6700;15713;11609
12;L2_hidden_target;Stopped;2156986;-4605;-6700;15713;11609
12;L2_hidden_target;Stopped;2157003;-4605;-6700;15713;11609
12;L2_hidden_target;Stopped;2157019;-4605;-6700;15713;11609
12;L2_hidden_target;Stopped;2157036;-4605;-6700;15713;11609
12;L2_hidden_target;Stopped;2157052;-4605;-6700;15713;11609
12;L2_hidden_target;Stopped;2157069;-4605;-6700;15713;11609
12;L2_hidden_target;Stopped;2157086;-4605;-6700;15713;11609
12;L2_hidden_target;End;2171917;-4605;-6700;15713;11609
13;M3_cued_target;Begin;2171917;-7000;7000;0;0
13;M3_cued_target;Stopped;2252746;-4398;-5419;17646;12688
13;M3_cued_target;Stopped;2252763;-4398;-5419;17646;12688
13;M3_cued_target;Stopped;2252780;-4398;-5419;17646;12688
13;M3_cued_target;Stopped;2252796;-4398;-5419;17646;12688
13;M3_cued_target;Stopped;2252813;-4398;-5419;17646;12688
13;M3_cued_target;Stopped;2252830;-4398;-5419;17646;12688
13;M3_cued_target;Stopped;2252846;-4398;-5419;17646;12688
13;M3_cued_target;Stopped;2252863;-4398;-5419;17646;12688
13;M3_cued_target;Stopped;2252880;-4398;-5419;17646;12688
13;M3_cued_target;Stopped;2252896;-4398;-5419;17646;12688
13;M3_cued_target;Stopped;2252913;-4398;-5419;17646;12688
13;M3_cued_target;Stopped;2252930;-4398;-5419;17646;12688
13;M3_cued_target;Stopped;2252946;-4398;-5419;17646;12688
13;M3_cued_target;Stopped;2252963;-4398;-5419;17646;12688
13;M3_cued_target;Stopped;2252980;-4398;-5419;17646;12688
13;M3_cued_target;Stopped;2252996;-4398;-5419;17646;12688
13;M3_cued_target;Stopped;2253013;-4398;-5419;17646;12688
13;M3_cued_target;Stopped;2253030;-4398;-5419;17646;12688
13;M3_cued_target;End;2267778;-4398;-5419;17646;12688
14;L2_hidden_target;Begin;2267778;7000;-7000;0;0
14;L2_hidden_target;Stopped;2349960;-3784;-5417;43834;10899
14;L2_hidden_target;Stopped;2349976;-3784;-5417;43834;10899
14;L2_hidden_target;Stopped;2349993;-3784;-5417;43834;10899
14;L2_hidden_target;Stopped;2350010;-3784;-5417;43834;10899
14;L2_hidden_target;Stopped;2350026;-3784;-5417;43834;10899
14;L2_hidden_target;Stopped;2350043;-3784;-5417;43834;10899
14;L2_hidden_target;Stopped;2350060;-3784;-5417;43834;10899
14;L2_hidden_target;Stopped;2350076;-3784;-5417;43834;10899
14;L2_hidden_target;Stopped;2350093;-3784;-5417;43834;10899
14;L2_hidden_target;Stopped;2350110;-3784;-5417;43834;10899
14;L2_hidden_target;Stopped;2350126;-3784;-5417;43834;10899
14;L2_hidden_target;Stopped;2350143;-3784;-5417;43834;10899
14;L2_hidden_target;Stopped;2350160;-3784;-5417;43834;10899
14;L2_hidden_target;Stopped;2350176;-3784;-5417;43834;10899
14;L2_hidden_target;Stopped;2350193;-3784;-5417;43834;10899
14;L2_hidden_target;Stopped;2350210;-3784;-5417;43834;10899
14;L2_hidden_target;Stopped;2350226;-3784;-5417;43834;10899
14;L2_hidden_target;End;2364994;-3784;-5417;43834;10899
15;M1_cued_target;Begin;2364994;7000;7000;0;0
15;M1_cued_target;Stopped;2465802;-3682;-5731;20872;16619
15;M1_cued_target;Stopped;2465818;-3682;-5731;20872;16619
15;M1_cued_target;Stopped;2465835;-3682;-5731;20872;16619
15;M1_cued_target;Stopped;2465852;-3682;-5731;20872;16619
15;M1_cued_target;Stopped;2465868;-3682;-5731;20872;16619
15;M1_cued_target;Stopped;2465885;-3682;-5731;20872;16619
15;M1_cued_target;Stopped;2465902;-3682;-5731;20872;16619
15;M1_cued_target;Stopped;2465918;-3682;-5731;20872;16619
15;M1_cued_target;Stopped;2465935;-3682;-5731;20872;16619
15;M1_cued_target;Stopped;2465952;-3682;-5731;20872;16619
15;M1_cued_target;Stopped;2465968;-3682;-5731;20872;16619
15;M1_cued_target;Stopped;2465985;-3682;-5731;20872;16619
15;M1_cued_target;Stopped;2466002;-3682;-5731;20872;16619
15;M1_cued_target;Stopped;2466018;-3682;-5731;20872;16619
15;M1_cued_target;Stopped;2466035;-3682;-5731;20872;16619
15;M1_cued_target;Stopped;2466052;-3682;-5731;20872;16619
15;M1_cued_target;End;2480818;-3682;-5731;20872;16619
16;L2_hidden_target;Begin;2480818;7000;-7000;0;0
16;L2_hidden_target;Stopped;2558431;-4074;-6705;36601;11078
16;L2_hidden_target;Stopped;2558447;-4074;-6705;36601;11078
16;L2_hidden_target;Stopped;2558481;-4074;-6705;36601;11078
16;L2_hidden_target;Stopped;2558498;-4074;-6705;36601;11078
16;L2_hidden_target;Stopped;2558519;-4074;-6705;36601;11078
16;L2_hidden_target;Stopped;2558535;-4074;-6705;36601;11078
16;L2_hidden_target;Stopped;2558551;-4074;-6705;36601;11078
16;L2_hidden_target;Stopped;2558564;-4074;-6705;36601;11078
16;L2_hidden_target;Stopped;2558581;-4074;-6705;36601;11078
16;L2_hidden_target;Stopped;2558597;-4074;-6705;36601;11078
16;L2_hidden_target;Stopped;2558614;-4074;-6705;36601;11078
16;L2_hidden_target;Stopped;2558631;-4074;-6705;36601;11078
16;L2_hidden_target;End;2573463;-4074;-6705;36601;11078
16;L2_hidden_target;Begin;2573463;-4074;-6705;36601;11078
