1;M3_cued_target;End;105827;-4651;-5418;13399;12638
2;L1_hidden_target;Begin;105827;7000;7000;0;0
2;L1_hidden_target;Stopped;106641;7029;7029;40;41
2;L1_hidden_target;Stopped;106654;7029;7029;40;41
2;L1_hidden_target;Stopped;106668;7029;7029;40;41
2;L1_hidden_target;Stopped;106681;7029;7029;40;41
2;L1_hidden_target;Stopped;106694;7029;7029;40;41
2;L1_hidden_target;Stopped;106707;7029;7029;40;41
2;L1_hidden_target;Stopped;106721;7029;7029;40;41
2;L1_hidden_target;Stopped;106734;7029;7029;40;41
2;L1_hidden_target;Stopped;106747;7029;7029;40;41
2;L1_hidden_target;Stopped;106761;7029;7029;40;41
2;L1_hidden_target;Stopped;106774;7029;7029;40;41
2;L1_hidden_target;Stopped;106787;7029;7029;40;41
2;L1_hidden_target;Stopped;106801;7029;7029;40;41
2;L1_hidden_target;Stopped;106814;7029;7029;40;41
2;L1_hidden_target;Stopped;106827;7029;7029;40;41
2;L1_hidden_target;Stopped;106841;7029;7029;40;41
2;L1_hidden_target;Stopped;106854;7029;7029;40;41
2;L1_hidden_target;Stopped;106867;7029;7029;40;41
2;L1_hidden_target;End;121661;7029;7029;40;41
3;M1_cued_target;Begin;121661;7000;7000;0;0
3;M1_cued_target;Stopped;230567;-3945;-5419;21733;16554
3;M1_cued_target;Stopped;230581;-3945;-5419;21733;16554
3;M1_cued_target;Stopped;230594;-3945;-5419;21733;16554
3;M1_cued_target;Stopped;230607;-3945;-5419;21733;16554
3;M1_cued_target;Stopped;230621;-3945;-5419;21733;16554
3;M1_cued_target;Stopped;230634;-3945;-5419;21733;16554
3;M1_cued_target;Stopped;230647;-3945;-5419;21733;16554
3;M1_cued_target;Stopped;230661;-3945;-5419;21733;16554
3;M1_cued_target;Stopped;230674;-3945;-5419;21733;16554
3;M1_cued_target;Stopped;230687;-3945;-5419;21733;16554
3;M1_cued_target;Stopped;230701;-3945;-5419;21733;16554
3;M1_cued_target;Stopped;230714;-3945;-5419;21733;16554
3;M1_cued_target;Stopped;230728;-3945;-5419;21733;16554
3;M1_cued_target;Stopped;230741;-3945;-5419;21733;16554
3;M1_cued_target;Stopped;230754;-3945;-5419;21733;16554
3;M1_cued_target;Stopped;230767;-3945;-5419;21733;16554
3;M1_cued_target;Stopped;230781;-3945;-5419;21733;16554
3;M1_cued_target;Stopped;230794;-3945;-5419;21733;16554
3;M1_cued_target;Stopped;230808;-3945;-5419;21733;16554
3;M1_cued_target;End;245590;-3945;-5419;21733;16554
4;L2_hidden_target;Begin;245590;7000;-7000;0;0
4;L2_hidden_target;Stopped;404238;-4638;-5421;27456;11744
4;L2_hidden_target;Stopped;404252;-4638;-5421;27456;11744
4;L2_hidden_target;Stopped;404265;-4638;-5421;27456;11744
4;L2_hidden_target;Stopped;404278;-4638;-5421;27456;11744
4;L2_hidden_target;Stopped;404292;-4638;-5421;27456;11744
4;L2_hidden_target;Stopped;404305;-4638;-5421;27456;11744
4;L2_hidden_target;Stopped;404318;-4638;-5421;27456;11744
4;L2_hidden_target;Stopped;404332;-4638;-5421;27456;11744
4;L2_hidden_target;Stopped;404345;-4638;-5421;27456;11744
4;L2_hidden_target;Stopped;404358;-4638;-5421;27456;11744
4;L2_hidden_target;Stopped;404372;-4638;-5421;27456;11744
4;L2_hidden_target;Stopped;404385;-4638;-5421;27456;11744
4;L2_hidden_target;Stopped;404398;-4638;-5421;27456;11744
4;L2_hidden_target;Stopped;404412;-4638;-5421;27456;11744
4;L2_hidden_target;Stopped;404425;-4638;-5421;27456;11744
4;L2_hidden_target;Stopped;404438;-4638;-5421;27456;11744
4;L2_hidden_target;Stopped;404452;-4638;-5421;27456;11744
4;L2_hidden_target;Stopped;404465;-4638;-5421;27456;11744
4;L2_hidden_target;Stopped;404479;-4638;-5421;27456;11744
4;L2_hidden_target;Stopped;404492;-4638;-5421;27456;11744
4;L2_hidden_target;Stopped;404532;-4638;-5421;27456;11744
4;L2_hidden_target;End;419260;-4638;-5421;27456;11744
5;M2_cued_target;Begin;419260;7000;-7000;0;0
5;M2_cued_target;Stopped;604993;-4373;-5420;34167;11483
5;M2_cued_target;Stopped;605006;-4373;-5420;34167;11483
5;M2_cued_target;Stopped;605019;-4373;-5420;34167;11483
5;M2_cued_target;Stopped;605033;-4373;-5420;34167;11483
5;M2_cued_target;Stopped;605046;-4373;-5420;34167;11483
5;M2_cued_target;Stopped;605059;-4373;-5420;34167;11483
5;M2_cued_target;Stopped;605073;-4373;-5420;34167;11483
5;M2_cued_target;Stopped;605086;-4373;-5420;34167;11483
5;M2_cued_target;Stopped;605099;-4373;-5420;34167;11483
5;M2_cued_target;Stopped;605113;-4373;-5420;34167;11483
5;M2_cued_target;Stopped;605126;-4373;-5420;34167;11483
5;M2_cued_target;Stopped;605139;-4373;-5420;34167;11483
5;M2_cued_target;Stopped;605153;-4373;-5420;34167;11483
5;M2_cued_target;Stopped;605166;-4373;-5420;34167;11483
5;M2_cued_target;Stopped;605179;-4373;-5420;34167;11483
5;M2_cued_target;Stopped;605193;-4373;-5420;34167;11483
5;M2_cued_target;Stopped;605206;-4373;-5420;34167;11483
5;M2_cued_target;Stopped;605219;-4373;-5420;34167;11483
5;M2_cued_target;End;620014;-4373;-5420;34167;11483
6;L3_hidden_target;Begin;620014;-7000;7000;0;0
6;L3_hidden_target;Stopped;799030;-3686;-5907;31880;13326
6;L3_hidden_target;Stopped;799044;-3686;-5907;31880;13326
6;L3_hidden_target;Stopped;799057;-3686;-5907;31880;13326
6;L3_hidden_target;Stopped;799070;-3686;-5907;31880;13326
6;L3_hidden_target;Stopped;799084;-3686;-5907;31880;13326
6;L3_hidden_target;Stopped;799098;-3686;-5907;31880;13326
6;L3_hidden_target;Stopped;799114;-3686;-5907;31880;13326
6;L3_hidden_target;Stopped;799125;-3686;-5907;31880;13326
6;L3_hidden_target;Stopped;799138;-3686;-5907;31880;13326
6;L3_hidden_target;Stopped;799150;-3686;-5907;31880;13326
6;L3_hidden_target;Stopped;799164;-3686;-5907;31880;13326
6;L3_hidden_target;Stopped;799177;-3686;-5907;31880;13326
6;L3_hidden_target;Stopped;799190;-3686;-5907;31880;13326
6;L3_hidden_target;Stopped;799204;-3686;-5907;31880;13326
6;L3_hidden_target;Stopped;799217;-3686;-5907;31880;13326
6;L3_hidden_target;Stopped;799230;-3686;-5907;31880;13326
6;L3_hidden_target;Stopped;799248;-3686;-5907;31880;13326
6;L3_hidden_target;Stopped;799262;-3686;-5907;31880;13326
6;L3_hidden_target;Stopped;799270;-3686;-5907;31880;13326
6;L3_hidden_target;Stopped;799284;-3686;-5907;31880;13326
6;L3_hidden_target;Stopped;799299;-3686;-5907;31880;13326
6;L3_hidden_target;Stopped;799314;-3686;-5907;31880;13326
6;L3_hidden_target;Stopped;799326;-3686;-5907;31880;13326
6;L3_hidden_target;Stopped;799337;-3686;-5907;31880;13326
6;L3_hidden_target;Stopped;799350;-3686;-5907;31880;13326
6;L3_hidden_target;Stopped;799364;-3686;-5907;31880;13326
6;L3_hidden_target;Stopped;799377;-3686;-5907;31880;13326
6;L3_hidden_target;Stopped;799390;-3686;-5907;31880;13326
6;L3_hidden_target;Stopped;799404;-3686;-5907;31880;13326
6;L3_hidden_target;Stopped;799417;-3686;-5907;31880;13326
6;L3_hidden_target;End;814055;-3686;-5907;31880;13326
7;M1_cued_target;Begin;814055;7000;7000;0;0
7;M1_cued_target;Stopped;953147;-4602;-5419;28217;16995
7;M1_cued_target;Stopped;953161;-4602;-5419;28217;16995
7;M1_cued_target;Stopped;953174;-4602;-5419;28217;16995
7;M1_cued_target;Stopped;953188;-4602;-5419;28217;16995
7;M1_cued_target;Stopped;953201;-4602;-5419;28217;16995
7;M1_cued_target;Stopped;953214;-4602;-5419;28217;16995
7;M1_cued_target;Stopped;953231;-4602;-5419;28217;16995
7;M1_cued_target;Stopped;953245;-4602;-5419;28217;16995
7;M1_cued_target;Stopped;953256;-4602;-5419;28217;16995
7;M1_cued_target;Stopped;953267;-4602;-5419;28217;16995
7;M1_cued_target;Stopped;953280;-4602;-5419;28217;16995
7;M1_cued_target;Stopped;953294;-4602;-5419;28217;16995
7;M1_cued_target;Stopped;953307;-4602;-5419;28217;16995
7;M1_cued_target;Stopped;953320;-4602;-5419;28217;16995
7;M1_cued_target;Stopped;953334;-4602;-5419;28217;16995
7;M1_cued_target;Stopped;953347;-4602;-5419;28217;16995
7;M1_cued_target;Stopped;953360;-4602;-5419;28217;16995
7;M1_cued_target;Stopped;953374;-4602;-5419;28217;16995
7;M1_cued_target;Stopped;953387;-4602;-5419;28217;16995
7;M1_cued_target;Stopped;953400;-4602;-5419;28217;16995
7;M1_cued_target;Stopped;953414;-4602;-5419;28217;16995
7;M1_cued_target;Stopped;953427;-4602;-5419;28217;16995
7;M1_cued_target;Stopped;953440;-4602;-5419;28217;16995
7;M1_cued_target;Stopped;953454;-4602;-5419;28217;16995
7;M1_cued_target;Stopped;953467;-4602;-5419;28217;16995
7;M1_cued_target;Stopped;953480;-4602;-5419;28217;16995
7;M1_cued_target;Stopped;953493;-4602;-5419;28217;16995
7;M1_cued_target;Stopped;953520;-4602;-5419;28217;16995
7;M1_cued_target;Stopped;953533;-4602;-5419;28217;16995
7;M1_cued_target;Stopped;953547;-4602;-5419;28217;16995
7;M1_cued_target;Stopped;953560;-4602;-5419;28217;16995
7;M1_cued_target;Stopped;953574;-4602;-5419;28217;16995
7;M1_cued_target;Stopped;953587;-4602;-5419;28217;16995
7;M1_cued_target;Stopped;953600;-4602;-5419;28217;16995
7;M1_cued_target;End;968168;-4602;-5419;28217;16995
8;L2_hidden_target;Begin;968168;7000;-7000;0;0
8;L2_hidden_target;Stopped;1106466;-4297;-5419;26389;11407
8;L2_hidden_target;Stopped;1106479;-4297;-5419;26389;11407
8;L2_hidden_target;Stopped;1106493;-4297;-5419;26389;11407
8;L2_hidden_target;Stopped;1106519;-4297;-5419;26389;11407
8;L2_hidden_target;Stopped;1106533;-4297;-5419;26389;11407
8;L2_hidden_target;Stopped;1106546;-4297;-5419;26389;11407
8;L2_hidden_target;Stopped;1106559;-4297;-5419;26389;11407
8;L2_hidden_target;Stopped;1106576;-4297;-5419;26389;11407
8;L2_hidden_target;Stopped;1106587;-4297;-5419;26389;11407
8;L2_hidden_target;Stopped;1106600;-4297;-5419;26389;11407
8;L2_hidden_target;Stopped;1106613;-4297;-5419;26389;11407
8;L2_hidden_target;Stopped;1106626;-4297;-5419;26389;11407
8;L2_hidden_target;Stopped;1106639;-4297;-5419;26389;11407
8;L2_hidden_target;Stopped;1106656;-4297;-5419;26389;11407
8;L2_hidden_target;Stopped;1106670;-4297;-5419;26389;11407
8;L2_hidden_target;Stopped;1106679;-4297;-5419;26389;11407
8;L2_hidden_target;Stopped;1106692;-4297;-5419;26389;11407
8;L2_hidden_target;Stopped;1106705;-4297;-5419;26389;11407
8;L2_hidden_target;Stopped;1106718;-4297;-5419;26389;11407
8;L2_hidden_target;Stopped;1106732;-4297;-5419;26389;11407
8;L2_hidden_target;Stopped;1106745;-4297;-5419;26389;11407
8;L2_hidden_target;End;1121491;-4297;-5419;26389;11407
9;M3_cued_target;Begin;1121491;-7000;7000;0;0
9;M3_cued_target;Stopped;1192887;-4239;-5419;12580;12722
9;M3_cued_target;Stopped;1192900;-4239;-5419;12580;12722
9;M3_cued_target;Stopped;1192914;-4239;-5419;12580;12722
9;M3_cued_target;Stopped;1192927;-4239;-5419;12580;12722
9;M3_cued_target;Stopped;1192940;-4239;-5419;12580;12722
9;M3_cued_target;Stopped;1192954;-4239;-5419;12580;12722
9;M3_cued_target;Stopped;1192967;-4239;-5419;12580;12722
9;M3_cued_target;Stopped;1192980;-4239;-5419;12580;12722
9;M3_cued_target;Stopped;1192994;-4239;-5419;12580;12722
9;M3_cued_target;Stopped;1193007;-4239;-5419;12580;12722
9;M3_cued_target;Stopped;1193020;-4239;-5419;12580;12722
9;M3_cued_target;Stopped;1193034;-4239;-5419;12580;12722
9;M3_cued_target;Stopped;1193047;-4239;-5419;12580;12722
9;M3_cued_target;Stopped;1193060;-4239;-5419;12580;12722
9;M3_cued_target;Stopped;1193074;-4239;-5419;12580;12722
9;M3_cued_target;Stopped;1193087;-4239;-5419;12580;12722
9;M3_cued_target;Stopped;1193100;-4239;-5419;12580;12722
9;M3_cued_target;Stopped;1193114;-4239;-5419;12580;12722
9;M3_cued_target;Stopped;1193127;-4239;-5419;12580;12722
9;M3_cued_target;End;1207908;-4239;-5419;12580;12722
10;L1_hidden_target;Begin;1207908;7000;7000;0;0
10;L1_hidden_target;Stopped;1298358;-4574;-5419;17859;16976
10;L1_hidden_target;Stopped;1298372;-4574;-5419;17859;16976
10;L1_hidden_target;Stopped;1298383;-4574;-5419;17859;16976
10;L1_hidden_target;Stopped;1298396;-4574;-5419;17859;16976
10;L1_hidden_target;Stopped;1298410;-4574;-5419;17859;16976
10;L1_hidden_target;Stopped;1298423;-4574;-5419;17859;16976
10;L1_hidden_target;Stopped;1298436;-4574;-5419;17859;16976
10;L1_hidden_target;Stopped;1298450;-4574;-5419;17859;16976
10;L1_hidden_target;Stopped;1298463;-4574;-5419;17859;16976
10;L1_hidden_target;Stopped;1298477;-4574;-5419;17859;16976
10;L1_hidden_target;Stopped;1298490;-4574;-5419;17859;16976
10;L1_hidden_target;Stopped;1298517;-4574;-5419;17859;16976
10;L1_hidden_target;Stopped;1298530;-4574;-5419;17859;16976
10;L1_hidden_target;Stopped;1298543;-4574;-5419;17859;16976
10;L1_hidden_target;Stopped;1298556;-4574;-5419;17859;16976
10;L1_hidden_target;Stopped;1298569;-4574;-5419;17859;16976
10;L1_hidden_target;Stopped;1298583;-4574;-5419;17859;16976
10;L1_hidden_target;Stopped;1298596;-4574;-5419;17859;16976
10;L1_hidden_target;Stopped;1298609;-4574;-5419;17859;16976
10;L1_hidden_target;Stopped;1298623;-4574;-5419;17859;16976
10;L1_hidden_target;Stopped;1298636;-4574;-5419;17859;16976
10;L1_hidden_target;Stopped;1298653;-4574;-5419;17859;16976
10;L1_hidden_target;End;1313377;-4574;-5419;17859;16976
11;M2_cued_target;Begin;1313377;7000;-7000;0;0
11;M2_cued_target;Stopped;1511452;-4746;-5419;39291;11852
11;M2_cued_target;Stopped;1511465;-4746;-5419;39291;11852
11;M2_cued_target;Stopped;1511479;-4746;-5419;39291;11852
11;M2_cued_target;Stopped;1511519;-4746;-5419;39291;11852
11;M2_cued_target;Stopped;1511532;-4746;-5419;39291;11852
11;M2_cued_target;Stopped;1511545;-4746;-5419;39291;11852
11;M2_cued_target;Stopped;1511558;-4746;-5419;39291;11852
11;M2_cued_target;Stopped;1511572;-4746;-5419;39291;11852
11;M2_cued_target;Stopped;1511585;-4746;-5419;39291;11852
11;M2_cued_target;Stopped;1511598;-4746;-5419;39291;11852
11;M2_cued_target;Stopped;1511612;-4746;-5419;39291;11852
11;M2_cued_target;Stopped;1511625;-4746;-5419;39291;11852
11;M2_cued_target;Stopped;1511638;-4746;-5419;39291;11852
11;M2_cued_target;Stopped;1511652;-4746;-5419;39291;11852
11;M2_cued_target;Stopped;1511665;-4746;-5419;39291;11852
11;M2_cued_target;Stopped;1511678;-4746;-5419;39291;11852
11;M2_cued_target;Stopped;1511692;-4746;-5419;39291;11852
11;M2_cued_target;Stopped;1511705;-4746;-5419;39291;11852
11;M2_cued_target;Stopped;1511718;-4746;-5419;39291;11852
11;M2_cued_target;Stopped;1511732;-4746;-5419;39291;11852
11;M2_cued_target;Stopped;1511745;-4746;-5419;39291;11852
11;M2_cued_target;Stopped;1511758;-4746;-5419;39291;11852
11;M2_cued_target;Stopped;1511772;-4746;-5419;39291;11852
11;M2_cued_target;Stopped;1511785;-4746;-5419;39291;11852
11;M2_cued_target;Stopped;1511798;-4746;-5419;39291;11852
11;M2_cued_target;End;1526473;-4746;-5419;39291;11852
12;L3_hidden_target;Begin;1526473;-7000;7000;0;0
12;L3_hidden_target;Stopped;1684298;-3685;-6230;30609;13639
12;L3_hidden_target;Stopped;1684311;-3685;-6230;30609;13639
12;L3_hidden_target;Stopped;1684325;-3685;-6230;30609;13639
12;L3_hidden_target;Stopped;1684338;-3685;-6230;30609;13639
12;L3_hidden_target;Stopped;1684352;-3685;-6230;30609;13639
12;L3_hidden_target;Stopped;1684365;-3685;-6230;30609;13639
12;L3_hidden_target;Stopped;1684378;-3685;-6230;30609;13639
12;L3_hidden_target;Stopped;1684391;-3685;-6230;30609;13639
12;L3_hidden_target;Stopped;1684405;-3685;-6230;30609;13639
12;L3_hidden_target;Stopped;1684419;-3685;-6230;30609;13639
12;L3_hidden_target;Stopped;1684432;-3685;-6230;30609;13639
12;L3_hidden_target;Stopped;1684446;-3685;-6230;30609;13639
12;L3_hidden_target;Stopped;1684459;-3685;-6230;30609;13639
12;L3_hidden_target;Stopped;1684472;-3685;-6230;30609;13639
12;L3_hidden_target;Stopped;1684512;-3685;-6230;30609;13639
12;L3_hidden_target;Stopped;1684526;-3685;-6230;30609;13639
12;L3_hidden_target;Stopped;1684539;-3685;-6230;30609;13639
12;L3_hidden_target;Stopped;1684552;-3685;-6230;30609;13639
12;L3_hidden_target;Stopped;1684566;-3685;-6230;30609;13639
12;L3_hidden_target;End;1699321;-3685;-6230;30609;13639
13;M3_cued_target;Begin;1699321;-7000;7000;0;0
13;M3_cued_target;Stopped;1767013;-4451;-5418;12789;12676
13;M3_cued_target;Stopped;1767026;-4451;-5418;12789;12676
13;M3_cued_target;Stopped;1767040;-4451;-5418;12789;12676
13;M3_cued_target;Stopped;1767053;-4451;-5418;12789;12676
13;M3_cued_target;Stopped;1767066;-4451;-5418;12789;12676
13;M3_cued_target;Stopped;1767080;-4451;-5418;12789;12676
13;M3_cued_target;Stopped;1767097;-4451;-5418;12789;12676
13;M3_cued_target;Stopped;1767110;-4451;-5418;12789;12676
13;M3_cued_target;Stopped;1767121;-4451;-5418;12789;12676
13;M3_cued_target;Stopped;1767133;-4451;-5418;12789;12676
13;M3_cued_target;Stopped;1767146;-4451;-5418;12789;12676
13;M3_cued_target;Stopped;1767159;-4451;-5418;12789;12676
13;M3_cued_target;Stopped;1767173;-4451;-5418;12789;12676
13;M3_cued_target;Stopped;1767186;-4451;-5418;12789;12676
13;M3_cued_target;Stopped;1767199;-4451;-5418;12789;12676
13;M3_cued_target;Stopped;1767213;-4451;-5418;12789;12676
13;M3_cued_target;Stopped;1767226;-4451;-5418;12789;12676
13;M3_cued_target;Stopped;1767240;-4451;-5418;12789;12676
13;M3_cued_target;End;1782034;-4451;-5418;12789;12676
14;L2_hidden_target;Begin;1782034;6999;-7000;0;0
14;L2_hidden_target;Stopped;1970620;-4330;-5419;38786;11439
14;L2_hidden_target;Stopped;1970633;-4330;-5419;38786;11439
14;L2_hidden_target;Stopped;1970647;-4330;-5419;38786;11439
14;L2_hidden_target;Stopped;1970660;-4330;-5419;38786;11439
14;L2_hidden_target;Stopped;1970673;-4330;-5419;38786;11439
14;L2_hidden_target;Stopped;1970687;-4330;-5419;38786;11439
14;L2_hidden_target;Stopped;1970700;-4330;-5419;38786;11439
14;L2_hidden_target;Stopped;1970713;-4330;-5419;38786;11439
14;L2_hidden_target;Stopped;1970727;-4330;-5419;38786;11439
14;L2_hidden_target;Stopped;1970740;-4330;-5419;38786;11439
14;L2_hidden_target;Stopped;1970753;-4330;-5419;38786;11439
14;L2_hidden_target;Stopped;1970767;-4330;-5419;38786;11439
14;L2_hidden_target;Stopped;1970780;-4330;-5419;38786;11439
14;L2_hidden_target;Stopped;1970793;-4330;-5419;38786;11439
14;L2_hidden_target;Stopped;1970807;-4330;-5419;38786;11439
14;L2_hidden_target;Stopped;1970820;-4330;-5419;38786;11439
14;L2_hidden_target;End;1985643;-4330;-5419;38786;11439
15;M1_cued_target;Begin;1985643;6999;7000;0;0
15;M1_cued_target;Stopped;2136399;-4239;-5418;28334;16749
15;M1_cued_target;Stopped;2136413;-4239;-5418;28334;16749
15;M1_cued_target;Stopped;2136426;-4239;-5418;28334;16749
15;M1_cued_target;Stopped;2136439;-4239;-5418;28334;16749
15;M1_cued_target;Stopped;2136453;-4239;-5418;28334;16749
15;M1_cued_target;Stopped;2136466;-4239;-5418;28334;16749
15;M1_cued_target;Stopped;2136506;-4239;-5418;28334;16749
15;M1_cued_target;Stopped;2136519;-4239;-5418;28334;16749
15;M1_cued_target;Stopped;2136533;-4239;-5418;28334;16749
15;M1_cued_target;Stopped;2136546;-4239;-5418;28334;16749
15;M1_cued_target;Stopped;2136559;-4239;-5418;28334;16749
15;M1_cued_target;Stopped;2136573;-4239;-5418;28334;16749
15;M1_cued_target;Stopped;2136586;-4239;-5418;28334;16749
15;M1_cued_target;Stopped;2136599;-4239;-5418;28334;16749
15;M1_cued_target;End;2151420;-4239;-5418;28334;16749
16;L3_hidden_target;Begin;2151420;-7000;7000;0;0
16;L3_hidden_target;Stopped;2327544;-3684;-6048;32267;13463
16;L3_hidden_target;Stopped;2327558;-3684;-6048;32267;13463
16;L3_hidden_target;Stopped;2327571;-3684;-6048;32267;13463
16;L3_hidden_target;Stopped;2327585;-3684;-6048;32267;13463
16;L3_hidden_target;Stopped;2327598;-3684;-6048;32267;13463
16;L3_hidden_target;Stopped;2327611;-3684;-6048;32267;13463
16;L3_hidden_target;Stopped;2327625;-3684;-6048;32267;13463
16;L3_hidden_target;Stopped;2327638;-3684;-6048;32267;13463
16;L3_hidden_target;Stopped;2327651;-3684;-6048;32267;13463
16;L3_hidden_target;Stopped;2327665;-3684;-6048;32267;13463
16;L3_hidden_target;Stopped;2327678;-3684;-6048;32267;13463
16;L3_hidden_target;Stopped;2327691;-3684;-6048;32267;13463
16;L3_hidden_target;Stopped;2327705;-3684;-6048;32267;13463
16;L3_hidden_target;Stopped;2327718;-3684;-6048;32267;13463
16;L3_hidden_target;Stopped;2327731;-3684;-6048;32267;13463
16;L3_hidden_target;End;2342567;-3684;-6048;32267;13463
16;L3_hidden_target;Begin;2342567;-3684;-6048;32267;13463
16;L3_hidden_target;End;2362587;-3685;-6047;32271;13462
16;L3_hidden_target;Begin;2362587;-3685;-6047;32271;13462
