1;M3_cued_target;Stopped;180017;-3687;-5484;27418;12916
1;M3_cued_target;Stopped;180030;-3687;-5484;27418;12916
1;M3_cued_target;Stopped;180043;-3687;-5484;27418;12916
1;M3_cued_target;Stopped;180057;-3687;-5484;27418;12916
1;M3_cued_target;Stopped;180070;-3687;-5484;27418;12916
1;M3_cued_target;Stopped;180083;-3687;-5484;27418;12916
1;M3_cued_target;Stopped;180097;-3687;-5484;27418;12916
1;M3_cued_target;Stopped;180110;-3687;-5484;27418;12916
1;M3_cued_target;Stopped;180123;-3687;-5484;27418;12916
1;M3_cued_target;Stopped;180137;-3687;-5484;27418;12916
1;M3_cued_target;Stopped;180150;-3687;-5484;27418;12916
1;M3_cued_target;Stopped;180163;-3687;-5484;27418;12916
1;M3_cued_target;Stopped;180177;-3687;-5484;27418;12916
1;M3_cued_target;Stopped;180190;-3687;-5484;27418;12916
1;M3_cued_target;Stopped;180203;-3687;-5484;27418;12916
1;M3_cued_target;Stopped;180219;-3687;-5484;27418;12916
1;M3_cued_target;Stopped;180234;-3687;-5484;27418;12916
1;M3_cued_target;Stopped;180247;-3687;-5484;27418;12916
1;M3_cued_target;End;195039;-3687;-5484;27418;12916
2;L1_hidden_target;Begin;195039;7000;7000;0;0
2;L1_hidden_target;Stopped;529300;-4787;-5422;37877;17124
2;L1_hidden_target;Stopped;529314;-4787;-5422;37877;17124
2;L1_hidden_target;Stopped;529327;-4787;-5422;37877;17124
2;L1_hidden_target;Stopped;529341;-4787;-5422;37877;17124
2;L1_hidden_target;Stopped;529354;-4787;-5422;37877;17124
2;L1_hidden_target;Stopped;529367;-4787;-5422;37877;17124
2;L1_hidden_target;Stopped;529381;-4787;-5422;37877;17124
2;L1_hidden_target;Stopped;529394;-4787;-5422;37877;17124
2;L1_hidden_target;Stopped;529407;-4787;-5422;37877;17124
2;L1_hidden_target;Stopped;529421;-4787;-5422;37877;17124
2;L1_hidden_target;Stopped;529434;-4787;-5422;37877;17124
2;L1_hidden_target;Stopped;529447;-4787;-5422;37877;17124
2;L1_hidden_target;Stopped;529461;-4787;-5422;37877;17124
2;L1_hidden_target;Stopped;529474;-4787;-5422;37877;17124
2;L1_hidden_target;Stopped;529487;-4787;-5422;37877;17124
2;L1_hidden_target;End;544326;-4787;-5422;37877;17124
3;M1_cued_target;Begin;544326;7000;7000;0;0
3;M1_cued_target;Stopped;692533;-4767;-5342;27676;17053
3;M1_cued_target;Stopped;692546;-4767;-5342;27676;17053
3;M1_cued_target;Stopped;692559;-4767;-5342;27676;17053
3;M1_cued_target;Stopped;692573;-4767;-5342;27676;17053
3;M1_cued_target;Stopped;692586;-4767;-5342;27676;17053
3;M1_cued_target;Stopped;692599;-4767;-5342;27676;17053
3;M1_cued_target;Stopped;692613;-4767;-5342;27676;17053
3;M1_cued_target;Stopped;692626;-4767;-5342;27676;17053
3;M1_cued_target;Stopped;692639;-4767;-5342;27676;17053
3;M1_cued_target;Stopped;692653;-4767;-5342;27676;17053
3;M1_cued_target;Stopped;692666;-4767;-5342;27676;17053
3;M1_cued_target;Stopped;692679;-4767;-5342;27676;17053
3;M1_cued_target;Stopped;692693;-4767;-5342;27676;17053
3;M1_cued_target;Stopped;692706;-4767;-5342;27676;17053
3;M1_cued_target;Stopped;692719;-4767;-5342;27676;17053
3;M1_cued_target;Stopped;692733;-4767;-5342;27676;17053
3;M1_cued_target;Stopped;692750;-4767;-5342;27676;17053
3;M1_cued_target;End;707553;-4767;-5342;27676;17053
4;L2_hidden_target;Begin;707553;7000;-7000;0;0
4;L2_hidden_target;Stopped;846476;-4265;-5421;18522;11375
4;L2_hidden_target;Stopped;846516;-4265;-5421;18522;11375
4;L2_hidden_target;Stopped;846529;-4265;-5421;18522;11375
4;L2_hidden_target;Stopped;846543;-4265;-5421;18522;11375
4;L2_hidden_target;Stopped;846556;-4265;-5421;18522;11375
4;L2_hidden_target;Stopped;846569;-4265;-5421;18522;11375
4;L2_hidden_target;Stopped;846583;-4265;-5421;18522;11375
4;L2_hidden_target;Stopped;846596;-4265;-5421;18522;11375
4;L2_hidden_target;Stopped;846610;-4265;-5421;18522;11375
4;L2_hidden_target;Stopped;846623;-4265;-5421;18522;11375
4;L2_hidden_target;Stopped;846636;-4265;-5421;18522;11375
4;L2_hidden_target;End;861497;-4265;-5421;18522;11375
5;M2_cued_target;Begin;861497;6999;-7000;0;0
5;M2_cued_target;Stopped;916809;-3653;-6094;10801;10691
5;M2_cued_target;Stopped;916822;-3653;-6094;10801;10691
5;M2_cued_target;Stopped;916836;-3653;-6094;10801;10691
5;M2_cued_target;Stopped;916849;-3653;-6094;10801;10691
5;M2_cued_target;Stopped;916862;-3653;-6094;10801;10691
5;M2_cued_target;Stopped;916876;-3653;-6094;10801;10691
5;M2_cued_target;Stopped;916889;-3653;-6094;10801;10691
5;M2_cued_target;Stopped;916902;-3653;-6094;10801;10691
5;M2_cued_target;Stopped;916917;-3653;-6094;10801;10691
5;M2_cued_target;Stopped;916931;-3653;-6094;10801;10691
5;M2_cued_target;Stopped;916944;-3653;-6094;10801;10691
5;M2_cued_target;Stopped;916956;-3653;-6094;10801;10691
5;M2_cued_target;Stopped;916969;-3653;-6094;10801;10691
5;M2_cued_target;Stopped;916983;-3653;-6094;10801;10691
5;M2_cued_target;Stopped;916996;-3653;-6094;10801;10691
5;M2_cued_target;Stopped;917010;-3653;-6094;10801;10691
5;M2_cued_target;Stopped;917023;-3653;-6094;10801;10691
5;M2_cued_target;Stopped;917036;-3653;-6094;10801;10691
5;M2_cued_target;Stopped;917049;-3653;-6094;10801;10691
5;M2_cued_target;Stopped;917063;-3653;-6094;10801;10691
5;M2_cued_target;End;931830;-3653;-6094;10801;10691
6;L3_hidden_target;Begin;931830;-7000;7000;0;0
6;L3_hidden_target;Stopped;988123;-5243;-1824;9339;8997
6;L3_hidden_target;Stopped;988136;-5243;-1824;9339;8997
6;L3_hidden_target;Stopped;988144;-5243;-1824;9339;8997
6;L3_hidden_target;Stopped;988158;-5243;-1824;9339;8997
6;L3_hidden_target;Stopped;988171;-5243;-1824;9339;8997
6;L3_hidden_target;Stopped;988184;-5243;-1824;9339;8997
6;L3_hidden_target;Stopped;988197;-5243;-1824;9339;8997
6;L3_hidden_target;Stopped;988211;-5243;-1824;9339;8997
6;L3_hidden_target;Stopped;988224;-5243;-1824;9339;8997
6;L3_hidden_target;Stopped;988237;-5243;-1824;9339;8997
6;L3_hidden_target;Stopped;988251;-5243;-1824;9339;8997
6;L3_hidden_target;Stopped;988264;-5243;-1824;9339;8997
6;L3_hidden_target;Stopped;988277;-5243;-1824;9339;8997
6;L3_hidden_target;Stopped;988290;-5243;-1824;9339;8997
6;L3_hidden_target;Stopped;988304;-5243;-1824;9339;8997
6;L3_hidden_target;Stopped;988317;-5243;-1824;9339;8997
6;L3_hidden_target;Stopped;988330;-5243;-1824;9339;8997
6;L3_hidden_target;Stopped;988344;-5243;-1824;9339;8997
6;L3_hidden_target;Stopped;988357;-5243;-1824;9339;8997
6;L3_hidden_target;Stopped;988371;-5243;-1824;9339;8997
6;L3_hidden_target;Stopped;988384;-5243;-1824;9339;8997
6;L3_hidden_target;Stopped;988397;-5243;-1824;9339;8997
6;L3_hidden_target;Stopped;988410;-5243;-1824;9339;8997
6;L3_hidden_target;Stopped;988424;-5243;-1824;9339;8997
6;L3_hidden_target;End;1003138;-5243;-1824;9339;8997
7;M1_cued_target;Begin;1003138;7000;7000;0;0
7;M1_cued_target;Stopped;1095196;-4057;-1231;17589;13784
7;M1_cued_target;Stopped;1095209;-4057;-1231;17589;13784
7;M1_cued_target;Stopped;1095223;-4057;-1231;17589;13784
7;M1_cued_target;Stopped;1095236;-4057;-1231;17589;13784
7;M1_cued_target;Stopped;1095249;-4057;-1231;17589;13784
7;M1_cued_target;Stopped;1095263;-4057;-1231;17589;13784
7;M1_cued_target;Stopped;1095276;-4057;-1231;17589;13784
7;M1_cued_target;Stopped;1095289;-4057;-1231;17589;13784
7;M1_cued_target;Stopped;1095303;-4057;-1231;17589;13784
7;M1_cued_target;Stopped;1095316;-4057;-1231;17589;13784
7;M1_cued_target;Stopped;1095329;-4057;-1231;17589;13784
7;M1_cued_target;Stopped;1095343;-4057;-1231;17589;13784
7;M1_cued_target;Stopped;1095357;-4057;-1231;17589;13784
7;M1_cued_target;Stopped;1095370;-4057;-1231;17589;13784
7;M1_cued_target;Stopped;1095384;-4057;-1231;17589;13784
7;M1_cued_target;Stopped;1095397;-4057;-1231;17589;13784
7;M1_cued_target;Stopped;1095409;-4057;-1231;17589;13784
7;M1_cued_target;Stopped;1095424;-4057;-1231;17589;13784
7;M1_cued_target;Stopped;1095437;-4057;-1231;17589;13784
7;M1_cued_target;Stopped;1095450;-4057;-1231;17589;13784
7;M1_cued_target;Stopped;1095464;-4057;-1231;17589;13784
7;M1_cued_target;Stopped;1095477;-4057;-1231;17589;13784
7;M1_cued_target;Stopped;1095504;-4057;-1231;17589;13784
7;M1_cued_target;Stopped;1095517;-4057;-1231;17589;13784
7;M1_cued_target;Stopped;1095530;-4057;-1231;17589;13784
7;M1_cued_target;Stopped;1095544;-4057;-1231;17589;13784
7;M1_cued_target;Stopped;1095557;-4057;-1231;17589;13784
7;M1_cued_target;Stopped;1095570;-4057;-1231;17589;13784
7;M1_cued_target;Stopped;1095584;-4057;-1231;17589;13784
7;M1_cued_target;Stopped;1095597;-4057;-1231;17589;13784
7;M1_cued_target;Stopped;1095610;-4057;-1231;17589;13784
7;M1_cued_target;Stopped;1095623;-4057;-1231;17589;13784
7;M1_cued_target;Stopped;1095637;-4057;-1231;17589;13784
7;M1_cued_target;Stopped;1095650;-4057;-1231;17589;13784
7;M1_cued_target;Stopped;1095663;-4057;-1231;17589;13784
7;M1_cued_target;Stopped;1095677;-4057;-1231;17589;13784
7;M1_cued_target;Stopped;1095690;-4057;-1231;17589;13784
7;M1_cued_target;Stopped;1095703;-4057;-1231;17589;13784
7;M1_cued_target;Stopped;1095717;-4057;-1231;17589;13784
7;M1_cued_target;Stopped;1095730;-4057;-1231;17589;13784
7;M1_cued_target;Stopped;1095743;-4057;-1231;17589;13784
7;M1_cued_target;Stopped;1095757;-4057;-1231;17589;13784
7;M1_cued_target;Stopped;1095770;-4057;-1231;17589;13784
7;M1_cued_target;Stopped;1095783;-4057;-1231;17589;13784
7;M1_cued_target;Stopped;1095797;-4057;-1231;17589;13784
7;M1_cued_target;Stopped;1095810;-4057;-1231;17589;13784
7;M1_cued_target;Stopped;1095823;-4057;-1231;17589;13784
7;M1_cued_target;Stopped;1095837;-4057;-1231;17589;13784
7;M1_cued_target;Stopped;1095850;-4057;-1231;17589;13784
7;M1_cued_target;Stopped;1095863;-4057;-1231;17589;13784
7;M1_cued_target;Stopped;1095877;-4057;-1231;17589;13784
7;M1_cued_target;Stopped;1095890;-4057;-1231;17589;13784
7;M1_cued_target;Stopped;1095903;-4057;-1231;17589;13784
7;M1_cued_target;Stopped;1095917;-4057;-1231;17589;13784
7;M1_cued_target;Stopped;1095930;-4057;-1231;17589;13784
7;M1_cued_target;Stopped;1095943;-4057;-1231;17589;13784
7;M1_cued_target;Stopped;1095957;-4057;-1231;17589;13784
7;M1_cued_target;End;1110217;-4057;-1231;17589;13784
8;L2_hidden_target;Begin;1110217;7000;-7000;0;0
8;L2_hidden_target;Stopped;1210821;-4050;-5424;13819;11161
8;L2_hidden_target;Stopped;1210835;-4050;-5424;13819;11161
8;L2_hidden_target;Stopped;1210853;-4050;-5424;13819;11161
8;L2_hidden_target;Stopped;1210862;-4050;-5424;13819;11161
8;L2_hidden_target;Stopped;1210876;-4050;-5424;13819;11161
8;L2_hidden_target;Stopped;1210888;-4050;-5424;13819;11161
8;L2_hidden_target;Stopped;1210902;-4050;-5424;13819;11161
8;L2_hidden_target;Stopped;1210915;-4050;-5424;13819;11161
8;L2_hidden_target;Stopped;1210928;-4050;-5424;13819;11161
8;L2_hidden_target;Stopped;1210942;-4050;-5424;13819;11161
8;L2_hidden_target;Stopped;1210955;-4050;-5424;13819;11161
8;L2_hidden_target;Stopped;1210969;-4050;-5424;13819;11161
8;L2_hidden_target;Stopped;1210985;-4050;-5424;13819;11161
8;L2_hidden_target;Stopped;1210998;-4050;-5424;13819;11161
8;L2_hidden_target;Stopped;1211009;-4050;-5424;13819;11161
8;L2_hidden_target;Stopped;1211022;-4050;-5424;13819;11161
8;L2_hidden_target;Stopped;1211035;-4050;-5424;13819;11161
8;L2_hidden_target;Stopped;1211048;-4050;-5424;13819;11161
8;L2_hidden_target;Stopped;1211062;-4050;-5424;13819;11161
8;L2_hidden_target;Stopped;1211075;-4050;-5424;13819;11161
8;L2_hidden_target;Stopped;1211088;-4050;-5424;13819;11161
8;L2_hidden_target;Stopped;1211102;-4050;-5424;13819;11161
8;L2_hidden_target;End;1225842;-4050;-5424;13819;11161
9;M3_cued_target;Begin;1225842;-7000;6999;0;0
9;M3_cued_target;Stopped;1372892;-3851;-5421;27045;12814
9;M3_cued_target;Stopped;1372905;-3851;-5421;27045;12814
9;M3_cued_target;Stopped;1372919;-3851;-5421;27045;12814
9;M3_cued_target;Stopped;1372932;-3851;-5421;27045;12814
9;M3_cued_target;Stopped;1372946;-3851;-5421;27045;12814
9;M3_cued_target;Stopped;1372959;-3851;-5421;27045;12814
9;M3_cued_target;Stopped;1372972;-3851;-5421;27045;12814
9;M3_cued_target;Stopped;1372986;-3851;-5421;27045;12814
9;M3_cued_target;Stopped;1372999;-3851;-5421;27045;12814
9;M3_cued_target;Stopped;1373012;-3851;-5421;27045;12814
9;M3_cued_target;Stopped;1373026;-3851;-5421;27045;12814
9;M3_cued_target;Stopped;1373039;-3851;-5421;27045;12814
9;M3_cued_target;Stopped;1373052;-3851;-5421;27045;12814
9;M3_cued_target;Stopped;1373065;-3851;-5421;27045;12814
9;M3_cued_target;End;1387913;-3851;-5421;27045;12814
10;L1_hidden_target;Begin;1387913;7000;7000;0;0
10;L1_hidden_target;Stopped;1490077;-4172;-5419;18093;16705
10;L1_hidden_target;Stopped;1490090;-4172;-5419;18093;16705
10;L1_hidden_target;Stopped;1490104;-4172;-5419;18093;16705
10;L1_hidden_target;Stopped;1490117;-4172;-5419;18093;16705
10;L1_hidden_target;Stopped;1490131;-4172;-5419;18093;16705
10;L1_hidden_target;Stopped;1490144;-4172;-5419;18093;16705
10;L1_hidden_target;Stopped;1490157;-4172;-5419;18093;16705
10;L1_hidden_target;Stopped;1490171;-4172;-5419;18093;16705
10;L1_hidden_target;Stopped;1490184;-4172;-5419;18093;16705
10;L1_hidden_target;Stopped;1490197;-4172;-5419;18093;16705
10;L1_hidden_target;Stopped;1490211;-4172;-5419;18093;16705
10;L1_hidden_target;Stopped;1490224;-4172;-5419;18093;16705
10;L1_hidden_target;Stopped;1490237;-4172;-5419;18093;16705
10;L1_hidden_target;Stopped;1490250;-4172;-5419;18093;16705
10;L1_hidden_target;Stopped;1490263;-4172;-5419;18093;16705
10;L1_hidden_target;Stopped;1490277;-4172;-5419;18093;16705
10;L1_hidden_target;End;1505099;-4172;-5419;18093;16705
11;M2_cued_target;Begin;1505099;7000;-7000;0;0
11;M2_cued_target;Stopped;1563342;-3682;-6168;10721;10715
11;M2_cued_target;Stopped;1563359;-3682;-6168;10721;10715
11;M2_cued_target;Stopped;1563372;-3682;-6168;10721;10715
11;M2_cued_target;Stopped;1563382;-3682;-6168;10721;10715
11;M2_cued_target;Stopped;1563395;-3682;-6168;10721;10715
11;M2_cued_target;Stopped;1563409;-3682;-6168;10721;10715
11;M2_cued_target;Stopped;1563422;-3682;-6168;10721;10715
11;M2_cued_target;Stopped;1563435;-3682;-6168;10721;10715
11;M2_cued_target;Stopped;1563448;-3682;-6168;10721;10715
11;M2_cued_target;Stopped;1563462;-3682;-6168;10721;10715
11;M2_cued_target;Stopped;1563488;-3682;-6168;10721;10715
11;M2_cued_target;Stopped;1563502;-3682;-6168;10721;10715
11;M2_cued_target;Stopped;1563515;-3682;-6168;10721;10715
11;M2_cued_target;Stopped;1563528;-3682;-6168;10721;10715
11;M2_cued_target;Stopped;1563542;-3682;-6168;10721;10715
11;M2_cued_target;Stopped;1563555;-3682;-6168;10721;10715
11;M2_cued_target;End;1578363;-3682;-6168;10721;10715
12;L3_hidden_target;Begin;1578363;-7000;7000;0;0
12;L3_hidden_target;Stopped;1728494;-4967;-5549;21893;12713
12;L3_hidden_target;Stopped;1728507;-4967;-5549;21893;12713
12;L3_hidden_target;Stopped;1728520;-4967;-5549;21893;12713
12;L3_hidden_target;Stopped;1728534;-4967;-5549;21893;12713
12;L3_hidden_target;Stopped;1728547;-4967;-5549;21893;12713
12;L3_hidden_target;Stopped;1728560;-4967;-5549;21893;12713
12;L3_hidden_target;Stopped;1728574;-4967;-5549;21893;12713
12;L3_hidden_target;Stopped;1728587;-4967;-5549;21893;12713
12;L3_hidden_target;Stopped;1728600;-4967;-5549;21893;12713
12;L3_hidden_target;Stopped;1728613;-4967;-5549;21893;12713
12;L3_hidden_target;Stopped;1728627;-4967;-5549;21893;12713
12;L3_hidden_target;Stopped;1728640;-4967;-5549;21893;12713
12;L3_hidden_target;Stopped;1728653;-4967;-5549;21893;12713
12;L3_hidden_target;Stopped;1728667;-4967;-5549;21893;12713
12;L3_hidden_target;Stopped;1728680;-4967;-5549;21893;12713
12;L3_hidden_target;Stopped;1728693;-4967;-5549;21893;12713
12;L3_hidden_target;Stopped;1728707;-4967;-5549;21893;12713
12;L3_hidden_target;Stopped;1728720;-4967;-5549;21893;12713
12;L3_hidden_target;Stopped;1728733;-4967;-5549;21893;12713
12;L3_hidden_target;End;1743515;-4967;-5549;21893;12713
13;M3_cued_target;Begin;1743515;-7000;6999;0;0
13;M3_cued_target;Stopped;1815660;-4696;-5419;13356;12631
13;M3_cued_target;Stopped;1815674;-4696;-5419;13356;12631
13;M3_cued_target;Stopped;1815687;-4696;-5419;13356;12631
13;M3_cued_target;Stopped;1815701;-4696;-5419;13356;12631
13;M3_cued_target;Stopped;1815714;-4696;-5419;13356;12631
13;M3_cued_target;Stopped;1815727;-4696;-5419;13356;12631
13;M3_cued_target;Stopped;1815740;-4696;-5419;13356;12631
13;M3_cued_target;Stopped;1815754;-4696;-5419;13356;12631
13;M3_cued_target;Stopped;1815767;-4696;-5419;13356;12631
13;M3_cued_target;Stopped;1815781;-4696;-5419;13356;12631
13;M3_cued_target;Stopped;1815794;-4696;-5419;13356;12631
13;M3_cued_target;Stopped;1815807;-4696;-5419;13356;12631
13;M3_cued_target;Stopped;1815820;-4696;-5419;13356;12631
13;M3_cued_target;Stopped;1815834;-4696;-5419;13356;12631
13;M3_cued_target;Stopped;1815847;-4696;-5419;13356;12631
13;M3_cued_target;Stopped;1815860;-4696;-5419;13356;12631
13;M3_cued_target;Stopped;1815874;-4696;-5419;13356;12631
13;M3_cued_target;Stopped;1815891;-4696;-5419;13356;12631
13;M3_cued_target;End;1830683;-4696;-5419;13356;12631
14;L2_hidden_target;Begin;1830683;7000;-7000;0;0
14;L2_hidden_target;Stopped;1913494;-3719;-5423;14158;10834
14;L2_hidden_target;Stopped;1913507;-3719;-5423;14158;10834
14;L2_hidden_target;Stopped;1913524;-3719;-5423;14158;10834
14;L2_hidden_target;Stopped;1913537;-3719;-5423;14158;10834
14;L2_hidden_target;Stopped;1913550;-3719;-5423;14158;10834
14;L2_hidden_target;Stopped;1913562;-3719;-5423;14158;10834
14;L2_hidden_target;Stopped;1913573;-3719;-5423;14158;10834
14;L2_hidden_target;Stopped;1913586;-3719;-5423;14158;10834
14;L2_hidden_target;Stopped;1913604;-3719;-5423;14158;10834
14;L2_hidden_target;Stopped;1913618;-3719;-5423;14158;10834
14;L2_hidden_target;Stopped;1913627;-3719;-5423;14158;10834
14;L2_hidden_target;Stopped;1913640;-3719;-5423;14158;10834
14;L2_hidden_target;Stopped;1913654;-3719;-5423;14158;10834
14;L2_hidden_target;Stopped;1913667;-3719;-5423;14158;10834
14;L2_hidden_target;Stopped;1913680;-3719;-5423;14158;10834
14;L2_hidden_target;End;1928513;-3719;-5423;14158;10834
15;M1_cued_target;Begin;1928513;7000;7000;0;0
15;M1_cued_target;Stopped;2029968;-4256;-5419;19646;16761
15;M1_cued_target;Stopped;2029981;-4256;-5419;19646;16761
15;M1_cued_target;Stopped;2029995;-4256;-5419;19646;16761
15;M1_cued_target;Stopped;2030008;-4256;-5419;19646;16761
15;M1_cued_target;Stopped;2030021;-4256;-5419;19646;16761
15;M1_cued_target;Stopped;2030035;-4256;-5419;19646;16761
15;M1_cued_target;Stopped;2030048;-4256;-5419;19646;16761
15;M1_cued_target;Stopped;2030061;-4256;-5419;19646;16761
15;M1_cued_target;Stopped;2030076;-4256;-5419;19646;16761
15;M1_cued_target;Stopped;2030093;-4256;-5419;19646;16761
15;M1_cued_target;Stopped;2030106;-4256;-5419;19646;16761
15;M1_cued_target;Stopped;2030116;-4256;-5419;19646;16761
15;M1_cued_target;Stopped;2030129;-4256;-5419;19646;16761
15;M1_cued_target;Stopped;2030142;-4256;-5419;19646;16761
15;M1_cued_target;Stopped;2030156;-4256;-5419;19646;16761
15;M1_cued_target;End;2044989;-4256;-5419;19646;16761
16;L3_hidden_target;Begin;2044989;-7000;7000;0;0
16;L3_hidden_target;Stopped;2119655;-4961;-5514;13693;12679
16;L3_hidden_target;Stopped;2119668;-4961;-5514;13693;12679
16;L3_hidden_target;Stopped;2119682;-4961;-5514;13693;12679
16;L3_hidden_target;Stopped;2119695;-4961;-5514;13693;12679
16;L3_hidden_target;Stopped;2119708;-4961;-5514;13693;12679
16;L3_hidden_target;Stopped;2119721;-4961;-5514;13693;12679
16;L3_hidden_target;Stopped;2119735;-4961;-5514;13693;12679
16;L3_hidden_target;Stopped;2119748;-4961;-5514;13693;12679
16;L3_hidden_target;Stopped;2119766;-4961;-5514;13693;12679
16;L3_hidden_target;Stopped;2119779;-4961;-5514;13693;12679
16;L3_hidden_target;Stopped;2119789;-4961;-5514;13693;12679
16;L3_hidden_target;Stopped;2119802;-4961;-5514;13693;12679
16;L3_hidden_target;Stopped;2119820;-4961;-5514;13693;12679
16;L3_hidden_target;Stopped;2119834;-4961;-5514;13693;12679
16;L3_hidden_target;Stopped;2119842;-4961;-5514;13693;12679
16;L3_hidden_target;Stopped;2119855;-4961;-5514;13693;12679
16;L3_hidden_target;End;2134677;-4961;-5514;13693;12679
16;L3_hidden_target;Begin;2134677;-4961;-5514;13693;12679
16;L3_hidden_target;End;2154695;-4961;-5514;13693;12679
16;L3_hidden_target;Begin;2154695;-4961;-5514;13693;12679
