1;M3_cued_target;Stopped;121957;-4584;-5421;14293;12654
1;M3_cued_target;Stopped;121970;-4584;-5421;14293;12654
1;M3_cued_target;Stopped;121984;-4584;-5421;14293;12654
1;M3_cued_target;Stopped;121997;-4584;-5421;14293;12654
1;M3_cued_target;Stopped;122010;-4584;-5421;14293;12654
1;M3_cued_target;Stopped;122023;-4584;-5421;14293;12654
1;M3_cued_target;Stopped;122036;-4584;-5421;14293;12654
1;M3_cued_target;Stopped;122050;-4584;-5421;14293;12654
1;M3_cued_target;Stopped;122063;-4584;-5421;14293;12654
1;M3_cued_target;Stopped;122076;-4584;-5421;14293;12654
1;M3_cued_target;Stopped;122090;-4584;-5421;14293;12654
1;M3_cued_target;Stopped;122104;-4584;-5421;14293;12654
1;M3_cued_target;Stopped;122117;-4584;-5421;14293;12654
1;M3_cued_target;Stopped;122130;-4584;-5421;14293;12654
1;M3_cued_target;Stopped;122143;-4584;-5421;14293;12654
1;M3_cued_target;Stopped;122157;-4584;-5421;14293;12654
1;M3_cued_target;Stopped;122170;-4584;-5421;14293;12654
1;M3_cued_target;Stopped;122183;-4584;-5421;14293;12654
1;M3_cued_target;Stopped;122197;-4584;-5421;14293;12654
1;M3_cued_target;Stopped;122210;-4584;-5421;14293;12654
1;M3_cued_target;Stopped;122223;-4584;-5421;14293;12654
1;M3_cued_target;Stopped;122237;-4584;-5421;14293;12654
1;M3_cued_target;Stopped;122250;-4584;-5421;14293;12654
1;M3_cued_target;Stopped;122263;-4584;-5421;14293;12654
1;M3_cued_target;Stopped;122276;-4584;-5421;14293;12654
1;M3_cued_target;Stopped;122290;-4584;-5421;14293;12654
1;M3_cued_target;Stopped;122303;-4584;-5421;14293;12654
1;M3_cued_target;Stopped;122316;-4584;-5421;14293;12654
1;M3_cued_target;Stopped;122330;-4584;-5421;14293;12654
1;M3_cued_target;Stopped;122348;-4584;-5421;14293;12654
1;M3_cued_target;End;136978;-4584;-5421;14293;12654
2;L1_hidden_target;Begin;136978;7000;6999;0;0
2;L1_hidden_target;Stopped;302157;-4577;-5421;26874;16980
2;L1_hidden_target;Stopped;302170;-4577;-5421;26874;16980
2;L1_hidden_target;Stopped;302184;-4577;-5421;26874;16980
2;L1_hidden_target;Stopped;302197;-4577;-5421;26874;16980
2;L1_hidden_target;Stopped;302210;-4577;-5421;26874;16980
2;L1_hidden_target;Stopped;302223;-4577;-5421;26874;16980
2;L1_hidden_target;Stopped;302236;-4577;-5421;26874;16980
2;L1_hidden_target;Stopped;302250;-4577;-5421;26874;16980
2;L1_hidden_target;Stopped;302263;-4577;-5421;26874;16980
2;L1_hidden_target;Stopped;302276;-4577;-5421;26874;16980
2;L1_hidden_target;Stopped;302290;-4577;-5421;26874;16980
2;L1_hidden_target;Stopped;302303;-4577;-5421;26874;16980
2;L1_hidden_target;Stopped;302316;-4577;-5421;26874;16980
2;L1_hidden_target;Stopped;302330;-4577;-5421;26874;16980
2;L1_hidden_target;Stopped;302343;-4577;-5421;26874;16980
2;L1_hidden_target;Stopped;302357;-4577;-5421;26874;16980
2;L1_hidden_target;Stopped;302370;-4577;-5421;26874;16980
2;L1_hidden_target;Stopped;302383;-4577;-5421;26874;16980
2;L1_hidden_target;Stopped;302397;-4577;-5421;26874;16980
2;L1_hidden_target;Stopped;302410;-4577;-5421;26874;16980
2;L1_hidden_target;Stopped;302423;-4577;-5421;26874;16980
2;L1_hidden_target;Stopped;302436;-4577;-5421;26874;16980
2;L1_hidden_target;Stopped;302450;-4577;-5421;26874;16980
2;L1_hidden_target;Stopped;302463;-4577;-5421;26874;16980
2;L1_hidden_target;Stopped;302477;-4577;-5421;26874;16980
2;L1_hidden_target;Stopped;302490;-4577;-5421;26874;16980
2;L1_hidden_target;End;317182;-4577;-5421;26874;16980
3;M1_cued_target;Begin;317182;7000;7000;0;0
3;M1_cued_target;Stopped;472814;-3954;-5421;23553;16561
3;M1_cued_target;Stopped;472827;-3954;-5421;23553;16561
3;M1_cued_target;Stopped;472844;-3954;-5421;23553;16561
3;M1_cued_target;Stopped;472858;-3954;-5421;23553;16561
3;M1_cued_target;Stopped;472871;-3954;-5421;23553;16561
3;M1_cued_target;Stopped;472884;-3954;-5421;23553;16561
3;M1_cued_target;Stopped;472894;-3954;-5421;23553;16561
3;M1_cued_target;Stopped;472907;-3954;-5421;23553;16561
3;M1_cued_target;Stopped;472920;-3954;-5421;23553;16561
3;M1_cued_target;Stopped;472933;-3954;-5421;23553;16561
3;M1_cued_target;Stopped;472947;-3954;-5421;23553;16561
3;M1_cued_target;Stopped;472960;-3954;-5421;23553;16561
3;M1_cued_target;Stopped;472973;-3954;-5421;23553;16561
3;M1_cued_target;Stopped;472987;-3954;-5421;23553;16561
3;M1_cued_target;Stopped;473004;-3954;-5421;23553;16561
3;M1_cued_target;Stopped;473018;-3954;-5421;23553;16561
3;M1_cued_target;Stopped;473031;-3954;-5421;23553;16561
3;M1_cued_target;Stopped;473040;-3954;-5421;23553;16561
3;M1_cued_target;Stopped;473058;-3954;-5421;23553;16561
3;M1_cued_target;Stopped;473068;-3954;-5421;23553;16561
3;M1_cued_target;Stopped;473081;-3954;-5421;23553;16561
3;M1_cued_target;Stopped;473094;-3954;-5421;23553;16561
3;M1_cued_target;Stopped;473107;-3954;-5421;23553;16561
3;M1_cued_target;Stopped;473120;-3954;-5421;23553;16561
3;M1_cued_target;Stopped;473133;-3954;-5421;23553;16561
3;M1_cued_target;Stopped;473147;-3954;-5421;23553;16561
3;M1_cued_target;Stopped;473160;-3954;-5421;23553;16561
3;M1_cued_target;Stopped;473173;-3954;-5421;23553;16561
3;M1_cued_target;Stopped;473187;-3954;-5421;23553;16561
3;M1_cued_target;Stopped;473200;-3954;-5421;23553;16561
3;M1_cued_target;Stopped;473213;-3954;-5421;23553;16561
3;M1_cued_target;Stopped;473230;-3954;-5421;23553;16561
3;M1_cued_target;Stopped;473244;-3954;-5421;23553;16561
3;M1_cued_target;Stopped;473255;-3954;-5421;23553;16561
3;M1_cued_target;Stopped;473268;-3954;-5421;23553;16561
3;M1_cued_target;Stopped;473280;-3954;-5421;23553;16561
3;M1_cued_target;Stopped;473293;-3954;-5421;23553;16561
3;M1_cued_target;Stopped;473307;-3954;-5421;23553;16561
3;M1_cued_target;Stopped;473320;-3954;-5421;23553;16561
3;M1_cued_target;Stopped;473333;-3954;-5421;23553;16561
3;M1_cued_target;Stopped;473347;-3954;-5421;23553;16561
3;M1_cued_target;Stopped;473360;-3954;-5421;23553;16561
3;M1_cued_target;Stopped;473373;-3954;-5421;23553;16561
3;M1_cued_target;Stopped;473387;-3954;-5421;23553;16561
3;M1_cued_target;Stopped;473400;-3954;-5421;23553;16561
3;M1_cued_target;Stopped;473413;-3954;-5421;23553;16561
3;M1_cued_target;End;487835;-3954;-5421;23553;16561
4;L2_hidden_target;Begin;487835;6999;-7000;0;0
4;L2_hidden_target;Stopped;571897;-3685;-6502;11675;10696
4;L2_hidden_target;Stopped;571911;-3685;-6502;11675;10696
4;L2_hidden_target;Stopped;571924;-3685;-6502;11675;10696
4;L2_hidden_target;Stopped;571941;-3685;-6502;11675;10696
4;L2_hidden_target;Stopped;571954;-3685;-6502;11675;10696
4;L2_hidden_target;Stopped;571968;-3685;-6502;11675;10696
4;L2_hidden_target;Stopped;571983;-3685;-6502;11675;10696
4;L2_hidden_target;Stopped;571996;-3685;-6502;11675;10696
4;L2_hidden_target;Stopped;572006;-3685;-6502;11675;10696
4;L2_hidden_target;Stopped;572021;-3685;-6502;11675;10696
4;L2_hidden_target;Stopped;572034;-3685;-6502;11675;10696
4;L2_hidden_target;Stopped;572044;-3685;-6502;11675;10696
4;L2_hidden_target;Stopped;572057;-3685;-6502;11675;10696
4;L2_hidden_target;Stopped;572070;-3685;-6502;11675;10696
4;L2_hidden_target;Stopped;572083;-3685;-6502;11675;10696
4;L2_hidden_target;Stopped;572097;-3685;-6502;11675;10696
4;L2_hidden_target;Stopped;572110;-3685;-6502;11675;10696
4;L2_hidden_target;End;586919;-3685;-6502;11675;10696
5;M2_cued_target;Begin;586919;6999;-7000;0;0
5;M2_cued_target;Stopped;751084;-3838;-5423;25487;10952
5;M2_cued_target;Stopped;751097;-3838;-5423;25487;10952
5;M2_cued_target;Stopped;751111;-3838;-5423;25487;10952
5;M2_cued_target;Stopped;751124;-3838;-5423;25487;10952
5;M2_cued_target;Stopped;751137;-3838;-5423;25487;10952
5;M2_cued_target;Stopped;751151;-3838;-5423;25487;10952
5;M2_cued_target;Stopped;751164;-3838;-5423;25487;10952
5;M2_cued_target;Stopped;751177;-3838;-5423;25487;10952
5;M2_cued_target;Stopped;751191;-3838;-5423;25487;10952
5;M2_cued_target;Stopped;751204;-3838;-5423;25487;10952
5;M2_cued_target;Stopped;751217;-3838;-5423;25487;10952
5;M2_cued_target;Stopped;751231;-3838;-5423;25487;10952
5;M2_cued_target;Stopped;751244;-3838;-5423;25487;10952
5;M2_cued_target;Stopped;751257;-3838;-5423;25487;10952
5;M2_cued_target;Stopped;751271;-3838;-5423;25487;10952
5;M2_cued_target;Stopped;751284;-3838;-5423;25487;10952
5;M2_cued_target;Stopped;751297;-3838;-5423;25487;10952
5;M2_cued_target;Stopped;751310;-3838;-5423;25487;10952
5;M2_cued_target;End;766105;-3838;-5423;25487;10952
6;L3_hidden_target;Begin;766105;-7000;7000;0;0
6;L3_hidden_target;End;901136;-4944;-6694;17491;13848
7;M1_cued_target;Begin;901136;6999;7000;0;0
7;M1_cued_target;Stopped;1015560;-3686;-5640;18801;16552
7;M1_cued_target;Stopped;1015573;-3686;-5640;18801;16552
7;M1_cued_target;Stopped;1015586;-3686;-5640;18801;16552
7;M1_cued_target;Stopped;1015600;-3686;-5640;18801;16552
7;M1_cued_target;Stopped;1015613;-3686;-5640;18801;16552
7;M1_cued_target;Stopped;1015627;-3686;-5640;18801;16552
7;M1_cued_target;Stopped;1015640;-3686;-5640;18801;16552
7;M1_cued_target;Stopped;1015653;-3686;-5640;18801;16552
7;M1_cued_target;Stopped;1015666;-3686;-5640;18801;16552
7;M1_cued_target;Stopped;1015679;-3686;-5640;18801;16552
7;M1_cued_target;Stopped;1015693;-3686;-5640;18801;16552
7;M1_cued_target;Stopped;1015706;-3686;-5640;18801;16552
7;M1_cued_target;Stopped;1015719;-3686;-5640;18801;16552
7;M1_cued_target;Stopped;1015733;-3686;-5640;18801;16552
7;M1_cued_target;Stopped;1015749;-3686;-5640;18801;16552
7;M1_cued_target;Stopped;1015762;-3686;-5640;18801;16552
7;M1_cued_target;Stopped;1015775;-3686;-5640;18801;16552
7;M1_cued_target;Stopped;1015787;-3686;-5640;18801;16552
7;M1_cued_target;Stopped;1015800;-3686;-5640;18801;16552
7;M1_cued_target;Stopped;1015813;-3686;-5640;18801;16552
7;M1_cued_target;Stopped;1015826;-3686;-5640;18801;16552
7;M1_cued_target;Stopped;1015840;-3686;-5640;18801;16552
7;M1_cued_target;Stopped;1015853;-3686;-5640;18801;16552
7;M1_cued_target;Stopped;1015866;-3686;-5640;18801;16552
7;M1_cued_target;Stopped;1015879;-3686;-5640;18801;16552
7;M1_cued_target;Stopped;1015893;-3686;-5640;18801;16552
7;M1_cued_target;Stopped;1015906;-3686;-5640;18801;16552
7;M1_cued_target;End;1030581;-3686;-5640;18801;16552
8;L2_hidden_target;Begin;1030581;7000;-7000;0;0
8;L2_hidden_target;Stopped;1109446;-1960;-4094;10960;9419
8;L2_hidden_target;Stopped;1109459;-1960;-4094;10960;9419
8;L2_hidden_target;Stopped;1109472;-1960;-4094;10960;9419
8;L2_hidden_target;Stopped;1109512;-1960;-4094;10960;9419
8;L2_hidden_target;Stopped;1109526;-1960;-4094;10960;9419
8;L2_hidden_target;Stopped;1109539;-1960;-4094;10960;9419
8;L2_hidden_target;Stopped;1109552;-1960;-4094;10960;9419
8;L2_hidden_target;Stopped;1109566;-1960;-4094;10960;9419
8;L2_hidden_target;Stopped;1109579;-1960;-4094;10960;9419
8;L2_hidden_target;Stopped;1109592;-1960;-4094;10960;9419
8;L2_hidden_target;Stopped;1109606;-1960;-4094;10960;9419
8;L2_hidden_target;Stopped;1109619;-1960;-4094;10960;9419
8;L2_hidden_target;Stopped;1109632;-1960;-4094;10960;9419
8;L2_hidden_target;Stopped;1109646;-1960;-4094;10960;9419
8;L2_hidden_target;Stopped;1109659;-1960;-4094;10960;9419
8;L2_hidden_target;Stopped;1109672;-1960;-4094;10960;9419
8;L2_hidden_target;Stopped;1109686;-1960;-4094;10960;9419
8;L2_hidden_target;End;1124466;-1960;-4094;10960;9419
9;M3_cued_target;Begin;1124466;-7000;7000;0;0
9;M3_cued_target;Stopped;1206796;-4429;-5418;13548;12681
9;M3_cued_target;Stopped;1206810;-4429;-5418;13548;12681
9;M3_cued_target;Stopped;1206823;-4429;-5418;13548;12681
9;M3_cued_target;Stopped;1206836;-4429;-5418;13548;12681
9;M3_cued_target;Stopped;1206850;-4429;-5418;13548;12681
9;M3_cued_target;Stopped;1206863;-4429;-5418;13548;12681
9;M3_cued_target;Stopped;1206876;-4429;-5418;13548;12681
9;M3_cued_target;Stopped;1206889;-4429;-5418;13548;12681
9;M3_cued_target;Stopped;1206902;-4429;-5418;13548;12681
9;M3_cued_target;Stopped;1206916;-4429;-5418;13548;12681
9;M3_cued_target;Stopped;1206930;-4429;-5418;13548;12681
9;M3_cued_target;Stopped;1206943;-4429;-5418;13548;12681
9;M3_cued_target;Stopped;1206956;-4429;-5418;13548;12681
9;M3_cued_target;End;1221817;-4429;-5418;13548;12681
10;L1_hidden_target;Begin;1221817;7000;7000;0;0
10;L1_hidden_target;Stopped;1318569;-619;-2649;14719;12295
10;L1_hidden_target;Stopped;1318582;-619;-2649;14719;12295
10;L1_hidden_target;Stopped;1318596;-619;-2649;14719;12295
10;L1_hidden_target;Stopped;1318608;-619;-2649;14719;12295
10;L1_hidden_target;Stopped;1318622;-619;-2649;14719;12295
10;L1_hidden_target;Stopped;1318635;-619;-2649;14719;12295
10;L1_hidden_target;Stopped;1318648;-619;-2649;14719;12295
10;L1_hidden_target;Stopped;1318665;-619;-2649;14719;12295
10;L1_hidden_target;Stopped;1318678;-619;-2649;14719;12295
10;L1_hidden_target;Stopped;1318691;-619;-2649;14719;12295
10;L1_hidden_target;End;1333591;-619;-2649;14719;12295
11;M2_cued_target;Begin;1333591;7000;-7000;0;0
11;M2_cued_target;Stopped;1390608;-3682;-6383;10986;10700
11;M2_cued_target;Stopped;1390621;-3682;-6383;10986;10700
11;M2_cued_target;Stopped;1390635;-3682;-6383;10986;10700
11;M2_cued_target;Stopped;1390648;-3682;-6383;10986;10700
11;M2_cued_target;Stopped;1390661;-3682;-6383;10986;10700
11;M2_cued_target;Stopped;1390674;-3682;-6383;10986;10700
11;M2_cued_target;Stopped;1390688;-3682;-6383;10986;10700
11;M2_cued_target;Stopped;1390701;-3682;-6383;10986;10700
11;M2_cued_target;Stopped;1390714;-3682;-6383;10986;10700
11;M2_cued_target;Stopped;1390732;-3682;-6383;10986;10700
11;M2_cued_target;Stopped;1390746;-3682;-6383;10986;10700
11;M2_cued_target;End;1405629;-3682;-6383;10986;10700
12;L3_hidden_target;Begin;1405629;-7000;6999;0;0
12;L3_hidden_target;Stopped;1482548;-4968;-6071;14085;13228
12;L3_hidden_target;Stopped;1482562;-4968;-6071;14085;13228
12;L3_hidden_target;Stopped;1482580;-4968;-6071;14085;13228
12;L3_hidden_target;Stopped;1482591;-4968;-6071;14085;13228
12;L3_hidden_target;Stopped;1482602;-4968;-6071;14085;13228
12;L3_hidden_target;Stopped;1482615;-4968;-6071;14085;13228
12;L3_hidden_target;Stopped;1482629;-4968;-6071;14085;13228
12;L3_hidden_target;Stopped;1482644;-4968;-6071;14085;13228
12;L3_hidden_target;Stopped;1482657;-4968;-6071;14085;13228
12;L3_hidden_target;Stopped;1482670;-4968;-6071;14085;13228
12;L3_hidden_target;Stopped;1482681;-4968;-6071;14085;13228
12;L3_hidden_target;Stopped;1482695;-4968;-6071;14085;13228
12;L3_hidden_target;End;1497570;-4968;-6071;14085;13228
13;M3_cued_target;Begin;1497570;-7000;7000;0;0
13;M3_cued_target;Stopped;1600823;-3947;-5423;21176;12792
13;M3_cued_target;Stopped;1600837;-3947;-5423;21176;12792
13;M3_cued_target;Stopped;1600850;-3947;-5423;21176;12792
13;M3_cued_target;Stopped;1600863;-3947;-5423;21176;12792
13;M3_cued_target;Stopped;1600876;-3947;-5423;21176;12792
13;M3_cued_target;Stopped;1600890;-3947;-5423;21176;12792
13;M3_cued_target;Stopped;1600903;-3947;-5423;21176;12792
13;M3_cued_target;Stopped;1600917;-3947;-5423;21176;12792
13;M3_cued_target;Stopped;1600930;-3947;-5423;21176;12792
13;M3_cued_target;Stopped;1600943;-3947;-5423;21176;12792
13;M3_cued_target;Stopped;1600957;-3947;-5423;21176;12792
13;M3_cued_target;Stopped;1600970;-3947;-5423;21176;12792
13;M3_cued_target;End;1615844;-3947;-5423;21176;12792
14;L2_hidden_target;Begin;1615844;7000;-7000;0;0
14;L2_hidden_target;Stopped;1707972;-3686;-5660;18310;10770
14;L2_hidden_target;Stopped;1707985;-3686;-5660;18310;10770
14;L2_hidden_target;Stopped;1707998;-3686;-5660;18310;10770
14;L2_hidden_target;Stopped;1708012;-3686;-5660;18310;10770
14;L2_hidden_target;Stopped;1708025;-3686;-5660;18310;10770
14;L2_hidden_target;Stopped;1708038;-3686;-5660;18310;10770
14;L2_hidden_target;Stopped;1708052;-3686;-5660;18310;10770
14;L2_hidden_target;Stopped;1708065;-3686;-5660;18310;10770
14;L2_hidden_target;Stopped;1708079;-3686;-5660;18310;10770
14;L2_hidden_target;Stopped;1708097;-3686;-5660;18310;10770
14;L2_hidden_target;Stopped;1708110;-3686;-5660;18310;10770
14;L2_hidden_target;Stopped;1708119;-3686;-5660;18310;10770
14;L2_hidden_target;Stopped;1708136;-3686;-5660;18310;10770
14;L2_hidden_target;Stopped;1708148;-3686;-5660;18310;10770
14;L2_hidden_target;Stopped;1708159;-3686;-5660;18310;10770
14;L2_hidden_target;Stopped;1708173;-3686;-5660;18310;10770
14;L2_hidden_target;Stopped;1708185;-3686;-5660;18310;10770
14;L2_hidden_target;End;1722992;-3686;-5660;18310;10770
15;M1_cued_target;Begin;1722992;7000;7000;0;0
15;M1_cued_target;Stopped;1824554;-3686;-5602;19949;16523
15;M1_cued_target;Stopped;1824567;-3686;-5602;19949;16523
15;M1_cued_target;Stopped;1824581;-3686;-5602;19949;16523
15;M1_cued_target;Stopped;1824594;-3686;-5602;19949;16523
15;M1_cued_target;Stopped;1824608;-3686;-5602;19949;16523
15;M1_cued_target;Stopped;1824621;-3686;-5602;19949;16523
15;M1_cued_target;Stopped;1824634;-3686;-5602;19949;16523
15;M1_cued_target;Stopped;1824647;-3686;-5602;19949;16523
15;M1_cued_target;Stopped;1824661;-3686;-5602;19949;16523
15;M1_cued_target;Stopped;1824674;-3686;-5602;19949;16523
15;M1_cued_target;Stopped;1824687;-3686;-5602;19949;16523
15;M1_cued_target;Stopped;1824701;-3686;-5602;19949;16523
15;M1_cued_target;Stopped;1824714;-3686;-5602;19949;16523
15;M1_cued_target;Stopped;1824728;-3686;-5602;19949;16523
15;M1_cued_target;Stopped;1824741;-3686;-5602;19949;16523
15;M1_cued_target;Stopped;1824754;-3686;-5602;19949;16523
15;M1_cued_target;End;1839575;-3686;-5602;19949;16523
16;L3_hidden_target;Begin;1839575;-7000;6999;0;0
16;L3_hidden_target;Stopped;1946709;-4970;-5937;18456;13095
16;L3_hidden_target;Stopped;1946722;-4970;-5937;18456;13095
16;L3_hidden_target;Stopped;1946736;-4970;-5937;18456;13095
16;L3_hidden_target;Stopped;1946749;-4970;-5937;18456;13095
16;L3_hidden_target;Stopped;1946763;-4970;-5937;18456;13095
16;L3_hidden_target;Stopped;1946776;-4970;-5937;18456;13095
16;L3_hidden_target;Stopped;1946789;-4970;-5937;18456;13095
16;L3_hidden_target;Stopped;1946803;-4970;-5937;18456;13095
16;L3_hidden_target;Stopped;1946816;-4970;-5937;18456;13095
16;L3_hidden_target;Stopped;1946829;-4970;-5937;18456;13095
16;L3_hidden_target;Stopped;1946843;-4970;-5937;18456;13095
16;L3_hidden_target;Stopped;1946856;-4970;-5937;18456;13095
16;L3_hidden_target;Stopped;1946874;-4970;-5937;18456;13095
16;L3_hidden_target;End;1961730;-4970;-5937;18456;13095
16;L3_hidden_target;Begin;1961730;-4970;-5937;18456;13095
