1;M3_cued_target;Stopped;77030;-4625;-5416;13687;12641
1;M3_cued_target;Stopped;77046;-4625;-5416;13687;12641
1;M3_cued_target;Stopped;77060;-4625;-5416;13687;12641
1;M3_cued_target;Stopped;77073;-4625;-5416;13687;12641
1;M3_cued_target;Stopped;77083;-4625;-5416;13687;12641
1;M3_cued_target;Stopped;77097;-4625;-5416;13687;12641
1;M3_cued_target;Stopped;77110;-4625;-5416;13687;12641
1;M3_cued_target;Stopped;77123;-4625;-5416;13687;12641
1;M3_cued_target;Stopped;77136;-4625;-5416;13687;12641
1;M3_cued_target;Stopped;77150;-4625;-5416;13687;12641
1;M3_cued_target;Stopped;77163;-4625;-5416;13687;12641
1;M3_cued_target;Stopped;77177;-4625;-5416;13687;12641
1;M3_cued_target;Stopped;77190;-4625;-5416;13687;12641
1;M3_cued_target;Stopped;77203;-4625;-5416;13687;12641
1;M3_cued_target;Stopped;77216;-4625;-5416;13687;12641
1;M3_cued_target;Stopped;77230;-4625;-5416;13687;12641
1;M3_cued_target;Stopped;77243;-4625;-5416;13687;12641
1;M3_cued_target;Stopped;77256;-4625;-5416;13687;12641
1;M3_cued_target;Stopped;77270;-4625;-5416;13687;12641
1;M3_cued_target;Stopped;77283;-4625;-5416;13687;12641
1;M3_cued_target;Stopped;77296;-4625;-5416;13687;12641
1;M3_cued_target;Stopped;77310;-4625;-5416;13687;12641
1;M3_cued_target;Stopped;77323;-4625;-5416;13687;12641
1;M3_cued_target;Stopped;77336;-4625;-5416;13687;12641
1;M3_cued_target;End;80803;-4625;-5416;13687;12641
2;L1_hidden_target;Begin;80803;7000;7000;0;0
2;L1_hidden_target;Stopped;262922;-4772;-5422;35551;17114
2;L1_hidden_target;Stopped;262936;-4772;-5422;35551;17114
2;L1_hidden_target;Stopped;262949;-4772;-5422;35551;17114
2;L1_hidden_target;Stopped;262963;-4772;-5422;35551;17114
2;L1_hidden_target;Stopped;262976;-4772;-5422;35551;17114
2;L1_hidden_target;Stopped;262989;-4772;-5422;35551;17114
2;L1_hidden_target;Stopped;263002;-4772;-5422;35551;17114
2;L1_hidden_target;Stopped;263016;-4772;-5422;35551;17114
2;L1_hidden_target;Stopped;263029;-4772;-5422;35551;17114
2;L1_hidden_target;Stopped;263042;-4772;-5422;35551;17114
2;L1_hidden_target;Stopped;263056;-4772;-5422;35551;17114
2;L1_hidden_target;Stopped;263069;-4772;-5422;35551;17114
2;L1_hidden_target;Stopped;263082;-4772;-5422;35551;17114
2;L1_hidden_target;Stopped;263096;-4772;-5422;35551;17114
2;L1_hidden_target;Stopped;263109;-4772;-5422;35551;17114
2;L1_hidden_target;Stopped;263122;-4772;-5422;35551;17114
2;L1_hidden_target;Stopped;263136;-4772;-5422;35551;17114
2;L1_hidden_target;Stopped;263149;-4772;-5422;35551;17114
2;L1_hidden_target;End;277944;-4772;-5422;35551;17114
3;M1_cued_target;Begin;277944;7000;6999;0;0
3;M1_cued_target;Stopped;436660;-4309;-5419;29627;16797
3;M1_cued_target;Stopped;436673;-4309;-5419;29627;16797
3;M1_cued_target;Stopped;436686;-4309;-5419;29627;16797
3;M1_cued_target;Stopped;436699;-4309;-5419;29627;16797
3;M1_cued_target;Stopped;436712;-4309;-5419;29627;16797
3;M1_cued_target;Stopped;436726;-4309;-5419;29627;16797
3;M1_cued_target;Stopped;436739;-4309;-5419;29627;16797
3;M1_cued_target;Stopped;436752;-4309;-5419;29627;16797
3;M1_cued_target;Stopped;436770;-4309;-5419;29627;16797
3;M1_cued_target;Stopped;436784;-4309;-5419;29627;16797
3;M1_cued_target;Stopped;436797;-4309;-5419;29627;16797
3;M1_cued_target;Stopped;436807;-4309;-5419;29627;16797
3;M1_cued_target;Stopped;436820;-4309;-5419;29627;16797
3;M1_cued_target;Stopped;436833;-4309;-5419;29627;16797
3;M1_cued_target;Stopped;436846;-4309;-5419;29627;16797
3;M1_cued_target;Stopped;436860;-4309;-5419;29627;16797
3;M1_cued_target;Stopped;436873;-4309;-5419;29627;16797
3;M1_cued_target;Stopped;436890;-4309;-5419;29627;16797
3;M1_cued_target;Stopped;436903;-4309;-5419;29627;16797
3;M1_cued_target;Stopped;436916;-4309;-5419;29627;16797
3;M1_cued_target;End;451679;-4309;-5419;29627;16797
4;L2_hidden_target;Begin;451679;6999;-7000;0;0
4;L2_hidden_target;Stopped;613248;-4751;-5422;31082;11856
4;L2_hidden_target;Stopped;613262;-4751;-5422;31082;11856
4;L2_hidden_target;Stopped;613280;-4751;-5422;31082;11856
4;L2_hidden_target;Stopped;613290;-4751;-5422;31082;11856
4;L2_hidden_target;Stopped;613302;-4751;-5422;31082;11856
4;L2_hidden_target;Stopped;613315;-4751;-5422;31082;11856
4;L2_hidden_target;Stopped;613328;-4751;-5422;31082;11856
4;L2_hidden_target;Stopped;613342;-4751;-5422;31082;11856
4;L2_hidden_target;Stopped;613356;-4751;-5422;31082;11856
4;L2_hidden_target;Stopped;613369;-4751;-5422;31082;11856
4;L2_hidden_target;Stopped;613382;-4751;-5422;31082;11856
4;L2_hidden_target;Stopped;613395;-4751;-5422;31082;11856
4;L2_hidden_target;Stopped;613408;-4751;-5422;31082;11856
4;L2_hidden_target;Stopped;613422;-4751;-5422;31082;11856
4;L2_hidden_target;Stopped;613435;-4751;-5422;31082;11856
4;L2_hidden_target;Stopped;613449;-4751;-5422;31082;11856
4;L2_hidden_target;Stopped;613462;-4751;-5422;31082;11856
4;L2_hidden_target;Stopped;613475;-4751;-5422;31082;11856
4;L2_hidden_target;Stopped;613489;-4751;-5422;31082;11856
4;L2_hidden_target;End;628269;-4751;-5422;31082;11856
5;M2_cued_target;Begin;628269;6999;-7000;0;0
5;M2_cued_target;Stopped;690899;-3681;-5917;12462;10736
5;M2_cued_target;Stopped;690912;-3681;-5917;12462;10736
5;M2_cued_target;Stopped;690926;-3681;-5917;12462;10736
5;M2_cued_target;Stopped;690939;-3681;-5917;12462;10736
5;M2_cued_target;Stopped;690953;-3681;-5917;12462;10736
5;M2_cued_target;Stopped;690966;-3681;-5917;12462;10736
5;M2_cued_target;Stopped;690979;-3681;-5917;12462;10736
5;M2_cued_target;Stopped;690993;-3681;-5917;12462;10736
5;M2_cued_target;Stopped;691006;-3681;-5917;12462;10736
5;M2_cued_target;Stopped;691019;-3681;-5917;12462;10736
5;M2_cued_target;Stopped;691033;-3681;-5917;12462;10736
5;M2_cued_target;Stopped;691046;-3681;-5917;12462;10736
5;M2_cued_target;Stopped;691059;-3681;-5917;12462;10736
5;M2_cued_target;Stopped;691073;-3681;-5917;12462;10736
5;M2_cued_target;Stopped;691086;-3681;-5917;12462;10736
5;M2_cued_target;Stopped;691099;-3681;-5917;12462;10736
5;M2_cued_target;Stopped;691113;-3681;-5917;12462;10736
5;M2_cued_target;Stopped;691126;-3681;-5917;12462;10736
5;M2_cued_target;End;705921;-3681;-5917;12462;10736
6;L3_hidden_target;Begin;705921;-7000;7000;0;0
6;L3_hidden_target;Stopped;806086;-4507;-5419;16169;12667
6;L3_hidden_target;Stopped;806100;-4507;-5419;16169;12667
6;L3_hidden_target;Stopped;806113;-4507;-5419;16169;12667
6;L3_hidden_target;Stopped;806126;-4507;-5419;16169;12667
6;L3_hidden_target;Stopped;806140;-4507;-5419;16169;12667
6;L3_hidden_target;Stopped;806153;-4507;-5419;16169;12667
6;L3_hidden_target;Stopped;806166;-4507;-5419;16169;12667
6;L3_hidden_target;Stopped;806180;-4507;-5419;16169;12667
6;L3_hidden_target;Stopped;806193;-4507;-5419;16169;12667
6;L3_hidden_target;Stopped;806206;-4507;-5419;16169;12667
6;L3_hidden_target;Stopped;806219;-4507;-5419;16169;12667
6;L3_hidden_target;Stopped;806233;-4507;-5419;16169;12667
6;L3_hidden_target;Stopped;806246;-4507;-5419;16169;12667
6;L3_hidden_target;Stopped;806260;-4507;-5419;16169;12667
6;L3_hidden_target;Stopped;806277;-4507;-5419;16169;12667
6;L3_hidden_target;Stopped;806290;-4507;-5419;16169;12667
6;L3_hidden_target;Stopped;806304;-4507;-5419;16169;12667
6;L3_hidden_target;Stopped;806313;-4507;-5419;16169;12667
6;L3_hidden_target;Stopped;806326;-4507;-5419;16169;12667
6;L3_hidden_target;End;821107;-4507;-5419;16169;12667
7;M1_cued_target;Begin;821107;7000;6999;0;0
7;M1_cued_target;Stopped;921242;-3763;-5424;20525;16438
7;M1_cued_target;Stopped;921255;-3763;-5424;20525;16438
7;M1_cued_target;Stopped;921269;-3763;-5424;20525;16438
7;M1_cued_target;Stopped;921282;-3763;-5424;20525;16438
7;M1_cued_target;Stopped;921296;-3763;-5424;20525;16438
7;M1_cued_target;Stopped;921309;-3763;-5424;20525;16438
7;M1_cued_target;Stopped;921322;-3763;-5424;20525;16438
7;M1_cued_target;Stopped;921336;-3763;-5424;20525;16438
7;M1_cued_target;Stopped;921349;-3763;-5424;20525;16438
7;M1_cued_target;Stopped;921362;-3763;-5424;20525;16438
7;M1_cued_target;Stopped;921376;-3763;-5424;20525;16438
7;M1_cued_target;Stopped;921389;-3763;-5424;20525;16438
7;M1_cued_target;Stopped;921402;-3763;-5424;20525;16438
7;M1_cued_target;Stopped;921416;-3763;-5424;20525;16438
7;M1_cued_target;Stopped;921429;-3763;-5424;20525;16438
7;M1_cued_target;End;936263;-3763;-5424;20525;16438
8;L2_hidden_target;Begin;936263;7000;-7000;0;0
8;L2_hidden_target;Stopped;1044322;-3682;-6064;15762;10723
8;L2_hidden_target;Stopped;1044333;-3682;-6064;15762;10723
8;L2_hidden_target;Stopped;1044346;-3682;-6064;15762;10723
8;L2_hidden_target;Stopped;1044359;-3682;-6064;15762;10723
8;L2_hidden_target;Stopped;1044373;-3682;-6064;15762;10723
8;L2_hidden_target;Stopped;1044386;-3682;-6064;15762;10723
8;L2_hidden_target;Stopped;1044399;-3682;-6064;15762;10723
8;L2_hidden_target;Stopped;1044413;-3682;-6064;15762;10723
8;L2_hidden_target;Stopped;1044426;-3682;-6064;15762;10723
8;L2_hidden_target;Stopped;1044439;-3682;-6064;15762;10723
8;L2_hidden_target;Stopped;1044453;-3682;-6064;15762;10723
8;L2_hidden_target;Stopped;1044466;-3682;-6064;15762;10723
8;L2_hidden_target;Stopped;1044483;-3682;-6064;15762;10723
8;L2_hidden_target;End;1059345;-3682;-6064;15762;10723
9;M3_cued_target;Begin;1059345;-7000;7000;0;0
9;M3_cued_target;Stopped;1134564;-4218;-5416;15419;12724
9;M3_cued_target;Stopped;1134578;-4218;-5416;15419;12724
9;M3_cued_target;Stopped;1134591;-4218;-5416;15419;12724
9;M3_cued_target;Stopped;1134604;-4218;-5416;15419;12724
9;M3_cued_target;Stopped;1134618;-4218;-5416;15419;12724
9;M3_cued_target;Stopped;1134631;-4218;-5416;15419;12724
9;M3_cued_target;Stopped;1134644;-4218;-5416;15419;12724
9;M3_cued_target;Stopped;1134658;-4218;-5416;15419;12724
9;M3_cued_target;Stopped;1134671;-4218;-5416;15419;12724
9;M3_cued_target;Stopped;1134684;-4218;-5416;15419;12724
9;M3_cued_target;Stopped;1134698;-4218;-5416;15419;12724
9;M3_cued_target;Stopped;1134711;-4218;-5416;15419;12724
9;M3_cued_target;Stopped;1134724;-4218;-5416;15419;12724
9;M3_cued_target;Stopped;1134738;-4218;-5416;15419;12724
9;M3_cued_target;Stopped;1134751;-4218;-5416;15419;12724
9;M3_cued_target;Stopped;1134768;-4218;-5416;15419;12724
9;M3_cued_target;End;1149587;-4218;-5416;15419;12724
10;L1_hidden_target;Begin;1149587;7000;7000;0;0
10;L1_hidden_target;Stopped;1285872;-3685;-5859;24310;16719
10;L1_hidden_target;Stopped;1285886;-3685;-5859;24310;16719
10;L1_hidden_target;Stopped;1285899;-3685;-5859;24310;16719
10;L1_hidden_target;Stopped;1285912;-3685;-5859;24310;16719
10;L1_hidden_target;Stopped;1285925;-3685;-5859;24310;16719
10;L1_hidden_target;Stopped;1285942;-3685;-5859;24310;16719
10;L1_hidden_target;Stopped;1285955;-3685;-5859;24310;16719
10;L1_hidden_target;Stopped;1285968;-3685;-5859;24310;16719
10;L1_hidden_target;Stopped;1285979;-3685;-5859;24310;16719
10;L1_hidden_target;Stopped;1285992;-3685;-5859;24310;16719
10;L1_hidden_target;Stopped;1286005;-3685;-5859;24310;16719
10;L1_hidden_target;Stopped;1286018;-3685;-5859;24310;16719
10;L1_hidden_target;Stopped;1286031;-3685;-5859;24310;16719
10;L1_hidden_target;End;1300892;-3685;-5859;24310;16719
11;M2_cued_target;Begin;1300892;7000;-7000;0;0
11;M2_cued_target;Stopped;1370678;-3681;-5866;13288;10741
11;M2_cued_target;Stopped;1370692;-3681;-5866;13288;10741
11;M2_cued_target;Stopped;1370705;-3681;-5866;13288;10741
11;M2_cued_target;Stopped;1370719;-3681;-5866;13288;10741
11;M2_cued_target;Stopped;1370732;-3681;-5866;13288;10741
11;M2_cued_target;Stopped;1370745;-3681;-5866;13288;10741
11;M2_cued_target;Stopped;1370762;-3681;-5866;13288;10741
11;M2_cued_target;Stopped;1370776;-3681;-5866;13288;10741
11;M2_cued_target;Stopped;1370785;-3681;-5866;13288;10741
11;M2_cued_target;Stopped;1370799;-3681;-5866;13288;10741
11;M2_cued_target;Stopped;1370812;-3681;-5866;13288;10741
11;M2_cued_target;Stopped;1370825;-3681;-5866;13288;10741
11;M2_cued_target;Stopped;1370839;-3681;-5866;13288;10741
11;M2_cued_target;Stopped;1370852;-3681;-5866;13288;10741
11;M2_cued_target;Stopped;1370865;-3681;-5866;13288;10741
11;M2_cued_target;Stopped;1370879;-3681;-5866;13288;10741
11;M2_cued_target;Stopped;1370892;-3681;-5866;13288;10741
11;M2_cued_target;Stopped;1370905;-3681;-5866;13288;10741
11;M2_cued_target;Stopped;1370918;-3681;-5866;13288;10741
11;M2_cued_target;End;1385701;-3681;-5866;13288;10741
12;L3_hidden_target;Begin;1385701;-7000;7000;0;0
12;L3_hidden_target;Stopped;1519265;-4460;-5420;24532;12676
12;L3_hidden_target;Stopped;1519278;-4460;-5420;24532;12676
12;L3_hidden_target;Stopped;1519292;-4460;-5420;24532;12676
12;L3_hidden_target;Stopped;1519305;-4460;-5420;24532;12676
12;L3_hidden_target;Stopped;1519318;-4460;-5420;24532;12676
12;L3_hidden_target;Stopped;1519332;-4460;-5420;24532;12676
12;L3_hidden_target;Stopped;1519345;-4460;-5420;24532;12676
12;L3_hidden_target;Stopped;1519358;-4460;-5420;24532;12676
12;L3_hidden_target;Stopped;1519372;-4460;-5420;24532;12676
12;L3_hidden_target;Stopped;1519385;-4460;-5420;24532;12676
12;L3_hidden_target;Stopped;1519398;-4460;-5420;24532;12676
12;L3_hidden_target;Stopped;1519412;-4460;-5420;24532;12676
12;L3_hidden_target;Stopped;1519425;-4460;-5420;24532;12676
12;L3_hidden_target;Stopped;1519438;-4460;-5420;24532;12676
12;L3_hidden_target;Stopped;1519452;-4460;-5420;24532;12676
12;L3_hidden_target;Stopped;1519465;-4460;-5420;24532;12676
12;L3_hidden_target;End;1520719;-4460;-5420;24532;12676
13;M3_cued_target;Begin;1520719;-7000;6999;0;0
13;M3_cued_target;Stopped;1589212;-4470;-5418;14311;12673
13;M3_cued_target;Stopped;1589226;-4470;-5418;14311;12673
13;M3_cued_target;Stopped;1589239;-4470;-5418;14311;12673
13;M3_cued_target;Stopped;1589252;-4470;-5418;14311;12673
13;M3_cued_target;Stopped;1589266;-4470;-5418;14311;12673
13;M3_cued_target;Stopped;1589279;-4470;-5418;14311;12673
13;M3_cued_target;Stopped;1589292;-4470;-5418;14311;12673
13;M3_cued_target;Stopped;1589306;-4470;-5418;14311;12673
13;M3_cued_target;Stopped;1589319;-4470;-5418;14311;12673
13;M3_cued_target;Stopped;1589332;-4470;-5418;14311;12673
13;M3_cued_target;Stopped;1589346;-4470;-5418;14311;12673
13;M3_cued_target;Stopped;1589359;-4470;-5418;14311;12673
13;M3_cued_target;Stopped;1589372;-4470;-5418;14311;12673
13;M3_cued_target;Stopped;1589386;-4470;-5418;14311;12673
13;M3_cued_target;Stopped;1589399;-4470;-5418;14311;12673
13;M3_cued_target;Stopped;1589412;-4470;-5418;14311;12673
13;M3_cued_target;Stopped;1589426;-4470;-5418;14311;12673
13;M3_cued_target;End;1604234;-4470;-5418;14311;12673
14;L2_hidden_target;Begin;1604234;7000;-7000;0;0
14;L2_hidden_target;Stopped;1686730;-3681;-5967;16141;10730
14;L2_hidden_target;Stopped;1686740;-3681;-5967;16141;10730
14;L2_hidden_target;Stopped;1686752;-3681;-5967;16141;10730
14;L2_hidden_target;Stopped;1686765;-3681;-5967;16141;10730
14;L2_hidden_target;Stopped;1686779;-3681;-5967;16141;10730
14;L2_hidden_target;Stopped;1686792;-3681;-5967;16141;10730
14;L2_hidden_target;Stopped;1686805;-3681;-5967;16141;10730
14;L2_hidden_target;Stopped;1686819;-3681;-5967;16141;10730
14;L2_hidden_target;Stopped;1686832;-3681;-5967;16141;10730
14;L2_hidden_target;Stopped;1686845;-3681;-5967;16141;10730
14;L2_hidden_target;Stopped;1686859;-3681;-5967;16141;10730
14;L2_hidden_target;Stopped;1686872;-3681;-5967;16141;10730
14;L2_hidden_target;Stopped;1686885;-3681;-5967;16141;10730
14;L2_hidden_target;Stopped;1686899;-3681;-5967;16141;10730
14;L2_hidden_target;Stopped;1686912;-3681;-5967;16141;10730
14;L2_hidden_target;Stopped;1686925;-3681;-5967;16141;10730
14;L2_hidden_target;Stopped;1686939;-3681;-5967;16141;10730
14;L2_hidden_target;End;1701747;-3681;-5967;16141;10730
15;M1_cued_target;Begin;1701747;7000;7000;0;0
15;M1_cued_target;Stopped;1823927;-3726;-5425;26240;16415
15;M1_cued_target;Stopped;1823941;-3726;-5425;26240;16415
15;M1_cued_target;Stopped;1823958;-3726;-5425;26240;16415
15;M1_cued_target;Stopped;1823971;-3726;-5425;26240;16415
15;M1_cued_target;Stopped;1823985;-3726;-5425;26240;16415
15;M1_cued_target;Stopped;1823994;-3726;-5425;26240;16415
15;M1_cued_target;Stopped;1824007;-3726;-5425;26240;16415
15;M1_cued_target;Stopped;1824021;-3726;-5425;26240;16415
15;M1_cued_target;Stopped;1824034;-3726;-5425;26240;16415
15;M1_cued_target;Stopped;1824047;-3726;-5425;26240;16415
15;M1_cued_target;Stopped;1824061;-3726;-5425;26240;16415
15;M1_cued_target;Stopped;1824074;-3726;-5425;26240;16415
15;M1_cued_target;Stopped;1824087;-3726;-5425;26240;16415
15;M1_cued_target;Stopped;1824105;-3726;-5425;26240;16415
15;M1_cued_target;Stopped;1824117;-3726;-5425;26240;16415
15;M1_cued_target;Stopped;1824131;-3726;-5425;26240;16415
15;M1_cued_target;Stopped;1824141;-3726;-5425;26240;16415
15;M1_cued_target;Stopped;1824154;-3726;-5425;26240;16415
15;M1_cued_target;Stopped;1824167;-3726;-5425;26240;16415
15;M1_cued_target;Stopped;1824181;-3726;-5425;26240;16415
15;M1_cued_target;End;1838948;-3726;-5425;26240;16415
16;L3_hidden_target;Begin;1838948;-7000;6999;0;0
16;L3_hidden_target;Stopped;1940006;-4970;-5897;16568;13055
16;L3_hidden_target;Stopped;1940020;-4970;-5897;16568;13055
16;L3_hidden_target;Stopped;1940033;-4970;-5897;16568;13055
16;L3_hidden_target;Stopped;1940046;-4970;-5897;16568;13055
16;L3_hidden_target;Stopped;1940060;-4970;-5897;16568;13055
16;L3_hidden_target;Stopped;1940073;-4970;-5897;16568;13055
16;L3_hidden_target;Stopped;1940086;-4970;-5897;16568;13055
16;L3_hidden_target;Stopped;1940100;-4970;-5897;16568;13055
16;L3_hidden_target;Stopped;1940113;-4970;-5897;16568;13055
16;L3_hidden_target;Stopped;1940126;-4970;-5897;16568;13055
16;L3_hidden_target;Stopped;1940140;-4970;-5897;16568;13055
16;L3_hidden_target;Stopped;1940153;-4970;-5897;16568;13055
16;L3_hidden_target;Stopped;1940166;-4970;-5897;16568;13055
16;L3_hidden_target;Stopped;1940180;-4970;-5897;16568;13055
16;L3_hidden_target;Stopped;1940193;-4970;-5897;16568;13055
16;L3_hidden_target;End;1955027;-4970;-5897;16568;13055
16;L3_hidden_target;Begin;1955027;-4970;-5897;16568;13055
16;L3_hidden_target;Stopped;1962052;-4970;-5893;16572;13052
16;L3_hidden_target;Stopped;1962065;-4970;-5893;16572;13052
16;L3_hidden_target;Stopped;1962079;-4970;-5893;16572;13052
16;L3_hidden_target;Stopped;1962092;-4970;-5893;16572;13052
16;L3_hidden_target;Stopped;1962105;-4970;-5893;16572;13052
16;L3_hidden_target;Stopped;1962119;-4970;-5893;16572;13052
16;L3_hidden_target;Stopped;1962132;-4970;-5893;16572;13052
16;L3_hidden_target;Stopped;1962146;-4970;-5893;16572;13052
16;L3_hidden_target;Stopped;1962159;-4970;-5893;16572;13052
16;L3_hidden_target;Stopped;1962172;-4970;-5893;16572;13052
16;L3_hidden_target;Stopped;1962185;-4970;-5893;16572;13052
16;L3_hidden_target;Stopped;1962199;-4970;-5893;16572;13052
16;L3_hidden_target;Stopped;1962212;-4970;-5893;16572;13052
16;L3_hidden_target;Stopped;1962225;-4970;-5893;16572;13052
16;L3_hidden_target;Stopped;1962239;-4970;-5893;16572;13052
16;L3_hidden_target;Stopped;1962252;-4970;-5893;16572;13052
16;L3_hidden_target;Stopped;1962265;-4970;-5893;16572;13052
16;L3_hidden_target;Stopped;1962279;-4970;-5893;16572;13052
