1;M3_cued_target;Stopped;81155;-4692;-5418;13649;12630
1;M3_cued_target;End;81172;-4692;-5418;13649;12630
2;L2_hidden_target;Begin;81172;7000;-7000;0;0
2;L2_hidden_target;Stopped;81191;7000;-7000;0;0
2;L2_hidden_target;Stopped;81207;7000;-7000;0;0
2;L2_hidden_target;Stopped;81223;7000;-7000;0;0
2;L2_hidden_target;Stopped;81240;7000;-7000;0;0
2;L2_hidden_target;Stopped;81257;7000;-7000;0;0
2;L2_hidden_target;Stopped;81273;7000;-7000;0;0
2;L2_hidden_target;Stopped;81290;7000;-7000;0;0
2;L2_hidden_target;Stopped;81307;7000;-7000;0;0
2;L2_hidden_target;Stopped;81323;7000;-7000;0;0
2;L2_hidden_target;Stopped;81340;7000;-7000;0;0
2;L2_hidden_target;Stopped;81357;7000;-7000;0;0
2;L2_hidden_target;Stopped;81374;7000;-7000;0;0
2;L2_hidden_target;Stopped;81390;7000;-7000;0;0
2;L2_hidden_target;Stopped;81407;7000;-7000;0;0
2;L2_hidden_target;Stopped;81424;7000;-7000;0;0
2;L2_hidden_target;End;96189;7000;-7000;0;0
3;M1_cued_target;Begin;96189;7000;7000;0;0
